[2023-05-03T09:31:05.919+0000] {processor.py:156} INFO - Started process (PID=173) to work on /home/airflow/.local/lib/python3.7/site-packages/airflow/example_dags/example_short_circuit_operator.py
[2023-05-03T09:31:05.934+0000] {processor.py:799} INFO - Processing file /home/airflow/.local/lib/python3.7/site-packages/airflow/example_dags/example_short_circuit_operator.py for tasks to queue
[2023-05-03T09:31:05.940+0000] {logging_mixin.py:149} INFO - [2023-05-03T09:31:05.940+0000] {dagbag.py:541} INFO - Filling up the DagBag from /home/airflow/.local/lib/python3.7/site-packages/airflow/example_dags/example_short_circuit_operator.py
[2023-05-03T09:31:06.072+0000] {processor.py:809} INFO - DAG(s) dict_keys(['example_short_circuit_operator']) retrieved from /home/airflow/.local/lib/python3.7/site-packages/airflow/example_dags/example_short_circuit_operator.py
[2023-05-03T09:31:07.266+0000] {logging_mixin.py:149} INFO - [2023-05-03T09:31:07.266+0000] {dag.py:2726} INFO - Sync 1 DAGs
[2023-05-03T09:31:07.744+0000] {logging_mixin.py:149} INFO - [2023-05-03T09:31:07.742+0000] {dag.py:3490} INFO - Setting next_dagrun for example_short_circuit_operator to 2023-05-02T09:31:07.714548+00:00, run_after=2023-05-03T09:31:07.714548+00:00
[2023-05-03T09:31:07.937+0000] {processor.py:178} INFO - Processing /home/airflow/.local/lib/python3.7/site-packages/airflow/example_dags/example_short_circuit_operator.py took 2.046 seconds
[2023-05-03T09:31:41.755+0000] {processor.py:156} INFO - Started process (PID=410) to work on /home/airflow/.local/lib/python3.7/site-packages/airflow/example_dags/example_short_circuit_operator.py
[2023-05-03T09:31:41.759+0000] {processor.py:799} INFO - Processing file /home/airflow/.local/lib/python3.7/site-packages/airflow/example_dags/example_short_circuit_operator.py for tasks to queue
[2023-05-03T09:31:41.765+0000] {logging_mixin.py:149} INFO - [2023-05-03T09:31:41.764+0000] {dagbag.py:541} INFO - Filling up the DagBag from /home/airflow/.local/lib/python3.7/site-packages/airflow/example_dags/example_short_circuit_operator.py
[2023-05-03T09:31:41.822+0000] {processor.py:809} INFO - DAG(s) dict_keys(['example_short_circuit_operator']) retrieved from /home/airflow/.local/lib/python3.7/site-packages/airflow/example_dags/example_short_circuit_operator.py
[2023-05-03T09:31:41.998+0000] {logging_mixin.py:149} INFO - [2023-05-03T09:31:41.996+0000] {dag.py:2726} INFO - Sync 1 DAGs
[2023-05-03T09:31:42.117+0000] {logging_mixin.py:149} INFO - [2023-05-03T09:31:42.116+0000] {dag.py:3490} INFO - Setting next_dagrun for example_short_circuit_operator to 2023-05-02T09:31:42.114237+00:00, run_after=2023-05-03T09:31:42.114237+00:00
[2023-05-03T09:31:42.671+0000] {processor.py:178} INFO - Processing /home/airflow/.local/lib/python3.7/site-packages/airflow/example_dags/example_short_circuit_operator.py took 0.944 seconds
[2023-05-03T09:32:22.246+0000] {processor.py:156} INFO - Started process (PID=637) to work on /home/airflow/.local/lib/python3.7/site-packages/airflow/example_dags/example_short_circuit_operator.py
[2023-05-03T09:32:22.257+0000] {processor.py:799} INFO - Processing file /home/airflow/.local/lib/python3.7/site-packages/airflow/example_dags/example_short_circuit_operator.py for tasks to queue
[2023-05-03T09:32:22.272+0000] {logging_mixin.py:149} INFO - [2023-05-03T09:32:22.259+0000] {dagbag.py:541} INFO - Filling up the DagBag from /home/airflow/.local/lib/python3.7/site-packages/airflow/example_dags/example_short_circuit_operator.py
[2023-05-03T09:32:23.175+0000] {processor.py:809} INFO - DAG(s) dict_keys(['example_short_circuit_operator']) retrieved from /home/airflow/.local/lib/python3.7/site-packages/airflow/example_dags/example_short_circuit_operator.py
[2023-05-03T09:32:23.290+0000] {logging_mixin.py:149} INFO - [2023-05-03T09:32:23.290+0000] {dag.py:2726} INFO - Sync 1 DAGs
[2023-05-03T09:32:23.431+0000] {logging_mixin.py:149} INFO - [2023-05-03T09:32:23.431+0000] {dag.py:3490} INFO - Setting next_dagrun for example_short_circuit_operator to 2023-05-02T09:32:23.430824+00:00, run_after=2023-05-03T09:32:23.430824+00:00
[2023-05-03T09:32:23.578+0000] {processor.py:178} INFO - Processing /home/airflow/.local/lib/python3.7/site-packages/airflow/example_dags/example_short_circuit_operator.py took 1.351 seconds
[2023-05-03T09:32:55.259+0000] {processor.py:156} INFO - Started process (PID=873) to work on /home/airflow/.local/lib/python3.7/site-packages/airflow/example_dags/example_short_circuit_operator.py
[2023-05-03T09:32:55.297+0000] {processor.py:799} INFO - Processing file /home/airflow/.local/lib/python3.7/site-packages/airflow/example_dags/example_short_circuit_operator.py for tasks to queue
[2023-05-03T09:32:55.317+0000] {logging_mixin.py:149} INFO - [2023-05-03T09:32:55.317+0000] {dagbag.py:541} INFO - Filling up the DagBag from /home/airflow/.local/lib/python3.7/site-packages/airflow/example_dags/example_short_circuit_operator.py
[2023-05-03T09:32:55.471+0000] {processor.py:809} INFO - DAG(s) dict_keys(['example_short_circuit_operator']) retrieved from /home/airflow/.local/lib/python3.7/site-packages/airflow/example_dags/example_short_circuit_operator.py
[2023-05-03T09:32:56.065+0000] {logging_mixin.py:149} INFO - [2023-05-03T09:32:56.065+0000] {dag.py:2726} INFO - Sync 1 DAGs
[2023-05-03T09:32:56.135+0000] {logging_mixin.py:149} INFO - [2023-05-03T09:32:56.135+0000] {dag.py:3490} INFO - Setting next_dagrun for example_short_circuit_operator to 2023-05-02T09:32:56.134550+00:00, run_after=2023-05-03T09:32:56.134550+00:00
[2023-05-03T09:32:56.279+0000] {processor.py:178} INFO - Processing /home/airflow/.local/lib/python3.7/site-packages/airflow/example_dags/example_short_circuit_operator.py took 1.362 seconds
[2023-05-03T09:33:34.415+0000] {processor.py:156} INFO - Started process (PID=1058) to work on /home/airflow/.local/lib/python3.7/site-packages/airflow/example_dags/example_short_circuit_operator.py
[2023-05-03T09:33:34.420+0000] {processor.py:799} INFO - Processing file /home/airflow/.local/lib/python3.7/site-packages/airflow/example_dags/example_short_circuit_operator.py for tasks to queue
[2023-05-03T09:33:34.429+0000] {logging_mixin.py:149} INFO - [2023-05-03T09:33:34.428+0000] {dagbag.py:541} INFO - Filling up the DagBag from /home/airflow/.local/lib/python3.7/site-packages/airflow/example_dags/example_short_circuit_operator.py
[2023-05-03T09:33:34.450+0000] {processor.py:809} INFO - DAG(s) dict_keys(['example_short_circuit_operator']) retrieved from /home/airflow/.local/lib/python3.7/site-packages/airflow/example_dags/example_short_circuit_operator.py
[2023-05-03T09:33:34.554+0000] {logging_mixin.py:149} INFO - [2023-05-03T09:33:34.554+0000] {dag.py:2726} INFO - Sync 1 DAGs
[2023-05-03T09:33:34.664+0000] {logging_mixin.py:149} INFO - [2023-05-03T09:33:34.664+0000] {dag.py:3490} INFO - Setting next_dagrun for example_short_circuit_operator to 2023-05-02T09:33:34.663945+00:00, run_after=2023-05-03T09:33:34.663945+00:00
[2023-05-03T09:33:34.753+0000] {processor.py:178} INFO - Processing /home/airflow/.local/lib/python3.7/site-packages/airflow/example_dags/example_short_circuit_operator.py took 0.342 seconds
[2023-05-03T09:34:07.124+0000] {processor.py:156} INFO - Started process (PID=1265) to work on /home/airflow/.local/lib/python3.7/site-packages/airflow/example_dags/example_short_circuit_operator.py
[2023-05-03T09:34:07.137+0000] {processor.py:799} INFO - Processing file /home/airflow/.local/lib/python3.7/site-packages/airflow/example_dags/example_short_circuit_operator.py for tasks to queue
[2023-05-03T09:34:07.139+0000] {logging_mixin.py:149} INFO - [2023-05-03T09:34:07.138+0000] {dagbag.py:541} INFO - Filling up the DagBag from /home/airflow/.local/lib/python3.7/site-packages/airflow/example_dags/example_short_circuit_operator.py
[2023-05-03T09:34:07.165+0000] {processor.py:809} INFO - DAG(s) dict_keys(['example_short_circuit_operator']) retrieved from /home/airflow/.local/lib/python3.7/site-packages/airflow/example_dags/example_short_circuit_operator.py
[2023-05-03T09:34:07.274+0000] {logging_mixin.py:149} INFO - [2023-05-03T09:34:07.274+0000] {dag.py:2726} INFO - Sync 1 DAGs
[2023-05-03T09:34:07.386+0000] {logging_mixin.py:149} INFO - [2023-05-03T09:34:07.385+0000] {dag.py:3490} INFO - Setting next_dagrun for example_short_circuit_operator to 2023-05-02T09:34:07.384540+00:00, run_after=2023-05-03T09:34:07.384540+00:00
[2023-05-03T09:34:07.458+0000] {processor.py:178} INFO - Processing /home/airflow/.local/lib/python3.7/site-packages/airflow/example_dags/example_short_circuit_operator.py took 0.341 seconds
[2023-05-03T09:34:37.721+0000] {processor.py:156} INFO - Started process (PID=1503) to work on /home/airflow/.local/lib/python3.7/site-packages/airflow/example_dags/example_short_circuit_operator.py
[2023-05-03T09:34:37.737+0000] {processor.py:799} INFO - Processing file /home/airflow/.local/lib/python3.7/site-packages/airflow/example_dags/example_short_circuit_operator.py for tasks to queue
[2023-05-03T09:34:37.738+0000] {logging_mixin.py:149} INFO - [2023-05-03T09:34:37.738+0000] {dagbag.py:541} INFO - Filling up the DagBag from /home/airflow/.local/lib/python3.7/site-packages/airflow/example_dags/example_short_circuit_operator.py
[2023-05-03T09:34:37.755+0000] {processor.py:809} INFO - DAG(s) dict_keys(['example_short_circuit_operator']) retrieved from /home/airflow/.local/lib/python3.7/site-packages/airflow/example_dags/example_short_circuit_operator.py
[2023-05-03T09:34:37.799+0000] {logging_mixin.py:149} INFO - [2023-05-03T09:34:37.798+0000] {dag.py:2726} INFO - Sync 1 DAGs
[2023-05-03T09:34:37.848+0000] {logging_mixin.py:149} INFO - [2023-05-03T09:34:37.847+0000] {dag.py:3490} INFO - Setting next_dagrun for example_short_circuit_operator to 2023-05-02T09:34:37.847355+00:00, run_after=2023-05-03T09:34:37.847355+00:00
[2023-05-03T09:34:37.907+0000] {processor.py:178} INFO - Processing /home/airflow/.local/lib/python3.7/site-packages/airflow/example_dags/example_short_circuit_operator.py took 0.190 seconds
[2023-05-03T09:35:08.323+0000] {processor.py:156} INFO - Started process (PID=1712) to work on /home/airflow/.local/lib/python3.7/site-packages/airflow/example_dags/example_short_circuit_operator.py
[2023-05-03T09:35:08.327+0000] {processor.py:799} INFO - Processing file /home/airflow/.local/lib/python3.7/site-packages/airflow/example_dags/example_short_circuit_operator.py for tasks to queue
[2023-05-03T09:35:08.332+0000] {logging_mixin.py:149} INFO - [2023-05-03T09:35:08.330+0000] {dagbag.py:541} INFO - Filling up the DagBag from /home/airflow/.local/lib/python3.7/site-packages/airflow/example_dags/example_short_circuit_operator.py
[2023-05-03T09:35:08.354+0000] {processor.py:809} INFO - DAG(s) dict_keys(['example_short_circuit_operator']) retrieved from /home/airflow/.local/lib/python3.7/site-packages/airflow/example_dags/example_short_circuit_operator.py
[2023-05-03T09:35:08.415+0000] {logging_mixin.py:149} INFO - [2023-05-03T09:35:08.415+0000] {dag.py:2726} INFO - Sync 1 DAGs
[2023-05-03T09:35:08.526+0000] {logging_mixin.py:149} INFO - [2023-05-03T09:35:08.526+0000] {dag.py:3490} INFO - Setting next_dagrun for example_short_circuit_operator to 2023-05-02T09:35:08.526126+00:00, run_after=2023-05-03T09:35:08.526126+00:00
[2023-05-03T09:35:08.597+0000] {processor.py:178} INFO - Processing /home/airflow/.local/lib/python3.7/site-packages/airflow/example_dags/example_short_circuit_operator.py took 0.280 seconds
[2023-05-03T09:35:46.159+0000] {processor.py:156} INFO - Started process (PID=1918) to work on /home/airflow/.local/lib/python3.7/site-packages/airflow/example_dags/example_short_circuit_operator.py
[2023-05-03T09:35:46.164+0000] {processor.py:799} INFO - Processing file /home/airflow/.local/lib/python3.7/site-packages/airflow/example_dags/example_short_circuit_operator.py for tasks to queue
[2023-05-03T09:35:46.167+0000] {logging_mixin.py:149} INFO - [2023-05-03T09:35:46.167+0000] {dagbag.py:541} INFO - Filling up the DagBag from /home/airflow/.local/lib/python3.7/site-packages/airflow/example_dags/example_short_circuit_operator.py
[2023-05-03T09:35:46.183+0000] {processor.py:809} INFO - DAG(s) dict_keys(['example_short_circuit_operator']) retrieved from /home/airflow/.local/lib/python3.7/site-packages/airflow/example_dags/example_short_circuit_operator.py
[2023-05-03T09:35:46.352+0000] {logging_mixin.py:149} INFO - [2023-05-03T09:35:46.351+0000] {dag.py:2726} INFO - Sync 1 DAGs
[2023-05-03T09:35:46.450+0000] {logging_mixin.py:149} INFO - [2023-05-03T09:35:46.450+0000] {dag.py:3490} INFO - Setting next_dagrun for example_short_circuit_operator to 2023-05-02T09:35:46.444900+00:00, run_after=2023-05-03T09:35:46.444900+00:00
[2023-05-03T09:35:46.612+0000] {processor.py:178} INFO - Processing /home/airflow/.local/lib/python3.7/site-packages/airflow/example_dags/example_short_circuit_operator.py took 0.457 seconds
[2023-05-03T09:36:18.189+0000] {processor.py:156} INFO - Started process (PID=2145) to work on /home/airflow/.local/lib/python3.7/site-packages/airflow/example_dags/example_short_circuit_operator.py
[2023-05-03T09:36:18.195+0000] {processor.py:799} INFO - Processing file /home/airflow/.local/lib/python3.7/site-packages/airflow/example_dags/example_short_circuit_operator.py for tasks to queue
[2023-05-03T09:36:18.206+0000] {logging_mixin.py:149} INFO - [2023-05-03T09:36:18.205+0000] {dagbag.py:541} INFO - Filling up the DagBag from /home/airflow/.local/lib/python3.7/site-packages/airflow/example_dags/example_short_circuit_operator.py
[2023-05-03T09:36:18.229+0000] {processor.py:809} INFO - DAG(s) dict_keys(['example_short_circuit_operator']) retrieved from /home/airflow/.local/lib/python3.7/site-packages/airflow/example_dags/example_short_circuit_operator.py
[2023-05-03T09:36:18.303+0000] {logging_mixin.py:149} INFO - [2023-05-03T09:36:18.303+0000] {dag.py:2726} INFO - Sync 1 DAGs
[2023-05-03T09:36:18.396+0000] {logging_mixin.py:149} INFO - [2023-05-03T09:36:18.395+0000] {dag.py:3490} INFO - Setting next_dagrun for example_short_circuit_operator to 2023-05-02T09:36:18.385821+00:00, run_after=2023-05-03T09:36:18.385821+00:00
[2023-05-03T09:36:18.473+0000] {processor.py:178} INFO - Processing /home/airflow/.local/lib/python3.7/site-packages/airflow/example_dags/example_short_circuit_operator.py took 0.297 seconds
[2023-05-03T09:36:50.302+0000] {processor.py:156} INFO - Started process (PID=2381) to work on /home/airflow/.local/lib/python3.7/site-packages/airflow/example_dags/example_short_circuit_operator.py
[2023-05-03T09:36:50.305+0000] {processor.py:799} INFO - Processing file /home/airflow/.local/lib/python3.7/site-packages/airflow/example_dags/example_short_circuit_operator.py for tasks to queue
[2023-05-03T09:36:50.308+0000] {logging_mixin.py:149} INFO - [2023-05-03T09:36:50.308+0000] {dagbag.py:541} INFO - Filling up the DagBag from /home/airflow/.local/lib/python3.7/site-packages/airflow/example_dags/example_short_circuit_operator.py
[2023-05-03T09:36:50.329+0000] {processor.py:809} INFO - DAG(s) dict_keys(['example_short_circuit_operator']) retrieved from /home/airflow/.local/lib/python3.7/site-packages/airflow/example_dags/example_short_circuit_operator.py
[2023-05-03T09:36:50.433+0000] {logging_mixin.py:149} INFO - [2023-05-03T09:36:50.433+0000] {dag.py:2726} INFO - Sync 1 DAGs
[2023-05-03T09:36:50.547+0000] {logging_mixin.py:149} INFO - [2023-05-03T09:36:50.546+0000] {dag.py:3490} INFO - Setting next_dagrun for example_short_circuit_operator to 2023-05-02T09:36:50.539594+00:00, run_after=2023-05-03T09:36:50.539594+00:00
[2023-05-03T09:36:50.600+0000] {processor.py:178} INFO - Processing /home/airflow/.local/lib/python3.7/site-packages/airflow/example_dags/example_short_circuit_operator.py took 0.303 seconds
[2023-05-03T09:37:22.599+0000] {processor.py:156} INFO - Started process (PID=2613) to work on /home/airflow/.local/lib/python3.7/site-packages/airflow/example_dags/example_short_circuit_operator.py
[2023-05-03T09:37:22.602+0000] {processor.py:799} INFO - Processing file /home/airflow/.local/lib/python3.7/site-packages/airflow/example_dags/example_short_circuit_operator.py for tasks to queue
[2023-05-03T09:37:22.604+0000] {logging_mixin.py:149} INFO - [2023-05-03T09:37:22.603+0000] {dagbag.py:541} INFO - Filling up the DagBag from /home/airflow/.local/lib/python3.7/site-packages/airflow/example_dags/example_short_circuit_operator.py
[2023-05-03T09:37:22.616+0000] {processor.py:809} INFO - DAG(s) dict_keys(['example_short_circuit_operator']) retrieved from /home/airflow/.local/lib/python3.7/site-packages/airflow/example_dags/example_short_circuit_operator.py
[2023-05-03T09:37:22.685+0000] {logging_mixin.py:149} INFO - [2023-05-03T09:37:22.684+0000] {dag.py:2726} INFO - Sync 1 DAGs
[2023-05-03T09:37:22.763+0000] {logging_mixin.py:149} INFO - [2023-05-03T09:37:22.762+0000] {dag.py:3490} INFO - Setting next_dagrun for example_short_circuit_operator to 2023-05-02T09:37:22.759120+00:00, run_after=2023-05-03T09:37:22.759120+00:00
[2023-05-03T09:37:22.798+0000] {processor.py:178} INFO - Processing /home/airflow/.local/lib/python3.7/site-packages/airflow/example_dags/example_short_circuit_operator.py took 0.203 seconds
[2023-05-03T09:37:53.604+0000] {processor.py:156} INFO - Started process (PID=2837) to work on /home/airflow/.local/lib/python3.7/site-packages/airflow/example_dags/example_short_circuit_operator.py
[2023-05-03T09:37:53.626+0000] {processor.py:799} INFO - Processing file /home/airflow/.local/lib/python3.7/site-packages/airflow/example_dags/example_short_circuit_operator.py for tasks to queue
[2023-05-03T09:37:53.647+0000] {logging_mixin.py:149} INFO - [2023-05-03T09:37:53.645+0000] {dagbag.py:541} INFO - Filling up the DagBag from /home/airflow/.local/lib/python3.7/site-packages/airflow/example_dags/example_short_circuit_operator.py
[2023-05-03T09:37:53.898+0000] {processor.py:809} INFO - DAG(s) dict_keys(['example_short_circuit_operator']) retrieved from /home/airflow/.local/lib/python3.7/site-packages/airflow/example_dags/example_short_circuit_operator.py
[2023-05-03T09:37:54.457+0000] {logging_mixin.py:149} INFO - [2023-05-03T09:37:54.456+0000] {dag.py:2726} INFO - Sync 1 DAGs
[2023-05-03T09:37:54.771+0000] {logging_mixin.py:149} INFO - [2023-05-03T09:37:54.770+0000] {dag.py:3490} INFO - Setting next_dagrun for example_short_circuit_operator to 2023-05-02T09:37:54.759956+00:00, run_after=2023-05-03T09:37:54.759956+00:00
[2023-05-03T09:37:54.857+0000] {processor.py:178} INFO - Processing /home/airflow/.local/lib/python3.7/site-packages/airflow/example_dags/example_short_circuit_operator.py took 1.338 seconds
[2023-05-03T09:38:27.486+0000] {processor.py:156} INFO - Started process (PID=3072) to work on /home/airflow/.local/lib/python3.7/site-packages/airflow/example_dags/example_short_circuit_operator.py
[2023-05-03T09:38:27.520+0000] {processor.py:799} INFO - Processing file /home/airflow/.local/lib/python3.7/site-packages/airflow/example_dags/example_short_circuit_operator.py for tasks to queue
[2023-05-03T09:38:27.527+0000] {logging_mixin.py:149} INFO - [2023-05-03T09:38:27.527+0000] {dagbag.py:541} INFO - Filling up the DagBag from /home/airflow/.local/lib/python3.7/site-packages/airflow/example_dags/example_short_circuit_operator.py
[2023-05-03T09:38:27.706+0000] {processor.py:809} INFO - DAG(s) dict_keys(['example_short_circuit_operator']) retrieved from /home/airflow/.local/lib/python3.7/site-packages/airflow/example_dags/example_short_circuit_operator.py
[2023-05-03T09:38:27.899+0000] {logging_mixin.py:149} INFO - [2023-05-03T09:38:27.899+0000] {dag.py:2726} INFO - Sync 1 DAGs
[2023-05-03T09:38:28.082+0000] {logging_mixin.py:149} INFO - [2023-05-03T09:38:28.082+0000] {dag.py:3490} INFO - Setting next_dagrun for example_short_circuit_operator to 2023-05-02T09:38:28.079549+00:00, run_after=2023-05-03T09:38:28.079549+00:00
[2023-05-03T09:38:28.200+0000] {processor.py:178} INFO - Processing /home/airflow/.local/lib/python3.7/site-packages/airflow/example_dags/example_short_circuit_operator.py took 0.752 seconds
[2023-05-03T09:38:58.809+0000] {processor.py:156} INFO - Started process (PID=3302) to work on /home/airflow/.local/lib/python3.7/site-packages/airflow/example_dags/example_short_circuit_operator.py
[2023-05-03T09:38:58.813+0000] {processor.py:799} INFO - Processing file /home/airflow/.local/lib/python3.7/site-packages/airflow/example_dags/example_short_circuit_operator.py for tasks to queue
[2023-05-03T09:38:58.816+0000] {logging_mixin.py:149} INFO - [2023-05-03T09:38:58.814+0000] {dagbag.py:541} INFO - Filling up the DagBag from /home/airflow/.local/lib/python3.7/site-packages/airflow/example_dags/example_short_circuit_operator.py
[2023-05-03T09:38:58.838+0000] {processor.py:809} INFO - DAG(s) dict_keys(['example_short_circuit_operator']) retrieved from /home/airflow/.local/lib/python3.7/site-packages/airflow/example_dags/example_short_circuit_operator.py
[2023-05-03T09:38:58.920+0000] {logging_mixin.py:149} INFO - [2023-05-03T09:38:58.920+0000] {dag.py:2726} INFO - Sync 1 DAGs
[2023-05-03T09:38:59.008+0000] {logging_mixin.py:149} INFO - [2023-05-03T09:38:59.007+0000] {dag.py:3490} INFO - Setting next_dagrun for example_short_circuit_operator to 2023-05-02T09:38:59.007476+00:00, run_after=2023-05-03T09:38:59.007476+00:00
[2023-05-03T09:38:59.047+0000] {processor.py:178} INFO - Processing /home/airflow/.local/lib/python3.7/site-packages/airflow/example_dags/example_short_circuit_operator.py took 0.244 seconds
[2023-05-03T09:39:29.350+0000] {processor.py:156} INFO - Started process (PID=3545) to work on /home/airflow/.local/lib/python3.7/site-packages/airflow/example_dags/example_short_circuit_operator.py
[2023-05-03T09:39:29.352+0000] {processor.py:799} INFO - Processing file /home/airflow/.local/lib/python3.7/site-packages/airflow/example_dags/example_short_circuit_operator.py for tasks to queue
[2023-05-03T09:39:29.354+0000] {logging_mixin.py:149} INFO - [2023-05-03T09:39:29.354+0000] {dagbag.py:541} INFO - Filling up the DagBag from /home/airflow/.local/lib/python3.7/site-packages/airflow/example_dags/example_short_circuit_operator.py
[2023-05-03T09:39:29.368+0000] {processor.py:809} INFO - DAG(s) dict_keys(['example_short_circuit_operator']) retrieved from /home/airflow/.local/lib/python3.7/site-packages/airflow/example_dags/example_short_circuit_operator.py
[2023-05-03T09:39:29.420+0000] {logging_mixin.py:149} INFO - [2023-05-03T09:39:29.420+0000] {dag.py:2726} INFO - Sync 1 DAGs
[2023-05-03T09:39:29.492+0000] {logging_mixin.py:149} INFO - [2023-05-03T09:39:29.492+0000] {dag.py:3490} INFO - Setting next_dagrun for example_short_circuit_operator to 2023-05-02T09:39:29.491913+00:00, run_after=2023-05-03T09:39:29.491913+00:00
[2023-05-03T09:39:29.535+0000] {processor.py:178} INFO - Processing /home/airflow/.local/lib/python3.7/site-packages/airflow/example_dags/example_short_circuit_operator.py took 0.191 seconds
[2023-05-03T09:39:59.693+0000] {processor.py:156} INFO - Started process (PID=3781) to work on /home/airflow/.local/lib/python3.7/site-packages/airflow/example_dags/example_short_circuit_operator.py
[2023-05-03T09:39:59.695+0000] {processor.py:799} INFO - Processing file /home/airflow/.local/lib/python3.7/site-packages/airflow/example_dags/example_short_circuit_operator.py for tasks to queue
[2023-05-03T09:39:59.697+0000] {logging_mixin.py:149} INFO - [2023-05-03T09:39:59.697+0000] {dagbag.py:541} INFO - Filling up the DagBag from /home/airflow/.local/lib/python3.7/site-packages/airflow/example_dags/example_short_circuit_operator.py
[2023-05-03T09:39:59.709+0000] {processor.py:809} INFO - DAG(s) dict_keys(['example_short_circuit_operator']) retrieved from /home/airflow/.local/lib/python3.7/site-packages/airflow/example_dags/example_short_circuit_operator.py
[2023-05-03T09:39:59.753+0000] {logging_mixin.py:149} INFO - [2023-05-03T09:39:59.752+0000] {dag.py:2726} INFO - Sync 1 DAGs
[2023-05-03T09:39:59.793+0000] {logging_mixin.py:149} INFO - [2023-05-03T09:39:59.793+0000] {dag.py:3490} INFO - Setting next_dagrun for example_short_circuit_operator to 2023-05-02T09:39:59.792659+00:00, run_after=2023-05-03T09:39:59.792659+00:00
[2023-05-03T09:39:59.840+0000] {processor.py:178} INFO - Processing /home/airflow/.local/lib/python3.7/site-packages/airflow/example_dags/example_short_circuit_operator.py took 0.155 seconds
[2023-05-03T09:40:30.631+0000] {processor.py:156} INFO - Started process (PID=4018) to work on /home/airflow/.local/lib/python3.7/site-packages/airflow/example_dags/example_short_circuit_operator.py
[2023-05-03T09:40:30.634+0000] {processor.py:799} INFO - Processing file /home/airflow/.local/lib/python3.7/site-packages/airflow/example_dags/example_short_circuit_operator.py for tasks to queue
[2023-05-03T09:40:30.635+0000] {logging_mixin.py:149} INFO - [2023-05-03T09:40:30.635+0000] {dagbag.py:541} INFO - Filling up the DagBag from /home/airflow/.local/lib/python3.7/site-packages/airflow/example_dags/example_short_circuit_operator.py
[2023-05-03T09:40:30.648+0000] {processor.py:809} INFO - DAG(s) dict_keys(['example_short_circuit_operator']) retrieved from /home/airflow/.local/lib/python3.7/site-packages/airflow/example_dags/example_short_circuit_operator.py
[2023-05-03T09:40:30.692+0000] {logging_mixin.py:149} INFO - [2023-05-03T09:40:30.692+0000] {dag.py:2726} INFO - Sync 1 DAGs
[2023-05-03T09:40:30.733+0000] {logging_mixin.py:149} INFO - [2023-05-03T09:40:30.733+0000] {dag.py:3490} INFO - Setting next_dagrun for example_short_circuit_operator to 2023-05-02T09:40:30.732911+00:00, run_after=2023-05-03T09:40:30.732911+00:00
[2023-05-03T09:40:30.771+0000] {processor.py:178} INFO - Processing /home/airflow/.local/lib/python3.7/site-packages/airflow/example_dags/example_short_circuit_operator.py took 0.145 seconds
[2023-05-03T09:41:01.647+0000] {processor.py:156} INFO - Started process (PID=4254) to work on /home/airflow/.local/lib/python3.7/site-packages/airflow/example_dags/example_short_circuit_operator.py
[2023-05-03T09:41:01.649+0000] {processor.py:799} INFO - Processing file /home/airflow/.local/lib/python3.7/site-packages/airflow/example_dags/example_short_circuit_operator.py for tasks to queue
[2023-05-03T09:41:01.651+0000] {logging_mixin.py:149} INFO - [2023-05-03T09:41:01.651+0000] {dagbag.py:541} INFO - Filling up the DagBag from /home/airflow/.local/lib/python3.7/site-packages/airflow/example_dags/example_short_circuit_operator.py
[2023-05-03T09:41:01.664+0000] {processor.py:809} INFO - DAG(s) dict_keys(['example_short_circuit_operator']) retrieved from /home/airflow/.local/lib/python3.7/site-packages/airflow/example_dags/example_short_circuit_operator.py
[2023-05-03T09:41:01.707+0000] {logging_mixin.py:149} INFO - [2023-05-03T09:41:01.707+0000] {dag.py:2726} INFO - Sync 1 DAGs
[2023-05-03T09:41:01.752+0000] {logging_mixin.py:149} INFO - [2023-05-03T09:41:01.752+0000] {dag.py:3490} INFO - Setting next_dagrun for example_short_circuit_operator to 2023-05-02T09:41:01.752138+00:00, run_after=2023-05-03T09:41:01.752138+00:00
[2023-05-03T09:41:01.789+0000] {processor.py:178} INFO - Processing /home/airflow/.local/lib/python3.7/site-packages/airflow/example_dags/example_short_circuit_operator.py took 0.146 seconds
[2023-05-03T09:41:32.295+0000] {processor.py:156} INFO - Started process (PID=4490) to work on /home/airflow/.local/lib/python3.7/site-packages/airflow/example_dags/example_short_circuit_operator.py
[2023-05-03T09:41:32.297+0000] {processor.py:799} INFO - Processing file /home/airflow/.local/lib/python3.7/site-packages/airflow/example_dags/example_short_circuit_operator.py for tasks to queue
[2023-05-03T09:41:32.299+0000] {logging_mixin.py:149} INFO - [2023-05-03T09:41:32.299+0000] {dagbag.py:541} INFO - Filling up the DagBag from /home/airflow/.local/lib/python3.7/site-packages/airflow/example_dags/example_short_circuit_operator.py
[2023-05-03T09:41:32.311+0000] {processor.py:809} INFO - DAG(s) dict_keys(['example_short_circuit_operator']) retrieved from /home/airflow/.local/lib/python3.7/site-packages/airflow/example_dags/example_short_circuit_operator.py
[2023-05-03T09:41:32.407+0000] {logging_mixin.py:149} INFO - [2023-05-03T09:41:32.407+0000] {dag.py:2726} INFO - Sync 1 DAGs
[2023-05-03T09:41:32.456+0000] {logging_mixin.py:149} INFO - [2023-05-03T09:41:32.456+0000] {dag.py:3490} INFO - Setting next_dagrun for example_short_circuit_operator to 2023-05-02T09:41:32.455374+00:00, run_after=2023-05-03T09:41:32.455374+00:00
[2023-05-03T09:41:32.492+0000] {processor.py:178} INFO - Processing /home/airflow/.local/lib/python3.7/site-packages/airflow/example_dags/example_short_circuit_operator.py took 0.201 seconds
[2023-05-03T09:42:02.579+0000] {processor.py:156} INFO - Started process (PID=4726) to work on /home/airflow/.local/lib/python3.7/site-packages/airflow/example_dags/example_short_circuit_operator.py
[2023-05-03T09:42:02.582+0000] {processor.py:799} INFO - Processing file /home/airflow/.local/lib/python3.7/site-packages/airflow/example_dags/example_short_circuit_operator.py for tasks to queue
[2023-05-03T09:42:02.584+0000] {logging_mixin.py:149} INFO - [2023-05-03T09:42:02.583+0000] {dagbag.py:541} INFO - Filling up the DagBag from /home/airflow/.local/lib/python3.7/site-packages/airflow/example_dags/example_short_circuit_operator.py
[2023-05-03T09:42:02.600+0000] {processor.py:809} INFO - DAG(s) dict_keys(['example_short_circuit_operator']) retrieved from /home/airflow/.local/lib/python3.7/site-packages/airflow/example_dags/example_short_circuit_operator.py
[2023-05-03T09:42:02.652+0000] {logging_mixin.py:149} INFO - [2023-05-03T09:42:02.651+0000] {dag.py:2726} INFO - Sync 1 DAGs
[2023-05-03T09:42:02.723+0000] {logging_mixin.py:149} INFO - [2023-05-03T09:42:02.722+0000] {dag.py:3490} INFO - Setting next_dagrun for example_short_circuit_operator to 2023-05-02T09:42:02.721124+00:00, run_after=2023-05-03T09:42:02.721124+00:00
[2023-05-03T09:42:02.762+0000] {processor.py:178} INFO - Processing /home/airflow/.local/lib/python3.7/site-packages/airflow/example_dags/example_short_circuit_operator.py took 0.190 seconds
[2023-05-03T09:44:13.196+0000] {processor.py:156} INFO - Started process (PID=173) to work on /home/airflow/.local/lib/python3.7/site-packages/airflow/example_dags/example_short_circuit_operator.py
[2023-05-03T09:44:15.264+0000] {processor.py:799} INFO - Processing file /home/airflow/.local/lib/python3.7/site-packages/airflow/example_dags/example_short_circuit_operator.py for tasks to queue
[2023-05-03T09:44:15.637+0000] {logging_mixin.py:149} INFO - [2023-05-03T09:44:15.633+0000] {dagbag.py:541} INFO - Filling up the DagBag from /home/airflow/.local/lib/python3.7/site-packages/airflow/example_dags/example_short_circuit_operator.py
[2023-05-03T09:44:18.455+0000] {processor.py:809} INFO - DAG(s) dict_keys(['example_short_circuit_operator']) retrieved from /home/airflow/.local/lib/python3.7/site-packages/airflow/example_dags/example_short_circuit_operator.py
[2023-05-03T09:44:19.522+0000] {logging_mixin.py:149} INFO - [2023-05-03T09:44:19.521+0000] {dag.py:2726} INFO - Sync 1 DAGs
[2023-05-03T09:44:21.781+0000] {logging_mixin.py:149} INFO - [2023-05-03T09:44:21.766+0000] {dag.py:3490} INFO - Setting next_dagrun for example_short_circuit_operator to 2023-05-02T09:44:21.654929+00:00, run_after=2023-05-03T09:44:21.654929+00:00
[2023-05-03T09:44:22.491+0000] {processor.py:178} INFO - Processing /home/airflow/.local/lib/python3.7/site-packages/airflow/example_dags/example_short_circuit_operator.py took 9.861 seconds
[2023-05-03T09:45:00.855+0000] {processor.py:156} INFO - Started process (PID=410) to work on /home/airflow/.local/lib/python3.7/site-packages/airflow/example_dags/example_short_circuit_operator.py
[2023-05-03T09:45:00.859+0000] {processor.py:799} INFO - Processing file /home/airflow/.local/lib/python3.7/site-packages/airflow/example_dags/example_short_circuit_operator.py for tasks to queue
[2023-05-03T09:45:00.868+0000] {logging_mixin.py:149} INFO - [2023-05-03T09:45:00.868+0000] {dagbag.py:541} INFO - Filling up the DagBag from /home/airflow/.local/lib/python3.7/site-packages/airflow/example_dags/example_short_circuit_operator.py
[2023-05-03T09:45:00.956+0000] {processor.py:809} INFO - DAG(s) dict_keys(['example_short_circuit_operator']) retrieved from /home/airflow/.local/lib/python3.7/site-packages/airflow/example_dags/example_short_circuit_operator.py
[2023-05-03T09:45:01.121+0000] {logging_mixin.py:149} INFO - [2023-05-03T09:45:01.121+0000] {dag.py:2726} INFO - Sync 1 DAGs
[2023-05-03T09:45:01.297+0000] {logging_mixin.py:149} INFO - [2023-05-03T09:45:01.296+0000] {dag.py:3490} INFO - Setting next_dagrun for example_short_circuit_operator to 2023-05-02T09:45:01.295233+00:00, run_after=2023-05-03T09:45:01.295233+00:00
[2023-05-03T09:45:01.568+0000] {processor.py:178} INFO - Processing /home/airflow/.local/lib/python3.7/site-packages/airflow/example_dags/example_short_circuit_operator.py took 0.719 seconds
[2023-05-03T09:46:19.468+0000] {processor.py:156} INFO - Started process (PID=524) to work on /home/airflow/.local/lib/python3.7/site-packages/airflow/example_dags/example_short_circuit_operator.py
[2023-05-03T09:46:19.474+0000] {processor.py:799} INFO - Processing file /home/airflow/.local/lib/python3.7/site-packages/airflow/example_dags/example_short_circuit_operator.py for tasks to queue
[2023-05-03T09:46:19.479+0000] {logging_mixin.py:149} INFO - [2023-05-03T09:46:19.479+0000] {dagbag.py:541} INFO - Filling up the DagBag from /home/airflow/.local/lib/python3.7/site-packages/airflow/example_dags/example_short_circuit_operator.py
[2023-05-03T09:46:19.530+0000] {processor.py:809} INFO - DAG(s) dict_keys(['example_short_circuit_operator']) retrieved from /home/airflow/.local/lib/python3.7/site-packages/airflow/example_dags/example_short_circuit_operator.py
[2023-05-03T09:46:20.682+0000] {logging_mixin.py:149} INFO - [2023-05-03T09:46:20.681+0000] {dag.py:2726} INFO - Sync 1 DAGs
[2023-05-03T09:46:21.260+0000] {logging_mixin.py:149} INFO - [2023-05-03T09:46:21.260+0000] {dag.py:3490} INFO - Setting next_dagrun for example_short_circuit_operator to 2023-05-02T09:46:21.258678+00:00, run_after=2023-05-03T09:46:21.258678+00:00
[2023-05-03T09:46:21.987+0000] {processor.py:178} INFO - Processing /home/airflow/.local/lib/python3.7/site-packages/airflow/example_dags/example_short_circuit_operator.py took 2.558 seconds
[2023-05-03T09:47:24.867+0000] {processor.py:156} INFO - Started process (PID=757) to work on /home/airflow/.local/lib/python3.7/site-packages/airflow/example_dags/example_short_circuit_operator.py
[2023-05-03T09:47:24.870+0000] {processor.py:799} INFO - Processing file /home/airflow/.local/lib/python3.7/site-packages/airflow/example_dags/example_short_circuit_operator.py for tasks to queue
[2023-05-03T09:47:24.875+0000] {logging_mixin.py:149} INFO - [2023-05-03T09:47:24.875+0000] {dagbag.py:541} INFO - Filling up the DagBag from /home/airflow/.local/lib/python3.7/site-packages/airflow/example_dags/example_short_circuit_operator.py
[2023-05-03T09:47:24.911+0000] {processor.py:809} INFO - DAG(s) dict_keys(['example_short_circuit_operator']) retrieved from /home/airflow/.local/lib/python3.7/site-packages/airflow/example_dags/example_short_circuit_operator.py
[2023-05-03T09:47:25.128+0000] {logging_mixin.py:149} INFO - [2023-05-03T09:47:25.127+0000] {dag.py:2726} INFO - Sync 1 DAGs
[2023-05-03T09:47:25.252+0000] {logging_mixin.py:149} INFO - [2023-05-03T09:47:25.252+0000] {dag.py:3490} INFO - Setting next_dagrun for example_short_circuit_operator to 2023-05-02T09:47:25.240936+00:00, run_after=2023-05-03T09:47:25.240936+00:00
[2023-05-03T09:47:25.421+0000] {processor.py:178} INFO - Processing /home/airflow/.local/lib/python3.7/site-packages/airflow/example_dags/example_short_circuit_operator.py took 0.568 seconds
[2023-05-03T09:48:11.239+0000] {processor.py:156} INFO - Started process (PID=991) to work on /home/airflow/.local/lib/python3.7/site-packages/airflow/example_dags/example_short_circuit_operator.py
[2023-05-03T09:48:11.298+0000] {processor.py:799} INFO - Processing file /home/airflow/.local/lib/python3.7/site-packages/airflow/example_dags/example_short_circuit_operator.py for tasks to queue
[2023-05-03T09:48:11.340+0000] {logging_mixin.py:149} INFO - [2023-05-03T09:48:11.339+0000] {dagbag.py:541} INFO - Filling up the DagBag from /home/airflow/.local/lib/python3.7/site-packages/airflow/example_dags/example_short_circuit_operator.py
[2023-05-03T09:48:11.656+0000] {processor.py:809} INFO - DAG(s) dict_keys(['example_short_circuit_operator']) retrieved from /home/airflow/.local/lib/python3.7/site-packages/airflow/example_dags/example_short_circuit_operator.py
[2023-05-03T09:48:11.928+0000] {logging_mixin.py:149} INFO - [2023-05-03T09:48:11.928+0000] {dag.py:2726} INFO - Sync 1 DAGs
[2023-05-03T09:48:12.069+0000] {logging_mixin.py:149} INFO - [2023-05-03T09:48:12.055+0000] {dag.py:3490} INFO - Setting next_dagrun for example_short_circuit_operator to 2023-05-02T09:48:12.055485+00:00, run_after=2023-05-03T09:48:12.055485+00:00
[2023-05-03T09:48:12.184+0000] {processor.py:178} INFO - Processing /home/airflow/.local/lib/python3.7/site-packages/airflow/example_dags/example_short_circuit_operator.py took 1.023 seconds
[2023-05-03T09:48:44.278+0000] {processor.py:156} INFO - Started process (PID=1227) to work on /home/airflow/.local/lib/python3.7/site-packages/airflow/example_dags/example_short_circuit_operator.py
[2023-05-03T09:48:44.280+0000] {processor.py:799} INFO - Processing file /home/airflow/.local/lib/python3.7/site-packages/airflow/example_dags/example_short_circuit_operator.py for tasks to queue
[2023-05-03T09:48:44.290+0000] {logging_mixin.py:149} INFO - [2023-05-03T09:48:44.290+0000] {dagbag.py:541} INFO - Filling up the DagBag from /home/airflow/.local/lib/python3.7/site-packages/airflow/example_dags/example_short_circuit_operator.py
[2023-05-03T09:48:44.333+0000] {processor.py:809} INFO - DAG(s) dict_keys(['example_short_circuit_operator']) retrieved from /home/airflow/.local/lib/python3.7/site-packages/airflow/example_dags/example_short_circuit_operator.py
[2023-05-03T09:48:44.574+0000] {logging_mixin.py:149} INFO - [2023-05-03T09:48:44.574+0000] {dag.py:2726} INFO - Sync 1 DAGs
[2023-05-03T09:48:44.719+0000] {logging_mixin.py:149} INFO - [2023-05-03T09:48:44.719+0000] {dag.py:3490} INFO - Setting next_dagrun for example_short_circuit_operator to 2023-05-02T09:48:44.718560+00:00, run_after=2023-05-03T09:48:44.718560+00:00
[2023-05-03T09:48:44.808+0000] {processor.py:178} INFO - Processing /home/airflow/.local/lib/python3.7/site-packages/airflow/example_dags/example_short_circuit_operator.py took 0.535 seconds
[2023-05-03T09:49:44.313+0000] {processor.py:156} INFO - Started process (PID=1455) to work on /home/airflow/.local/lib/python3.7/site-packages/airflow/example_dags/example_short_circuit_operator.py
[2023-05-03T09:49:44.316+0000] {processor.py:799} INFO - Processing file /home/airflow/.local/lib/python3.7/site-packages/airflow/example_dags/example_short_circuit_operator.py for tasks to queue
[2023-05-03T09:49:44.318+0000] {logging_mixin.py:149} INFO - [2023-05-03T09:49:44.318+0000] {dagbag.py:541} INFO - Filling up the DagBag from /home/airflow/.local/lib/python3.7/site-packages/airflow/example_dags/example_short_circuit_operator.py
[2023-05-03T09:49:44.338+0000] {processor.py:809} INFO - DAG(s) dict_keys(['example_short_circuit_operator']) retrieved from /home/airflow/.local/lib/python3.7/site-packages/airflow/example_dags/example_short_circuit_operator.py
[2023-05-03T09:49:44.423+0000] {logging_mixin.py:149} INFO - [2023-05-03T09:49:44.423+0000] {dag.py:2726} INFO - Sync 1 DAGs
[2023-05-03T09:49:44.511+0000] {logging_mixin.py:149} INFO - [2023-05-03T09:49:44.511+0000] {dag.py:3490} INFO - Setting next_dagrun for example_short_circuit_operator to 2023-05-02T09:49:44.511213+00:00, run_after=2023-05-03T09:49:44.511213+00:00
[2023-05-03T09:49:44.603+0000] {processor.py:178} INFO - Processing /home/airflow/.local/lib/python3.7/site-packages/airflow/example_dags/example_short_circuit_operator.py took 0.307 seconds
[2023-05-03T09:50:14.786+0000] {processor.py:156} INFO - Started process (PID=1691) to work on /home/airflow/.local/lib/python3.7/site-packages/airflow/example_dags/example_short_circuit_operator.py
[2023-05-03T09:50:14.788+0000] {processor.py:799} INFO - Processing file /home/airflow/.local/lib/python3.7/site-packages/airflow/example_dags/example_short_circuit_operator.py for tasks to queue
[2023-05-03T09:50:14.790+0000] {logging_mixin.py:149} INFO - [2023-05-03T09:50:14.790+0000] {dagbag.py:541} INFO - Filling up the DagBag from /home/airflow/.local/lib/python3.7/site-packages/airflow/example_dags/example_short_circuit_operator.py
[2023-05-03T09:50:14.803+0000] {processor.py:809} INFO - DAG(s) dict_keys(['example_short_circuit_operator']) retrieved from /home/airflow/.local/lib/python3.7/site-packages/airflow/example_dags/example_short_circuit_operator.py
[2023-05-03T09:50:14.848+0000] {logging_mixin.py:149} INFO - [2023-05-03T09:50:14.848+0000] {dag.py:2726} INFO - Sync 1 DAGs
[2023-05-03T09:50:14.914+0000] {logging_mixin.py:149} INFO - [2023-05-03T09:50:14.914+0000] {dag.py:3490} INFO - Setting next_dagrun for example_short_circuit_operator to 2023-05-02T09:50:14.913768+00:00, run_after=2023-05-03T09:50:14.913768+00:00
[2023-05-03T09:50:14.951+0000] {processor.py:178} INFO - Processing /home/airflow/.local/lib/python3.7/site-packages/airflow/example_dags/example_short_circuit_operator.py took 0.170 seconds
[2023-05-03T09:50:45.959+0000] {processor.py:156} INFO - Started process (PID=1927) to work on /home/airflow/.local/lib/python3.7/site-packages/airflow/example_dags/example_short_circuit_operator.py
[2023-05-03T09:50:45.963+0000] {processor.py:799} INFO - Processing file /home/airflow/.local/lib/python3.7/site-packages/airflow/example_dags/example_short_circuit_operator.py for tasks to queue
[2023-05-03T09:50:45.970+0000] {logging_mixin.py:149} INFO - [2023-05-03T09:50:45.969+0000] {dagbag.py:541} INFO - Filling up the DagBag from /home/airflow/.local/lib/python3.7/site-packages/airflow/example_dags/example_short_circuit_operator.py
[2023-05-03T09:50:45.991+0000] {processor.py:809} INFO - DAG(s) dict_keys(['example_short_circuit_operator']) retrieved from /home/airflow/.local/lib/python3.7/site-packages/airflow/example_dags/example_short_circuit_operator.py
[2023-05-03T09:50:46.086+0000] {logging_mixin.py:149} INFO - [2023-05-03T09:50:46.084+0000] {dag.py:2726} INFO - Sync 1 DAGs
[2023-05-03T09:50:46.151+0000] {logging_mixin.py:149} INFO - [2023-05-03T09:50:46.150+0000] {dag.py:3490} INFO - Setting next_dagrun for example_short_circuit_operator to 2023-05-02T09:50:46.150187+00:00, run_after=2023-05-03T09:50:46.150187+00:00
[2023-05-03T09:50:46.210+0000] {processor.py:178} INFO - Processing /home/airflow/.local/lib/python3.7/site-packages/airflow/example_dags/example_short_circuit_operator.py took 0.255 seconds
[2023-05-03T09:51:19.867+0000] {processor.py:156} INFO - Started process (PID=2083) to work on /home/airflow/.local/lib/python3.7/site-packages/airflow/example_dags/example_short_circuit_operator.py
[2023-05-03T09:51:19.873+0000] {processor.py:799} INFO - Processing file /home/airflow/.local/lib/python3.7/site-packages/airflow/example_dags/example_short_circuit_operator.py for tasks to queue
[2023-05-03T09:51:19.877+0000] {logging_mixin.py:149} INFO - [2023-05-03T09:51:19.877+0000] {dagbag.py:541} INFO - Filling up the DagBag from /home/airflow/.local/lib/python3.7/site-packages/airflow/example_dags/example_short_circuit_operator.py
[2023-05-03T09:51:19.914+0000] {processor.py:809} INFO - DAG(s) dict_keys(['example_short_circuit_operator']) retrieved from /home/airflow/.local/lib/python3.7/site-packages/airflow/example_dags/example_short_circuit_operator.py
[2023-05-03T09:51:20.024+0000] {logging_mixin.py:149} INFO - [2023-05-03T09:51:20.024+0000] {dag.py:2726} INFO - Sync 1 DAGs
[2023-05-03T09:51:20.174+0000] {logging_mixin.py:149} INFO - [2023-05-03T09:51:20.174+0000] {dag.py:3490} INFO - Setting next_dagrun for example_short_circuit_operator to 2023-05-02T09:51:20.173563+00:00, run_after=2023-05-03T09:51:20.173563+00:00
[2023-05-03T09:51:20.291+0000] {processor.py:178} INFO - Processing /home/airflow/.local/lib/python3.7/site-packages/airflow/example_dags/example_short_circuit_operator.py took 0.440 seconds
[2023-05-03T09:52:04.557+0000] {processor.py:156} INFO - Started process (PID=2243) to work on /home/airflow/.local/lib/python3.7/site-packages/airflow/example_dags/example_short_circuit_operator.py
[2023-05-03T09:52:04.569+0000] {processor.py:799} INFO - Processing file /home/airflow/.local/lib/python3.7/site-packages/airflow/example_dags/example_short_circuit_operator.py for tasks to queue
[2023-05-03T09:52:04.574+0000] {logging_mixin.py:149} INFO - [2023-05-03T09:52:04.574+0000] {dagbag.py:541} INFO - Filling up the DagBag from /home/airflow/.local/lib/python3.7/site-packages/airflow/example_dags/example_short_circuit_operator.py
[2023-05-03T09:52:04.611+0000] {processor.py:809} INFO - DAG(s) dict_keys(['example_short_circuit_operator']) retrieved from /home/airflow/.local/lib/python3.7/site-packages/airflow/example_dags/example_short_circuit_operator.py
[2023-05-03T09:52:04.721+0000] {logging_mixin.py:149} INFO - [2023-05-03T09:52:04.712+0000] {dag.py:2726} INFO - Sync 1 DAGs
[2023-05-03T09:52:04.821+0000] {logging_mixin.py:149} INFO - [2023-05-03T09:52:04.821+0000] {dag.py:3490} INFO - Setting next_dagrun for example_short_circuit_operator to 2023-05-02T09:52:04.820862+00:00, run_after=2023-05-03T09:52:04.820862+00:00
[2023-05-03T09:52:04.894+0000] {processor.py:178} INFO - Processing /home/airflow/.local/lib/python3.7/site-packages/airflow/example_dags/example_short_circuit_operator.py took 0.346 seconds
[2023-05-03T09:52:35.012+0000] {processor.py:156} INFO - Started process (PID=2473) to work on /home/airflow/.local/lib/python3.7/site-packages/airflow/example_dags/example_short_circuit_operator.py
[2023-05-03T09:52:35.018+0000] {processor.py:799} INFO - Processing file /home/airflow/.local/lib/python3.7/site-packages/airflow/example_dags/example_short_circuit_operator.py for tasks to queue
[2023-05-03T09:52:35.020+0000] {logging_mixin.py:149} INFO - [2023-05-03T09:52:35.020+0000] {dagbag.py:541} INFO - Filling up the DagBag from /home/airflow/.local/lib/python3.7/site-packages/airflow/example_dags/example_short_circuit_operator.py
[2023-05-03T09:52:35.040+0000] {processor.py:809} INFO - DAG(s) dict_keys(['example_short_circuit_operator']) retrieved from /home/airflow/.local/lib/python3.7/site-packages/airflow/example_dags/example_short_circuit_operator.py
[2023-05-03T09:52:35.104+0000] {logging_mixin.py:149} INFO - [2023-05-03T09:52:35.104+0000] {dag.py:2726} INFO - Sync 1 DAGs
[2023-05-03T09:52:35.181+0000] {logging_mixin.py:149} INFO - [2023-05-03T09:52:35.181+0000] {dag.py:3490} INFO - Setting next_dagrun for example_short_circuit_operator to 2023-05-02T09:52:35.180629+00:00, run_after=2023-05-03T09:52:35.180629+00:00
[2023-05-03T09:52:35.255+0000] {processor.py:178} INFO - Processing /home/airflow/.local/lib/python3.7/site-packages/airflow/example_dags/example_short_circuit_operator.py took 0.250 seconds
[2023-05-03T09:53:05.505+0000] {processor.py:156} INFO - Started process (PID=2705) to work on /home/airflow/.local/lib/python3.7/site-packages/airflow/example_dags/example_short_circuit_operator.py
[2023-05-03T09:53:05.507+0000] {processor.py:799} INFO - Processing file /home/airflow/.local/lib/python3.7/site-packages/airflow/example_dags/example_short_circuit_operator.py for tasks to queue
[2023-05-03T09:53:05.517+0000] {logging_mixin.py:149} INFO - [2023-05-03T09:53:05.517+0000] {dagbag.py:541} INFO - Filling up the DagBag from /home/airflow/.local/lib/python3.7/site-packages/airflow/example_dags/example_short_circuit_operator.py
[2023-05-03T09:53:05.574+0000] {processor.py:809} INFO - DAG(s) dict_keys(['example_short_circuit_operator']) retrieved from /home/airflow/.local/lib/python3.7/site-packages/airflow/example_dags/example_short_circuit_operator.py
[2023-05-03T09:53:05.638+0000] {logging_mixin.py:149} INFO - [2023-05-03T09:53:05.638+0000] {dag.py:2726} INFO - Sync 1 DAGs
[2023-05-03T09:53:05.710+0000] {logging_mixin.py:149} INFO - [2023-05-03T09:53:05.710+0000] {dag.py:3490} INFO - Setting next_dagrun for example_short_circuit_operator to 2023-05-02T09:53:05.710047+00:00, run_after=2023-05-03T09:53:05.710047+00:00
[2023-05-03T09:53:05.779+0000] {processor.py:178} INFO - Processing /home/airflow/.local/lib/python3.7/site-packages/airflow/example_dags/example_short_circuit_operator.py took 0.278 seconds
[2023-05-03T09:53:36.650+0000] {processor.py:156} INFO - Started process (PID=2927) to work on /home/airflow/.local/lib/python3.7/site-packages/airflow/example_dags/example_short_circuit_operator.py
[2023-05-03T09:53:36.652+0000] {processor.py:799} INFO - Processing file /home/airflow/.local/lib/python3.7/site-packages/airflow/example_dags/example_short_circuit_operator.py for tasks to queue
[2023-05-03T09:53:36.660+0000] {logging_mixin.py:149} INFO - [2023-05-03T09:53:36.659+0000] {dagbag.py:541} INFO - Filling up the DagBag from /home/airflow/.local/lib/python3.7/site-packages/airflow/example_dags/example_short_circuit_operator.py
[2023-05-03T09:53:36.683+0000] {processor.py:809} INFO - DAG(s) dict_keys(['example_short_circuit_operator']) retrieved from /home/airflow/.local/lib/python3.7/site-packages/airflow/example_dags/example_short_circuit_operator.py
[2023-05-03T09:53:36.747+0000] {logging_mixin.py:149} INFO - [2023-05-03T09:53:36.746+0000] {dag.py:2726} INFO - Sync 1 DAGs
[2023-05-03T09:53:36.807+0000] {logging_mixin.py:149} INFO - [2023-05-03T09:53:36.807+0000] {dag.py:3490} INFO - Setting next_dagrun for example_short_circuit_operator to 2023-05-02T09:53:36.806764+00:00, run_after=2023-05-03T09:53:36.806764+00:00
[2023-05-03T09:53:37.215+0000] {processor.py:178} INFO - Processing /home/airflow/.local/lib/python3.7/site-packages/airflow/example_dags/example_short_circuit_operator.py took 0.571 seconds
[2023-05-03T09:54:20.794+0000] {processor.py:156} INFO - Started process (PID=3151) to work on /home/airflow/.local/lib/python3.7/site-packages/airflow/example_dags/example_short_circuit_operator.py
[2023-05-03T09:54:20.800+0000] {processor.py:799} INFO - Processing file /home/airflow/.local/lib/python3.7/site-packages/airflow/example_dags/example_short_circuit_operator.py for tasks to queue
[2023-05-03T09:54:20.804+0000] {logging_mixin.py:149} INFO - [2023-05-03T09:54:20.804+0000] {dagbag.py:541} INFO - Filling up the DagBag from /home/airflow/.local/lib/python3.7/site-packages/airflow/example_dags/example_short_circuit_operator.py
[2023-05-03T09:54:20.925+0000] {processor.py:809} INFO - DAG(s) dict_keys(['example_short_circuit_operator']) retrieved from /home/airflow/.local/lib/python3.7/site-packages/airflow/example_dags/example_short_circuit_operator.py
[2023-05-03T09:54:21.307+0000] {logging_mixin.py:149} INFO - [2023-05-03T09:54:21.307+0000] {dag.py:2726} INFO - Sync 1 DAGs
[2023-05-03T09:54:21.501+0000] {logging_mixin.py:149} INFO - [2023-05-03T09:54:21.501+0000] {dag.py:3490} INFO - Setting next_dagrun for example_short_circuit_operator to 2023-05-02T09:54:21.499327+00:00, run_after=2023-05-03T09:54:21.499327+00:00
[2023-05-03T09:54:21.599+0000] {processor.py:178} INFO - Processing /home/airflow/.local/lib/python3.7/site-packages/airflow/example_dags/example_short_circuit_operator.py took 0.848 seconds
[2023-05-03T09:55:01.629+0000] {processor.py:156} INFO - Started process (PID=3381) to work on /home/airflow/.local/lib/python3.7/site-packages/airflow/example_dags/example_short_circuit_operator.py
[2023-05-03T09:55:01.631+0000] {processor.py:799} INFO - Processing file /home/airflow/.local/lib/python3.7/site-packages/airflow/example_dags/example_short_circuit_operator.py for tasks to queue
[2023-05-03T09:55:01.633+0000] {logging_mixin.py:149} INFO - [2023-05-03T09:55:01.633+0000] {dagbag.py:541} INFO - Filling up the DagBag from /home/airflow/.local/lib/python3.7/site-packages/airflow/example_dags/example_short_circuit_operator.py
[2023-05-03T09:55:01.663+0000] {processor.py:809} INFO - DAG(s) dict_keys(['example_short_circuit_operator']) retrieved from /home/airflow/.local/lib/python3.7/site-packages/airflow/example_dags/example_short_circuit_operator.py
[2023-05-03T09:55:01.750+0000] {logging_mixin.py:149} INFO - [2023-05-03T09:55:01.750+0000] {dag.py:2726} INFO - Sync 1 DAGs
[2023-05-03T09:55:01.821+0000] {logging_mixin.py:149} INFO - [2023-05-03T09:55:01.820+0000] {dag.py:3490} INFO - Setting next_dagrun for example_short_circuit_operator to 2023-05-02T09:55:01.820387+00:00, run_after=2023-05-03T09:55:01.820387+00:00
[2023-05-03T09:55:01.910+0000] {processor.py:178} INFO - Processing /home/airflow/.local/lib/python3.7/site-packages/airflow/example_dags/example_short_circuit_operator.py took 0.290 seconds
[2023-05-03T09:55:32.016+0000] {processor.py:156} INFO - Started process (PID=3609) to work on /home/airflow/.local/lib/python3.7/site-packages/airflow/example_dags/example_short_circuit_operator.py
[2023-05-03T09:55:32.018+0000] {processor.py:799} INFO - Processing file /home/airflow/.local/lib/python3.7/site-packages/airflow/example_dags/example_short_circuit_operator.py for tasks to queue
[2023-05-03T09:55:32.020+0000] {logging_mixin.py:149} INFO - [2023-05-03T09:55:32.020+0000] {dagbag.py:541} INFO - Filling up the DagBag from /home/airflow/.local/lib/python3.7/site-packages/airflow/example_dags/example_short_circuit_operator.py
[2023-05-03T09:55:32.061+0000] {processor.py:809} INFO - DAG(s) dict_keys(['example_short_circuit_operator']) retrieved from /home/airflow/.local/lib/python3.7/site-packages/airflow/example_dags/example_short_circuit_operator.py
[2023-05-03T09:55:32.170+0000] {logging_mixin.py:149} INFO - [2023-05-03T09:55:32.170+0000] {dag.py:2726} INFO - Sync 1 DAGs
[2023-05-03T09:55:32.267+0000] {logging_mixin.py:149} INFO - [2023-05-03T09:55:32.266+0000] {dag.py:3490} INFO - Setting next_dagrun for example_short_circuit_operator to 2023-05-02T09:55:32.266138+00:00, run_after=2023-05-03T09:55:32.266138+00:00
[2023-05-03T09:55:33.009+0000] {processor.py:178} INFO - Processing /home/airflow/.local/lib/python3.7/site-packages/airflow/example_dags/example_short_circuit_operator.py took 1.001 seconds
[2023-05-03T09:56:06.747+0000] {processor.py:156} INFO - Started process (PID=3845) to work on /home/airflow/.local/lib/python3.7/site-packages/airflow/example_dags/example_short_circuit_operator.py
[2023-05-03T09:56:06.759+0000] {processor.py:799} INFO - Processing file /home/airflow/.local/lib/python3.7/site-packages/airflow/example_dags/example_short_circuit_operator.py for tasks to queue
[2023-05-03T09:56:06.762+0000] {logging_mixin.py:149} INFO - [2023-05-03T09:56:06.762+0000] {dagbag.py:541} INFO - Filling up the DagBag from /home/airflow/.local/lib/python3.7/site-packages/airflow/example_dags/example_short_circuit_operator.py
[2023-05-03T09:56:06.811+0000] {processor.py:809} INFO - DAG(s) dict_keys(['example_short_circuit_operator']) retrieved from /home/airflow/.local/lib/python3.7/site-packages/airflow/example_dags/example_short_circuit_operator.py
[2023-05-03T09:56:06.880+0000] {logging_mixin.py:149} INFO - [2023-05-03T09:56:06.879+0000] {dag.py:2726} INFO - Sync 1 DAGs
[2023-05-03T09:56:06.959+0000] {logging_mixin.py:149} INFO - [2023-05-03T09:56:06.957+0000] {dag.py:3490} INFO - Setting next_dagrun for example_short_circuit_operator to 2023-05-02T09:56:06.955278+00:00, run_after=2023-05-03T09:56:06.955278+00:00
[2023-05-03T09:56:07.042+0000] {processor.py:178} INFO - Processing /home/airflow/.local/lib/python3.7/site-packages/airflow/example_dags/example_short_circuit_operator.py took 0.317 seconds
[2023-05-03T09:56:37.924+0000] {processor.py:156} INFO - Started process (PID=4075) to work on /home/airflow/.local/lib/python3.7/site-packages/airflow/example_dags/example_short_circuit_operator.py
[2023-05-03T09:56:37.936+0000] {processor.py:799} INFO - Processing file /home/airflow/.local/lib/python3.7/site-packages/airflow/example_dags/example_short_circuit_operator.py for tasks to queue
[2023-05-03T09:56:37.938+0000] {logging_mixin.py:149} INFO - [2023-05-03T09:56:37.938+0000] {dagbag.py:541} INFO - Filling up the DagBag from /home/airflow/.local/lib/python3.7/site-packages/airflow/example_dags/example_short_circuit_operator.py
[2023-05-03T09:56:37.963+0000] {processor.py:809} INFO - DAG(s) dict_keys(['example_short_circuit_operator']) retrieved from /home/airflow/.local/lib/python3.7/site-packages/airflow/example_dags/example_short_circuit_operator.py
[2023-05-03T09:56:38.063+0000] {logging_mixin.py:149} INFO - [2023-05-03T09:56:38.063+0000] {dag.py:2726} INFO - Sync 1 DAGs
[2023-05-03T09:56:38.572+0000] {logging_mixin.py:149} INFO - [2023-05-03T09:56:38.562+0000] {dag.py:3490} INFO - Setting next_dagrun for example_short_circuit_operator to 2023-05-02T09:56:38.561654+00:00, run_after=2023-05-03T09:56:38.561654+00:00
[2023-05-03T09:56:38.645+0000] {processor.py:178} INFO - Processing /home/airflow/.local/lib/python3.7/site-packages/airflow/example_dags/example_short_circuit_operator.py took 0.726 seconds
[2023-05-03T09:57:09.386+0000] {processor.py:156} INFO - Started process (PID=4312) to work on /home/airflow/.local/lib/python3.7/site-packages/airflow/example_dags/example_short_circuit_operator.py
[2023-05-03T09:57:09.388+0000] {processor.py:799} INFO - Processing file /home/airflow/.local/lib/python3.7/site-packages/airflow/example_dags/example_short_circuit_operator.py for tasks to queue
[2023-05-03T09:57:09.390+0000] {logging_mixin.py:149} INFO - [2023-05-03T09:57:09.390+0000] {dagbag.py:541} INFO - Filling up the DagBag from /home/airflow/.local/lib/python3.7/site-packages/airflow/example_dags/example_short_circuit_operator.py
[2023-05-03T09:57:09.410+0000] {processor.py:809} INFO - DAG(s) dict_keys(['example_short_circuit_operator']) retrieved from /home/airflow/.local/lib/python3.7/site-packages/airflow/example_dags/example_short_circuit_operator.py
[2023-05-03T09:57:09.523+0000] {logging_mixin.py:149} INFO - [2023-05-03T09:57:09.523+0000] {dag.py:2726} INFO - Sync 1 DAGs
[2023-05-03T09:57:09.595+0000] {logging_mixin.py:149} INFO - [2023-05-03T09:57:09.594+0000] {dag.py:3490} INFO - Setting next_dagrun for example_short_circuit_operator to 2023-05-02T09:57:09.594285+00:00, run_after=2023-05-03T09:57:09.594285+00:00
[2023-05-03T09:57:09.670+0000] {processor.py:178} INFO - Processing /home/airflow/.local/lib/python3.7/site-packages/airflow/example_dags/example_short_circuit_operator.py took 0.288 seconds
[2023-05-03T09:57:49.791+0000] {processor.py:156} INFO - Started process (PID=4466) to work on /home/airflow/.local/lib/python3.7/site-packages/airflow/example_dags/example_short_circuit_operator.py
[2023-05-03T09:57:49.793+0000] {processor.py:799} INFO - Processing file /home/airflow/.local/lib/python3.7/site-packages/airflow/example_dags/example_short_circuit_operator.py for tasks to queue
[2023-05-03T09:57:49.801+0000] {logging_mixin.py:149} INFO - [2023-05-03T09:57:49.796+0000] {dagbag.py:541} INFO - Filling up the DagBag from /home/airflow/.local/lib/python3.7/site-packages/airflow/example_dags/example_short_circuit_operator.py
[2023-05-03T09:57:49.828+0000] {processor.py:809} INFO - DAG(s) dict_keys(['example_short_circuit_operator']) retrieved from /home/airflow/.local/lib/python3.7/site-packages/airflow/example_dags/example_short_circuit_operator.py
[2023-05-03T09:57:49.903+0000] {logging_mixin.py:149} INFO - [2023-05-03T09:57:49.902+0000] {dag.py:2726} INFO - Sync 1 DAGs
[2023-05-03T09:57:50.873+0000] {logging_mixin.py:149} INFO - [2023-05-03T09:57:50.872+0000] {dag.py:3490} INFO - Setting next_dagrun for example_short_circuit_operator to 2023-05-02T09:57:50.872363+00:00, run_after=2023-05-03T09:57:50.872363+00:00
[2023-05-03T09:57:50.956+0000] {processor.py:178} INFO - Processing /home/airflow/.local/lib/python3.7/site-packages/airflow/example_dags/example_short_circuit_operator.py took 1.171 seconds
[2023-05-03T09:58:21.285+0000] {processor.py:156} INFO - Started process (PID=4700) to work on /home/airflow/.local/lib/python3.7/site-packages/airflow/example_dags/example_short_circuit_operator.py
[2023-05-03T09:58:21.288+0000] {processor.py:799} INFO - Processing file /home/airflow/.local/lib/python3.7/site-packages/airflow/example_dags/example_short_circuit_operator.py for tasks to queue
[2023-05-03T09:58:21.290+0000] {logging_mixin.py:149} INFO - [2023-05-03T09:58:21.290+0000] {dagbag.py:541} INFO - Filling up the DagBag from /home/airflow/.local/lib/python3.7/site-packages/airflow/example_dags/example_short_circuit_operator.py
[2023-05-03T09:58:21.323+0000] {processor.py:809} INFO - DAG(s) dict_keys(['example_short_circuit_operator']) retrieved from /home/airflow/.local/lib/python3.7/site-packages/airflow/example_dags/example_short_circuit_operator.py
[2023-05-03T09:58:21.420+0000] {logging_mixin.py:149} INFO - [2023-05-03T09:58:21.418+0000] {dag.py:2726} INFO - Sync 1 DAGs
[2023-05-03T09:58:21.495+0000] {logging_mixin.py:149} INFO - [2023-05-03T09:58:21.494+0000] {dag.py:3490} INFO - Setting next_dagrun for example_short_circuit_operator to 2023-05-02T09:58:21.493761+00:00, run_after=2023-05-03T09:58:21.493761+00:00
[2023-05-03T09:58:21.634+0000] {processor.py:178} INFO - Processing /home/airflow/.local/lib/python3.7/site-packages/airflow/example_dags/example_short_circuit_operator.py took 0.362 seconds
[2023-05-03T09:58:51.938+0000] {processor.py:156} INFO - Started process (PID=4939) to work on /home/airflow/.local/lib/python3.7/site-packages/airflow/example_dags/example_short_circuit_operator.py
[2023-05-03T09:58:51.939+0000] {processor.py:799} INFO - Processing file /home/airflow/.local/lib/python3.7/site-packages/airflow/example_dags/example_short_circuit_operator.py for tasks to queue
[2023-05-03T09:58:51.941+0000] {logging_mixin.py:149} INFO - [2023-05-03T09:58:51.941+0000] {dagbag.py:541} INFO - Filling up the DagBag from /home/airflow/.local/lib/python3.7/site-packages/airflow/example_dags/example_short_circuit_operator.py
[2023-05-03T09:58:51.961+0000] {processor.py:809} INFO - DAG(s) dict_keys(['example_short_circuit_operator']) retrieved from /home/airflow/.local/lib/python3.7/site-packages/airflow/example_dags/example_short_circuit_operator.py
[2023-05-03T09:58:52.044+0000] {logging_mixin.py:149} INFO - [2023-05-03T09:58:52.043+0000] {dag.py:2726} INFO - Sync 1 DAGs
[2023-05-03T09:58:52.567+0000] {logging_mixin.py:149} INFO - [2023-05-03T09:58:52.567+0000] {dag.py:3490} INFO - Setting next_dagrun for example_short_circuit_operator to 2023-05-02T09:58:52.567130+00:00, run_after=2023-05-03T09:58:52.567130+00:00
[2023-05-03T09:58:52.640+0000] {processor.py:178} INFO - Processing /home/airflow/.local/lib/python3.7/site-packages/airflow/example_dags/example_short_circuit_operator.py took 0.708 seconds
[2023-05-03T09:59:22.887+0000] {processor.py:156} INFO - Started process (PID=5175) to work on /home/airflow/.local/lib/python3.7/site-packages/airflow/example_dags/example_short_circuit_operator.py
[2023-05-03T09:59:22.889+0000] {processor.py:799} INFO - Processing file /home/airflow/.local/lib/python3.7/site-packages/airflow/example_dags/example_short_circuit_operator.py for tasks to queue
[2023-05-03T09:59:22.890+0000] {logging_mixin.py:149} INFO - [2023-05-03T09:59:22.890+0000] {dagbag.py:541} INFO - Filling up the DagBag from /home/airflow/.local/lib/python3.7/site-packages/airflow/example_dags/example_short_circuit_operator.py
[2023-05-03T09:59:23.209+0000] {processor.py:809} INFO - DAG(s) dict_keys(['example_short_circuit_operator']) retrieved from /home/airflow/.local/lib/python3.7/site-packages/airflow/example_dags/example_short_circuit_operator.py
[2023-05-03T09:59:23.278+0000] {logging_mixin.py:149} INFO - [2023-05-03T09:59:23.278+0000] {dag.py:2726} INFO - Sync 1 DAGs
[2023-05-03T09:59:23.406+0000] {logging_mixin.py:149} INFO - [2023-05-03T09:59:23.404+0000] {dag.py:3490} INFO - Setting next_dagrun for example_short_circuit_operator to 2023-05-02T09:59:23.403392+00:00, run_after=2023-05-03T09:59:23.403392+00:00
[2023-05-03T09:59:23.490+0000] {processor.py:178} INFO - Processing /home/airflow/.local/lib/python3.7/site-packages/airflow/example_dags/example_short_circuit_operator.py took 0.612 seconds
[2023-05-03T09:59:54.030+0000] {processor.py:156} INFO - Started process (PID=5411) to work on /home/airflow/.local/lib/python3.7/site-packages/airflow/example_dags/example_short_circuit_operator.py
[2023-05-03T09:59:54.036+0000] {processor.py:799} INFO - Processing file /home/airflow/.local/lib/python3.7/site-packages/airflow/example_dags/example_short_circuit_operator.py for tasks to queue
[2023-05-03T09:59:54.038+0000] {logging_mixin.py:149} INFO - [2023-05-03T09:59:54.038+0000] {dagbag.py:541} INFO - Filling up the DagBag from /home/airflow/.local/lib/python3.7/site-packages/airflow/example_dags/example_short_circuit_operator.py
[2023-05-03T09:59:54.056+0000] {processor.py:809} INFO - DAG(s) dict_keys(['example_short_circuit_operator']) retrieved from /home/airflow/.local/lib/python3.7/site-packages/airflow/example_dags/example_short_circuit_operator.py
[2023-05-03T09:59:54.125+0000] {logging_mixin.py:149} INFO - [2023-05-03T09:59:54.124+0000] {dag.py:2726} INFO - Sync 1 DAGs
[2023-05-03T09:59:54.197+0000] {logging_mixin.py:149} INFO - [2023-05-03T09:59:54.197+0000] {dag.py:3490} INFO - Setting next_dagrun for example_short_circuit_operator to 2023-05-02T09:59:54.197197+00:00, run_after=2023-05-03T09:59:54.197197+00:00
[2023-05-03T09:59:54.283+0000] {processor.py:178} INFO - Processing /home/airflow/.local/lib/python3.7/site-packages/airflow/example_dags/example_short_circuit_operator.py took 0.258 seconds
[2023-05-03T10:00:24.561+0000] {processor.py:156} INFO - Started process (PID=5647) to work on /home/airflow/.local/lib/python3.7/site-packages/airflow/example_dags/example_short_circuit_operator.py
[2023-05-03T10:00:24.563+0000] {processor.py:799} INFO - Processing file /home/airflow/.local/lib/python3.7/site-packages/airflow/example_dags/example_short_circuit_operator.py for tasks to queue
[2023-05-03T10:00:24.564+0000] {logging_mixin.py:149} INFO - [2023-05-03T10:00:24.564+0000] {dagbag.py:541} INFO - Filling up the DagBag from /home/airflow/.local/lib/python3.7/site-packages/airflow/example_dags/example_short_circuit_operator.py
[2023-05-03T10:00:24.582+0000] {processor.py:809} INFO - DAG(s) dict_keys(['example_short_circuit_operator']) retrieved from /home/airflow/.local/lib/python3.7/site-packages/airflow/example_dags/example_short_circuit_operator.py
[2023-05-03T10:00:24.659+0000] {logging_mixin.py:149} INFO - [2023-05-03T10:00:24.659+0000] {dag.py:2726} INFO - Sync 1 DAGs
[2023-05-03T10:00:24.754+0000] {logging_mixin.py:149} INFO - [2023-05-03T10:00:24.754+0000] {dag.py:3490} INFO - Setting next_dagrun for example_short_circuit_operator to 2023-05-02T10:00:24.753999+00:00, run_after=2023-05-03T10:00:24.753999+00:00
[2023-05-03T10:00:24.872+0000] {processor.py:178} INFO - Processing /home/airflow/.local/lib/python3.7/site-packages/airflow/example_dags/example_short_circuit_operator.py took 0.322 seconds
[2023-05-03T10:00:55.597+0000] {processor.py:156} INFO - Started process (PID=5883) to work on /home/airflow/.local/lib/python3.7/site-packages/airflow/example_dags/example_short_circuit_operator.py
[2023-05-03T10:00:55.599+0000] {processor.py:799} INFO - Processing file /home/airflow/.local/lib/python3.7/site-packages/airflow/example_dags/example_short_circuit_operator.py for tasks to queue
[2023-05-03T10:00:55.601+0000] {logging_mixin.py:149} INFO - [2023-05-03T10:00:55.600+0000] {dagbag.py:541} INFO - Filling up the DagBag from /home/airflow/.local/lib/python3.7/site-packages/airflow/example_dags/example_short_circuit_operator.py
[2023-05-03T10:00:55.620+0000] {processor.py:809} INFO - DAG(s) dict_keys(['example_short_circuit_operator']) retrieved from /home/airflow/.local/lib/python3.7/site-packages/airflow/example_dags/example_short_circuit_operator.py
[2023-05-03T10:00:55.697+0000] {logging_mixin.py:149} INFO - [2023-05-03T10:00:55.697+0000] {dag.py:2726} INFO - Sync 1 DAGs
[2023-05-03T10:00:55.803+0000] {logging_mixin.py:149} INFO - [2023-05-03T10:00:55.803+0000] {dag.py:3490} INFO - Setting next_dagrun for example_short_circuit_operator to 2023-05-02T10:00:55.802659+00:00, run_after=2023-05-03T10:00:55.802659+00:00
[2023-05-03T10:00:55.864+0000] {processor.py:178} INFO - Processing /home/airflow/.local/lib/python3.7/site-packages/airflow/example_dags/example_short_circuit_operator.py took 0.280 seconds
[2023-05-03T10:01:26.637+0000] {processor.py:156} INFO - Started process (PID=6119) to work on /home/airflow/.local/lib/python3.7/site-packages/airflow/example_dags/example_short_circuit_operator.py
[2023-05-03T10:01:26.639+0000] {processor.py:799} INFO - Processing file /home/airflow/.local/lib/python3.7/site-packages/airflow/example_dags/example_short_circuit_operator.py for tasks to queue
[2023-05-03T10:01:26.640+0000] {logging_mixin.py:149} INFO - [2023-05-03T10:01:26.640+0000] {dagbag.py:541} INFO - Filling up the DagBag from /home/airflow/.local/lib/python3.7/site-packages/airflow/example_dags/example_short_circuit_operator.py
[2023-05-03T10:01:26.670+0000] {processor.py:809} INFO - DAG(s) dict_keys(['example_short_circuit_operator']) retrieved from /home/airflow/.local/lib/python3.7/site-packages/airflow/example_dags/example_short_circuit_operator.py
[2023-05-03T10:01:26.761+0000] {logging_mixin.py:149} INFO - [2023-05-03T10:01:26.761+0000] {dag.py:2726} INFO - Sync 1 DAGs
[2023-05-03T10:01:26.845+0000] {logging_mixin.py:149} INFO - [2023-05-03T10:01:26.845+0000] {dag.py:3490} INFO - Setting next_dagrun for example_short_circuit_operator to 2023-05-02T10:01:26.845032+00:00, run_after=2023-05-03T10:01:26.845032+00:00
[2023-05-03T10:01:26.894+0000] {processor.py:178} INFO - Processing /home/airflow/.local/lib/python3.7/site-packages/airflow/example_dags/example_short_circuit_operator.py took 0.261 seconds
[2023-05-03T10:02:08.787+0000] {processor.py:156} INFO - Started process (PID=6348) to work on /home/airflow/.local/lib/python3.7/site-packages/airflow/example_dags/example_short_circuit_operator.py
[2023-05-03T10:02:08.838+0000] {processor.py:799} INFO - Processing file /home/airflow/.local/lib/python3.7/site-packages/airflow/example_dags/example_short_circuit_operator.py for tasks to queue
[2023-05-03T10:02:08.868+0000] {logging_mixin.py:149} INFO - [2023-05-03T10:02:08.867+0000] {dagbag.py:541} INFO - Filling up the DagBag from /home/airflow/.local/lib/python3.7/site-packages/airflow/example_dags/example_short_circuit_operator.py
[2023-05-03T10:02:17.486+0000] {processor.py:809} INFO - DAG(s) dict_keys(['example_short_circuit_operator']) retrieved from /home/airflow/.local/lib/python3.7/site-packages/airflow/example_dags/example_short_circuit_operator.py
[2023-05-03T10:02:20.623+0000] {logging_mixin.py:149} INFO - [2023-05-03T10:02:20.592+0000] {dag.py:2726} INFO - Sync 1 DAGs
[2023-05-03T10:02:21.255+0000] {logging_mixin.py:149} INFO - [2023-05-03T10:02:21.255+0000] {dag.py:3490} INFO - Setting next_dagrun for example_short_circuit_operator to 2023-05-02T10:02:21.238930+00:00, run_after=2023-05-03T10:02:21.238930+00:00
[2023-05-03T10:02:21.552+0000] {processor.py:178} INFO - Processing /home/airflow/.local/lib/python3.7/site-packages/airflow/example_dags/example_short_circuit_operator.py took 13.099 seconds
[2023-05-03T10:45:35.575+0000] {processor.py:156} INFO - Started process (PID=6431) to work on /home/airflow/.local/lib/python3.7/site-packages/airflow/example_dags/example_short_circuit_operator.py
[2023-05-03T10:45:35.581+0000] {processor.py:799} INFO - Processing file /home/airflow/.local/lib/python3.7/site-packages/airflow/example_dags/example_short_circuit_operator.py for tasks to queue
[2023-05-03T10:45:35.584+0000] {logging_mixin.py:149} INFO - [2023-05-03T10:45:35.584+0000] {dagbag.py:541} INFO - Filling up the DagBag from /home/airflow/.local/lib/python3.7/site-packages/airflow/example_dags/example_short_circuit_operator.py
[2023-05-03T10:45:35.641+0000] {processor.py:809} INFO - DAG(s) dict_keys(['example_short_circuit_operator']) retrieved from /home/airflow/.local/lib/python3.7/site-packages/airflow/example_dags/example_short_circuit_operator.py
[2023-05-03T10:45:36.039+0000] {logging_mixin.py:149} INFO - [2023-05-03T10:45:36.038+0000] {dag.py:2726} INFO - Sync 1 DAGs
[2023-05-03T10:45:36.204+0000] {logging_mixin.py:149} INFO - [2023-05-03T10:45:36.203+0000] {dag.py:3490} INFO - Setting next_dagrun for example_short_circuit_operator to 2023-05-02T10:45:36.203374+00:00, run_after=2023-05-03T10:45:36.203374+00:00
[2023-05-03T10:45:36.300+0000] {processor.py:178} INFO - Processing /home/airflow/.local/lib/python3.7/site-packages/airflow/example_dags/example_short_circuit_operator.py took 0.859 seconds
[2023-05-03T10:46:10.960+0000] {processor.py:156} INFO - Started process (PID=6601) to work on /home/airflow/.local/lib/python3.7/site-packages/airflow/example_dags/example_short_circuit_operator.py
[2023-05-03T10:46:10.968+0000] {processor.py:799} INFO - Processing file /home/airflow/.local/lib/python3.7/site-packages/airflow/example_dags/example_short_circuit_operator.py for tasks to queue
[2023-05-03T10:46:10.976+0000] {logging_mixin.py:149} INFO - [2023-05-03T10:46:10.976+0000] {dagbag.py:541} INFO - Filling up the DagBag from /home/airflow/.local/lib/python3.7/site-packages/airflow/example_dags/example_short_circuit_operator.py
[2023-05-03T10:46:11.001+0000] {processor.py:809} INFO - DAG(s) dict_keys(['example_short_circuit_operator']) retrieved from /home/airflow/.local/lib/python3.7/site-packages/airflow/example_dags/example_short_circuit_operator.py
[2023-05-03T10:46:11.146+0000] {logging_mixin.py:149} INFO - [2023-05-03T10:46:11.146+0000] {dag.py:2726} INFO - Sync 1 DAGs
[2023-05-03T10:46:11.307+0000] {logging_mixin.py:149} INFO - [2023-05-03T10:46:11.306+0000] {dag.py:3490} INFO - Setting next_dagrun for example_short_circuit_operator to 2023-05-02T10:46:11.304900+00:00, run_after=2023-05-03T10:46:11.304900+00:00
[2023-05-03T10:46:11.408+0000] {processor.py:178} INFO - Processing /home/airflow/.local/lib/python3.7/site-packages/airflow/example_dags/example_short_circuit_operator.py took 0.455 seconds
[2023-05-03T10:47:29.271+0000] {processor.py:156} INFO - Started process (PID=6752) to work on /home/airflow/.local/lib/python3.7/site-packages/airflow/example_dags/example_short_circuit_operator.py
[2023-05-03T10:47:29.273+0000] {processor.py:799} INFO - Processing file /home/airflow/.local/lib/python3.7/site-packages/airflow/example_dags/example_short_circuit_operator.py for tasks to queue
[2023-05-03T10:47:29.284+0000] {logging_mixin.py:149} INFO - [2023-05-03T10:47:29.283+0000] {dagbag.py:541} INFO - Filling up the DagBag from /home/airflow/.local/lib/python3.7/site-packages/airflow/example_dags/example_short_circuit_operator.py
[2023-05-03T10:47:29.311+0000] {processor.py:809} INFO - DAG(s) dict_keys(['example_short_circuit_operator']) retrieved from /home/airflow/.local/lib/python3.7/site-packages/airflow/example_dags/example_short_circuit_operator.py
[2023-05-03T10:47:29.441+0000] {logging_mixin.py:149} INFO - [2023-05-03T10:47:29.441+0000] {dag.py:2726} INFO - Sync 1 DAGs
[2023-05-03T10:47:29.695+0000] {logging_mixin.py:149} INFO - [2023-05-03T10:47:29.694+0000] {dag.py:3490} INFO - Setting next_dagrun for example_short_circuit_operator to 2023-05-02T10:47:29.673441+00:00, run_after=2023-05-03T10:47:29.673441+00:00
[2023-05-03T10:47:29.810+0000] {processor.py:178} INFO - Processing /home/airflow/.local/lib/python3.7/site-packages/airflow/example_dags/example_short_circuit_operator.py took 0.542 seconds
[2023-05-03T10:48:00.046+0000] {processor.py:156} INFO - Started process (PID=6987) to work on /home/airflow/.local/lib/python3.7/site-packages/airflow/example_dags/example_short_circuit_operator.py
[2023-05-03T10:48:00.048+0000] {processor.py:799} INFO - Processing file /home/airflow/.local/lib/python3.7/site-packages/airflow/example_dags/example_short_circuit_operator.py for tasks to queue
[2023-05-03T10:48:00.050+0000] {logging_mixin.py:149} INFO - [2023-05-03T10:48:00.050+0000] {dagbag.py:541} INFO - Filling up the DagBag from /home/airflow/.local/lib/python3.7/site-packages/airflow/example_dags/example_short_circuit_operator.py
[2023-05-03T10:48:00.093+0000] {processor.py:809} INFO - DAG(s) dict_keys(['example_short_circuit_operator']) retrieved from /home/airflow/.local/lib/python3.7/site-packages/airflow/example_dags/example_short_circuit_operator.py
[2023-05-03T10:48:00.170+0000] {logging_mixin.py:149} INFO - [2023-05-03T10:48:00.169+0000] {dag.py:2726} INFO - Sync 1 DAGs
[2023-05-03T10:48:00.266+0000] {logging_mixin.py:149} INFO - [2023-05-03T10:48:00.266+0000] {dag.py:3490} INFO - Setting next_dagrun for example_short_circuit_operator to 2023-05-02T10:48:00.266291+00:00, run_after=2023-05-03T10:48:00.266291+00:00
[2023-05-03T10:48:00.339+0000] {processor.py:178} INFO - Processing /home/airflow/.local/lib/python3.7/site-packages/airflow/example_dags/example_short_circuit_operator.py took 0.305 seconds
[2023-05-03T10:48:30.710+0000] {processor.py:156} INFO - Started process (PID=7223) to work on /home/airflow/.local/lib/python3.7/site-packages/airflow/example_dags/example_short_circuit_operator.py
[2023-05-03T10:48:30.713+0000] {processor.py:799} INFO - Processing file /home/airflow/.local/lib/python3.7/site-packages/airflow/example_dags/example_short_circuit_operator.py for tasks to queue
[2023-05-03T10:48:30.716+0000] {logging_mixin.py:149} INFO - [2023-05-03T10:48:30.715+0000] {dagbag.py:541} INFO - Filling up the DagBag from /home/airflow/.local/lib/python3.7/site-packages/airflow/example_dags/example_short_circuit_operator.py
[2023-05-03T10:48:30.747+0000] {processor.py:809} INFO - DAG(s) dict_keys(['example_short_circuit_operator']) retrieved from /home/airflow/.local/lib/python3.7/site-packages/airflow/example_dags/example_short_circuit_operator.py
[2023-05-03T10:48:30.839+0000] {logging_mixin.py:149} INFO - [2023-05-03T10:48:30.838+0000] {dag.py:2726} INFO - Sync 1 DAGs
[2023-05-03T10:48:30.931+0000] {logging_mixin.py:149} INFO - [2023-05-03T10:48:30.930+0000] {dag.py:3490} INFO - Setting next_dagrun for example_short_circuit_operator to 2023-05-02T10:48:30.930264+00:00, run_after=2023-05-03T10:48:30.930264+00:00
[2023-05-03T10:48:31.001+0000] {processor.py:178} INFO - Processing /home/airflow/.local/lib/python3.7/site-packages/airflow/example_dags/example_short_circuit_operator.py took 0.296 seconds
[2023-05-03T10:49:04.230+0000] {processor.py:156} INFO - Started process (PID=7457) to work on /home/airflow/.local/lib/python3.7/site-packages/airflow/example_dags/example_short_circuit_operator.py
[2023-05-03T10:49:04.232+0000] {processor.py:799} INFO - Processing file /home/airflow/.local/lib/python3.7/site-packages/airflow/example_dags/example_short_circuit_operator.py for tasks to queue
[2023-05-03T10:49:04.239+0000] {logging_mixin.py:149} INFO - [2023-05-03T10:49:04.238+0000] {dagbag.py:541} INFO - Filling up the DagBag from /home/airflow/.local/lib/python3.7/site-packages/airflow/example_dags/example_short_circuit_operator.py
[2023-05-03T10:49:04.348+0000] {processor.py:809} INFO - DAG(s) dict_keys(['example_short_circuit_operator']) retrieved from /home/airflow/.local/lib/python3.7/site-packages/airflow/example_dags/example_short_circuit_operator.py
[2023-05-03T10:49:04.582+0000] {logging_mixin.py:149} INFO - [2023-05-03T10:49:04.582+0000] {dag.py:2726} INFO - Sync 1 DAGs
[2023-05-03T10:49:04.726+0000] {logging_mixin.py:149} INFO - [2023-05-03T10:49:04.726+0000] {dag.py:3490} INFO - Setting next_dagrun for example_short_circuit_operator to 2023-05-02T10:49:04.705023+00:00, run_after=2023-05-03T10:49:04.705023+00:00
[2023-05-03T10:49:04.841+0000] {processor.py:178} INFO - Processing /home/airflow/.local/lib/python3.7/site-packages/airflow/example_dags/example_short_circuit_operator.py took 0.629 seconds
[2023-05-03T10:49:35.966+0000] {processor.py:156} INFO - Started process (PID=7676) to work on /home/airflow/.local/lib/python3.7/site-packages/airflow/example_dags/example_short_circuit_operator.py
[2023-05-03T10:49:35.979+0000] {processor.py:799} INFO - Processing file /home/airflow/.local/lib/python3.7/site-packages/airflow/example_dags/example_short_circuit_operator.py for tasks to queue
[2023-05-03T10:49:35.993+0000] {logging_mixin.py:149} INFO - [2023-05-03T10:49:35.992+0000] {dagbag.py:541} INFO - Filling up the DagBag from /home/airflow/.local/lib/python3.7/site-packages/airflow/example_dags/example_short_circuit_operator.py
[2023-05-03T10:49:36.071+0000] {processor.py:809} INFO - DAG(s) dict_keys(['example_short_circuit_operator']) retrieved from /home/airflow/.local/lib/python3.7/site-packages/airflow/example_dags/example_short_circuit_operator.py
[2023-05-03T10:49:36.462+0000] {logging_mixin.py:149} INFO - [2023-05-03T10:49:36.462+0000] {dag.py:2726} INFO - Sync 1 DAGs
[2023-05-03T10:49:36.576+0000] {logging_mixin.py:149} INFO - [2023-05-03T10:49:36.576+0000] {dag.py:3490} INFO - Setting next_dagrun for example_short_circuit_operator to 2023-05-02T10:49:36.573222+00:00, run_after=2023-05-03T10:49:36.573222+00:00
[2023-05-03T10:49:36.696+0000] {processor.py:178} INFO - Processing /home/airflow/.local/lib/python3.7/site-packages/airflow/example_dags/example_short_circuit_operator.py took 0.743 seconds
[2023-05-03T10:50:07.186+0000] {processor.py:156} INFO - Started process (PID=7912) to work on /home/airflow/.local/lib/python3.7/site-packages/airflow/example_dags/example_short_circuit_operator.py
[2023-05-03T10:50:07.193+0000] {processor.py:799} INFO - Processing file /home/airflow/.local/lib/python3.7/site-packages/airflow/example_dags/example_short_circuit_operator.py for tasks to queue
[2023-05-03T10:50:07.195+0000] {logging_mixin.py:149} INFO - [2023-05-03T10:50:07.194+0000] {dagbag.py:541} INFO - Filling up the DagBag from /home/airflow/.local/lib/python3.7/site-packages/airflow/example_dags/example_short_circuit_operator.py
[2023-05-03T10:50:07.219+0000] {processor.py:809} INFO - DAG(s) dict_keys(['example_short_circuit_operator']) retrieved from /home/airflow/.local/lib/python3.7/site-packages/airflow/example_dags/example_short_circuit_operator.py
[2023-05-03T10:50:07.320+0000] {logging_mixin.py:149} INFO - [2023-05-03T10:50:07.319+0000] {dag.py:2726} INFO - Sync 1 DAGs
[2023-05-03T10:50:07.431+0000] {logging_mixin.py:149} INFO - [2023-05-03T10:50:07.431+0000] {dag.py:3490} INFO - Setting next_dagrun for example_short_circuit_operator to 2023-05-02T10:50:07.428727+00:00, run_after=2023-05-03T10:50:07.428727+00:00
[2023-05-03T10:50:07.507+0000] {processor.py:178} INFO - Processing /home/airflow/.local/lib/python3.7/site-packages/airflow/example_dags/example_short_circuit_operator.py took 0.337 seconds
[2023-05-03T10:50:38.128+0000] {processor.py:156} INFO - Started process (PID=8137) to work on /home/airflow/.local/lib/python3.7/site-packages/airflow/example_dags/example_short_circuit_operator.py
[2023-05-03T10:50:38.131+0000] {processor.py:799} INFO - Processing file /home/airflow/.local/lib/python3.7/site-packages/airflow/example_dags/example_short_circuit_operator.py for tasks to queue
[2023-05-03T10:50:38.133+0000] {logging_mixin.py:149} INFO - [2023-05-03T10:50:38.132+0000] {dagbag.py:541} INFO - Filling up the DagBag from /home/airflow/.local/lib/python3.7/site-packages/airflow/example_dags/example_short_circuit_operator.py
[2023-05-03T10:50:38.154+0000] {processor.py:809} INFO - DAG(s) dict_keys(['example_short_circuit_operator']) retrieved from /home/airflow/.local/lib/python3.7/site-packages/airflow/example_dags/example_short_circuit_operator.py
[2023-05-03T10:50:38.250+0000] {logging_mixin.py:149} INFO - [2023-05-03T10:50:38.249+0000] {dag.py:2726} INFO - Sync 1 DAGs
[2023-05-03T10:50:38.330+0000] {logging_mixin.py:149} INFO - [2023-05-03T10:50:38.330+0000] {dag.py:3490} INFO - Setting next_dagrun for example_short_circuit_operator to 2023-05-02T10:50:38.329879+00:00, run_after=2023-05-03T10:50:38.329879+00:00
[2023-05-03T10:50:38.439+0000] {processor.py:178} INFO - Processing /home/airflow/.local/lib/python3.7/site-packages/airflow/example_dags/example_short_circuit_operator.py took 0.323 seconds
[2023-05-03T10:51:08.889+0000] {processor.py:156} INFO - Started process (PID=8342) to work on /home/airflow/.local/lib/python3.7/site-packages/airflow/example_dags/example_short_circuit_operator.py
[2023-05-03T10:51:08.891+0000] {processor.py:799} INFO - Processing file /home/airflow/.local/lib/python3.7/site-packages/airflow/example_dags/example_short_circuit_operator.py for tasks to queue
[2023-05-03T10:51:08.917+0000] {logging_mixin.py:149} INFO - [2023-05-03T10:51:08.895+0000] {dagbag.py:541} INFO - Filling up the DagBag from /home/airflow/.local/lib/python3.7/site-packages/airflow/example_dags/example_short_circuit_operator.py
[2023-05-03T10:51:08.950+0000] {processor.py:809} INFO - DAG(s) dict_keys(['example_short_circuit_operator']) retrieved from /home/airflow/.local/lib/python3.7/site-packages/airflow/example_dags/example_short_circuit_operator.py
[2023-05-03T10:51:09.078+0000] {logging_mixin.py:149} INFO - [2023-05-03T10:51:09.078+0000] {dag.py:2726} INFO - Sync 1 DAGs
[2023-05-03T10:51:09.175+0000] {logging_mixin.py:149} INFO - [2023-05-03T10:51:09.174+0000] {dag.py:3490} INFO - Setting next_dagrun for example_short_circuit_operator to 2023-05-02T10:51:09.166529+00:00, run_after=2023-05-03T10:51:09.166529+00:00
[2023-05-03T10:51:09.249+0000] {processor.py:178} INFO - Processing /home/airflow/.local/lib/python3.7/site-packages/airflow/example_dags/example_short_circuit_operator.py took 0.374 seconds
[2023-05-03T10:51:39.494+0000] {processor.py:156} INFO - Started process (PID=8578) to work on /home/airflow/.local/lib/python3.7/site-packages/airflow/example_dags/example_short_circuit_operator.py
[2023-05-03T10:51:39.496+0000] {processor.py:799} INFO - Processing file /home/airflow/.local/lib/python3.7/site-packages/airflow/example_dags/example_short_circuit_operator.py for tasks to queue
[2023-05-03T10:51:39.498+0000] {logging_mixin.py:149} INFO - [2023-05-03T10:51:39.497+0000] {dagbag.py:541} INFO - Filling up the DagBag from /home/airflow/.local/lib/python3.7/site-packages/airflow/example_dags/example_short_circuit_operator.py
[2023-05-03T10:51:39.528+0000] {processor.py:809} INFO - DAG(s) dict_keys(['example_short_circuit_operator']) retrieved from /home/airflow/.local/lib/python3.7/site-packages/airflow/example_dags/example_short_circuit_operator.py
[2023-05-03T10:51:39.669+0000] {logging_mixin.py:149} INFO - [2023-05-03T10:51:39.668+0000] {dag.py:2726} INFO - Sync 1 DAGs
[2023-05-03T10:51:39.783+0000] {logging_mixin.py:149} INFO - [2023-05-03T10:51:39.783+0000] {dag.py:3490} INFO - Setting next_dagrun for example_short_circuit_operator to 2023-05-02T10:51:39.782663+00:00, run_after=2023-05-03T10:51:39.782663+00:00
[2023-05-03T10:51:39.958+0000] {processor.py:178} INFO - Processing /home/airflow/.local/lib/python3.7/site-packages/airflow/example_dags/example_short_circuit_operator.py took 0.472 seconds
[2023-05-03T10:52:10.954+0000] {processor.py:156} INFO - Started process (PID=8809) to work on /home/airflow/.local/lib/python3.7/site-packages/airflow/example_dags/example_short_circuit_operator.py
[2023-05-03T10:52:10.958+0000] {processor.py:799} INFO - Processing file /home/airflow/.local/lib/python3.7/site-packages/airflow/example_dags/example_short_circuit_operator.py for tasks to queue
[2023-05-03T10:52:10.960+0000] {logging_mixin.py:149} INFO - [2023-05-03T10:52:10.960+0000] {dagbag.py:541} INFO - Filling up the DagBag from /home/airflow/.local/lib/python3.7/site-packages/airflow/example_dags/example_short_circuit_operator.py
[2023-05-03T10:52:10.977+0000] {processor.py:809} INFO - DAG(s) dict_keys(['example_short_circuit_operator']) retrieved from /home/airflow/.local/lib/python3.7/site-packages/airflow/example_dags/example_short_circuit_operator.py
[2023-05-03T10:52:11.040+0000] {logging_mixin.py:149} INFO - [2023-05-03T10:52:11.040+0000] {dag.py:2726} INFO - Sync 1 DAGs
[2023-05-03T10:52:11.126+0000] {logging_mixin.py:149} INFO - [2023-05-03T10:52:11.126+0000] {dag.py:3490} INFO - Setting next_dagrun for example_short_circuit_operator to 2023-05-02T10:52:11.126096+00:00, run_after=2023-05-03T10:52:11.126096+00:00
[2023-05-03T10:52:11.182+0000] {processor.py:178} INFO - Processing /home/airflow/.local/lib/python3.7/site-packages/airflow/example_dags/example_short_circuit_operator.py took 0.241 seconds
[2023-05-03T10:52:44.480+0000] {processor.py:156} INFO - Started process (PID=9027) to work on /home/airflow/.local/lib/python3.7/site-packages/airflow/example_dags/example_short_circuit_operator.py
[2023-05-03T10:52:44.482+0000] {processor.py:799} INFO - Processing file /home/airflow/.local/lib/python3.7/site-packages/airflow/example_dags/example_short_circuit_operator.py for tasks to queue
[2023-05-03T10:52:44.495+0000] {logging_mixin.py:149} INFO - [2023-05-03T10:52:44.488+0000] {dagbag.py:541} INFO - Filling up the DagBag from /home/airflow/.local/lib/python3.7/site-packages/airflow/example_dags/example_short_circuit_operator.py
[2023-05-03T10:52:44.524+0000] {processor.py:809} INFO - DAG(s) dict_keys(['example_short_circuit_operator']) retrieved from /home/airflow/.local/lib/python3.7/site-packages/airflow/example_dags/example_short_circuit_operator.py
[2023-05-03T10:52:44.628+0000] {logging_mixin.py:149} INFO - [2023-05-03T10:52:44.628+0000] {dag.py:2726} INFO - Sync 1 DAGs
[2023-05-03T10:52:44.727+0000] {logging_mixin.py:149} INFO - [2023-05-03T10:52:44.726+0000] {dag.py:3490} INFO - Setting next_dagrun for example_short_circuit_operator to 2023-05-02T10:52:44.726441+00:00, run_after=2023-05-03T10:52:44.726441+00:00
[2023-05-03T10:52:44.809+0000] {processor.py:178} INFO - Processing /home/airflow/.local/lib/python3.7/site-packages/airflow/example_dags/example_short_circuit_operator.py took 0.334 seconds
[2023-05-03T10:53:24.023+0000] {processor.py:156} INFO - Started process (PID=9251) to work on /home/airflow/.local/lib/python3.7/site-packages/airflow/example_dags/example_short_circuit_operator.py
[2023-05-03T10:53:24.026+0000] {processor.py:799} INFO - Processing file /home/airflow/.local/lib/python3.7/site-packages/airflow/example_dags/example_short_circuit_operator.py for tasks to queue
[2023-05-03T10:53:24.028+0000] {logging_mixin.py:149} INFO - [2023-05-03T10:53:24.028+0000] {dagbag.py:541} INFO - Filling up the DagBag from /home/airflow/.local/lib/python3.7/site-packages/airflow/example_dags/example_short_circuit_operator.py
[2023-05-03T10:53:24.065+0000] {processor.py:809} INFO - DAG(s) dict_keys(['example_short_circuit_operator']) retrieved from /home/airflow/.local/lib/python3.7/site-packages/airflow/example_dags/example_short_circuit_operator.py
[2023-05-03T10:53:24.208+0000] {logging_mixin.py:149} INFO - [2023-05-03T10:53:24.207+0000] {dag.py:2726} INFO - Sync 1 DAGs
[2023-05-03T10:53:24.356+0000] {logging_mixin.py:149} INFO - [2023-05-03T10:53:24.356+0000] {dag.py:3490} INFO - Setting next_dagrun for example_short_circuit_operator to 2023-05-02T10:53:24.356098+00:00, run_after=2023-05-03T10:53:24.356098+00:00
[2023-05-03T10:53:24.451+0000] {processor.py:178} INFO - Processing /home/airflow/.local/lib/python3.7/site-packages/airflow/example_dags/example_short_circuit_operator.py took 0.444 seconds
[2023-05-03T10:53:58.292+0000] {processor.py:156} INFO - Started process (PID=9487) to work on /home/airflow/.local/lib/python3.7/site-packages/airflow/example_dags/example_short_circuit_operator.py
[2023-05-03T10:53:58.348+0000] {processor.py:799} INFO - Processing file /home/airflow/.local/lib/python3.7/site-packages/airflow/example_dags/example_short_circuit_operator.py for tasks to queue
[2023-05-03T10:53:58.354+0000] {logging_mixin.py:149} INFO - [2023-05-03T10:53:58.354+0000] {dagbag.py:541} INFO - Filling up the DagBag from /home/airflow/.local/lib/python3.7/site-packages/airflow/example_dags/example_short_circuit_operator.py
[2023-05-03T10:53:58.397+0000] {processor.py:809} INFO - DAG(s) dict_keys(['example_short_circuit_operator']) retrieved from /home/airflow/.local/lib/python3.7/site-packages/airflow/example_dags/example_short_circuit_operator.py
[2023-05-03T10:53:59.174+0000] {logging_mixin.py:149} INFO - [2023-05-03T10:53:59.171+0000] {dag.py:2726} INFO - Sync 1 DAGs
[2023-05-03T10:53:59.267+0000] {logging_mixin.py:149} INFO - [2023-05-03T10:53:59.266+0000] {dag.py:3490} INFO - Setting next_dagrun for example_short_circuit_operator to 2023-05-02T10:53:59.261102+00:00, run_after=2023-05-03T10:53:59.261102+00:00
[2023-05-03T10:53:59.410+0000] {processor.py:178} INFO - Processing /home/airflow/.local/lib/python3.7/site-packages/airflow/example_dags/example_short_circuit_operator.py took 1.136 seconds
[2023-05-03T10:54:29.974+0000] {processor.py:156} INFO - Started process (PID=9716) to work on /home/airflow/.local/lib/python3.7/site-packages/airflow/example_dags/example_short_circuit_operator.py
[2023-05-03T10:54:29.977+0000] {processor.py:799} INFO - Processing file /home/airflow/.local/lib/python3.7/site-packages/airflow/example_dags/example_short_circuit_operator.py for tasks to queue
[2023-05-03T10:54:29.982+0000] {logging_mixin.py:149} INFO - [2023-05-03T10:54:29.981+0000] {dagbag.py:541} INFO - Filling up the DagBag from /home/airflow/.local/lib/python3.7/site-packages/airflow/example_dags/example_short_circuit_operator.py
[2023-05-03T10:54:30.004+0000] {processor.py:809} INFO - DAG(s) dict_keys(['example_short_circuit_operator']) retrieved from /home/airflow/.local/lib/python3.7/site-packages/airflow/example_dags/example_short_circuit_operator.py
[2023-05-03T10:54:30.077+0000] {logging_mixin.py:149} INFO - [2023-05-03T10:54:30.077+0000] {dag.py:2726} INFO - Sync 1 DAGs
[2023-05-03T10:54:30.172+0000] {logging_mixin.py:149} INFO - [2023-05-03T10:54:30.172+0000] {dag.py:3490} INFO - Setting next_dagrun for example_short_circuit_operator to 2023-05-02T10:54:30.162882+00:00, run_after=2023-05-03T10:54:30.162882+00:00
[2023-05-03T10:54:30.224+0000] {processor.py:178} INFO - Processing /home/airflow/.local/lib/python3.7/site-packages/airflow/example_dags/example_short_circuit_operator.py took 0.254 seconds
[2023-05-03T10:55:00.389+0000] {processor.py:156} INFO - Started process (PID=9951) to work on /home/airflow/.local/lib/python3.7/site-packages/airflow/example_dags/example_short_circuit_operator.py
[2023-05-03T10:55:00.392+0000] {processor.py:799} INFO - Processing file /home/airflow/.local/lib/python3.7/site-packages/airflow/example_dags/example_short_circuit_operator.py for tasks to queue
[2023-05-03T10:55:00.394+0000] {logging_mixin.py:149} INFO - [2023-05-03T10:55:00.394+0000] {dagbag.py:541} INFO - Filling up the DagBag from /home/airflow/.local/lib/python3.7/site-packages/airflow/example_dags/example_short_circuit_operator.py
[2023-05-03T10:55:00.477+0000] {processor.py:809} INFO - DAG(s) dict_keys(['example_short_circuit_operator']) retrieved from /home/airflow/.local/lib/python3.7/site-packages/airflow/example_dags/example_short_circuit_operator.py
[2023-05-03T10:55:04.081+0000] {logging_mixin.py:149} INFO - [2023-05-03T10:55:04.024+0000] {dag.py:2726} INFO - Sync 1 DAGs
[2023-05-03T10:58:15.990+0000] {logging_mixin.py:149} INFO - [2023-05-03T10:58:15.728+0000] {dag.py:3490} INFO - Setting next_dagrun for example_short_circuit_operator to 2023-05-02T10:58:15.549827+00:00, run_after=2023-05-03T10:58:15.549827+00:00
