[2023-05-03T09:31:08.147+0000] {processor.py:156} INFO - Started process (PID=184) to work on /home/airflow/.local/lib/python3.7/site-packages/airflow/example_dags/example_short_circuit_decorator.py
[2023-05-03T09:31:08.153+0000] {processor.py:799} INFO - Processing file /home/airflow/.local/lib/python3.7/site-packages/airflow/example_dags/example_short_circuit_decorator.py for tasks to queue
[2023-05-03T09:31:08.158+0000] {logging_mixin.py:149} INFO - [2023-05-03T09:31:08.157+0000] {dagbag.py:541} INFO - Filling up the DagBag from /home/airflow/.local/lib/python3.7/site-packages/airflow/example_dags/example_short_circuit_decorator.py
[2023-05-03T09:31:08.189+0000] {processor.py:809} INFO - DAG(s) dict_keys(['example_short_circuit_decorator']) retrieved from /home/airflow/.local/lib/python3.7/site-packages/airflow/example_dags/example_short_circuit_decorator.py
[2023-05-03T09:31:08.433+0000] {logging_mixin.py:149} INFO - [2023-05-03T09:31:08.432+0000] {dag.py:2726} INFO - Sync 1 DAGs
[2023-05-03T09:31:08.792+0000] {logging_mixin.py:149} INFO - [2023-05-03T09:31:08.791+0000] {dag.py:3490} INFO - Setting next_dagrun for example_short_circuit_decorator to 2023-05-02T09:31:08.789514+00:00, run_after=2023-05-03T09:31:08.789514+00:00
[2023-05-03T09:31:08.865+0000] {processor.py:178} INFO - Processing /home/airflow/.local/lib/python3.7/site-packages/airflow/example_dags/example_short_circuit_decorator.py took 0.730 seconds
[2023-05-03T09:31:42.837+0000] {processor.py:156} INFO - Started process (PID=420) to work on /home/airflow/.local/lib/python3.7/site-packages/airflow/example_dags/example_short_circuit_decorator.py
[2023-05-03T09:31:42.843+0000] {processor.py:799} INFO - Processing file /home/airflow/.local/lib/python3.7/site-packages/airflow/example_dags/example_short_circuit_decorator.py for tasks to queue
[2023-05-03T09:31:42.848+0000] {logging_mixin.py:149} INFO - [2023-05-03T09:31:42.847+0000] {dagbag.py:541} INFO - Filling up the DagBag from /home/airflow/.local/lib/python3.7/site-packages/airflow/example_dags/example_short_circuit_decorator.py
[2023-05-03T09:31:42.875+0000] {processor.py:809} INFO - DAG(s) dict_keys(['example_short_circuit_decorator']) retrieved from /home/airflow/.local/lib/python3.7/site-packages/airflow/example_dags/example_short_circuit_decorator.py
[2023-05-03T09:31:42.932+0000] {logging_mixin.py:149} INFO - [2023-05-03T09:31:42.932+0000] {dag.py:2726} INFO - Sync 1 DAGs
[2023-05-03T09:31:43.336+0000] {logging_mixin.py:149} INFO - [2023-05-03T09:31:43.336+0000] {dag.py:3490} INFO - Setting next_dagrun for example_short_circuit_decorator to 2023-05-02T09:31:43.335832+00:00, run_after=2023-05-03T09:31:43.335832+00:00
[2023-05-03T09:31:43.429+0000] {processor.py:178} INFO - Processing /home/airflow/.local/lib/python3.7/site-packages/airflow/example_dags/example_short_circuit_decorator.py took 0.599 seconds
[2023-05-03T09:32:24.349+0000] {processor.py:156} INFO - Started process (PID=647) to work on /home/airflow/.local/lib/python3.7/site-packages/airflow/example_dags/example_short_circuit_decorator.py
[2023-05-03T09:32:24.355+0000] {processor.py:799} INFO - Processing file /home/airflow/.local/lib/python3.7/site-packages/airflow/example_dags/example_short_circuit_decorator.py for tasks to queue
[2023-05-03T09:32:24.357+0000] {logging_mixin.py:149} INFO - [2023-05-03T09:32:24.357+0000] {dagbag.py:541} INFO - Filling up the DagBag from /home/airflow/.local/lib/python3.7/site-packages/airflow/example_dags/example_short_circuit_decorator.py
[2023-05-03T09:32:25.212+0000] {processor.py:809} INFO - DAG(s) dict_keys(['example_short_circuit_decorator']) retrieved from /home/airflow/.local/lib/python3.7/site-packages/airflow/example_dags/example_short_circuit_decorator.py
[2023-05-03T09:32:25.367+0000] {logging_mixin.py:149} INFO - [2023-05-03T09:32:25.354+0000] {dag.py:2726} INFO - Sync 1 DAGs
[2023-05-03T09:32:25.497+0000] {logging_mixin.py:149} INFO - [2023-05-03T09:32:25.497+0000] {dag.py:3490} INFO - Setting next_dagrun for example_short_circuit_decorator to 2023-05-02T09:32:25.497195+00:00, run_after=2023-05-03T09:32:25.497195+00:00
[2023-05-03T09:32:25.599+0000] {processor.py:178} INFO - Processing /home/airflow/.local/lib/python3.7/site-packages/airflow/example_dags/example_short_circuit_decorator.py took 1.268 seconds
[2023-05-03T09:32:56.478+0000] {processor.py:156} INFO - Started process (PID=883) to work on /home/airflow/.local/lib/python3.7/site-packages/airflow/example_dags/example_short_circuit_decorator.py
[2023-05-03T09:32:56.483+0000] {processor.py:799} INFO - Processing file /home/airflow/.local/lib/python3.7/site-packages/airflow/example_dags/example_short_circuit_decorator.py for tasks to queue
[2023-05-03T09:32:56.491+0000] {logging_mixin.py:149} INFO - [2023-05-03T09:32:56.489+0000] {dagbag.py:541} INFO - Filling up the DagBag from /home/airflow/.local/lib/python3.7/site-packages/airflow/example_dags/example_short_circuit_decorator.py
[2023-05-03T09:32:56.528+0000] {processor.py:809} INFO - DAG(s) dict_keys(['example_short_circuit_decorator']) retrieved from /home/airflow/.local/lib/python3.7/site-packages/airflow/example_dags/example_short_circuit_decorator.py
[2023-05-03T09:32:56.659+0000] {logging_mixin.py:149} INFO - [2023-05-03T09:32:56.658+0000] {dag.py:2726} INFO - Sync 1 DAGs
[2023-05-03T09:32:56.737+0000] {logging_mixin.py:149} INFO - [2023-05-03T09:32:56.737+0000] {dag.py:3490} INFO - Setting next_dagrun for example_short_circuit_decorator to 2023-05-02T09:32:56.736678+00:00, run_after=2023-05-03T09:32:56.736678+00:00
[2023-05-03T09:32:56.792+0000] {processor.py:178} INFO - Processing /home/airflow/.local/lib/python3.7/site-packages/airflow/example_dags/example_short_circuit_decorator.py took 0.319 seconds
[2023-05-03T09:33:35.115+0000] {processor.py:156} INFO - Started process (PID=1069) to work on /home/airflow/.local/lib/python3.7/site-packages/airflow/example_dags/example_short_circuit_decorator.py
[2023-05-03T09:33:35.117+0000] {processor.py:799} INFO - Processing file /home/airflow/.local/lib/python3.7/site-packages/airflow/example_dags/example_short_circuit_decorator.py for tasks to queue
[2023-05-03T09:33:35.128+0000] {logging_mixin.py:149} INFO - [2023-05-03T09:33:35.128+0000] {dagbag.py:541} INFO - Filling up the DagBag from /home/airflow/.local/lib/python3.7/site-packages/airflow/example_dags/example_short_circuit_decorator.py
[2023-05-03T09:33:35.171+0000] {processor.py:809} INFO - DAG(s) dict_keys(['example_short_circuit_decorator']) retrieved from /home/airflow/.local/lib/python3.7/site-packages/airflow/example_dags/example_short_circuit_decorator.py
[2023-05-03T09:33:35.253+0000] {logging_mixin.py:149} INFO - [2023-05-03T09:33:35.253+0000] {dag.py:2726} INFO - Sync 1 DAGs
[2023-05-03T09:33:35.345+0000] {logging_mixin.py:149} INFO - [2023-05-03T09:33:35.345+0000] {dag.py:3490} INFO - Setting next_dagrun for example_short_circuit_decorator to 2023-05-02T09:33:35.344518+00:00, run_after=2023-05-03T09:33:35.344518+00:00
[2023-05-03T09:33:35.426+0000] {processor.py:178} INFO - Processing /home/airflow/.local/lib/python3.7/site-packages/airflow/example_dags/example_short_circuit_decorator.py took 0.317 seconds
[2023-05-03T09:34:07.570+0000] {processor.py:156} INFO - Started process (PID=1277) to work on /home/airflow/.local/lib/python3.7/site-packages/airflow/example_dags/example_short_circuit_decorator.py
[2023-05-03T09:34:07.573+0000] {processor.py:799} INFO - Processing file /home/airflow/.local/lib/python3.7/site-packages/airflow/example_dags/example_short_circuit_decorator.py for tasks to queue
[2023-05-03T09:34:07.582+0000] {logging_mixin.py:149} INFO - [2023-05-03T09:34:07.581+0000] {dagbag.py:541} INFO - Filling up the DagBag from /home/airflow/.local/lib/python3.7/site-packages/airflow/example_dags/example_short_circuit_decorator.py
[2023-05-03T09:34:07.612+0000] {processor.py:809} INFO - DAG(s) dict_keys(['example_short_circuit_decorator']) retrieved from /home/airflow/.local/lib/python3.7/site-packages/airflow/example_dags/example_short_circuit_decorator.py
[2023-05-03T09:34:07.688+0000] {logging_mixin.py:149} INFO - [2023-05-03T09:34:07.688+0000] {dag.py:2726} INFO - Sync 1 DAGs
[2023-05-03T09:34:07.747+0000] {logging_mixin.py:149} INFO - [2023-05-03T09:34:07.746+0000] {dag.py:3490} INFO - Setting next_dagrun for example_short_circuit_decorator to 2023-05-02T09:34:07.745377+00:00, run_after=2023-05-03T09:34:07.745377+00:00
[2023-05-03T09:34:07.798+0000] {processor.py:178} INFO - Processing /home/airflow/.local/lib/python3.7/site-packages/airflow/example_dags/example_short_circuit_decorator.py took 0.234 seconds
[2023-05-03T09:34:38.001+0000] {processor.py:156} INFO - Started process (PID=1513) to work on /home/airflow/.local/lib/python3.7/site-packages/airflow/example_dags/example_short_circuit_decorator.py
[2023-05-03T09:34:38.003+0000] {processor.py:799} INFO - Processing file /home/airflow/.local/lib/python3.7/site-packages/airflow/example_dags/example_short_circuit_decorator.py for tasks to queue
[2023-05-03T09:34:38.004+0000] {logging_mixin.py:149} INFO - [2023-05-03T09:34:38.004+0000] {dagbag.py:541} INFO - Filling up the DagBag from /home/airflow/.local/lib/python3.7/site-packages/airflow/example_dags/example_short_circuit_decorator.py
[2023-05-03T09:34:38.019+0000] {processor.py:809} INFO - DAG(s) dict_keys(['example_short_circuit_decorator']) retrieved from /home/airflow/.local/lib/python3.7/site-packages/airflow/example_dags/example_short_circuit_decorator.py
[2023-05-03T09:34:38.064+0000] {logging_mixin.py:149} INFO - [2023-05-03T09:34:38.064+0000] {dag.py:2726} INFO - Sync 1 DAGs
[2023-05-03T09:34:38.093+0000] {logging_mixin.py:149} INFO - [2023-05-03T09:34:38.093+0000] {dag.py:3490} INFO - Setting next_dagrun for example_short_circuit_decorator to 2023-05-02T09:34:38.093338+00:00, run_after=2023-05-03T09:34:38.093338+00:00
[2023-05-03T09:34:38.125+0000] {processor.py:178} INFO - Processing /home/airflow/.local/lib/python3.7/site-packages/airflow/example_dags/example_short_circuit_decorator.py took 0.129 seconds
[2023-05-03T09:35:09.373+0000] {processor.py:156} INFO - Started process (PID=1747) to work on /home/airflow/.local/lib/python3.7/site-packages/airflow/example_dags/example_short_circuit_decorator.py
[2023-05-03T09:35:09.375+0000] {processor.py:799} INFO - Processing file /home/airflow/.local/lib/python3.7/site-packages/airflow/example_dags/example_short_circuit_decorator.py for tasks to queue
[2023-05-03T09:35:09.377+0000] {logging_mixin.py:149} INFO - [2023-05-03T09:35:09.376+0000] {dagbag.py:541} INFO - Filling up the DagBag from /home/airflow/.local/lib/python3.7/site-packages/airflow/example_dags/example_short_circuit_decorator.py
[2023-05-03T09:35:09.401+0000] {processor.py:809} INFO - DAG(s) dict_keys(['example_short_circuit_decorator']) retrieved from /home/airflow/.local/lib/python3.7/site-packages/airflow/example_dags/example_short_circuit_decorator.py
[2023-05-03T09:35:09.478+0000] {logging_mixin.py:149} INFO - [2023-05-03T09:35:09.478+0000] {dag.py:2726} INFO - Sync 1 DAGs
[2023-05-03T09:35:09.555+0000] {logging_mixin.py:149} INFO - [2023-05-03T09:35:09.555+0000] {dag.py:3490} INFO - Setting next_dagrun for example_short_circuit_decorator to 2023-05-02T09:35:09.554867+00:00, run_after=2023-05-03T09:35:09.554867+00:00
[2023-05-03T09:35:09.619+0000] {processor.py:178} INFO - Processing /home/airflow/.local/lib/python3.7/site-packages/airflow/example_dags/example_short_circuit_decorator.py took 0.253 seconds
[2023-05-03T09:35:47.338+0000] {processor.py:156} INFO - Started process (PID=1928) to work on /home/airflow/.local/lib/python3.7/site-packages/airflow/example_dags/example_short_circuit_decorator.py
[2023-05-03T09:35:47.343+0000] {processor.py:799} INFO - Processing file /home/airflow/.local/lib/python3.7/site-packages/airflow/example_dags/example_short_circuit_decorator.py for tasks to queue
[2023-05-03T09:35:47.349+0000] {logging_mixin.py:149} INFO - [2023-05-03T09:35:47.346+0000] {dagbag.py:541} INFO - Filling up the DagBag from /home/airflow/.local/lib/python3.7/site-packages/airflow/example_dags/example_short_circuit_decorator.py
[2023-05-03T09:35:47.407+0000] {processor.py:809} INFO - DAG(s) dict_keys(['example_short_circuit_decorator']) retrieved from /home/airflow/.local/lib/python3.7/site-packages/airflow/example_dags/example_short_circuit_decorator.py
[2023-05-03T09:35:47.592+0000] {logging_mixin.py:149} INFO - [2023-05-03T09:35:47.591+0000] {dag.py:2726} INFO - Sync 1 DAGs
[2023-05-03T09:35:47.710+0000] {logging_mixin.py:149} INFO - [2023-05-03T09:35:47.709+0000] {dag.py:3490} INFO - Setting next_dagrun for example_short_circuit_decorator to 2023-05-02T09:35:47.702531+00:00, run_after=2023-05-03T09:35:47.702531+00:00
[2023-05-03T09:35:47.821+0000] {processor.py:178} INFO - Processing /home/airflow/.local/lib/python3.7/site-packages/airflow/example_dags/example_short_circuit_decorator.py took 0.532 seconds
[2023-05-03T09:36:19.190+0000] {processor.py:156} INFO - Started process (PID=2155) to work on /home/airflow/.local/lib/python3.7/site-packages/airflow/example_dags/example_short_circuit_decorator.py
[2023-05-03T09:36:19.192+0000] {processor.py:799} INFO - Processing file /home/airflow/.local/lib/python3.7/site-packages/airflow/example_dags/example_short_circuit_decorator.py for tasks to queue
[2023-05-03T09:36:19.194+0000] {logging_mixin.py:149} INFO - [2023-05-03T09:36:19.194+0000] {dagbag.py:541} INFO - Filling up the DagBag from /home/airflow/.local/lib/python3.7/site-packages/airflow/example_dags/example_short_circuit_decorator.py
[2023-05-03T09:36:19.218+0000] {processor.py:809} INFO - DAG(s) dict_keys(['example_short_circuit_decorator']) retrieved from /home/airflow/.local/lib/python3.7/site-packages/airflow/example_dags/example_short_circuit_decorator.py
[2023-05-03T09:36:19.290+0000] {logging_mixin.py:149} INFO - [2023-05-03T09:36:19.289+0000] {dag.py:2726} INFO - Sync 1 DAGs
[2023-05-03T09:36:19.343+0000] {logging_mixin.py:149} INFO - [2023-05-03T09:36:19.343+0000] {dag.py:3490} INFO - Setting next_dagrun for example_short_circuit_decorator to 2023-05-02T09:36:19.342659+00:00, run_after=2023-05-03T09:36:19.342659+00:00
[2023-05-03T09:36:19.406+0000] {processor.py:178} INFO - Processing /home/airflow/.local/lib/python3.7/site-packages/airflow/example_dags/example_short_circuit_decorator.py took 0.223 seconds
[2023-05-03T09:36:50.709+0000] {processor.py:156} INFO - Started process (PID=2391) to work on /home/airflow/.local/lib/python3.7/site-packages/airflow/example_dags/example_short_circuit_decorator.py
[2023-05-03T09:36:50.711+0000] {processor.py:799} INFO - Processing file /home/airflow/.local/lib/python3.7/site-packages/airflow/example_dags/example_short_circuit_decorator.py for tasks to queue
[2023-05-03T09:36:50.713+0000] {logging_mixin.py:149} INFO - [2023-05-03T09:36:50.713+0000] {dagbag.py:541} INFO - Filling up the DagBag from /home/airflow/.local/lib/python3.7/site-packages/airflow/example_dags/example_short_circuit_decorator.py
[2023-05-03T09:36:50.736+0000] {processor.py:809} INFO - DAG(s) dict_keys(['example_short_circuit_decorator']) retrieved from /home/airflow/.local/lib/python3.7/site-packages/airflow/example_dags/example_short_circuit_decorator.py
[2023-05-03T09:36:50.812+0000] {logging_mixin.py:149} INFO - [2023-05-03T09:36:50.812+0000] {dag.py:2726} INFO - Sync 1 DAGs
[2023-05-03T09:36:50.901+0000] {logging_mixin.py:149} INFO - [2023-05-03T09:36:50.900+0000] {dag.py:3490} INFO - Setting next_dagrun for example_short_circuit_decorator to 2023-05-02T09:36:50.900497+00:00, run_after=2023-05-03T09:36:50.900497+00:00
[2023-05-03T09:36:50.979+0000] {processor.py:178} INFO - Processing /home/airflow/.local/lib/python3.7/site-packages/airflow/example_dags/example_short_circuit_decorator.py took 0.275 seconds
[2023-05-03T09:37:22.918+0000] {processor.py:156} INFO - Started process (PID=2626) to work on /home/airflow/.local/lib/python3.7/site-packages/airflow/example_dags/example_short_circuit_decorator.py
[2023-05-03T09:37:22.921+0000] {processor.py:799} INFO - Processing file /home/airflow/.local/lib/python3.7/site-packages/airflow/example_dags/example_short_circuit_decorator.py for tasks to queue
[2023-05-03T09:37:22.924+0000] {logging_mixin.py:149} INFO - [2023-05-03T09:37:22.923+0000] {dagbag.py:541} INFO - Filling up the DagBag from /home/airflow/.local/lib/python3.7/site-packages/airflow/example_dags/example_short_circuit_decorator.py
[2023-05-03T09:37:22.950+0000] {processor.py:809} INFO - DAG(s) dict_keys(['example_short_circuit_decorator']) retrieved from /home/airflow/.local/lib/python3.7/site-packages/airflow/example_dags/example_short_circuit_decorator.py
[2023-05-03T09:37:23.028+0000] {logging_mixin.py:149} INFO - [2023-05-03T09:37:23.028+0000] {dag.py:2726} INFO - Sync 1 DAGs
[2023-05-03T09:37:23.079+0000] {logging_mixin.py:149} INFO - [2023-05-03T09:37:23.078+0000] {dag.py:3490} INFO - Setting next_dagrun for example_short_circuit_decorator to 2023-05-02T09:37:23.078498+00:00, run_after=2023-05-03T09:37:23.078498+00:00
[2023-05-03T09:37:23.119+0000] {processor.py:178} INFO - Processing /home/airflow/.local/lib/python3.7/site-packages/airflow/example_dags/example_short_circuit_decorator.py took 0.206 seconds
[2023-05-03T09:37:57.882+0000] {processor.py:156} INFO - Started process (PID=2871) to work on /home/airflow/.local/lib/python3.7/site-packages/airflow/example_dags/example_short_circuit_decorator.py
[2023-05-03T09:37:57.884+0000] {processor.py:799} INFO - Processing file /home/airflow/.local/lib/python3.7/site-packages/airflow/example_dags/example_short_circuit_decorator.py for tasks to queue
[2023-05-03T09:37:57.885+0000] {logging_mixin.py:149} INFO - [2023-05-03T09:37:57.885+0000] {dagbag.py:541} INFO - Filling up the DagBag from /home/airflow/.local/lib/python3.7/site-packages/airflow/example_dags/example_short_circuit_decorator.py
[2023-05-03T09:37:57.902+0000] {processor.py:809} INFO - DAG(s) dict_keys(['example_short_circuit_decorator']) retrieved from /home/airflow/.local/lib/python3.7/site-packages/airflow/example_dags/example_short_circuit_decorator.py
[2023-05-03T09:37:57.948+0000] {logging_mixin.py:149} INFO - [2023-05-03T09:37:57.948+0000] {dag.py:2726} INFO - Sync 1 DAGs
[2023-05-03T09:37:57.989+0000] {logging_mixin.py:149} INFO - [2023-05-03T09:37:57.988+0000] {dag.py:3490} INFO - Setting next_dagrun for example_short_circuit_decorator to 2023-05-02T09:37:57.988387+00:00, run_after=2023-05-03T09:37:57.988387+00:00
[2023-05-03T09:37:58.032+0000] {processor.py:178} INFO - Processing /home/airflow/.local/lib/python3.7/site-packages/airflow/example_dags/example_short_circuit_decorator.py took 0.155 seconds
[2023-05-03T09:38:28.990+0000] {processor.py:156} INFO - Started process (PID=3090) to work on /home/airflow/.local/lib/python3.7/site-packages/airflow/example_dags/example_short_circuit_decorator.py
[2023-05-03T09:38:28.994+0000] {processor.py:799} INFO - Processing file /home/airflow/.local/lib/python3.7/site-packages/airflow/example_dags/example_short_circuit_decorator.py for tasks to queue
[2023-05-03T09:38:28.996+0000] {logging_mixin.py:149} INFO - [2023-05-03T09:38:28.995+0000] {dagbag.py:541} INFO - Filling up the DagBag from /home/airflow/.local/lib/python3.7/site-packages/airflow/example_dags/example_short_circuit_decorator.py
[2023-05-03T09:38:29.052+0000] {processor.py:809} INFO - DAG(s) dict_keys(['example_short_circuit_decorator']) retrieved from /home/airflow/.local/lib/python3.7/site-packages/airflow/example_dags/example_short_circuit_decorator.py
[2023-05-03T09:38:29.156+0000] {logging_mixin.py:149} INFO - [2023-05-03T09:38:29.155+0000] {dag.py:2726} INFO - Sync 1 DAGs
[2023-05-03T09:38:29.361+0000] {logging_mixin.py:149} INFO - [2023-05-03T09:38:29.361+0000] {dag.py:3490} INFO - Setting next_dagrun for example_short_circuit_decorator to 2023-05-02T09:38:29.359782+00:00, run_after=2023-05-03T09:38:29.359782+00:00
[2023-05-03T09:38:29.482+0000] {processor.py:178} INFO - Processing /home/airflow/.local/lib/python3.7/site-packages/airflow/example_dags/example_short_circuit_decorator.py took 0.503 seconds
[2023-05-03T09:39:00.159+0000] {processor.py:156} INFO - Started process (PID=3319) to work on /home/airflow/.local/lib/python3.7/site-packages/airflow/example_dags/example_short_circuit_decorator.py
[2023-05-03T09:39:00.162+0000] {processor.py:799} INFO - Processing file /home/airflow/.local/lib/python3.7/site-packages/airflow/example_dags/example_short_circuit_decorator.py for tasks to queue
[2023-05-03T09:39:00.164+0000] {logging_mixin.py:149} INFO - [2023-05-03T09:39:00.164+0000] {dagbag.py:541} INFO - Filling up the DagBag from /home/airflow/.local/lib/python3.7/site-packages/airflow/example_dags/example_short_circuit_decorator.py
[2023-05-03T09:39:00.191+0000] {processor.py:809} INFO - DAG(s) dict_keys(['example_short_circuit_decorator']) retrieved from /home/airflow/.local/lib/python3.7/site-packages/airflow/example_dags/example_short_circuit_decorator.py
[2023-05-03T09:39:00.279+0000] {logging_mixin.py:149} INFO - [2023-05-03T09:39:00.278+0000] {dag.py:2726} INFO - Sync 1 DAGs
[2023-05-03T09:39:00.409+0000] {logging_mixin.py:149} INFO - [2023-05-03T09:39:00.408+0000] {dag.py:3490} INFO - Setting next_dagrun for example_short_circuit_decorator to 2023-05-02T09:39:00.408480+00:00, run_after=2023-05-03T09:39:00.408480+00:00
[2023-05-03T09:39:00.461+0000] {processor.py:178} INFO - Processing /home/airflow/.local/lib/python3.7/site-packages/airflow/example_dags/example_short_circuit_decorator.py took 0.310 seconds
[2023-05-03T09:39:30.609+0000] {processor.py:156} INFO - Started process (PID=3556) to work on /home/airflow/.local/lib/python3.7/site-packages/airflow/example_dags/example_short_circuit_decorator.py
[2023-05-03T09:39:30.611+0000] {processor.py:799} INFO - Processing file /home/airflow/.local/lib/python3.7/site-packages/airflow/example_dags/example_short_circuit_decorator.py for tasks to queue
[2023-05-03T09:39:30.612+0000] {logging_mixin.py:149} INFO - [2023-05-03T09:39:30.612+0000] {dagbag.py:541} INFO - Filling up the DagBag from /home/airflow/.local/lib/python3.7/site-packages/airflow/example_dags/example_short_circuit_decorator.py
[2023-05-03T09:39:30.625+0000] {processor.py:809} INFO - DAG(s) dict_keys(['example_short_circuit_decorator']) retrieved from /home/airflow/.local/lib/python3.7/site-packages/airflow/example_dags/example_short_circuit_decorator.py
[2023-05-03T09:39:30.662+0000] {logging_mixin.py:149} INFO - [2023-05-03T09:39:30.662+0000] {dag.py:2726} INFO - Sync 1 DAGs
[2023-05-03T09:39:30.697+0000] {logging_mixin.py:149} INFO - [2023-05-03T09:39:30.697+0000] {dag.py:3490} INFO - Setting next_dagrun for example_short_circuit_decorator to 2023-05-02T09:39:30.697169+00:00, run_after=2023-05-03T09:39:30.697169+00:00
[2023-05-03T09:39:30.724+0000] {processor.py:178} INFO - Processing /home/airflow/.local/lib/python3.7/site-packages/airflow/example_dags/example_short_circuit_decorator.py took 0.120 seconds
[2023-05-03T09:40:00.948+0000] {processor.py:156} INFO - Started process (PID=3792) to work on /home/airflow/.local/lib/python3.7/site-packages/airflow/example_dags/example_short_circuit_decorator.py
[2023-05-03T09:40:00.950+0000] {processor.py:799} INFO - Processing file /home/airflow/.local/lib/python3.7/site-packages/airflow/example_dags/example_short_circuit_decorator.py for tasks to queue
[2023-05-03T09:40:00.952+0000] {logging_mixin.py:149} INFO - [2023-05-03T09:40:00.952+0000] {dagbag.py:541} INFO - Filling up the DagBag from /home/airflow/.local/lib/python3.7/site-packages/airflow/example_dags/example_short_circuit_decorator.py
[2023-05-03T09:40:00.966+0000] {processor.py:809} INFO - DAG(s) dict_keys(['example_short_circuit_decorator']) retrieved from /home/airflow/.local/lib/python3.7/site-packages/airflow/example_dags/example_short_circuit_decorator.py
[2023-05-03T09:40:01.016+0000] {logging_mixin.py:149} INFO - [2023-05-03T09:40:01.016+0000] {dag.py:2726} INFO - Sync 1 DAGs
[2023-05-03T09:40:01.057+0000] {logging_mixin.py:149} INFO - [2023-05-03T09:40:01.057+0000] {dag.py:3490} INFO - Setting next_dagrun for example_short_circuit_decorator to 2023-05-02T09:40:01.056840+00:00, run_after=2023-05-03T09:40:01.056840+00:00
[2023-05-03T09:40:01.098+0000] {processor.py:178} INFO - Processing /home/airflow/.local/lib/python3.7/site-packages/airflow/example_dags/example_short_circuit_decorator.py took 0.154 seconds
[2023-05-03T09:40:31.829+0000] {processor.py:156} INFO - Started process (PID=4028) to work on /home/airflow/.local/lib/python3.7/site-packages/airflow/example_dags/example_short_circuit_decorator.py
[2023-05-03T09:40:31.831+0000] {processor.py:799} INFO - Processing file /home/airflow/.local/lib/python3.7/site-packages/airflow/example_dags/example_short_circuit_decorator.py for tasks to queue
[2023-05-03T09:40:31.833+0000] {logging_mixin.py:149} INFO - [2023-05-03T09:40:31.832+0000] {dagbag.py:541} INFO - Filling up the DagBag from /home/airflow/.local/lib/python3.7/site-packages/airflow/example_dags/example_short_circuit_decorator.py
[2023-05-03T09:40:31.846+0000] {processor.py:809} INFO - DAG(s) dict_keys(['example_short_circuit_decorator']) retrieved from /home/airflow/.local/lib/python3.7/site-packages/airflow/example_dags/example_short_circuit_decorator.py
[2023-05-03T09:40:31.881+0000] {logging_mixin.py:149} INFO - [2023-05-03T09:40:31.880+0000] {dag.py:2726} INFO - Sync 1 DAGs
[2023-05-03T09:40:31.920+0000] {logging_mixin.py:149} INFO - [2023-05-03T09:40:31.919+0000] {dag.py:3490} INFO - Setting next_dagrun for example_short_circuit_decorator to 2023-05-02T09:40:31.919551+00:00, run_after=2023-05-03T09:40:31.919551+00:00
[2023-05-03T09:40:31.952+0000] {processor.py:178} INFO - Processing /home/airflow/.local/lib/python3.7/site-packages/airflow/example_dags/example_short_circuit_decorator.py took 0.127 seconds
[2023-05-03T09:41:02.847+0000] {processor.py:156} INFO - Started process (PID=4264) to work on /home/airflow/.local/lib/python3.7/site-packages/airflow/example_dags/example_short_circuit_decorator.py
[2023-05-03T09:41:02.849+0000] {processor.py:799} INFO - Processing file /home/airflow/.local/lib/python3.7/site-packages/airflow/example_dags/example_short_circuit_decorator.py for tasks to queue
[2023-05-03T09:41:02.850+0000] {logging_mixin.py:149} INFO - [2023-05-03T09:41:02.850+0000] {dagbag.py:541} INFO - Filling up the DagBag from /home/airflow/.local/lib/python3.7/site-packages/airflow/example_dags/example_short_circuit_decorator.py
[2023-05-03T09:41:02.863+0000] {processor.py:809} INFO - DAG(s) dict_keys(['example_short_circuit_decorator']) retrieved from /home/airflow/.local/lib/python3.7/site-packages/airflow/example_dags/example_short_circuit_decorator.py
[2023-05-03T09:41:02.894+0000] {logging_mixin.py:149} INFO - [2023-05-03T09:41:02.894+0000] {dag.py:2726} INFO - Sync 1 DAGs
[2023-05-03T09:41:02.941+0000] {logging_mixin.py:149} INFO - [2023-05-03T09:41:02.940+0000] {dag.py:3490} INFO - Setting next_dagrun for example_short_circuit_decorator to 2023-05-02T09:41:02.940258+00:00, run_after=2023-05-03T09:41:02.940258+00:00
[2023-05-03T09:41:02.975+0000] {processor.py:178} INFO - Processing /home/airflow/.local/lib/python3.7/site-packages/airflow/example_dags/example_short_circuit_decorator.py took 0.132 seconds
[2023-05-03T09:41:33.559+0000] {processor.py:156} INFO - Started process (PID=4500) to work on /home/airflow/.local/lib/python3.7/site-packages/airflow/example_dags/example_short_circuit_decorator.py
[2023-05-03T09:41:33.561+0000] {processor.py:799} INFO - Processing file /home/airflow/.local/lib/python3.7/site-packages/airflow/example_dags/example_short_circuit_decorator.py for tasks to queue
[2023-05-03T09:41:33.563+0000] {logging_mixin.py:149} INFO - [2023-05-03T09:41:33.562+0000] {dagbag.py:541} INFO - Filling up the DagBag from /home/airflow/.local/lib/python3.7/site-packages/airflow/example_dags/example_short_circuit_decorator.py
[2023-05-03T09:41:33.577+0000] {processor.py:809} INFO - DAG(s) dict_keys(['example_short_circuit_decorator']) retrieved from /home/airflow/.local/lib/python3.7/site-packages/airflow/example_dags/example_short_circuit_decorator.py
[2023-05-03T09:41:33.638+0000] {logging_mixin.py:149} INFO - [2023-05-03T09:41:33.637+0000] {dag.py:2726} INFO - Sync 1 DAGs
[2023-05-03T09:41:33.681+0000] {logging_mixin.py:149} INFO - [2023-05-03T09:41:33.680+0000] {dag.py:3490} INFO - Setting next_dagrun for example_short_circuit_decorator to 2023-05-02T09:41:33.680370+00:00, run_after=2023-05-03T09:41:33.680370+00:00
[2023-05-03T09:41:33.717+0000] {processor.py:178} INFO - Processing /home/airflow/.local/lib/python3.7/site-packages/airflow/example_dags/example_short_circuit_decorator.py took 0.162 seconds
[2023-05-03T09:42:03.840+0000] {processor.py:156} INFO - Started process (PID=4736) to work on /home/airflow/.local/lib/python3.7/site-packages/airflow/example_dags/example_short_circuit_decorator.py
[2023-05-03T09:42:03.842+0000] {processor.py:799} INFO - Processing file /home/airflow/.local/lib/python3.7/site-packages/airflow/example_dags/example_short_circuit_decorator.py for tasks to queue
[2023-05-03T09:42:03.844+0000] {logging_mixin.py:149} INFO - [2023-05-03T09:42:03.844+0000] {dagbag.py:541} INFO - Filling up the DagBag from /home/airflow/.local/lib/python3.7/site-packages/airflow/example_dags/example_short_circuit_decorator.py
[2023-05-03T09:42:03.862+0000] {processor.py:809} INFO - DAG(s) dict_keys(['example_short_circuit_decorator']) retrieved from /home/airflow/.local/lib/python3.7/site-packages/airflow/example_dags/example_short_circuit_decorator.py
[2023-05-03T09:42:03.919+0000] {logging_mixin.py:149} INFO - [2023-05-03T09:42:03.919+0000] {dag.py:2726} INFO - Sync 1 DAGs
[2023-05-03T09:42:03.960+0000] {logging_mixin.py:149} INFO - [2023-05-03T09:42:03.959+0000] {dag.py:3490} INFO - Setting next_dagrun for example_short_circuit_decorator to 2023-05-02T09:42:03.959569+00:00, run_after=2023-05-03T09:42:03.959569+00:00
[2023-05-03T09:42:04.002+0000] {processor.py:178} INFO - Processing /home/airflow/.local/lib/python3.7/site-packages/airflow/example_dags/example_short_circuit_decorator.py took 0.166 seconds
[2023-05-03T09:44:24.114+0000] {processor.py:156} INFO - Started process (PID=185) to work on /home/airflow/.local/lib/python3.7/site-packages/airflow/example_dags/example_short_circuit_decorator.py
[2023-05-03T09:44:24.116+0000] {processor.py:799} INFO - Processing file /home/airflow/.local/lib/python3.7/site-packages/airflow/example_dags/example_short_circuit_decorator.py for tasks to queue
[2023-05-03T09:44:24.118+0000] {logging_mixin.py:149} INFO - [2023-05-03T09:44:24.118+0000] {dagbag.py:541} INFO - Filling up the DagBag from /home/airflow/.local/lib/python3.7/site-packages/airflow/example_dags/example_short_circuit_decorator.py
[2023-05-03T09:44:24.156+0000] {processor.py:809} INFO - DAG(s) dict_keys(['example_short_circuit_decorator']) retrieved from /home/airflow/.local/lib/python3.7/site-packages/airflow/example_dags/example_short_circuit_decorator.py
[2023-05-03T09:44:24.277+0000] {logging_mixin.py:149} INFO - [2023-05-03T09:44:24.277+0000] {dag.py:2726} INFO - Sync 1 DAGs
[2023-05-03T09:44:24.527+0000] {logging_mixin.py:149} INFO - [2023-05-03T09:44:24.527+0000] {dag.py:3490} INFO - Setting next_dagrun for example_short_circuit_decorator to 2023-05-02T09:44:24.524186+00:00, run_after=2023-05-03T09:44:24.524186+00:00
[2023-05-03T09:44:24.624+0000] {processor.py:178} INFO - Processing /home/airflow/.local/lib/python3.7/site-packages/airflow/example_dags/example_short_circuit_decorator.py took 0.523 seconds
[2023-05-03T09:45:02.383+0000] {processor.py:156} INFO - Started process (PID=421) to work on /home/airflow/.local/lib/python3.7/site-packages/airflow/example_dags/example_short_circuit_decorator.py
[2023-05-03T09:45:02.401+0000] {processor.py:799} INFO - Processing file /home/airflow/.local/lib/python3.7/site-packages/airflow/example_dags/example_short_circuit_decorator.py for tasks to queue
[2023-05-03T09:45:02.420+0000] {logging_mixin.py:149} INFO - [2023-05-03T09:45:02.420+0000] {dagbag.py:541} INFO - Filling up the DagBag from /home/airflow/.local/lib/python3.7/site-packages/airflow/example_dags/example_short_circuit_decorator.py
[2023-05-03T09:45:02.484+0000] {processor.py:809} INFO - DAG(s) dict_keys(['example_short_circuit_decorator']) retrieved from /home/airflow/.local/lib/python3.7/site-packages/airflow/example_dags/example_short_circuit_decorator.py
[2023-05-03T09:45:02.665+0000] {logging_mixin.py:149} INFO - [2023-05-03T09:45:02.661+0000] {dag.py:2726} INFO - Sync 1 DAGs
[2023-05-03T09:45:02.909+0000] {logging_mixin.py:149} INFO - [2023-05-03T09:45:02.909+0000] {dag.py:3490} INFO - Setting next_dagrun for example_short_circuit_decorator to 2023-05-02T09:45:02.908572+00:00, run_after=2023-05-03T09:45:02.908572+00:00
[2023-05-03T09:45:03.144+0000] {processor.py:178} INFO - Processing /home/airflow/.local/lib/python3.7/site-packages/airflow/example_dags/example_short_circuit_decorator.py took 0.783 seconds
[2023-05-03T09:46:22.743+0000] {processor.py:156} INFO - Started process (PID=534) to work on /home/airflow/.local/lib/python3.7/site-packages/airflow/example_dags/example_short_circuit_decorator.py
[2023-05-03T09:46:22.758+0000] {processor.py:799} INFO - Processing file /home/airflow/.local/lib/python3.7/site-packages/airflow/example_dags/example_short_circuit_decorator.py for tasks to queue
[2023-05-03T09:46:22.771+0000] {logging_mixin.py:149} INFO - [2023-05-03T09:46:22.770+0000] {dagbag.py:541} INFO - Filling up the DagBag from /home/airflow/.local/lib/python3.7/site-packages/airflow/example_dags/example_short_circuit_decorator.py
[2023-05-03T09:46:22.839+0000] {processor.py:809} INFO - DAG(s) dict_keys(['example_short_circuit_decorator']) retrieved from /home/airflow/.local/lib/python3.7/site-packages/airflow/example_dags/example_short_circuit_decorator.py
[2023-05-03T09:46:23.210+0000] {logging_mixin.py:149} INFO - [2023-05-03T09:46:23.210+0000] {dag.py:2726} INFO - Sync 1 DAGs
[2023-05-03T09:46:23.635+0000] {logging_mixin.py:149} INFO - [2023-05-03T09:46:23.634+0000] {dag.py:3490} INFO - Setting next_dagrun for example_short_circuit_decorator to 2023-05-02T09:46:23.625202+00:00, run_after=2023-05-03T09:46:23.625202+00:00
[2023-05-03T09:46:24.213+0000] {processor.py:178} INFO - Processing /home/airflow/.local/lib/python3.7/site-packages/airflow/example_dags/example_short_circuit_decorator.py took 1.475 seconds
[2023-05-03T09:47:26.125+0000] {processor.py:156} INFO - Started process (PID=767) to work on /home/airflow/.local/lib/python3.7/site-packages/airflow/example_dags/example_short_circuit_decorator.py
[2023-05-03T09:47:26.132+0000] {processor.py:799} INFO - Processing file /home/airflow/.local/lib/python3.7/site-packages/airflow/example_dags/example_short_circuit_decorator.py for tasks to queue
[2023-05-03T09:47:26.140+0000] {logging_mixin.py:149} INFO - [2023-05-03T09:47:26.140+0000] {dagbag.py:541} INFO - Filling up the DagBag from /home/airflow/.local/lib/python3.7/site-packages/airflow/example_dags/example_short_circuit_decorator.py
[2023-05-03T09:47:26.170+0000] {processor.py:809} INFO - DAG(s) dict_keys(['example_short_circuit_decorator']) retrieved from /home/airflow/.local/lib/python3.7/site-packages/airflow/example_dags/example_short_circuit_decorator.py
[2023-05-03T09:47:26.268+0000] {logging_mixin.py:149} INFO - [2023-05-03T09:47:26.268+0000] {dag.py:2726} INFO - Sync 1 DAGs
[2023-05-03T09:47:26.353+0000] {logging_mixin.py:149} INFO - [2023-05-03T09:47:26.353+0000] {dag.py:3490} INFO - Setting next_dagrun for example_short_circuit_decorator to 2023-05-02T09:47:26.352852+00:00, run_after=2023-05-03T09:47:26.352852+00:00
[2023-05-03T09:47:26.437+0000] {processor.py:178} INFO - Processing /home/airflow/.local/lib/python3.7/site-packages/airflow/example_dags/example_short_circuit_decorator.py took 0.318 seconds
[2023-05-03T09:48:12.709+0000] {processor.py:156} INFO - Started process (PID=1001) to work on /home/airflow/.local/lib/python3.7/site-packages/airflow/example_dags/example_short_circuit_decorator.py
[2023-05-03T09:48:12.716+0000] {processor.py:799} INFO - Processing file /home/airflow/.local/lib/python3.7/site-packages/airflow/example_dags/example_short_circuit_decorator.py for tasks to queue
[2023-05-03T09:48:12.723+0000] {logging_mixin.py:149} INFO - [2023-05-03T09:48:12.723+0000] {dagbag.py:541} INFO - Filling up the DagBag from /home/airflow/.local/lib/python3.7/site-packages/airflow/example_dags/example_short_circuit_decorator.py
[2023-05-03T09:48:12.805+0000] {processor.py:809} INFO - DAG(s) dict_keys(['example_short_circuit_decorator']) retrieved from /home/airflow/.local/lib/python3.7/site-packages/airflow/example_dags/example_short_circuit_decorator.py
[2023-05-03T09:48:13.037+0000] {logging_mixin.py:149} INFO - [2023-05-03T09:48:13.028+0000] {dag.py:2726} INFO - Sync 1 DAGs
[2023-05-03T09:48:13.175+0000] {logging_mixin.py:149} INFO - [2023-05-03T09:48:13.175+0000] {dag.py:3490} INFO - Setting next_dagrun for example_short_circuit_decorator to 2023-05-02T09:48:13.172435+00:00, run_after=2023-05-03T09:48:13.172435+00:00
[2023-05-03T09:48:13.288+0000] {processor.py:178} INFO - Processing /home/airflow/.local/lib/python3.7/site-packages/airflow/example_dags/example_short_circuit_decorator.py took 0.599 seconds
[2023-05-03T09:48:45.580+0000] {processor.py:156} INFO - Started process (PID=1237) to work on /home/airflow/.local/lib/python3.7/site-packages/airflow/example_dags/example_short_circuit_decorator.py
[2023-05-03T09:48:45.595+0000] {processor.py:799} INFO - Processing file /home/airflow/.local/lib/python3.7/site-packages/airflow/example_dags/example_short_circuit_decorator.py for tasks to queue
[2023-05-03T09:48:45.598+0000] {logging_mixin.py:149} INFO - [2023-05-03T09:48:45.597+0000] {dagbag.py:541} INFO - Filling up the DagBag from /home/airflow/.local/lib/python3.7/site-packages/airflow/example_dags/example_short_circuit_decorator.py
[2023-05-03T09:48:45.690+0000] {processor.py:809} INFO - DAG(s) dict_keys(['example_short_circuit_decorator']) retrieved from /home/airflow/.local/lib/python3.7/site-packages/airflow/example_dags/example_short_circuit_decorator.py
[2023-05-03T09:48:45.941+0000] {logging_mixin.py:149} INFO - [2023-05-03T09:48:45.940+0000] {dag.py:2726} INFO - Sync 1 DAGs
[2023-05-03T09:48:46.044+0000] {logging_mixin.py:149} INFO - [2023-05-03T09:48:46.043+0000] {dag.py:3490} INFO - Setting next_dagrun for example_short_circuit_decorator to 2023-05-02T09:48:46.043121+00:00, run_after=2023-05-03T09:48:46.043121+00:00
[2023-05-03T09:48:46.153+0000] {processor.py:178} INFO - Processing /home/airflow/.local/lib/python3.7/site-packages/airflow/example_dags/example_short_circuit_decorator.py took 0.578 seconds
[2023-05-03T09:49:44.818+0000] {processor.py:156} INFO - Started process (PID=1463) to work on /home/airflow/.local/lib/python3.7/site-packages/airflow/example_dags/example_short_circuit_decorator.py
[2023-05-03T09:49:44.820+0000] {processor.py:799} INFO - Processing file /home/airflow/.local/lib/python3.7/site-packages/airflow/example_dags/example_short_circuit_decorator.py for tasks to queue
[2023-05-03T09:49:44.822+0000] {logging_mixin.py:149} INFO - [2023-05-03T09:49:44.821+0000] {dagbag.py:541} INFO - Filling up the DagBag from /home/airflow/.local/lib/python3.7/site-packages/airflow/example_dags/example_short_circuit_decorator.py
[2023-05-03T09:49:44.857+0000] {processor.py:809} INFO - DAG(s) dict_keys(['example_short_circuit_decorator']) retrieved from /home/airflow/.local/lib/python3.7/site-packages/airflow/example_dags/example_short_circuit_decorator.py
[2023-05-03T09:49:44.939+0000] {logging_mixin.py:149} INFO - [2023-05-03T09:49:44.938+0000] {dag.py:2726} INFO - Sync 1 DAGs
[2023-05-03T09:49:45.038+0000] {logging_mixin.py:149} INFO - [2023-05-03T09:49:45.037+0000] {dag.py:3490} INFO - Setting next_dagrun for example_short_circuit_decorator to 2023-05-02T09:49:45.036990+00:00, run_after=2023-05-03T09:49:45.036990+00:00
[2023-05-03T09:49:45.137+0000] {processor.py:178} INFO - Processing /home/airflow/.local/lib/python3.7/site-packages/airflow/example_dags/example_short_circuit_decorator.py took 0.335 seconds
[2023-05-03T09:50:15.818+0000] {processor.py:156} INFO - Started process (PID=1699) to work on /home/airflow/.local/lib/python3.7/site-packages/airflow/example_dags/example_short_circuit_decorator.py
[2023-05-03T09:50:15.822+0000] {processor.py:799} INFO - Processing file /home/airflow/.local/lib/python3.7/site-packages/airflow/example_dags/example_short_circuit_decorator.py for tasks to queue
[2023-05-03T09:50:15.823+0000] {logging_mixin.py:149} INFO - [2023-05-03T09:50:15.823+0000] {dagbag.py:541} INFO - Filling up the DagBag from /home/airflow/.local/lib/python3.7/site-packages/airflow/example_dags/example_short_circuit_decorator.py
[2023-05-03T09:50:15.874+0000] {processor.py:809} INFO - DAG(s) dict_keys(['example_short_circuit_decorator']) retrieved from /home/airflow/.local/lib/python3.7/site-packages/airflow/example_dags/example_short_circuit_decorator.py
[2023-05-03T09:50:15.972+0000] {logging_mixin.py:149} INFO - [2023-05-03T09:50:15.969+0000] {dag.py:2726} INFO - Sync 1 DAGs
[2023-05-03T09:50:16.050+0000] {logging_mixin.py:149} INFO - [2023-05-03T09:50:16.049+0000] {dag.py:3490} INFO - Setting next_dagrun for example_short_circuit_decorator to 2023-05-02T09:50:16.049150+00:00, run_after=2023-05-03T09:50:16.049150+00:00
[2023-05-03T09:50:16.158+0000] {processor.py:178} INFO - Processing /home/airflow/.local/lib/python3.7/site-packages/airflow/example_dags/example_short_circuit_decorator.py took 0.349 seconds
[2023-05-03T09:50:46.303+0000] {processor.py:156} INFO - Started process (PID=1935) to work on /home/airflow/.local/lib/python3.7/site-packages/airflow/example_dags/example_short_circuit_decorator.py
[2023-05-03T09:50:46.305+0000] {processor.py:799} INFO - Processing file /home/airflow/.local/lib/python3.7/site-packages/airflow/example_dags/example_short_circuit_decorator.py for tasks to queue
[2023-05-03T09:50:46.307+0000] {logging_mixin.py:149} INFO - [2023-05-03T09:50:46.306+0000] {dagbag.py:541} INFO - Filling up the DagBag from /home/airflow/.local/lib/python3.7/site-packages/airflow/example_dags/example_short_circuit_decorator.py
[2023-05-03T09:50:46.342+0000] {processor.py:809} INFO - DAG(s) dict_keys(['example_short_circuit_decorator']) retrieved from /home/airflow/.local/lib/python3.7/site-packages/airflow/example_dags/example_short_circuit_decorator.py
[2023-05-03T09:50:46.422+0000] {logging_mixin.py:149} INFO - [2023-05-03T09:50:46.422+0000] {dag.py:2726} INFO - Sync 1 DAGs
[2023-05-03T09:50:46.485+0000] {logging_mixin.py:149} INFO - [2023-05-03T09:50:46.483+0000] {dag.py:3490} INFO - Setting next_dagrun for example_short_circuit_decorator to 2023-05-02T09:50:46.481731+00:00, run_after=2023-05-03T09:50:46.481731+00:00
[2023-05-03T09:50:46.547+0000] {processor.py:178} INFO - Processing /home/airflow/.local/lib/python3.7/site-packages/airflow/example_dags/example_short_circuit_decorator.py took 0.252 seconds
[2023-05-03T09:51:20.608+0000] {processor.py:156} INFO - Started process (PID=2093) to work on /home/airflow/.local/lib/python3.7/site-packages/airflow/example_dags/example_short_circuit_decorator.py
[2023-05-03T09:51:20.615+0000] {processor.py:799} INFO - Processing file /home/airflow/.local/lib/python3.7/site-packages/airflow/example_dags/example_short_circuit_decorator.py for tasks to queue
[2023-05-03T09:51:20.637+0000] {logging_mixin.py:149} INFO - [2023-05-03T09:51:20.637+0000] {dagbag.py:541} INFO - Filling up the DagBag from /home/airflow/.local/lib/python3.7/site-packages/airflow/example_dags/example_short_circuit_decorator.py
[2023-05-03T09:51:20.671+0000] {processor.py:809} INFO - DAG(s) dict_keys(['example_short_circuit_decorator']) retrieved from /home/airflow/.local/lib/python3.7/site-packages/airflow/example_dags/example_short_circuit_decorator.py
[2023-05-03T09:51:20.817+0000] {logging_mixin.py:149} INFO - [2023-05-03T09:51:20.817+0000] {dag.py:2726} INFO - Sync 1 DAGs
[2023-05-03T09:51:20.910+0000] {logging_mixin.py:149} INFO - [2023-05-03T09:51:20.910+0000] {dag.py:3490} INFO - Setting next_dagrun for example_short_circuit_decorator to 2023-05-02T09:51:20.909625+00:00, run_after=2023-05-03T09:51:20.909625+00:00
[2023-05-03T09:51:21.023+0000] {processor.py:178} INFO - Processing /home/airflow/.local/lib/python3.7/site-packages/airflow/example_dags/example_short_circuit_decorator.py took 0.421 seconds
[2023-05-03T09:52:05.600+0000] {processor.py:156} INFO - Started process (PID=2253) to work on /home/airflow/.local/lib/python3.7/site-packages/airflow/example_dags/example_short_circuit_decorator.py
[2023-05-03T09:52:05.603+0000] {processor.py:799} INFO - Processing file /home/airflow/.local/lib/python3.7/site-packages/airflow/example_dags/example_short_circuit_decorator.py for tasks to queue
[2023-05-03T09:52:05.605+0000] {logging_mixin.py:149} INFO - [2023-05-03T09:52:05.604+0000] {dagbag.py:541} INFO - Filling up the DagBag from /home/airflow/.local/lib/python3.7/site-packages/airflow/example_dags/example_short_circuit_decorator.py
[2023-05-03T09:52:05.705+0000] {processor.py:809} INFO - DAG(s) dict_keys(['example_short_circuit_decorator']) retrieved from /home/airflow/.local/lib/python3.7/site-packages/airflow/example_dags/example_short_circuit_decorator.py
[2023-05-03T09:52:05.858+0000] {logging_mixin.py:149} INFO - [2023-05-03T09:52:05.858+0000] {dag.py:2726} INFO - Sync 1 DAGs
[2023-05-03T09:52:06.032+0000] {logging_mixin.py:149} INFO - [2023-05-03T09:52:06.031+0000] {dag.py:3490} INFO - Setting next_dagrun for example_short_circuit_decorator to 2023-05-02T09:52:06.030588+00:00, run_after=2023-05-03T09:52:06.030588+00:00
[2023-05-03T09:52:06.169+0000] {processor.py:178} INFO - Processing /home/airflow/.local/lib/python3.7/site-packages/airflow/example_dags/example_short_circuit_decorator.py took 0.598 seconds
[2023-05-03T09:52:36.360+0000] {processor.py:156} INFO - Started process (PID=2483) to work on /home/airflow/.local/lib/python3.7/site-packages/airflow/example_dags/example_short_circuit_decorator.py
[2023-05-03T09:52:36.363+0000] {processor.py:799} INFO - Processing file /home/airflow/.local/lib/python3.7/site-packages/airflow/example_dags/example_short_circuit_decorator.py for tasks to queue
[2023-05-03T09:52:36.365+0000] {logging_mixin.py:149} INFO - [2023-05-03T09:52:36.364+0000] {dagbag.py:541} INFO - Filling up the DagBag from /home/airflow/.local/lib/python3.7/site-packages/airflow/example_dags/example_short_circuit_decorator.py
[2023-05-03T09:52:36.389+0000] {processor.py:809} INFO - DAG(s) dict_keys(['example_short_circuit_decorator']) retrieved from /home/airflow/.local/lib/python3.7/site-packages/airflow/example_dags/example_short_circuit_decorator.py
[2023-05-03T09:52:36.462+0000] {logging_mixin.py:149} INFO - [2023-05-03T09:52:36.462+0000] {dag.py:2726} INFO - Sync 1 DAGs
[2023-05-03T09:52:36.526+0000] {logging_mixin.py:149} INFO - [2023-05-03T09:52:36.525+0000] {dag.py:3490} INFO - Setting next_dagrun for example_short_circuit_decorator to 2023-05-02T09:52:36.525423+00:00, run_after=2023-05-03T09:52:36.525423+00:00
[2023-05-03T09:52:36.595+0000] {processor.py:178} INFO - Processing /home/airflow/.local/lib/python3.7/site-packages/airflow/example_dags/example_short_circuit_decorator.py took 0.242 seconds
[2023-05-03T09:53:06.878+0000] {processor.py:156} INFO - Started process (PID=2718) to work on /home/airflow/.local/lib/python3.7/site-packages/airflow/example_dags/example_short_circuit_decorator.py
[2023-05-03T09:53:06.882+0000] {processor.py:799} INFO - Processing file /home/airflow/.local/lib/python3.7/site-packages/airflow/example_dags/example_short_circuit_decorator.py for tasks to queue
[2023-05-03T09:53:06.885+0000] {logging_mixin.py:149} INFO - [2023-05-03T09:53:06.885+0000] {dagbag.py:541} INFO - Filling up the DagBag from /home/airflow/.local/lib/python3.7/site-packages/airflow/example_dags/example_short_circuit_decorator.py
[2023-05-03T09:53:06.909+0000] {processor.py:809} INFO - DAG(s) dict_keys(['example_short_circuit_decorator']) retrieved from /home/airflow/.local/lib/python3.7/site-packages/airflow/example_dags/example_short_circuit_decorator.py
[2023-05-03T09:53:06.973+0000] {logging_mixin.py:149} INFO - [2023-05-03T09:53:06.973+0000] {dag.py:2726} INFO - Sync 1 DAGs
[2023-05-03T09:53:07.018+0000] {logging_mixin.py:149} INFO - [2023-05-03T09:53:07.018+0000] {dag.py:3490} INFO - Setting next_dagrun for example_short_circuit_decorator to 2023-05-02T09:53:07.017517+00:00, run_after=2023-05-03T09:53:07.017517+00:00
[2023-05-03T09:53:07.054+0000] {processor.py:178} INFO - Processing /home/airflow/.local/lib/python3.7/site-packages/airflow/example_dags/example_short_circuit_decorator.py took 0.182 seconds
[2023-05-03T09:53:37.912+0000] {processor.py:156} INFO - Started process (PID=2952) to work on /home/airflow/.local/lib/python3.7/site-packages/airflow/example_dags/example_short_circuit_decorator.py
[2023-05-03T09:53:37.919+0000] {processor.py:799} INFO - Processing file /home/airflow/.local/lib/python3.7/site-packages/airflow/example_dags/example_short_circuit_decorator.py for tasks to queue
[2023-05-03T09:53:37.921+0000] {logging_mixin.py:149} INFO - [2023-05-03T09:53:37.921+0000] {dagbag.py:541} INFO - Filling up the DagBag from /home/airflow/.local/lib/python3.7/site-packages/airflow/example_dags/example_short_circuit_decorator.py
[2023-05-03T09:53:37.959+0000] {processor.py:809} INFO - DAG(s) dict_keys(['example_short_circuit_decorator']) retrieved from /home/airflow/.local/lib/python3.7/site-packages/airflow/example_dags/example_short_circuit_decorator.py
[2023-05-03T09:53:38.052+0000] {logging_mixin.py:149} INFO - [2023-05-03T09:53:38.051+0000] {dag.py:2726} INFO - Sync 1 DAGs
[2023-05-03T09:53:38.475+0000] {logging_mixin.py:149} INFO - [2023-05-03T09:53:38.474+0000] {dag.py:3490} INFO - Setting next_dagrun for example_short_circuit_decorator to 2023-05-02T09:53:38.474433+00:00, run_after=2023-05-03T09:53:38.474433+00:00
[2023-05-03T09:53:38.538+0000] {processor.py:178} INFO - Processing /home/airflow/.local/lib/python3.7/site-packages/airflow/example_dags/example_short_circuit_decorator.py took 0.640 seconds
[2023-05-03T09:54:22.868+0000] {processor.py:156} INFO - Started process (PID=3166) to work on /home/airflow/.local/lib/python3.7/site-packages/airflow/example_dags/example_short_circuit_decorator.py
[2023-05-03T09:54:22.923+0000] {processor.py:799} INFO - Processing file /home/airflow/.local/lib/python3.7/site-packages/airflow/example_dags/example_short_circuit_decorator.py for tasks to queue
[2023-05-03T09:54:23.002+0000] {logging_mixin.py:149} INFO - [2023-05-03T09:54:23.001+0000] {dagbag.py:541} INFO - Filling up the DagBag from /home/airflow/.local/lib/python3.7/site-packages/airflow/example_dags/example_short_circuit_decorator.py
[2023-05-03T09:54:23.363+0000] {processor.py:809} INFO - DAG(s) dict_keys(['example_short_circuit_decorator']) retrieved from /home/airflow/.local/lib/python3.7/site-packages/airflow/example_dags/example_short_circuit_decorator.py
[2023-05-03T09:54:23.804+0000] {logging_mixin.py:149} INFO - [2023-05-03T09:54:23.804+0000] {dag.py:2726} INFO - Sync 1 DAGs
[2023-05-03T09:54:24.374+0000] {logging_mixin.py:149} INFO - [2023-05-03T09:54:24.373+0000] {dag.py:3490} INFO - Setting next_dagrun for example_short_circuit_decorator to 2023-05-02T09:54:24.371371+00:00, run_after=2023-05-03T09:54:24.371371+00:00
[2023-05-03T09:54:24.655+0000] {processor.py:178} INFO - Processing /home/airflow/.local/lib/python3.7/site-packages/airflow/example_dags/example_short_circuit_decorator.py took 1.855 seconds
[2023-05-03T09:55:02.347+0000] {processor.py:156} INFO - Started process (PID=3392) to work on /home/airflow/.local/lib/python3.7/site-packages/airflow/example_dags/example_short_circuit_decorator.py
[2023-05-03T09:55:02.358+0000] {processor.py:799} INFO - Processing file /home/airflow/.local/lib/python3.7/site-packages/airflow/example_dags/example_short_circuit_decorator.py for tasks to queue
[2023-05-03T09:55:02.360+0000] {logging_mixin.py:149} INFO - [2023-05-03T09:55:02.360+0000] {dagbag.py:541} INFO - Filling up the DagBag from /home/airflow/.local/lib/python3.7/site-packages/airflow/example_dags/example_short_circuit_decorator.py
[2023-05-03T09:55:02.397+0000] {processor.py:809} INFO - DAG(s) dict_keys(['example_short_circuit_decorator']) retrieved from /home/airflow/.local/lib/python3.7/site-packages/airflow/example_dags/example_short_circuit_decorator.py
[2023-05-03T09:55:02.464+0000] {logging_mixin.py:149} INFO - [2023-05-03T09:55:02.464+0000] {dag.py:2726} INFO - Sync 1 DAGs
[2023-05-03T09:55:02.551+0000] {logging_mixin.py:149} INFO - [2023-05-03T09:55:02.549+0000] {dag.py:3490} INFO - Setting next_dagrun for example_short_circuit_decorator to 2023-05-02T09:55:02.549560+00:00, run_after=2023-05-03T09:55:02.549560+00:00
[2023-05-03T09:55:02.618+0000] {processor.py:178} INFO - Processing /home/airflow/.local/lib/python3.7/site-packages/airflow/example_dags/example_short_circuit_decorator.py took 0.280 seconds
[2023-05-03T09:55:33.158+0000] {processor.py:156} INFO - Started process (PID=3619) to work on /home/airflow/.local/lib/python3.7/site-packages/airflow/example_dags/example_short_circuit_decorator.py
[2023-05-03T09:55:33.173+0000] {processor.py:799} INFO - Processing file /home/airflow/.local/lib/python3.7/site-packages/airflow/example_dags/example_short_circuit_decorator.py for tasks to queue
[2023-05-03T09:55:33.175+0000] {logging_mixin.py:149} INFO - [2023-05-03T09:55:33.174+0000] {dagbag.py:541} INFO - Filling up the DagBag from /home/airflow/.local/lib/python3.7/site-packages/airflow/example_dags/example_short_circuit_decorator.py
[2023-05-03T09:55:33.217+0000] {processor.py:809} INFO - DAG(s) dict_keys(['example_short_circuit_decorator']) retrieved from /home/airflow/.local/lib/python3.7/site-packages/airflow/example_dags/example_short_circuit_decorator.py
[2023-05-03T09:55:33.310+0000] {logging_mixin.py:149} INFO - [2023-05-03T09:55:33.310+0000] {dag.py:2726} INFO - Sync 1 DAGs
[2023-05-03T09:55:33.415+0000] {logging_mixin.py:149} INFO - [2023-05-03T09:55:33.415+0000] {dag.py:3490} INFO - Setting next_dagrun for example_short_circuit_decorator to 2023-05-02T09:55:33.414581+00:00, run_after=2023-05-03T09:55:33.414581+00:00
[2023-05-03T09:55:34.132+0000] {processor.py:178} INFO - Processing /home/airflow/.local/lib/python3.7/site-packages/airflow/example_dags/example_short_circuit_decorator.py took 0.978 seconds
[2023-05-03T09:56:07.202+0000] {processor.py:156} INFO - Started process (PID=3855) to work on /home/airflow/.local/lib/python3.7/site-packages/airflow/example_dags/example_short_circuit_decorator.py
[2023-05-03T09:56:07.213+0000] {processor.py:799} INFO - Processing file /home/airflow/.local/lib/python3.7/site-packages/airflow/example_dags/example_short_circuit_decorator.py for tasks to queue
[2023-05-03T09:56:07.227+0000] {logging_mixin.py:149} INFO - [2023-05-03T09:56:07.227+0000] {dagbag.py:541} INFO - Filling up the DagBag from /home/airflow/.local/lib/python3.7/site-packages/airflow/example_dags/example_short_circuit_decorator.py
[2023-05-03T09:56:07.277+0000] {processor.py:809} INFO - DAG(s) dict_keys(['example_short_circuit_decorator']) retrieved from /home/airflow/.local/lib/python3.7/site-packages/airflow/example_dags/example_short_circuit_decorator.py
[2023-05-03T09:56:07.412+0000] {logging_mixin.py:149} INFO - [2023-05-03T09:56:07.412+0000] {dag.py:2726} INFO - Sync 1 DAGs
[2023-05-03T09:56:07.503+0000] {logging_mixin.py:149} INFO - [2023-05-03T09:56:07.503+0000] {dag.py:3490} INFO - Setting next_dagrun for example_short_circuit_decorator to 2023-05-02T09:56:07.502676+00:00, run_after=2023-05-03T09:56:07.502676+00:00
[2023-05-03T09:56:07.603+0000] {processor.py:178} INFO - Processing /home/airflow/.local/lib/python3.7/site-packages/airflow/example_dags/example_short_circuit_decorator.py took 0.406 seconds
[2023-05-03T09:56:38.945+0000] {processor.py:156} INFO - Started process (PID=4090) to work on /home/airflow/.local/lib/python3.7/site-packages/airflow/example_dags/example_short_circuit_decorator.py
[2023-05-03T09:56:38.947+0000] {processor.py:799} INFO - Processing file /home/airflow/.local/lib/python3.7/site-packages/airflow/example_dags/example_short_circuit_decorator.py for tasks to queue
[2023-05-03T09:56:38.949+0000] {logging_mixin.py:149} INFO - [2023-05-03T09:56:38.948+0000] {dagbag.py:541} INFO - Filling up the DagBag from /home/airflow/.local/lib/python3.7/site-packages/airflow/example_dags/example_short_circuit_decorator.py
[2023-05-03T09:56:38.980+0000] {processor.py:809} INFO - DAG(s) dict_keys(['example_short_circuit_decorator']) retrieved from /home/airflow/.local/lib/python3.7/site-packages/airflow/example_dags/example_short_circuit_decorator.py
[2023-05-03T09:56:39.048+0000] {logging_mixin.py:149} INFO - [2023-05-03T09:56:39.047+0000] {dag.py:2726} INFO - Sync 1 DAGs
[2023-05-03T09:56:39.443+0000] {logging_mixin.py:149} INFO - [2023-05-03T09:56:39.442+0000] {dag.py:3490} INFO - Setting next_dagrun for example_short_circuit_decorator to 2023-05-02T09:56:39.442585+00:00, run_after=2023-05-03T09:56:39.442585+00:00
[2023-05-03T09:56:39.493+0000] {processor.py:178} INFO - Processing /home/airflow/.local/lib/python3.7/site-packages/airflow/example_dags/example_short_circuit_decorator.py took 0.553 seconds
[2023-05-03T09:57:09.808+0000] {processor.py:156} INFO - Started process (PID=4322) to work on /home/airflow/.local/lib/python3.7/site-packages/airflow/example_dags/example_short_circuit_decorator.py
[2023-05-03T09:57:09.810+0000] {processor.py:799} INFO - Processing file /home/airflow/.local/lib/python3.7/site-packages/airflow/example_dags/example_short_circuit_decorator.py for tasks to queue
[2023-05-03T09:57:09.811+0000] {logging_mixin.py:149} INFO - [2023-05-03T09:57:09.811+0000] {dagbag.py:541} INFO - Filling up the DagBag from /home/airflow/.local/lib/python3.7/site-packages/airflow/example_dags/example_short_circuit_decorator.py
[2023-05-03T09:57:09.833+0000] {processor.py:809} INFO - DAG(s) dict_keys(['example_short_circuit_decorator']) retrieved from /home/airflow/.local/lib/python3.7/site-packages/airflow/example_dags/example_short_circuit_decorator.py
[2023-05-03T09:57:09.908+0000] {logging_mixin.py:149} INFO - [2023-05-03T09:57:09.908+0000] {dag.py:2726} INFO - Sync 1 DAGs
[2023-05-03T09:57:09.982+0000] {logging_mixin.py:149} INFO - [2023-05-03T09:57:09.982+0000] {dag.py:3490} INFO - Setting next_dagrun for example_short_circuit_decorator to 2023-05-02T09:57:09.980426+00:00, run_after=2023-05-03T09:57:09.980426+00:00
[2023-05-03T09:57:10.032+0000] {processor.py:178} INFO - Processing /home/airflow/.local/lib/python3.7/site-packages/airflow/example_dags/example_short_circuit_decorator.py took 0.233 seconds
[2023-05-03T09:57:51.084+0000] {processor.py:156} INFO - Started process (PID=4476) to work on /home/airflow/.local/lib/python3.7/site-packages/airflow/example_dags/example_short_circuit_decorator.py
[2023-05-03T09:57:51.086+0000] {processor.py:799} INFO - Processing file /home/airflow/.local/lib/python3.7/site-packages/airflow/example_dags/example_short_circuit_decorator.py for tasks to queue
[2023-05-03T09:57:51.088+0000] {logging_mixin.py:149} INFO - [2023-05-03T09:57:51.088+0000] {dagbag.py:541} INFO - Filling up the DagBag from /home/airflow/.local/lib/python3.7/site-packages/airflow/example_dags/example_short_circuit_decorator.py
[2023-05-03T09:57:51.121+0000] {processor.py:809} INFO - DAG(s) dict_keys(['example_short_circuit_decorator']) retrieved from /home/airflow/.local/lib/python3.7/site-packages/airflow/example_dags/example_short_circuit_decorator.py
[2023-05-03T09:57:51.214+0000] {logging_mixin.py:149} INFO - [2023-05-03T09:57:51.214+0000] {dag.py:2726} INFO - Sync 1 DAGs
[2023-05-03T09:57:51.777+0000] {logging_mixin.py:149} INFO - [2023-05-03T09:57:51.776+0000] {dag.py:3490} INFO - Setting next_dagrun for example_short_circuit_decorator to 2023-05-02T09:57:51.775501+00:00, run_after=2023-05-03T09:57:51.775501+00:00
[2023-05-03T09:57:51.851+0000] {processor.py:178} INFO - Processing /home/airflow/.local/lib/python3.7/site-packages/airflow/example_dags/example_short_circuit_decorator.py took 0.746 seconds
[2023-05-03T09:58:21.976+0000] {processor.py:156} INFO - Started process (PID=4714) to work on /home/airflow/.local/lib/python3.7/site-packages/airflow/example_dags/example_short_circuit_decorator.py
[2023-05-03T09:58:21.988+0000] {processor.py:799} INFO - Processing file /home/airflow/.local/lib/python3.7/site-packages/airflow/example_dags/example_short_circuit_decorator.py for tasks to queue
[2023-05-03T09:58:21.990+0000] {logging_mixin.py:149} INFO - [2023-05-03T09:58:21.990+0000] {dagbag.py:541} INFO - Filling up the DagBag from /home/airflow/.local/lib/python3.7/site-packages/airflow/example_dags/example_short_circuit_decorator.py
[2023-05-03T09:58:22.009+0000] {processor.py:809} INFO - DAG(s) dict_keys(['example_short_circuit_decorator']) retrieved from /home/airflow/.local/lib/python3.7/site-packages/airflow/example_dags/example_short_circuit_decorator.py
[2023-05-03T09:58:22.052+0000] {logging_mixin.py:149} INFO - [2023-05-03T09:58:22.052+0000] {dag.py:2726} INFO - Sync 1 DAGs
[2023-05-03T09:58:22.105+0000] {logging_mixin.py:149} INFO - [2023-05-03T09:58:22.105+0000] {dag.py:3490} INFO - Setting next_dagrun for example_short_circuit_decorator to 2023-05-02T09:58:22.105051+00:00, run_after=2023-05-03T09:58:22.105051+00:00
[2023-05-03T09:58:22.163+0000] {processor.py:178} INFO - Processing /home/airflow/.local/lib/python3.7/site-packages/airflow/example_dags/example_short_circuit_decorator.py took 0.192 seconds
[2023-05-03T09:58:53.374+0000] {processor.py:156} INFO - Started process (PID=4951) to work on /home/airflow/.local/lib/python3.7/site-packages/airflow/example_dags/example_short_circuit_decorator.py
[2023-05-03T09:58:53.376+0000] {processor.py:799} INFO - Processing file /home/airflow/.local/lib/python3.7/site-packages/airflow/example_dags/example_short_circuit_decorator.py for tasks to queue
[2023-05-03T09:58:53.378+0000] {logging_mixin.py:149} INFO - [2023-05-03T09:58:53.378+0000] {dagbag.py:541} INFO - Filling up the DagBag from /home/airflow/.local/lib/python3.7/site-packages/airflow/example_dags/example_short_circuit_decorator.py
[2023-05-03T09:58:53.407+0000] {processor.py:809} INFO - DAG(s) dict_keys(['example_short_circuit_decorator']) retrieved from /home/airflow/.local/lib/python3.7/site-packages/airflow/example_dags/example_short_circuit_decorator.py
[2023-05-03T09:58:53.483+0000] {logging_mixin.py:149} INFO - [2023-05-03T09:58:53.482+0000] {dag.py:2726} INFO - Sync 1 DAGs
[2023-05-03T09:58:53.792+0000] {logging_mixin.py:149} INFO - [2023-05-03T09:58:53.790+0000] {dag.py:3490} INFO - Setting next_dagrun for example_short_circuit_decorator to 2023-05-02T09:58:53.789687+00:00, run_after=2023-05-03T09:58:53.789687+00:00
[2023-05-03T09:58:53.877+0000] {processor.py:178} INFO - Processing /home/airflow/.local/lib/python3.7/site-packages/airflow/example_dags/example_short_circuit_decorator.py took 0.508 seconds
[2023-05-03T09:59:24.109+0000] {processor.py:156} INFO - Started process (PID=5187) to work on /home/airflow/.local/lib/python3.7/site-packages/airflow/example_dags/example_short_circuit_decorator.py
[2023-05-03T09:59:24.111+0000] {processor.py:799} INFO - Processing file /home/airflow/.local/lib/python3.7/site-packages/airflow/example_dags/example_short_circuit_decorator.py for tasks to queue
[2023-05-03T09:59:24.118+0000] {logging_mixin.py:149} INFO - [2023-05-03T09:59:24.117+0000] {dagbag.py:541} INFO - Filling up the DagBag from /home/airflow/.local/lib/python3.7/site-packages/airflow/example_dags/example_short_circuit_decorator.py
[2023-05-03T09:59:24.306+0000] {processor.py:809} INFO - DAG(s) dict_keys(['example_short_circuit_decorator']) retrieved from /home/airflow/.local/lib/python3.7/site-packages/airflow/example_dags/example_short_circuit_decorator.py
[2023-05-03T09:59:24.370+0000] {logging_mixin.py:149} INFO - [2023-05-03T09:59:24.368+0000] {dag.py:2726} INFO - Sync 1 DAGs
[2023-05-03T09:59:24.415+0000] {logging_mixin.py:149} INFO - [2023-05-03T09:59:24.415+0000] {dag.py:3490} INFO - Setting next_dagrun for example_short_circuit_decorator to 2023-05-02T09:59:24.415053+00:00, run_after=2023-05-03T09:59:24.415053+00:00
[2023-05-03T09:59:24.467+0000] {processor.py:178} INFO - Processing /home/airflow/.local/lib/python3.7/site-packages/airflow/example_dags/example_short_circuit_decorator.py took 0.362 seconds
[2023-05-03T09:59:54.651+0000] {processor.py:156} INFO - Started process (PID=5423) to work on /home/airflow/.local/lib/python3.7/site-packages/airflow/example_dags/example_short_circuit_decorator.py
[2023-05-03T09:59:54.654+0000] {processor.py:799} INFO - Processing file /home/airflow/.local/lib/python3.7/site-packages/airflow/example_dags/example_short_circuit_decorator.py for tasks to queue
[2023-05-03T09:59:54.655+0000] {logging_mixin.py:149} INFO - [2023-05-03T09:59:54.655+0000] {dagbag.py:541} INFO - Filling up the DagBag from /home/airflow/.local/lib/python3.7/site-packages/airflow/example_dags/example_short_circuit_decorator.py
[2023-05-03T09:59:54.672+0000] {processor.py:809} INFO - DAG(s) dict_keys(['example_short_circuit_decorator']) retrieved from /home/airflow/.local/lib/python3.7/site-packages/airflow/example_dags/example_short_circuit_decorator.py
[2023-05-03T09:59:54.713+0000] {logging_mixin.py:149} INFO - [2023-05-03T09:59:54.712+0000] {dag.py:2726} INFO - Sync 1 DAGs
[2023-05-03T09:59:54.757+0000] {logging_mixin.py:149} INFO - [2023-05-03T09:59:54.757+0000] {dag.py:3490} INFO - Setting next_dagrun for example_short_circuit_decorator to 2023-05-02T09:59:54.756890+00:00, run_after=2023-05-03T09:59:54.756890+00:00
[2023-05-03T09:59:54.789+0000] {processor.py:178} INFO - Processing /home/airflow/.local/lib/python3.7/site-packages/airflow/example_dags/example_short_circuit_decorator.py took 0.146 seconds
[2023-05-03T10:00:25.037+0000] {processor.py:156} INFO - Started process (PID=5657) to work on /home/airflow/.local/lib/python3.7/site-packages/airflow/example_dags/example_short_circuit_decorator.py
[2023-05-03T10:00:25.039+0000] {processor.py:799} INFO - Processing file /home/airflow/.local/lib/python3.7/site-packages/airflow/example_dags/example_short_circuit_decorator.py for tasks to queue
[2023-05-03T10:00:25.048+0000] {logging_mixin.py:149} INFO - [2023-05-03T10:00:25.044+0000] {dagbag.py:541} INFO - Filling up the DagBag from /home/airflow/.local/lib/python3.7/site-packages/airflow/example_dags/example_short_circuit_decorator.py
[2023-05-03T10:00:25.073+0000] {processor.py:809} INFO - DAG(s) dict_keys(['example_short_circuit_decorator']) retrieved from /home/airflow/.local/lib/python3.7/site-packages/airflow/example_dags/example_short_circuit_decorator.py
[2023-05-03T10:00:25.164+0000] {logging_mixin.py:149} INFO - [2023-05-03T10:00:25.163+0000] {dag.py:2726} INFO - Sync 1 DAGs
[2023-05-03T10:00:25.226+0000] {logging_mixin.py:149} INFO - [2023-05-03T10:00:25.226+0000] {dag.py:3490} INFO - Setting next_dagrun for example_short_circuit_decorator to 2023-05-02T10:00:25.226099+00:00, run_after=2023-05-03T10:00:25.226099+00:00
[2023-05-03T10:00:25.260+0000] {processor.py:178} INFO - Processing /home/airflow/.local/lib/python3.7/site-packages/airflow/example_dags/example_short_circuit_decorator.py took 0.227 seconds
[2023-05-03T10:00:56.197+0000] {processor.py:156} INFO - Started process (PID=5895) to work on /home/airflow/.local/lib/python3.7/site-packages/airflow/example_dags/example_short_circuit_decorator.py
[2023-05-03T10:00:56.199+0000] {processor.py:799} INFO - Processing file /home/airflow/.local/lib/python3.7/site-packages/airflow/example_dags/example_short_circuit_decorator.py for tasks to queue
[2023-05-03T10:00:56.201+0000] {logging_mixin.py:149} INFO - [2023-05-03T10:00:56.201+0000] {dagbag.py:541} INFO - Filling up the DagBag from /home/airflow/.local/lib/python3.7/site-packages/airflow/example_dags/example_short_circuit_decorator.py
[2023-05-03T10:00:56.216+0000] {processor.py:809} INFO - DAG(s) dict_keys(['example_short_circuit_decorator']) retrieved from /home/airflow/.local/lib/python3.7/site-packages/airflow/example_dags/example_short_circuit_decorator.py
[2023-05-03T10:00:56.258+0000] {logging_mixin.py:149} INFO - [2023-05-03T10:00:56.258+0000] {dag.py:2726} INFO - Sync 1 DAGs
[2023-05-03T10:00:56.300+0000] {logging_mixin.py:149} INFO - [2023-05-03T10:00:56.300+0000] {dag.py:3490} INFO - Setting next_dagrun for example_short_circuit_decorator to 2023-05-02T10:00:56.299634+00:00, run_after=2023-05-03T10:00:56.299634+00:00
[2023-05-03T10:00:56.332+0000] {processor.py:178} INFO - Processing /home/airflow/.local/lib/python3.7/site-packages/airflow/example_dags/example_short_circuit_decorator.py took 0.140 seconds
[2023-05-03T10:01:27.155+0000] {processor.py:156} INFO - Started process (PID=6131) to work on /home/airflow/.local/lib/python3.7/site-packages/airflow/example_dags/example_short_circuit_decorator.py
[2023-05-03T10:01:27.157+0000] {processor.py:799} INFO - Processing file /home/airflow/.local/lib/python3.7/site-packages/airflow/example_dags/example_short_circuit_decorator.py for tasks to queue
[2023-05-03T10:01:27.158+0000] {logging_mixin.py:149} INFO - [2023-05-03T10:01:27.158+0000] {dagbag.py:541} INFO - Filling up the DagBag from /home/airflow/.local/lib/python3.7/site-packages/airflow/example_dags/example_short_circuit_decorator.py
[2023-05-03T10:01:27.172+0000] {processor.py:809} INFO - DAG(s) dict_keys(['example_short_circuit_decorator']) retrieved from /home/airflow/.local/lib/python3.7/site-packages/airflow/example_dags/example_short_circuit_decorator.py
[2023-05-03T10:01:27.214+0000] {logging_mixin.py:149} INFO - [2023-05-03T10:01:27.214+0000] {dag.py:2726} INFO - Sync 1 DAGs
[2023-05-03T10:01:27.254+0000] {logging_mixin.py:149} INFO - [2023-05-03T10:01:27.254+0000] {dag.py:3490} INFO - Setting next_dagrun for example_short_circuit_decorator to 2023-05-02T10:01:27.254171+00:00, run_after=2023-05-03T10:01:27.254171+00:00
[2023-05-03T10:01:27.286+0000] {processor.py:178} INFO - Processing /home/airflow/.local/lib/python3.7/site-packages/airflow/example_dags/example_short_circuit_decorator.py took 0.136 seconds
[2023-05-03T10:45:29.931+0000] {processor.py:156} INFO - Started process (PID=6367) to work on /home/airflow/.local/lib/python3.7/site-packages/airflow/example_dags/example_short_circuit_decorator.py
[2023-05-03T10:45:29.981+0000] {processor.py:799} INFO - Processing file /home/airflow/.local/lib/python3.7/site-packages/airflow/example_dags/example_short_circuit_decorator.py for tasks to queue
[2023-05-03T10:45:30.008+0000] {logging_mixin.py:149} INFO - [2023-05-03T10:45:30.007+0000] {dagbag.py:541} INFO - Filling up the DagBag from /home/airflow/.local/lib/python3.7/site-packages/airflow/example_dags/example_short_circuit_decorator.py
[2023-05-03T10:45:30.167+0000] {processor.py:809} INFO - DAG(s) dict_keys(['example_short_circuit_decorator']) retrieved from /home/airflow/.local/lib/python3.7/site-packages/airflow/example_dags/example_short_circuit_decorator.py
[2023-05-03T10:45:30.987+0000] {logging_mixin.py:149} INFO - [2023-05-03T10:45:30.986+0000] {dag.py:2726} INFO - Sync 1 DAGs
[2023-05-03T10:45:31.172+0000] {logging_mixin.py:149} INFO - [2023-05-03T10:45:31.172+0000] {dag.py:3490} INFO - Setting next_dagrun for example_short_circuit_decorator to 2023-05-02T10:45:31.169045+00:00, run_after=2023-05-03T10:45:31.169045+00:00
[2023-05-03T10:45:31.306+0000] {processor.py:178} INFO - Processing /home/airflow/.local/lib/python3.7/site-packages/airflow/example_dags/example_short_circuit_decorator.py took 1.573 seconds
[2023-05-03T10:46:12.068+0000] {processor.py:156} INFO - Started process (PID=6611) to work on /home/airflow/.local/lib/python3.7/site-packages/airflow/example_dags/example_short_circuit_decorator.py
[2023-05-03T10:46:12.087+0000] {processor.py:799} INFO - Processing file /home/airflow/.local/lib/python3.7/site-packages/airflow/example_dags/example_short_circuit_decorator.py for tasks to queue
[2023-05-03T10:46:12.113+0000] {logging_mixin.py:149} INFO - [2023-05-03T10:46:12.112+0000] {dagbag.py:541} INFO - Filling up the DagBag from /home/airflow/.local/lib/python3.7/site-packages/airflow/example_dags/example_short_circuit_decorator.py
[2023-05-03T10:46:12.163+0000] {processor.py:809} INFO - DAG(s) dict_keys(['example_short_circuit_decorator']) retrieved from /home/airflow/.local/lib/python3.7/site-packages/airflow/example_dags/example_short_circuit_decorator.py
[2023-05-03T10:46:12.365+0000] {logging_mixin.py:149} INFO - [2023-05-03T10:46:12.364+0000] {dag.py:2726} INFO - Sync 1 DAGs
[2023-05-03T10:46:12.611+0000] {logging_mixin.py:149} INFO - [2023-05-03T10:46:12.611+0000] {dag.py:3490} INFO - Setting next_dagrun for example_short_circuit_decorator to 2023-05-02T10:46:12.610171+00:00, run_after=2023-05-03T10:46:12.610171+00:00
[2023-05-03T10:46:12.783+0000] {processor.py:178} INFO - Processing /home/airflow/.local/lib/python3.7/site-packages/airflow/example_dags/example_short_circuit_decorator.py took 0.731 seconds
[2023-05-03T10:47:30.042+0000] {processor.py:156} INFO - Started process (PID=6762) to work on /home/airflow/.local/lib/python3.7/site-packages/airflow/example_dags/example_short_circuit_decorator.py
[2023-05-03T10:47:30.054+0000] {processor.py:799} INFO - Processing file /home/airflow/.local/lib/python3.7/site-packages/airflow/example_dags/example_short_circuit_decorator.py for tasks to queue
[2023-05-03T10:47:30.056+0000] {logging_mixin.py:149} INFO - [2023-05-03T10:47:30.055+0000] {dagbag.py:541} INFO - Filling up the DagBag from /home/airflow/.local/lib/python3.7/site-packages/airflow/example_dags/example_short_circuit_decorator.py
[2023-05-03T10:47:30.088+0000] {processor.py:809} INFO - DAG(s) dict_keys(['example_short_circuit_decorator']) retrieved from /home/airflow/.local/lib/python3.7/site-packages/airflow/example_dags/example_short_circuit_decorator.py
[2023-05-03T10:47:30.221+0000] {logging_mixin.py:149} INFO - [2023-05-03T10:47:30.221+0000] {dag.py:2726} INFO - Sync 1 DAGs
[2023-05-03T10:47:30.350+0000] {logging_mixin.py:149} INFO - [2023-05-03T10:47:30.350+0000] {dag.py:3490} INFO - Setting next_dagrun for example_short_circuit_decorator to 2023-05-02T10:47:30.349685+00:00, run_after=2023-05-03T10:47:30.349685+00:00
[2023-05-03T10:47:30.539+0000] {processor.py:178} INFO - Processing /home/airflow/.local/lib/python3.7/site-packages/airflow/example_dags/example_short_circuit_decorator.py took 0.503 seconds
[2023-05-03T10:48:01.452+0000] {processor.py:156} INFO - Started process (PID=6997) to work on /home/airflow/.local/lib/python3.7/site-packages/airflow/example_dags/example_short_circuit_decorator.py
[2023-05-03T10:48:01.455+0000] {processor.py:799} INFO - Processing file /home/airflow/.local/lib/python3.7/site-packages/airflow/example_dags/example_short_circuit_decorator.py for tasks to queue
[2023-05-03T10:48:01.460+0000] {logging_mixin.py:149} INFO - [2023-05-03T10:48:01.459+0000] {dagbag.py:541} INFO - Filling up the DagBag from /home/airflow/.local/lib/python3.7/site-packages/airflow/example_dags/example_short_circuit_decorator.py
[2023-05-03T10:48:01.486+0000] {processor.py:809} INFO - DAG(s) dict_keys(['example_short_circuit_decorator']) retrieved from /home/airflow/.local/lib/python3.7/site-packages/airflow/example_dags/example_short_circuit_decorator.py
[2023-05-03T10:48:01.549+0000] {logging_mixin.py:149} INFO - [2023-05-03T10:48:01.549+0000] {dag.py:2726} INFO - Sync 1 DAGs
[2023-05-03T10:48:01.601+0000] {logging_mixin.py:149} INFO - [2023-05-03T10:48:01.600+0000] {dag.py:3490} INFO - Setting next_dagrun for example_short_circuit_decorator to 2023-05-02T10:48:01.600533+00:00, run_after=2023-05-03T10:48:01.600533+00:00
[2023-05-03T10:48:01.643+0000] {processor.py:178} INFO - Processing /home/airflow/.local/lib/python3.7/site-packages/airflow/example_dags/example_short_circuit_decorator.py took 0.195 seconds
[2023-05-03T10:48:32.103+0000] {processor.py:156} INFO - Started process (PID=7233) to work on /home/airflow/.local/lib/python3.7/site-packages/airflow/example_dags/example_short_circuit_decorator.py
[2023-05-03T10:48:32.108+0000] {processor.py:799} INFO - Processing file /home/airflow/.local/lib/python3.7/site-packages/airflow/example_dags/example_short_circuit_decorator.py for tasks to queue
[2023-05-03T10:48:32.111+0000] {logging_mixin.py:149} INFO - [2023-05-03T10:48:32.110+0000] {dagbag.py:541} INFO - Filling up the DagBag from /home/airflow/.local/lib/python3.7/site-packages/airflow/example_dags/example_short_circuit_decorator.py
[2023-05-03T10:48:32.138+0000] {processor.py:809} INFO - DAG(s) dict_keys(['example_short_circuit_decorator']) retrieved from /home/airflow/.local/lib/python3.7/site-packages/airflow/example_dags/example_short_circuit_decorator.py
[2023-05-03T10:48:32.231+0000] {logging_mixin.py:149} INFO - [2023-05-03T10:48:32.230+0000] {dag.py:2726} INFO - Sync 1 DAGs
[2023-05-03T10:48:32.319+0000] {logging_mixin.py:149} INFO - [2023-05-03T10:48:32.319+0000] {dag.py:3490} INFO - Setting next_dagrun for example_short_circuit_decorator to 2023-05-02T10:48:32.319014+00:00, run_after=2023-05-03T10:48:32.319014+00:00
[2023-05-03T10:48:32.405+0000] {processor.py:178} INFO - Processing /home/airflow/.local/lib/python3.7/site-packages/airflow/example_dags/example_short_circuit_decorator.py took 0.307 seconds
[2023-05-03T10:49:06.640+0000] {processor.py:156} INFO - Started process (PID=7467) to work on /home/airflow/.local/lib/python3.7/site-packages/airflow/example_dags/example_short_circuit_decorator.py
[2023-05-03T10:49:06.659+0000] {processor.py:799} INFO - Processing file /home/airflow/.local/lib/python3.7/site-packages/airflow/example_dags/example_short_circuit_decorator.py for tasks to queue
[2023-05-03T10:49:06.663+0000] {logging_mixin.py:149} INFO - [2023-05-03T10:49:06.662+0000] {dagbag.py:541} INFO - Filling up the DagBag from /home/airflow/.local/lib/python3.7/site-packages/airflow/example_dags/example_short_circuit_decorator.py
[2023-05-03T10:49:06.715+0000] {processor.py:809} INFO - DAG(s) dict_keys(['example_short_circuit_decorator']) retrieved from /home/airflow/.local/lib/python3.7/site-packages/airflow/example_dags/example_short_circuit_decorator.py
[2023-05-03T10:49:07.094+0000] {logging_mixin.py:149} INFO - [2023-05-03T10:49:07.094+0000] {dag.py:2726} INFO - Sync 1 DAGs
[2023-05-03T10:49:07.242+0000] {logging_mixin.py:149} INFO - [2023-05-03T10:49:07.242+0000] {dag.py:3490} INFO - Setting next_dagrun for example_short_circuit_decorator to 2023-05-02T10:49:07.237070+00:00, run_after=2023-05-03T10:49:07.237070+00:00
[2023-05-03T10:49:07.418+0000] {processor.py:178} INFO - Processing /home/airflow/.local/lib/python3.7/site-packages/airflow/example_dags/example_short_circuit_decorator.py took 0.863 seconds
[2023-05-03T10:49:38.350+0000] {processor.py:156} INFO - Started process (PID=7696) to work on /home/airflow/.local/lib/python3.7/site-packages/airflow/example_dags/example_short_circuit_decorator.py
[2023-05-03T10:49:38.356+0000] {processor.py:799} INFO - Processing file /home/airflow/.local/lib/python3.7/site-packages/airflow/example_dags/example_short_circuit_decorator.py for tasks to queue
[2023-05-03T10:49:38.358+0000] {logging_mixin.py:149} INFO - [2023-05-03T10:49:38.358+0000] {dagbag.py:541} INFO - Filling up the DagBag from /home/airflow/.local/lib/python3.7/site-packages/airflow/example_dags/example_short_circuit_decorator.py
[2023-05-03T10:49:38.396+0000] {processor.py:809} INFO - DAG(s) dict_keys(['example_short_circuit_decorator']) retrieved from /home/airflow/.local/lib/python3.7/site-packages/airflow/example_dags/example_short_circuit_decorator.py
[2023-05-03T10:49:38.508+0000] {logging_mixin.py:149} INFO - [2023-05-03T10:49:38.508+0000] {dag.py:2726} INFO - Sync 1 DAGs
[2023-05-03T10:49:38.576+0000] {logging_mixin.py:149} INFO - [2023-05-03T10:49:38.576+0000] {dag.py:3490} INFO - Setting next_dagrun for example_short_circuit_decorator to 2023-05-02T10:49:38.576112+00:00, run_after=2023-05-03T10:49:38.576112+00:00
[2023-05-03T10:49:38.679+0000] {processor.py:178} INFO - Processing /home/airflow/.local/lib/python3.7/site-packages/airflow/example_dags/example_short_circuit_decorator.py took 0.345 seconds
[2023-05-03T10:50:11.109+0000] {processor.py:156} INFO - Started process (PID=7932) to work on /home/airflow/.local/lib/python3.7/site-packages/airflow/example_dags/example_short_circuit_decorator.py
[2023-05-03T10:50:11.123+0000] {processor.py:799} INFO - Processing file /home/airflow/.local/lib/python3.7/site-packages/airflow/example_dags/example_short_circuit_decorator.py for tasks to queue
[2023-05-03T10:50:11.130+0000] {logging_mixin.py:149} INFO - [2023-05-03T10:50:11.130+0000] {dagbag.py:541} INFO - Filling up the DagBag from /home/airflow/.local/lib/python3.7/site-packages/airflow/example_dags/example_short_circuit_decorator.py
[2023-05-03T10:50:11.171+0000] {processor.py:809} INFO - DAG(s) dict_keys(['example_short_circuit_decorator']) retrieved from /home/airflow/.local/lib/python3.7/site-packages/airflow/example_dags/example_short_circuit_decorator.py
[2023-05-03T10:50:11.326+0000] {logging_mixin.py:149} INFO - [2023-05-03T10:50:11.326+0000] {dag.py:2726} INFO - Sync 1 DAGs
[2023-05-03T10:50:11.447+0000] {logging_mixin.py:149} INFO - [2023-05-03T10:50:11.447+0000] {dag.py:3490} INFO - Setting next_dagrun for example_short_circuit_decorator to 2023-05-02T10:50:11.445772+00:00, run_after=2023-05-03T10:50:11.445772+00:00
[2023-05-03T10:50:11.556+0000] {processor.py:178} INFO - Processing /home/airflow/.local/lib/python3.7/site-packages/airflow/example_dags/example_short_circuit_decorator.py took 0.422 seconds
[2023-05-03T10:50:41.994+0000] {processor.py:156} INFO - Started process (PID=8164) to work on /home/airflow/.local/lib/python3.7/site-packages/airflow/example_dags/example_short_circuit_decorator.py
[2023-05-03T10:50:41.996+0000] {processor.py:799} INFO - Processing file /home/airflow/.local/lib/python3.7/site-packages/airflow/example_dags/example_short_circuit_decorator.py for tasks to queue
[2023-05-03T10:50:41.998+0000] {logging_mixin.py:149} INFO - [2023-05-03T10:50:41.998+0000] {dagbag.py:541} INFO - Filling up the DagBag from /home/airflow/.local/lib/python3.7/site-packages/airflow/example_dags/example_short_circuit_decorator.py
[2023-05-03T10:50:42.019+0000] {processor.py:809} INFO - DAG(s) dict_keys(['example_short_circuit_decorator']) retrieved from /home/airflow/.local/lib/python3.7/site-packages/airflow/example_dags/example_short_circuit_decorator.py
[2023-05-03T10:50:42.078+0000] {logging_mixin.py:149} INFO - [2023-05-03T10:50:42.078+0000] {dag.py:2726} INFO - Sync 1 DAGs
[2023-05-03T10:50:42.137+0000] {logging_mixin.py:149} INFO - [2023-05-03T10:50:42.137+0000] {dag.py:3490} INFO - Setting next_dagrun for example_short_circuit_decorator to 2023-05-02T10:50:42.137138+00:00, run_after=2023-05-03T10:50:42.137138+00:00
[2023-05-03T10:50:42.193+0000] {processor.py:178} INFO - Processing /home/airflow/.local/lib/python3.7/site-packages/airflow/example_dags/example_short_circuit_decorator.py took 0.209 seconds
[2023-05-03T10:51:12.337+0000] {processor.py:156} INFO - Started process (PID=8397) to work on /home/airflow/.local/lib/python3.7/site-packages/airflow/example_dags/example_short_circuit_decorator.py
[2023-05-03T10:51:12.340+0000] {processor.py:799} INFO - Processing file /home/airflow/.local/lib/python3.7/site-packages/airflow/example_dags/example_short_circuit_decorator.py for tasks to queue
[2023-05-03T10:51:12.345+0000] {logging_mixin.py:149} INFO - [2023-05-03T10:51:12.342+0000] {dagbag.py:541} INFO - Filling up the DagBag from /home/airflow/.local/lib/python3.7/site-packages/airflow/example_dags/example_short_circuit_decorator.py
[2023-05-03T10:51:12.406+0000] {processor.py:809} INFO - DAG(s) dict_keys(['example_short_circuit_decorator']) retrieved from /home/airflow/.local/lib/python3.7/site-packages/airflow/example_dags/example_short_circuit_decorator.py
[2023-05-03T10:51:12.563+0000] {logging_mixin.py:149} INFO - [2023-05-03T10:51:12.561+0000] {dag.py:2726} INFO - Sync 1 DAGs
[2023-05-03T10:51:12.661+0000] {logging_mixin.py:149} INFO - [2023-05-03T10:51:12.660+0000] {dag.py:3490} INFO - Setting next_dagrun for example_short_circuit_decorator to 2023-05-02T10:51:12.660511+00:00, run_after=2023-05-03T10:51:12.660511+00:00
[2023-05-03T10:51:12.728+0000] {processor.py:178} INFO - Processing /home/airflow/.local/lib/python3.7/site-packages/airflow/example_dags/example_short_circuit_decorator.py took 0.397 seconds
[2023-05-03T10:51:43.150+0000] {processor.py:156} INFO - Started process (PID=8628) to work on /home/airflow/.local/lib/python3.7/site-packages/airflow/example_dags/example_short_circuit_decorator.py
[2023-05-03T10:51:43.153+0000] {processor.py:799} INFO - Processing file /home/airflow/.local/lib/python3.7/site-packages/airflow/example_dags/example_short_circuit_decorator.py for tasks to queue
[2023-05-03T10:51:43.165+0000] {logging_mixin.py:149} INFO - [2023-05-03T10:51:43.157+0000] {dagbag.py:541} INFO - Filling up the DagBag from /home/airflow/.local/lib/python3.7/site-packages/airflow/example_dags/example_short_circuit_decorator.py
[2023-05-03T10:51:43.206+0000] {processor.py:809} INFO - DAG(s) dict_keys(['example_short_circuit_decorator']) retrieved from /home/airflow/.local/lib/python3.7/site-packages/airflow/example_dags/example_short_circuit_decorator.py
[2023-05-03T10:51:43.312+0000] {logging_mixin.py:149} INFO - [2023-05-03T10:51:43.312+0000] {dag.py:2726} INFO - Sync 1 DAGs
[2023-05-03T10:51:43.449+0000] {logging_mixin.py:149} INFO - [2023-05-03T10:51:43.449+0000] {dag.py:3490} INFO - Setting next_dagrun for example_short_circuit_decorator to 2023-05-02T10:51:43.431804+00:00, run_after=2023-05-03T10:51:43.431804+00:00
[2023-05-03T10:51:43.572+0000] {processor.py:178} INFO - Processing /home/airflow/.local/lib/python3.7/site-packages/airflow/example_dags/example_short_circuit_decorator.py took 0.437 seconds
[2023-05-03T10:52:13.878+0000] {processor.py:156} INFO - Started process (PID=8864) to work on /home/airflow/.local/lib/python3.7/site-packages/airflow/example_dags/example_short_circuit_decorator.py
[2023-05-03T10:52:13.880+0000] {processor.py:799} INFO - Processing file /home/airflow/.local/lib/python3.7/site-packages/airflow/example_dags/example_short_circuit_decorator.py for tasks to queue
[2023-05-03T10:52:13.881+0000] {logging_mixin.py:149} INFO - [2023-05-03T10:52:13.881+0000] {dagbag.py:541} INFO - Filling up the DagBag from /home/airflow/.local/lib/python3.7/site-packages/airflow/example_dags/example_short_circuit_decorator.py
[2023-05-03T10:52:13.910+0000] {processor.py:809} INFO - DAG(s) dict_keys(['example_short_circuit_decorator']) retrieved from /home/airflow/.local/lib/python3.7/site-packages/airflow/example_dags/example_short_circuit_decorator.py
[2023-05-03T10:52:14.031+0000] {logging_mixin.py:149} INFO - [2023-05-03T10:52:14.030+0000] {dag.py:2726} INFO - Sync 1 DAGs
[2023-05-03T10:52:14.108+0000] {logging_mixin.py:149} INFO - [2023-05-03T10:52:14.107+0000] {dag.py:3490} INFO - Setting next_dagrun for example_short_circuit_decorator to 2023-05-02T10:52:14.107286+00:00, run_after=2023-05-03T10:52:14.107286+00:00
[2023-05-03T10:52:14.166+0000] {processor.py:178} INFO - Processing /home/airflow/.local/lib/python3.7/site-packages/airflow/example_dags/example_short_circuit_decorator.py took 0.302 seconds
[2023-05-03T10:52:49.412+0000] {processor.py:156} INFO - Started process (PID=9099) to work on /home/airflow/.local/lib/python3.7/site-packages/airflow/example_dags/example_short_circuit_decorator.py
[2023-05-03T10:52:49.422+0000] {processor.py:799} INFO - Processing file /home/airflow/.local/lib/python3.7/site-packages/airflow/example_dags/example_short_circuit_decorator.py for tasks to queue
[2023-05-03T10:52:49.428+0000] {logging_mixin.py:149} INFO - [2023-05-03T10:52:49.428+0000] {dagbag.py:541} INFO - Filling up the DagBag from /home/airflow/.local/lib/python3.7/site-packages/airflow/example_dags/example_short_circuit_decorator.py
[2023-05-03T10:52:50.207+0000] {processor.py:809} INFO - DAG(s) dict_keys(['example_short_circuit_decorator']) retrieved from /home/airflow/.local/lib/python3.7/site-packages/airflow/example_dags/example_short_circuit_decorator.py
[2023-05-03T10:52:50.950+0000] {logging_mixin.py:149} INFO - [2023-05-03T10:52:50.945+0000] {dag.py:2726} INFO - Sync 1 DAGs
[2023-05-03T10:52:51.269+0000] {logging_mixin.py:149} INFO - [2023-05-03T10:52:51.268+0000] {dag.py:3490} INFO - Setting next_dagrun for example_short_circuit_decorator to 2023-05-02T10:52:51.255572+00:00, run_after=2023-05-03T10:52:51.255572+00:00
[2023-05-03T10:52:51.528+0000] {processor.py:178} INFO - Processing /home/airflow/.local/lib/python3.7/site-packages/airflow/example_dags/example_short_circuit_decorator.py took 2.276 seconds
[2023-05-03T10:53:24.657+0000] {processor.py:156} INFO - Started process (PID=9261) to work on /home/airflow/.local/lib/python3.7/site-packages/airflow/example_dags/example_short_circuit_decorator.py
[2023-05-03T10:53:24.669+0000] {processor.py:799} INFO - Processing file /home/airflow/.local/lib/python3.7/site-packages/airflow/example_dags/example_short_circuit_decorator.py for tasks to queue
[2023-05-03T10:53:24.673+0000] {logging_mixin.py:149} INFO - [2023-05-03T10:53:24.673+0000] {dagbag.py:541} INFO - Filling up the DagBag from /home/airflow/.local/lib/python3.7/site-packages/airflow/example_dags/example_short_circuit_decorator.py
[2023-05-03T10:53:24.729+0000] {processor.py:809} INFO - DAG(s) dict_keys(['example_short_circuit_decorator']) retrieved from /home/airflow/.local/lib/python3.7/site-packages/airflow/example_dags/example_short_circuit_decorator.py
[2023-05-03T10:53:24.845+0000] {logging_mixin.py:149} INFO - [2023-05-03T10:53:24.845+0000] {dag.py:2726} INFO - Sync 1 DAGs
[2023-05-03T10:53:24.987+0000] {logging_mixin.py:149} INFO - [2023-05-03T10:53:24.986+0000] {dag.py:3490} INFO - Setting next_dagrun for example_short_circuit_decorator to 2023-05-02T10:53:24.986400+00:00, run_after=2023-05-03T10:53:24.986400+00:00
[2023-05-03T10:53:25.120+0000] {processor.py:178} INFO - Processing /home/airflow/.local/lib/python3.7/site-packages/airflow/example_dags/example_short_circuit_decorator.py took 0.468 seconds
[2023-05-03T10:54:00.661+0000] {processor.py:156} INFO - Started process (PID=9497) to work on /home/airflow/.local/lib/python3.7/site-packages/airflow/example_dags/example_short_circuit_decorator.py
[2023-05-03T10:54:00.664+0000] {processor.py:799} INFO - Processing file /home/airflow/.local/lib/python3.7/site-packages/airflow/example_dags/example_short_circuit_decorator.py for tasks to queue
[2023-05-03T10:54:00.666+0000] {logging_mixin.py:149} INFO - [2023-05-03T10:54:00.666+0000] {dagbag.py:541} INFO - Filling up the DagBag from /home/airflow/.local/lib/python3.7/site-packages/airflow/example_dags/example_short_circuit_decorator.py
[2023-05-03T10:54:00.757+0000] {processor.py:809} INFO - DAG(s) dict_keys(['example_short_circuit_decorator']) retrieved from /home/airflow/.local/lib/python3.7/site-packages/airflow/example_dags/example_short_circuit_decorator.py
[2023-05-03T10:54:01.542+0000] {logging_mixin.py:149} INFO - [2023-05-03T10:54:01.542+0000] {dag.py:2726} INFO - Sync 1 DAGs
[2023-05-03T10:54:01.695+0000] {logging_mixin.py:149} INFO - [2023-05-03T10:54:01.694+0000] {dag.py:3490} INFO - Setting next_dagrun for example_short_circuit_decorator to 2023-05-02T10:54:01.680328+00:00, run_after=2023-05-03T10:54:01.680328+00:00
[2023-05-03T10:54:01.861+0000] {processor.py:178} INFO - Processing /home/airflow/.local/lib/python3.7/site-packages/airflow/example_dags/example_short_circuit_decorator.py took 1.221 seconds
[2023-05-03T10:54:32.370+0000] {processor.py:156} INFO - Started process (PID=9733) to work on /home/airflow/.local/lib/python3.7/site-packages/airflow/example_dags/example_short_circuit_decorator.py
[2023-05-03T10:54:32.373+0000] {processor.py:799} INFO - Processing file /home/airflow/.local/lib/python3.7/site-packages/airflow/example_dags/example_short_circuit_decorator.py for tasks to queue
[2023-05-03T10:54:32.374+0000] {logging_mixin.py:149} INFO - [2023-05-03T10:54:32.374+0000] {dagbag.py:541} INFO - Filling up the DagBag from /home/airflow/.local/lib/python3.7/site-packages/airflow/example_dags/example_short_circuit_decorator.py
[2023-05-03T10:54:32.425+0000] {processor.py:809} INFO - DAG(s) dict_keys(['example_short_circuit_decorator']) retrieved from /home/airflow/.local/lib/python3.7/site-packages/airflow/example_dags/example_short_circuit_decorator.py
[2023-05-03T10:54:32.572+0000] {logging_mixin.py:149} INFO - [2023-05-03T10:54:32.572+0000] {dag.py:2726} INFO - Sync 1 DAGs
[2023-05-03T10:54:32.682+0000] {logging_mixin.py:149} INFO - [2023-05-03T10:54:32.682+0000] {dag.py:3490} INFO - Setting next_dagrun for example_short_circuit_decorator to 2023-05-02T10:54:32.681045+00:00, run_after=2023-05-03T10:54:32.681045+00:00
[2023-05-03T10:54:32.749+0000] {processor.py:178} INFO - Processing /home/airflow/.local/lib/python3.7/site-packages/airflow/example_dags/example_short_circuit_decorator.py took 0.396 seconds
[2023-05-03T10:58:18.111+0000] {processor.py:156} INFO - Started process (PID=9958) to work on /home/airflow/.local/lib/python3.7/site-packages/airflow/example_dags/example_short_circuit_decorator.py
[2023-05-03T10:58:18.132+0000] {processor.py:799} INFO - Processing file /home/airflow/.local/lib/python3.7/site-packages/airflow/example_dags/example_short_circuit_decorator.py for tasks to queue
[2023-05-03T10:58:18.170+0000] {logging_mixin.py:149} INFO - [2023-05-03T10:58:18.155+0000] {dagbag.py:541} INFO - Filling up the DagBag from /home/airflow/.local/lib/python3.7/site-packages/airflow/example_dags/example_short_circuit_decorator.py
[2023-05-03T10:58:18.952+0000] {processor.py:809} INFO - DAG(s) dict_keys(['example_short_circuit_decorator']) retrieved from /home/airflow/.local/lib/python3.7/site-packages/airflow/example_dags/example_short_circuit_decorator.py
[2023-05-03T10:58:20.932+0000] {logging_mixin.py:149} INFO - [2023-05-03T10:58:20.932+0000] {dag.py:2726} INFO - Sync 1 DAGs
[2023-05-03T10:58:21.877+0000] {logging_mixin.py:149} INFO - [2023-05-03T10:58:21.876+0000] {dag.py:3490} INFO - Setting next_dagrun for example_short_circuit_decorator to 2023-05-02T10:58:21.857715+00:00, run_after=2023-05-03T10:58:21.857715+00:00
[2023-05-03T10:58:22.137+0000] {processor.py:178} INFO - Processing /home/airflow/.local/lib/python3.7/site-packages/airflow/example_dags/example_short_circuit_decorator.py took 4.215 seconds
