[2023-05-03T09:31:24.159+0000] {processor.py:156} INFO - Started process (PID=280) to work on /home/airflow/.local/lib/python3.7/site-packages/airflow/example_dags/example_dynamic_task_mapping.py
[2023-05-03T09:31:24.161+0000] {processor.py:799} INFO - Processing file /home/airflow/.local/lib/python3.7/site-packages/airflow/example_dags/example_dynamic_task_mapping.py for tasks to queue
[2023-05-03T09:31:24.167+0000] {logging_mixin.py:149} INFO - [2023-05-03T09:31:24.167+0000] {dagbag.py:541} INFO - Filling up the DagBag from /home/airflow/.local/lib/python3.7/site-packages/airflow/example_dags/example_dynamic_task_mapping.py
[2023-05-03T09:31:24.198+0000] {processor.py:809} INFO - DAG(s) dict_keys(['example_dynamic_task_mapping']) retrieved from /home/airflow/.local/lib/python3.7/site-packages/airflow/example_dags/example_dynamic_task_mapping.py
[2023-05-03T09:31:24.319+0000] {logging_mixin.py:149} INFO - [2023-05-03T09:31:24.319+0000] {dag.py:2726} INFO - Sync 1 DAGs
[2023-05-03T09:31:24.420+0000] {logging_mixin.py:149} INFO - [2023-05-03T09:31:24.420+0000] {dag.py:3490} INFO - Setting next_dagrun for example_dynamic_task_mapping to 2022-03-04T00:00:00+00:00, run_after=2022-03-05T00:00:00+00:00
[2023-05-03T09:31:24.474+0000] {processor.py:178} INFO - Processing /home/airflow/.local/lib/python3.7/site-packages/airflow/example_dags/example_dynamic_task_mapping.py took 0.320 seconds
[2023-05-03T09:32:07.555+0000] {processor.py:156} INFO - Started process (PID=517) to work on /home/airflow/.local/lib/python3.7/site-packages/airflow/example_dags/example_dynamic_task_mapping.py
[2023-05-03T09:32:07.558+0000] {processor.py:799} INFO - Processing file /home/airflow/.local/lib/python3.7/site-packages/airflow/example_dags/example_dynamic_task_mapping.py for tasks to queue
[2023-05-03T09:32:07.561+0000] {logging_mixin.py:149} INFO - [2023-05-03T09:32:07.561+0000] {dagbag.py:541} INFO - Filling up the DagBag from /home/airflow/.local/lib/python3.7/site-packages/airflow/example_dags/example_dynamic_task_mapping.py
[2023-05-03T09:32:07.581+0000] {processor.py:809} INFO - DAG(s) dict_keys(['example_dynamic_task_mapping']) retrieved from /home/airflow/.local/lib/python3.7/site-packages/airflow/example_dags/example_dynamic_task_mapping.py
[2023-05-03T09:32:07.874+0000] {logging_mixin.py:149} INFO - [2023-05-03T09:32:07.873+0000] {dag.py:2726} INFO - Sync 1 DAGs
[2023-05-03T09:32:07.928+0000] {logging_mixin.py:149} INFO - [2023-05-03T09:32:07.928+0000] {dag.py:3490} INFO - Setting next_dagrun for example_dynamic_task_mapping to 2022-03-04T00:00:00+00:00, run_after=2022-03-05T00:00:00+00:00
[2023-05-03T09:32:07.977+0000] {processor.py:178} INFO - Processing /home/airflow/.local/lib/python3.7/site-packages/airflow/example_dags/example_dynamic_task_mapping.py took 0.427 seconds
[2023-05-03T09:32:40.703+0000] {processor.py:156} INFO - Started process (PID=753) to work on /home/airflow/.local/lib/python3.7/site-packages/airflow/example_dags/example_dynamic_task_mapping.py
[2023-05-03T09:32:40.707+0000] {processor.py:799} INFO - Processing file /home/airflow/.local/lib/python3.7/site-packages/airflow/example_dags/example_dynamic_task_mapping.py for tasks to queue
[2023-05-03T09:32:40.709+0000] {logging_mixin.py:149} INFO - [2023-05-03T09:32:40.708+0000] {dagbag.py:541} INFO - Filling up the DagBag from /home/airflow/.local/lib/python3.7/site-packages/airflow/example_dags/example_dynamic_task_mapping.py
[2023-05-03T09:32:40.719+0000] {processor.py:809} INFO - DAG(s) dict_keys(['example_dynamic_task_mapping']) retrieved from /home/airflow/.local/lib/python3.7/site-packages/airflow/example_dags/example_dynamic_task_mapping.py
[2023-05-03T09:32:40.767+0000] {logging_mixin.py:149} INFO - [2023-05-03T09:32:40.766+0000] {dag.py:2726} INFO - Sync 1 DAGs
[2023-05-03T09:32:40.816+0000] {logging_mixin.py:149} INFO - [2023-05-03T09:32:40.816+0000] {dag.py:3490} INFO - Setting next_dagrun for example_dynamic_task_mapping to 2022-03-04T00:00:00+00:00, run_after=2022-03-05T00:00:00+00:00
[2023-05-03T09:32:40.858+0000] {processor.py:178} INFO - Processing /home/airflow/.local/lib/python3.7/site-packages/airflow/example_dags/example_dynamic_task_mapping.py took 0.160 seconds
[2023-05-03T09:33:30.715+0000] {processor.py:156} INFO - Started process (PID=980) to work on /home/airflow/.local/lib/python3.7/site-packages/airflow/example_dags/example_dynamic_task_mapping.py
[2023-05-03T09:33:30.718+0000] {processor.py:799} INFO - Processing file /home/airflow/.local/lib/python3.7/site-packages/airflow/example_dags/example_dynamic_task_mapping.py for tasks to queue
[2023-05-03T09:33:30.720+0000] {logging_mixin.py:149} INFO - [2023-05-03T09:33:30.720+0000] {dagbag.py:541} INFO - Filling up the DagBag from /home/airflow/.local/lib/python3.7/site-packages/airflow/example_dags/example_dynamic_task_mapping.py
[2023-05-03T09:33:30.752+0000] {processor.py:809} INFO - DAG(s) dict_keys(['example_dynamic_task_mapping']) retrieved from /home/airflow/.local/lib/python3.7/site-packages/airflow/example_dags/example_dynamic_task_mapping.py
[2023-05-03T09:33:30.835+0000] {logging_mixin.py:149} INFO - [2023-05-03T09:33:30.834+0000] {dag.py:2726} INFO - Sync 1 DAGs
[2023-05-03T09:33:30.894+0000] {logging_mixin.py:149} INFO - [2023-05-03T09:33:30.893+0000] {dag.py:3490} INFO - Setting next_dagrun for example_dynamic_task_mapping to 2022-03-04T00:00:00+00:00, run_after=2022-03-05T00:00:00+00:00
[2023-05-03T09:33:30.961+0000] {processor.py:178} INFO - Processing /home/airflow/.local/lib/python3.7/site-packages/airflow/example_dags/example_dynamic_task_mapping.py took 0.253 seconds
[2023-05-03T09:34:04.552+0000] {processor.py:156} INFO - Started process (PID=1215) to work on /home/airflow/.local/lib/python3.7/site-packages/airflow/example_dags/example_dynamic_task_mapping.py
[2023-05-03T09:34:04.560+0000] {processor.py:799} INFO - Processing file /home/airflow/.local/lib/python3.7/site-packages/airflow/example_dags/example_dynamic_task_mapping.py for tasks to queue
[2023-05-03T09:34:04.563+0000] {logging_mixin.py:149} INFO - [2023-05-03T09:34:04.562+0000] {dagbag.py:541} INFO - Filling up the DagBag from /home/airflow/.local/lib/python3.7/site-packages/airflow/example_dags/example_dynamic_task_mapping.py
[2023-05-03T09:34:04.593+0000] {processor.py:809} INFO - DAG(s) dict_keys(['example_dynamic_task_mapping']) retrieved from /home/airflow/.local/lib/python3.7/site-packages/airflow/example_dags/example_dynamic_task_mapping.py
[2023-05-03T09:34:04.684+0000] {logging_mixin.py:149} INFO - [2023-05-03T09:34:04.683+0000] {dag.py:2726} INFO - Sync 1 DAGs
[2023-05-03T09:34:04.813+0000] {logging_mixin.py:149} INFO - [2023-05-03T09:34:04.812+0000] {dag.py:3490} INFO - Setting next_dagrun for example_dynamic_task_mapping to 2022-03-04T00:00:00+00:00, run_after=2022-03-05T00:00:00+00:00
[2023-05-03T09:34:04.891+0000] {processor.py:178} INFO - Processing /home/airflow/.local/lib/python3.7/site-packages/airflow/example_dags/example_dynamic_task_mapping.py took 0.344 seconds
[2023-05-03T09:34:35.936+0000] {processor.py:156} INFO - Started process (PID=1451) to work on /home/airflow/.local/lib/python3.7/site-packages/airflow/example_dags/example_dynamic_task_mapping.py
[2023-05-03T09:34:35.938+0000] {processor.py:799} INFO - Processing file /home/airflow/.local/lib/python3.7/site-packages/airflow/example_dags/example_dynamic_task_mapping.py for tasks to queue
[2023-05-03T09:34:35.940+0000] {logging_mixin.py:149} INFO - [2023-05-03T09:34:35.940+0000] {dagbag.py:541} INFO - Filling up the DagBag from /home/airflow/.local/lib/python3.7/site-packages/airflow/example_dags/example_dynamic_task_mapping.py
[2023-05-03T09:34:35.952+0000] {processor.py:809} INFO - DAG(s) dict_keys(['example_dynamic_task_mapping']) retrieved from /home/airflow/.local/lib/python3.7/site-packages/airflow/example_dags/example_dynamic_task_mapping.py
[2023-05-03T09:34:35.990+0000] {logging_mixin.py:149} INFO - [2023-05-03T09:34:35.990+0000] {dag.py:2726} INFO - Sync 1 DAGs
[2023-05-03T09:34:36.039+0000] {logging_mixin.py:149} INFO - [2023-05-03T09:34:36.038+0000] {dag.py:3490} INFO - Setting next_dagrun for example_dynamic_task_mapping to 2022-03-04T00:00:00+00:00, run_after=2022-03-05T00:00:00+00:00
[2023-05-03T09:34:36.088+0000] {processor.py:178} INFO - Processing /home/airflow/.local/lib/python3.7/site-packages/airflow/example_dags/example_dynamic_task_mapping.py took 0.157 seconds
[2023-05-03T09:35:07.359+0000] {processor.py:156} INFO - Started process (PID=1687) to work on /home/airflow/.local/lib/python3.7/site-packages/airflow/example_dags/example_dynamic_task_mapping.py
[2023-05-03T09:35:07.361+0000] {processor.py:799} INFO - Processing file /home/airflow/.local/lib/python3.7/site-packages/airflow/example_dags/example_dynamic_task_mapping.py for tasks to queue
[2023-05-03T09:35:07.363+0000] {logging_mixin.py:149} INFO - [2023-05-03T09:35:07.362+0000] {dagbag.py:541} INFO - Filling up the DagBag from /home/airflow/.local/lib/python3.7/site-packages/airflow/example_dags/example_dynamic_task_mapping.py
[2023-05-03T09:35:07.379+0000] {processor.py:809} INFO - DAG(s) dict_keys(['example_dynamic_task_mapping']) retrieved from /home/airflow/.local/lib/python3.7/site-packages/airflow/example_dags/example_dynamic_task_mapping.py
[2023-05-03T09:35:07.434+0000] {logging_mixin.py:149} INFO - [2023-05-03T09:35:07.432+0000] {dag.py:2726} INFO - Sync 1 DAGs
[2023-05-03T09:35:07.491+0000] {logging_mixin.py:149} INFO - [2023-05-03T09:35:07.491+0000] {dag.py:3490} INFO - Setting next_dagrun for example_dynamic_task_mapping to 2022-03-04T00:00:00+00:00, run_after=2022-03-05T00:00:00+00:00
[2023-05-03T09:35:07.552+0000] {processor.py:178} INFO - Processing /home/airflow/.local/lib/python3.7/site-packages/airflow/example_dags/example_dynamic_task_mapping.py took 0.198 seconds
[2023-05-03T09:35:49.454+0000] {processor.py:156} INFO - Started process (PID=1968) to work on /home/airflow/.local/lib/python3.7/site-packages/airflow/example_dags/example_dynamic_task_mapping.py
[2023-05-03T09:35:49.462+0000] {processor.py:799} INFO - Processing file /home/airflow/.local/lib/python3.7/site-packages/airflow/example_dags/example_dynamic_task_mapping.py for tasks to queue
[2023-05-03T09:35:49.465+0000] {logging_mixin.py:149} INFO - [2023-05-03T09:35:49.464+0000] {dagbag.py:541} INFO - Filling up the DagBag from /home/airflow/.local/lib/python3.7/site-packages/airflow/example_dags/example_dynamic_task_mapping.py
[2023-05-03T09:35:49.486+0000] {processor.py:809} INFO - DAG(s) dict_keys(['example_dynamic_task_mapping']) retrieved from /home/airflow/.local/lib/python3.7/site-packages/airflow/example_dags/example_dynamic_task_mapping.py
[2023-05-03T09:35:49.553+0000] {logging_mixin.py:149} INFO - [2023-05-03T09:35:49.553+0000] {dag.py:2726} INFO - Sync 1 DAGs
[2023-05-03T09:35:49.620+0000] {logging_mixin.py:149} INFO - [2023-05-03T09:35:49.619+0000] {dag.py:3490} INFO - Setting next_dagrun for example_dynamic_task_mapping to 2022-03-04T00:00:00+00:00, run_after=2022-03-05T00:00:00+00:00
[2023-05-03T09:35:49.682+0000] {processor.py:178} INFO - Processing /home/airflow/.local/lib/python3.7/site-packages/airflow/example_dags/example_dynamic_task_mapping.py took 0.234 seconds
[2023-05-03T09:36:21.198+0000] {processor.py:156} INFO - Started process (PID=2205) to work on /home/airflow/.local/lib/python3.7/site-packages/airflow/example_dags/example_dynamic_task_mapping.py
[2023-05-03T09:36:21.201+0000] {processor.py:799} INFO - Processing file /home/airflow/.local/lib/python3.7/site-packages/airflow/example_dags/example_dynamic_task_mapping.py for tasks to queue
[2023-05-03T09:36:21.208+0000] {logging_mixin.py:149} INFO - [2023-05-03T09:36:21.205+0000] {dagbag.py:541} INFO - Filling up the DagBag from /home/airflow/.local/lib/python3.7/site-packages/airflow/example_dags/example_dynamic_task_mapping.py
[2023-05-03T09:36:21.225+0000] {processor.py:809} INFO - DAG(s) dict_keys(['example_dynamic_task_mapping']) retrieved from /home/airflow/.local/lib/python3.7/site-packages/airflow/example_dags/example_dynamic_task_mapping.py
[2023-05-03T09:36:21.300+0000] {logging_mixin.py:149} INFO - [2023-05-03T09:36:21.299+0000] {dag.py:2726} INFO - Sync 1 DAGs
[2023-05-03T09:36:21.358+0000] {logging_mixin.py:149} INFO - [2023-05-03T09:36:21.357+0000] {dag.py:3490} INFO - Setting next_dagrun for example_dynamic_task_mapping to 2022-03-04T00:00:00+00:00, run_after=2022-03-05T00:00:00+00:00
[2023-05-03T09:36:21.414+0000] {processor.py:178} INFO - Processing /home/airflow/.local/lib/python3.7/site-packages/airflow/example_dags/example_dynamic_task_mapping.py took 0.221 seconds
[2023-05-03T09:36:52.424+0000] {processor.py:156} INFO - Started process (PID=2443) to work on /home/airflow/.local/lib/python3.7/site-packages/airflow/example_dags/example_dynamic_task_mapping.py
[2023-05-03T09:36:52.425+0000] {processor.py:799} INFO - Processing file /home/airflow/.local/lib/python3.7/site-packages/airflow/example_dags/example_dynamic_task_mapping.py for tasks to queue
[2023-05-03T09:36:52.427+0000] {logging_mixin.py:149} INFO - [2023-05-03T09:36:52.427+0000] {dagbag.py:541} INFO - Filling up the DagBag from /home/airflow/.local/lib/python3.7/site-packages/airflow/example_dags/example_dynamic_task_mapping.py
[2023-05-03T09:36:52.436+0000] {processor.py:809} INFO - DAG(s) dict_keys(['example_dynamic_task_mapping']) retrieved from /home/airflow/.local/lib/python3.7/site-packages/airflow/example_dags/example_dynamic_task_mapping.py
[2023-05-03T09:36:52.464+0000] {logging_mixin.py:149} INFO - [2023-05-03T09:36:52.464+0000] {dag.py:2726} INFO - Sync 1 DAGs
[2023-05-03T09:36:52.505+0000] {logging_mixin.py:149} INFO - [2023-05-03T09:36:52.505+0000] {dag.py:3490} INFO - Setting next_dagrun for example_dynamic_task_mapping to 2022-03-04T00:00:00+00:00, run_after=2022-03-05T00:00:00+00:00
[2023-05-03T09:36:52.555+0000] {processor.py:178} INFO - Processing /home/airflow/.local/lib/python3.7/site-packages/airflow/example_dags/example_dynamic_task_mapping.py took 0.133 seconds
[2023-05-03T09:37:24.655+0000] {processor.py:156} INFO - Started process (PID=2682) to work on /home/airflow/.local/lib/python3.7/site-packages/airflow/example_dags/example_dynamic_task_mapping.py
[2023-05-03T09:37:24.666+0000] {processor.py:799} INFO - Processing file /home/airflow/.local/lib/python3.7/site-packages/airflow/example_dags/example_dynamic_task_mapping.py for tasks to queue
[2023-05-03T09:37:24.668+0000] {logging_mixin.py:149} INFO - [2023-05-03T09:37:24.667+0000] {dagbag.py:541} INFO - Filling up the DagBag from /home/airflow/.local/lib/python3.7/site-packages/airflow/example_dags/example_dynamic_task_mapping.py
[2023-05-03T09:37:24.682+0000] {processor.py:809} INFO - DAG(s) dict_keys(['example_dynamic_task_mapping']) retrieved from /home/airflow/.local/lib/python3.7/site-packages/airflow/example_dags/example_dynamic_task_mapping.py
[2023-05-03T09:37:24.737+0000] {logging_mixin.py:149} INFO - [2023-05-03T09:37:24.737+0000] {dag.py:2726} INFO - Sync 1 DAGs
[2023-05-03T09:37:24.783+0000] {logging_mixin.py:149} INFO - [2023-05-03T09:37:24.783+0000] {dag.py:3490} INFO - Setting next_dagrun for example_dynamic_task_mapping to 2022-03-04T00:00:00+00:00, run_after=2022-03-05T00:00:00+00:00
[2023-05-03T09:37:24.929+0000] {processor.py:178} INFO - Processing /home/airflow/.local/lib/python3.7/site-packages/airflow/example_dags/example_dynamic_task_mapping.py took 0.278 seconds
[2023-05-03T09:37:59.554+0000] {processor.py:156} INFO - Started process (PID=2929) to work on /home/airflow/.local/lib/python3.7/site-packages/airflow/example_dags/example_dynamic_task_mapping.py
[2023-05-03T09:37:59.556+0000] {processor.py:799} INFO - Processing file /home/airflow/.local/lib/python3.7/site-packages/airflow/example_dags/example_dynamic_task_mapping.py for tasks to queue
[2023-05-03T09:37:59.557+0000] {logging_mixin.py:149} INFO - [2023-05-03T09:37:59.557+0000] {dagbag.py:541} INFO - Filling up the DagBag from /home/airflow/.local/lib/python3.7/site-packages/airflow/example_dags/example_dynamic_task_mapping.py
[2023-05-03T09:37:59.568+0000] {processor.py:809} INFO - DAG(s) dict_keys(['example_dynamic_task_mapping']) retrieved from /home/airflow/.local/lib/python3.7/site-packages/airflow/example_dags/example_dynamic_task_mapping.py
[2023-05-03T09:37:59.608+0000] {logging_mixin.py:149} INFO - [2023-05-03T09:37:59.607+0000] {dag.py:2726} INFO - Sync 1 DAGs
[2023-05-03T09:37:59.648+0000] {logging_mixin.py:149} INFO - [2023-05-03T09:37:59.648+0000] {dag.py:3490} INFO - Setting next_dagrun for example_dynamic_task_mapping to 2022-03-04T00:00:00+00:00, run_after=2022-03-05T00:00:00+00:00
[2023-05-03T09:37:59.690+0000] {processor.py:178} INFO - Processing /home/airflow/.local/lib/python3.7/site-packages/airflow/example_dags/example_dynamic_task_mapping.py took 0.141 seconds
[2023-05-03T09:38:33.590+0000] {processor.py:156} INFO - Started process (PID=3165) to work on /home/airflow/.local/lib/python3.7/site-packages/airflow/example_dags/example_dynamic_task_mapping.py
[2023-05-03T09:38:33.592+0000] {processor.py:799} INFO - Processing file /home/airflow/.local/lib/python3.7/site-packages/airflow/example_dags/example_dynamic_task_mapping.py for tasks to queue
[2023-05-03T09:38:33.594+0000] {logging_mixin.py:149} INFO - [2023-05-03T09:38:33.593+0000] {dagbag.py:541} INFO - Filling up the DagBag from /home/airflow/.local/lib/python3.7/site-packages/airflow/example_dags/example_dynamic_task_mapping.py
[2023-05-03T09:38:33.605+0000] {processor.py:809} INFO - DAG(s) dict_keys(['example_dynamic_task_mapping']) retrieved from /home/airflow/.local/lib/python3.7/site-packages/airflow/example_dags/example_dynamic_task_mapping.py
[2023-05-03T09:38:33.644+0000] {logging_mixin.py:149} INFO - [2023-05-03T09:38:33.644+0000] {dag.py:2726} INFO - Sync 1 DAGs
[2023-05-03T09:38:33.688+0000] {logging_mixin.py:149} INFO - [2023-05-03T09:38:33.687+0000] {dag.py:3490} INFO - Setting next_dagrun for example_dynamic_task_mapping to 2022-03-04T00:00:00+00:00, run_after=2022-03-05T00:00:00+00:00
[2023-05-03T09:38:33.792+0000] {processor.py:178} INFO - Processing /home/airflow/.local/lib/python3.7/site-packages/airflow/example_dags/example_dynamic_task_mapping.py took 0.208 seconds
[2023-05-03T09:39:04.739+0000] {processor.py:156} INFO - Started process (PID=3401) to work on /home/airflow/.local/lib/python3.7/site-packages/airflow/example_dags/example_dynamic_task_mapping.py
[2023-05-03T09:39:04.741+0000] {processor.py:799} INFO - Processing file /home/airflow/.local/lib/python3.7/site-packages/airflow/example_dags/example_dynamic_task_mapping.py for tasks to queue
[2023-05-03T09:39:04.743+0000] {logging_mixin.py:149} INFO - [2023-05-03T09:39:04.743+0000] {dagbag.py:541} INFO - Filling up the DagBag from /home/airflow/.local/lib/python3.7/site-packages/airflow/example_dags/example_dynamic_task_mapping.py
[2023-05-03T09:39:04.760+0000] {processor.py:809} INFO - DAG(s) dict_keys(['example_dynamic_task_mapping']) retrieved from /home/airflow/.local/lib/python3.7/site-packages/airflow/example_dags/example_dynamic_task_mapping.py
[2023-05-03T09:39:04.815+0000] {logging_mixin.py:149} INFO - [2023-05-03T09:39:04.814+0000] {dag.py:2726} INFO - Sync 1 DAGs
[2023-05-03T09:39:04.905+0000] {logging_mixin.py:149} INFO - [2023-05-03T09:39:04.904+0000] {dag.py:3490} INFO - Setting next_dagrun for example_dynamic_task_mapping to 2022-03-04T00:00:00+00:00, run_after=2022-03-05T00:00:00+00:00
[2023-05-03T09:39:04.977+0000] {processor.py:178} INFO - Processing /home/airflow/.local/lib/python3.7/site-packages/airflow/example_dags/example_dynamic_task_mapping.py took 0.246 seconds
[2023-05-03T09:39:36.600+0000] {processor.py:156} INFO - Started process (PID=3638) to work on /home/airflow/.local/lib/python3.7/site-packages/airflow/example_dags/example_dynamic_task_mapping.py
[2023-05-03T09:39:36.602+0000] {processor.py:799} INFO - Processing file /home/airflow/.local/lib/python3.7/site-packages/airflow/example_dags/example_dynamic_task_mapping.py for tasks to queue
[2023-05-03T09:39:36.604+0000] {logging_mixin.py:149} INFO - [2023-05-03T09:39:36.603+0000] {dagbag.py:541} INFO - Filling up the DagBag from /home/airflow/.local/lib/python3.7/site-packages/airflow/example_dags/example_dynamic_task_mapping.py
[2023-05-03T09:39:36.620+0000] {processor.py:809} INFO - DAG(s) dict_keys(['example_dynamic_task_mapping']) retrieved from /home/airflow/.local/lib/python3.7/site-packages/airflow/example_dags/example_dynamic_task_mapping.py
[2023-05-03T09:39:36.672+0000] {logging_mixin.py:149} INFO - [2023-05-03T09:39:36.671+0000] {dag.py:2726} INFO - Sync 1 DAGs
[2023-05-03T09:39:36.732+0000] {logging_mixin.py:149} INFO - [2023-05-03T09:39:36.732+0000] {dag.py:3490} INFO - Setting next_dagrun for example_dynamic_task_mapping to 2022-03-04T00:00:00+00:00, run_after=2022-03-05T00:00:00+00:00
[2023-05-03T09:39:36.781+0000] {processor.py:178} INFO - Processing /home/airflow/.local/lib/python3.7/site-packages/airflow/example_dags/example_dynamic_task_mapping.py took 0.187 seconds
[2023-05-03T09:40:07.612+0000] {processor.py:156} INFO - Started process (PID=3874) to work on /home/airflow/.local/lib/python3.7/site-packages/airflow/example_dags/example_dynamic_task_mapping.py
[2023-05-03T09:40:07.615+0000] {processor.py:799} INFO - Processing file /home/airflow/.local/lib/python3.7/site-packages/airflow/example_dags/example_dynamic_task_mapping.py for tasks to queue
[2023-05-03T09:40:07.617+0000] {logging_mixin.py:149} INFO - [2023-05-03T09:40:07.617+0000] {dagbag.py:541} INFO - Filling up the DagBag from /home/airflow/.local/lib/python3.7/site-packages/airflow/example_dags/example_dynamic_task_mapping.py
[2023-05-03T09:40:07.629+0000] {processor.py:809} INFO - DAG(s) dict_keys(['example_dynamic_task_mapping']) retrieved from /home/airflow/.local/lib/python3.7/site-packages/airflow/example_dags/example_dynamic_task_mapping.py
[2023-05-03T09:40:07.670+0000] {logging_mixin.py:149} INFO - [2023-05-03T09:40:07.670+0000] {dag.py:2726} INFO - Sync 1 DAGs
[2023-05-03T09:40:07.710+0000] {logging_mixin.py:149} INFO - [2023-05-03T09:40:07.710+0000] {dag.py:3490} INFO - Setting next_dagrun for example_dynamic_task_mapping to 2022-03-04T00:00:00+00:00, run_after=2022-03-05T00:00:00+00:00
[2023-05-03T09:40:07.740+0000] {processor.py:178} INFO - Processing /home/airflow/.local/lib/python3.7/site-packages/airflow/example_dags/example_dynamic_task_mapping.py took 0.135 seconds
[2023-05-03T09:40:38.536+0000] {processor.py:156} INFO - Started process (PID=4105) to work on /home/airflow/.local/lib/python3.7/site-packages/airflow/example_dags/example_dynamic_task_mapping.py
[2023-05-03T09:40:38.539+0000] {processor.py:799} INFO - Processing file /home/airflow/.local/lib/python3.7/site-packages/airflow/example_dags/example_dynamic_task_mapping.py for tasks to queue
[2023-05-03T09:40:38.540+0000] {logging_mixin.py:149} INFO - [2023-05-03T09:40:38.540+0000] {dagbag.py:541} INFO - Filling up the DagBag from /home/airflow/.local/lib/python3.7/site-packages/airflow/example_dags/example_dynamic_task_mapping.py
[2023-05-03T09:40:38.553+0000] {processor.py:809} INFO - DAG(s) dict_keys(['example_dynamic_task_mapping']) retrieved from /home/airflow/.local/lib/python3.7/site-packages/airflow/example_dags/example_dynamic_task_mapping.py
[2023-05-03T09:40:38.589+0000] {logging_mixin.py:149} INFO - [2023-05-03T09:40:38.588+0000] {dag.py:2726} INFO - Sync 1 DAGs
[2023-05-03T09:40:38.636+0000] {logging_mixin.py:149} INFO - [2023-05-03T09:40:38.636+0000] {dag.py:3490} INFO - Setting next_dagrun for example_dynamic_task_mapping to 2022-03-04T00:00:00+00:00, run_after=2022-03-05T00:00:00+00:00
[2023-05-03T09:40:38.674+0000] {processor.py:178} INFO - Processing /home/airflow/.local/lib/python3.7/site-packages/airflow/example_dags/example_dynamic_task_mapping.py took 0.143 seconds
[2023-05-03T09:41:09.374+0000] {processor.py:156} INFO - Started process (PID=4346) to work on /home/airflow/.local/lib/python3.7/site-packages/airflow/example_dags/example_dynamic_task_mapping.py
[2023-05-03T09:41:09.377+0000] {processor.py:799} INFO - Processing file /home/airflow/.local/lib/python3.7/site-packages/airflow/example_dags/example_dynamic_task_mapping.py for tasks to queue
[2023-05-03T09:41:09.380+0000] {logging_mixin.py:149} INFO - [2023-05-03T09:41:09.380+0000] {dagbag.py:541} INFO - Filling up the DagBag from /home/airflow/.local/lib/python3.7/site-packages/airflow/example_dags/example_dynamic_task_mapping.py
[2023-05-03T09:41:09.390+0000] {processor.py:809} INFO - DAG(s) dict_keys(['example_dynamic_task_mapping']) retrieved from /home/airflow/.local/lib/python3.7/site-packages/airflow/example_dags/example_dynamic_task_mapping.py
[2023-05-03T09:41:09.436+0000] {logging_mixin.py:149} INFO - [2023-05-03T09:41:09.436+0000] {dag.py:2726} INFO - Sync 1 DAGs
[2023-05-03T09:41:09.478+0000] {logging_mixin.py:149} INFO - [2023-05-03T09:41:09.478+0000] {dag.py:3490} INFO - Setting next_dagrun for example_dynamic_task_mapping to 2022-03-04T00:00:00+00:00, run_after=2022-03-05T00:00:00+00:00
[2023-05-03T09:41:09.512+0000] {processor.py:178} INFO - Processing /home/airflow/.local/lib/python3.7/site-packages/airflow/example_dags/example_dynamic_task_mapping.py took 0.142 seconds
[2023-05-03T09:41:41.170+0000] {processor.py:156} INFO - Started process (PID=4592) to work on /home/airflow/.local/lib/python3.7/site-packages/airflow/example_dags/example_dynamic_task_mapping.py
[2023-05-03T09:41:41.172+0000] {processor.py:799} INFO - Processing file /home/airflow/.local/lib/python3.7/site-packages/airflow/example_dags/example_dynamic_task_mapping.py for tasks to queue
[2023-05-03T09:41:41.173+0000] {logging_mixin.py:149} INFO - [2023-05-03T09:41:41.173+0000] {dagbag.py:541} INFO - Filling up the DagBag from /home/airflow/.local/lib/python3.7/site-packages/airflow/example_dags/example_dynamic_task_mapping.py
[2023-05-03T09:41:41.187+0000] {processor.py:809} INFO - DAG(s) dict_keys(['example_dynamic_task_mapping']) retrieved from /home/airflow/.local/lib/python3.7/site-packages/airflow/example_dags/example_dynamic_task_mapping.py
[2023-05-03T09:41:41.224+0000] {logging_mixin.py:149} INFO - [2023-05-03T09:41:41.224+0000] {dag.py:2726} INFO - Sync 1 DAGs
[2023-05-03T09:41:41.267+0000] {logging_mixin.py:149} INFO - [2023-05-03T09:41:41.266+0000] {dag.py:3490} INFO - Setting next_dagrun for example_dynamic_task_mapping to 2022-03-04T00:00:00+00:00, run_after=2022-03-05T00:00:00+00:00
[2023-05-03T09:41:41.301+0000] {processor.py:178} INFO - Processing /home/airflow/.local/lib/python3.7/site-packages/airflow/example_dags/example_dynamic_task_mapping.py took 0.137 seconds
[2023-05-03T09:44:52.309+0000] {processor.py:156} INFO - Started process (PID=284) to work on /home/airflow/.local/lib/python3.7/site-packages/airflow/example_dags/example_dynamic_task_mapping.py
[2023-05-03T09:44:52.317+0000] {processor.py:799} INFO - Processing file /home/airflow/.local/lib/python3.7/site-packages/airflow/example_dags/example_dynamic_task_mapping.py for tasks to queue
[2023-05-03T09:44:52.321+0000] {logging_mixin.py:149} INFO - [2023-05-03T09:44:52.321+0000] {dagbag.py:541} INFO - Filling up the DagBag from /home/airflow/.local/lib/python3.7/site-packages/airflow/example_dags/example_dynamic_task_mapping.py
[2023-05-03T09:44:52.354+0000] {processor.py:809} INFO - DAG(s) dict_keys(['example_dynamic_task_mapping']) retrieved from /home/airflow/.local/lib/python3.7/site-packages/airflow/example_dags/example_dynamic_task_mapping.py
[2023-05-03T09:44:52.475+0000] {logging_mixin.py:149} INFO - [2023-05-03T09:44:52.475+0000] {dag.py:2726} INFO - Sync 1 DAGs
[2023-05-03T09:44:52.556+0000] {logging_mixin.py:149} INFO - [2023-05-03T09:44:52.556+0000] {dag.py:3490} INFO - Setting next_dagrun for example_dynamic_task_mapping to 2022-03-04T00:00:00+00:00, run_after=2022-03-05T00:00:00+00:00
[2023-05-03T09:44:52.657+0000] {processor.py:178} INFO - Processing /home/airflow/.local/lib/python3.7/site-packages/airflow/example_dags/example_dynamic_task_mapping.py took 0.359 seconds
[2023-05-03T09:46:32.989+0000] {processor.py:156} INFO - Started process (PID=601) to work on /home/airflow/.local/lib/python3.7/site-packages/airflow/example_dags/example_dynamic_task_mapping.py
[2023-05-03T09:46:32.993+0000] {processor.py:799} INFO - Processing file /home/airflow/.local/lib/python3.7/site-packages/airflow/example_dags/example_dynamic_task_mapping.py for tasks to queue
[2023-05-03T09:46:32.995+0000] {logging_mixin.py:149} INFO - [2023-05-03T09:46:32.994+0000] {dagbag.py:541} INFO - Filling up the DagBag from /home/airflow/.local/lib/python3.7/site-packages/airflow/example_dags/example_dynamic_task_mapping.py
[2023-05-03T09:46:33.038+0000] {processor.py:809} INFO - DAG(s) dict_keys(['example_dynamic_task_mapping']) retrieved from /home/airflow/.local/lib/python3.7/site-packages/airflow/example_dags/example_dynamic_task_mapping.py
[2023-05-03T09:46:33.237+0000] {logging_mixin.py:149} INFO - [2023-05-03T09:46:33.237+0000] {dag.py:2726} INFO - Sync 1 DAGs
[2023-05-03T09:46:33.401+0000] {logging_mixin.py:149} INFO - [2023-05-03T09:46:33.401+0000] {dag.py:3490} INFO - Setting next_dagrun for example_dynamic_task_mapping to 2022-03-04T00:00:00+00:00, run_after=2022-03-05T00:00:00+00:00
[2023-05-03T09:46:33.613+0000] {processor.py:178} INFO - Processing /home/airflow/.local/lib/python3.7/site-packages/airflow/example_dags/example_dynamic_task_mapping.py took 0.632 seconds
[2023-05-03T09:47:35.400+0000] {processor.py:156} INFO - Started process (PID=845) to work on /home/airflow/.local/lib/python3.7/site-packages/airflow/example_dags/example_dynamic_task_mapping.py
[2023-05-03T09:47:35.414+0000] {processor.py:799} INFO - Processing file /home/airflow/.local/lib/python3.7/site-packages/airflow/example_dags/example_dynamic_task_mapping.py for tasks to queue
[2023-05-03T09:47:35.417+0000] {logging_mixin.py:149} INFO - [2023-05-03T09:47:35.417+0000] {dagbag.py:541} INFO - Filling up the DagBag from /home/airflow/.local/lib/python3.7/site-packages/airflow/example_dags/example_dynamic_task_mapping.py
[2023-05-03T09:47:35.447+0000] {processor.py:809} INFO - DAG(s) dict_keys(['example_dynamic_task_mapping']) retrieved from /home/airflow/.local/lib/python3.7/site-packages/airflow/example_dags/example_dynamic_task_mapping.py
[2023-05-03T09:47:35.557+0000] {logging_mixin.py:149} INFO - [2023-05-03T09:47:35.557+0000] {dag.py:2726} INFO - Sync 1 DAGs
[2023-05-03T09:47:35.654+0000] {logging_mixin.py:149} INFO - [2023-05-03T09:47:35.654+0000] {dag.py:3490} INFO - Setting next_dagrun for example_dynamic_task_mapping to 2022-03-04T00:00:00+00:00, run_after=2022-03-05T00:00:00+00:00
[2023-05-03T09:47:35.750+0000] {processor.py:178} INFO - Processing /home/airflow/.local/lib/python3.7/site-packages/airflow/example_dags/example_dynamic_task_mapping.py took 0.355 seconds
[2023-05-03T09:48:27.042+0000] {processor.py:156} INFO - Started process (PID=1081) to work on /home/airflow/.local/lib/python3.7/site-packages/airflow/example_dags/example_dynamic_task_mapping.py
[2023-05-03T09:48:27.045+0000] {processor.py:799} INFO - Processing file /home/airflow/.local/lib/python3.7/site-packages/airflow/example_dags/example_dynamic_task_mapping.py for tasks to queue
[2023-05-03T09:48:27.057+0000] {logging_mixin.py:149} INFO - [2023-05-03T09:48:27.057+0000] {dagbag.py:541} INFO - Filling up the DagBag from /home/airflow/.local/lib/python3.7/site-packages/airflow/example_dags/example_dynamic_task_mapping.py
[2023-05-03T09:48:27.085+0000] {processor.py:809} INFO - DAG(s) dict_keys(['example_dynamic_task_mapping']) retrieved from /home/airflow/.local/lib/python3.7/site-packages/airflow/example_dags/example_dynamic_task_mapping.py
[2023-05-03T09:48:27.174+0000] {logging_mixin.py:149} INFO - [2023-05-03T09:48:27.174+0000] {dag.py:2726} INFO - Sync 1 DAGs
[2023-05-03T09:48:27.320+0000] {logging_mixin.py:149} INFO - [2023-05-03T09:48:27.320+0000] {dag.py:3490} INFO - Setting next_dagrun for example_dynamic_task_mapping to 2022-03-04T00:00:00+00:00, run_after=2022-03-05T00:00:00+00:00
[2023-05-03T09:48:27.423+0000] {processor.py:178} INFO - Processing /home/airflow/.local/lib/python3.7/site-packages/airflow/example_dags/example_dynamic_task_mapping.py took 0.410 seconds
[2023-05-03T09:48:59.475+0000] {processor.py:156} INFO - Started process (PID=1317) to work on /home/airflow/.local/lib/python3.7/site-packages/airflow/example_dags/example_dynamic_task_mapping.py
[2023-05-03T09:48:59.486+0000] {processor.py:799} INFO - Processing file /home/airflow/.local/lib/python3.7/site-packages/airflow/example_dags/example_dynamic_task_mapping.py for tasks to queue
[2023-05-03T09:48:59.492+0000] {logging_mixin.py:149} INFO - [2023-05-03T09:48:59.492+0000] {dagbag.py:541} INFO - Filling up the DagBag from /home/airflow/.local/lib/python3.7/site-packages/airflow/example_dags/example_dynamic_task_mapping.py
[2023-05-03T09:48:59.519+0000] {processor.py:809} INFO - DAG(s) dict_keys(['example_dynamic_task_mapping']) retrieved from /home/airflow/.local/lib/python3.7/site-packages/airflow/example_dags/example_dynamic_task_mapping.py
[2023-05-03T09:48:59.623+0000] {logging_mixin.py:149} INFO - [2023-05-03T09:48:59.623+0000] {dag.py:2726} INFO - Sync 1 DAGs
[2023-05-03T09:48:59.694+0000] {logging_mixin.py:149} INFO - [2023-05-03T09:48:59.694+0000] {dag.py:3490} INFO - Setting next_dagrun for example_dynamic_task_mapping to 2022-03-04T00:00:00+00:00, run_after=2022-03-05T00:00:00+00:00
[2023-05-03T09:48:59.816+0000] {processor.py:178} INFO - Processing /home/airflow/.local/lib/python3.7/site-packages/airflow/example_dags/example_dynamic_task_mapping.py took 0.347 seconds
[2023-05-03T09:49:48.361+0000] {processor.py:156} INFO - Started process (PID=1538) to work on /home/airflow/.local/lib/python3.7/site-packages/airflow/example_dags/example_dynamic_task_mapping.py
[2023-05-03T09:49:48.365+0000] {processor.py:799} INFO - Processing file /home/airflow/.local/lib/python3.7/site-packages/airflow/example_dags/example_dynamic_task_mapping.py for tasks to queue
[2023-05-03T09:49:48.369+0000] {logging_mixin.py:149} INFO - [2023-05-03T09:49:48.368+0000] {dagbag.py:541} INFO - Filling up the DagBag from /home/airflow/.local/lib/python3.7/site-packages/airflow/example_dags/example_dynamic_task_mapping.py
[2023-05-03T09:49:48.382+0000] {processor.py:809} INFO - DAG(s) dict_keys(['example_dynamic_task_mapping']) retrieved from /home/airflow/.local/lib/python3.7/site-packages/airflow/example_dags/example_dynamic_task_mapping.py
[2023-05-03T09:49:48.447+0000] {logging_mixin.py:149} INFO - [2023-05-03T09:49:48.445+0000] {dag.py:2726} INFO - Sync 1 DAGs
[2023-05-03T09:49:48.523+0000] {logging_mixin.py:149} INFO - [2023-05-03T09:49:48.523+0000] {dag.py:3490} INFO - Setting next_dagrun for example_dynamic_task_mapping to 2022-03-04T00:00:00+00:00, run_after=2022-03-05T00:00:00+00:00
[2023-05-03T09:49:48.599+0000] {processor.py:178} INFO - Processing /home/airflow/.local/lib/python3.7/site-packages/airflow/example_dags/example_dynamic_task_mapping.py took 0.242 seconds
[2023-05-03T09:50:19.899+0000] {processor.py:156} INFO - Started process (PID=1774) to work on /home/airflow/.local/lib/python3.7/site-packages/airflow/example_dags/example_dynamic_task_mapping.py
[2023-05-03T09:50:19.902+0000] {processor.py:799} INFO - Processing file /home/airflow/.local/lib/python3.7/site-packages/airflow/example_dags/example_dynamic_task_mapping.py for tasks to queue
[2023-05-03T09:50:19.903+0000] {logging_mixin.py:149} INFO - [2023-05-03T09:50:19.903+0000] {dagbag.py:541} INFO - Filling up the DagBag from /home/airflow/.local/lib/python3.7/site-packages/airflow/example_dags/example_dynamic_task_mapping.py
[2023-05-03T09:50:19.938+0000] {processor.py:809} INFO - DAG(s) dict_keys(['example_dynamic_task_mapping']) retrieved from /home/airflow/.local/lib/python3.7/site-packages/airflow/example_dags/example_dynamic_task_mapping.py
[2023-05-03T09:50:20.015+0000] {logging_mixin.py:149} INFO - [2023-05-03T09:50:20.015+0000] {dag.py:2726} INFO - Sync 1 DAGs
[2023-05-03T09:50:20.097+0000] {logging_mixin.py:149} INFO - [2023-05-03T09:50:20.097+0000] {dag.py:3490} INFO - Setting next_dagrun for example_dynamic_task_mapping to 2022-03-04T00:00:00+00:00, run_after=2022-03-05T00:00:00+00:00
[2023-05-03T09:50:20.177+0000] {processor.py:178} INFO - Processing /home/airflow/.local/lib/python3.7/site-packages/airflow/example_dags/example_dynamic_task_mapping.py took 0.291 seconds
[2023-05-03T09:50:51.221+0000] {processor.py:156} INFO - Started process (PID=2010) to work on /home/airflow/.local/lib/python3.7/site-packages/airflow/example_dags/example_dynamic_task_mapping.py
[2023-05-03T09:50:51.239+0000] {processor.py:799} INFO - Processing file /home/airflow/.local/lib/python3.7/site-packages/airflow/example_dags/example_dynamic_task_mapping.py for tasks to queue
[2023-05-03T09:50:51.261+0000] {logging_mixin.py:149} INFO - [2023-05-03T09:50:51.260+0000] {dagbag.py:541} INFO - Filling up the DagBag from /home/airflow/.local/lib/python3.7/site-packages/airflow/example_dags/example_dynamic_task_mapping.py
[2023-05-03T09:50:51.300+0000] {processor.py:809} INFO - DAG(s) dict_keys(['example_dynamic_task_mapping']) retrieved from /home/airflow/.local/lib/python3.7/site-packages/airflow/example_dags/example_dynamic_task_mapping.py
[2023-05-03T09:50:51.397+0000] {logging_mixin.py:149} INFO - [2023-05-03T09:50:51.396+0000] {dag.py:2726} INFO - Sync 1 DAGs
[2023-05-03T09:50:51.502+0000] {logging_mixin.py:149} INFO - [2023-05-03T09:50:51.501+0000] {dag.py:3490} INFO - Setting next_dagrun for example_dynamic_task_mapping to 2022-03-04T00:00:00+00:00, run_after=2022-03-05T00:00:00+00:00
[2023-05-03T09:50:51.570+0000] {processor.py:178} INFO - Processing /home/airflow/.local/lib/python3.7/site-packages/airflow/example_dags/example_dynamic_task_mapping.py took 0.355 seconds
[2023-05-03T09:52:08.798+0000] {processor.py:156} INFO - Started process (PID=2294) to work on /home/airflow/.local/lib/python3.7/site-packages/airflow/example_dags/example_dynamic_task_mapping.py
[2023-05-03T09:52:08.819+0000] {processor.py:799} INFO - Processing file /home/airflow/.local/lib/python3.7/site-packages/airflow/example_dags/example_dynamic_task_mapping.py for tasks to queue
[2023-05-03T09:52:08.822+0000] {logging_mixin.py:149} INFO - [2023-05-03T09:52:08.822+0000] {dagbag.py:541} INFO - Filling up the DagBag from /home/airflow/.local/lib/python3.7/site-packages/airflow/example_dags/example_dynamic_task_mapping.py
[2023-05-03T09:52:08.838+0000] {processor.py:809} INFO - DAG(s) dict_keys(['example_dynamic_task_mapping']) retrieved from /home/airflow/.local/lib/python3.7/site-packages/airflow/example_dags/example_dynamic_task_mapping.py
[2023-05-03T09:52:08.916+0000] {logging_mixin.py:149} INFO - [2023-05-03T09:52:08.916+0000] {dag.py:2726} INFO - Sync 1 DAGs
[2023-05-03T09:52:08.991+0000] {logging_mixin.py:149} INFO - [2023-05-03T09:52:08.991+0000] {dag.py:3490} INFO - Setting next_dagrun for example_dynamic_task_mapping to 2022-03-04T00:00:00+00:00, run_after=2022-03-05T00:00:00+00:00
[2023-05-03T09:52:09.071+0000] {processor.py:178} INFO - Processing /home/airflow/.local/lib/python3.7/site-packages/airflow/example_dags/example_dynamic_task_mapping.py took 0.280 seconds
[2023-05-03T09:52:42.736+0000] {processor.py:156} INFO - Started process (PID=2529) to work on /home/airflow/.local/lib/python3.7/site-packages/airflow/example_dags/example_dynamic_task_mapping.py
[2023-05-03T09:52:42.747+0000] {processor.py:799} INFO - Processing file /home/airflow/.local/lib/python3.7/site-packages/airflow/example_dags/example_dynamic_task_mapping.py for tasks to queue
[2023-05-03T09:52:42.749+0000] {logging_mixin.py:149} INFO - [2023-05-03T09:52:42.749+0000] {dagbag.py:541} INFO - Filling up the DagBag from /home/airflow/.local/lib/python3.7/site-packages/airflow/example_dags/example_dynamic_task_mapping.py
[2023-05-03T09:52:42.785+0000] {processor.py:809} INFO - DAG(s) dict_keys(['example_dynamic_task_mapping']) retrieved from /home/airflow/.local/lib/python3.7/site-packages/airflow/example_dags/example_dynamic_task_mapping.py
[2023-05-03T09:52:42.862+0000] {logging_mixin.py:149} INFO - [2023-05-03T09:52:42.862+0000] {dag.py:2726} INFO - Sync 1 DAGs
[2023-05-03T09:52:42.955+0000] {logging_mixin.py:149} INFO - [2023-05-03T09:52:42.955+0000] {dag.py:3490} INFO - Setting next_dagrun for example_dynamic_task_mapping to 2022-03-04T00:00:00+00:00, run_after=2022-03-05T00:00:00+00:00
[2023-05-03T09:52:43.775+0000] {processor.py:178} INFO - Processing /home/airflow/.local/lib/python3.7/site-packages/airflow/example_dags/example_dynamic_task_mapping.py took 1.047 seconds
[2023-05-03T09:53:14.043+0000] {processor.py:156} INFO - Started process (PID=2758) to work on /home/airflow/.local/lib/python3.7/site-packages/airflow/example_dags/example_dynamic_task_mapping.py
[2023-05-03T09:53:14.046+0000] {processor.py:799} INFO - Processing file /home/airflow/.local/lib/python3.7/site-packages/airflow/example_dags/example_dynamic_task_mapping.py for tasks to queue
[2023-05-03T09:53:14.048+0000] {logging_mixin.py:149} INFO - [2023-05-03T09:53:14.048+0000] {dagbag.py:541} INFO - Filling up the DagBag from /home/airflow/.local/lib/python3.7/site-packages/airflow/example_dags/example_dynamic_task_mapping.py
[2023-05-03T09:53:14.061+0000] {processor.py:809} INFO - DAG(s) dict_keys(['example_dynamic_task_mapping']) retrieved from /home/airflow/.local/lib/python3.7/site-packages/airflow/example_dags/example_dynamic_task_mapping.py
[2023-05-03T09:53:14.113+0000] {logging_mixin.py:149} INFO - [2023-05-03T09:53:14.111+0000] {dag.py:2726} INFO - Sync 1 DAGs
[2023-05-03T09:53:14.196+0000] {logging_mixin.py:149} INFO - [2023-05-03T09:53:14.196+0000] {dag.py:3490} INFO - Setting next_dagrun for example_dynamic_task_mapping to 2022-03-04T00:00:00+00:00, run_after=2022-03-05T00:00:00+00:00
[2023-05-03T09:53:14.270+0000] {processor.py:178} INFO - Processing /home/airflow/.local/lib/python3.7/site-packages/airflow/example_dags/example_dynamic_task_mapping.py took 0.232 seconds
[2023-05-03T09:53:44.755+0000] {processor.py:156} INFO - Started process (PID=2994) to work on /home/airflow/.local/lib/python3.7/site-packages/airflow/example_dags/example_dynamic_task_mapping.py
[2023-05-03T09:53:44.757+0000] {processor.py:799} INFO - Processing file /home/airflow/.local/lib/python3.7/site-packages/airflow/example_dags/example_dynamic_task_mapping.py for tasks to queue
[2023-05-03T09:53:44.758+0000] {logging_mixin.py:149} INFO - [2023-05-03T09:53:44.758+0000] {dagbag.py:541} INFO - Filling up the DagBag from /home/airflow/.local/lib/python3.7/site-packages/airflow/example_dags/example_dynamic_task_mapping.py
[2023-05-03T09:53:44.771+0000] {processor.py:809} INFO - DAG(s) dict_keys(['example_dynamic_task_mapping']) retrieved from /home/airflow/.local/lib/python3.7/site-packages/airflow/example_dags/example_dynamic_task_mapping.py
[2023-05-03T09:53:44.811+0000] {logging_mixin.py:149} INFO - [2023-05-03T09:53:44.811+0000] {dag.py:2726} INFO - Sync 1 DAGs
[2023-05-03T09:53:45.133+0000] {logging_mixin.py:149} INFO - [2023-05-03T09:53:45.133+0000] {dag.py:3490} INFO - Setting next_dagrun for example_dynamic_task_mapping to 2022-03-04T00:00:00+00:00, run_after=2022-03-05T00:00:00+00:00
[2023-05-03T09:53:45.204+0000] {processor.py:178} INFO - Processing /home/airflow/.local/lib/python3.7/site-packages/airflow/example_dags/example_dynamic_task_mapping.py took 0.455 seconds
[2023-05-03T09:54:52.513+0000] {processor.py:156} INFO - Started process (PID=3281) to work on /home/airflow/.local/lib/python3.7/site-packages/airflow/example_dags/example_dynamic_task_mapping.py
[2023-05-03T09:54:52.516+0000] {processor.py:799} INFO - Processing file /home/airflow/.local/lib/python3.7/site-packages/airflow/example_dags/example_dynamic_task_mapping.py for tasks to queue
[2023-05-03T09:54:52.518+0000] {logging_mixin.py:149} INFO - [2023-05-03T09:54:52.518+0000] {dagbag.py:541} INFO - Filling up the DagBag from /home/airflow/.local/lib/python3.7/site-packages/airflow/example_dags/example_dynamic_task_mapping.py
[2023-05-03T09:54:52.536+0000] {processor.py:809} INFO - DAG(s) dict_keys(['example_dynamic_task_mapping']) retrieved from /home/airflow/.local/lib/python3.7/site-packages/airflow/example_dags/example_dynamic_task_mapping.py
[2023-05-03T09:54:52.620+0000] {logging_mixin.py:149} INFO - [2023-05-03T09:54:52.620+0000] {dag.py:2726} INFO - Sync 1 DAGs
[2023-05-03T09:54:53.061+0000] {logging_mixin.py:149} INFO - [2023-05-03T09:54:53.060+0000] {dag.py:3490} INFO - Setting next_dagrun for example_dynamic_task_mapping to 2022-03-04T00:00:00+00:00, run_after=2022-03-05T00:00:00+00:00
[2023-05-03T09:54:53.149+0000] {processor.py:178} INFO - Processing /home/airflow/.local/lib/python3.7/site-packages/airflow/example_dags/example_dynamic_task_mapping.py took 0.646 seconds
[2023-05-03T09:55:23.781+0000] {processor.py:156} INFO - Started process (PID=3519) to work on /home/airflow/.local/lib/python3.7/site-packages/airflow/example_dags/example_dynamic_task_mapping.py
[2023-05-03T09:55:23.785+0000] {processor.py:799} INFO - Processing file /home/airflow/.local/lib/python3.7/site-packages/airflow/example_dags/example_dynamic_task_mapping.py for tasks to queue
[2023-05-03T09:55:23.791+0000] {logging_mixin.py:149} INFO - [2023-05-03T09:55:23.790+0000] {dagbag.py:541} INFO - Filling up the DagBag from /home/airflow/.local/lib/python3.7/site-packages/airflow/example_dags/example_dynamic_task_mapping.py
[2023-05-03T09:55:23.805+0000] {processor.py:809} INFO - DAG(s) dict_keys(['example_dynamic_task_mapping']) retrieved from /home/airflow/.local/lib/python3.7/site-packages/airflow/example_dags/example_dynamic_task_mapping.py
[2023-05-03T09:55:23.851+0000] {logging_mixin.py:149} INFO - [2023-05-03T09:55:23.850+0000] {dag.py:2726} INFO - Sync 1 DAGs
[2023-05-03T09:55:23.914+0000] {logging_mixin.py:149} INFO - [2023-05-03T09:55:23.911+0000] {dag.py:3490} INFO - Setting next_dagrun for example_dynamic_task_mapping to 2022-03-04T00:00:00+00:00, run_after=2022-03-05T00:00:00+00:00
[2023-05-03T09:55:23.968+0000] {processor.py:178} INFO - Processing /home/airflow/.local/lib/python3.7/site-packages/airflow/example_dags/example_dynamic_task_mapping.py took 0.193 seconds
[2023-05-03T09:55:57.706+0000] {processor.py:156} INFO - Started process (PID=3753) to work on /home/airflow/.local/lib/python3.7/site-packages/airflow/example_dags/example_dynamic_task_mapping.py
[2023-05-03T09:55:57.711+0000] {processor.py:799} INFO - Processing file /home/airflow/.local/lib/python3.7/site-packages/airflow/example_dags/example_dynamic_task_mapping.py for tasks to queue
[2023-05-03T09:55:57.715+0000] {logging_mixin.py:149} INFO - [2023-05-03T09:55:57.715+0000] {dagbag.py:541} INFO - Filling up the DagBag from /home/airflow/.local/lib/python3.7/site-packages/airflow/example_dags/example_dynamic_task_mapping.py
[2023-05-03T09:55:57.747+0000] {processor.py:809} INFO - DAG(s) dict_keys(['example_dynamic_task_mapping']) retrieved from /home/airflow/.local/lib/python3.7/site-packages/airflow/example_dags/example_dynamic_task_mapping.py
[2023-05-03T09:55:57.831+0000] {logging_mixin.py:149} INFO - [2023-05-03T09:55:57.830+0000] {dag.py:2726} INFO - Sync 1 DAGs
[2023-05-03T09:55:58.438+0000] {logging_mixin.py:149} INFO - [2023-05-03T09:55:58.438+0000] {dag.py:3490} INFO - Setting next_dagrun for example_dynamic_task_mapping to 2022-03-04T00:00:00+00:00, run_after=2022-03-05T00:00:00+00:00
[2023-05-03T09:55:58.570+0000] {processor.py:178} INFO - Processing /home/airflow/.local/lib/python3.7/site-packages/airflow/example_dags/example_dynamic_task_mapping.py took 0.869 seconds
[2023-05-03T09:56:29.206+0000] {processor.py:156} INFO - Started process (PID=3986) to work on /home/airflow/.local/lib/python3.7/site-packages/airflow/example_dags/example_dynamic_task_mapping.py
[2023-05-03T09:56:29.209+0000] {processor.py:799} INFO - Processing file /home/airflow/.local/lib/python3.7/site-packages/airflow/example_dags/example_dynamic_task_mapping.py for tasks to queue
[2023-05-03T09:56:29.212+0000] {logging_mixin.py:149} INFO - [2023-05-03T09:56:29.211+0000] {dagbag.py:541} INFO - Filling up the DagBag from /home/airflow/.local/lib/python3.7/site-packages/airflow/example_dags/example_dynamic_task_mapping.py
[2023-05-03T09:56:29.226+0000] {processor.py:809} INFO - DAG(s) dict_keys(['example_dynamic_task_mapping']) retrieved from /home/airflow/.local/lib/python3.7/site-packages/airflow/example_dags/example_dynamic_task_mapping.py
[2023-05-03T09:56:29.286+0000] {logging_mixin.py:149} INFO - [2023-05-03T09:56:29.286+0000] {dag.py:2726} INFO - Sync 1 DAGs
[2023-05-03T09:56:29.363+0000] {logging_mixin.py:149} INFO - [2023-05-03T09:56:29.362+0000] {dag.py:3490} INFO - Setting next_dagrun for example_dynamic_task_mapping to 2022-03-04T00:00:00+00:00, run_after=2022-03-05T00:00:00+00:00
[2023-05-03T09:56:29.788+0000] {processor.py:178} INFO - Processing /home/airflow/.local/lib/python3.7/site-packages/airflow/example_dags/example_dynamic_task_mapping.py took 0.587 seconds
[2023-05-03T09:57:00.717+0000] {processor.py:156} INFO - Started process (PID=4220) to work on /home/airflow/.local/lib/python3.7/site-packages/airflow/example_dags/example_dynamic_task_mapping.py
[2023-05-03T09:57:00.720+0000] {processor.py:799} INFO - Processing file /home/airflow/.local/lib/python3.7/site-packages/airflow/example_dags/example_dynamic_task_mapping.py for tasks to queue
[2023-05-03T09:57:00.722+0000] {logging_mixin.py:149} INFO - [2023-05-03T09:57:00.721+0000] {dagbag.py:541} INFO - Filling up the DagBag from /home/airflow/.local/lib/python3.7/site-packages/airflow/example_dags/example_dynamic_task_mapping.py
[2023-05-03T09:57:00.769+0000] {processor.py:809} INFO - DAG(s) dict_keys(['example_dynamic_task_mapping']) retrieved from /home/airflow/.local/lib/python3.7/site-packages/airflow/example_dags/example_dynamic_task_mapping.py
[2023-05-03T09:57:01.206+0000] {logging_mixin.py:149} INFO - [2023-05-03T09:57:01.205+0000] {dag.py:2726} INFO - Sync 1 DAGs
[2023-05-03T09:57:01.290+0000] {logging_mixin.py:149} INFO - [2023-05-03T09:57:01.290+0000] {dag.py:3490} INFO - Setting next_dagrun for example_dynamic_task_mapping to 2022-03-04T00:00:00+00:00, run_after=2022-03-05T00:00:00+00:00
[2023-05-03T09:57:01.357+0000] {processor.py:178} INFO - Processing /home/airflow/.local/lib/python3.7/site-packages/airflow/example_dags/example_dynamic_task_mapping.py took 0.644 seconds
[2023-05-03T09:57:54.799+0000] {processor.py:156} INFO - Started process (PID=4506) to work on /home/airflow/.local/lib/python3.7/site-packages/airflow/example_dags/example_dynamic_task_mapping.py
[2023-05-03T09:57:54.802+0000] {processor.py:799} INFO - Processing file /home/airflow/.local/lib/python3.7/site-packages/airflow/example_dags/example_dynamic_task_mapping.py for tasks to queue
[2023-05-03T09:57:54.809+0000] {logging_mixin.py:149} INFO - [2023-05-03T09:57:54.806+0000] {dagbag.py:541} INFO - Filling up the DagBag from /home/airflow/.local/lib/python3.7/site-packages/airflow/example_dags/example_dynamic_task_mapping.py
[2023-05-03T09:57:54.844+0000] {processor.py:809} INFO - DAG(s) dict_keys(['example_dynamic_task_mapping']) retrieved from /home/airflow/.local/lib/python3.7/site-packages/airflow/example_dags/example_dynamic_task_mapping.py
[2023-05-03T09:57:54.916+0000] {logging_mixin.py:149} INFO - [2023-05-03T09:57:54.914+0000] {dag.py:2726} INFO - Sync 1 DAGs
[2023-05-03T09:57:55.333+0000] {logging_mixin.py:149} INFO - [2023-05-03T09:57:55.332+0000] {dag.py:3490} INFO - Setting next_dagrun for example_dynamic_task_mapping to 2022-03-04T00:00:00+00:00, run_after=2022-03-05T00:00:00+00:00
[2023-05-03T09:57:55.446+0000] {processor.py:178} INFO - Processing /home/airflow/.local/lib/python3.7/site-packages/airflow/example_dags/example_dynamic_task_mapping.py took 0.652 seconds
[2023-05-03T09:58:25.553+0000] {processor.py:156} INFO - Started process (PID=4742) to work on /home/airflow/.local/lib/python3.7/site-packages/airflow/example_dags/example_dynamic_task_mapping.py
[2023-05-03T09:58:25.555+0000] {processor.py:799} INFO - Processing file /home/airflow/.local/lib/python3.7/site-packages/airflow/example_dags/example_dynamic_task_mapping.py for tasks to queue
[2023-05-03T09:58:25.557+0000] {logging_mixin.py:149} INFO - [2023-05-03T09:58:25.557+0000] {dagbag.py:541} INFO - Filling up the DagBag from /home/airflow/.local/lib/python3.7/site-packages/airflow/example_dags/example_dynamic_task_mapping.py
[2023-05-03T09:58:25.580+0000] {processor.py:809} INFO - DAG(s) dict_keys(['example_dynamic_task_mapping']) retrieved from /home/airflow/.local/lib/python3.7/site-packages/airflow/example_dags/example_dynamic_task_mapping.py
[2023-05-03T09:58:25.649+0000] {logging_mixin.py:149} INFO - [2023-05-03T09:58:25.649+0000] {dag.py:2726} INFO - Sync 1 DAGs
[2023-05-03T09:58:25.731+0000] {logging_mixin.py:149} INFO - [2023-05-03T09:58:25.731+0000] {dag.py:3490} INFO - Setting next_dagrun for example_dynamic_task_mapping to 2022-03-04T00:00:00+00:00, run_after=2022-03-05T00:00:00+00:00
[2023-05-03T09:58:25.802+0000] {processor.py:178} INFO - Processing /home/airflow/.local/lib/python3.7/site-packages/airflow/example_dags/example_dynamic_task_mapping.py took 0.264 seconds
[2023-05-03T09:58:55.994+0000] {processor.py:156} INFO - Started process (PID=4974) to work on /home/airflow/.local/lib/python3.7/site-packages/airflow/example_dags/example_dynamic_task_mapping.py
[2023-05-03T09:58:55.997+0000] {processor.py:799} INFO - Processing file /home/airflow/.local/lib/python3.7/site-packages/airflow/example_dags/example_dynamic_task_mapping.py for tasks to queue
[2023-05-03T09:58:56.001+0000] {logging_mixin.py:149} INFO - [2023-05-03T09:58:56.000+0000] {dagbag.py:541} INFO - Filling up the DagBag from /home/airflow/.local/lib/python3.7/site-packages/airflow/example_dags/example_dynamic_task_mapping.py
[2023-05-03T09:58:56.023+0000] {processor.py:809} INFO - DAG(s) dict_keys(['example_dynamic_task_mapping']) retrieved from /home/airflow/.local/lib/python3.7/site-packages/airflow/example_dags/example_dynamic_task_mapping.py
[2023-05-03T09:58:56.119+0000] {logging_mixin.py:149} INFO - [2023-05-03T09:58:56.118+0000] {dag.py:2726} INFO - Sync 1 DAGs
[2023-05-03T09:58:56.515+0000] {logging_mixin.py:149} INFO - [2023-05-03T09:58:56.515+0000] {dag.py:3490} INFO - Setting next_dagrun for example_dynamic_task_mapping to 2022-03-04T00:00:00+00:00, run_after=2022-03-05T00:00:00+00:00
[2023-05-03T09:58:56.613+0000] {processor.py:178} INFO - Processing /home/airflow/.local/lib/python3.7/site-packages/airflow/example_dags/example_dynamic_task_mapping.py took 0.628 seconds
[2023-05-03T09:59:26.921+0000] {processor.py:156} INFO - Started process (PID=5212) to work on /home/airflow/.local/lib/python3.7/site-packages/airflow/example_dags/example_dynamic_task_mapping.py
[2023-05-03T09:59:26.923+0000] {processor.py:799} INFO - Processing file /home/airflow/.local/lib/python3.7/site-packages/airflow/example_dags/example_dynamic_task_mapping.py for tasks to queue
[2023-05-03T09:59:26.925+0000] {logging_mixin.py:149} INFO - [2023-05-03T09:59:26.925+0000] {dagbag.py:541} INFO - Filling up the DagBag from /home/airflow/.local/lib/python3.7/site-packages/airflow/example_dags/example_dynamic_task_mapping.py
[2023-05-03T09:59:26.935+0000] {processor.py:809} INFO - DAG(s) dict_keys(['example_dynamic_task_mapping']) retrieved from /home/airflow/.local/lib/python3.7/site-packages/airflow/example_dags/example_dynamic_task_mapping.py
[2023-05-03T09:59:26.981+0000] {logging_mixin.py:149} INFO - [2023-05-03T09:59:26.980+0000] {dag.py:2726} INFO - Sync 1 DAGs
[2023-05-03T09:59:27.025+0000] {logging_mixin.py:149} INFO - [2023-05-03T09:59:27.024+0000] {dag.py:3490} INFO - Setting next_dagrun for example_dynamic_task_mapping to 2022-03-04T00:00:00+00:00, run_after=2022-03-05T00:00:00+00:00
[2023-05-03T09:59:27.054+0000] {processor.py:178} INFO - Processing /home/airflow/.local/lib/python3.7/site-packages/airflow/example_dags/example_dynamic_task_mapping.py took 0.138 seconds
[2023-05-03T09:59:57.172+0000] {processor.py:156} INFO - Started process (PID=5448) to work on /home/airflow/.local/lib/python3.7/site-packages/airflow/example_dags/example_dynamic_task_mapping.py
[2023-05-03T09:59:57.173+0000] {processor.py:799} INFO - Processing file /home/airflow/.local/lib/python3.7/site-packages/airflow/example_dags/example_dynamic_task_mapping.py for tasks to queue
[2023-05-03T09:59:57.175+0000] {logging_mixin.py:149} INFO - [2023-05-03T09:59:57.175+0000] {dagbag.py:541} INFO - Filling up the DagBag from /home/airflow/.local/lib/python3.7/site-packages/airflow/example_dags/example_dynamic_task_mapping.py
[2023-05-03T09:59:57.186+0000] {processor.py:809} INFO - DAG(s) dict_keys(['example_dynamic_task_mapping']) retrieved from /home/airflow/.local/lib/python3.7/site-packages/airflow/example_dags/example_dynamic_task_mapping.py
[2023-05-03T09:59:57.221+0000] {logging_mixin.py:149} INFO - [2023-05-03T09:59:57.220+0000] {dag.py:2726} INFO - Sync 1 DAGs
[2023-05-03T09:59:57.265+0000] {logging_mixin.py:149} INFO - [2023-05-03T09:59:57.264+0000] {dag.py:3490} INFO - Setting next_dagrun for example_dynamic_task_mapping to 2022-03-04T00:00:00+00:00, run_after=2022-03-05T00:00:00+00:00
[2023-05-03T09:59:57.296+0000] {processor.py:178} INFO - Processing /home/airflow/.local/lib/python3.7/site-packages/airflow/example_dags/example_dynamic_task_mapping.py took 0.128 seconds
[2023-05-03T10:00:27.599+0000] {processor.py:156} INFO - Started process (PID=5682) to work on /home/airflow/.local/lib/python3.7/site-packages/airflow/example_dags/example_dynamic_task_mapping.py
[2023-05-03T10:00:27.600+0000] {processor.py:799} INFO - Processing file /home/airflow/.local/lib/python3.7/site-packages/airflow/example_dags/example_dynamic_task_mapping.py for tasks to queue
[2023-05-03T10:00:27.602+0000] {logging_mixin.py:149} INFO - [2023-05-03T10:00:27.602+0000] {dagbag.py:541} INFO - Filling up the DagBag from /home/airflow/.local/lib/python3.7/site-packages/airflow/example_dags/example_dynamic_task_mapping.py
[2023-05-03T10:00:27.622+0000] {processor.py:809} INFO - DAG(s) dict_keys(['example_dynamic_task_mapping']) retrieved from /home/airflow/.local/lib/python3.7/site-packages/airflow/example_dags/example_dynamic_task_mapping.py
[2023-05-03T10:00:27.677+0000] {logging_mixin.py:149} INFO - [2023-05-03T10:00:27.677+0000] {dag.py:2726} INFO - Sync 1 DAGs
[2023-05-03T10:00:27.738+0000] {logging_mixin.py:149} INFO - [2023-05-03T10:00:27.738+0000] {dag.py:3490} INFO - Setting next_dagrun for example_dynamic_task_mapping to 2022-03-04T00:00:00+00:00, run_after=2022-03-05T00:00:00+00:00
[2023-05-03T10:00:27.803+0000] {processor.py:178} INFO - Processing /home/airflow/.local/lib/python3.7/site-packages/airflow/example_dags/example_dynamic_task_mapping.py took 0.213 seconds
[2023-05-03T10:00:58.522+0000] {processor.py:156} INFO - Started process (PID=5918) to work on /home/airflow/.local/lib/python3.7/site-packages/airflow/example_dags/example_dynamic_task_mapping.py
[2023-05-03T10:00:58.524+0000] {processor.py:799} INFO - Processing file /home/airflow/.local/lib/python3.7/site-packages/airflow/example_dags/example_dynamic_task_mapping.py for tasks to queue
[2023-05-03T10:00:58.525+0000] {logging_mixin.py:149} INFO - [2023-05-03T10:00:58.525+0000] {dagbag.py:541} INFO - Filling up the DagBag from /home/airflow/.local/lib/python3.7/site-packages/airflow/example_dags/example_dynamic_task_mapping.py
[2023-05-03T10:00:58.541+0000] {processor.py:809} INFO - DAG(s) dict_keys(['example_dynamic_task_mapping']) retrieved from /home/airflow/.local/lib/python3.7/site-packages/airflow/example_dags/example_dynamic_task_mapping.py
[2023-05-03T10:00:58.591+0000] {logging_mixin.py:149} INFO - [2023-05-03T10:00:58.591+0000] {dag.py:2726} INFO - Sync 1 DAGs
[2023-05-03T10:00:58.643+0000] {logging_mixin.py:149} INFO - [2023-05-03T10:00:58.642+0000] {dag.py:3490} INFO - Setting next_dagrun for example_dynamic_task_mapping to 2022-03-04T00:00:00+00:00, run_after=2022-03-05T00:00:00+00:00
[2023-05-03T10:00:58.688+0000] {processor.py:178} INFO - Processing /home/airflow/.local/lib/python3.7/site-packages/airflow/example_dags/example_dynamic_task_mapping.py took 0.171 seconds
[2023-05-03T10:01:29.514+0000] {processor.py:156} INFO - Started process (PID=6154) to work on /home/airflow/.local/lib/python3.7/site-packages/airflow/example_dags/example_dynamic_task_mapping.py
[2023-05-03T10:01:29.516+0000] {processor.py:799} INFO - Processing file /home/airflow/.local/lib/python3.7/site-packages/airflow/example_dags/example_dynamic_task_mapping.py for tasks to queue
[2023-05-03T10:01:29.518+0000] {logging_mixin.py:149} INFO - [2023-05-03T10:01:29.517+0000] {dagbag.py:541} INFO - Filling up the DagBag from /home/airflow/.local/lib/python3.7/site-packages/airflow/example_dags/example_dynamic_task_mapping.py
[2023-05-03T10:01:29.535+0000] {processor.py:809} INFO - DAG(s) dict_keys(['example_dynamic_task_mapping']) retrieved from /home/airflow/.local/lib/python3.7/site-packages/airflow/example_dags/example_dynamic_task_mapping.py
[2023-05-03T10:01:29.584+0000] {logging_mixin.py:149} INFO - [2023-05-03T10:01:29.584+0000] {dag.py:2726} INFO - Sync 1 DAGs
[2023-05-03T10:01:29.643+0000] {logging_mixin.py:149} INFO - [2023-05-03T10:01:29.642+0000] {dag.py:3490} INFO - Setting next_dagrun for example_dynamic_task_mapping to 2022-03-04T00:00:00+00:00, run_after=2022-03-05T00:00:00+00:00
[2023-05-03T10:01:29.697+0000] {processor.py:178} INFO - Processing /home/airflow/.local/lib/python3.7/site-packages/airflow/example_dags/example_dynamic_task_mapping.py took 0.189 seconds
[2023-05-03T10:45:32.384+0000] {processor.py:156} INFO - Started process (PID=6391) to work on /home/airflow/.local/lib/python3.7/site-packages/airflow/example_dags/example_dynamic_task_mapping.py
[2023-05-03T10:45:32.386+0000] {processor.py:799} INFO - Processing file /home/airflow/.local/lib/python3.7/site-packages/airflow/example_dags/example_dynamic_task_mapping.py for tasks to queue
[2023-05-03T10:45:32.388+0000] {logging_mixin.py:149} INFO - [2023-05-03T10:45:32.388+0000] {dagbag.py:541} INFO - Filling up the DagBag from /home/airflow/.local/lib/python3.7/site-packages/airflow/example_dags/example_dynamic_task_mapping.py
[2023-05-03T10:45:32.420+0000] {processor.py:809} INFO - DAG(s) dict_keys(['example_dynamic_task_mapping']) retrieved from /home/airflow/.local/lib/python3.7/site-packages/airflow/example_dags/example_dynamic_task_mapping.py
[2023-05-03T10:45:32.625+0000] {logging_mixin.py:149} INFO - [2023-05-03T10:45:32.624+0000] {dag.py:2726} INFO - Sync 1 DAGs
[2023-05-03T10:45:32.932+0000] {logging_mixin.py:149} INFO - [2023-05-03T10:45:32.932+0000] {dag.py:3490} INFO - Setting next_dagrun for example_dynamic_task_mapping to 2022-03-04T00:00:00+00:00, run_after=2022-03-05T00:00:00+00:00
[2023-05-03T10:45:33.005+0000] {processor.py:178} INFO - Processing /home/airflow/.local/lib/python3.7/site-packages/airflow/example_dags/example_dynamic_task_mapping.py took 0.633 seconds
[2023-05-03T10:46:17.129+0000] {processor.py:156} INFO - Started process (PID=6652) to work on /home/airflow/.local/lib/python3.7/site-packages/airflow/example_dags/example_dynamic_task_mapping.py
[2023-05-03T10:46:17.131+0000] {processor.py:799} INFO - Processing file /home/airflow/.local/lib/python3.7/site-packages/airflow/example_dags/example_dynamic_task_mapping.py for tasks to queue
[2023-05-03T10:46:17.143+0000] {logging_mixin.py:149} INFO - [2023-05-03T10:46:17.143+0000] {dagbag.py:541} INFO - Filling up the DagBag from /home/airflow/.local/lib/python3.7/site-packages/airflow/example_dags/example_dynamic_task_mapping.py
[2023-05-03T10:46:17.170+0000] {processor.py:809} INFO - DAG(s) dict_keys(['example_dynamic_task_mapping']) retrieved from /home/airflow/.local/lib/python3.7/site-packages/airflow/example_dags/example_dynamic_task_mapping.py
[2023-05-03T10:46:17.246+0000] {logging_mixin.py:149} INFO - [2023-05-03T10:46:17.245+0000] {dag.py:2726} INFO - Sync 1 DAGs
[2023-05-03T10:46:17.363+0000] {logging_mixin.py:149} INFO - [2023-05-03T10:46:17.362+0000] {dag.py:3490} INFO - Setting next_dagrun for example_dynamic_task_mapping to 2022-03-04T00:00:00+00:00, run_after=2022-03-05T00:00:00+00:00
[2023-05-03T10:46:17.454+0000] {processor.py:178} INFO - Processing /home/airflow/.local/lib/python3.7/site-packages/airflow/example_dags/example_dynamic_task_mapping.py took 0.330 seconds
[2023-05-03T10:47:44.148+0000] {processor.py:156} INFO - Started process (PID=6841) to work on /home/airflow/.local/lib/python3.7/site-packages/airflow/example_dags/example_dynamic_task_mapping.py
[2023-05-03T10:47:44.156+0000] {processor.py:799} INFO - Processing file /home/airflow/.local/lib/python3.7/site-packages/airflow/example_dags/example_dynamic_task_mapping.py for tasks to queue
[2023-05-03T10:47:44.159+0000] {logging_mixin.py:149} INFO - [2023-05-03T10:47:44.158+0000] {dagbag.py:541} INFO - Filling up the DagBag from /home/airflow/.local/lib/python3.7/site-packages/airflow/example_dags/example_dynamic_task_mapping.py
[2023-05-03T10:47:44.370+0000] {processor.py:809} INFO - DAG(s) dict_keys(['example_dynamic_task_mapping']) retrieved from /home/airflow/.local/lib/python3.7/site-packages/airflow/example_dags/example_dynamic_task_mapping.py
[2023-05-03T10:47:46.735+0000] {logging_mixin.py:149} INFO - [2023-05-03T10:47:46.735+0000] {dag.py:2726} INFO - Sync 1 DAGs
[2023-05-03T10:47:47.631+0000] {logging_mixin.py:149} INFO - [2023-05-03T10:47:47.631+0000] {dag.py:3490} INFO - Setting next_dagrun for example_dynamic_task_mapping to 2022-03-04T00:00:00+00:00, run_after=2022-03-05T00:00:00+00:00
[2023-05-03T10:47:47.798+0000] {processor.py:178} INFO - Processing /home/airflow/.local/lib/python3.7/site-packages/airflow/example_dags/example_dynamic_task_mapping.py took 3.842 seconds
[2023-05-03T10:48:18.010+0000] {processor.py:156} INFO - Started process (PID=7074) to work on /home/airflow/.local/lib/python3.7/site-packages/airflow/example_dags/example_dynamic_task_mapping.py
[2023-05-03T10:48:18.015+0000] {processor.py:799} INFO - Processing file /home/airflow/.local/lib/python3.7/site-packages/airflow/example_dags/example_dynamic_task_mapping.py for tasks to queue
[2023-05-03T10:48:18.023+0000] {logging_mixin.py:149} INFO - [2023-05-03T10:48:18.023+0000] {dagbag.py:541} INFO - Filling up the DagBag from /home/airflow/.local/lib/python3.7/site-packages/airflow/example_dags/example_dynamic_task_mapping.py
[2023-05-03T10:48:18.043+0000] {processor.py:809} INFO - DAG(s) dict_keys(['example_dynamic_task_mapping']) retrieved from /home/airflow/.local/lib/python3.7/site-packages/airflow/example_dags/example_dynamic_task_mapping.py
[2023-05-03T10:48:18.120+0000] {logging_mixin.py:149} INFO - [2023-05-03T10:48:18.120+0000] {dag.py:2726} INFO - Sync 1 DAGs
[2023-05-03T10:48:18.216+0000] {logging_mixin.py:149} INFO - [2023-05-03T10:48:18.216+0000] {dag.py:3490} INFO - Setting next_dagrun for example_dynamic_task_mapping to 2022-03-04T00:00:00+00:00, run_after=2022-03-05T00:00:00+00:00
[2023-05-03T10:48:18.321+0000] {processor.py:178} INFO - Processing /home/airflow/.local/lib/python3.7/site-packages/airflow/example_dags/example_dynamic_task_mapping.py took 0.318 seconds
[2023-05-03T10:48:48.452+0000] {processor.py:156} INFO - Started process (PID=7310) to work on /home/airflow/.local/lib/python3.7/site-packages/airflow/example_dags/example_dynamic_task_mapping.py
[2023-05-03T10:48:48.455+0000] {processor.py:799} INFO - Processing file /home/airflow/.local/lib/python3.7/site-packages/airflow/example_dags/example_dynamic_task_mapping.py for tasks to queue
[2023-05-03T10:48:48.458+0000] {logging_mixin.py:149} INFO - [2023-05-03T10:48:48.458+0000] {dagbag.py:541} INFO - Filling up the DagBag from /home/airflow/.local/lib/python3.7/site-packages/airflow/example_dags/example_dynamic_task_mapping.py
[2023-05-03T10:48:48.472+0000] {processor.py:809} INFO - DAG(s) dict_keys(['example_dynamic_task_mapping']) retrieved from /home/airflow/.local/lib/python3.7/site-packages/airflow/example_dags/example_dynamic_task_mapping.py
[2023-05-03T10:48:48.517+0000] {logging_mixin.py:149} INFO - [2023-05-03T10:48:48.517+0000] {dag.py:2726} INFO - Sync 1 DAGs
[2023-05-03T10:48:48.568+0000] {logging_mixin.py:149} INFO - [2023-05-03T10:48:48.568+0000] {dag.py:3490} INFO - Setting next_dagrun for example_dynamic_task_mapping to 2022-03-04T00:00:00+00:00, run_after=2022-03-05T00:00:00+00:00
[2023-05-03T10:48:48.603+0000] {processor.py:178} INFO - Processing /home/airflow/.local/lib/python3.7/site-packages/airflow/example_dags/example_dynamic_task_mapping.py took 0.156 seconds
[2023-05-03T10:49:19.376+0000] {processor.py:156} INFO - Started process (PID=7539) to work on /home/airflow/.local/lib/python3.7/site-packages/airflow/example_dags/example_dynamic_task_mapping.py
[2023-05-03T10:49:19.384+0000] {processor.py:799} INFO - Processing file /home/airflow/.local/lib/python3.7/site-packages/airflow/example_dags/example_dynamic_task_mapping.py for tasks to queue
[2023-05-03T10:49:19.386+0000] {logging_mixin.py:149} INFO - [2023-05-03T10:49:19.385+0000] {dagbag.py:541} INFO - Filling up the DagBag from /home/airflow/.local/lib/python3.7/site-packages/airflow/example_dags/example_dynamic_task_mapping.py
[2023-05-03T10:49:19.412+0000] {processor.py:809} INFO - DAG(s) dict_keys(['example_dynamic_task_mapping']) retrieved from /home/airflow/.local/lib/python3.7/site-packages/airflow/example_dags/example_dynamic_task_mapping.py
[2023-05-03T10:49:19.517+0000] {logging_mixin.py:149} INFO - [2023-05-03T10:49:19.517+0000] {dag.py:2726} INFO - Sync 1 DAGs
[2023-05-03T10:49:19.656+0000] {logging_mixin.py:149} INFO - [2023-05-03T10:49:19.655+0000] {dag.py:3490} INFO - Setting next_dagrun for example_dynamic_task_mapping to 2022-03-04T00:00:00+00:00, run_after=2022-03-05T00:00:00+00:00
[2023-05-03T10:49:19.829+0000] {processor.py:178} INFO - Processing /home/airflow/.local/lib/python3.7/site-packages/airflow/example_dags/example_dynamic_task_mapping.py took 0.458 seconds
[2023-05-03T10:49:59.012+0000] {processor.py:156} INFO - Started process (PID=7787) to work on /home/airflow/.local/lib/python3.7/site-packages/airflow/example_dags/example_dynamic_task_mapping.py
[2023-05-03T10:49:59.015+0000] {processor.py:799} INFO - Processing file /home/airflow/.local/lib/python3.7/site-packages/airflow/example_dags/example_dynamic_task_mapping.py for tasks to queue
[2023-05-03T10:49:59.026+0000] {logging_mixin.py:149} INFO - [2023-05-03T10:49:59.026+0000] {dagbag.py:541} INFO - Filling up the DagBag from /home/airflow/.local/lib/python3.7/site-packages/airflow/example_dags/example_dynamic_task_mapping.py
[2023-05-03T10:49:59.051+0000] {processor.py:809} INFO - DAG(s) dict_keys(['example_dynamic_task_mapping']) retrieved from /home/airflow/.local/lib/python3.7/site-packages/airflow/example_dags/example_dynamic_task_mapping.py
[2023-05-03T10:49:59.148+0000] {logging_mixin.py:149} INFO - [2023-05-03T10:49:59.147+0000] {dag.py:2726} INFO - Sync 1 DAGs
[2023-05-03T10:49:59.233+0000] {logging_mixin.py:149} INFO - [2023-05-03T10:49:59.233+0000] {dag.py:3490} INFO - Setting next_dagrun for example_dynamic_task_mapping to 2022-03-04T00:00:00+00:00, run_after=2022-03-05T00:00:00+00:00
[2023-05-03T10:49:59.330+0000] {processor.py:178} INFO - Processing /home/airflow/.local/lib/python3.7/site-packages/airflow/example_dags/example_dynamic_task_mapping.py took 0.331 seconds
[2023-05-03T10:50:32.078+0000] {processor.py:156} INFO - Started process (PID=8017) to work on /home/airflow/.local/lib/python3.7/site-packages/airflow/example_dags/example_dynamic_task_mapping.py
[2023-05-03T10:50:32.080+0000] {processor.py:799} INFO - Processing file /home/airflow/.local/lib/python3.7/site-packages/airflow/example_dags/example_dynamic_task_mapping.py for tasks to queue
[2023-05-03T10:50:32.082+0000] {logging_mixin.py:149} INFO - [2023-05-03T10:50:32.082+0000] {dagbag.py:541} INFO - Filling up the DagBag from /home/airflow/.local/lib/python3.7/site-packages/airflow/example_dags/example_dynamic_task_mapping.py
[2023-05-03T10:50:32.133+0000] {processor.py:809} INFO - DAG(s) dict_keys(['example_dynamic_task_mapping']) retrieved from /home/airflow/.local/lib/python3.7/site-packages/airflow/example_dags/example_dynamic_task_mapping.py
[2023-05-03T10:50:32.230+0000] {logging_mixin.py:149} INFO - [2023-05-03T10:50:32.230+0000] {dag.py:2726} INFO - Sync 1 DAGs
[2023-05-03T10:50:32.306+0000] {logging_mixin.py:149} INFO - [2023-05-03T10:50:32.306+0000] {dag.py:3490} INFO - Setting next_dagrun for example_dynamic_task_mapping to 2022-03-04T00:00:00+00:00, run_after=2022-03-05T00:00:00+00:00
[2023-05-03T10:50:32.472+0000] {processor.py:178} INFO - Processing /home/airflow/.local/lib/python3.7/site-packages/airflow/example_dags/example_dynamic_task_mapping.py took 0.400 seconds
[2023-05-03T10:51:02.864+0000] {processor.py:156} INFO - Started process (PID=8252) to work on /home/airflow/.local/lib/python3.7/site-packages/airflow/example_dags/example_dynamic_task_mapping.py
[2023-05-03T10:51:02.866+0000] {processor.py:799} INFO - Processing file /home/airflow/.local/lib/python3.7/site-packages/airflow/example_dags/example_dynamic_task_mapping.py for tasks to queue
[2023-05-03T10:51:02.867+0000] {logging_mixin.py:149} INFO - [2023-05-03T10:51:02.867+0000] {dagbag.py:541} INFO - Filling up the DagBag from /home/airflow/.local/lib/python3.7/site-packages/airflow/example_dags/example_dynamic_task_mapping.py
[2023-05-03T10:51:02.885+0000] {processor.py:809} INFO - DAG(s) dict_keys(['example_dynamic_task_mapping']) retrieved from /home/airflow/.local/lib/python3.7/site-packages/airflow/example_dags/example_dynamic_task_mapping.py
[2023-05-03T10:51:02.955+0000] {logging_mixin.py:149} INFO - [2023-05-03T10:51:02.954+0000] {dag.py:2726} INFO - Sync 1 DAGs
[2023-05-03T10:51:03.019+0000] {logging_mixin.py:149} INFO - [2023-05-03T10:51:03.019+0000] {dag.py:3490} INFO - Setting next_dagrun for example_dynamic_task_mapping to 2022-03-04T00:00:00+00:00, run_after=2022-03-05T00:00:00+00:00
[2023-05-03T10:51:03.092+0000] {processor.py:178} INFO - Processing /home/airflow/.local/lib/python3.7/site-packages/airflow/example_dags/example_dynamic_task_mapping.py took 0.234 seconds
[2023-05-03T10:51:34.354+0000] {processor.py:156} INFO - Started process (PID=8483) to work on /home/airflow/.local/lib/python3.7/site-packages/airflow/example_dags/example_dynamic_task_mapping.py
[2023-05-03T10:51:34.359+0000] {processor.py:799} INFO - Processing file /home/airflow/.local/lib/python3.7/site-packages/airflow/example_dags/example_dynamic_task_mapping.py for tasks to queue
[2023-05-03T10:51:34.368+0000] {logging_mixin.py:149} INFO - [2023-05-03T10:51:34.368+0000] {dagbag.py:541} INFO - Filling up the DagBag from /home/airflow/.local/lib/python3.7/site-packages/airflow/example_dags/example_dynamic_task_mapping.py
[2023-05-03T10:51:34.390+0000] {processor.py:809} INFO - DAG(s) dict_keys(['example_dynamic_task_mapping']) retrieved from /home/airflow/.local/lib/python3.7/site-packages/airflow/example_dags/example_dynamic_task_mapping.py
[2023-05-03T10:51:34.480+0000] {logging_mixin.py:149} INFO - [2023-05-03T10:51:34.479+0000] {dag.py:2726} INFO - Sync 1 DAGs
[2023-05-03T10:51:34.584+0000] {logging_mixin.py:149} INFO - [2023-05-03T10:51:34.584+0000] {dag.py:3490} INFO - Setting next_dagrun for example_dynamic_task_mapping to 2022-03-04T00:00:00+00:00, run_after=2022-03-05T00:00:00+00:00
[2023-05-03T10:51:34.685+0000] {processor.py:178} INFO - Processing /home/airflow/.local/lib/python3.7/site-packages/airflow/example_dags/example_dynamic_task_mapping.py took 0.337 seconds
[2023-05-03T10:52:04.965+0000] {processor.py:156} INFO - Started process (PID=8710) to work on /home/airflow/.local/lib/python3.7/site-packages/airflow/example_dags/example_dynamic_task_mapping.py
[2023-05-03T10:52:04.968+0000] {processor.py:799} INFO - Processing file /home/airflow/.local/lib/python3.7/site-packages/airflow/example_dags/example_dynamic_task_mapping.py for tasks to queue
[2023-05-03T10:52:04.972+0000] {logging_mixin.py:149} INFO - [2023-05-03T10:52:04.972+0000] {dagbag.py:541} INFO - Filling up the DagBag from /home/airflow/.local/lib/python3.7/site-packages/airflow/example_dags/example_dynamic_task_mapping.py
[2023-05-03T10:52:05.010+0000] {processor.py:809} INFO - DAG(s) dict_keys(['example_dynamic_task_mapping']) retrieved from /home/airflow/.local/lib/python3.7/site-packages/airflow/example_dags/example_dynamic_task_mapping.py
[2023-05-03T10:52:05.144+0000] {logging_mixin.py:149} INFO - [2023-05-03T10:52:05.144+0000] {dag.py:2726} INFO - Sync 1 DAGs
[2023-05-03T10:52:05.245+0000] {logging_mixin.py:149} INFO - [2023-05-03T10:52:05.244+0000] {dag.py:3490} INFO - Setting next_dagrun for example_dynamic_task_mapping to 2022-03-04T00:00:00+00:00, run_after=2022-03-05T00:00:00+00:00
[2023-05-03T10:52:05.313+0000] {processor.py:178} INFO - Processing /home/airflow/.local/lib/python3.7/site-packages/airflow/example_dags/example_dynamic_task_mapping.py took 0.362 seconds
[2023-05-03T10:52:36.345+0000] {processor.py:156} INFO - Started process (PID=8941) to work on /home/airflow/.local/lib/python3.7/site-packages/airflow/example_dags/example_dynamic_task_mapping.py
[2023-05-03T10:52:36.385+0000] {processor.py:799} INFO - Processing file /home/airflow/.local/lib/python3.7/site-packages/airflow/example_dags/example_dynamic_task_mapping.py for tasks to queue
[2023-05-03T10:52:36.389+0000] {logging_mixin.py:149} INFO - [2023-05-03T10:52:36.388+0000] {dagbag.py:541} INFO - Filling up the DagBag from /home/airflow/.local/lib/python3.7/site-packages/airflow/example_dags/example_dynamic_task_mapping.py
[2023-05-03T10:52:36.424+0000] {processor.py:809} INFO - DAG(s) dict_keys(['example_dynamic_task_mapping']) retrieved from /home/airflow/.local/lib/python3.7/site-packages/airflow/example_dags/example_dynamic_task_mapping.py
[2023-05-03T10:52:36.495+0000] {logging_mixin.py:149} INFO - [2023-05-03T10:52:36.495+0000] {dag.py:2726} INFO - Sync 1 DAGs
[2023-05-03T10:52:36.589+0000] {logging_mixin.py:149} INFO - [2023-05-03T10:52:36.588+0000] {dag.py:3490} INFO - Setting next_dagrun for example_dynamic_task_mapping to 2022-03-04T00:00:00+00:00, run_after=2022-03-05T00:00:00+00:00
[2023-05-03T10:52:36.660+0000] {processor.py:178} INFO - Processing /home/airflow/.local/lib/python3.7/site-packages/airflow/example_dags/example_dynamic_task_mapping.py took 0.326 seconds
[2023-05-03T10:53:07.489+0000] {processor.py:156} INFO - Started process (PID=9177) to work on /home/airflow/.local/lib/python3.7/site-packages/airflow/example_dags/example_dynamic_task_mapping.py
[2023-05-03T10:53:07.491+0000] {processor.py:799} INFO - Processing file /home/airflow/.local/lib/python3.7/site-packages/airflow/example_dags/example_dynamic_task_mapping.py for tasks to queue
[2023-05-03T10:53:07.505+0000] {logging_mixin.py:149} INFO - [2023-05-03T10:53:07.505+0000] {dagbag.py:541} INFO - Filling up the DagBag from /home/airflow/.local/lib/python3.7/site-packages/airflow/example_dags/example_dynamic_task_mapping.py
[2023-05-03T10:53:07.529+0000] {processor.py:809} INFO - DAG(s) dict_keys(['example_dynamic_task_mapping']) retrieved from /home/airflow/.local/lib/python3.7/site-packages/airflow/example_dags/example_dynamic_task_mapping.py
[2023-05-03T10:53:07.643+0000] {logging_mixin.py:149} INFO - [2023-05-03T10:53:07.643+0000] {dag.py:2726} INFO - Sync 1 DAGs
[2023-05-03T10:53:07.767+0000] {logging_mixin.py:149} INFO - [2023-05-03T10:53:07.767+0000] {dag.py:3490} INFO - Setting next_dagrun for example_dynamic_task_mapping to 2022-03-04T00:00:00+00:00, run_after=2022-03-05T00:00:00+00:00
[2023-05-03T10:53:07.863+0000] {processor.py:178} INFO - Processing /home/airflow/.local/lib/python3.7/site-packages/airflow/example_dags/example_dynamic_task_mapping.py took 0.380 seconds
[2023-05-03T10:53:40.491+0000] {processor.py:156} INFO - Started process (PID=9413) to work on /home/airflow/.local/lib/python3.7/site-packages/airflow/example_dags/example_dynamic_task_mapping.py
[2023-05-03T10:53:40.497+0000] {processor.py:799} INFO - Processing file /home/airflow/.local/lib/python3.7/site-packages/airflow/example_dags/example_dynamic_task_mapping.py for tasks to queue
[2023-05-03T10:53:40.506+0000] {logging_mixin.py:149} INFO - [2023-05-03T10:53:40.505+0000] {dagbag.py:541} INFO - Filling up the DagBag from /home/airflow/.local/lib/python3.7/site-packages/airflow/example_dags/example_dynamic_task_mapping.py
[2023-05-03T10:53:40.564+0000] {processor.py:809} INFO - DAG(s) dict_keys(['example_dynamic_task_mapping']) retrieved from /home/airflow/.local/lib/python3.7/site-packages/airflow/example_dags/example_dynamic_task_mapping.py
[2023-05-03T10:53:40.668+0000] {logging_mixin.py:149} INFO - [2023-05-03T10:53:40.667+0000] {dag.py:2726} INFO - Sync 1 DAGs
[2023-05-03T10:53:40.800+0000] {logging_mixin.py:149} INFO - [2023-05-03T10:53:40.799+0000] {dag.py:3490} INFO - Setting next_dagrun for example_dynamic_task_mapping to 2022-03-04T00:00:00+00:00, run_after=2022-03-05T00:00:00+00:00
[2023-05-03T10:53:40.925+0000] {processor.py:178} INFO - Processing /home/airflow/.local/lib/python3.7/site-packages/airflow/example_dags/example_dynamic_task_mapping.py took 0.456 seconds
[2023-05-03T10:54:11.555+0000] {processor.py:156} INFO - Started process (PID=9649) to work on /home/airflow/.local/lib/python3.7/site-packages/airflow/example_dags/example_dynamic_task_mapping.py
[2023-05-03T10:54:11.557+0000] {processor.py:799} INFO - Processing file /home/airflow/.local/lib/python3.7/site-packages/airflow/example_dags/example_dynamic_task_mapping.py for tasks to queue
[2023-05-03T10:54:11.560+0000] {logging_mixin.py:149} INFO - [2023-05-03T10:54:11.559+0000] {dagbag.py:541} INFO - Filling up the DagBag from /home/airflow/.local/lib/python3.7/site-packages/airflow/example_dags/example_dynamic_task_mapping.py
[2023-05-03T10:54:11.581+0000] {processor.py:809} INFO - DAG(s) dict_keys(['example_dynamic_task_mapping']) retrieved from /home/airflow/.local/lib/python3.7/site-packages/airflow/example_dags/example_dynamic_task_mapping.py
[2023-05-03T10:54:11.659+0000] {logging_mixin.py:149} INFO - [2023-05-03T10:54:11.659+0000] {dag.py:2726} INFO - Sync 1 DAGs
[2023-05-03T10:54:11.747+0000] {logging_mixin.py:149} INFO - [2023-05-03T10:54:11.747+0000] {dag.py:3490} INFO - Setting next_dagrun for example_dynamic_task_mapping to 2022-03-04T00:00:00+00:00, run_after=2022-03-05T00:00:00+00:00
[2023-05-03T10:54:11.848+0000] {processor.py:178} INFO - Processing /home/airflow/.local/lib/python3.7/site-packages/airflow/example_dags/example_dynamic_task_mapping.py took 0.299 seconds
[2023-05-03T10:54:52.447+0000] {processor.py:156} INFO - Started process (PID=9886) to work on /home/airflow/.local/lib/python3.7/site-packages/airflow/example_dags/example_dynamic_task_mapping.py
[2023-05-03T10:54:52.458+0000] {processor.py:799} INFO - Processing file /home/airflow/.local/lib/python3.7/site-packages/airflow/example_dags/example_dynamic_task_mapping.py for tasks to queue
[2023-05-03T10:54:52.462+0000] {logging_mixin.py:149} INFO - [2023-05-03T10:54:52.461+0000] {dagbag.py:541} INFO - Filling up the DagBag from /home/airflow/.local/lib/python3.7/site-packages/airflow/example_dags/example_dynamic_task_mapping.py
[2023-05-03T10:54:52.487+0000] {processor.py:809} INFO - DAG(s) dict_keys(['example_dynamic_task_mapping']) retrieved from /home/airflow/.local/lib/python3.7/site-packages/airflow/example_dags/example_dynamic_task_mapping.py
[2023-05-03T10:54:52.612+0000] {logging_mixin.py:149} INFO - [2023-05-03T10:54:52.612+0000] {dag.py:2726} INFO - Sync 1 DAGs
[2023-05-03T10:54:52.710+0000] {logging_mixin.py:149} INFO - [2023-05-03T10:54:52.710+0000] {dag.py:3490} INFO - Setting next_dagrun for example_dynamic_task_mapping to 2022-03-04T00:00:00+00:00, run_after=2022-03-05T00:00:00+00:00
[2023-05-03T10:54:52.779+0000] {processor.py:178} INFO - Processing /home/airflow/.local/lib/python3.7/site-packages/airflow/example_dags/example_dynamic_task_mapping.py took 0.340 seconds
