[2023-05-03T09:31:25.480+0000] {processor.py:156} INFO - Started process (PID=291) to work on /home/airflow/.local/lib/python3.7/site-packages/airflow/example_dags/example_time_delta_sensor_async.py
[2023-05-03T09:31:25.491+0000] {processor.py:799} INFO - Processing file /home/airflow/.local/lib/python3.7/site-packages/airflow/example_dags/example_time_delta_sensor_async.py for tasks to queue
[2023-05-03T09:31:25.497+0000] {logging_mixin.py:149} INFO - [2023-05-03T09:31:25.496+0000] {dagbag.py:541} INFO - Filling up the DagBag from /home/airflow/.local/lib/python3.7/site-packages/airflow/example_dags/example_time_delta_sensor_async.py
[2023-05-03T09:31:25.519+0000] {processor.py:809} INFO - DAG(s) dict_keys(['example_time_delta_sensor_async']) retrieved from /home/airflow/.local/lib/python3.7/site-packages/airflow/example_dags/example_time_delta_sensor_async.py
[2023-05-03T09:31:25.647+0000] {logging_mixin.py:149} INFO - [2023-05-03T09:31:25.646+0000] {dag.py:2726} INFO - Sync 1 DAGs
[2023-05-03T09:31:25.765+0000] {logging_mixin.py:149} INFO - [2023-05-03T09:31:25.765+0000] {dag.py:3490} INFO - Setting next_dagrun for example_time_delta_sensor_async to None, run_after=None
[2023-05-03T09:31:25.870+0000] {processor.py:178} INFO - Processing /home/airflow/.local/lib/python3.7/site-packages/airflow/example_dags/example_time_delta_sensor_async.py took 0.397 seconds
[2023-05-03T09:32:08.048+0000] {processor.py:156} INFO - Started process (PID=527) to work on /home/airflow/.local/lib/python3.7/site-packages/airflow/example_dags/example_time_delta_sensor_async.py
[2023-05-03T09:32:08.051+0000] {processor.py:799} INFO - Processing file /home/airflow/.local/lib/python3.7/site-packages/airflow/example_dags/example_time_delta_sensor_async.py for tasks to queue
[2023-05-03T09:32:08.053+0000] {logging_mixin.py:149} INFO - [2023-05-03T09:32:08.053+0000] {dagbag.py:541} INFO - Filling up the DagBag from /home/airflow/.local/lib/python3.7/site-packages/airflow/example_dags/example_time_delta_sensor_async.py
[2023-05-03T09:32:08.064+0000] {processor.py:809} INFO - DAG(s) dict_keys(['example_time_delta_sensor_async']) retrieved from /home/airflow/.local/lib/python3.7/site-packages/airflow/example_dags/example_time_delta_sensor_async.py
[2023-05-03T09:32:08.126+0000] {logging_mixin.py:149} INFO - [2023-05-03T09:32:08.125+0000] {dag.py:2726} INFO - Sync 1 DAGs
[2023-05-03T09:32:08.526+0000] {logging_mixin.py:149} INFO - [2023-05-03T09:32:08.526+0000] {dag.py:3490} INFO - Setting next_dagrun for example_time_delta_sensor_async to None, run_after=None
[2023-05-03T09:32:08.623+0000] {processor.py:178} INFO - Processing /home/airflow/.local/lib/python3.7/site-packages/airflow/example_dags/example_time_delta_sensor_async.py took 0.580 seconds
[2023-05-03T09:32:40.917+0000] {processor.py:156} INFO - Started process (PID=763) to work on /home/airflow/.local/lib/python3.7/site-packages/airflow/example_dags/example_time_delta_sensor_async.py
[2023-05-03T09:32:40.920+0000] {processor.py:799} INFO - Processing file /home/airflow/.local/lib/python3.7/site-packages/airflow/example_dags/example_time_delta_sensor_async.py for tasks to queue
[2023-05-03T09:32:40.922+0000] {logging_mixin.py:149} INFO - [2023-05-03T09:32:40.921+0000] {dagbag.py:541} INFO - Filling up the DagBag from /home/airflow/.local/lib/python3.7/site-packages/airflow/example_dags/example_time_delta_sensor_async.py
[2023-05-03T09:32:40.929+0000] {processor.py:809} INFO - DAG(s) dict_keys(['example_time_delta_sensor_async']) retrieved from /home/airflow/.local/lib/python3.7/site-packages/airflow/example_dags/example_time_delta_sensor_async.py
[2023-05-03T09:32:40.967+0000] {logging_mixin.py:149} INFO - [2023-05-03T09:32:40.966+0000] {dag.py:2726} INFO - Sync 1 DAGs
[2023-05-03T09:32:41.008+0000] {logging_mixin.py:149} INFO - [2023-05-03T09:32:41.007+0000] {dag.py:3490} INFO - Setting next_dagrun for example_time_delta_sensor_async to None, run_after=None
[2023-05-03T09:32:41.043+0000] {processor.py:178} INFO - Processing /home/airflow/.local/lib/python3.7/site-packages/airflow/example_dags/example_time_delta_sensor_async.py took 0.131 seconds
[2023-05-03T09:33:31.106+0000] {processor.py:156} INFO - Started process (PID=990) to work on /home/airflow/.local/lib/python3.7/site-packages/airflow/example_dags/example_time_delta_sensor_async.py
[2023-05-03T09:33:31.108+0000] {processor.py:799} INFO - Processing file /home/airflow/.local/lib/python3.7/site-packages/airflow/example_dags/example_time_delta_sensor_async.py for tasks to queue
[2023-05-03T09:33:31.113+0000] {logging_mixin.py:149} INFO - [2023-05-03T09:33:31.112+0000] {dagbag.py:541} INFO - Filling up the DagBag from /home/airflow/.local/lib/python3.7/site-packages/airflow/example_dags/example_time_delta_sensor_async.py
[2023-05-03T09:33:31.122+0000] {processor.py:809} INFO - DAG(s) dict_keys(['example_time_delta_sensor_async']) retrieved from /home/airflow/.local/lib/python3.7/site-packages/airflow/example_dags/example_time_delta_sensor_async.py
[2023-05-03T09:33:31.221+0000] {logging_mixin.py:149} INFO - [2023-05-03T09:33:31.221+0000] {dag.py:2726} INFO - Sync 1 DAGs
[2023-05-03T09:33:31.305+0000] {logging_mixin.py:149} INFO - [2023-05-03T09:33:31.305+0000] {dag.py:3490} INFO - Setting next_dagrun for example_time_delta_sensor_async to None, run_after=None
[2023-05-03T09:33:31.556+0000] {processor.py:178} INFO - Processing /home/airflow/.local/lib/python3.7/site-packages/airflow/example_dags/example_time_delta_sensor_async.py took 0.458 seconds
[2023-05-03T09:34:05.230+0000] {processor.py:156} INFO - Started process (PID=1225) to work on /home/airflow/.local/lib/python3.7/site-packages/airflow/example_dags/example_time_delta_sensor_async.py
[2023-05-03T09:34:05.257+0000] {processor.py:799} INFO - Processing file /home/airflow/.local/lib/python3.7/site-packages/airflow/example_dags/example_time_delta_sensor_async.py for tasks to queue
[2023-05-03T09:34:05.259+0000] {logging_mixin.py:149} INFO - [2023-05-03T09:34:05.259+0000] {dagbag.py:541} INFO - Filling up the DagBag from /home/airflow/.local/lib/python3.7/site-packages/airflow/example_dags/example_time_delta_sensor_async.py
[2023-05-03T09:34:05.282+0000] {processor.py:809} INFO - DAG(s) dict_keys(['example_time_delta_sensor_async']) retrieved from /home/airflow/.local/lib/python3.7/site-packages/airflow/example_dags/example_time_delta_sensor_async.py
[2023-05-03T09:34:05.397+0000] {logging_mixin.py:149} INFO - [2023-05-03T09:34:05.397+0000] {dag.py:2726} INFO - Sync 1 DAGs
[2023-05-03T09:34:05.486+0000] {logging_mixin.py:149} INFO - [2023-05-03T09:34:05.483+0000] {dag.py:3490} INFO - Setting next_dagrun for example_time_delta_sensor_async to None, run_after=None
[2023-05-03T09:34:05.579+0000] {processor.py:178} INFO - Processing /home/airflow/.local/lib/python3.7/site-packages/airflow/example_dags/example_time_delta_sensor_async.py took 0.374 seconds
[2023-05-03T09:34:36.205+0000] {processor.py:156} INFO - Started process (PID=1461) to work on /home/airflow/.local/lib/python3.7/site-packages/airflow/example_dags/example_time_delta_sensor_async.py
[2023-05-03T09:34:36.207+0000] {processor.py:799} INFO - Processing file /home/airflow/.local/lib/python3.7/site-packages/airflow/example_dags/example_time_delta_sensor_async.py for tasks to queue
[2023-05-03T09:34:36.209+0000] {logging_mixin.py:149} INFO - [2023-05-03T09:34:36.209+0000] {dagbag.py:541} INFO - Filling up the DagBag from /home/airflow/.local/lib/python3.7/site-packages/airflow/example_dags/example_time_delta_sensor_async.py
[2023-05-03T09:34:36.215+0000] {processor.py:809} INFO - DAG(s) dict_keys(['example_time_delta_sensor_async']) retrieved from /home/airflow/.local/lib/python3.7/site-packages/airflow/example_dags/example_time_delta_sensor_async.py
[2023-05-03T09:34:36.264+0000] {logging_mixin.py:149} INFO - [2023-05-03T09:34:36.263+0000] {dag.py:2726} INFO - Sync 1 DAGs
[2023-05-03T09:34:36.347+0000] {logging_mixin.py:149} INFO - [2023-05-03T09:34:36.346+0000] {dag.py:3490} INFO - Setting next_dagrun for example_time_delta_sensor_async to None, run_after=None
[2023-05-03T09:34:36.406+0000] {processor.py:178} INFO - Processing /home/airflow/.local/lib/python3.7/site-packages/airflow/example_dags/example_time_delta_sensor_async.py took 0.207 seconds
[2023-05-03T09:35:07.769+0000] {processor.py:156} INFO - Started process (PID=1697) to work on /home/airflow/.local/lib/python3.7/site-packages/airflow/example_dags/example_time_delta_sensor_async.py
[2023-05-03T09:35:07.771+0000] {processor.py:799} INFO - Processing file /home/airflow/.local/lib/python3.7/site-packages/airflow/example_dags/example_time_delta_sensor_async.py for tasks to queue
[2023-05-03T09:35:07.773+0000] {logging_mixin.py:149} INFO - [2023-05-03T09:35:07.772+0000] {dagbag.py:541} INFO - Filling up the DagBag from /home/airflow/.local/lib/python3.7/site-packages/airflow/example_dags/example_time_delta_sensor_async.py
[2023-05-03T09:35:07.780+0000] {processor.py:809} INFO - DAG(s) dict_keys(['example_time_delta_sensor_async']) retrieved from /home/airflow/.local/lib/python3.7/site-packages/airflow/example_dags/example_time_delta_sensor_async.py
[2023-05-03T09:35:07.851+0000] {logging_mixin.py:149} INFO - [2023-05-03T09:35:07.850+0000] {dag.py:2726} INFO - Sync 1 DAGs
[2023-05-03T09:35:07.943+0000] {logging_mixin.py:149} INFO - [2023-05-03T09:35:07.942+0000] {dag.py:3490} INFO - Setting next_dagrun for example_time_delta_sensor_async to None, run_after=None
[2023-05-03T09:35:08.012+0000] {processor.py:178} INFO - Processing /home/airflow/.local/lib/python3.7/site-packages/airflow/example_dags/example_time_delta_sensor_async.py took 0.249 seconds
[2023-05-03T09:35:49.828+0000] {processor.py:156} INFO - Started process (PID=1978) to work on /home/airflow/.local/lib/python3.7/site-packages/airflow/example_dags/example_time_delta_sensor_async.py
[2023-05-03T09:35:49.832+0000] {processor.py:799} INFO - Processing file /home/airflow/.local/lib/python3.7/site-packages/airflow/example_dags/example_time_delta_sensor_async.py for tasks to queue
[2023-05-03T09:35:49.835+0000] {logging_mixin.py:149} INFO - [2023-05-03T09:35:49.834+0000] {dagbag.py:541} INFO - Filling up the DagBag from /home/airflow/.local/lib/python3.7/site-packages/airflow/example_dags/example_time_delta_sensor_async.py
[2023-05-03T09:35:49.848+0000] {processor.py:809} INFO - DAG(s) dict_keys(['example_time_delta_sensor_async']) retrieved from /home/airflow/.local/lib/python3.7/site-packages/airflow/example_dags/example_time_delta_sensor_async.py
[2023-05-03T09:35:49.906+0000] {logging_mixin.py:149} INFO - [2023-05-03T09:35:49.905+0000] {dag.py:2726} INFO - Sync 1 DAGs
[2023-05-03T09:35:49.953+0000] {logging_mixin.py:149} INFO - [2023-05-03T09:35:49.953+0000] {dag.py:3490} INFO - Setting next_dagrun for example_time_delta_sensor_async to None, run_after=None
[2023-05-03T09:35:50.079+0000] {processor.py:178} INFO - Processing /home/airflow/.local/lib/python3.7/site-packages/airflow/example_dags/example_time_delta_sensor_async.py took 0.256 seconds
[2023-05-03T09:36:21.844+0000] {processor.py:156} INFO - Started process (PID=2217) to work on /home/airflow/.local/lib/python3.7/site-packages/airflow/example_dags/example_time_delta_sensor_async.py
[2023-05-03T09:36:21.845+0000] {processor.py:799} INFO - Processing file /home/airflow/.local/lib/python3.7/site-packages/airflow/example_dags/example_time_delta_sensor_async.py for tasks to queue
[2023-05-03T09:36:21.847+0000] {logging_mixin.py:149} INFO - [2023-05-03T09:36:21.847+0000] {dagbag.py:541} INFO - Filling up the DagBag from /home/airflow/.local/lib/python3.7/site-packages/airflow/example_dags/example_time_delta_sensor_async.py
[2023-05-03T09:36:21.855+0000] {processor.py:809} INFO - DAG(s) dict_keys(['example_time_delta_sensor_async']) retrieved from /home/airflow/.local/lib/python3.7/site-packages/airflow/example_dags/example_time_delta_sensor_async.py
[2023-05-03T09:36:21.908+0000] {logging_mixin.py:149} INFO - [2023-05-03T09:36:21.908+0000] {dag.py:2726} INFO - Sync 1 DAGs
[2023-05-03T09:36:21.957+0000] {logging_mixin.py:149} INFO - [2023-05-03T09:36:21.956+0000] {dag.py:3490} INFO - Setting next_dagrun for example_time_delta_sensor_async to None, run_after=None
[2023-05-03T09:36:22.029+0000] {processor.py:178} INFO - Processing /home/airflow/.local/lib/python3.7/site-packages/airflow/example_dags/example_time_delta_sensor_async.py took 0.196 seconds
[2023-05-03T09:36:52.868+0000] {processor.py:156} INFO - Started process (PID=2453) to work on /home/airflow/.local/lib/python3.7/site-packages/airflow/example_dags/example_time_delta_sensor_async.py
[2023-05-03T09:36:52.876+0000] {processor.py:799} INFO - Processing file /home/airflow/.local/lib/python3.7/site-packages/airflow/example_dags/example_time_delta_sensor_async.py for tasks to queue
[2023-05-03T09:36:52.879+0000] {logging_mixin.py:149} INFO - [2023-05-03T09:36:52.878+0000] {dagbag.py:541} INFO - Filling up the DagBag from /home/airflow/.local/lib/python3.7/site-packages/airflow/example_dags/example_time_delta_sensor_async.py
[2023-05-03T09:36:52.886+0000] {processor.py:809} INFO - DAG(s) dict_keys(['example_time_delta_sensor_async']) retrieved from /home/airflow/.local/lib/python3.7/site-packages/airflow/example_dags/example_time_delta_sensor_async.py
[2023-05-03T09:36:52.954+0000] {logging_mixin.py:149} INFO - [2023-05-03T09:36:52.954+0000] {dag.py:2726} INFO - Sync 1 DAGs
[2023-05-03T09:36:53.058+0000] {logging_mixin.py:149} INFO - [2023-05-03T09:36:53.057+0000] {dag.py:3490} INFO - Setting next_dagrun for example_time_delta_sensor_async to None, run_after=None
[2023-05-03T09:36:53.114+0000] {processor.py:178} INFO - Processing /home/airflow/.local/lib/python3.7/site-packages/airflow/example_dags/example_time_delta_sensor_async.py took 0.251 seconds
[2023-05-03T09:37:25.047+0000] {processor.py:156} INFO - Started process (PID=2693) to work on /home/airflow/.local/lib/python3.7/site-packages/airflow/example_dags/example_time_delta_sensor_async.py
[2023-05-03T09:37:25.060+0000] {processor.py:799} INFO - Processing file /home/airflow/.local/lib/python3.7/site-packages/airflow/example_dags/example_time_delta_sensor_async.py for tasks to queue
[2023-05-03T09:37:25.062+0000] {logging_mixin.py:149} INFO - [2023-05-03T09:37:25.062+0000] {dagbag.py:541} INFO - Filling up the DagBag from /home/airflow/.local/lib/python3.7/site-packages/airflow/example_dags/example_time_delta_sensor_async.py
[2023-05-03T09:37:25.080+0000] {processor.py:809} INFO - DAG(s) dict_keys(['example_time_delta_sensor_async']) retrieved from /home/airflow/.local/lib/python3.7/site-packages/airflow/example_dags/example_time_delta_sensor_async.py
[2023-05-03T09:37:25.188+0000] {logging_mixin.py:149} INFO - [2023-05-03T09:37:25.188+0000] {dag.py:2726} INFO - Sync 1 DAGs
[2023-05-03T09:37:25.277+0000] {logging_mixin.py:149} INFO - [2023-05-03T09:37:25.277+0000] {dag.py:3490} INFO - Setting next_dagrun for example_time_delta_sensor_async to None, run_after=None
[2023-05-03T09:37:25.329+0000] {processor.py:178} INFO - Processing /home/airflow/.local/lib/python3.7/site-packages/airflow/example_dags/example_time_delta_sensor_async.py took 0.294 seconds
[2023-05-03T09:37:59.743+0000] {processor.py:156} INFO - Started process (PID=2939) to work on /home/airflow/.local/lib/python3.7/site-packages/airflow/example_dags/example_time_delta_sensor_async.py
[2023-05-03T09:37:59.746+0000] {processor.py:799} INFO - Processing file /home/airflow/.local/lib/python3.7/site-packages/airflow/example_dags/example_time_delta_sensor_async.py for tasks to queue
[2023-05-03T09:37:59.748+0000] {logging_mixin.py:149} INFO - [2023-05-03T09:37:59.748+0000] {dagbag.py:541} INFO - Filling up the DagBag from /home/airflow/.local/lib/python3.7/site-packages/airflow/example_dags/example_time_delta_sensor_async.py
[2023-05-03T09:37:59.755+0000] {processor.py:809} INFO - DAG(s) dict_keys(['example_time_delta_sensor_async']) retrieved from /home/airflow/.local/lib/python3.7/site-packages/airflow/example_dags/example_time_delta_sensor_async.py
[2023-05-03T09:37:59.794+0000] {logging_mixin.py:149} INFO - [2023-05-03T09:37:59.793+0000] {dag.py:2726} INFO - Sync 1 DAGs
[2023-05-03T09:37:59.834+0000] {logging_mixin.py:149} INFO - [2023-05-03T09:37:59.834+0000] {dag.py:3490} INFO - Setting next_dagrun for example_time_delta_sensor_async to None, run_after=None
[2023-05-03T09:37:59.867+0000] {processor.py:178} INFO - Processing /home/airflow/.local/lib/python3.7/site-packages/airflow/example_dags/example_time_delta_sensor_async.py took 0.129 seconds
[2023-05-03T09:38:33.900+0000] {processor.py:156} INFO - Started process (PID=3175) to work on /home/airflow/.local/lib/python3.7/site-packages/airflow/example_dags/example_time_delta_sensor_async.py
[2023-05-03T09:38:33.902+0000] {processor.py:799} INFO - Processing file /home/airflow/.local/lib/python3.7/site-packages/airflow/example_dags/example_time_delta_sensor_async.py for tasks to queue
[2023-05-03T09:38:33.905+0000] {logging_mixin.py:149} INFO - [2023-05-03T09:38:33.905+0000] {dagbag.py:541} INFO - Filling up the DagBag from /home/airflow/.local/lib/python3.7/site-packages/airflow/example_dags/example_time_delta_sensor_async.py
[2023-05-03T09:38:33.913+0000] {processor.py:809} INFO - DAG(s) dict_keys(['example_time_delta_sensor_async']) retrieved from /home/airflow/.local/lib/python3.7/site-packages/airflow/example_dags/example_time_delta_sensor_async.py
[2023-05-03T09:38:33.952+0000] {logging_mixin.py:149} INFO - [2023-05-03T09:38:33.951+0000] {dag.py:2726} INFO - Sync 1 DAGs
[2023-05-03T09:38:33.992+0000] {logging_mixin.py:149} INFO - [2023-05-03T09:38:33.992+0000] {dag.py:3490} INFO - Setting next_dagrun for example_time_delta_sensor_async to None, run_after=None
[2023-05-03T09:38:34.027+0000] {processor.py:178} INFO - Processing /home/airflow/.local/lib/python3.7/site-packages/airflow/example_dags/example_time_delta_sensor_async.py took 0.131 seconds
[2023-05-03T09:39:05.272+0000] {processor.py:156} INFO - Started process (PID=3413) to work on /home/airflow/.local/lib/python3.7/site-packages/airflow/example_dags/example_time_delta_sensor_async.py
[2023-05-03T09:39:05.274+0000] {processor.py:799} INFO - Processing file /home/airflow/.local/lib/python3.7/site-packages/airflow/example_dags/example_time_delta_sensor_async.py for tasks to queue
[2023-05-03T09:39:05.277+0000] {logging_mixin.py:149} INFO - [2023-05-03T09:39:05.277+0000] {dagbag.py:541} INFO - Filling up the DagBag from /home/airflow/.local/lib/python3.7/site-packages/airflow/example_dags/example_time_delta_sensor_async.py
[2023-05-03T09:39:05.286+0000] {processor.py:809} INFO - DAG(s) dict_keys(['example_time_delta_sensor_async']) retrieved from /home/airflow/.local/lib/python3.7/site-packages/airflow/example_dags/example_time_delta_sensor_async.py
[2023-05-03T09:39:05.333+0000] {logging_mixin.py:149} INFO - [2023-05-03T09:39:05.332+0000] {dag.py:2726} INFO - Sync 1 DAGs
[2023-05-03T09:39:05.380+0000] {logging_mixin.py:149} INFO - [2023-05-03T09:39:05.380+0000] {dag.py:3490} INFO - Setting next_dagrun for example_time_delta_sensor_async to None, run_after=None
[2023-05-03T09:39:05.423+0000] {processor.py:178} INFO - Processing /home/airflow/.local/lib/python3.7/site-packages/airflow/example_dags/example_time_delta_sensor_async.py took 0.156 seconds
[2023-05-03T09:39:36.911+0000] {processor.py:156} INFO - Started process (PID=3648) to work on /home/airflow/.local/lib/python3.7/site-packages/airflow/example_dags/example_time_delta_sensor_async.py
[2023-05-03T09:39:36.912+0000] {processor.py:799} INFO - Processing file /home/airflow/.local/lib/python3.7/site-packages/airflow/example_dags/example_time_delta_sensor_async.py for tasks to queue
[2023-05-03T09:39:36.914+0000] {logging_mixin.py:149} INFO - [2023-05-03T09:39:36.914+0000] {dagbag.py:541} INFO - Filling up the DagBag from /home/airflow/.local/lib/python3.7/site-packages/airflow/example_dags/example_time_delta_sensor_async.py
[2023-05-03T09:39:36.925+0000] {processor.py:809} INFO - DAG(s) dict_keys(['example_time_delta_sensor_async']) retrieved from /home/airflow/.local/lib/python3.7/site-packages/airflow/example_dags/example_time_delta_sensor_async.py
[2023-05-03T09:39:36.983+0000] {logging_mixin.py:149} INFO - [2023-05-03T09:39:36.983+0000] {dag.py:2726} INFO - Sync 1 DAGs
[2023-05-03T09:39:37.036+0000] {logging_mixin.py:149} INFO - [2023-05-03T09:39:37.035+0000] {dag.py:3490} INFO - Setting next_dagrun for example_time_delta_sensor_async to None, run_after=None
[2023-05-03T09:39:37.079+0000] {processor.py:178} INFO - Processing /home/airflow/.local/lib/python3.7/site-packages/airflow/example_dags/example_time_delta_sensor_async.py took 0.173 seconds
[2023-05-03T09:40:07.968+0000] {processor.py:156} INFO - Started process (PID=3884) to work on /home/airflow/.local/lib/python3.7/site-packages/airflow/example_dags/example_time_delta_sensor_async.py
[2023-05-03T09:40:07.971+0000] {processor.py:799} INFO - Processing file /home/airflow/.local/lib/python3.7/site-packages/airflow/example_dags/example_time_delta_sensor_async.py for tasks to queue
[2023-05-03T09:40:07.973+0000] {logging_mixin.py:149} INFO - [2023-05-03T09:40:07.973+0000] {dagbag.py:541} INFO - Filling up the DagBag from /home/airflow/.local/lib/python3.7/site-packages/airflow/example_dags/example_time_delta_sensor_async.py
[2023-05-03T09:40:07.981+0000] {processor.py:809} INFO - DAG(s) dict_keys(['example_time_delta_sensor_async']) retrieved from /home/airflow/.local/lib/python3.7/site-packages/airflow/example_dags/example_time_delta_sensor_async.py
[2023-05-03T09:40:08.021+0000] {logging_mixin.py:149} INFO - [2023-05-03T09:40:08.021+0000] {dag.py:2726} INFO - Sync 1 DAGs
[2023-05-03T09:40:08.068+0000] {logging_mixin.py:149} INFO - [2023-05-03T09:40:08.067+0000] {dag.py:3490} INFO - Setting next_dagrun for example_time_delta_sensor_async to None, run_after=None
[2023-05-03T09:40:08.098+0000] {processor.py:178} INFO - Processing /home/airflow/.local/lib/python3.7/site-packages/airflow/example_dags/example_time_delta_sensor_async.py took 0.135 seconds
[2023-05-03T09:40:38.968+0000] {processor.py:156} INFO - Started process (PID=4122) to work on /home/airflow/.local/lib/python3.7/site-packages/airflow/example_dags/example_time_delta_sensor_async.py
[2023-05-03T09:40:38.970+0000] {processor.py:799} INFO - Processing file /home/airflow/.local/lib/python3.7/site-packages/airflow/example_dags/example_time_delta_sensor_async.py for tasks to queue
[2023-05-03T09:40:38.972+0000] {logging_mixin.py:149} INFO - [2023-05-03T09:40:38.971+0000] {dagbag.py:541} INFO - Filling up the DagBag from /home/airflow/.local/lib/python3.7/site-packages/airflow/example_dags/example_time_delta_sensor_async.py
[2023-05-03T09:40:38.979+0000] {processor.py:809} INFO - DAG(s) dict_keys(['example_time_delta_sensor_async']) retrieved from /home/airflow/.local/lib/python3.7/site-packages/airflow/example_dags/example_time_delta_sensor_async.py
[2023-05-03T09:40:39.017+0000] {logging_mixin.py:149} INFO - [2023-05-03T09:40:39.017+0000] {dag.py:2726} INFO - Sync 1 DAGs
[2023-05-03T09:40:39.055+0000] {logging_mixin.py:149} INFO - [2023-05-03T09:40:39.055+0000] {dag.py:3490} INFO - Setting next_dagrun for example_time_delta_sensor_async to None, run_after=None
[2023-05-03T09:40:39.083+0000] {processor.py:178} INFO - Processing /home/airflow/.local/lib/python3.7/site-packages/airflow/example_dags/example_time_delta_sensor_async.py took 0.120 seconds
[2023-05-03T09:41:09.692+0000] {processor.py:156} INFO - Started process (PID=4356) to work on /home/airflow/.local/lib/python3.7/site-packages/airflow/example_dags/example_time_delta_sensor_async.py
[2023-05-03T09:41:09.694+0000] {processor.py:799} INFO - Processing file /home/airflow/.local/lib/python3.7/site-packages/airflow/example_dags/example_time_delta_sensor_async.py for tasks to queue
[2023-05-03T09:41:09.696+0000] {logging_mixin.py:149} INFO - [2023-05-03T09:41:09.696+0000] {dagbag.py:541} INFO - Filling up the DagBag from /home/airflow/.local/lib/python3.7/site-packages/airflow/example_dags/example_time_delta_sensor_async.py
[2023-05-03T09:41:09.703+0000] {processor.py:809} INFO - DAG(s) dict_keys(['example_time_delta_sensor_async']) retrieved from /home/airflow/.local/lib/python3.7/site-packages/airflow/example_dags/example_time_delta_sensor_async.py
[2023-05-03T09:41:09.741+0000] {logging_mixin.py:149} INFO - [2023-05-03T09:41:09.740+0000] {dag.py:2726} INFO - Sync 1 DAGs
[2023-05-03T09:41:09.789+0000] {logging_mixin.py:149} INFO - [2023-05-03T09:41:09.789+0000] {dag.py:3490} INFO - Setting next_dagrun for example_time_delta_sensor_async to None, run_after=None
[2023-05-03T09:41:09.847+0000] {processor.py:178} INFO - Processing /home/airflow/.local/lib/python3.7/site-packages/airflow/example_dags/example_time_delta_sensor_async.py took 0.160 seconds
[2023-05-03T09:41:41.429+0000] {processor.py:156} INFO - Started process (PID=4602) to work on /home/airflow/.local/lib/python3.7/site-packages/airflow/example_dags/example_time_delta_sensor_async.py
[2023-05-03T09:41:41.431+0000] {processor.py:799} INFO - Processing file /home/airflow/.local/lib/python3.7/site-packages/airflow/example_dags/example_time_delta_sensor_async.py for tasks to queue
[2023-05-03T09:41:41.432+0000] {logging_mixin.py:149} INFO - [2023-05-03T09:41:41.432+0000] {dagbag.py:541} INFO - Filling up the DagBag from /home/airflow/.local/lib/python3.7/site-packages/airflow/example_dags/example_time_delta_sensor_async.py
[2023-05-03T09:41:41.439+0000] {processor.py:809} INFO - DAG(s) dict_keys(['example_time_delta_sensor_async']) retrieved from /home/airflow/.local/lib/python3.7/site-packages/airflow/example_dags/example_time_delta_sensor_async.py
[2023-05-03T09:41:41.524+0000] {logging_mixin.py:149} INFO - [2023-05-03T09:41:41.524+0000] {dag.py:2726} INFO - Sync 1 DAGs
[2023-05-03T09:41:41.630+0000] {logging_mixin.py:149} INFO - [2023-05-03T09:41:41.630+0000] {dag.py:3490} INFO - Setting next_dagrun for example_time_delta_sensor_async to None, run_after=None
[2023-05-03T09:41:41.687+0000] {processor.py:178} INFO - Processing /home/airflow/.local/lib/python3.7/site-packages/airflow/example_dags/example_time_delta_sensor_async.py took 0.262 seconds
[2023-05-03T09:44:52.730+0000] {processor.py:156} INFO - Started process (PID=292) to work on /home/airflow/.local/lib/python3.7/site-packages/airflow/example_dags/example_time_delta_sensor_async.py
[2023-05-03T09:44:52.741+0000] {processor.py:799} INFO - Processing file /home/airflow/.local/lib/python3.7/site-packages/airflow/example_dags/example_time_delta_sensor_async.py for tasks to queue
[2023-05-03T09:44:52.743+0000] {logging_mixin.py:149} INFO - [2023-05-03T09:44:52.742+0000] {dagbag.py:541} INFO - Filling up the DagBag from /home/airflow/.local/lib/python3.7/site-packages/airflow/example_dags/example_time_delta_sensor_async.py
[2023-05-03T09:44:52.761+0000] {processor.py:809} INFO - DAG(s) dict_keys(['example_time_delta_sensor_async']) retrieved from /home/airflow/.local/lib/python3.7/site-packages/airflow/example_dags/example_time_delta_sensor_async.py
[2023-05-03T09:44:52.834+0000] {logging_mixin.py:149} INFO - [2023-05-03T09:44:52.833+0000] {dag.py:2726} INFO - Sync 1 DAGs
[2023-05-03T09:44:52.898+0000] {logging_mixin.py:149} INFO - [2023-05-03T09:44:52.898+0000] {dag.py:3490} INFO - Setting next_dagrun for example_time_delta_sensor_async to None, run_after=None
[2023-05-03T09:44:52.984+0000] {processor.py:178} INFO - Processing /home/airflow/.local/lib/python3.7/site-packages/airflow/example_dags/example_time_delta_sensor_async.py took 0.259 seconds
[2023-05-03T09:46:34.021+0000] {processor.py:156} INFO - Started process (PID=611) to work on /home/airflow/.local/lib/python3.7/site-packages/airflow/example_dags/example_time_delta_sensor_async.py
[2023-05-03T09:46:34.024+0000] {processor.py:799} INFO - Processing file /home/airflow/.local/lib/python3.7/site-packages/airflow/example_dags/example_time_delta_sensor_async.py for tasks to queue
[2023-05-03T09:46:34.026+0000] {logging_mixin.py:149} INFO - [2023-05-03T09:46:34.025+0000] {dagbag.py:541} INFO - Filling up the DagBag from /home/airflow/.local/lib/python3.7/site-packages/airflow/example_dags/example_time_delta_sensor_async.py
[2023-05-03T09:46:34.051+0000] {processor.py:809} INFO - DAG(s) dict_keys(['example_time_delta_sensor_async']) retrieved from /home/airflow/.local/lib/python3.7/site-packages/airflow/example_dags/example_time_delta_sensor_async.py
[2023-05-03T09:46:34.165+0000] {logging_mixin.py:149} INFO - [2023-05-03T09:46:34.165+0000] {dag.py:2726} INFO - Sync 1 DAGs
[2023-05-03T09:46:34.292+0000] {logging_mixin.py:149} INFO - [2023-05-03T09:46:34.291+0000] {dag.py:3490} INFO - Setting next_dagrun for example_time_delta_sensor_async to None, run_after=None
[2023-05-03T09:46:34.403+0000] {processor.py:178} INFO - Processing /home/airflow/.local/lib/python3.7/site-packages/airflow/example_dags/example_time_delta_sensor_async.py took 0.387 seconds
[2023-05-03T09:47:36.049+0000] {processor.py:156} INFO - Started process (PID=855) to work on /home/airflow/.local/lib/python3.7/site-packages/airflow/example_dags/example_time_delta_sensor_async.py
[2023-05-03T09:47:36.060+0000] {processor.py:799} INFO - Processing file /home/airflow/.local/lib/python3.7/site-packages/airflow/example_dags/example_time_delta_sensor_async.py for tasks to queue
[2023-05-03T09:47:36.063+0000] {logging_mixin.py:149} INFO - [2023-05-03T09:47:36.062+0000] {dagbag.py:541} INFO - Filling up the DagBag from /home/airflow/.local/lib/python3.7/site-packages/airflow/example_dags/example_time_delta_sensor_async.py
[2023-05-03T09:47:36.071+0000] {processor.py:809} INFO - DAG(s) dict_keys(['example_time_delta_sensor_async']) retrieved from /home/airflow/.local/lib/python3.7/site-packages/airflow/example_dags/example_time_delta_sensor_async.py
[2023-05-03T09:47:36.144+0000] {logging_mixin.py:149} INFO - [2023-05-03T09:47:36.144+0000] {dag.py:2726} INFO - Sync 1 DAGs
[2023-05-03T09:47:36.289+0000] {logging_mixin.py:149} INFO - [2023-05-03T09:47:36.288+0000] {dag.py:3490} INFO - Setting next_dagrun for example_time_delta_sensor_async to None, run_after=None
[2023-05-03T09:47:36.418+0000] {processor.py:178} INFO - Processing /home/airflow/.local/lib/python3.7/site-packages/airflow/example_dags/example_time_delta_sensor_async.py took 0.374 seconds
[2023-05-03T09:48:28.054+0000] {processor.py:156} INFO - Started process (PID=1091) to work on /home/airflow/.local/lib/python3.7/site-packages/airflow/example_dags/example_time_delta_sensor_async.py
[2023-05-03T09:48:28.060+0000] {processor.py:799} INFO - Processing file /home/airflow/.local/lib/python3.7/site-packages/airflow/example_dags/example_time_delta_sensor_async.py for tasks to queue
[2023-05-03T09:48:28.073+0000] {logging_mixin.py:149} INFO - [2023-05-03T09:48:28.070+0000] {dagbag.py:541} INFO - Filling up the DagBag from /home/airflow/.local/lib/python3.7/site-packages/airflow/example_dags/example_time_delta_sensor_async.py
[2023-05-03T09:48:28.293+0000] {processor.py:809} INFO - DAG(s) dict_keys(['example_time_delta_sensor_async']) retrieved from /home/airflow/.local/lib/python3.7/site-packages/airflow/example_dags/example_time_delta_sensor_async.py
[2023-05-03T09:48:28.430+0000] {logging_mixin.py:149} INFO - [2023-05-03T09:48:28.429+0000] {dag.py:2726} INFO - Sync 1 DAGs
[2023-05-03T09:48:28.565+0000] {logging_mixin.py:149} INFO - [2023-05-03T09:48:28.565+0000] {dag.py:3490} INFO - Setting next_dagrun for example_time_delta_sensor_async to None, run_after=None
[2023-05-03T09:48:28.715+0000] {processor.py:178} INFO - Processing /home/airflow/.local/lib/python3.7/site-packages/airflow/example_dags/example_time_delta_sensor_async.py took 0.666 seconds
[2023-05-03T09:49:00.522+0000] {processor.py:156} INFO - Started process (PID=1327) to work on /home/airflow/.local/lib/python3.7/site-packages/airflow/example_dags/example_time_delta_sensor_async.py
[2023-05-03T09:49:00.526+0000] {processor.py:799} INFO - Processing file /home/airflow/.local/lib/python3.7/site-packages/airflow/example_dags/example_time_delta_sensor_async.py for tasks to queue
[2023-05-03T09:49:00.540+0000] {logging_mixin.py:149} INFO - [2023-05-03T09:49:00.540+0000] {dagbag.py:541} INFO - Filling up the DagBag from /home/airflow/.local/lib/python3.7/site-packages/airflow/example_dags/example_time_delta_sensor_async.py
[2023-05-03T09:49:00.567+0000] {processor.py:809} INFO - DAG(s) dict_keys(['example_time_delta_sensor_async']) retrieved from /home/airflow/.local/lib/python3.7/site-packages/airflow/example_dags/example_time_delta_sensor_async.py
[2023-05-03T09:49:00.668+0000] {logging_mixin.py:149} INFO - [2023-05-03T09:49:00.668+0000] {dag.py:2726} INFO - Sync 1 DAGs
[2023-05-03T09:49:00.752+0000] {logging_mixin.py:149} INFO - [2023-05-03T09:49:00.752+0000] {dag.py:3490} INFO - Setting next_dagrun for example_time_delta_sensor_async to None, run_after=None
[2023-05-03T09:49:00.914+0000] {processor.py:178} INFO - Processing /home/airflow/.local/lib/python3.7/site-packages/airflow/example_dags/example_time_delta_sensor_async.py took 0.398 seconds
[2023-05-03T09:49:48.769+0000] {processor.py:156} INFO - Started process (PID=1548) to work on /home/airflow/.local/lib/python3.7/site-packages/airflow/example_dags/example_time_delta_sensor_async.py
[2023-05-03T09:49:48.772+0000] {processor.py:799} INFO - Processing file /home/airflow/.local/lib/python3.7/site-packages/airflow/example_dags/example_time_delta_sensor_async.py for tasks to queue
[2023-05-03T09:49:48.774+0000] {logging_mixin.py:149} INFO - [2023-05-03T09:49:48.774+0000] {dagbag.py:541} INFO - Filling up the DagBag from /home/airflow/.local/lib/python3.7/site-packages/airflow/example_dags/example_time_delta_sensor_async.py
[2023-05-03T09:49:48.788+0000] {processor.py:809} INFO - DAG(s) dict_keys(['example_time_delta_sensor_async']) retrieved from /home/airflow/.local/lib/python3.7/site-packages/airflow/example_dags/example_time_delta_sensor_async.py
[2023-05-03T09:49:48.850+0000] {logging_mixin.py:149} INFO - [2023-05-03T09:49:48.850+0000] {dag.py:2726} INFO - Sync 1 DAGs
[2023-05-03T09:49:48.954+0000] {logging_mixin.py:149} INFO - [2023-05-03T09:49:48.953+0000] {dag.py:3490} INFO - Setting next_dagrun for example_time_delta_sensor_async to None, run_after=None
[2023-05-03T09:49:49.008+0000] {processor.py:178} INFO - Processing /home/airflow/.local/lib/python3.7/site-packages/airflow/example_dags/example_time_delta_sensor_async.py took 0.288 seconds
[2023-05-03T09:50:20.651+0000] {processor.py:156} INFO - Started process (PID=1784) to work on /home/airflow/.local/lib/python3.7/site-packages/airflow/example_dags/example_time_delta_sensor_async.py
[2023-05-03T09:50:20.658+0000] {processor.py:799} INFO - Processing file /home/airflow/.local/lib/python3.7/site-packages/airflow/example_dags/example_time_delta_sensor_async.py for tasks to queue
[2023-05-03T09:50:20.664+0000] {logging_mixin.py:149} INFO - [2023-05-03T09:50:20.664+0000] {dagbag.py:541} INFO - Filling up the DagBag from /home/airflow/.local/lib/python3.7/site-packages/airflow/example_dags/example_time_delta_sensor_async.py
[2023-05-03T09:50:20.672+0000] {processor.py:809} INFO - DAG(s) dict_keys(['example_time_delta_sensor_async']) retrieved from /home/airflow/.local/lib/python3.7/site-packages/airflow/example_dags/example_time_delta_sensor_async.py
[2023-05-03T09:50:20.745+0000] {logging_mixin.py:149} INFO - [2023-05-03T09:50:20.745+0000] {dag.py:2726} INFO - Sync 1 DAGs
[2023-05-03T09:50:20.831+0000] {logging_mixin.py:149} INFO - [2023-05-03T09:50:20.828+0000] {dag.py:3490} INFO - Setting next_dagrun for example_time_delta_sensor_async to None, run_after=None
[2023-05-03T09:50:20.938+0000] {processor.py:178} INFO - Processing /home/airflow/.local/lib/python3.7/site-packages/airflow/example_dags/example_time_delta_sensor_async.py took 0.292 seconds
[2023-05-03T09:50:51.763+0000] {processor.py:156} INFO - Started process (PID=2020) to work on /home/airflow/.local/lib/python3.7/site-packages/airflow/example_dags/example_time_delta_sensor_async.py
[2023-05-03T09:50:51.765+0000] {processor.py:799} INFO - Processing file /home/airflow/.local/lib/python3.7/site-packages/airflow/example_dags/example_time_delta_sensor_async.py for tasks to queue
[2023-05-03T09:50:51.767+0000] {logging_mixin.py:149} INFO - [2023-05-03T09:50:51.766+0000] {dagbag.py:541} INFO - Filling up the DagBag from /home/airflow/.local/lib/python3.7/site-packages/airflow/example_dags/example_time_delta_sensor_async.py
[2023-05-03T09:50:51.798+0000] {processor.py:809} INFO - DAG(s) dict_keys(['example_time_delta_sensor_async']) retrieved from /home/airflow/.local/lib/python3.7/site-packages/airflow/example_dags/example_time_delta_sensor_async.py
[2023-05-03T09:50:51.873+0000] {logging_mixin.py:149} INFO - [2023-05-03T09:50:51.873+0000] {dag.py:2726} INFO - Sync 1 DAGs
[2023-05-03T09:50:51.979+0000] {logging_mixin.py:149} INFO - [2023-05-03T09:50:51.979+0000] {dag.py:3490} INFO - Setting next_dagrun for example_time_delta_sensor_async to None, run_after=None
[2023-05-03T09:50:52.043+0000] {processor.py:178} INFO - Processing /home/airflow/.local/lib/python3.7/site-packages/airflow/example_dags/example_time_delta_sensor_async.py took 0.286 seconds
[2023-05-03T09:52:09.383+0000] {processor.py:156} INFO - Started process (PID=2304) to work on /home/airflow/.local/lib/python3.7/site-packages/airflow/example_dags/example_time_delta_sensor_async.py
[2023-05-03T09:52:09.394+0000] {processor.py:799} INFO - Processing file /home/airflow/.local/lib/python3.7/site-packages/airflow/example_dags/example_time_delta_sensor_async.py for tasks to queue
[2023-05-03T09:52:09.396+0000] {logging_mixin.py:149} INFO - [2023-05-03T09:52:09.395+0000] {dagbag.py:541} INFO - Filling up the DagBag from /home/airflow/.local/lib/python3.7/site-packages/airflow/example_dags/example_time_delta_sensor_async.py
[2023-05-03T09:52:09.432+0000] {processor.py:809} INFO - DAG(s) dict_keys(['example_time_delta_sensor_async']) retrieved from /home/airflow/.local/lib/python3.7/site-packages/airflow/example_dags/example_time_delta_sensor_async.py
[2023-05-03T09:52:09.497+0000] {logging_mixin.py:149} INFO - [2023-05-03T09:52:09.496+0000] {dag.py:2726} INFO - Sync 1 DAGs
[2023-05-03T09:52:09.590+0000] {logging_mixin.py:149} INFO - [2023-05-03T09:52:09.579+0000] {dag.py:3490} INFO - Setting next_dagrun for example_time_delta_sensor_async to None, run_after=None
[2023-05-03T09:52:09.689+0000] {processor.py:178} INFO - Processing /home/airflow/.local/lib/python3.7/site-packages/airflow/example_dags/example_time_delta_sensor_async.py took 0.310 seconds
[2023-05-03T09:52:44.849+0000] {processor.py:156} INFO - Started process (PID=2540) to work on /home/airflow/.local/lib/python3.7/site-packages/airflow/example_dags/example_time_delta_sensor_async.py
[2023-05-03T09:52:44.852+0000] {processor.py:799} INFO - Processing file /home/airflow/.local/lib/python3.7/site-packages/airflow/example_dags/example_time_delta_sensor_async.py for tasks to queue
[2023-05-03T09:52:44.861+0000] {logging_mixin.py:149} INFO - [2023-05-03T09:52:44.860+0000] {dagbag.py:541} INFO - Filling up the DagBag from /home/airflow/.local/lib/python3.7/site-packages/airflow/example_dags/example_time_delta_sensor_async.py
[2023-05-03T09:52:44.869+0000] {processor.py:809} INFO - DAG(s) dict_keys(['example_time_delta_sensor_async']) retrieved from /home/airflow/.local/lib/python3.7/site-packages/airflow/example_dags/example_time_delta_sensor_async.py
[2023-05-03T09:52:44.952+0000] {logging_mixin.py:149} INFO - [2023-05-03T09:52:44.950+0000] {dag.py:2726} INFO - Sync 1 DAGs
[2023-05-03T09:52:45.049+0000] {logging_mixin.py:149} INFO - [2023-05-03T09:52:45.049+0000] {dag.py:3490} INFO - Setting next_dagrun for example_time_delta_sensor_async to None, run_after=None
[2023-05-03T09:52:45.733+0000] {processor.py:178} INFO - Processing /home/airflow/.local/lib/python3.7/site-packages/airflow/example_dags/example_time_delta_sensor_async.py took 0.889 seconds
[2023-05-03T09:53:16.439+0000] {processor.py:156} INFO - Started process (PID=2781) to work on /home/airflow/.local/lib/python3.7/site-packages/airflow/example_dags/example_time_delta_sensor_async.py
[2023-05-03T09:53:16.446+0000] {processor.py:799} INFO - Processing file /home/airflow/.local/lib/python3.7/site-packages/airflow/example_dags/example_time_delta_sensor_async.py for tasks to queue
[2023-05-03T09:53:16.452+0000] {logging_mixin.py:149} INFO - [2023-05-03T09:53:16.452+0000] {dagbag.py:541} INFO - Filling up the DagBag from /home/airflow/.local/lib/python3.7/site-packages/airflow/example_dags/example_time_delta_sensor_async.py
[2023-05-03T09:53:16.485+0000] {processor.py:809} INFO - DAG(s) dict_keys(['example_time_delta_sensor_async']) retrieved from /home/airflow/.local/lib/python3.7/site-packages/airflow/example_dags/example_time_delta_sensor_async.py
[2023-05-03T09:53:16.627+0000] {logging_mixin.py:149} INFO - [2023-05-03T09:53:16.627+0000] {dag.py:2726} INFO - Sync 1 DAGs
[2023-05-03T09:53:16.744+0000] {logging_mixin.py:149} INFO - [2023-05-03T09:53:16.744+0000] {dag.py:3490} INFO - Setting next_dagrun for example_time_delta_sensor_async to None, run_after=None
[2023-05-03T09:53:16.824+0000] {processor.py:178} INFO - Processing /home/airflow/.local/lib/python3.7/site-packages/airflow/example_dags/example_time_delta_sensor_async.py took 0.424 seconds
[2023-05-03T09:53:47.360+0000] {processor.py:156} INFO - Started process (PID=3012) to work on /home/airflow/.local/lib/python3.7/site-packages/airflow/example_dags/example_time_delta_sensor_async.py
[2023-05-03T09:53:47.362+0000] {processor.py:799} INFO - Processing file /home/airflow/.local/lib/python3.7/site-packages/airflow/example_dags/example_time_delta_sensor_async.py for tasks to queue
[2023-05-03T09:53:47.363+0000] {logging_mixin.py:149} INFO - [2023-05-03T09:53:47.363+0000] {dagbag.py:541} INFO - Filling up the DagBag from /home/airflow/.local/lib/python3.7/site-packages/airflow/example_dags/example_time_delta_sensor_async.py
[2023-05-03T09:53:47.378+0000] {processor.py:809} INFO - DAG(s) dict_keys(['example_time_delta_sensor_async']) retrieved from /home/airflow/.local/lib/python3.7/site-packages/airflow/example_dags/example_time_delta_sensor_async.py
[2023-05-03T09:53:47.432+0000] {logging_mixin.py:149} INFO - [2023-05-03T09:53:47.432+0000] {dag.py:2726} INFO - Sync 1 DAGs
[2023-05-03T09:53:47.794+0000] {logging_mixin.py:149} INFO - [2023-05-03T09:53:47.793+0000] {dag.py:3490} INFO - Setting next_dagrun for example_time_delta_sensor_async to None, run_after=None
[2023-05-03T09:53:47.846+0000] {processor.py:178} INFO - Processing /home/airflow/.local/lib/python3.7/site-packages/airflow/example_dags/example_time_delta_sensor_async.py took 0.494 seconds
[2023-05-03T09:54:53.276+0000] {processor.py:156} INFO - Started process (PID=3291) to work on /home/airflow/.local/lib/python3.7/site-packages/airflow/example_dags/example_time_delta_sensor_async.py
[2023-05-03T09:54:53.278+0000] {processor.py:799} INFO - Processing file /home/airflow/.local/lib/python3.7/site-packages/airflow/example_dags/example_time_delta_sensor_async.py for tasks to queue
[2023-05-03T09:54:53.288+0000] {logging_mixin.py:149} INFO - [2023-05-03T09:54:53.288+0000] {dagbag.py:541} INFO - Filling up the DagBag from /home/airflow/.local/lib/python3.7/site-packages/airflow/example_dags/example_time_delta_sensor_async.py
[2023-05-03T09:54:53.299+0000] {processor.py:809} INFO - DAG(s) dict_keys(['example_time_delta_sensor_async']) retrieved from /home/airflow/.local/lib/python3.7/site-packages/airflow/example_dags/example_time_delta_sensor_async.py
[2023-05-03T09:54:53.378+0000] {logging_mixin.py:149} INFO - [2023-05-03T09:54:53.376+0000] {dag.py:2726} INFO - Sync 1 DAGs
[2023-05-03T09:54:53.766+0000] {logging_mixin.py:149} INFO - [2023-05-03T09:54:53.765+0000] {dag.py:3490} INFO - Setting next_dagrun for example_time_delta_sensor_async to None, run_after=None
[2023-05-03T09:54:53.845+0000] {processor.py:178} INFO - Processing /home/airflow/.local/lib/python3.7/site-packages/airflow/example_dags/example_time_delta_sensor_async.py took 0.574 seconds
[2023-05-03T09:55:24.073+0000] {processor.py:156} INFO - Started process (PID=3527) to work on /home/airflow/.local/lib/python3.7/site-packages/airflow/example_dags/example_time_delta_sensor_async.py
[2023-05-03T09:55:24.076+0000] {processor.py:799} INFO - Processing file /home/airflow/.local/lib/python3.7/site-packages/airflow/example_dags/example_time_delta_sensor_async.py for tasks to queue
[2023-05-03T09:55:24.094+0000] {logging_mixin.py:149} INFO - [2023-05-03T09:55:24.094+0000] {dagbag.py:541} INFO - Filling up the DagBag from /home/airflow/.local/lib/python3.7/site-packages/airflow/example_dags/example_time_delta_sensor_async.py
[2023-05-03T09:55:24.115+0000] {processor.py:809} INFO - DAG(s) dict_keys(['example_time_delta_sensor_async']) retrieved from /home/airflow/.local/lib/python3.7/site-packages/airflow/example_dags/example_time_delta_sensor_async.py
[2023-05-03T09:55:24.175+0000] {logging_mixin.py:149} INFO - [2023-05-03T09:55:24.175+0000] {dag.py:2726} INFO - Sync 1 DAGs
[2023-05-03T09:55:24.242+0000] {logging_mixin.py:149} INFO - [2023-05-03T09:55:24.242+0000] {dag.py:3490} INFO - Setting next_dagrun for example_time_delta_sensor_async to None, run_after=None
[2023-05-03T09:55:24.273+0000] {processor.py:178} INFO - Processing /home/airflow/.local/lib/python3.7/site-packages/airflow/example_dags/example_time_delta_sensor_async.py took 0.218 seconds
[2023-05-03T09:56:00.614+0000] {processor.py:156} INFO - Started process (PID=3769) to work on /home/airflow/.local/lib/python3.7/site-packages/airflow/example_dags/example_time_delta_sensor_async.py
[2023-05-03T09:56:00.633+0000] {processor.py:799} INFO - Processing file /home/airflow/.local/lib/python3.7/site-packages/airflow/example_dags/example_time_delta_sensor_async.py for tasks to queue
[2023-05-03T09:56:00.635+0000] {logging_mixin.py:149} INFO - [2023-05-03T09:56:00.634+0000] {dagbag.py:541} INFO - Filling up the DagBag from /home/airflow/.local/lib/python3.7/site-packages/airflow/example_dags/example_time_delta_sensor_async.py
[2023-05-03T09:56:00.651+0000] {processor.py:809} INFO - DAG(s) dict_keys(['example_time_delta_sensor_async']) retrieved from /home/airflow/.local/lib/python3.7/site-packages/airflow/example_dags/example_time_delta_sensor_async.py
[2023-05-03T09:56:00.718+0000] {logging_mixin.py:149} INFO - [2023-05-03T09:56:00.717+0000] {dag.py:2726} INFO - Sync 1 DAGs
[2023-05-03T09:56:01.305+0000] {logging_mixin.py:149} INFO - [2023-05-03T09:56:01.305+0000] {dag.py:3490} INFO - Setting next_dagrun for example_time_delta_sensor_async to None, run_after=None
[2023-05-03T09:56:01.392+0000] {processor.py:178} INFO - Processing /home/airflow/.local/lib/python3.7/site-packages/airflow/example_dags/example_time_delta_sensor_async.py took 0.783 seconds
[2023-05-03T09:56:31.883+0000] {processor.py:156} INFO - Started process (PID=3999) to work on /home/airflow/.local/lib/python3.7/site-packages/airflow/example_dags/example_time_delta_sensor_async.py
[2023-05-03T09:56:31.886+0000] {processor.py:799} INFO - Processing file /home/airflow/.local/lib/python3.7/site-packages/airflow/example_dags/example_time_delta_sensor_async.py for tasks to queue
[2023-05-03T09:56:31.888+0000] {logging_mixin.py:149} INFO - [2023-05-03T09:56:31.888+0000] {dagbag.py:541} INFO - Filling up the DagBag from /home/airflow/.local/lib/python3.7/site-packages/airflow/example_dags/example_time_delta_sensor_async.py
[2023-05-03T09:56:31.917+0000] {processor.py:809} INFO - DAG(s) dict_keys(['example_time_delta_sensor_async']) retrieved from /home/airflow/.local/lib/python3.7/site-packages/airflow/example_dags/example_time_delta_sensor_async.py
[2023-05-03T09:56:32.005+0000] {logging_mixin.py:149} INFO - [2023-05-03T09:56:32.005+0000] {dag.py:2726} INFO - Sync 1 DAGs
[2023-05-03T09:56:32.101+0000] {logging_mixin.py:149} INFO - [2023-05-03T09:56:32.099+0000] {dag.py:3490} INFO - Setting next_dagrun for example_time_delta_sensor_async to None, run_after=None
[2023-05-03T09:56:32.534+0000] {processor.py:178} INFO - Processing /home/airflow/.local/lib/python3.7/site-packages/airflow/example_dags/example_time_delta_sensor_async.py took 0.657 seconds
[2023-05-03T09:57:02.721+0000] {processor.py:156} INFO - Started process (PID=4231) to work on /home/airflow/.local/lib/python3.7/site-packages/airflow/example_dags/example_time_delta_sensor_async.py
[2023-05-03T09:57:02.724+0000] {processor.py:799} INFO - Processing file /home/airflow/.local/lib/python3.7/site-packages/airflow/example_dags/example_time_delta_sensor_async.py for tasks to queue
[2023-05-03T09:57:02.725+0000] {logging_mixin.py:149} INFO - [2023-05-03T09:57:02.725+0000] {dagbag.py:541} INFO - Filling up the DagBag from /home/airflow/.local/lib/python3.7/site-packages/airflow/example_dags/example_time_delta_sensor_async.py
[2023-05-03T09:57:02.742+0000] {processor.py:809} INFO - DAG(s) dict_keys(['example_time_delta_sensor_async']) retrieved from /home/airflow/.local/lib/python3.7/site-packages/airflow/example_dags/example_time_delta_sensor_async.py
[2023-05-03T09:57:03.095+0000] {logging_mixin.py:149} INFO - [2023-05-03T09:57:03.095+0000] {dag.py:2726} INFO - Sync 1 DAGs
[2023-05-03T09:57:03.217+0000] {logging_mixin.py:149} INFO - [2023-05-03T09:57:03.216+0000] {dag.py:3490} INFO - Setting next_dagrun for example_time_delta_sensor_async to None, run_after=None
[2023-05-03T09:57:03.404+0000] {processor.py:178} INFO - Processing /home/airflow/.local/lib/python3.7/site-packages/airflow/example_dags/example_time_delta_sensor_async.py took 0.694 seconds
[2023-05-03T09:57:55.547+0000] {processor.py:156} INFO - Started process (PID=4516) to work on /home/airflow/.local/lib/python3.7/site-packages/airflow/example_dags/example_time_delta_sensor_async.py
[2023-05-03T09:57:55.549+0000] {processor.py:799} INFO - Processing file /home/airflow/.local/lib/python3.7/site-packages/airflow/example_dags/example_time_delta_sensor_async.py for tasks to queue
[2023-05-03T09:57:55.551+0000] {logging_mixin.py:149} INFO - [2023-05-03T09:57:55.551+0000] {dagbag.py:541} INFO - Filling up the DagBag from /home/airflow/.local/lib/python3.7/site-packages/airflow/example_dags/example_time_delta_sensor_async.py
[2023-05-03T09:57:55.564+0000] {processor.py:809} INFO - DAG(s) dict_keys(['example_time_delta_sensor_async']) retrieved from /home/airflow/.local/lib/python3.7/site-packages/airflow/example_dags/example_time_delta_sensor_async.py
[2023-05-03T09:57:55.631+0000] {logging_mixin.py:149} INFO - [2023-05-03T09:57:55.631+0000] {dag.py:2726} INFO - Sync 1 DAGs
[2023-05-03T09:57:56.063+0000] {logging_mixin.py:149} INFO - [2023-05-03T09:57:56.063+0000] {dag.py:3490} INFO - Setting next_dagrun for example_time_delta_sensor_async to None, run_after=None
[2023-05-03T09:57:56.146+0000] {processor.py:178} INFO - Processing /home/airflow/.local/lib/python3.7/site-packages/airflow/example_dags/example_time_delta_sensor_async.py took 0.608 seconds
[2023-05-03T09:58:26.471+0000] {processor.py:156} INFO - Started process (PID=4754) to work on /home/airflow/.local/lib/python3.7/site-packages/airflow/example_dags/example_time_delta_sensor_async.py
[2023-05-03T09:58:26.475+0000] {processor.py:799} INFO - Processing file /home/airflow/.local/lib/python3.7/site-packages/airflow/example_dags/example_time_delta_sensor_async.py for tasks to queue
[2023-05-03T09:58:26.477+0000] {logging_mixin.py:149} INFO - [2023-05-03T09:58:26.477+0000] {dagbag.py:541} INFO - Filling up the DagBag from /home/airflow/.local/lib/python3.7/site-packages/airflow/example_dags/example_time_delta_sensor_async.py
[2023-05-03T09:58:26.494+0000] {processor.py:809} INFO - DAG(s) dict_keys(['example_time_delta_sensor_async']) retrieved from /home/airflow/.local/lib/python3.7/site-packages/airflow/example_dags/example_time_delta_sensor_async.py
[2023-05-03T09:58:26.578+0000] {logging_mixin.py:149} INFO - [2023-05-03T09:58:26.578+0000] {dag.py:2726} INFO - Sync 1 DAGs
[2023-05-03T09:58:26.677+0000] {logging_mixin.py:149} INFO - [2023-05-03T09:58:26.677+0000] {dag.py:3490} INFO - Setting next_dagrun for example_time_delta_sensor_async to None, run_after=None
[2023-05-03T09:58:26.751+0000] {processor.py:178} INFO - Processing /home/airflow/.local/lib/python3.7/site-packages/airflow/example_dags/example_time_delta_sensor_async.py took 0.287 seconds
[2023-05-03T09:58:56.991+0000] {processor.py:156} INFO - Started process (PID=4989) to work on /home/airflow/.local/lib/python3.7/site-packages/airflow/example_dags/example_time_delta_sensor_async.py
[2023-05-03T09:58:56.993+0000] {processor.py:799} INFO - Processing file /home/airflow/.local/lib/python3.7/site-packages/airflow/example_dags/example_time_delta_sensor_async.py for tasks to queue
[2023-05-03T09:58:56.995+0000] {logging_mixin.py:149} INFO - [2023-05-03T09:58:56.995+0000] {dagbag.py:541} INFO - Filling up the DagBag from /home/airflow/.local/lib/python3.7/site-packages/airflow/example_dags/example_time_delta_sensor_async.py
[2023-05-03T09:58:57.012+0000] {processor.py:809} INFO - DAG(s) dict_keys(['example_time_delta_sensor_async']) retrieved from /home/airflow/.local/lib/python3.7/site-packages/airflow/example_dags/example_time_delta_sensor_async.py
[2023-05-03T09:58:57.082+0000] {logging_mixin.py:149} INFO - [2023-05-03T09:58:57.081+0000] {dag.py:2726} INFO - Sync 1 DAGs
[2023-05-03T09:58:57.479+0000] {logging_mixin.py:149} INFO - [2023-05-03T09:58:57.479+0000] {dag.py:3490} INFO - Setting next_dagrun for example_time_delta_sensor_async to None, run_after=None
[2023-05-03T09:58:57.541+0000] {processor.py:178} INFO - Processing /home/airflow/.local/lib/python3.7/site-packages/airflow/example_dags/example_time_delta_sensor_async.py took 0.563 seconds
[2023-05-03T09:59:28.152+0000] {processor.py:156} INFO - Started process (PID=5222) to work on /home/airflow/.local/lib/python3.7/site-packages/airflow/example_dags/example_time_delta_sensor_async.py
[2023-05-03T09:59:28.154+0000] {processor.py:799} INFO - Processing file /home/airflow/.local/lib/python3.7/site-packages/airflow/example_dags/example_time_delta_sensor_async.py for tasks to queue
[2023-05-03T09:59:28.156+0000] {logging_mixin.py:149} INFO - [2023-05-03T09:59:28.156+0000] {dagbag.py:541} INFO - Filling up the DagBag from /home/airflow/.local/lib/python3.7/site-packages/airflow/example_dags/example_time_delta_sensor_async.py
[2023-05-03T09:59:28.163+0000] {processor.py:809} INFO - DAG(s) dict_keys(['example_time_delta_sensor_async']) retrieved from /home/airflow/.local/lib/python3.7/site-packages/airflow/example_dags/example_time_delta_sensor_async.py
[2023-05-03T09:59:28.237+0000] {logging_mixin.py:149} INFO - [2023-05-03T09:59:28.237+0000] {dag.py:2726} INFO - Sync 1 DAGs
[2023-05-03T09:59:28.311+0000] {logging_mixin.py:149} INFO - [2023-05-03T09:59:28.311+0000] {dag.py:3490} INFO - Setting next_dagrun for example_time_delta_sensor_async to None, run_after=None
[2023-05-03T09:59:28.371+0000] {processor.py:178} INFO - Processing /home/airflow/.local/lib/python3.7/site-packages/airflow/example_dags/example_time_delta_sensor_async.py took 0.223 seconds
[2023-05-03T09:59:58.638+0000] {processor.py:156} INFO - Started process (PID=5458) to work on /home/airflow/.local/lib/python3.7/site-packages/airflow/example_dags/example_time_delta_sensor_async.py
[2023-05-03T09:59:58.640+0000] {processor.py:799} INFO - Processing file /home/airflow/.local/lib/python3.7/site-packages/airflow/example_dags/example_time_delta_sensor_async.py for tasks to queue
[2023-05-03T09:59:58.641+0000] {logging_mixin.py:149} INFO - [2023-05-03T09:59:58.641+0000] {dagbag.py:541} INFO - Filling up the DagBag from /home/airflow/.local/lib/python3.7/site-packages/airflow/example_dags/example_time_delta_sensor_async.py
[2023-05-03T09:59:58.648+0000] {processor.py:809} INFO - DAG(s) dict_keys(['example_time_delta_sensor_async']) retrieved from /home/airflow/.local/lib/python3.7/site-packages/airflow/example_dags/example_time_delta_sensor_async.py
[2023-05-03T09:59:58.697+0000] {logging_mixin.py:149} INFO - [2023-05-03T09:59:58.696+0000] {dag.py:2726} INFO - Sync 1 DAGs
[2023-05-03T09:59:58.753+0000] {logging_mixin.py:149} INFO - [2023-05-03T09:59:58.753+0000] {dag.py:3490} INFO - Setting next_dagrun for example_time_delta_sensor_async to None, run_after=None
[2023-05-03T09:59:58.786+0000] {processor.py:178} INFO - Processing /home/airflow/.local/lib/python3.7/site-packages/airflow/example_dags/example_time_delta_sensor_async.py took 0.152 seconds
[2023-05-03T10:00:28.946+0000] {processor.py:156} INFO - Started process (PID=5694) to work on /home/airflow/.local/lib/python3.7/site-packages/airflow/example_dags/example_time_delta_sensor_async.py
[2023-05-03T10:00:28.948+0000] {processor.py:799} INFO - Processing file /home/airflow/.local/lib/python3.7/site-packages/airflow/example_dags/example_time_delta_sensor_async.py for tasks to queue
[2023-05-03T10:00:28.949+0000] {logging_mixin.py:149} INFO - [2023-05-03T10:00:28.949+0000] {dagbag.py:541} INFO - Filling up the DagBag from /home/airflow/.local/lib/python3.7/site-packages/airflow/example_dags/example_time_delta_sensor_async.py
[2023-05-03T10:00:28.957+0000] {processor.py:809} INFO - DAG(s) dict_keys(['example_time_delta_sensor_async']) retrieved from /home/airflow/.local/lib/python3.7/site-packages/airflow/example_dags/example_time_delta_sensor_async.py
[2023-05-03T10:00:28.994+0000] {logging_mixin.py:149} INFO - [2023-05-03T10:00:28.993+0000] {dag.py:2726} INFO - Sync 1 DAGs
[2023-05-03T10:00:29.034+0000] {logging_mixin.py:149} INFO - [2023-05-03T10:00:29.034+0000] {dag.py:3490} INFO - Setting next_dagrun for example_time_delta_sensor_async to None, run_after=None
[2023-05-03T10:00:29.073+0000] {processor.py:178} INFO - Processing /home/airflow/.local/lib/python3.7/site-packages/airflow/example_dags/example_time_delta_sensor_async.py took 0.131 seconds
[2023-05-03T10:00:59.886+0000] {processor.py:156} INFO - Started process (PID=5930) to work on /home/airflow/.local/lib/python3.7/site-packages/airflow/example_dags/example_time_delta_sensor_async.py
[2023-05-03T10:00:59.887+0000] {processor.py:799} INFO - Processing file /home/airflow/.local/lib/python3.7/site-packages/airflow/example_dags/example_time_delta_sensor_async.py for tasks to queue
[2023-05-03T10:00:59.889+0000] {logging_mixin.py:149} INFO - [2023-05-03T10:00:59.889+0000] {dagbag.py:541} INFO - Filling up the DagBag from /home/airflow/.local/lib/python3.7/site-packages/airflow/example_dags/example_time_delta_sensor_async.py
[2023-05-03T10:00:59.900+0000] {processor.py:809} INFO - DAG(s) dict_keys(['example_time_delta_sensor_async']) retrieved from /home/airflow/.local/lib/python3.7/site-packages/airflow/example_dags/example_time_delta_sensor_async.py
[2023-05-03T10:00:59.948+0000] {logging_mixin.py:149} INFO - [2023-05-03T10:00:59.947+0000] {dag.py:2726} INFO - Sync 1 DAGs
[2023-05-03T10:01:00.010+0000] {logging_mixin.py:149} INFO - [2023-05-03T10:01:00.010+0000] {dag.py:3490} INFO - Setting next_dagrun for example_time_delta_sensor_async to None, run_after=None
[2023-05-03T10:01:00.071+0000] {processor.py:178} INFO - Processing /home/airflow/.local/lib/python3.7/site-packages/airflow/example_dags/example_time_delta_sensor_async.py took 0.190 seconds
[2023-05-03T10:01:30.891+0000] {processor.py:156} INFO - Started process (PID=6166) to work on /home/airflow/.local/lib/python3.7/site-packages/airflow/example_dags/example_time_delta_sensor_async.py
[2023-05-03T10:01:30.893+0000] {processor.py:799} INFO - Processing file /home/airflow/.local/lib/python3.7/site-packages/airflow/example_dags/example_time_delta_sensor_async.py for tasks to queue
[2023-05-03T10:01:30.894+0000] {logging_mixin.py:149} INFO - [2023-05-03T10:01:30.894+0000] {dagbag.py:541} INFO - Filling up the DagBag from /home/airflow/.local/lib/python3.7/site-packages/airflow/example_dags/example_time_delta_sensor_async.py
[2023-05-03T10:01:30.905+0000] {processor.py:809} INFO - DAG(s) dict_keys(['example_time_delta_sensor_async']) retrieved from /home/airflow/.local/lib/python3.7/site-packages/airflow/example_dags/example_time_delta_sensor_async.py
[2023-05-03T10:01:30.955+0000] {logging_mixin.py:149} INFO - [2023-05-03T10:01:30.955+0000] {dag.py:2726} INFO - Sync 1 DAGs
[2023-05-03T10:01:31.012+0000] {logging_mixin.py:149} INFO - [2023-05-03T10:01:31.012+0000] {dag.py:3490} INFO - Setting next_dagrun for example_time_delta_sensor_async to None, run_after=None
[2023-05-03T10:01:31.054+0000] {processor.py:178} INFO - Processing /home/airflow/.local/lib/python3.7/site-packages/airflow/example_dags/example_time_delta_sensor_async.py took 0.170 seconds
[2023-05-03T10:45:33.138+0000] {processor.py:156} INFO - Started process (PID=6401) to work on /home/airflow/.local/lib/python3.7/site-packages/airflow/example_dags/example_time_delta_sensor_async.py
[2023-05-03T10:45:33.150+0000] {processor.py:799} INFO - Processing file /home/airflow/.local/lib/python3.7/site-packages/airflow/example_dags/example_time_delta_sensor_async.py for tasks to queue
[2023-05-03T10:45:33.153+0000] {logging_mixin.py:149} INFO - [2023-05-03T10:45:33.153+0000] {dagbag.py:541} INFO - Filling up the DagBag from /home/airflow/.local/lib/python3.7/site-packages/airflow/example_dags/example_time_delta_sensor_async.py
[2023-05-03T10:45:33.174+0000] {processor.py:809} INFO - DAG(s) dict_keys(['example_time_delta_sensor_async']) retrieved from /home/airflow/.local/lib/python3.7/site-packages/airflow/example_dags/example_time_delta_sensor_async.py
[2023-05-03T10:45:33.263+0000] {logging_mixin.py:149} INFO - [2023-05-03T10:45:33.262+0000] {dag.py:2726} INFO - Sync 1 DAGs
[2023-05-03T10:45:33.396+0000] {logging_mixin.py:149} INFO - [2023-05-03T10:45:33.395+0000] {dag.py:3490} INFO - Setting next_dagrun for example_time_delta_sensor_async to None, run_after=None
[2023-05-03T10:45:33.487+0000] {processor.py:178} INFO - Processing /home/airflow/.local/lib/python3.7/site-packages/airflow/example_dags/example_time_delta_sensor_async.py took 0.363 seconds
[2023-05-03T10:46:17.572+0000] {processor.py:156} INFO - Started process (PID=6662) to work on /home/airflow/.local/lib/python3.7/site-packages/airflow/example_dags/example_time_delta_sensor_async.py
[2023-05-03T10:46:17.575+0000] {processor.py:799} INFO - Processing file /home/airflow/.local/lib/python3.7/site-packages/airflow/example_dags/example_time_delta_sensor_async.py for tasks to queue
[2023-05-03T10:46:17.577+0000] {logging_mixin.py:149} INFO - [2023-05-03T10:46:17.576+0000] {dagbag.py:541} INFO - Filling up the DagBag from /home/airflow/.local/lib/python3.7/site-packages/airflow/example_dags/example_time_delta_sensor_async.py
[2023-05-03T10:46:17.593+0000] {processor.py:809} INFO - DAG(s) dict_keys(['example_time_delta_sensor_async']) retrieved from /home/airflow/.local/lib/python3.7/site-packages/airflow/example_dags/example_time_delta_sensor_async.py
[2023-05-03T10:46:17.684+0000] {logging_mixin.py:149} INFO - [2023-05-03T10:46:17.683+0000] {dag.py:2726} INFO - Sync 1 DAGs
[2023-05-03T10:46:17.753+0000] {logging_mixin.py:149} INFO - [2023-05-03T10:46:17.753+0000] {dag.py:3490} INFO - Setting next_dagrun for example_time_delta_sensor_async to None, run_after=None
[2023-05-03T10:46:17.838+0000] {processor.py:178} INFO - Processing /home/airflow/.local/lib/python3.7/site-packages/airflow/example_dags/example_time_delta_sensor_async.py took 0.275 seconds
[2023-05-03T10:47:48.162+0000] {processor.py:156} INFO - Started process (PID=6851) to work on /home/airflow/.local/lib/python3.7/site-packages/airflow/example_dags/example_time_delta_sensor_async.py
[2023-05-03T10:47:48.179+0000] {processor.py:799} INFO - Processing file /home/airflow/.local/lib/python3.7/site-packages/airflow/example_dags/example_time_delta_sensor_async.py for tasks to queue
[2023-05-03T10:47:48.185+0000] {logging_mixin.py:149} INFO - [2023-05-03T10:47:48.184+0000] {dagbag.py:541} INFO - Filling up the DagBag from /home/airflow/.local/lib/python3.7/site-packages/airflow/example_dags/example_time_delta_sensor_async.py
[2023-05-03T10:47:48.207+0000] {processor.py:809} INFO - DAG(s) dict_keys(['example_time_delta_sensor_async']) retrieved from /home/airflow/.local/lib/python3.7/site-packages/airflow/example_dags/example_time_delta_sensor_async.py
[2023-05-03T10:47:48.721+0000] {logging_mixin.py:149} INFO - [2023-05-03T10:47:48.720+0000] {dag.py:2726} INFO - Sync 1 DAGs
[2023-05-03T10:47:48.893+0000] {logging_mixin.py:149} INFO - [2023-05-03T10:47:48.893+0000] {dag.py:3490} INFO - Setting next_dagrun for example_time_delta_sensor_async to None, run_after=None
[2023-05-03T10:47:49.074+0000] {processor.py:178} INFO - Processing /home/airflow/.local/lib/python3.7/site-packages/airflow/example_dags/example_time_delta_sensor_async.py took 0.940 seconds
[2023-05-03T10:48:20.058+0000] {processor.py:156} INFO - Started process (PID=7087) to work on /home/airflow/.local/lib/python3.7/site-packages/airflow/example_dags/example_time_delta_sensor_async.py
[2023-05-03T10:48:20.063+0000] {processor.py:799} INFO - Processing file /home/airflow/.local/lib/python3.7/site-packages/airflow/example_dags/example_time_delta_sensor_async.py for tasks to queue
[2023-05-03T10:48:20.070+0000] {logging_mixin.py:149} INFO - [2023-05-03T10:48:20.066+0000] {dagbag.py:541} INFO - Filling up the DagBag from /home/airflow/.local/lib/python3.7/site-packages/airflow/example_dags/example_time_delta_sensor_async.py
[2023-05-03T10:48:20.090+0000] {processor.py:809} INFO - DAG(s) dict_keys(['example_time_delta_sensor_async']) retrieved from /home/airflow/.local/lib/python3.7/site-packages/airflow/example_dags/example_time_delta_sensor_async.py
[2023-05-03T10:48:20.257+0000] {logging_mixin.py:149} INFO - [2023-05-03T10:48:20.257+0000] {dag.py:2726} INFO - Sync 1 DAGs
[2023-05-03T10:48:20.436+0000] {logging_mixin.py:149} INFO - [2023-05-03T10:48:20.436+0000] {dag.py:3490} INFO - Setting next_dagrun for example_time_delta_sensor_async to None, run_after=None
[2023-05-03T10:48:20.569+0000] {processor.py:178} INFO - Processing /home/airflow/.local/lib/python3.7/site-packages/airflow/example_dags/example_time_delta_sensor_async.py took 0.517 seconds
[2023-05-03T10:48:50.694+0000] {processor.py:156} INFO - Started process (PID=7318) to work on /home/airflow/.local/lib/python3.7/site-packages/airflow/example_dags/example_time_delta_sensor_async.py
[2023-05-03T10:48:50.696+0000] {processor.py:799} INFO - Processing file /home/airflow/.local/lib/python3.7/site-packages/airflow/example_dags/example_time_delta_sensor_async.py for tasks to queue
[2023-05-03T10:48:50.698+0000] {logging_mixin.py:149} INFO - [2023-05-03T10:48:50.698+0000] {dagbag.py:541} INFO - Filling up the DagBag from /home/airflow/.local/lib/python3.7/site-packages/airflow/example_dags/example_time_delta_sensor_async.py
[2023-05-03T10:48:50.706+0000] {processor.py:809} INFO - DAG(s) dict_keys(['example_time_delta_sensor_async']) retrieved from /home/airflow/.local/lib/python3.7/site-packages/airflow/example_dags/example_time_delta_sensor_async.py
[2023-05-03T10:48:50.769+0000] {logging_mixin.py:149} INFO - [2023-05-03T10:48:50.769+0000] {dag.py:2726} INFO - Sync 1 DAGs
[2023-05-03T10:48:50.839+0000] {logging_mixin.py:149} INFO - [2023-05-03T10:48:50.838+0000] {dag.py:3490} INFO - Setting next_dagrun for example_time_delta_sensor_async to None, run_after=None
[2023-05-03T10:48:50.874+0000] {processor.py:178} INFO - Processing /home/airflow/.local/lib/python3.7/site-packages/airflow/example_dags/example_time_delta_sensor_async.py took 0.187 seconds
[2023-05-03T10:49:20.972+0000] {processor.py:156} INFO - Started process (PID=7556) to work on /home/airflow/.local/lib/python3.7/site-packages/airflow/example_dags/example_time_delta_sensor_async.py
[2023-05-03T10:49:20.974+0000] {processor.py:799} INFO - Processing file /home/airflow/.local/lib/python3.7/site-packages/airflow/example_dags/example_time_delta_sensor_async.py for tasks to queue
[2023-05-03T10:49:20.976+0000] {logging_mixin.py:149} INFO - [2023-05-03T10:49:20.976+0000] {dagbag.py:541} INFO - Filling up the DagBag from /home/airflow/.local/lib/python3.7/site-packages/airflow/example_dags/example_time_delta_sensor_async.py
[2023-05-03T10:49:20.989+0000] {processor.py:809} INFO - DAG(s) dict_keys(['example_time_delta_sensor_async']) retrieved from /home/airflow/.local/lib/python3.7/site-packages/airflow/example_dags/example_time_delta_sensor_async.py
[2023-05-03T10:49:21.097+0000] {logging_mixin.py:149} INFO - [2023-05-03T10:49:21.097+0000] {dag.py:2726} INFO - Sync 1 DAGs
[2023-05-03T10:49:21.205+0000] {logging_mixin.py:149} INFO - [2023-05-03T10:49:21.205+0000] {dag.py:3490} INFO - Setting next_dagrun for example_time_delta_sensor_async to None, run_after=None
[2023-05-03T10:49:21.294+0000] {processor.py:178} INFO - Processing /home/airflow/.local/lib/python3.7/site-packages/airflow/example_dags/example_time_delta_sensor_async.py took 0.335 seconds
[2023-05-03T10:49:59.996+0000] {processor.py:156} INFO - Started process (PID=7797) to work on /home/airflow/.local/lib/python3.7/site-packages/airflow/example_dags/example_time_delta_sensor_async.py
[2023-05-03T10:50:00.002+0000] {processor.py:799} INFO - Processing file /home/airflow/.local/lib/python3.7/site-packages/airflow/example_dags/example_time_delta_sensor_async.py for tasks to queue
[2023-05-03T10:50:00.012+0000] {logging_mixin.py:149} INFO - [2023-05-03T10:50:00.011+0000] {dagbag.py:541} INFO - Filling up the DagBag from /home/airflow/.local/lib/python3.7/site-packages/airflow/example_dags/example_time_delta_sensor_async.py
[2023-05-03T10:50:00.020+0000] {processor.py:809} INFO - DAG(s) dict_keys(['example_time_delta_sensor_async']) retrieved from /home/airflow/.local/lib/python3.7/site-packages/airflow/example_dags/example_time_delta_sensor_async.py
[2023-05-03T10:50:00.130+0000] {logging_mixin.py:149} INFO - [2023-05-03T10:50:00.130+0000] {dag.py:2726} INFO - Sync 1 DAGs
[2023-05-03T10:50:00.241+0000] {logging_mixin.py:149} INFO - [2023-05-03T10:50:00.241+0000] {dag.py:3490} INFO - Setting next_dagrun for example_time_delta_sensor_async to None, run_after=None
[2023-05-03T10:50:00.346+0000] {processor.py:178} INFO - Processing /home/airflow/.local/lib/python3.7/site-packages/airflow/example_dags/example_time_delta_sensor_async.py took 0.365 seconds
[2023-05-03T10:50:32.807+0000] {processor.py:156} INFO - Started process (PID=8027) to work on /home/airflow/.local/lib/python3.7/site-packages/airflow/example_dags/example_time_delta_sensor_async.py
[2023-05-03T10:50:32.811+0000] {processor.py:799} INFO - Processing file /home/airflow/.local/lib/python3.7/site-packages/airflow/example_dags/example_time_delta_sensor_async.py for tasks to queue
[2023-05-03T10:50:32.815+0000] {logging_mixin.py:149} INFO - [2023-05-03T10:50:32.815+0000] {dagbag.py:541} INFO - Filling up the DagBag from /home/airflow/.local/lib/python3.7/site-packages/airflow/example_dags/example_time_delta_sensor_async.py
[2023-05-03T10:50:32.828+0000] {processor.py:809} INFO - DAG(s) dict_keys(['example_time_delta_sensor_async']) retrieved from /home/airflow/.local/lib/python3.7/site-packages/airflow/example_dags/example_time_delta_sensor_async.py
[2023-05-03T10:50:32.928+0000] {logging_mixin.py:149} INFO - [2023-05-03T10:50:32.928+0000] {dag.py:2726} INFO - Sync 1 DAGs
[2023-05-03T10:50:33.020+0000] {logging_mixin.py:149} INFO - [2023-05-03T10:50:33.020+0000] {dag.py:3490} INFO - Setting next_dagrun for example_time_delta_sensor_async to None, run_after=None
[2023-05-03T10:50:33.141+0000] {processor.py:178} INFO - Processing /home/airflow/.local/lib/python3.7/site-packages/airflow/example_dags/example_time_delta_sensor_async.py took 0.339 seconds
[2023-05-03T10:51:03.679+0000] {processor.py:156} INFO - Started process (PID=8262) to work on /home/airflow/.local/lib/python3.7/site-packages/airflow/example_dags/example_time_delta_sensor_async.py
[2023-05-03T10:51:03.682+0000] {processor.py:799} INFO - Processing file /home/airflow/.local/lib/python3.7/site-packages/airflow/example_dags/example_time_delta_sensor_async.py for tasks to queue
[2023-05-03T10:51:03.684+0000] {logging_mixin.py:149} INFO - [2023-05-03T10:51:03.683+0000] {dagbag.py:541} INFO - Filling up the DagBag from /home/airflow/.local/lib/python3.7/site-packages/airflow/example_dags/example_time_delta_sensor_async.py
[2023-05-03T10:51:03.701+0000] {processor.py:809} INFO - DAG(s) dict_keys(['example_time_delta_sensor_async']) retrieved from /home/airflow/.local/lib/python3.7/site-packages/airflow/example_dags/example_time_delta_sensor_async.py
[2023-05-03T10:51:03.782+0000] {logging_mixin.py:149} INFO - [2023-05-03T10:51:03.782+0000] {dag.py:2726} INFO - Sync 1 DAGs
[2023-05-03T10:51:03.860+0000] {logging_mixin.py:149} INFO - [2023-05-03T10:51:03.860+0000] {dag.py:3490} INFO - Setting next_dagrun for example_time_delta_sensor_async to None, run_after=None
[2023-05-03T10:51:03.926+0000] {processor.py:178} INFO - Processing /home/airflow/.local/lib/python3.7/site-packages/airflow/example_dags/example_time_delta_sensor_async.py took 0.259 seconds
[2023-05-03T10:51:34.785+0000] {processor.py:156} INFO - Started process (PID=8493) to work on /home/airflow/.local/lib/python3.7/site-packages/airflow/example_dags/example_time_delta_sensor_async.py
[2023-05-03T10:51:34.787+0000] {processor.py:799} INFO - Processing file /home/airflow/.local/lib/python3.7/site-packages/airflow/example_dags/example_time_delta_sensor_async.py for tasks to queue
[2023-05-03T10:51:34.798+0000] {logging_mixin.py:149} INFO - [2023-05-03T10:51:34.798+0000] {dagbag.py:541} INFO - Filling up the DagBag from /home/airflow/.local/lib/python3.7/site-packages/airflow/example_dags/example_time_delta_sensor_async.py
[2023-05-03T10:51:34.806+0000] {processor.py:809} INFO - DAG(s) dict_keys(['example_time_delta_sensor_async']) retrieved from /home/airflow/.local/lib/python3.7/site-packages/airflow/example_dags/example_time_delta_sensor_async.py
[2023-05-03T10:51:34.895+0000] {logging_mixin.py:149} INFO - [2023-05-03T10:51:34.895+0000] {dag.py:2726} INFO - Sync 1 DAGs
[2023-05-03T10:51:35.028+0000] {logging_mixin.py:149} INFO - [2023-05-03T10:51:35.027+0000] {dag.py:3490} INFO - Setting next_dagrun for example_time_delta_sensor_async to None, run_after=None
[2023-05-03T10:51:35.119+0000] {processor.py:178} INFO - Processing /home/airflow/.local/lib/python3.7/site-packages/airflow/example_dags/example_time_delta_sensor_async.py took 0.338 seconds
[2023-05-03T10:52:06.153+0000] {processor.py:156} INFO - Started process (PID=8728) to work on /home/airflow/.local/lib/python3.7/site-packages/airflow/example_dags/example_time_delta_sensor_async.py
[2023-05-03T10:52:06.156+0000] {processor.py:799} INFO - Processing file /home/airflow/.local/lib/python3.7/site-packages/airflow/example_dags/example_time_delta_sensor_async.py for tasks to queue
[2023-05-03T10:52:06.157+0000] {logging_mixin.py:149} INFO - [2023-05-03T10:52:06.157+0000] {dagbag.py:541} INFO - Filling up the DagBag from /home/airflow/.local/lib/python3.7/site-packages/airflow/example_dags/example_time_delta_sensor_async.py
[2023-05-03T10:52:06.174+0000] {processor.py:809} INFO - DAG(s) dict_keys(['example_time_delta_sensor_async']) retrieved from /home/airflow/.local/lib/python3.7/site-packages/airflow/example_dags/example_time_delta_sensor_async.py
[2023-05-03T10:52:06.267+0000] {logging_mixin.py:149} INFO - [2023-05-03T10:52:06.267+0000] {dag.py:2726} INFO - Sync 1 DAGs
[2023-05-03T10:52:06.329+0000] {logging_mixin.py:149} INFO - [2023-05-03T10:52:06.328+0000] {dag.py:3490} INFO - Setting next_dagrun for example_time_delta_sensor_async to None, run_after=None
[2023-05-03T10:52:06.388+0000] {processor.py:178} INFO - Processing /home/airflow/.local/lib/python3.7/site-packages/airflow/example_dags/example_time_delta_sensor_async.py took 0.240 seconds
[2023-05-03T10:52:37.471+0000] {processor.py:156} INFO - Started process (PID=8956) to work on /home/airflow/.local/lib/python3.7/site-packages/airflow/example_dags/example_time_delta_sensor_async.py
[2023-05-03T10:52:37.480+0000] {processor.py:799} INFO - Processing file /home/airflow/.local/lib/python3.7/site-packages/airflow/example_dags/example_time_delta_sensor_async.py for tasks to queue
[2023-05-03T10:52:37.497+0000] {logging_mixin.py:149} INFO - [2023-05-03T10:52:37.496+0000] {dagbag.py:541} INFO - Filling up the DagBag from /home/airflow/.local/lib/python3.7/site-packages/airflow/example_dags/example_time_delta_sensor_async.py
[2023-05-03T10:52:37.509+0000] {processor.py:809} INFO - DAG(s) dict_keys(['example_time_delta_sensor_async']) retrieved from /home/airflow/.local/lib/python3.7/site-packages/airflow/example_dags/example_time_delta_sensor_async.py
[2023-05-03T10:52:37.590+0000] {logging_mixin.py:149} INFO - [2023-05-03T10:52:37.590+0000] {dag.py:2726} INFO - Sync 1 DAGs
[2023-05-03T10:52:37.680+0000] {logging_mixin.py:149} INFO - [2023-05-03T10:52:37.680+0000] {dag.py:3490} INFO - Setting next_dagrun for example_time_delta_sensor_async to None, run_after=None
[2023-05-03T10:52:37.747+0000] {processor.py:178} INFO - Processing /home/airflow/.local/lib/python3.7/site-packages/airflow/example_dags/example_time_delta_sensor_async.py took 0.291 seconds
[2023-05-03T10:53:09.116+0000] {processor.py:156} INFO - Started process (PID=9192) to work on /home/airflow/.local/lib/python3.7/site-packages/airflow/example_dags/example_time_delta_sensor_async.py
[2023-05-03T10:53:09.119+0000] {processor.py:799} INFO - Processing file /home/airflow/.local/lib/python3.7/site-packages/airflow/example_dags/example_time_delta_sensor_async.py for tasks to queue
[2023-05-03T10:53:09.124+0000] {logging_mixin.py:149} INFO - [2023-05-03T10:53:09.124+0000] {dagbag.py:541} INFO - Filling up the DagBag from /home/airflow/.local/lib/python3.7/site-packages/airflow/example_dags/example_time_delta_sensor_async.py
[2023-05-03T10:53:09.163+0000] {processor.py:809} INFO - DAG(s) dict_keys(['example_time_delta_sensor_async']) retrieved from /home/airflow/.local/lib/python3.7/site-packages/airflow/example_dags/example_time_delta_sensor_async.py
[2023-05-03T10:53:09.813+0000] {logging_mixin.py:149} INFO - [2023-05-03T10:53:09.813+0000] {dag.py:2726} INFO - Sync 1 DAGs
[2023-05-03T10:53:10.276+0000] {logging_mixin.py:149} INFO - [2023-05-03T10:53:10.276+0000] {dag.py:3490} INFO - Setting next_dagrun for example_time_delta_sensor_async to None, run_after=None
[2023-05-03T10:53:10.393+0000] {processor.py:178} INFO - Processing /home/airflow/.local/lib/python3.7/site-packages/airflow/example_dags/example_time_delta_sensor_async.py took 1.293 seconds
[2023-05-03T10:53:41.927+0000] {processor.py:156} INFO - Started process (PID=9428) to work on /home/airflow/.local/lib/python3.7/site-packages/airflow/example_dags/example_time_delta_sensor_async.py
[2023-05-03T10:53:41.958+0000] {processor.py:799} INFO - Processing file /home/airflow/.local/lib/python3.7/site-packages/airflow/example_dags/example_time_delta_sensor_async.py for tasks to queue
[2023-05-03T10:53:41.961+0000] {logging_mixin.py:149} INFO - [2023-05-03T10:53:41.961+0000] {dagbag.py:541} INFO - Filling up the DagBag from /home/airflow/.local/lib/python3.7/site-packages/airflow/example_dags/example_time_delta_sensor_async.py
[2023-05-03T10:53:42.077+0000] {processor.py:809} INFO - DAG(s) dict_keys(['example_time_delta_sensor_async']) retrieved from /home/airflow/.local/lib/python3.7/site-packages/airflow/example_dags/example_time_delta_sensor_async.py
[2023-05-03T10:53:42.384+0000] {logging_mixin.py:149} INFO - [2023-05-03T10:53:42.383+0000] {dag.py:2726} INFO - Sync 1 DAGs
[2023-05-03T10:53:42.505+0000] {logging_mixin.py:149} INFO - [2023-05-03T10:53:42.505+0000] {dag.py:3490} INFO - Setting next_dagrun for example_time_delta_sensor_async to None, run_after=None
[2023-05-03T10:53:42.620+0000] {processor.py:178} INFO - Processing /home/airflow/.local/lib/python3.7/site-packages/airflow/example_dags/example_time_delta_sensor_async.py took 0.612 seconds
[2023-05-03T10:54:12.846+0000] {processor.py:156} INFO - Started process (PID=9666) to work on /home/airflow/.local/lib/python3.7/site-packages/airflow/example_dags/example_time_delta_sensor_async.py
[2023-05-03T10:54:12.857+0000] {processor.py:799} INFO - Processing file /home/airflow/.local/lib/python3.7/site-packages/airflow/example_dags/example_time_delta_sensor_async.py for tasks to queue
[2023-05-03T10:54:12.860+0000] {logging_mixin.py:149} INFO - [2023-05-03T10:54:12.860+0000] {dagbag.py:541} INFO - Filling up the DagBag from /home/airflow/.local/lib/python3.7/site-packages/airflow/example_dags/example_time_delta_sensor_async.py
[2023-05-03T10:54:12.869+0000] {processor.py:809} INFO - DAG(s) dict_keys(['example_time_delta_sensor_async']) retrieved from /home/airflow/.local/lib/python3.7/site-packages/airflow/example_dags/example_time_delta_sensor_async.py
[2023-05-03T10:54:12.939+0000] {logging_mixin.py:149} INFO - [2023-05-03T10:54:12.939+0000] {dag.py:2726} INFO - Sync 1 DAGs
[2023-05-03T10:54:13.016+0000] {logging_mixin.py:149} INFO - [2023-05-03T10:54:13.015+0000] {dag.py:3490} INFO - Setting next_dagrun for example_time_delta_sensor_async to None, run_after=None
[2023-05-03T10:54:13.071+0000] {processor.py:178} INFO - Processing /home/airflow/.local/lib/python3.7/site-packages/airflow/example_dags/example_time_delta_sensor_async.py took 0.230 seconds
[2023-05-03T10:54:52.928+0000] {processor.py:156} INFO - Started process (PID=9896) to work on /home/airflow/.local/lib/python3.7/site-packages/airflow/example_dags/example_time_delta_sensor_async.py
[2023-05-03T10:54:52.930+0000] {processor.py:799} INFO - Processing file /home/airflow/.local/lib/python3.7/site-packages/airflow/example_dags/example_time_delta_sensor_async.py for tasks to queue
[2023-05-03T10:54:52.932+0000] {logging_mixin.py:149} INFO - [2023-05-03T10:54:52.932+0000] {dagbag.py:541} INFO - Filling up the DagBag from /home/airflow/.local/lib/python3.7/site-packages/airflow/example_dags/example_time_delta_sensor_async.py
[2023-05-03T10:54:52.953+0000] {processor.py:809} INFO - DAG(s) dict_keys(['example_time_delta_sensor_async']) retrieved from /home/airflow/.local/lib/python3.7/site-packages/airflow/example_dags/example_time_delta_sensor_async.py
[2023-05-03T10:54:53.048+0000] {logging_mixin.py:149} INFO - [2023-05-03T10:54:53.048+0000] {dag.py:2726} INFO - Sync 1 DAGs
[2023-05-03T10:54:53.146+0000] {logging_mixin.py:149} INFO - [2023-05-03T10:54:53.146+0000] {dag.py:3490} INFO - Setting next_dagrun for example_time_delta_sensor_async to None, run_after=None
[2023-05-03T10:54:53.224+0000] {processor.py:178} INFO - Processing /home/airflow/.local/lib/python3.7/site-packages/airflow/example_dags/example_time_delta_sensor_async.py took 0.314 seconds
