[2023-05-03T09:31:27.547+0000] {processor.py:156} INFO - Started process (PID=328) to work on /home/airflow/.local/lib/python3.7/site-packages/airflow/example_dags/example_trigger_controller_dag.py
[2023-05-03T09:31:27.550+0000] {processor.py:799} INFO - Processing file /home/airflow/.local/lib/python3.7/site-packages/airflow/example_dags/example_trigger_controller_dag.py for tasks to queue
[2023-05-03T09:31:27.553+0000] {logging_mixin.py:149} INFO - [2023-05-03T09:31:27.553+0000] {dagbag.py:541} INFO - Filling up the DagBag from /home/airflow/.local/lib/python3.7/site-packages/airflow/example_dags/example_trigger_controller_dag.py
[2023-05-03T09:31:27.567+0000] {processor.py:809} INFO - DAG(s) dict_keys(['example_trigger_controller_dag']) retrieved from /home/airflow/.local/lib/python3.7/site-packages/airflow/example_dags/example_trigger_controller_dag.py
[2023-05-03T09:31:27.632+0000] {logging_mixin.py:149} INFO - [2023-05-03T09:31:27.632+0000] {dag.py:2726} INFO - Sync 1 DAGs
[2023-05-03T09:31:27.686+0000] {logging_mixin.py:149} INFO - [2023-05-03T09:31:27.686+0000] {dag.py:3490} INFO - Setting next_dagrun for example_trigger_controller_dag to 2021-01-01T00:00:00+00:00, run_after=2021-01-01T00:00:00+00:00
[2023-05-03T09:31:27.731+0000] {processor.py:178} INFO - Processing /home/airflow/.local/lib/python3.7/site-packages/airflow/example_dags/example_trigger_controller_dag.py took 0.191 seconds
[2023-05-03T09:32:12.753+0000] {processor.py:156} INFO - Started process (PID=562) to work on /home/airflow/.local/lib/python3.7/site-packages/airflow/example_dags/example_trigger_controller_dag.py
[2023-05-03T09:32:12.760+0000] {processor.py:799} INFO - Processing file /home/airflow/.local/lib/python3.7/site-packages/airflow/example_dags/example_trigger_controller_dag.py for tasks to queue
[2023-05-03T09:32:12.764+0000] {logging_mixin.py:149} INFO - [2023-05-03T09:32:12.763+0000] {dagbag.py:541} INFO - Filling up the DagBag from /home/airflow/.local/lib/python3.7/site-packages/airflow/example_dags/example_trigger_controller_dag.py
[2023-05-03T09:32:12.817+0000] {processor.py:809} INFO - DAG(s) dict_keys(['example_trigger_controller_dag']) retrieved from /home/airflow/.local/lib/python3.7/site-packages/airflow/example_dags/example_trigger_controller_dag.py
[2023-05-03T09:32:14.251+0000] {logging_mixin.py:149} INFO - [2023-05-03T09:32:14.251+0000] {dag.py:2726} INFO - Sync 1 DAGs
[2023-05-03T09:32:14.504+0000] {logging_mixin.py:149} INFO - [2023-05-03T09:32:14.504+0000] {dag.py:3490} INFO - Setting next_dagrun for example_trigger_controller_dag to 2021-01-01T00:00:00+00:00, run_after=2021-01-01T00:00:00+00:00
[2023-05-03T09:32:14.642+0000] {processor.py:178} INFO - Processing /home/airflow/.local/lib/python3.7/site-packages/airflow/example_dags/example_trigger_controller_dag.py took 1.935 seconds
[2023-05-03T09:32:44.956+0000] {processor.py:156} INFO - Started process (PID=800) to work on /home/airflow/.local/lib/python3.7/site-packages/airflow/example_dags/example_trigger_controller_dag.py
[2023-05-03T09:32:44.959+0000] {processor.py:799} INFO - Processing file /home/airflow/.local/lib/python3.7/site-packages/airflow/example_dags/example_trigger_controller_dag.py for tasks to queue
[2023-05-03T09:32:44.961+0000] {logging_mixin.py:149} INFO - [2023-05-03T09:32:44.961+0000] {dagbag.py:541} INFO - Filling up the DagBag from /home/airflow/.local/lib/python3.7/site-packages/airflow/example_dags/example_trigger_controller_dag.py
[2023-05-03T09:32:44.980+0000] {processor.py:809} INFO - DAG(s) dict_keys(['example_trigger_controller_dag']) retrieved from /home/airflow/.local/lib/python3.7/site-packages/airflow/example_dags/example_trigger_controller_dag.py
[2023-05-03T09:32:45.103+0000] {logging_mixin.py:149} INFO - [2023-05-03T09:32:45.103+0000] {dag.py:2726} INFO - Sync 1 DAGs
[2023-05-03T09:32:45.185+0000] {logging_mixin.py:149} INFO - [2023-05-03T09:32:45.185+0000] {dag.py:3490} INFO - Setting next_dagrun for example_trigger_controller_dag to 2021-01-01T00:00:00+00:00, run_after=2021-01-01T00:00:00+00:00
[2023-05-03T09:32:45.247+0000] {processor.py:178} INFO - Processing /home/airflow/.local/lib/python3.7/site-packages/airflow/example_dags/example_trigger_controller_dag.py took 0.307 seconds
[2023-05-03T09:33:32.953+0000] {processor.py:156} INFO - Started process (PID=1025) to work on /home/airflow/.local/lib/python3.7/site-packages/airflow/example_dags/example_trigger_controller_dag.py
[2023-05-03T09:33:32.955+0000] {processor.py:799} INFO - Processing file /home/airflow/.local/lib/python3.7/site-packages/airflow/example_dags/example_trigger_controller_dag.py for tasks to queue
[2023-05-03T09:33:32.957+0000] {logging_mixin.py:149} INFO - [2023-05-03T09:33:32.957+0000] {dagbag.py:541} INFO - Filling up the DagBag from /home/airflow/.local/lib/python3.7/site-packages/airflow/example_dags/example_trigger_controller_dag.py
[2023-05-03T09:33:32.971+0000] {processor.py:809} INFO - DAG(s) dict_keys(['example_trigger_controller_dag']) retrieved from /home/airflow/.local/lib/python3.7/site-packages/airflow/example_dags/example_trigger_controller_dag.py
[2023-05-03T09:33:33.073+0000] {logging_mixin.py:149} INFO - [2023-05-03T09:33:33.072+0000] {dag.py:2726} INFO - Sync 1 DAGs
[2023-05-03T09:33:33.182+0000] {logging_mixin.py:149} INFO - [2023-05-03T09:33:33.181+0000] {dag.py:3490} INFO - Setting next_dagrun for example_trigger_controller_dag to 2021-01-01T00:00:00+00:00, run_after=2021-01-01T00:00:00+00:00
[2023-05-03T09:33:33.243+0000] {processor.py:178} INFO - Processing /home/airflow/.local/lib/python3.7/site-packages/airflow/example_dags/example_trigger_controller_dag.py took 0.294 seconds
[2023-05-03T09:34:08.376+0000] {processor.py:156} INFO - Started process (PID=1298) to work on /home/airflow/.local/lib/python3.7/site-packages/airflow/example_dags/example_trigger_controller_dag.py
[2023-05-03T09:34:08.378+0000] {processor.py:799} INFO - Processing file /home/airflow/.local/lib/python3.7/site-packages/airflow/example_dags/example_trigger_controller_dag.py for tasks to queue
[2023-05-03T09:34:08.380+0000] {logging_mixin.py:149} INFO - [2023-05-03T09:34:08.380+0000] {dagbag.py:541} INFO - Filling up the DagBag from /home/airflow/.local/lib/python3.7/site-packages/airflow/example_dags/example_trigger_controller_dag.py
[2023-05-03T09:34:08.401+0000] {processor.py:809} INFO - DAG(s) dict_keys(['example_trigger_controller_dag']) retrieved from /home/airflow/.local/lib/python3.7/site-packages/airflow/example_dags/example_trigger_controller_dag.py
[2023-05-03T09:34:08.486+0000] {logging_mixin.py:149} INFO - [2023-05-03T09:34:08.486+0000] {dag.py:2726} INFO - Sync 1 DAGs
[2023-05-03T09:34:08.564+0000] {logging_mixin.py:149} INFO - [2023-05-03T09:34:08.564+0000] {dag.py:3490} INFO - Setting next_dagrun for example_trigger_controller_dag to 2021-01-01T00:00:00+00:00, run_after=2021-01-01T00:00:00+00:00
[2023-05-03T09:34:08.630+0000] {processor.py:178} INFO - Processing /home/airflow/.local/lib/python3.7/site-packages/airflow/example_dags/example_trigger_controller_dag.py took 0.268 seconds
[2023-05-03T09:34:39.416+0000] {processor.py:156} INFO - Started process (PID=1536) to work on /home/airflow/.local/lib/python3.7/site-packages/airflow/example_dags/example_trigger_controller_dag.py
[2023-05-03T09:34:39.421+0000] {processor.py:799} INFO - Processing file /home/airflow/.local/lib/python3.7/site-packages/airflow/example_dags/example_trigger_controller_dag.py for tasks to queue
[2023-05-03T09:34:39.428+0000] {logging_mixin.py:149} INFO - [2023-05-03T09:34:39.425+0000] {dagbag.py:541} INFO - Filling up the DagBag from /home/airflow/.local/lib/python3.7/site-packages/airflow/example_dags/example_trigger_controller_dag.py
[2023-05-03T09:34:39.438+0000] {processor.py:809} INFO - DAG(s) dict_keys(['example_trigger_controller_dag']) retrieved from /home/airflow/.local/lib/python3.7/site-packages/airflow/example_dags/example_trigger_controller_dag.py
[2023-05-03T09:34:39.518+0000] {logging_mixin.py:149} INFO - [2023-05-03T09:34:39.508+0000] {dag.py:2726} INFO - Sync 1 DAGs
[2023-05-03T09:34:39.616+0000] {logging_mixin.py:149} INFO - [2023-05-03T09:34:39.615+0000] {dag.py:3490} INFO - Setting next_dagrun for example_trigger_controller_dag to 2021-01-01T00:00:00+00:00, run_after=2021-01-01T00:00:00+00:00
[2023-05-03T09:34:39.673+0000] {processor.py:178} INFO - Processing /home/airflow/.local/lib/python3.7/site-packages/airflow/example_dags/example_trigger_controller_dag.py took 0.261 seconds
[2023-05-03T09:35:10.136+0000] {processor.py:156} INFO - Started process (PID=1772) to work on /home/airflow/.local/lib/python3.7/site-packages/airflow/example_dags/example_trigger_controller_dag.py
[2023-05-03T09:35:10.141+0000] {processor.py:799} INFO - Processing file /home/airflow/.local/lib/python3.7/site-packages/airflow/example_dags/example_trigger_controller_dag.py for tasks to queue
[2023-05-03T09:35:10.145+0000] {logging_mixin.py:149} INFO - [2023-05-03T09:35:10.144+0000] {dagbag.py:541} INFO - Filling up the DagBag from /home/airflow/.local/lib/python3.7/site-packages/airflow/example_dags/example_trigger_controller_dag.py
[2023-05-03T09:35:10.159+0000] {processor.py:809} INFO - DAG(s) dict_keys(['example_trigger_controller_dag']) retrieved from /home/airflow/.local/lib/python3.7/site-packages/airflow/example_dags/example_trigger_controller_dag.py
[2023-05-03T09:35:10.255+0000] {logging_mixin.py:149} INFO - [2023-05-03T09:35:10.254+0000] {dag.py:2726} INFO - Sync 1 DAGs
[2023-05-03T09:35:10.318+0000] {logging_mixin.py:149} INFO - [2023-05-03T09:35:10.318+0000] {dag.py:3490} INFO - Setting next_dagrun for example_trigger_controller_dag to 2021-01-01T00:00:00+00:00, run_after=2021-01-01T00:00:00+00:00
[2023-05-03T09:35:10.370+0000] {processor.py:178} INFO - Processing /home/airflow/.local/lib/python3.7/site-packages/airflow/example_dags/example_trigger_controller_dag.py took 0.220 seconds
[2023-05-03T09:35:51.248+0000] {processor.py:156} INFO - Started process (PID=2013) to work on /home/airflow/.local/lib/python3.7/site-packages/airflow/example_dags/example_trigger_controller_dag.py
[2023-05-03T09:35:51.253+0000] {processor.py:799} INFO - Processing file /home/airflow/.local/lib/python3.7/site-packages/airflow/example_dags/example_trigger_controller_dag.py for tasks to queue
[2023-05-03T09:35:51.256+0000] {logging_mixin.py:149} INFO - [2023-05-03T09:35:51.256+0000] {dagbag.py:541} INFO - Filling up the DagBag from /home/airflow/.local/lib/python3.7/site-packages/airflow/example_dags/example_trigger_controller_dag.py
[2023-05-03T09:35:51.269+0000] {processor.py:809} INFO - DAG(s) dict_keys(['example_trigger_controller_dag']) retrieved from /home/airflow/.local/lib/python3.7/site-packages/airflow/example_dags/example_trigger_controller_dag.py
[2023-05-03T09:35:51.379+0000] {logging_mixin.py:149} INFO - [2023-05-03T09:35:51.378+0000] {dag.py:2726} INFO - Sync 1 DAGs
[2023-05-03T09:35:51.436+0000] {logging_mixin.py:149} INFO - [2023-05-03T09:35:51.436+0000] {dag.py:3490} INFO - Setting next_dagrun for example_trigger_controller_dag to 2021-01-01T00:00:00+00:00, run_after=2021-01-01T00:00:00+00:00
[2023-05-03T09:35:51.503+0000] {processor.py:178} INFO - Processing /home/airflow/.local/lib/python3.7/site-packages/airflow/example_dags/example_trigger_controller_dag.py took 0.260 seconds
[2023-05-03T09:36:23.160+0000] {processor.py:156} INFO - Started process (PID=2252) to work on /home/airflow/.local/lib/python3.7/site-packages/airflow/example_dags/example_trigger_controller_dag.py
[2023-05-03T09:36:23.163+0000] {processor.py:799} INFO - Processing file /home/airflow/.local/lib/python3.7/site-packages/airflow/example_dags/example_trigger_controller_dag.py for tasks to queue
[2023-05-03T09:36:23.165+0000] {logging_mixin.py:149} INFO - [2023-05-03T09:36:23.165+0000] {dagbag.py:541} INFO - Filling up the DagBag from /home/airflow/.local/lib/python3.7/site-packages/airflow/example_dags/example_trigger_controller_dag.py
[2023-05-03T09:36:23.171+0000] {processor.py:809} INFO - DAG(s) dict_keys(['example_trigger_controller_dag']) retrieved from /home/airflow/.local/lib/python3.7/site-packages/airflow/example_dags/example_trigger_controller_dag.py
[2023-05-03T09:36:23.230+0000] {logging_mixin.py:149} INFO - [2023-05-03T09:36:23.230+0000] {dag.py:2726} INFO - Sync 1 DAGs
[2023-05-03T09:36:23.297+0000] {logging_mixin.py:149} INFO - [2023-05-03T09:36:23.296+0000] {dag.py:3490} INFO - Setting next_dagrun for example_trigger_controller_dag to 2021-01-01T00:00:00+00:00, run_after=2021-01-01T00:00:00+00:00
[2023-05-03T09:36:23.353+0000] {processor.py:178} INFO - Processing /home/airflow/.local/lib/python3.7/site-packages/airflow/example_dags/example_trigger_controller_dag.py took 0.198 seconds
[2023-05-03T09:36:53.945+0000] {processor.py:156} INFO - Started process (PID=2486) to work on /home/airflow/.local/lib/python3.7/site-packages/airflow/example_dags/example_trigger_controller_dag.py
[2023-05-03T09:36:53.948+0000] {processor.py:799} INFO - Processing file /home/airflow/.local/lib/python3.7/site-packages/airflow/example_dags/example_trigger_controller_dag.py for tasks to queue
[2023-05-03T09:36:53.950+0000] {logging_mixin.py:149} INFO - [2023-05-03T09:36:53.949+0000] {dagbag.py:541} INFO - Filling up the DagBag from /home/airflow/.local/lib/python3.7/site-packages/airflow/example_dags/example_trigger_controller_dag.py
[2023-05-03T09:36:53.963+0000] {processor.py:809} INFO - DAG(s) dict_keys(['example_trigger_controller_dag']) retrieved from /home/airflow/.local/lib/python3.7/site-packages/airflow/example_dags/example_trigger_controller_dag.py
[2023-05-03T09:36:54.033+0000] {logging_mixin.py:149} INFO - [2023-05-03T09:36:54.033+0000] {dag.py:2726} INFO - Sync 1 DAGs
[2023-05-03T09:36:54.114+0000] {logging_mixin.py:149} INFO - [2023-05-03T09:36:54.113+0000] {dag.py:3490} INFO - Setting next_dagrun for example_trigger_controller_dag to 2021-01-01T00:00:00+00:00, run_after=2021-01-01T00:00:00+00:00
[2023-05-03T09:36:54.175+0000] {processor.py:178} INFO - Processing /home/airflow/.local/lib/python3.7/site-packages/airflow/example_dags/example_trigger_controller_dag.py took 0.238 seconds
[2023-05-03T09:37:26.134+0000] {processor.py:156} INFO - Started process (PID=2730) to work on /home/airflow/.local/lib/python3.7/site-packages/airflow/example_dags/example_trigger_controller_dag.py
[2023-05-03T09:37:26.137+0000] {processor.py:799} INFO - Processing file /home/airflow/.local/lib/python3.7/site-packages/airflow/example_dags/example_trigger_controller_dag.py for tasks to queue
[2023-05-03T09:37:26.139+0000] {logging_mixin.py:149} INFO - [2023-05-03T09:37:26.139+0000] {dagbag.py:541} INFO - Filling up the DagBag from /home/airflow/.local/lib/python3.7/site-packages/airflow/example_dags/example_trigger_controller_dag.py
[2023-05-03T09:37:26.146+0000] {processor.py:809} INFO - DAG(s) dict_keys(['example_trigger_controller_dag']) retrieved from /home/airflow/.local/lib/python3.7/site-packages/airflow/example_dags/example_trigger_controller_dag.py
[2023-05-03T09:37:26.198+0000] {logging_mixin.py:149} INFO - [2023-05-03T09:37:26.197+0000] {dag.py:2726} INFO - Sync 1 DAGs
[2023-05-03T09:37:26.240+0000] {logging_mixin.py:149} INFO - [2023-05-03T09:37:26.239+0000] {dag.py:3490} INFO - Setting next_dagrun for example_trigger_controller_dag to 2021-01-01T00:00:00+00:00, run_after=2021-01-01T00:00:00+00:00
[2023-05-03T09:37:26.273+0000] {processor.py:178} INFO - Processing /home/airflow/.local/lib/python3.7/site-packages/airflow/example_dags/example_trigger_controller_dag.py took 0.143 seconds
[2023-05-03T09:38:00.645+0000] {processor.py:156} INFO - Started process (PID=2974) to work on /home/airflow/.local/lib/python3.7/site-packages/airflow/example_dags/example_trigger_controller_dag.py
[2023-05-03T09:38:00.647+0000] {processor.py:799} INFO - Processing file /home/airflow/.local/lib/python3.7/site-packages/airflow/example_dags/example_trigger_controller_dag.py for tasks to queue
[2023-05-03T09:38:00.649+0000] {logging_mixin.py:149} INFO - [2023-05-03T09:38:00.648+0000] {dagbag.py:541} INFO - Filling up the DagBag from /home/airflow/.local/lib/python3.7/site-packages/airflow/example_dags/example_trigger_controller_dag.py
[2023-05-03T09:38:00.658+0000] {processor.py:809} INFO - DAG(s) dict_keys(['example_trigger_controller_dag']) retrieved from /home/airflow/.local/lib/python3.7/site-packages/airflow/example_dags/example_trigger_controller_dag.py
[2023-05-03T09:38:00.714+0000] {logging_mixin.py:149} INFO - [2023-05-03T09:38:00.713+0000] {dag.py:2726} INFO - Sync 1 DAGs
[2023-05-03T09:38:00.751+0000] {logging_mixin.py:149} INFO - [2023-05-03T09:38:00.751+0000] {dag.py:3490} INFO - Setting next_dagrun for example_trigger_controller_dag to 2021-01-01T00:00:00+00:00, run_after=2021-01-01T00:00:00+00:00
[2023-05-03T09:38:00.785+0000] {processor.py:178} INFO - Processing /home/airflow/.local/lib/python3.7/site-packages/airflow/example_dags/example_trigger_controller_dag.py took 0.145 seconds
[2023-05-03T09:38:34.819+0000] {processor.py:156} INFO - Started process (PID=3210) to work on /home/airflow/.local/lib/python3.7/site-packages/airflow/example_dags/example_trigger_controller_dag.py
[2023-05-03T09:38:34.822+0000] {processor.py:799} INFO - Processing file /home/airflow/.local/lib/python3.7/site-packages/airflow/example_dags/example_trigger_controller_dag.py for tasks to queue
[2023-05-03T09:38:34.824+0000] {logging_mixin.py:149} INFO - [2023-05-03T09:38:34.823+0000] {dagbag.py:541} INFO - Filling up the DagBag from /home/airflow/.local/lib/python3.7/site-packages/airflow/example_dags/example_trigger_controller_dag.py
[2023-05-03T09:38:34.832+0000] {processor.py:809} INFO - DAG(s) dict_keys(['example_trigger_controller_dag']) retrieved from /home/airflow/.local/lib/python3.7/site-packages/airflow/example_dags/example_trigger_controller_dag.py
[2023-05-03T09:38:34.881+0000] {logging_mixin.py:149} INFO - [2023-05-03T09:38:34.881+0000] {dag.py:2726} INFO - Sync 1 DAGs
[2023-05-03T09:38:34.925+0000] {logging_mixin.py:149} INFO - [2023-05-03T09:38:34.925+0000] {dag.py:3490} INFO - Setting next_dagrun for example_trigger_controller_dag to 2021-01-01T00:00:00+00:00, run_after=2021-01-01T00:00:00+00:00
[2023-05-03T09:38:34.959+0000] {processor.py:178} INFO - Processing /home/airflow/.local/lib/python3.7/site-packages/airflow/example_dags/example_trigger_controller_dag.py took 0.144 seconds
[2023-05-03T09:39:06.126+0000] {processor.py:156} INFO - Started process (PID=3446) to work on /home/airflow/.local/lib/python3.7/site-packages/airflow/example_dags/example_trigger_controller_dag.py
[2023-05-03T09:39:06.128+0000] {processor.py:799} INFO - Processing file /home/airflow/.local/lib/python3.7/site-packages/airflow/example_dags/example_trigger_controller_dag.py for tasks to queue
[2023-05-03T09:39:06.129+0000] {logging_mixin.py:149} INFO - [2023-05-03T09:39:06.129+0000] {dagbag.py:541} INFO - Filling up the DagBag from /home/airflow/.local/lib/python3.7/site-packages/airflow/example_dags/example_trigger_controller_dag.py
[2023-05-03T09:39:06.136+0000] {processor.py:809} INFO - DAG(s) dict_keys(['example_trigger_controller_dag']) retrieved from /home/airflow/.local/lib/python3.7/site-packages/airflow/example_dags/example_trigger_controller_dag.py
[2023-05-03T09:39:06.178+0000] {logging_mixin.py:149} INFO - [2023-05-03T09:39:06.178+0000] {dag.py:2726} INFO - Sync 1 DAGs
[2023-05-03T09:39:06.222+0000] {logging_mixin.py:149} INFO - [2023-05-03T09:39:06.222+0000] {dag.py:3490} INFO - Setting next_dagrun for example_trigger_controller_dag to 2021-01-01T00:00:00+00:00, run_after=2021-01-01T00:00:00+00:00
[2023-05-03T09:39:06.273+0000] {processor.py:178} INFO - Processing /home/airflow/.local/lib/python3.7/site-packages/airflow/example_dags/example_trigger_controller_dag.py took 0.152 seconds
[2023-05-03T09:39:37.883+0000] {processor.py:156} INFO - Started process (PID=3683) to work on /home/airflow/.local/lib/python3.7/site-packages/airflow/example_dags/example_trigger_controller_dag.py
[2023-05-03T09:39:37.885+0000] {processor.py:799} INFO - Processing file /home/airflow/.local/lib/python3.7/site-packages/airflow/example_dags/example_trigger_controller_dag.py for tasks to queue
[2023-05-03T09:39:37.891+0000] {logging_mixin.py:149} INFO - [2023-05-03T09:39:37.890+0000] {dagbag.py:541} INFO - Filling up the DagBag from /home/airflow/.local/lib/python3.7/site-packages/airflow/example_dags/example_trigger_controller_dag.py
[2023-05-03T09:39:37.900+0000] {processor.py:809} INFO - DAG(s) dict_keys(['example_trigger_controller_dag']) retrieved from /home/airflow/.local/lib/python3.7/site-packages/airflow/example_dags/example_trigger_controller_dag.py
[2023-05-03T09:39:37.955+0000] {logging_mixin.py:149} INFO - [2023-05-03T09:39:37.954+0000] {dag.py:2726} INFO - Sync 1 DAGs
[2023-05-03T09:39:38.015+0000] {logging_mixin.py:149} INFO - [2023-05-03T09:39:38.015+0000] {dag.py:3490} INFO - Setting next_dagrun for example_trigger_controller_dag to 2021-01-01T00:00:00+00:00, run_after=2021-01-01T00:00:00+00:00
[2023-05-03T09:39:38.066+0000] {processor.py:178} INFO - Processing /home/airflow/.local/lib/python3.7/site-packages/airflow/example_dags/example_trigger_controller_dag.py took 0.188 seconds
[2023-05-03T09:40:08.659+0000] {processor.py:156} INFO - Started process (PID=3919) to work on /home/airflow/.local/lib/python3.7/site-packages/airflow/example_dags/example_trigger_controller_dag.py
[2023-05-03T09:40:08.661+0000] {processor.py:799} INFO - Processing file /home/airflow/.local/lib/python3.7/site-packages/airflow/example_dags/example_trigger_controller_dag.py for tasks to queue
[2023-05-03T09:40:08.664+0000] {logging_mixin.py:149} INFO - [2023-05-03T09:40:08.663+0000] {dagbag.py:541} INFO - Filling up the DagBag from /home/airflow/.local/lib/python3.7/site-packages/airflow/example_dags/example_trigger_controller_dag.py
[2023-05-03T09:40:08.674+0000] {processor.py:809} INFO - DAG(s) dict_keys(['example_trigger_controller_dag']) retrieved from /home/airflow/.local/lib/python3.7/site-packages/airflow/example_dags/example_trigger_controller_dag.py
[2023-05-03T09:40:08.719+0000] {logging_mixin.py:149} INFO - [2023-05-03T09:40:08.719+0000] {dag.py:2726} INFO - Sync 1 DAGs
[2023-05-03T09:40:08.762+0000] {logging_mixin.py:149} INFO - [2023-05-03T09:40:08.762+0000] {dag.py:3490} INFO - Setting next_dagrun for example_trigger_controller_dag to 2021-01-01T00:00:00+00:00, run_after=2021-01-01T00:00:00+00:00
[2023-05-03T09:40:08.802+0000] {processor.py:178} INFO - Processing /home/airflow/.local/lib/python3.7/site-packages/airflow/example_dags/example_trigger_controller_dag.py took 0.147 seconds
[2023-05-03T09:40:40.137+0000] {processor.py:156} INFO - Started process (PID=4170) to work on /home/airflow/.local/lib/python3.7/site-packages/airflow/example_dags/example_trigger_controller_dag.py
[2023-05-03T09:40:40.140+0000] {processor.py:799} INFO - Processing file /home/airflow/.local/lib/python3.7/site-packages/airflow/example_dags/example_trigger_controller_dag.py for tasks to queue
[2023-05-03T09:40:40.141+0000] {logging_mixin.py:149} INFO - [2023-05-03T09:40:40.141+0000] {dagbag.py:541} INFO - Filling up the DagBag from /home/airflow/.local/lib/python3.7/site-packages/airflow/example_dags/example_trigger_controller_dag.py
[2023-05-03T09:40:40.146+0000] {processor.py:809} INFO - DAG(s) dict_keys(['example_trigger_controller_dag']) retrieved from /home/airflow/.local/lib/python3.7/site-packages/airflow/example_dags/example_trigger_controller_dag.py
[2023-05-03T09:40:40.185+0000] {logging_mixin.py:149} INFO - [2023-05-03T09:40:40.184+0000] {dag.py:2726} INFO - Sync 1 DAGs
[2023-05-03T09:40:40.230+0000] {logging_mixin.py:149} INFO - [2023-05-03T09:40:40.230+0000] {dag.py:3490} INFO - Setting next_dagrun for example_trigger_controller_dag to 2021-01-01T00:00:00+00:00, run_after=2021-01-01T00:00:00+00:00
[2023-05-03T09:40:40.268+0000] {processor.py:178} INFO - Processing /home/airflow/.local/lib/python3.7/site-packages/airflow/example_dags/example_trigger_controller_dag.py took 0.135 seconds
[2023-05-03T09:41:10.733+0000] {processor.py:156} INFO - Started process (PID=4406) to work on /home/airflow/.local/lib/python3.7/site-packages/airflow/example_dags/example_trigger_controller_dag.py
[2023-05-03T09:41:10.735+0000] {processor.py:799} INFO - Processing file /home/airflow/.local/lib/python3.7/site-packages/airflow/example_dags/example_trigger_controller_dag.py for tasks to queue
[2023-05-03T09:41:10.737+0000] {logging_mixin.py:149} INFO - [2023-05-03T09:41:10.737+0000] {dagbag.py:541} INFO - Filling up the DagBag from /home/airflow/.local/lib/python3.7/site-packages/airflow/example_dags/example_trigger_controller_dag.py
[2023-05-03T09:41:10.744+0000] {processor.py:809} INFO - DAG(s) dict_keys(['example_trigger_controller_dag']) retrieved from /home/airflow/.local/lib/python3.7/site-packages/airflow/example_dags/example_trigger_controller_dag.py
[2023-05-03T09:41:10.809+0000] {logging_mixin.py:149} INFO - [2023-05-03T09:41:10.809+0000] {dag.py:2726} INFO - Sync 1 DAGs
[2023-05-03T09:41:10.851+0000] {logging_mixin.py:149} INFO - [2023-05-03T09:41:10.851+0000] {dag.py:3490} INFO - Setting next_dagrun for example_trigger_controller_dag to 2021-01-01T00:00:00+00:00, run_after=2021-01-01T00:00:00+00:00
[2023-05-03T09:41:10.883+0000] {processor.py:178} INFO - Processing /home/airflow/.local/lib/python3.7/site-packages/airflow/example_dags/example_trigger_controller_dag.py took 0.154 seconds
[2023-05-03T09:41:42.602+0000] {processor.py:156} INFO - Started process (PID=4642) to work on /home/airflow/.local/lib/python3.7/site-packages/airflow/example_dags/example_trigger_controller_dag.py
[2023-05-03T09:41:42.606+0000] {processor.py:799} INFO - Processing file /home/airflow/.local/lib/python3.7/site-packages/airflow/example_dags/example_trigger_controller_dag.py for tasks to queue
[2023-05-03T09:41:42.618+0000] {logging_mixin.py:149} INFO - [2023-05-03T09:41:42.617+0000] {dagbag.py:541} INFO - Filling up the DagBag from /home/airflow/.local/lib/python3.7/site-packages/airflow/example_dags/example_trigger_controller_dag.py
[2023-05-03T09:41:42.628+0000] {processor.py:809} INFO - DAG(s) dict_keys(['example_trigger_controller_dag']) retrieved from /home/airflow/.local/lib/python3.7/site-packages/airflow/example_dags/example_trigger_controller_dag.py
[2023-05-03T09:41:42.708+0000] {logging_mixin.py:149} INFO - [2023-05-03T09:41:42.708+0000] {dag.py:2726} INFO - Sync 1 DAGs
[2023-05-03T09:41:42.813+0000] {logging_mixin.py:149} INFO - [2023-05-03T09:41:42.813+0000] {dag.py:3490} INFO - Setting next_dagrun for example_trigger_controller_dag to 2021-01-01T00:00:00+00:00, run_after=2021-01-01T00:00:00+00:00
[2023-05-03T09:41:42.902+0000] {processor.py:178} INFO - Processing /home/airflow/.local/lib/python3.7/site-packages/airflow/example_dags/example_trigger_controller_dag.py took 0.312 seconds
[2023-05-03T09:44:55.123+0000] {processor.py:156} INFO - Started process (PID=327) to work on /home/airflow/.local/lib/python3.7/site-packages/airflow/example_dags/example_trigger_controller_dag.py
[2023-05-03T09:44:55.126+0000] {processor.py:799} INFO - Processing file /home/airflow/.local/lib/python3.7/site-packages/airflow/example_dags/example_trigger_controller_dag.py for tasks to queue
[2023-05-03T09:44:55.132+0000] {logging_mixin.py:149} INFO - [2023-05-03T09:44:55.131+0000] {dagbag.py:541} INFO - Filling up the DagBag from /home/airflow/.local/lib/python3.7/site-packages/airflow/example_dags/example_trigger_controller_dag.py
[2023-05-03T09:44:55.161+0000] {processor.py:809} INFO - DAG(s) dict_keys(['example_trigger_controller_dag']) retrieved from /home/airflow/.local/lib/python3.7/site-packages/airflow/example_dags/example_trigger_controller_dag.py
[2023-05-03T09:44:55.253+0000] {logging_mixin.py:149} INFO - [2023-05-03T09:44:55.253+0000] {dag.py:2726} INFO - Sync 1 DAGs
[2023-05-03T09:44:55.371+0000] {logging_mixin.py:149} INFO - [2023-05-03T09:44:55.370+0000] {dag.py:3490} INFO - Setting next_dagrun for example_trigger_controller_dag to 2021-01-01T00:00:00+00:00, run_after=2021-01-01T00:00:00+00:00
[2023-05-03T09:44:55.603+0000] {processor.py:178} INFO - Processing /home/airflow/.local/lib/python3.7/site-packages/airflow/example_dags/example_trigger_controller_dag.py took 0.487 seconds
[2023-05-03T09:46:36.394+0000] {processor.py:156} INFO - Started process (PID=646) to work on /home/airflow/.local/lib/python3.7/site-packages/airflow/example_dags/example_trigger_controller_dag.py
[2023-05-03T09:46:36.416+0000] {processor.py:799} INFO - Processing file /home/airflow/.local/lib/python3.7/site-packages/airflow/example_dags/example_trigger_controller_dag.py for tasks to queue
[2023-05-03T09:46:36.440+0000] {logging_mixin.py:149} INFO - [2023-05-03T09:46:36.440+0000] {dagbag.py:541} INFO - Filling up the DagBag from /home/airflow/.local/lib/python3.7/site-packages/airflow/example_dags/example_trigger_controller_dag.py
[2023-05-03T09:46:36.458+0000] {processor.py:809} INFO - DAG(s) dict_keys(['example_trigger_controller_dag']) retrieved from /home/airflow/.local/lib/python3.7/site-packages/airflow/example_dags/example_trigger_controller_dag.py
[2023-05-03T09:46:36.854+0000] {logging_mixin.py:149} INFO - [2023-05-03T09:46:36.854+0000] {dag.py:2726} INFO - Sync 1 DAGs
[2023-05-03T09:46:36.990+0000] {logging_mixin.py:149} INFO - [2023-05-03T09:46:36.990+0000] {dag.py:3490} INFO - Setting next_dagrun for example_trigger_controller_dag to 2021-01-01T00:00:00+00:00, run_after=2021-01-01T00:00:00+00:00
[2023-05-03T09:46:37.090+0000] {processor.py:178} INFO - Processing /home/airflow/.local/lib/python3.7/site-packages/airflow/example_dags/example_trigger_controller_dag.py took 0.701 seconds
[2023-05-03T09:47:38.123+0000] {processor.py:156} INFO - Started process (PID=890) to work on /home/airflow/.local/lib/python3.7/site-packages/airflow/example_dags/example_trigger_controller_dag.py
[2023-05-03T09:47:38.126+0000] {processor.py:799} INFO - Processing file /home/airflow/.local/lib/python3.7/site-packages/airflow/example_dags/example_trigger_controller_dag.py for tasks to queue
[2023-05-03T09:47:38.137+0000] {logging_mixin.py:149} INFO - [2023-05-03T09:47:38.136+0000] {dagbag.py:541} INFO - Filling up the DagBag from /home/airflow/.local/lib/python3.7/site-packages/airflow/example_dags/example_trigger_controller_dag.py
[2023-05-03T09:47:38.159+0000] {processor.py:809} INFO - DAG(s) dict_keys(['example_trigger_controller_dag']) retrieved from /home/airflow/.local/lib/python3.7/site-packages/airflow/example_dags/example_trigger_controller_dag.py
[2023-05-03T09:47:38.260+0000] {logging_mixin.py:149} INFO - [2023-05-03T09:47:38.260+0000] {dag.py:2726} INFO - Sync 1 DAGs
[2023-05-03T09:47:38.386+0000] {logging_mixin.py:149} INFO - [2023-05-03T09:47:38.385+0000] {dag.py:3490} INFO - Setting next_dagrun for example_trigger_controller_dag to 2021-01-01T00:00:00+00:00, run_after=2021-01-01T00:00:00+00:00
[2023-05-03T09:47:38.487+0000] {processor.py:178} INFO - Processing /home/airflow/.local/lib/python3.7/site-packages/airflow/example_dags/example_trigger_controller_dag.py took 0.370 seconds
[2023-05-03T09:48:30.688+0000] {processor.py:156} INFO - Started process (PID=1126) to work on /home/airflow/.local/lib/python3.7/site-packages/airflow/example_dags/example_trigger_controller_dag.py
[2023-05-03T09:48:30.704+0000] {processor.py:799} INFO - Processing file /home/airflow/.local/lib/python3.7/site-packages/airflow/example_dags/example_trigger_controller_dag.py for tasks to queue
[2023-05-03T09:48:30.705+0000] {logging_mixin.py:149} INFO - [2023-05-03T09:48:30.705+0000] {dagbag.py:541} INFO - Filling up the DagBag from /home/airflow/.local/lib/python3.7/site-packages/airflow/example_dags/example_trigger_controller_dag.py
[2023-05-03T09:48:30.734+0000] {processor.py:809} INFO - DAG(s) dict_keys(['example_trigger_controller_dag']) retrieved from /home/airflow/.local/lib/python3.7/site-packages/airflow/example_dags/example_trigger_controller_dag.py
[2023-05-03T09:48:30.886+0000] {logging_mixin.py:149} INFO - [2023-05-03T09:48:30.886+0000] {dag.py:2726} INFO - Sync 1 DAGs
[2023-05-03T09:48:30.981+0000] {logging_mixin.py:149} INFO - [2023-05-03T09:48:30.981+0000] {dag.py:3490} INFO - Setting next_dagrun for example_trigger_controller_dag to 2021-01-01T00:00:00+00:00, run_after=2021-01-01T00:00:00+00:00
[2023-05-03T09:48:31.066+0000] {processor.py:178} INFO - Processing /home/airflow/.local/lib/python3.7/site-packages/airflow/example_dags/example_trigger_controller_dag.py took 0.386 seconds
[2023-05-03T09:49:07.181+0000] {processor.py:156} INFO - Started process (PID=1362) to work on /home/airflow/.local/lib/python3.7/site-packages/airflow/example_dags/example_trigger_controller_dag.py
[2023-05-03T09:49:07.184+0000] {processor.py:799} INFO - Processing file /home/airflow/.local/lib/python3.7/site-packages/airflow/example_dags/example_trigger_controller_dag.py for tasks to queue
[2023-05-03T09:49:07.186+0000] {logging_mixin.py:149} INFO - [2023-05-03T09:49:07.186+0000] {dagbag.py:541} INFO - Filling up the DagBag from /home/airflow/.local/lib/python3.7/site-packages/airflow/example_dags/example_trigger_controller_dag.py
[2023-05-03T09:49:07.199+0000] {processor.py:809} INFO - DAG(s) dict_keys(['example_trigger_controller_dag']) retrieved from /home/airflow/.local/lib/python3.7/site-packages/airflow/example_dags/example_trigger_controller_dag.py
[2023-05-03T09:49:07.305+0000] {logging_mixin.py:149} INFO - [2023-05-03T09:49:07.304+0000] {dag.py:2726} INFO - Sync 1 DAGs
[2023-05-03T09:49:07.584+0000] {logging_mixin.py:149} INFO - [2023-05-03T09:49:07.583+0000] {dag.py:3490} INFO - Setting next_dagrun for example_trigger_controller_dag to 2021-01-01T00:00:00+00:00, run_after=2021-01-01T00:00:00+00:00
[2023-05-03T09:49:07.770+0000] {processor.py:178} INFO - Processing /home/airflow/.local/lib/python3.7/site-packages/airflow/example_dags/example_trigger_controller_dag.py took 0.616 seconds
[2023-05-03T09:49:49.918+0000] {processor.py:156} INFO - Started process (PID=1583) to work on /home/airflow/.local/lib/python3.7/site-packages/airflow/example_dags/example_trigger_controller_dag.py
[2023-05-03T09:49:49.927+0000] {processor.py:799} INFO - Processing file /home/airflow/.local/lib/python3.7/site-packages/airflow/example_dags/example_trigger_controller_dag.py for tasks to queue
[2023-05-03T09:49:49.929+0000] {logging_mixin.py:149} INFO - [2023-05-03T09:49:49.928+0000] {dagbag.py:541} INFO - Filling up the DagBag from /home/airflow/.local/lib/python3.7/site-packages/airflow/example_dags/example_trigger_controller_dag.py
[2023-05-03T09:49:49.945+0000] {processor.py:809} INFO - DAG(s) dict_keys(['example_trigger_controller_dag']) retrieved from /home/airflow/.local/lib/python3.7/site-packages/airflow/example_dags/example_trigger_controller_dag.py
[2023-05-03T09:49:50.036+0000] {logging_mixin.py:149} INFO - [2023-05-03T09:49:50.036+0000] {dag.py:2726} INFO - Sync 1 DAGs
[2023-05-03T09:49:50.111+0000] {logging_mixin.py:149} INFO - [2023-05-03T09:49:50.111+0000] {dag.py:3490} INFO - Setting next_dagrun for example_trigger_controller_dag to 2021-01-01T00:00:00+00:00, run_after=2021-01-01T00:00:00+00:00
[2023-05-03T09:49:50.184+0000] {processor.py:178} INFO - Processing /home/airflow/.local/lib/python3.7/site-packages/airflow/example_dags/example_trigger_controller_dag.py took 0.272 seconds
[2023-05-03T09:50:22.615+0000] {processor.py:156} INFO - Started process (PID=1826) to work on /home/airflow/.local/lib/python3.7/site-packages/airflow/example_dags/example_trigger_controller_dag.py
[2023-05-03T09:50:22.621+0000] {processor.py:799} INFO - Processing file /home/airflow/.local/lib/python3.7/site-packages/airflow/example_dags/example_trigger_controller_dag.py for tasks to queue
[2023-05-03T09:50:22.625+0000] {logging_mixin.py:149} INFO - [2023-05-03T09:50:22.625+0000] {dagbag.py:541} INFO - Filling up the DagBag from /home/airflow/.local/lib/python3.7/site-packages/airflow/example_dags/example_trigger_controller_dag.py
[2023-05-03T09:50:22.642+0000] {processor.py:809} INFO - DAG(s) dict_keys(['example_trigger_controller_dag']) retrieved from /home/airflow/.local/lib/python3.7/site-packages/airflow/example_dags/example_trigger_controller_dag.py
[2023-05-03T09:50:22.723+0000] {logging_mixin.py:149} INFO - [2023-05-03T09:50:22.723+0000] {dag.py:2726} INFO - Sync 1 DAGs
[2023-05-03T09:50:22.796+0000] {logging_mixin.py:149} INFO - [2023-05-03T09:50:22.796+0000] {dag.py:3490} INFO - Setting next_dagrun for example_trigger_controller_dag to 2021-01-01T00:00:00+00:00, run_after=2021-01-01T00:00:00+00:00
[2023-05-03T09:50:22.883+0000] {processor.py:178} INFO - Processing /home/airflow/.local/lib/python3.7/site-packages/airflow/example_dags/example_trigger_controller_dag.py took 0.274 seconds
[2023-05-03T09:51:16.893+0000] {processor.py:156} INFO - Started process (PID=2070) to work on /home/airflow/.local/lib/python3.7/site-packages/airflow/example_dags/example_trigger_controller_dag.py
[2023-05-03T09:51:16.934+0000] {processor.py:799} INFO - Processing file /home/airflow/.local/lib/python3.7/site-packages/airflow/example_dags/example_trigger_controller_dag.py for tasks to queue
[2023-05-03T09:51:16.960+0000] {logging_mixin.py:149} INFO - [2023-05-03T09:51:16.959+0000] {dagbag.py:541} INFO - Filling up the DagBag from /home/airflow/.local/lib/python3.7/site-packages/airflow/example_dags/example_trigger_controller_dag.py
[2023-05-03T09:51:17.805+0000] {processor.py:809} INFO - DAG(s) dict_keys(['example_trigger_controller_dag']) retrieved from /home/airflow/.local/lib/python3.7/site-packages/airflow/example_dags/example_trigger_controller_dag.py
[2023-05-03T09:51:18.670+0000] {logging_mixin.py:149} INFO - [2023-05-03T09:51:18.669+0000] {dag.py:2726} INFO - Sync 1 DAGs
[2023-05-03T09:51:18.955+0000] {logging_mixin.py:149} INFO - [2023-05-03T09:51:18.955+0000] {dag.py:3490} INFO - Setting next_dagrun for example_trigger_controller_dag to 2021-01-01T00:00:00+00:00, run_after=2021-01-01T00:00:00+00:00
[2023-05-03T09:51:19.060+0000] {processor.py:178} INFO - Processing /home/airflow/.local/lib/python3.7/site-packages/airflow/example_dags/example_trigger_controller_dag.py took 2.321 seconds
[2023-05-03T09:52:11.390+0000] {processor.py:156} INFO - Started process (PID=2341) to work on /home/airflow/.local/lib/python3.7/site-packages/airflow/example_dags/example_trigger_controller_dag.py
[2023-05-03T09:52:11.393+0000] {processor.py:799} INFO - Processing file /home/airflow/.local/lib/python3.7/site-packages/airflow/example_dags/example_trigger_controller_dag.py for tasks to queue
[2023-05-03T09:52:11.395+0000] {logging_mixin.py:149} INFO - [2023-05-03T09:52:11.394+0000] {dagbag.py:541} INFO - Filling up the DagBag from /home/airflow/.local/lib/python3.7/site-packages/airflow/example_dags/example_trigger_controller_dag.py
[2023-05-03T09:52:11.409+0000] {processor.py:809} INFO - DAG(s) dict_keys(['example_trigger_controller_dag']) retrieved from /home/airflow/.local/lib/python3.7/site-packages/airflow/example_dags/example_trigger_controller_dag.py
[2023-05-03T09:52:11.491+0000] {logging_mixin.py:149} INFO - [2023-05-03T09:52:11.491+0000] {dag.py:2726} INFO - Sync 1 DAGs
[2023-05-03T09:52:11.571+0000] {logging_mixin.py:149} INFO - [2023-05-03T09:52:11.571+0000] {dag.py:3490} INFO - Setting next_dagrun for example_trigger_controller_dag to 2021-01-01T00:00:00+00:00, run_after=2021-01-01T00:00:00+00:00
[2023-05-03T09:52:11.651+0000] {processor.py:178} INFO - Processing /home/airflow/.local/lib/python3.7/site-packages/airflow/example_dags/example_trigger_controller_dag.py took 0.267 seconds
[2023-05-03T09:52:49.107+0000] {processor.py:156} INFO - Started process (PID=2591) to work on /home/airflow/.local/lib/python3.7/site-packages/airflow/example_dags/example_trigger_controller_dag.py
[2023-05-03T09:52:49.116+0000] {processor.py:799} INFO - Processing file /home/airflow/.local/lib/python3.7/site-packages/airflow/example_dags/example_trigger_controller_dag.py for tasks to queue
[2023-05-03T09:52:49.118+0000] {logging_mixin.py:149} INFO - [2023-05-03T09:52:49.117+0000] {dagbag.py:541} INFO - Filling up the DagBag from /home/airflow/.local/lib/python3.7/site-packages/airflow/example_dags/example_trigger_controller_dag.py
[2023-05-03T09:52:49.134+0000] {processor.py:809} INFO - DAG(s) dict_keys(['example_trigger_controller_dag']) retrieved from /home/airflow/.local/lib/python3.7/site-packages/airflow/example_dags/example_trigger_controller_dag.py
[2023-05-03T09:52:49.226+0000] {logging_mixin.py:149} INFO - [2023-05-03T09:52:49.225+0000] {dag.py:2726} INFO - Sync 1 DAGs
[2023-05-03T09:52:49.748+0000] {logging_mixin.py:149} INFO - [2023-05-03T09:52:49.748+0000] {dag.py:3490} INFO - Setting next_dagrun for example_trigger_controller_dag to 2021-01-01T00:00:00+00:00, run_after=2021-01-01T00:00:00+00:00
[2023-05-03T09:52:49.878+0000] {processor.py:178} INFO - Processing /home/airflow/.local/lib/python3.7/site-packages/airflow/example_dags/example_trigger_controller_dag.py took 0.741 seconds
[2023-05-03T09:53:20.150+0000] {processor.py:156} INFO - Started process (PID=2827) to work on /home/airflow/.local/lib/python3.7/site-packages/airflow/example_dags/example_trigger_controller_dag.py
[2023-05-03T09:53:20.152+0000] {processor.py:799} INFO - Processing file /home/airflow/.local/lib/python3.7/site-packages/airflow/example_dags/example_trigger_controller_dag.py for tasks to queue
[2023-05-03T09:53:20.154+0000] {logging_mixin.py:149} INFO - [2023-05-03T09:53:20.153+0000] {dagbag.py:541} INFO - Filling up the DagBag from /home/airflow/.local/lib/python3.7/site-packages/airflow/example_dags/example_trigger_controller_dag.py
[2023-05-03T09:53:20.168+0000] {processor.py:809} INFO - DAG(s) dict_keys(['example_trigger_controller_dag']) retrieved from /home/airflow/.local/lib/python3.7/site-packages/airflow/example_dags/example_trigger_controller_dag.py
[2023-05-03T09:53:20.256+0000] {logging_mixin.py:149} INFO - [2023-05-03T09:53:20.256+0000] {dag.py:2726} INFO - Sync 1 DAGs
[2023-05-03T09:53:20.339+0000] {logging_mixin.py:149} INFO - [2023-05-03T09:53:20.339+0000] {dag.py:3490} INFO - Setting next_dagrun for example_trigger_controller_dag to 2021-01-01T00:00:00+00:00, run_after=2021-01-01T00:00:00+00:00
[2023-05-03T09:53:20.420+0000] {processor.py:178} INFO - Processing /home/airflow/.local/lib/python3.7/site-packages/airflow/example_dags/example_trigger_controller_dag.py took 0.286 seconds
[2023-05-03T09:53:53.406+0000] {processor.py:156} INFO - Started process (PID=3064) to work on /home/airflow/.local/lib/python3.7/site-packages/airflow/example_dags/example_trigger_controller_dag.py
[2023-05-03T09:53:53.408+0000] {processor.py:799} INFO - Processing file /home/airflow/.local/lib/python3.7/site-packages/airflow/example_dags/example_trigger_controller_dag.py for tasks to queue
[2023-05-03T09:53:53.410+0000] {logging_mixin.py:149} INFO - [2023-05-03T09:53:53.410+0000] {dagbag.py:541} INFO - Filling up the DagBag from /home/airflow/.local/lib/python3.7/site-packages/airflow/example_dags/example_trigger_controller_dag.py
[2023-05-03T09:53:53.428+0000] {processor.py:809} INFO - DAG(s) dict_keys(['example_trigger_controller_dag']) retrieved from /home/airflow/.local/lib/python3.7/site-packages/airflow/example_dags/example_trigger_controller_dag.py
[2023-05-03T09:53:53.541+0000] {logging_mixin.py:149} INFO - [2023-05-03T09:53:53.541+0000] {dag.py:2726} INFO - Sync 1 DAGs
[2023-05-03T09:53:53.645+0000] {logging_mixin.py:149} INFO - [2023-05-03T09:53:53.644+0000] {dag.py:3490} INFO - Setting next_dagrun for example_trigger_controller_dag to 2021-01-01T00:00:00+00:00, run_after=2021-01-01T00:00:00+00:00
[2023-05-03T09:53:53.714+0000] {processor.py:178} INFO - Processing /home/airflow/.local/lib/python3.7/site-packages/airflow/example_dags/example_trigger_controller_dag.py took 0.325 seconds
[2023-05-03T09:54:56.764+0000] {processor.py:156} INFO - Started process (PID=3328) to work on /home/airflow/.local/lib/python3.7/site-packages/airflow/example_dags/example_trigger_controller_dag.py
[2023-05-03T09:54:56.770+0000] {processor.py:799} INFO - Processing file /home/airflow/.local/lib/python3.7/site-packages/airflow/example_dags/example_trigger_controller_dag.py for tasks to queue
[2023-05-03T09:54:56.777+0000] {logging_mixin.py:149} INFO - [2023-05-03T09:54:56.776+0000] {dagbag.py:541} INFO - Filling up the DagBag from /home/airflow/.local/lib/python3.7/site-packages/airflow/example_dags/example_trigger_controller_dag.py
[2023-05-03T09:54:56.795+0000] {processor.py:809} INFO - DAG(s) dict_keys(['example_trigger_controller_dag']) retrieved from /home/airflow/.local/lib/python3.7/site-packages/airflow/example_dags/example_trigger_controller_dag.py
[2023-05-03T09:54:56.962+0000] {logging_mixin.py:149} INFO - [2023-05-03T09:54:56.962+0000] {dag.py:2726} INFO - Sync 1 DAGs
[2023-05-03T09:54:57.862+0000] {logging_mixin.py:149} INFO - [2023-05-03T09:54:57.861+0000] {dag.py:3490} INFO - Setting next_dagrun for example_trigger_controller_dag to 2021-01-01T00:00:00+00:00, run_after=2021-01-01T00:00:00+00:00
[2023-05-03T09:54:58.029+0000] {processor.py:178} INFO - Processing /home/airflow/.local/lib/python3.7/site-packages/airflow/example_dags/example_trigger_controller_dag.py took 1.293 seconds
[2023-05-03T09:55:28.299+0000] {processor.py:156} INFO - Started process (PID=3564) to work on /home/airflow/.local/lib/python3.7/site-packages/airflow/example_dags/example_trigger_controller_dag.py
[2023-05-03T09:55:28.301+0000] {processor.py:799} INFO - Processing file /home/airflow/.local/lib/python3.7/site-packages/airflow/example_dags/example_trigger_controller_dag.py for tasks to queue
[2023-05-03T09:55:28.303+0000] {logging_mixin.py:149} INFO - [2023-05-03T09:55:28.302+0000] {dagbag.py:541} INFO - Filling up the DagBag from /home/airflow/.local/lib/python3.7/site-packages/airflow/example_dags/example_trigger_controller_dag.py
[2023-05-03T09:55:28.316+0000] {processor.py:809} INFO - DAG(s) dict_keys(['example_trigger_controller_dag']) retrieved from /home/airflow/.local/lib/python3.7/site-packages/airflow/example_dags/example_trigger_controller_dag.py
[2023-05-03T09:55:28.426+0000] {logging_mixin.py:149} INFO - [2023-05-03T09:55:28.426+0000] {dag.py:2726} INFO - Sync 1 DAGs
[2023-05-03T09:55:28.541+0000] {logging_mixin.py:149} INFO - [2023-05-03T09:55:28.541+0000] {dag.py:3490} INFO - Setting next_dagrun for example_trigger_controller_dag to 2021-01-01T00:00:00+00:00, run_after=2021-01-01T00:00:00+00:00
[2023-05-03T09:55:28.676+0000] {processor.py:178} INFO - Processing /home/airflow/.local/lib/python3.7/site-packages/airflow/example_dags/example_trigger_controller_dag.py took 0.381 seconds
[2023-05-03T09:56:03.372+0000] {processor.py:156} INFO - Started process (PID=3805) to work on /home/airflow/.local/lib/python3.7/site-packages/airflow/example_dags/example_trigger_controller_dag.py
[2023-05-03T09:56:03.395+0000] {processor.py:799} INFO - Processing file /home/airflow/.local/lib/python3.7/site-packages/airflow/example_dags/example_trigger_controller_dag.py for tasks to queue
[2023-05-03T09:56:03.398+0000] {logging_mixin.py:149} INFO - [2023-05-03T09:56:03.397+0000] {dagbag.py:541} INFO - Filling up the DagBag from /home/airflow/.local/lib/python3.7/site-packages/airflow/example_dags/example_trigger_controller_dag.py
[2023-05-03T09:56:03.405+0000] {processor.py:809} INFO - DAG(s) dict_keys(['example_trigger_controller_dag']) retrieved from /home/airflow/.local/lib/python3.7/site-packages/airflow/example_dags/example_trigger_controller_dag.py
[2023-05-03T09:56:03.497+0000] {logging_mixin.py:149} INFO - [2023-05-03T09:56:03.497+0000] {dag.py:2726} INFO - Sync 1 DAGs
[2023-05-03T09:56:03.958+0000] {logging_mixin.py:149} INFO - [2023-05-03T09:56:03.958+0000] {dag.py:3490} INFO - Setting next_dagrun for example_trigger_controller_dag to 2021-01-01T00:00:00+00:00, run_after=2021-01-01T00:00:00+00:00
[2023-05-03T09:56:04.091+0000] {processor.py:178} INFO - Processing /home/airflow/.local/lib/python3.7/site-packages/airflow/example_dags/example_trigger_controller_dag.py took 0.732 seconds
[2023-05-03T09:56:35.036+0000] {processor.py:156} INFO - Started process (PID=4040) to work on /home/airflow/.local/lib/python3.7/site-packages/airflow/example_dags/example_trigger_controller_dag.py
[2023-05-03T09:56:35.038+0000] {processor.py:799} INFO - Processing file /home/airflow/.local/lib/python3.7/site-packages/airflow/example_dags/example_trigger_controller_dag.py for tasks to queue
[2023-05-03T09:56:35.041+0000] {logging_mixin.py:149} INFO - [2023-05-03T09:56:35.040+0000] {dagbag.py:541} INFO - Filling up the DagBag from /home/airflow/.local/lib/python3.7/site-packages/airflow/example_dags/example_trigger_controller_dag.py
[2023-05-03T09:56:35.054+0000] {processor.py:809} INFO - DAG(s) dict_keys(['example_trigger_controller_dag']) retrieved from /home/airflow/.local/lib/python3.7/site-packages/airflow/example_dags/example_trigger_controller_dag.py
[2023-05-03T09:56:35.125+0000] {logging_mixin.py:149} INFO - [2023-05-03T09:56:35.125+0000] {dag.py:2726} INFO - Sync 1 DAGs
[2023-05-03T09:56:35.204+0000] {logging_mixin.py:149} INFO - [2023-05-03T09:56:35.203+0000] {dag.py:3490} INFO - Setting next_dagrun for example_trigger_controller_dag to 2021-01-01T00:00:00+00:00, run_after=2021-01-01T00:00:00+00:00
[2023-05-03T09:56:35.559+0000] {processor.py:178} INFO - Processing /home/airflow/.local/lib/python3.7/site-packages/airflow/example_dags/example_trigger_controller_dag.py took 0.527 seconds
[2023-05-03T09:57:06.850+0000] {processor.py:156} INFO - Started process (PID=4275) to work on /home/airflow/.local/lib/python3.7/site-packages/airflow/example_dags/example_trigger_controller_dag.py
[2023-05-03T09:57:06.852+0000] {processor.py:799} INFO - Processing file /home/airflow/.local/lib/python3.7/site-packages/airflow/example_dags/example_trigger_controller_dag.py for tasks to queue
[2023-05-03T09:57:06.854+0000] {logging_mixin.py:149} INFO - [2023-05-03T09:57:06.854+0000] {dagbag.py:541} INFO - Filling up the DagBag from /home/airflow/.local/lib/python3.7/site-packages/airflow/example_dags/example_trigger_controller_dag.py
[2023-05-03T09:57:06.865+0000] {processor.py:809} INFO - DAG(s) dict_keys(['example_trigger_controller_dag']) retrieved from /home/airflow/.local/lib/python3.7/site-packages/airflow/example_dags/example_trigger_controller_dag.py
[2023-05-03T09:57:06.928+0000] {logging_mixin.py:149} INFO - [2023-05-03T09:57:06.928+0000] {dag.py:2726} INFO - Sync 1 DAGs
[2023-05-03T09:57:07.005+0000] {logging_mixin.py:149} INFO - [2023-05-03T09:57:07.004+0000] {dag.py:3490} INFO - Setting next_dagrun for example_trigger_controller_dag to 2021-01-01T00:00:00+00:00, run_after=2021-01-01T00:00:00+00:00
[2023-05-03T09:57:07.049+0000] {processor.py:178} INFO - Processing /home/airflow/.local/lib/python3.7/site-packages/airflow/example_dags/example_trigger_controller_dag.py took 0.208 seconds
[2023-05-03T09:57:57.804+0000] {processor.py:156} INFO - Started process (PID=4551) to work on /home/airflow/.local/lib/python3.7/site-packages/airflow/example_dags/example_trigger_controller_dag.py
[2023-05-03T09:57:57.806+0000] {processor.py:799} INFO - Processing file /home/airflow/.local/lib/python3.7/site-packages/airflow/example_dags/example_trigger_controller_dag.py for tasks to queue
[2023-05-03T09:57:57.817+0000] {logging_mixin.py:149} INFO - [2023-05-03T09:57:57.817+0000] {dagbag.py:541} INFO - Filling up the DagBag from /home/airflow/.local/lib/python3.7/site-packages/airflow/example_dags/example_trigger_controller_dag.py
[2023-05-03T09:57:57.840+0000] {processor.py:809} INFO - DAG(s) dict_keys(['example_trigger_controller_dag']) retrieved from /home/airflow/.local/lib/python3.7/site-packages/airflow/example_dags/example_trigger_controller_dag.py
[2023-05-03T09:57:57.945+0000] {logging_mixin.py:149} INFO - [2023-05-03T09:57:57.945+0000] {dag.py:2726} INFO - Sync 1 DAGs
[2023-05-03T09:57:58.292+0000] {logging_mixin.py:149} INFO - [2023-05-03T09:57:58.291+0000] {dag.py:3490} INFO - Setting next_dagrun for example_trigger_controller_dag to 2021-01-01T00:00:00+00:00, run_after=2021-01-01T00:00:00+00:00
[2023-05-03T09:57:58.336+0000] {processor.py:178} INFO - Processing /home/airflow/.local/lib/python3.7/site-packages/airflow/example_dags/example_trigger_controller_dag.py took 0.537 seconds
[2023-05-03T09:58:29.124+0000] {processor.py:156} INFO - Started process (PID=4789) to work on /home/airflow/.local/lib/python3.7/site-packages/airflow/example_dags/example_trigger_controller_dag.py
[2023-05-03T09:58:29.126+0000] {processor.py:799} INFO - Processing file /home/airflow/.local/lib/python3.7/site-packages/airflow/example_dags/example_trigger_controller_dag.py for tasks to queue
[2023-05-03T09:58:29.127+0000] {logging_mixin.py:149} INFO - [2023-05-03T09:58:29.127+0000] {dagbag.py:541} INFO - Filling up the DagBag from /home/airflow/.local/lib/python3.7/site-packages/airflow/example_dags/example_trigger_controller_dag.py
[2023-05-03T09:58:29.135+0000] {processor.py:809} INFO - DAG(s) dict_keys(['example_trigger_controller_dag']) retrieved from /home/airflow/.local/lib/python3.7/site-packages/airflow/example_dags/example_trigger_controller_dag.py
[2023-05-03T09:58:29.207+0000] {logging_mixin.py:149} INFO - [2023-05-03T09:58:29.207+0000] {dag.py:2726} INFO - Sync 1 DAGs
[2023-05-03T09:58:29.269+0000] {logging_mixin.py:149} INFO - [2023-05-03T09:58:29.269+0000] {dag.py:3490} INFO - Setting next_dagrun for example_trigger_controller_dag to 2021-01-01T00:00:00+00:00, run_after=2021-01-01T00:00:00+00:00
[2023-05-03T09:58:29.337+0000] {processor.py:178} INFO - Processing /home/airflow/.local/lib/python3.7/site-packages/airflow/example_dags/example_trigger_controller_dag.py took 0.220 seconds
[2023-05-03T09:58:59.429+0000] {processor.py:156} INFO - Started process (PID=5024) to work on /home/airflow/.local/lib/python3.7/site-packages/airflow/example_dags/example_trigger_controller_dag.py
[2023-05-03T09:58:59.431+0000] {processor.py:799} INFO - Processing file /home/airflow/.local/lib/python3.7/site-packages/airflow/example_dags/example_trigger_controller_dag.py for tasks to queue
[2023-05-03T09:58:59.432+0000] {logging_mixin.py:149} INFO - [2023-05-03T09:58:59.432+0000] {dagbag.py:541} INFO - Filling up the DagBag from /home/airflow/.local/lib/python3.7/site-packages/airflow/example_dags/example_trigger_controller_dag.py
[2023-05-03T09:58:59.440+0000] {processor.py:809} INFO - DAG(s) dict_keys(['example_trigger_controller_dag']) retrieved from /home/airflow/.local/lib/python3.7/site-packages/airflow/example_dags/example_trigger_controller_dag.py
[2023-05-03T09:58:59.518+0000] {logging_mixin.py:149} INFO - [2023-05-03T09:58:59.518+0000] {dag.py:2726} INFO - Sync 1 DAGs
[2023-05-03T09:58:59.825+0000] {logging_mixin.py:149} INFO - [2023-05-03T09:58:59.825+0000] {dag.py:3490} INFO - Setting next_dagrun for example_trigger_controller_dag to 2021-01-01T00:00:00+00:00, run_after=2021-01-01T00:00:00+00:00
[2023-05-03T09:58:59.873+0000] {processor.py:178} INFO - Processing /home/airflow/.local/lib/python3.7/site-packages/airflow/example_dags/example_trigger_controller_dag.py took 0.452 seconds
[2023-05-03T09:59:30.726+0000] {processor.py:156} INFO - Started process (PID=5260) to work on /home/airflow/.local/lib/python3.7/site-packages/airflow/example_dags/example_trigger_controller_dag.py
[2023-05-03T09:59:30.729+0000] {processor.py:799} INFO - Processing file /home/airflow/.local/lib/python3.7/site-packages/airflow/example_dags/example_trigger_controller_dag.py for tasks to queue
[2023-05-03T09:59:30.735+0000] {logging_mixin.py:149} INFO - [2023-05-03T09:59:30.734+0000] {dagbag.py:541} INFO - Filling up the DagBag from /home/airflow/.local/lib/python3.7/site-packages/airflow/example_dags/example_trigger_controller_dag.py
[2023-05-03T09:59:30.744+0000] {processor.py:809} INFO - DAG(s) dict_keys(['example_trigger_controller_dag']) retrieved from /home/airflow/.local/lib/python3.7/site-packages/airflow/example_dags/example_trigger_controller_dag.py
[2023-05-03T09:59:30.807+0000] {logging_mixin.py:149} INFO - [2023-05-03T09:59:30.807+0000] {dag.py:2726} INFO - Sync 1 DAGs
[2023-05-03T09:59:30.866+0000] {logging_mixin.py:149} INFO - [2023-05-03T09:59:30.866+0000] {dag.py:3490} INFO - Setting next_dagrun for example_trigger_controller_dag to 2021-01-01T00:00:00+00:00, run_after=2021-01-01T00:00:00+00:00
[2023-05-03T09:59:30.952+0000] {processor.py:178} INFO - Processing /home/airflow/.local/lib/python3.7/site-packages/airflow/example_dags/example_trigger_controller_dag.py took 0.231 seconds
[2023-05-03T10:00:01.818+0000] {processor.py:156} INFO - Started process (PID=5496) to work on /home/airflow/.local/lib/python3.7/site-packages/airflow/example_dags/example_trigger_controller_dag.py
[2023-05-03T10:00:01.826+0000] {processor.py:799} INFO - Processing file /home/airflow/.local/lib/python3.7/site-packages/airflow/example_dags/example_trigger_controller_dag.py for tasks to queue
[2023-05-03T10:00:01.828+0000] {logging_mixin.py:149} INFO - [2023-05-03T10:00:01.828+0000] {dagbag.py:541} INFO - Filling up the DagBag from /home/airflow/.local/lib/python3.7/site-packages/airflow/example_dags/example_trigger_controller_dag.py
[2023-05-03T10:00:01.834+0000] {processor.py:809} INFO - DAG(s) dict_keys(['example_trigger_controller_dag']) retrieved from /home/airflow/.local/lib/python3.7/site-packages/airflow/example_dags/example_trigger_controller_dag.py
[2023-05-03T10:00:01.890+0000] {logging_mixin.py:149} INFO - [2023-05-03T10:00:01.889+0000] {dag.py:2726} INFO - Sync 1 DAGs
[2023-05-03T10:00:01.963+0000] {logging_mixin.py:149} INFO - [2023-05-03T10:00:01.963+0000] {dag.py:3490} INFO - Setting next_dagrun for example_trigger_controller_dag to 2021-01-01T00:00:00+00:00, run_after=2021-01-01T00:00:00+00:00
[2023-05-03T10:00:02.016+0000] {processor.py:178} INFO - Processing /home/airflow/.local/lib/python3.7/site-packages/airflow/example_dags/example_trigger_controller_dag.py took 0.204 seconds
[2023-05-03T10:00:33.117+0000] {processor.py:156} INFO - Started process (PID=5732) to work on /home/airflow/.local/lib/python3.7/site-packages/airflow/example_dags/example_trigger_controller_dag.py
[2023-05-03T10:00:33.120+0000] {processor.py:799} INFO - Processing file /home/airflow/.local/lib/python3.7/site-packages/airflow/example_dags/example_trigger_controller_dag.py for tasks to queue
[2023-05-03T10:00:33.123+0000] {logging_mixin.py:149} INFO - [2023-05-03T10:00:33.122+0000] {dagbag.py:541} INFO - Filling up the DagBag from /home/airflow/.local/lib/python3.7/site-packages/airflow/example_dags/example_trigger_controller_dag.py
[2023-05-03T10:00:33.131+0000] {processor.py:809} INFO - DAG(s) dict_keys(['example_trigger_controller_dag']) retrieved from /home/airflow/.local/lib/python3.7/site-packages/airflow/example_dags/example_trigger_controller_dag.py
[2023-05-03T10:00:33.189+0000] {logging_mixin.py:149} INFO - [2023-05-03T10:00:33.188+0000] {dag.py:2726} INFO - Sync 1 DAGs
[2023-05-03T10:00:33.262+0000] {logging_mixin.py:149} INFO - [2023-05-03T10:00:33.262+0000] {dag.py:3490} INFO - Setting next_dagrun for example_trigger_controller_dag to 2021-01-01T00:00:00+00:00, run_after=2021-01-01T00:00:00+00:00
[2023-05-03T10:00:33.311+0000] {processor.py:178} INFO - Processing /home/airflow/.local/lib/python3.7/site-packages/airflow/example_dags/example_trigger_controller_dag.py took 0.199 seconds
[2023-05-03T10:01:04.299+0000] {processor.py:156} INFO - Started process (PID=5968) to work on /home/airflow/.local/lib/python3.7/site-packages/airflow/example_dags/example_trigger_controller_dag.py
[2023-05-03T10:01:04.301+0000] {processor.py:799} INFO - Processing file /home/airflow/.local/lib/python3.7/site-packages/airflow/example_dags/example_trigger_controller_dag.py for tasks to queue
[2023-05-03T10:01:04.302+0000] {logging_mixin.py:149} INFO - [2023-05-03T10:01:04.302+0000] {dagbag.py:541} INFO - Filling up the DagBag from /home/airflow/.local/lib/python3.7/site-packages/airflow/example_dags/example_trigger_controller_dag.py
[2023-05-03T10:01:04.312+0000] {processor.py:809} INFO - DAG(s) dict_keys(['example_trigger_controller_dag']) retrieved from /home/airflow/.local/lib/python3.7/site-packages/airflow/example_dags/example_trigger_controller_dag.py
[2023-05-03T10:01:04.383+0000] {logging_mixin.py:149} INFO - [2023-05-03T10:01:04.382+0000] {dag.py:2726} INFO - Sync 1 DAGs
[2023-05-03T10:01:04.449+0000] {logging_mixin.py:149} INFO - [2023-05-03T10:01:04.448+0000] {dag.py:3490} INFO - Setting next_dagrun for example_trigger_controller_dag to 2021-01-01T00:00:00+00:00, run_after=2021-01-01T00:00:00+00:00
[2023-05-03T10:01:04.540+0000] {processor.py:178} INFO - Processing /home/airflow/.local/lib/python3.7/site-packages/airflow/example_dags/example_trigger_controller_dag.py took 0.245 seconds
[2023-05-03T10:01:34.823+0000] {processor.py:156} INFO - Started process (PID=6204) to work on /home/airflow/.local/lib/python3.7/site-packages/airflow/example_dags/example_trigger_controller_dag.py
[2023-05-03T10:01:34.824+0000] {processor.py:799} INFO - Processing file /home/airflow/.local/lib/python3.7/site-packages/airflow/example_dags/example_trigger_controller_dag.py for tasks to queue
[2023-05-03T10:01:34.828+0000] {logging_mixin.py:149} INFO - [2023-05-03T10:01:34.827+0000] {dagbag.py:541} INFO - Filling up the DagBag from /home/airflow/.local/lib/python3.7/site-packages/airflow/example_dags/example_trigger_controller_dag.py
[2023-05-03T10:01:34.839+0000] {processor.py:809} INFO - DAG(s) dict_keys(['example_trigger_controller_dag']) retrieved from /home/airflow/.local/lib/python3.7/site-packages/airflow/example_dags/example_trigger_controller_dag.py
[2023-05-03T10:01:34.905+0000] {logging_mixin.py:149} INFO - [2023-05-03T10:01:34.905+0000] {dag.py:2726} INFO - Sync 1 DAGs
[2023-05-03T10:01:34.972+0000] {logging_mixin.py:149} INFO - [2023-05-03T10:01:34.972+0000] {dag.py:3490} INFO - Setting next_dagrun for example_trigger_controller_dag to 2021-01-01T00:00:00+00:00, run_after=2021-01-01T00:00:00+00:00
[2023-05-03T10:01:35.020+0000] {processor.py:178} INFO - Processing /home/airflow/.local/lib/python3.7/site-packages/airflow/example_dags/example_trigger_controller_dag.py took 0.202 seconds
[2023-05-03T10:46:05.782+0000] {processor.py:156} INFO - Started process (PID=6525) to work on /home/airflow/.local/lib/python3.7/site-packages/airflow/example_dags/example_trigger_controller_dag.py
[2023-05-03T10:46:05.794+0000] {processor.py:799} INFO - Processing file /home/airflow/.local/lib/python3.7/site-packages/airflow/example_dags/example_trigger_controller_dag.py for tasks to queue
[2023-05-03T10:46:05.807+0000] {logging_mixin.py:149} INFO - [2023-05-03T10:46:05.801+0000] {dagbag.py:541} INFO - Filling up the DagBag from /home/airflow/.local/lib/python3.7/site-packages/airflow/example_dags/example_trigger_controller_dag.py
[2023-05-03T10:46:05.857+0000] {processor.py:809} INFO - DAG(s) dict_keys(['example_trigger_controller_dag']) retrieved from /home/airflow/.local/lib/python3.7/site-packages/airflow/example_dags/example_trigger_controller_dag.py
[2023-05-03T10:46:06.054+0000] {logging_mixin.py:149} INFO - [2023-05-03T10:46:06.053+0000] {dag.py:2726} INFO - Sync 1 DAGs
[2023-05-03T10:46:06.233+0000] {logging_mixin.py:149} INFO - [2023-05-03T10:46:06.231+0000] {dag.py:3490} INFO - Setting next_dagrun for example_trigger_controller_dag to 2021-01-01T00:00:00+00:00, run_after=2021-01-01T00:00:00+00:00
[2023-05-03T10:46:06.394+0000] {processor.py:178} INFO - Processing /home/airflow/.local/lib/python3.7/site-packages/airflow/example_dags/example_trigger_controller_dag.py took 0.641 seconds
[2023-05-03T10:47:51.258+0000] {processor.py:156} INFO - Started process (PID=6883) to work on /home/airflow/.local/lib/python3.7/site-packages/airflow/example_dags/example_trigger_controller_dag.py
[2023-05-03T10:47:51.260+0000] {processor.py:799} INFO - Processing file /home/airflow/.local/lib/python3.7/site-packages/airflow/example_dags/example_trigger_controller_dag.py for tasks to queue
[2023-05-03T10:47:51.263+0000] {logging_mixin.py:149} INFO - [2023-05-03T10:47:51.262+0000] {dagbag.py:541} INFO - Filling up the DagBag from /home/airflow/.local/lib/python3.7/site-packages/airflow/example_dags/example_trigger_controller_dag.py
[2023-05-03T10:47:51.277+0000] {processor.py:809} INFO - DAG(s) dict_keys(['example_trigger_controller_dag']) retrieved from /home/airflow/.local/lib/python3.7/site-packages/airflow/example_dags/example_trigger_controller_dag.py
[2023-05-03T10:47:51.362+0000] {logging_mixin.py:149} INFO - [2023-05-03T10:47:51.362+0000] {dag.py:2726} INFO - Sync 1 DAGs
[2023-05-03T10:47:51.450+0000] {logging_mixin.py:149} INFO - [2023-05-03T10:47:51.449+0000] {dag.py:3490} INFO - Setting next_dagrun for example_trigger_controller_dag to 2021-01-01T00:00:00+00:00, run_after=2021-01-01T00:00:00+00:00
[2023-05-03T10:47:51.513+0000] {processor.py:178} INFO - Processing /home/airflow/.local/lib/python3.7/site-packages/airflow/example_dags/example_trigger_controller_dag.py took 0.260 seconds
[2023-05-03T10:48:22.033+0000] {processor.py:156} INFO - Started process (PID=7117) to work on /home/airflow/.local/lib/python3.7/site-packages/airflow/example_dags/example_trigger_controller_dag.py
[2023-05-03T10:48:22.053+0000] {processor.py:799} INFO - Processing file /home/airflow/.local/lib/python3.7/site-packages/airflow/example_dags/example_trigger_controller_dag.py for tasks to queue
[2023-05-03T10:48:22.066+0000] {logging_mixin.py:149} INFO - [2023-05-03T10:48:22.066+0000] {dagbag.py:541} INFO - Filling up the DagBag from /home/airflow/.local/lib/python3.7/site-packages/airflow/example_dags/example_trigger_controller_dag.py
[2023-05-03T10:48:22.089+0000] {processor.py:809} INFO - DAG(s) dict_keys(['example_trigger_controller_dag']) retrieved from /home/airflow/.local/lib/python3.7/site-packages/airflow/example_dags/example_trigger_controller_dag.py
[2023-05-03T10:48:22.216+0000] {logging_mixin.py:149} INFO - [2023-05-03T10:48:22.216+0000] {dag.py:2726} INFO - Sync 1 DAGs
[2023-05-03T10:48:22.343+0000] {logging_mixin.py:149} INFO - [2023-05-03T10:48:22.343+0000] {dag.py:3490} INFO - Setting next_dagrun for example_trigger_controller_dag to 2021-01-01T00:00:00+00:00, run_after=2021-01-01T00:00:00+00:00
[2023-05-03T10:48:22.479+0000] {processor.py:178} INFO - Processing /home/airflow/.local/lib/python3.7/site-packages/airflow/example_dags/example_trigger_controller_dag.py took 0.458 seconds
[2023-05-03T10:48:52.636+0000] {processor.py:156} INFO - Started process (PID=7355) to work on /home/airflow/.local/lib/python3.7/site-packages/airflow/example_dags/example_trigger_controller_dag.py
[2023-05-03T10:48:52.657+0000] {processor.py:799} INFO - Processing file /home/airflow/.local/lib/python3.7/site-packages/airflow/example_dags/example_trigger_controller_dag.py for tasks to queue
[2023-05-03T10:48:52.660+0000] {logging_mixin.py:149} INFO - [2023-05-03T10:48:52.659+0000] {dagbag.py:541} INFO - Filling up the DagBag from /home/airflow/.local/lib/python3.7/site-packages/airflow/example_dags/example_trigger_controller_dag.py
[2023-05-03T10:48:52.678+0000] {processor.py:809} INFO - DAG(s) dict_keys(['example_trigger_controller_dag']) retrieved from /home/airflow/.local/lib/python3.7/site-packages/airflow/example_dags/example_trigger_controller_dag.py
[2023-05-03T10:48:52.795+0000] {logging_mixin.py:149} INFO - [2023-05-03T10:48:52.794+0000] {dag.py:2726} INFO - Sync 1 DAGs
[2023-05-03T10:48:52.907+0000] {logging_mixin.py:149} INFO - [2023-05-03T10:48:52.907+0000] {dag.py:3490} INFO - Setting next_dagrun for example_trigger_controller_dag to 2021-01-01T00:00:00+00:00, run_after=2021-01-01T00:00:00+00:00
[2023-05-03T10:48:52.997+0000] {processor.py:178} INFO - Processing /home/airflow/.local/lib/python3.7/site-packages/airflow/example_dags/example_trigger_controller_dag.py took 0.365 seconds
[2023-05-03T10:49:25.638+0000] {processor.py:156} INFO - Started process (PID=7591) to work on /home/airflow/.local/lib/python3.7/site-packages/airflow/example_dags/example_trigger_controller_dag.py
[2023-05-03T10:49:25.665+0000] {processor.py:799} INFO - Processing file /home/airflow/.local/lib/python3.7/site-packages/airflow/example_dags/example_trigger_controller_dag.py for tasks to queue
[2023-05-03T10:49:25.668+0000] {logging_mixin.py:149} INFO - [2023-05-03T10:49:25.668+0000] {dagbag.py:541} INFO - Filling up the DagBag from /home/airflow/.local/lib/python3.7/site-packages/airflow/example_dags/example_trigger_controller_dag.py
[2023-05-03T10:49:25.706+0000] {processor.py:809} INFO - DAG(s) dict_keys(['example_trigger_controller_dag']) retrieved from /home/airflow/.local/lib/python3.7/site-packages/airflow/example_dags/example_trigger_controller_dag.py
[2023-05-03T10:49:25.810+0000] {logging_mixin.py:149} INFO - [2023-05-03T10:49:25.810+0000] {dag.py:2726} INFO - Sync 1 DAGs
[2023-05-03T10:49:25.893+0000] {logging_mixin.py:149} INFO - [2023-05-03T10:49:25.892+0000] {dag.py:3490} INFO - Setting next_dagrun for example_trigger_controller_dag to 2021-01-01T00:00:00+00:00, run_after=2021-01-01T00:00:00+00:00
[2023-05-03T10:49:25.983+0000] {processor.py:178} INFO - Processing /home/airflow/.local/lib/python3.7/site-packages/airflow/example_dags/example_trigger_controller_dag.py took 0.355 seconds
[2023-05-03T10:50:02.037+0000] {processor.py:156} INFO - Started process (PID=7827) to work on /home/airflow/.local/lib/python3.7/site-packages/airflow/example_dags/example_trigger_controller_dag.py
[2023-05-03T10:50:02.039+0000] {processor.py:799} INFO - Processing file /home/airflow/.local/lib/python3.7/site-packages/airflow/example_dags/example_trigger_controller_dag.py for tasks to queue
[2023-05-03T10:50:02.052+0000] {logging_mixin.py:149} INFO - [2023-05-03T10:50:02.051+0000] {dagbag.py:541} INFO - Filling up the DagBag from /home/airflow/.local/lib/python3.7/site-packages/airflow/example_dags/example_trigger_controller_dag.py
[2023-05-03T10:50:02.070+0000] {processor.py:809} INFO - DAG(s) dict_keys(['example_trigger_controller_dag']) retrieved from /home/airflow/.local/lib/python3.7/site-packages/airflow/example_dags/example_trigger_controller_dag.py
[2023-05-03T10:50:02.178+0000] {logging_mixin.py:149} INFO - [2023-05-03T10:50:02.177+0000] {dag.py:2726} INFO - Sync 1 DAGs
[2023-05-03T10:50:02.262+0000] {logging_mixin.py:149} INFO - [2023-05-03T10:50:02.262+0000] {dag.py:3490} INFO - Setting next_dagrun for example_trigger_controller_dag to 2021-01-01T00:00:00+00:00, run_after=2021-01-01T00:00:00+00:00
[2023-05-03T10:50:02.331+0000] {processor.py:178} INFO - Processing /home/airflow/.local/lib/python3.7/site-packages/airflow/example_dags/example_trigger_controller_dag.py took 0.309 seconds
[2023-05-03T10:50:34.972+0000] {processor.py:156} INFO - Started process (PID=8062) to work on /home/airflow/.local/lib/python3.7/site-packages/airflow/example_dags/example_trigger_controller_dag.py
[2023-05-03T10:50:34.978+0000] {processor.py:799} INFO - Processing file /home/airflow/.local/lib/python3.7/site-packages/airflow/example_dags/example_trigger_controller_dag.py for tasks to queue
[2023-05-03T10:50:34.986+0000] {logging_mixin.py:149} INFO - [2023-05-03T10:50:34.985+0000] {dagbag.py:541} INFO - Filling up the DagBag from /home/airflow/.local/lib/python3.7/site-packages/airflow/example_dags/example_trigger_controller_dag.py
[2023-05-03T10:50:34.994+0000] {processor.py:809} INFO - DAG(s) dict_keys(['example_trigger_controller_dag']) retrieved from /home/airflow/.local/lib/python3.7/site-packages/airflow/example_dags/example_trigger_controller_dag.py
[2023-05-03T10:50:35.071+0000] {logging_mixin.py:149} INFO - [2023-05-03T10:50:35.070+0000] {dag.py:2726} INFO - Sync 1 DAGs
[2023-05-03T10:50:35.195+0000] {logging_mixin.py:149} INFO - [2023-05-03T10:50:35.195+0000] {dag.py:3490} INFO - Setting next_dagrun for example_trigger_controller_dag to 2021-01-01T00:00:00+00:00, run_after=2021-01-01T00:00:00+00:00
[2023-05-03T10:50:35.336+0000] {processor.py:178} INFO - Processing /home/airflow/.local/lib/python3.7/site-packages/airflow/example_dags/example_trigger_controller_dag.py took 0.368 seconds
[2023-05-03T10:51:06.140+0000] {processor.py:156} INFO - Started process (PID=8297) to work on /home/airflow/.local/lib/python3.7/site-packages/airflow/example_dags/example_trigger_controller_dag.py
[2023-05-03T10:51:06.153+0000] {processor.py:799} INFO - Processing file /home/airflow/.local/lib/python3.7/site-packages/airflow/example_dags/example_trigger_controller_dag.py for tasks to queue
[2023-05-03T10:51:06.159+0000] {logging_mixin.py:149} INFO - [2023-05-03T10:51:06.159+0000] {dagbag.py:541} INFO - Filling up the DagBag from /home/airflow/.local/lib/python3.7/site-packages/airflow/example_dags/example_trigger_controller_dag.py
[2023-05-03T10:51:06.178+0000] {processor.py:809} INFO - DAG(s) dict_keys(['example_trigger_controller_dag']) retrieved from /home/airflow/.local/lib/python3.7/site-packages/airflow/example_dags/example_trigger_controller_dag.py
[2023-05-03T10:51:06.286+0000] {logging_mixin.py:149} INFO - [2023-05-03T10:51:06.286+0000] {dag.py:2726} INFO - Sync 1 DAGs
[2023-05-03T10:51:06.391+0000] {logging_mixin.py:149} INFO - [2023-05-03T10:51:06.390+0000] {dag.py:3490} INFO - Setting next_dagrun for example_trigger_controller_dag to 2021-01-01T00:00:00+00:00, run_after=2021-01-01T00:00:00+00:00
[2023-05-03T10:51:06.514+0000] {processor.py:178} INFO - Processing /home/airflow/.local/lib/python3.7/site-packages/airflow/example_dags/example_trigger_controller_dag.py took 0.379 seconds
[2023-05-03T10:51:37.047+0000] {processor.py:156} INFO - Started process (PID=8530) to work on /home/airflow/.local/lib/python3.7/site-packages/airflow/example_dags/example_trigger_controller_dag.py
[2023-05-03T10:51:37.049+0000] {processor.py:799} INFO - Processing file /home/airflow/.local/lib/python3.7/site-packages/airflow/example_dags/example_trigger_controller_dag.py for tasks to queue
[2023-05-03T10:51:37.051+0000] {logging_mixin.py:149} INFO - [2023-05-03T10:51:37.051+0000] {dagbag.py:541} INFO - Filling up the DagBag from /home/airflow/.local/lib/python3.7/site-packages/airflow/example_dags/example_trigger_controller_dag.py
[2023-05-03T10:51:37.058+0000] {processor.py:809} INFO - DAG(s) dict_keys(['example_trigger_controller_dag']) retrieved from /home/airflow/.local/lib/python3.7/site-packages/airflow/example_dags/example_trigger_controller_dag.py
[2023-05-03T10:51:37.102+0000] {logging_mixin.py:149} INFO - [2023-05-03T10:51:37.101+0000] {dag.py:2726} INFO - Sync 1 DAGs
[2023-05-03T10:51:37.143+0000] {logging_mixin.py:149} INFO - [2023-05-03T10:51:37.142+0000] {dag.py:3490} INFO - Setting next_dagrun for example_trigger_controller_dag to 2021-01-01T00:00:00+00:00, run_after=2021-01-01T00:00:00+00:00
[2023-05-03T10:51:37.181+0000] {processor.py:178} INFO - Processing /home/airflow/.local/lib/python3.7/site-packages/airflow/example_dags/example_trigger_controller_dag.py took 0.138 seconds
[2023-05-03T10:52:08.720+0000] {processor.py:156} INFO - Started process (PID=8764) to work on /home/airflow/.local/lib/python3.7/site-packages/airflow/example_dags/example_trigger_controller_dag.py
[2023-05-03T10:52:08.722+0000] {processor.py:799} INFO - Processing file /home/airflow/.local/lib/python3.7/site-packages/airflow/example_dags/example_trigger_controller_dag.py for tasks to queue
[2023-05-03T10:52:08.724+0000] {logging_mixin.py:149} INFO - [2023-05-03T10:52:08.724+0000] {dagbag.py:541} INFO - Filling up the DagBag from /home/airflow/.local/lib/python3.7/site-packages/airflow/example_dags/example_trigger_controller_dag.py
[2023-05-03T10:52:08.737+0000] {processor.py:809} INFO - DAG(s) dict_keys(['example_trigger_controller_dag']) retrieved from /home/airflow/.local/lib/python3.7/site-packages/airflow/example_dags/example_trigger_controller_dag.py
[2023-05-03T10:52:08.823+0000] {logging_mixin.py:149} INFO - [2023-05-03T10:52:08.823+0000] {dag.py:2726} INFO - Sync 1 DAGs
[2023-05-03T10:52:08.920+0000] {logging_mixin.py:149} INFO - [2023-05-03T10:52:08.920+0000] {dag.py:3490} INFO - Setting next_dagrun for example_trigger_controller_dag to 2021-01-01T00:00:00+00:00, run_after=2021-01-01T00:00:00+00:00
[2023-05-03T10:52:09.003+0000] {processor.py:178} INFO - Processing /home/airflow/.local/lib/python3.7/site-packages/airflow/example_dags/example_trigger_controller_dag.py took 0.294 seconds
[2023-05-03T10:52:39.318+0000] {processor.py:156} INFO - Started process (PID=8994) to work on /home/airflow/.local/lib/python3.7/site-packages/airflow/example_dags/example_trigger_controller_dag.py
[2023-05-03T10:52:39.327+0000] {processor.py:799} INFO - Processing file /home/airflow/.local/lib/python3.7/site-packages/airflow/example_dags/example_trigger_controller_dag.py for tasks to queue
[2023-05-03T10:52:39.331+0000] {logging_mixin.py:149} INFO - [2023-05-03T10:52:39.331+0000] {dagbag.py:541} INFO - Filling up the DagBag from /home/airflow/.local/lib/python3.7/site-packages/airflow/example_dags/example_trigger_controller_dag.py
[2023-05-03T10:52:39.343+0000] {processor.py:809} INFO - DAG(s) dict_keys(['example_trigger_controller_dag']) retrieved from /home/airflow/.local/lib/python3.7/site-packages/airflow/example_dags/example_trigger_controller_dag.py
[2023-05-03T10:52:39.431+0000] {logging_mixin.py:149} INFO - [2023-05-03T10:52:39.431+0000] {dag.py:2726} INFO - Sync 1 DAGs
[2023-05-03T10:52:39.530+0000] {logging_mixin.py:149} INFO - [2023-05-03T10:52:39.530+0000] {dag.py:3490} INFO - Setting next_dagrun for example_trigger_controller_dag to 2021-01-01T00:00:00+00:00, run_after=2021-01-01T00:00:00+00:00
[2023-05-03T10:52:39.612+0000] {processor.py:178} INFO - Processing /home/airflow/.local/lib/python3.7/site-packages/airflow/example_dags/example_trigger_controller_dag.py took 0.298 seconds
[2023-05-03T10:53:11.608+0000] {processor.py:156} INFO - Started process (PID=9222) to work on /home/airflow/.local/lib/python3.7/site-packages/airflow/example_dags/example_trigger_controller_dag.py
[2023-05-03T10:53:11.621+0000] {processor.py:799} INFO - Processing file /home/airflow/.local/lib/python3.7/site-packages/airflow/example_dags/example_trigger_controller_dag.py for tasks to queue
[2023-05-03T10:53:11.638+0000] {logging_mixin.py:149} INFO - [2023-05-03T10:53:11.637+0000] {dagbag.py:541} INFO - Filling up the DagBag from /home/airflow/.local/lib/python3.7/site-packages/airflow/example_dags/example_trigger_controller_dag.py
[2023-05-03T10:53:11.680+0000] {processor.py:809} INFO - DAG(s) dict_keys(['example_trigger_controller_dag']) retrieved from /home/airflow/.local/lib/python3.7/site-packages/airflow/example_dags/example_trigger_controller_dag.py
[2023-05-03T10:53:11.913+0000] {logging_mixin.py:149} INFO - [2023-05-03T10:53:11.913+0000] {dag.py:2726} INFO - Sync 1 DAGs
[2023-05-03T10:53:12.055+0000] {logging_mixin.py:149} INFO - [2023-05-03T10:53:12.055+0000] {dag.py:3490} INFO - Setting next_dagrun for example_trigger_controller_dag to 2021-01-01T00:00:00+00:00, run_after=2021-01-01T00:00:00+00:00
[2023-05-03T10:53:12.145+0000] {processor.py:178} INFO - Processing /home/airflow/.local/lib/python3.7/site-packages/airflow/example_dags/example_trigger_controller_dag.py took 0.495 seconds
[2023-05-03T10:53:43.619+0000] {processor.py:156} INFO - Started process (PID=9458) to work on /home/airflow/.local/lib/python3.7/site-packages/airflow/example_dags/example_trigger_controller_dag.py
[2023-05-03T10:53:43.627+0000] {processor.py:799} INFO - Processing file /home/airflow/.local/lib/python3.7/site-packages/airflow/example_dags/example_trigger_controller_dag.py for tasks to queue
[2023-05-03T10:53:43.632+0000] {logging_mixin.py:149} INFO - [2023-05-03T10:53:43.630+0000] {dagbag.py:541} INFO - Filling up the DagBag from /home/airflow/.local/lib/python3.7/site-packages/airflow/example_dags/example_trigger_controller_dag.py
[2023-05-03T10:53:43.649+0000] {processor.py:809} INFO - DAG(s) dict_keys(['example_trigger_controller_dag']) retrieved from /home/airflow/.local/lib/python3.7/site-packages/airflow/example_dags/example_trigger_controller_dag.py
[2023-05-03T10:53:43.734+0000] {logging_mixin.py:149} INFO - [2023-05-03T10:53:43.734+0000] {dag.py:2726} INFO - Sync 1 DAGs
[2023-05-03T10:53:43.827+0000] {logging_mixin.py:149} INFO - [2023-05-03T10:53:43.827+0000] {dag.py:3490} INFO - Setting next_dagrun for example_trigger_controller_dag to 2021-01-01T00:00:00+00:00, run_after=2021-01-01T00:00:00+00:00
[2023-05-03T10:53:43.890+0000] {processor.py:178} INFO - Processing /home/airflow/.local/lib/python3.7/site-packages/airflow/example_dags/example_trigger_controller_dag.py took 0.277 seconds
[2023-05-03T10:54:14.130+0000] {processor.py:156} INFO - Started process (PID=9694) to work on /home/airflow/.local/lib/python3.7/site-packages/airflow/example_dags/example_trigger_controller_dag.py
[2023-05-03T10:54:14.134+0000] {processor.py:799} INFO - Processing file /home/airflow/.local/lib/python3.7/site-packages/airflow/example_dags/example_trigger_controller_dag.py for tasks to queue
[2023-05-03T10:54:14.141+0000] {logging_mixin.py:149} INFO - [2023-05-03T10:54:14.141+0000] {dagbag.py:541} INFO - Filling up the DagBag from /home/airflow/.local/lib/python3.7/site-packages/airflow/example_dags/example_trigger_controller_dag.py
[2023-05-03T10:54:14.157+0000] {processor.py:809} INFO - DAG(s) dict_keys(['example_trigger_controller_dag']) retrieved from /home/airflow/.local/lib/python3.7/site-packages/airflow/example_dags/example_trigger_controller_dag.py
[2023-05-03T10:54:14.232+0000] {logging_mixin.py:149} INFO - [2023-05-03T10:54:14.231+0000] {dag.py:2726} INFO - Sync 1 DAGs
[2023-05-03T10:54:14.308+0000] {logging_mixin.py:149} INFO - [2023-05-03T10:54:14.308+0000] {dag.py:3490} INFO - Setting next_dagrun for example_trigger_controller_dag to 2021-01-01T00:00:00+00:00, run_after=2021-01-01T00:00:00+00:00
[2023-05-03T10:54:14.412+0000] {processor.py:178} INFO - Processing /home/airflow/.local/lib/python3.7/site-packages/airflow/example_dags/example_trigger_controller_dag.py took 0.289 seconds
[2023-05-03T10:54:54.719+0000] {processor.py:156} INFO - Started process (PID=9931) to work on /home/airflow/.local/lib/python3.7/site-packages/airflow/example_dags/example_trigger_controller_dag.py
[2023-05-03T10:54:54.729+0000] {processor.py:799} INFO - Processing file /home/airflow/.local/lib/python3.7/site-packages/airflow/example_dags/example_trigger_controller_dag.py for tasks to queue
[2023-05-03T10:54:54.731+0000] {logging_mixin.py:149} INFO - [2023-05-03T10:54:54.731+0000] {dagbag.py:541} INFO - Filling up the DagBag from /home/airflow/.local/lib/python3.7/site-packages/airflow/example_dags/example_trigger_controller_dag.py
[2023-05-03T10:54:54.739+0000] {processor.py:809} INFO - DAG(s) dict_keys(['example_trigger_controller_dag']) retrieved from /home/airflow/.local/lib/python3.7/site-packages/airflow/example_dags/example_trigger_controller_dag.py
[2023-05-03T10:54:54.821+0000] {logging_mixin.py:149} INFO - [2023-05-03T10:54:54.821+0000] {dag.py:2726} INFO - Sync 1 DAGs
[2023-05-03T10:54:54.909+0000] {logging_mixin.py:149} INFO - [2023-05-03T10:54:54.909+0000] {dag.py:3490} INFO - Setting next_dagrun for example_trigger_controller_dag to 2021-01-01T00:00:00+00:00, run_after=2021-01-01T00:00:00+00:00
[2023-05-03T10:54:54.991+0000] {processor.py:178} INFO - Processing /home/airflow/.local/lib/python3.7/site-packages/airflow/example_dags/example_trigger_controller_dag.py took 0.278 seconds
