[2023-05-03T09:31:17.034+0000] {processor.py:156} INFO - Started process (PID=224) to work on /home/airflow/.local/lib/python3.7/site-packages/airflow/example_dags/example_branch_python_dop_operator_3.py
[2023-05-03T09:31:17.041+0000] {processor.py:799} INFO - Processing file /home/airflow/.local/lib/python3.7/site-packages/airflow/example_dags/example_branch_python_dop_operator_3.py for tasks to queue
[2023-05-03T09:31:17.043+0000] {logging_mixin.py:149} INFO - [2023-05-03T09:31:17.043+0000] {dagbag.py:541} INFO - Filling up the DagBag from /home/airflow/.local/lib/python3.7/site-packages/airflow/example_dags/example_branch_python_dop_operator_3.py
[2023-05-03T09:31:17.080+0000] {processor.py:809} INFO - DAG(s) dict_keys(['example_branch_dop_operator_v3']) retrieved from /home/airflow/.local/lib/python3.7/site-packages/airflow/example_dags/example_branch_python_dop_operator_3.py
[2023-05-03T09:31:17.155+0000] {logging_mixin.py:149} INFO - [2023-05-03T09:31:17.154+0000] {dag.py:2726} INFO - Sync 1 DAGs
[2023-05-03T09:31:17.240+0000] {logging_mixin.py:149} INFO - [2023-05-03T09:31:17.239+0000] {dag.py:3490} INFO - Setting next_dagrun for example_branch_dop_operator_v3 to 2023-05-03T09:30:00+00:00, run_after=2023-05-03T09:31:00+00:00
[2023-05-03T09:31:17.376+0000] {processor.py:178} INFO - Processing /home/airflow/.local/lib/python3.7/site-packages/airflow/example_dags/example_branch_python_dop_operator_3.py took 0.353 seconds
[2023-05-03T09:31:48.098+0000] {processor.py:156} INFO - Started process (PID=455) to work on /home/airflow/.local/lib/python3.7/site-packages/airflow/example_dags/example_branch_python_dop_operator_3.py
[2023-05-03T09:31:48.114+0000] {processor.py:799} INFO - Processing file /home/airflow/.local/lib/python3.7/site-packages/airflow/example_dags/example_branch_python_dop_operator_3.py for tasks to queue
[2023-05-03T09:31:48.117+0000] {logging_mixin.py:149} INFO - [2023-05-03T09:31:48.117+0000] {dagbag.py:541} INFO - Filling up the DagBag from /home/airflow/.local/lib/python3.7/site-packages/airflow/example_dags/example_branch_python_dop_operator_3.py
[2023-05-03T09:31:48.143+0000] {processor.py:809} INFO - DAG(s) dict_keys(['example_branch_dop_operator_v3']) retrieved from /home/airflow/.local/lib/python3.7/site-packages/airflow/example_dags/example_branch_python_dop_operator_3.py
[2023-05-03T09:31:48.261+0000] {logging_mixin.py:149} INFO - [2023-05-03T09:31:48.261+0000] {dag.py:2726} INFO - Sync 1 DAGs
[2023-05-03T09:31:48.778+0000] {logging_mixin.py:149} INFO - [2023-05-03T09:31:48.778+0000] {dag.py:3490} INFO - Setting next_dagrun for example_branch_dop_operator_v3 to 2023-05-03T09:30:00+00:00, run_after=2023-05-03T09:31:00+00:00
[2023-05-03T09:31:48.853+0000] {processor.py:178} INFO - Processing /home/airflow/.local/lib/python3.7/site-packages/airflow/example_dags/example_branch_python_dop_operator_3.py took 0.776 seconds
[2023-05-03T09:32:27.704+0000] {processor.py:156} INFO - Started process (PID=682) to work on /home/airflow/.local/lib/python3.7/site-packages/airflow/example_dags/example_branch_python_dop_operator_3.py
[2023-05-03T09:32:27.712+0000] {processor.py:799} INFO - Processing file /home/airflow/.local/lib/python3.7/site-packages/airflow/example_dags/example_branch_python_dop_operator_3.py for tasks to queue
[2023-05-03T09:32:27.715+0000] {logging_mixin.py:149} INFO - [2023-05-03T09:32:27.714+0000] {dagbag.py:541} INFO - Filling up the DagBag from /home/airflow/.local/lib/python3.7/site-packages/airflow/example_dags/example_branch_python_dop_operator_3.py
[2023-05-03T09:32:27.732+0000] {processor.py:809} INFO - DAG(s) dict_keys(['example_branch_dop_operator_v3']) retrieved from /home/airflow/.local/lib/python3.7/site-packages/airflow/example_dags/example_branch_python_dop_operator_3.py
[2023-05-03T09:32:27.803+0000] {logging_mixin.py:149} INFO - [2023-05-03T09:32:27.803+0000] {dag.py:2726} INFO - Sync 1 DAGs
[2023-05-03T09:32:27.898+0000] {logging_mixin.py:149} INFO - [2023-05-03T09:32:27.898+0000] {dag.py:3490} INFO - Setting next_dagrun for example_branch_dop_operator_v3 to 2023-05-03T09:31:00+00:00, run_after=2023-05-03T09:32:00+00:00
[2023-05-03T09:32:27.955+0000] {processor.py:178} INFO - Processing /home/airflow/.local/lib/python3.7/site-packages/airflow/example_dags/example_branch_python_dop_operator_3.py took 0.255 seconds
[2023-05-03T09:33:01.563+0000] {processor.py:156} INFO - Started process (PID=918) to work on /home/airflow/.local/lib/python3.7/site-packages/airflow/example_dags/example_branch_python_dop_operator_3.py
[2023-05-03T09:33:02.099+0000] {processor.py:799} INFO - Processing file /home/airflow/.local/lib/python3.7/site-packages/airflow/example_dags/example_branch_python_dop_operator_3.py for tasks to queue
[2023-05-03T09:33:02.186+0000] {logging_mixin.py:149} INFO - [2023-05-03T09:33:02.186+0000] {dagbag.py:541} INFO - Filling up the DagBag from /home/airflow/.local/lib/python3.7/site-packages/airflow/example_dags/example_branch_python_dop_operator_3.py
[2023-05-03T09:33:02.525+0000] {processor.py:809} INFO - DAG(s) dict_keys(['example_branch_dop_operator_v3']) retrieved from /home/airflow/.local/lib/python3.7/site-packages/airflow/example_dags/example_branch_python_dop_operator_3.py
[2023-05-03T09:33:05.263+0000] {logging_mixin.py:149} INFO - [2023-05-03T09:33:05.262+0000] {dag.py:2726} INFO - Sync 1 DAGs
[2023-05-03T09:33:15.377+0000] {logging_mixin.py:149} INFO - [2023-05-03T09:33:15.376+0000] {dag.py:3490} INFO - Setting next_dagrun for example_branch_dop_operator_v3 to 2023-05-03T09:32:00+00:00, run_after=2023-05-03T09:33:00+00:00
[2023-05-03T09:33:16.299+0000] {processor.py:178} INFO - Processing /home/airflow/.local/lib/python3.7/site-packages/airflow/example_dags/example_branch_python_dop_operator_3.py took 13.735 seconds
[2023-05-03T09:33:46.869+0000] {processor.py:156} INFO - Started process (PID=1151) to work on /home/airflow/.local/lib/python3.7/site-packages/airflow/example_dags/example_branch_python_dop_operator_3.py
[2023-05-03T09:33:46.878+0000] {processor.py:799} INFO - Processing file /home/airflow/.local/lib/python3.7/site-packages/airflow/example_dags/example_branch_python_dop_operator_3.py for tasks to queue
[2023-05-03T09:33:46.884+0000] {logging_mixin.py:149} INFO - [2023-05-03T09:33:46.884+0000] {dagbag.py:541} INFO - Filling up the DagBag from /home/airflow/.local/lib/python3.7/site-packages/airflow/example_dags/example_branch_python_dop_operator_3.py
[2023-05-03T09:33:47.002+0000] {processor.py:809} INFO - DAG(s) dict_keys(['example_branch_dop_operator_v3']) retrieved from /home/airflow/.local/lib/python3.7/site-packages/airflow/example_dags/example_branch_python_dop_operator_3.py
[2023-05-03T09:33:47.417+0000] {logging_mixin.py:149} INFO - [2023-05-03T09:33:47.417+0000] {dag.py:2726} INFO - Sync 1 DAGs
[2023-05-03T09:33:47.691+0000] {logging_mixin.py:149} INFO - [2023-05-03T09:33:47.688+0000] {dag.py:3490} INFO - Setting next_dagrun for example_branch_dop_operator_v3 to 2023-05-03T09:32:00+00:00, run_after=2023-05-03T09:33:00+00:00
[2023-05-03T09:33:47.844+0000] {processor.py:178} INFO - Processing /home/airflow/.local/lib/python3.7/site-packages/airflow/example_dags/example_branch_python_dop_operator_3.py took 0.996 seconds
[2023-05-03T09:34:17.990+0000] {processor.py:156} INFO - Started process (PID=1386) to work on /home/airflow/.local/lib/python3.7/site-packages/airflow/example_dags/example_branch_python_dop_operator_3.py
[2023-05-03T09:34:17.992+0000] {processor.py:799} INFO - Processing file /home/airflow/.local/lib/python3.7/site-packages/airflow/example_dags/example_branch_python_dop_operator_3.py for tasks to queue
[2023-05-03T09:34:17.994+0000] {logging_mixin.py:149} INFO - [2023-05-03T09:34:17.994+0000] {dagbag.py:541} INFO - Filling up the DagBag from /home/airflow/.local/lib/python3.7/site-packages/airflow/example_dags/example_branch_python_dop_operator_3.py
[2023-05-03T09:34:18.012+0000] {processor.py:809} INFO - DAG(s) dict_keys(['example_branch_dop_operator_v3']) retrieved from /home/airflow/.local/lib/python3.7/site-packages/airflow/example_dags/example_branch_python_dop_operator_3.py
[2023-05-03T09:34:18.077+0000] {logging_mixin.py:149} INFO - [2023-05-03T09:34:18.076+0000] {dag.py:2726} INFO - Sync 1 DAGs
[2023-05-03T09:34:18.179+0000] {logging_mixin.py:149} INFO - [2023-05-03T09:34:18.179+0000] {dag.py:3490} INFO - Setting next_dagrun for example_branch_dop_operator_v3 to 2023-05-03T09:33:00+00:00, run_after=2023-05-03T09:34:00+00:00
[2023-05-03T09:34:18.251+0000] {processor.py:178} INFO - Processing /home/airflow/.local/lib/python3.7/site-packages/airflow/example_dags/example_branch_python_dop_operator_3.py took 0.268 seconds
[2023-05-03T09:34:48.790+0000] {processor.py:156} INFO - Started process (PID=1622) to work on /home/airflow/.local/lib/python3.7/site-packages/airflow/example_dags/example_branch_python_dop_operator_3.py
[2023-05-03T09:34:48.792+0000] {processor.py:799} INFO - Processing file /home/airflow/.local/lib/python3.7/site-packages/airflow/example_dags/example_branch_python_dop_operator_3.py for tasks to queue
[2023-05-03T09:34:48.794+0000] {logging_mixin.py:149} INFO - [2023-05-03T09:34:48.793+0000] {dagbag.py:541} INFO - Filling up the DagBag from /home/airflow/.local/lib/python3.7/site-packages/airflow/example_dags/example_branch_python_dop_operator_3.py
[2023-05-03T09:34:48.809+0000] {processor.py:809} INFO - DAG(s) dict_keys(['example_branch_dop_operator_v3']) retrieved from /home/airflow/.local/lib/python3.7/site-packages/airflow/example_dags/example_branch_python_dop_operator_3.py
[2023-05-03T09:34:48.849+0000] {logging_mixin.py:149} INFO - [2023-05-03T09:34:48.849+0000] {dag.py:2726} INFO - Sync 1 DAGs
[2023-05-03T09:34:48.905+0000] {logging_mixin.py:149} INFO - [2023-05-03T09:34:48.904+0000] {dag.py:3490} INFO - Setting next_dagrun for example_branch_dop_operator_v3 to 2023-05-03T09:33:00+00:00, run_after=2023-05-03T09:34:00+00:00
[2023-05-03T09:34:48.947+0000] {processor.py:178} INFO - Processing /home/airflow/.local/lib/python3.7/site-packages/airflow/example_dags/example_branch_python_dop_operator_3.py took 0.163 seconds
[2023-05-03T09:35:19.083+0000] {processor.py:156} INFO - Started process (PID=1858) to work on /home/airflow/.local/lib/python3.7/site-packages/airflow/example_dags/example_branch_python_dop_operator_3.py
[2023-05-03T09:35:19.108+0000] {processor.py:799} INFO - Processing file /home/airflow/.local/lib/python3.7/site-packages/airflow/example_dags/example_branch_python_dop_operator_3.py for tasks to queue
[2023-05-03T09:35:19.118+0000] {logging_mixin.py:149} INFO - [2023-05-03T09:35:19.116+0000] {dagbag.py:541} INFO - Filling up the DagBag from /home/airflow/.local/lib/python3.7/site-packages/airflow/example_dags/example_branch_python_dop_operator_3.py
[2023-05-03T09:35:19.136+0000] {processor.py:809} INFO - DAG(s) dict_keys(['example_branch_dop_operator_v3']) retrieved from /home/airflow/.local/lib/python3.7/site-packages/airflow/example_dags/example_branch_python_dop_operator_3.py
[2023-05-03T09:35:19.878+0000] {logging_mixin.py:149} INFO - [2023-05-03T09:35:19.878+0000] {dag.py:2726} INFO - Sync 1 DAGs
[2023-05-03T09:35:20.365+0000] {logging_mixin.py:149} INFO - [2023-05-03T09:35:20.365+0000] {dag.py:3490} INFO - Setting next_dagrun for example_branch_dop_operator_v3 to 2023-05-03T09:34:00+00:00, run_after=2023-05-03T09:35:00+00:00
[2023-05-03T09:35:20.469+0000] {processor.py:178} INFO - Processing /home/airflow/.local/lib/python3.7/site-packages/airflow/example_dags/example_branch_python_dop_operator_3.py took 1.391 seconds
[2023-05-03T09:35:54.861+0000] {processor.py:156} INFO - Started process (PID=2098) to work on /home/airflow/.local/lib/python3.7/site-packages/airflow/example_dags/example_branch_python_dop_operator_3.py
[2023-05-03T09:35:54.865+0000] {processor.py:799} INFO - Processing file /home/airflow/.local/lib/python3.7/site-packages/airflow/example_dags/example_branch_python_dop_operator_3.py for tasks to queue
[2023-05-03T09:35:54.870+0000] {logging_mixin.py:149} INFO - [2023-05-03T09:35:54.870+0000] {dagbag.py:541} INFO - Filling up the DagBag from /home/airflow/.local/lib/python3.7/site-packages/airflow/example_dags/example_branch_python_dop_operator_3.py
[2023-05-03T09:35:54.889+0000] {processor.py:809} INFO - DAG(s) dict_keys(['example_branch_dop_operator_v3']) retrieved from /home/airflow/.local/lib/python3.7/site-packages/airflow/example_dags/example_branch_python_dop_operator_3.py
[2023-05-03T09:35:54.982+0000] {logging_mixin.py:149} INFO - [2023-05-03T09:35:54.982+0000] {dag.py:2726} INFO - Sync 1 DAGs
[2023-05-03T09:35:55.091+0000] {logging_mixin.py:149} INFO - [2023-05-03T09:35:55.090+0000] {dag.py:3490} INFO - Setting next_dagrun for example_branch_dop_operator_v3 to 2023-05-03T09:34:00+00:00, run_after=2023-05-03T09:35:00+00:00
[2023-05-03T09:35:55.171+0000] {processor.py:178} INFO - Processing /home/airflow/.local/lib/python3.7/site-packages/airflow/example_dags/example_branch_python_dop_operator_3.py took 0.313 seconds
[2023-05-03T09:36:25.301+0000] {processor.py:156} INFO - Started process (PID=2334) to work on /home/airflow/.local/lib/python3.7/site-packages/airflow/example_dags/example_branch_python_dop_operator_3.py
[2023-05-03T09:36:25.303+0000] {processor.py:799} INFO - Processing file /home/airflow/.local/lib/python3.7/site-packages/airflow/example_dags/example_branch_python_dop_operator_3.py for tasks to queue
[2023-05-03T09:36:25.305+0000] {logging_mixin.py:149} INFO - [2023-05-03T09:36:25.304+0000] {dagbag.py:541} INFO - Filling up the DagBag from /home/airflow/.local/lib/python3.7/site-packages/airflow/example_dags/example_branch_python_dop_operator_3.py
[2023-05-03T09:36:25.314+0000] {processor.py:809} INFO - DAG(s) dict_keys(['example_branch_dop_operator_v3']) retrieved from /home/airflow/.local/lib/python3.7/site-packages/airflow/example_dags/example_branch_python_dop_operator_3.py
[2023-05-03T09:36:25.351+0000] {logging_mixin.py:149} INFO - [2023-05-03T09:36:25.351+0000] {dag.py:2726} INFO - Sync 1 DAGs
[2023-05-03T09:36:25.407+0000] {logging_mixin.py:149} INFO - [2023-05-03T09:36:25.407+0000] {dag.py:3490} INFO - Setting next_dagrun for example_branch_dop_operator_v3 to 2023-05-03T09:35:00+00:00, run_after=2023-05-03T09:36:00+00:00
[2023-05-03T09:36:25.440+0000] {processor.py:178} INFO - Processing /home/airflow/.local/lib/python3.7/site-packages/airflow/example_dags/example_branch_python_dop_operator_3.py took 0.143 seconds
[2023-05-03T09:36:55.687+0000] {processor.py:156} INFO - Started process (PID=2537) to work on /home/airflow/.local/lib/python3.7/site-packages/airflow/example_dags/example_branch_python_dop_operator_3.py
[2023-05-03T09:36:55.695+0000] {processor.py:799} INFO - Processing file /home/airflow/.local/lib/python3.7/site-packages/airflow/example_dags/example_branch_python_dop_operator_3.py for tasks to queue
[2023-05-03T09:36:55.697+0000] {logging_mixin.py:149} INFO - [2023-05-03T09:36:55.696+0000] {dagbag.py:541} INFO - Filling up the DagBag from /home/airflow/.local/lib/python3.7/site-packages/airflow/example_dags/example_branch_python_dop_operator_3.py
[2023-05-03T09:36:55.715+0000] {processor.py:809} INFO - DAG(s) dict_keys(['example_branch_dop_operator_v3']) retrieved from /home/airflow/.local/lib/python3.7/site-packages/airflow/example_dags/example_branch_python_dop_operator_3.py
[2023-05-03T09:36:55.794+0000] {logging_mixin.py:149} INFO - [2023-05-03T09:36:55.793+0000] {dag.py:2726} INFO - Sync 1 DAGs
[2023-05-03T09:36:55.991+0000] {logging_mixin.py:149} INFO - [2023-05-03T09:36:55.990+0000] {dag.py:3490} INFO - Setting next_dagrun for example_branch_dop_operator_v3 to 2023-05-03T09:35:00+00:00, run_after=2023-05-03T09:36:00+00:00
[2023-05-03T09:36:56.065+0000] {processor.py:178} INFO - Processing /home/airflow/.local/lib/python3.7/site-packages/airflow/example_dags/example_branch_python_dop_operator_3.py took 0.387 seconds
[2023-05-03T09:37:26.598+0000] {processor.py:156} INFO - Started process (PID=2753) to work on /home/airflow/.local/lib/python3.7/site-packages/airflow/example_dags/example_branch_python_dop_operator_3.py
[2023-05-03T09:37:26.601+0000] {processor.py:799} INFO - Processing file /home/airflow/.local/lib/python3.7/site-packages/airflow/example_dags/example_branch_python_dop_operator_3.py for tasks to queue
[2023-05-03T09:37:26.604+0000] {logging_mixin.py:149} INFO - [2023-05-03T09:37:26.603+0000] {dagbag.py:541} INFO - Filling up the DagBag from /home/airflow/.local/lib/python3.7/site-packages/airflow/example_dags/example_branch_python_dop_operator_3.py
[2023-05-03T09:37:26.618+0000] {processor.py:809} INFO - DAG(s) dict_keys(['example_branch_dop_operator_v3']) retrieved from /home/airflow/.local/lib/python3.7/site-packages/airflow/example_dags/example_branch_python_dop_operator_3.py
[2023-05-03T09:37:26.657+0000] {logging_mixin.py:149} INFO - [2023-05-03T09:37:26.657+0000] {dag.py:2726} INFO - Sync 1 DAGs
[2023-05-03T09:37:26.704+0000] {logging_mixin.py:149} INFO - [2023-05-03T09:37:26.704+0000] {dag.py:3490} INFO - Setting next_dagrun for example_branch_dop_operator_v3 to 2023-05-03T09:36:00+00:00, run_after=2023-05-03T09:37:00+00:00
[2023-05-03T09:37:26.740+0000] {processor.py:178} INFO - Processing /home/airflow/.local/lib/python3.7/site-packages/airflow/example_dags/example_branch_python_dop_operator_3.py took 0.147 seconds
[2023-05-03T09:37:58.783+0000] {processor.py:156} INFO - Started process (PID=2904) to work on /home/airflow/.local/lib/python3.7/site-packages/airflow/example_dags/example_branch_python_dop_operator_3.py
[2023-05-03T09:37:58.787+0000] {processor.py:799} INFO - Processing file /home/airflow/.local/lib/python3.7/site-packages/airflow/example_dags/example_branch_python_dop_operator_3.py for tasks to queue
[2023-05-03T09:37:58.789+0000] {logging_mixin.py:149} INFO - [2023-05-03T09:37:58.789+0000] {dagbag.py:541} INFO - Filling up the DagBag from /home/airflow/.local/lib/python3.7/site-packages/airflow/example_dags/example_branch_python_dop_operator_3.py
[2023-05-03T09:37:58.815+0000] {processor.py:809} INFO - DAG(s) dict_keys(['example_branch_dop_operator_v3']) retrieved from /home/airflow/.local/lib/python3.7/site-packages/airflow/example_dags/example_branch_python_dop_operator_3.py
[2023-05-03T09:37:58.899+0000] {logging_mixin.py:149} INFO - [2023-05-03T09:37:58.899+0000] {dag.py:2726} INFO - Sync 1 DAGs
[2023-05-03T09:37:58.944+0000] {logging_mixin.py:149} INFO - [2023-05-03T09:37:58.944+0000] {dag.py:3490} INFO - Setting next_dagrun for example_branch_dop_operator_v3 to 2023-05-03T09:36:00+00:00, run_after=2023-05-03T09:37:00+00:00
[2023-05-03T09:37:59.084+0000] {processor.py:178} INFO - Processing /home/airflow/.local/lib/python3.7/site-packages/airflow/example_dags/example_branch_python_dop_operator_3.py took 0.307 seconds
[2023-05-03T09:38:32.671+0000] {processor.py:156} INFO - Started process (PID=3140) to work on /home/airflow/.local/lib/python3.7/site-packages/airflow/example_dags/example_branch_python_dop_operator_3.py
[2023-05-03T09:38:32.675+0000] {processor.py:799} INFO - Processing file /home/airflow/.local/lib/python3.7/site-packages/airflow/example_dags/example_branch_python_dop_operator_3.py for tasks to queue
[2023-05-03T09:38:32.682+0000] {logging_mixin.py:149} INFO - [2023-05-03T09:38:32.681+0000] {dagbag.py:541} INFO - Filling up the DagBag from /home/airflow/.local/lib/python3.7/site-packages/airflow/example_dags/example_branch_python_dop_operator_3.py
[2023-05-03T09:38:32.700+0000] {processor.py:809} INFO - DAG(s) dict_keys(['example_branch_dop_operator_v3']) retrieved from /home/airflow/.local/lib/python3.7/site-packages/airflow/example_dags/example_branch_python_dop_operator_3.py
[2023-05-03T09:38:32.761+0000] {logging_mixin.py:149} INFO - [2023-05-03T09:38:32.761+0000] {dag.py:2726} INFO - Sync 1 DAGs
[2023-05-03T09:38:32.836+0000] {logging_mixin.py:149} INFO - [2023-05-03T09:38:32.835+0000] {dag.py:3490} INFO - Setting next_dagrun for example_branch_dop_operator_v3 to 2023-05-03T09:37:00+00:00, run_after=2023-05-03T09:38:00+00:00
[2023-05-03T09:38:32.932+0000] {processor.py:178} INFO - Processing /home/airflow/.local/lib/python3.7/site-packages/airflow/example_dags/example_branch_python_dop_operator_3.py took 0.268 seconds
[2023-05-03T09:39:03.992+0000] {processor.py:156} INFO - Started process (PID=3376) to work on /home/airflow/.local/lib/python3.7/site-packages/airflow/example_dags/example_branch_python_dop_operator_3.py
[2023-05-03T09:39:03.998+0000] {processor.py:799} INFO - Processing file /home/airflow/.local/lib/python3.7/site-packages/airflow/example_dags/example_branch_python_dop_operator_3.py for tasks to queue
[2023-05-03T09:39:03.999+0000] {logging_mixin.py:149} INFO - [2023-05-03T09:39:03.999+0000] {dagbag.py:541} INFO - Filling up the DagBag from /home/airflow/.local/lib/python3.7/site-packages/airflow/example_dags/example_branch_python_dop_operator_3.py
[2023-05-03T09:39:04.020+0000] {processor.py:809} INFO - DAG(s) dict_keys(['example_branch_dop_operator_v3']) retrieved from /home/airflow/.local/lib/python3.7/site-packages/airflow/example_dags/example_branch_python_dop_operator_3.py
[2023-05-03T09:39:04.072+0000] {logging_mixin.py:149} INFO - [2023-05-03T09:39:04.072+0000] {dag.py:2726} INFO - Sync 1 DAGs
[2023-05-03T09:39:04.159+0000] {logging_mixin.py:149} INFO - [2023-05-03T09:39:04.159+0000] {dag.py:3490} INFO - Setting next_dagrun for example_branch_dop_operator_v3 to 2023-05-03T09:38:00+00:00, run_after=2023-05-03T09:39:00+00:00
[2023-05-03T09:39:04.208+0000] {processor.py:178} INFO - Processing /home/airflow/.local/lib/python3.7/site-packages/airflow/example_dags/example_branch_python_dop_operator_3.py took 0.226 seconds
[2023-05-03T09:39:35.724+0000] {processor.py:156} INFO - Started process (PID=3613) to work on /home/airflow/.local/lib/python3.7/site-packages/airflow/example_dags/example_branch_python_dop_operator_3.py
[2023-05-03T09:39:35.726+0000] {processor.py:799} INFO - Processing file /home/airflow/.local/lib/python3.7/site-packages/airflow/example_dags/example_branch_python_dop_operator_3.py for tasks to queue
[2023-05-03T09:39:35.727+0000] {logging_mixin.py:149} INFO - [2023-05-03T09:39:35.727+0000] {dagbag.py:541} INFO - Filling up the DagBag from /home/airflow/.local/lib/python3.7/site-packages/airflow/example_dags/example_branch_python_dop_operator_3.py
[2023-05-03T09:39:35.743+0000] {processor.py:809} INFO - DAG(s) dict_keys(['example_branch_dop_operator_v3']) retrieved from /home/airflow/.local/lib/python3.7/site-packages/airflow/example_dags/example_branch_python_dop_operator_3.py
[2023-05-03T09:39:35.811+0000] {logging_mixin.py:149} INFO - [2023-05-03T09:39:35.811+0000] {dag.py:2726} INFO - Sync 1 DAGs
[2023-05-03T09:39:35.884+0000] {logging_mixin.py:149} INFO - [2023-05-03T09:39:35.884+0000] {dag.py:3490} INFO - Setting next_dagrun for example_branch_dop_operator_v3 to 2023-05-03T09:38:00+00:00, run_after=2023-05-03T09:39:00+00:00
[2023-05-03T09:39:35.935+0000] {processor.py:178} INFO - Processing /home/airflow/.local/lib/python3.7/site-packages/airflow/example_dags/example_branch_python_dop_operator_3.py took 0.217 seconds
[2023-05-03T09:40:06.989+0000] {processor.py:156} INFO - Started process (PID=3849) to work on /home/airflow/.local/lib/python3.7/site-packages/airflow/example_dags/example_branch_python_dop_operator_3.py
[2023-05-03T09:40:06.991+0000] {processor.py:799} INFO - Processing file /home/airflow/.local/lib/python3.7/site-packages/airflow/example_dags/example_branch_python_dop_operator_3.py for tasks to queue
[2023-05-03T09:40:06.992+0000] {logging_mixin.py:149} INFO - [2023-05-03T09:40:06.992+0000] {dagbag.py:541} INFO - Filling up the DagBag from /home/airflow/.local/lib/python3.7/site-packages/airflow/example_dags/example_branch_python_dop_operator_3.py
[2023-05-03T09:40:07.011+0000] {processor.py:809} INFO - DAG(s) dict_keys(['example_branch_dop_operator_v3']) retrieved from /home/airflow/.local/lib/python3.7/site-packages/airflow/example_dags/example_branch_python_dop_operator_3.py
[2023-05-03T09:40:07.081+0000] {logging_mixin.py:149} INFO - [2023-05-03T09:40:07.080+0000] {dag.py:2726} INFO - Sync 1 DAGs
[2023-05-03T09:40:07.126+0000] {logging_mixin.py:149} INFO - [2023-05-03T09:40:07.126+0000] {dag.py:3490} INFO - Setting next_dagrun for example_branch_dop_operator_v3 to 2023-05-03T09:39:00+00:00, run_after=2023-05-03T09:40:00+00:00
[2023-05-03T09:40:07.158+0000] {processor.py:178} INFO - Processing /home/airflow/.local/lib/python3.7/site-packages/airflow/example_dags/example_branch_python_dop_operator_3.py took 0.177 seconds
[2023-05-03T09:40:38.061+0000] {processor.py:156} INFO - Started process (PID=4085) to work on /home/airflow/.local/lib/python3.7/site-packages/airflow/example_dags/example_branch_python_dop_operator_3.py
[2023-05-03T09:40:38.064+0000] {processor.py:799} INFO - Processing file /home/airflow/.local/lib/python3.7/site-packages/airflow/example_dags/example_branch_python_dop_operator_3.py for tasks to queue
[2023-05-03T09:40:38.065+0000] {logging_mixin.py:149} INFO - [2023-05-03T09:40:38.065+0000] {dagbag.py:541} INFO - Filling up the DagBag from /home/airflow/.local/lib/python3.7/site-packages/airflow/example_dags/example_branch_python_dop_operator_3.py
[2023-05-03T09:40:38.077+0000] {processor.py:809} INFO - DAG(s) dict_keys(['example_branch_dop_operator_v3']) retrieved from /home/airflow/.local/lib/python3.7/site-packages/airflow/example_dags/example_branch_python_dop_operator_3.py
[2023-05-03T09:40:38.115+0000] {logging_mixin.py:149} INFO - [2023-05-03T09:40:38.115+0000] {dag.py:2726} INFO - Sync 1 DAGs
[2023-05-03T09:40:38.170+0000] {logging_mixin.py:149} INFO - [2023-05-03T09:40:38.170+0000] {dag.py:3490} INFO - Setting next_dagrun for example_branch_dop_operator_v3 to 2023-05-03T09:39:00+00:00, run_after=2023-05-03T09:40:00+00:00
[2023-05-03T09:40:38.205+0000] {processor.py:178} INFO - Processing /home/airflow/.local/lib/python3.7/site-packages/airflow/example_dags/example_branch_python_dop_operator_3.py took 0.149 seconds
[2023-05-03T09:41:08.706+0000] {processor.py:156} INFO - Started process (PID=4321) to work on /home/airflow/.local/lib/python3.7/site-packages/airflow/example_dags/example_branch_python_dop_operator_3.py
[2023-05-03T09:41:08.708+0000] {processor.py:799} INFO - Processing file /home/airflow/.local/lib/python3.7/site-packages/airflow/example_dags/example_branch_python_dop_operator_3.py for tasks to queue
[2023-05-03T09:41:08.710+0000] {logging_mixin.py:149} INFO - [2023-05-03T09:41:08.709+0000] {dagbag.py:541} INFO - Filling up the DagBag from /home/airflow/.local/lib/python3.7/site-packages/airflow/example_dags/example_branch_python_dop_operator_3.py
[2023-05-03T09:41:08.724+0000] {processor.py:809} INFO - DAG(s) dict_keys(['example_branch_dop_operator_v3']) retrieved from /home/airflow/.local/lib/python3.7/site-packages/airflow/example_dags/example_branch_python_dop_operator_3.py
[2023-05-03T09:41:08.802+0000] {logging_mixin.py:149} INFO - [2023-05-03T09:41:08.801+0000] {dag.py:2726} INFO - Sync 1 DAGs
[2023-05-03T09:41:08.927+0000] {logging_mixin.py:149} INFO - [2023-05-03T09:41:08.926+0000] {dag.py:3490} INFO - Setting next_dagrun for example_branch_dop_operator_v3 to 2023-05-03T09:40:00+00:00, run_after=2023-05-03T09:41:00+00:00
[2023-05-03T09:41:08.982+0000] {processor.py:178} INFO - Processing /home/airflow/.local/lib/python3.7/site-packages/airflow/example_dags/example_branch_python_dop_operator_3.py took 0.280 seconds
[2023-05-03T09:41:40.334+0000] {processor.py:156} INFO - Started process (PID=4557) to work on /home/airflow/.local/lib/python3.7/site-packages/airflow/example_dags/example_branch_python_dop_operator_3.py
[2023-05-03T09:41:40.341+0000] {processor.py:799} INFO - Processing file /home/airflow/.local/lib/python3.7/site-packages/airflow/example_dags/example_branch_python_dop_operator_3.py for tasks to queue
[2023-05-03T09:41:40.343+0000] {logging_mixin.py:149} INFO - [2023-05-03T09:41:40.342+0000] {dagbag.py:541} INFO - Filling up the DagBag from /home/airflow/.local/lib/python3.7/site-packages/airflow/example_dags/example_branch_python_dop_operator_3.py
[2023-05-03T09:41:40.356+0000] {processor.py:809} INFO - DAG(s) dict_keys(['example_branch_dop_operator_v3']) retrieved from /home/airflow/.local/lib/python3.7/site-packages/airflow/example_dags/example_branch_python_dop_operator_3.py
[2023-05-03T09:41:40.398+0000] {logging_mixin.py:149} INFO - [2023-05-03T09:41:40.397+0000] {dag.py:2726} INFO - Sync 1 DAGs
[2023-05-03T09:41:40.448+0000] {logging_mixin.py:149} INFO - [2023-05-03T09:41:40.448+0000] {dag.py:3490} INFO - Setting next_dagrun for example_branch_dop_operator_v3 to 2023-05-03T09:40:00+00:00, run_after=2023-05-03T09:41:00+00:00
[2023-05-03T09:41:40.481+0000] {processor.py:178} INFO - Processing /home/airflow/.local/lib/python3.7/site-packages/airflow/example_dags/example_branch_python_dop_operator_3.py took 0.153 seconds
[2023-05-03T09:44:33.835+0000] {processor.py:156} INFO - Started process (PID=224) to work on /home/airflow/.local/lib/python3.7/site-packages/airflow/example_dags/example_branch_python_dop_operator_3.py
[2023-05-03T09:44:33.848+0000] {processor.py:799} INFO - Processing file /home/airflow/.local/lib/python3.7/site-packages/airflow/example_dags/example_branch_python_dop_operator_3.py for tasks to queue
[2023-05-03T09:44:33.851+0000] {logging_mixin.py:149} INFO - [2023-05-03T09:44:33.850+0000] {dagbag.py:541} INFO - Filling up the DagBag from /home/airflow/.local/lib/python3.7/site-packages/airflow/example_dags/example_branch_python_dop_operator_3.py
[2023-05-03T09:44:33.905+0000] {processor.py:809} INFO - DAG(s) dict_keys(['example_branch_dop_operator_v3']) retrieved from /home/airflow/.local/lib/python3.7/site-packages/airflow/example_dags/example_branch_python_dop_operator_3.py
[2023-05-03T09:44:34.109+0000] {logging_mixin.py:149} INFO - [2023-05-03T09:44:34.109+0000] {dag.py:2726} INFO - Sync 1 DAGs
[2023-05-03T09:44:34.503+0000] {logging_mixin.py:149} INFO - [2023-05-03T09:44:34.503+0000] {dag.py:3490} INFO - Setting next_dagrun for example_branch_dop_operator_v3 to 2023-05-03T09:43:00+00:00, run_after=2023-05-03T09:44:00+00:00
[2023-05-03T09:44:34.784+0000] {processor.py:178} INFO - Processing /home/airflow/.local/lib/python3.7/site-packages/airflow/example_dags/example_branch_python_dop_operator_3.py took 0.951 seconds
[2023-05-03T09:45:06.065+0000] {processor.py:156} INFO - Started process (PID=456) to work on /home/airflow/.local/lib/python3.7/site-packages/airflow/example_dags/example_branch_python_dop_operator_3.py
[2023-05-03T09:45:06.068+0000] {processor.py:799} INFO - Processing file /home/airflow/.local/lib/python3.7/site-packages/airflow/example_dags/example_branch_python_dop_operator_3.py for tasks to queue
[2023-05-03T09:45:06.070+0000] {logging_mixin.py:149} INFO - [2023-05-03T09:45:06.069+0000] {dagbag.py:541} INFO - Filling up the DagBag from /home/airflow/.local/lib/python3.7/site-packages/airflow/example_dags/example_branch_python_dop_operator_3.py
[2023-05-03T09:45:06.098+0000] {processor.py:809} INFO - DAG(s) dict_keys(['example_branch_dop_operator_v3']) retrieved from /home/airflow/.local/lib/python3.7/site-packages/airflow/example_dags/example_branch_python_dop_operator_3.py
[2023-05-03T09:45:06.180+0000] {logging_mixin.py:149} INFO - [2023-05-03T09:45:06.180+0000] {dag.py:2726} INFO - Sync 1 DAGs
[2023-05-03T09:45:06.299+0000] {logging_mixin.py:149} INFO - [2023-05-03T09:45:06.298+0000] {dag.py:3490} INFO - Setting next_dagrun for example_branch_dop_operator_v3 to 2023-05-03T09:44:00+00:00, run_after=2023-05-03T09:45:00+00:00
[2023-05-03T09:45:06.409+0000] {processor.py:178} INFO - Processing /home/airflow/.local/lib/python3.7/site-packages/airflow/example_dags/example_branch_python_dop_operator_3.py took 0.354 seconds
[2023-05-03T09:46:30.854+0000] {processor.py:156} INFO - Started process (PID=575) to work on /home/airflow/.local/lib/python3.7/site-packages/airflow/example_dags/example_branch_python_dop_operator_3.py
[2023-05-03T09:46:30.875+0000] {processor.py:799} INFO - Processing file /home/airflow/.local/lib/python3.7/site-packages/airflow/example_dags/example_branch_python_dop_operator_3.py for tasks to queue
[2023-05-03T09:46:30.884+0000] {logging_mixin.py:149} INFO - [2023-05-03T09:46:30.883+0000] {dagbag.py:541} INFO - Filling up the DagBag from /home/airflow/.local/lib/python3.7/site-packages/airflow/example_dags/example_branch_python_dop_operator_3.py
[2023-05-03T09:46:30.961+0000] {processor.py:809} INFO - DAG(s) dict_keys(['example_branch_dop_operator_v3']) retrieved from /home/airflow/.local/lib/python3.7/site-packages/airflow/example_dags/example_branch_python_dop_operator_3.py
[2023-05-03T09:46:31.292+0000] {logging_mixin.py:149} INFO - [2023-05-03T09:46:31.292+0000] {dag.py:2726} INFO - Sync 1 DAGs
[2023-05-03T09:46:31.476+0000] {logging_mixin.py:149} INFO - [2023-05-03T09:46:31.476+0000] {dag.py:3490} INFO - Setting next_dagrun for example_branch_dop_operator_v3 to 2023-05-03T09:45:00+00:00, run_after=2023-05-03T09:46:00+00:00
[2023-05-03T09:46:31.689+0000] {processor.py:178} INFO - Processing /home/airflow/.local/lib/python3.7/site-packages/airflow/example_dags/example_branch_python_dop_operator_3.py took 0.863 seconds
[2023-05-03T09:47:33.151+0000] {processor.py:156} INFO - Started process (PID=802) to work on /home/airflow/.local/lib/python3.7/site-packages/airflow/example_dags/example_branch_python_dop_operator_3.py
[2023-05-03T09:47:33.156+0000] {processor.py:799} INFO - Processing file /home/airflow/.local/lib/python3.7/site-packages/airflow/example_dags/example_branch_python_dop_operator_3.py for tasks to queue
[2023-05-03T09:47:33.158+0000] {logging_mixin.py:149} INFO - [2023-05-03T09:47:33.158+0000] {dagbag.py:541} INFO - Filling up the DagBag from /home/airflow/.local/lib/python3.7/site-packages/airflow/example_dags/example_branch_python_dop_operator_3.py
[2023-05-03T09:47:33.190+0000] {processor.py:809} INFO - DAG(s) dict_keys(['example_branch_dop_operator_v3']) retrieved from /home/airflow/.local/lib/python3.7/site-packages/airflow/example_dags/example_branch_python_dop_operator_3.py
[2023-05-03T09:47:33.316+0000] {logging_mixin.py:149} INFO - [2023-05-03T09:47:33.316+0000] {dag.py:2726} INFO - Sync 1 DAGs
[2023-05-03T09:47:33.502+0000] {logging_mixin.py:149} INFO - [2023-05-03T09:47:33.501+0000] {dag.py:3490} INFO - Setting next_dagrun for example_branch_dop_operator_v3 to 2023-05-03T09:46:00+00:00, run_after=2023-05-03T09:47:00+00:00
[2023-05-03T09:47:33.619+0000] {processor.py:178} INFO - Processing /home/airflow/.local/lib/python3.7/site-packages/airflow/example_dags/example_branch_python_dop_operator_3.py took 0.482 seconds
[2023-05-03T09:48:16.067+0000] {processor.py:156} INFO - Started process (PID=1036) to work on /home/airflow/.local/lib/python3.7/site-packages/airflow/example_dags/example_branch_python_dop_operator_3.py
[2023-05-03T09:48:16.074+0000] {processor.py:799} INFO - Processing file /home/airflow/.local/lib/python3.7/site-packages/airflow/example_dags/example_branch_python_dop_operator_3.py for tasks to queue
[2023-05-03T09:48:16.115+0000] {logging_mixin.py:149} INFO - [2023-05-03T09:48:16.112+0000] {dagbag.py:541} INFO - Filling up the DagBag from /home/airflow/.local/lib/python3.7/site-packages/airflow/example_dags/example_branch_python_dop_operator_3.py
[2023-05-03T09:48:16.199+0000] {processor.py:809} INFO - DAG(s) dict_keys(['example_branch_dop_operator_v3']) retrieved from /home/airflow/.local/lib/python3.7/site-packages/airflow/example_dags/example_branch_python_dop_operator_3.py
[2023-05-03T09:48:18.157+0000] {logging_mixin.py:149} INFO - [2023-05-03T09:48:18.157+0000] {dag.py:2726} INFO - Sync 1 DAGs
[2023-05-03T09:48:18.537+0000] {logging_mixin.py:149} INFO - [2023-05-03T09:48:18.536+0000] {dag.py:3490} INFO - Setting next_dagrun for example_branch_dop_operator_v3 to 2023-05-03T09:47:00+00:00, run_after=2023-05-03T09:48:00+00:00
[2023-05-03T09:48:18.660+0000] {processor.py:178} INFO - Processing /home/airflow/.local/lib/python3.7/site-packages/airflow/example_dags/example_branch_python_dop_operator_3.py took 2.148 seconds
[2023-05-03T09:48:49.039+0000] {processor.py:156} INFO - Started process (PID=1269) to work on /home/airflow/.local/lib/python3.7/site-packages/airflow/example_dags/example_branch_python_dop_operator_3.py
[2023-05-03T09:48:49.042+0000] {processor.py:799} INFO - Processing file /home/airflow/.local/lib/python3.7/site-packages/airflow/example_dags/example_branch_python_dop_operator_3.py for tasks to queue
[2023-05-03T09:48:49.044+0000] {logging_mixin.py:149} INFO - [2023-05-03T09:48:49.044+0000] {dagbag.py:541} INFO - Filling up the DagBag from /home/airflow/.local/lib/python3.7/site-packages/airflow/example_dags/example_branch_python_dop_operator_3.py
[2023-05-03T09:48:49.077+0000] {processor.py:809} INFO - DAG(s) dict_keys(['example_branch_dop_operator_v3']) retrieved from /home/airflow/.local/lib/python3.7/site-packages/airflow/example_dags/example_branch_python_dop_operator_3.py
[2023-05-03T09:48:49.142+0000] {logging_mixin.py:149} INFO - [2023-05-03T09:48:49.141+0000] {dag.py:2726} INFO - Sync 1 DAGs
[2023-05-03T09:48:49.244+0000] {logging_mixin.py:149} INFO - [2023-05-03T09:48:49.244+0000] {dag.py:3490} INFO - Setting next_dagrun for example_branch_dop_operator_v3 to 2023-05-03T09:47:00+00:00, run_after=2023-05-03T09:48:00+00:00
[2023-05-03T09:48:49.315+0000] {processor.py:178} INFO - Processing /home/airflow/.local/lib/python3.7/site-packages/airflow/example_dags/example_branch_python_dop_operator_3.py took 0.281 seconds
[2023-05-03T09:49:46.946+0000] {processor.py:156} INFO - Started process (PID=1498) to work on /home/airflow/.local/lib/python3.7/site-packages/airflow/example_dags/example_branch_python_dop_operator_3.py
[2023-05-03T09:49:46.948+0000] {processor.py:799} INFO - Processing file /home/airflow/.local/lib/python3.7/site-packages/airflow/example_dags/example_branch_python_dop_operator_3.py for tasks to queue
[2023-05-03T09:49:46.950+0000] {logging_mixin.py:149} INFO - [2023-05-03T09:49:46.950+0000] {dagbag.py:541} INFO - Filling up the DagBag from /home/airflow/.local/lib/python3.7/site-packages/airflow/example_dags/example_branch_python_dop_operator_3.py
[2023-05-03T09:49:46.971+0000] {processor.py:809} INFO - DAG(s) dict_keys(['example_branch_dop_operator_v3']) retrieved from /home/airflow/.local/lib/python3.7/site-packages/airflow/example_dags/example_branch_python_dop_operator_3.py
[2023-05-03T09:49:47.037+0000] {logging_mixin.py:149} INFO - [2023-05-03T09:49:47.036+0000] {dag.py:2726} INFO - Sync 1 DAGs
[2023-05-03T09:49:47.131+0000] {logging_mixin.py:149} INFO - [2023-05-03T09:49:47.131+0000] {dag.py:3490} INFO - Setting next_dagrun for example_branch_dop_operator_v3 to 2023-05-03T09:48:00+00:00, run_after=2023-05-03T09:49:00+00:00
[2023-05-03T09:49:47.205+0000] {processor.py:178} INFO - Processing /home/airflow/.local/lib/python3.7/site-packages/airflow/example_dags/example_branch_python_dop_operator_3.py took 0.263 seconds
[2023-05-03T09:50:18.080+0000] {processor.py:156} INFO - Started process (PID=1736) to work on /home/airflow/.local/lib/python3.7/site-packages/airflow/example_dags/example_branch_python_dop_operator_3.py
[2023-05-03T09:50:18.086+0000] {processor.py:799} INFO - Processing file /home/airflow/.local/lib/python3.7/site-packages/airflow/example_dags/example_branch_python_dop_operator_3.py for tasks to queue
[2023-05-03T09:50:18.091+0000] {logging_mixin.py:149} INFO - [2023-05-03T09:50:18.091+0000] {dagbag.py:541} INFO - Filling up the DagBag from /home/airflow/.local/lib/python3.7/site-packages/airflow/example_dags/example_branch_python_dop_operator_3.py
[2023-05-03T09:50:18.118+0000] {processor.py:809} INFO - DAG(s) dict_keys(['example_branch_dop_operator_v3']) retrieved from /home/airflow/.local/lib/python3.7/site-packages/airflow/example_dags/example_branch_python_dop_operator_3.py
[2023-05-03T09:50:18.201+0000] {logging_mixin.py:149} INFO - [2023-05-03T09:50:18.201+0000] {dag.py:2726} INFO - Sync 1 DAGs
[2023-05-03T09:50:18.284+0000] {logging_mixin.py:149} INFO - [2023-05-03T09:50:18.284+0000] {dag.py:3490} INFO - Setting next_dagrun for example_branch_dop_operator_v3 to 2023-05-03T09:49:00+00:00, run_after=2023-05-03T09:50:00+00:00
[2023-05-03T09:50:18.386+0000] {processor.py:178} INFO - Processing /home/airflow/.local/lib/python3.7/site-packages/airflow/example_dags/example_branch_python_dop_operator_3.py took 0.311 seconds
[2023-05-03T09:50:48.596+0000] {processor.py:156} INFO - Started process (PID=1970) to work on /home/airflow/.local/lib/python3.7/site-packages/airflow/example_dags/example_branch_python_dop_operator_3.py
[2023-05-03T09:50:48.598+0000] {processor.py:799} INFO - Processing file /home/airflow/.local/lib/python3.7/site-packages/airflow/example_dags/example_branch_python_dop_operator_3.py for tasks to queue
[2023-05-03T09:50:48.600+0000] {logging_mixin.py:149} INFO - [2023-05-03T09:50:48.599+0000] {dagbag.py:541} INFO - Filling up the DagBag from /home/airflow/.local/lib/python3.7/site-packages/airflow/example_dags/example_branch_python_dop_operator_3.py
[2023-05-03T09:50:48.622+0000] {processor.py:809} INFO - DAG(s) dict_keys(['example_branch_dop_operator_v3']) retrieved from /home/airflow/.local/lib/python3.7/site-packages/airflow/example_dags/example_branch_python_dop_operator_3.py
[2023-05-03T09:50:48.696+0000] {logging_mixin.py:149} INFO - [2023-05-03T09:50:48.696+0000] {dag.py:2726} INFO - Sync 1 DAGs
[2023-05-03T09:50:48.783+0000] {logging_mixin.py:149} INFO - [2023-05-03T09:50:48.783+0000] {dag.py:3490} INFO - Setting next_dagrun for example_branch_dop_operator_v3 to 2023-05-03T09:49:00+00:00, run_after=2023-05-03T09:50:00+00:00
[2023-05-03T09:50:48.848+0000] {processor.py:178} INFO - Processing /home/airflow/.local/lib/python3.7/site-packages/airflow/example_dags/example_branch_python_dop_operator_3.py took 0.260 seconds
[2023-05-03T09:51:44.002+0000] {processor.py:156} INFO - Started process (PID=2140) to work on /home/airflow/.local/lib/python3.7/site-packages/airflow/example_dags/example_branch_python_dop_operator_3.py
[2023-05-03T09:51:44.013+0000] {processor.py:799} INFO - Processing file /home/airflow/.local/lib/python3.7/site-packages/airflow/example_dags/example_branch_python_dop_operator_3.py for tasks to queue
[2023-05-03T09:51:44.019+0000] {logging_mixin.py:149} INFO - [2023-05-03T09:51:44.018+0000] {dagbag.py:541} INFO - Filling up the DagBag from /home/airflow/.local/lib/python3.7/site-packages/airflow/example_dags/example_branch_python_dop_operator_3.py
[2023-05-03T09:51:44.044+0000] {processor.py:809} INFO - DAG(s) dict_keys(['example_branch_dop_operator_v3']) retrieved from /home/airflow/.local/lib/python3.7/site-packages/airflow/example_dags/example_branch_python_dop_operator_3.py
[2023-05-03T09:51:44.183+0000] {logging_mixin.py:149} INFO - [2023-05-03T09:51:44.183+0000] {dag.py:2726} INFO - Sync 1 DAGs
[2023-05-03T09:51:44.349+0000] {logging_mixin.py:149} INFO - [2023-05-03T09:51:44.348+0000] {dag.py:3490} INFO - Setting next_dagrun for example_branch_dop_operator_v3 to 2023-05-03T09:50:00+00:00, run_after=2023-05-03T09:51:00+00:00
[2023-05-03T09:51:44.464+0000] {processor.py:178} INFO - Processing /home/airflow/.local/lib/python3.7/site-packages/airflow/example_dags/example_branch_python_dop_operator_3.py took 0.467 seconds
[2023-05-03T09:52:14.903+0000] {processor.py:156} INFO - Started process (PID=2373) to work on /home/airflow/.local/lib/python3.7/site-packages/airflow/example_dags/example_branch_python_dop_operator_3.py
[2023-05-03T09:52:14.906+0000] {processor.py:799} INFO - Processing file /home/airflow/.local/lib/python3.7/site-packages/airflow/example_dags/example_branch_python_dop_operator_3.py for tasks to queue
[2023-05-03T09:52:14.908+0000] {logging_mixin.py:149} INFO - [2023-05-03T09:52:14.908+0000] {dagbag.py:541} INFO - Filling up the DagBag from /home/airflow/.local/lib/python3.7/site-packages/airflow/example_dags/example_branch_python_dop_operator_3.py
[2023-05-03T09:52:14.927+0000] {processor.py:809} INFO - DAG(s) dict_keys(['example_branch_dop_operator_v3']) retrieved from /home/airflow/.local/lib/python3.7/site-packages/airflow/example_dags/example_branch_python_dop_operator_3.py
[2023-05-03T09:52:14.981+0000] {logging_mixin.py:149} INFO - [2023-05-03T09:52:14.980+0000] {dag.py:2726} INFO - Sync 1 DAGs
[2023-05-03T09:52:15.045+0000] {logging_mixin.py:149} INFO - [2023-05-03T09:52:15.044+0000] {dag.py:3490} INFO - Setting next_dagrun for example_branch_dop_operator_v3 to 2023-05-03T09:51:00+00:00, run_after=2023-05-03T09:52:00+00:00
[2023-05-03T09:52:15.097+0000] {processor.py:178} INFO - Processing /home/airflow/.local/lib/python3.7/site-packages/airflow/example_dags/example_branch_python_dop_operator_3.py took 0.201 seconds
[2023-05-03T09:52:50.934+0000] {processor.py:156} INFO - Started process (PID=2611) to work on /home/airflow/.local/lib/python3.7/site-packages/airflow/example_dags/example_branch_python_dop_operator_3.py
[2023-05-03T09:52:50.937+0000] {processor.py:799} INFO - Processing file /home/airflow/.local/lib/python3.7/site-packages/airflow/example_dags/example_branch_python_dop_operator_3.py for tasks to queue
[2023-05-03T09:52:50.939+0000] {logging_mixin.py:149} INFO - [2023-05-03T09:52:50.938+0000] {dagbag.py:541} INFO - Filling up the DagBag from /home/airflow/.local/lib/python3.7/site-packages/airflow/example_dags/example_branch_python_dop_operator_3.py
[2023-05-03T09:52:50.963+0000] {processor.py:809} INFO - DAG(s) dict_keys(['example_branch_dop_operator_v3']) retrieved from /home/airflow/.local/lib/python3.7/site-packages/airflow/example_dags/example_branch_python_dop_operator_3.py
[2023-05-03T09:52:51.055+0000] {logging_mixin.py:149} INFO - [2023-05-03T09:52:51.055+0000] {dag.py:2726} INFO - Sync 1 DAGs
[2023-05-03T09:52:51.520+0000] {logging_mixin.py:149} INFO - [2023-05-03T09:52:51.519+0000] {dag.py:3490} INFO - Setting next_dagrun for example_branch_dop_operator_v3 to 2023-05-03T09:51:00+00:00, run_after=2023-05-03T09:52:00+00:00
[2023-05-03T09:52:51.597+0000] {processor.py:178} INFO - Processing /home/airflow/.local/lib/python3.7/site-packages/airflow/example_dags/example_branch_python_dop_operator_3.py took 0.680 seconds
[2023-05-03T09:53:21.973+0000] {processor.py:156} INFO - Started process (PID=2844) to work on /home/airflow/.local/lib/python3.7/site-packages/airflow/example_dags/example_branch_python_dop_operator_3.py
[2023-05-03T09:53:21.976+0000] {processor.py:799} INFO - Processing file /home/airflow/.local/lib/python3.7/site-packages/airflow/example_dags/example_branch_python_dop_operator_3.py for tasks to queue
[2023-05-03T09:53:21.986+0000] {logging_mixin.py:149} INFO - [2023-05-03T09:53:21.986+0000] {dagbag.py:541} INFO - Filling up the DagBag from /home/airflow/.local/lib/python3.7/site-packages/airflow/example_dags/example_branch_python_dop_operator_3.py
[2023-05-03T09:53:22.007+0000] {processor.py:809} INFO - DAG(s) dict_keys(['example_branch_dop_operator_v3']) retrieved from /home/airflow/.local/lib/python3.7/site-packages/airflow/example_dags/example_branch_python_dop_operator_3.py
[2023-05-03T09:53:22.089+0000] {logging_mixin.py:149} INFO - [2023-05-03T09:53:22.089+0000] {dag.py:2726} INFO - Sync 1 DAGs
[2023-05-03T09:53:22.174+0000] {logging_mixin.py:149} INFO - [2023-05-03T09:53:22.173+0000] {dag.py:3490} INFO - Setting next_dagrun for example_branch_dop_operator_v3 to 2023-05-03T09:52:00+00:00, run_after=2023-05-03T09:53:00+00:00
[2023-05-03T09:53:22.237+0000] {processor.py:178} INFO - Processing /home/airflow/.local/lib/python3.7/site-packages/airflow/example_dags/example_branch_python_dop_operator_3.py took 0.272 seconds
[2023-05-03T09:53:53.546+0000] {processor.py:156} INFO - Started process (PID=3069) to work on /home/airflow/.local/lib/python3.7/site-packages/airflow/example_dags/example_branch_python_dop_operator_3.py
[2023-05-03T09:53:53.553+0000] {processor.py:799} INFO - Processing file /home/airflow/.local/lib/python3.7/site-packages/airflow/example_dags/example_branch_python_dop_operator_3.py for tasks to queue
[2023-05-03T09:53:53.556+0000] {logging_mixin.py:149} INFO - [2023-05-03T09:53:53.556+0000] {dagbag.py:541} INFO - Filling up the DagBag from /home/airflow/.local/lib/python3.7/site-packages/airflow/example_dags/example_branch_python_dop_operator_3.py
[2023-05-03T09:53:53.588+0000] {processor.py:809} INFO - DAG(s) dict_keys(['example_branch_dop_operator_v3']) retrieved from /home/airflow/.local/lib/python3.7/site-packages/airflow/example_dags/example_branch_python_dop_operator_3.py
[2023-05-03T09:53:53.691+0000] {logging_mixin.py:149} INFO - [2023-05-03T09:53:53.691+0000] {dag.py:2726} INFO - Sync 1 DAGs
[2023-05-03T09:53:53.804+0000] {logging_mixin.py:149} INFO - [2023-05-03T09:53:53.804+0000] {dag.py:3490} INFO - Setting next_dagrun for example_branch_dop_operator_v3 to 2023-05-03T09:52:00+00:00, run_after=2023-05-03T09:53:00+00:00
[2023-05-03T09:53:53.891+0000] {processor.py:178} INFO - Processing /home/airflow/.local/lib/python3.7/site-packages/airflow/example_dags/example_branch_python_dop_operator_3.py took 0.350 seconds
[2023-05-03T09:54:49.228+0000] {processor.py:156} INFO - Started process (PID=3251) to work on /home/airflow/.local/lib/python3.7/site-packages/airflow/example_dags/example_branch_python_dop_operator_3.py
[2023-05-03T09:54:49.234+0000] {processor.py:799} INFO - Processing file /home/airflow/.local/lib/python3.7/site-packages/airflow/example_dags/example_branch_python_dop_operator_3.py for tasks to queue
[2023-05-03T09:54:49.241+0000] {logging_mixin.py:149} INFO - [2023-05-03T09:54:49.241+0000] {dagbag.py:541} INFO - Filling up the DagBag from /home/airflow/.local/lib/python3.7/site-packages/airflow/example_dags/example_branch_python_dop_operator_3.py
[2023-05-03T09:54:49.269+0000] {processor.py:809} INFO - DAG(s) dict_keys(['example_branch_dop_operator_v3']) retrieved from /home/airflow/.local/lib/python3.7/site-packages/airflow/example_dags/example_branch_python_dop_operator_3.py
[2023-05-03T09:54:49.364+0000] {logging_mixin.py:149} INFO - [2023-05-03T09:54:49.363+0000] {dag.py:2726} INFO - Sync 1 DAGs
[2023-05-03T09:54:49.884+0000] {logging_mixin.py:149} INFO - [2023-05-03T09:54:49.884+0000] {dag.py:3490} INFO - Setting next_dagrun for example_branch_dop_operator_v3 to 2023-05-03T09:53:00+00:00, run_after=2023-05-03T09:54:00+00:00
[2023-05-03T09:54:49.959+0000] {processor.py:178} INFO - Processing /home/airflow/.local/lib/python3.7/site-packages/airflow/example_dags/example_branch_python_dop_operator_3.py took 0.736 seconds
[2023-05-03T09:55:20.342+0000] {processor.py:156} INFO - Started process (PID=3484) to work on /home/airflow/.local/lib/python3.7/site-packages/airflow/example_dags/example_branch_python_dop_operator_3.py
[2023-05-03T09:55:20.344+0000] {processor.py:799} INFO - Processing file /home/airflow/.local/lib/python3.7/site-packages/airflow/example_dags/example_branch_python_dop_operator_3.py for tasks to queue
[2023-05-03T09:55:20.345+0000] {logging_mixin.py:149} INFO - [2023-05-03T09:55:20.345+0000] {dagbag.py:541} INFO - Filling up the DagBag from /home/airflow/.local/lib/python3.7/site-packages/airflow/example_dags/example_branch_python_dop_operator_3.py
[2023-05-03T09:55:20.359+0000] {processor.py:809} INFO - DAG(s) dict_keys(['example_branch_dop_operator_v3']) retrieved from /home/airflow/.local/lib/python3.7/site-packages/airflow/example_dags/example_branch_python_dop_operator_3.py
[2023-05-03T09:55:20.397+0000] {logging_mixin.py:149} INFO - [2023-05-03T09:55:20.397+0000] {dag.py:2726} INFO - Sync 1 DAGs
[2023-05-03T09:55:20.447+0000] {logging_mixin.py:149} INFO - [2023-05-03T09:55:20.447+0000] {dag.py:3490} INFO - Setting next_dagrun for example_branch_dop_operator_v3 to 2023-05-03T09:54:00+00:00, run_after=2023-05-03T09:55:00+00:00
[2023-05-03T09:55:20.482+0000] {processor.py:178} INFO - Processing /home/airflow/.local/lib/python3.7/site-packages/airflow/example_dags/example_branch_python_dop_operator_3.py took 0.144 seconds
[2023-05-03T09:55:50.580+0000] {processor.py:156} INFO - Started process (PID=3718) to work on /home/airflow/.local/lib/python3.7/site-packages/airflow/example_dags/example_branch_python_dop_operator_3.py
[2023-05-03T09:55:50.585+0000] {processor.py:799} INFO - Processing file /home/airflow/.local/lib/python3.7/site-packages/airflow/example_dags/example_branch_python_dop_operator_3.py for tasks to queue
[2023-05-03T09:55:50.587+0000] {logging_mixin.py:149} INFO - [2023-05-03T09:55:50.587+0000] {dagbag.py:541} INFO - Filling up the DagBag from /home/airflow/.local/lib/python3.7/site-packages/airflow/example_dags/example_branch_python_dop_operator_3.py
[2023-05-03T09:55:50.612+0000] {processor.py:809} INFO - DAG(s) dict_keys(['example_branch_dop_operator_v3']) retrieved from /home/airflow/.local/lib/python3.7/site-packages/airflow/example_dags/example_branch_python_dop_operator_3.py
[2023-05-03T09:55:50.685+0000] {logging_mixin.py:149} INFO - [2023-05-03T09:55:50.685+0000] {dag.py:2726} INFO - Sync 1 DAGs
[2023-05-03T09:55:51.119+0000] {logging_mixin.py:149} INFO - [2023-05-03T09:55:51.119+0000] {dag.py:3490} INFO - Setting next_dagrun for example_branch_dop_operator_v3 to 2023-05-03T09:54:00+00:00, run_after=2023-05-03T09:55:00+00:00
[2023-05-03T09:55:51.218+0000] {processor.py:178} INFO - Processing /home/airflow/.local/lib/python3.7/site-packages/airflow/example_dags/example_branch_python_dop_operator_3.py took 0.646 seconds
[2023-05-03T09:56:22.236+0000] {processor.py:156} INFO - Started process (PID=3909) to work on /home/airflow/.local/lib/python3.7/site-packages/airflow/example_dags/example_branch_python_dop_operator_3.py
[2023-05-03T09:56:22.249+0000] {processor.py:799} INFO - Processing file /home/airflow/.local/lib/python3.7/site-packages/airflow/example_dags/example_branch_python_dop_operator_3.py for tasks to queue
[2023-05-03T09:56:22.252+0000] {logging_mixin.py:149} INFO - [2023-05-03T09:56:22.251+0000] {dagbag.py:541} INFO - Filling up the DagBag from /home/airflow/.local/lib/python3.7/site-packages/airflow/example_dags/example_branch_python_dop_operator_3.py
[2023-05-03T09:56:22.279+0000] {processor.py:809} INFO - DAG(s) dict_keys(['example_branch_dop_operator_v3']) retrieved from /home/airflow/.local/lib/python3.7/site-packages/airflow/example_dags/example_branch_python_dop_operator_3.py
[2023-05-03T09:56:22.363+0000] {logging_mixin.py:149} INFO - [2023-05-03T09:56:22.363+0000] {dag.py:2726} INFO - Sync 1 DAGs
[2023-05-03T09:56:22.480+0000] {logging_mixin.py:149} INFO - [2023-05-03T09:56:22.480+0000] {dag.py:3490} INFO - Setting next_dagrun for example_branch_dop_operator_v3 to 2023-05-03T09:55:00+00:00, run_after=2023-05-03T09:56:00+00:00
[2023-05-03T09:56:22.557+0000] {processor.py:178} INFO - Processing /home/airflow/.local/lib/python3.7/site-packages/airflow/example_dags/example_branch_python_dop_operator_3.py took 0.334 seconds
[2023-05-03T09:56:55.646+0000] {processor.py:156} INFO - Started process (PID=4144) to work on /home/airflow/.local/lib/python3.7/site-packages/airflow/example_dags/example_branch_python_dop_operator_3.py
[2023-05-03T09:56:55.661+0000] {processor.py:799} INFO - Processing file /home/airflow/.local/lib/python3.7/site-packages/airflow/example_dags/example_branch_python_dop_operator_3.py for tasks to queue
[2023-05-03T09:56:55.662+0000] {logging_mixin.py:149} INFO - [2023-05-03T09:56:55.662+0000] {dagbag.py:541} INFO - Filling up the DagBag from /home/airflow/.local/lib/python3.7/site-packages/airflow/example_dags/example_branch_python_dop_operator_3.py
[2023-05-03T09:56:55.684+0000] {processor.py:809} INFO - DAG(s) dict_keys(['example_branch_dop_operator_v3']) retrieved from /home/airflow/.local/lib/python3.7/site-packages/airflow/example_dags/example_branch_python_dop_operator_3.py
[2023-05-03T09:56:55.773+0000] {logging_mixin.py:149} INFO - [2023-05-03T09:56:55.773+0000] {dag.py:2726} INFO - Sync 1 DAGs
[2023-05-03T09:56:56.181+0000] {logging_mixin.py:149} INFO - [2023-05-03T09:56:56.181+0000] {dag.py:3490} INFO - Setting next_dagrun for example_branch_dop_operator_v3 to 2023-05-03T09:55:00+00:00, run_after=2023-05-03T09:56:00+00:00
[2023-05-03T09:56:56.265+0000] {processor.py:178} INFO - Processing /home/airflow/.local/lib/python3.7/site-packages/airflow/example_dags/example_branch_python_dop_operator_3.py took 0.623 seconds
[2023-05-03T09:57:33.112+0000] {processor.py:156} INFO - Started process (PID=4379) to work on /home/airflow/.local/lib/python3.7/site-packages/airflow/example_dags/example_branch_python_dop_operator_3.py
[2023-05-03T09:57:33.132+0000] {processor.py:799} INFO - Processing file /home/airflow/.local/lib/python3.7/site-packages/airflow/example_dags/example_branch_python_dop_operator_3.py for tasks to queue
[2023-05-03T09:57:33.141+0000] {logging_mixin.py:149} INFO - [2023-05-03T09:57:33.140+0000] {dagbag.py:541} INFO - Filling up the DagBag from /home/airflow/.local/lib/python3.7/site-packages/airflow/example_dags/example_branch_python_dop_operator_3.py
[2023-05-03T09:57:33.180+0000] {processor.py:809} INFO - DAG(s) dict_keys(['example_branch_dop_operator_v3']) retrieved from /home/airflow/.local/lib/python3.7/site-packages/airflow/example_dags/example_branch_python_dop_operator_3.py
[2023-05-03T09:57:33.280+0000] {logging_mixin.py:149} INFO - [2023-05-03T09:57:33.280+0000] {dag.py:2726} INFO - Sync 1 DAGs
[2023-05-03T09:57:33.541+0000] {logging_mixin.py:149} INFO - [2023-05-03T09:57:33.516+0000] {dag.py:3490} INFO - Setting next_dagrun for example_branch_dop_operator_v3 to 2023-05-03T09:56:00+00:00, run_after=2023-05-03T09:57:00+00:00
[2023-05-03T09:57:33.671+0000] {processor.py:178} INFO - Processing /home/airflow/.local/lib/python3.7/site-packages/airflow/example_dags/example_branch_python_dop_operator_3.py took 0.575 seconds
[2023-05-03T09:58:04.379+0000] {processor.py:156} INFO - Started process (PID=4615) to work on /home/airflow/.local/lib/python3.7/site-packages/airflow/example_dags/example_branch_python_dop_operator_3.py
[2023-05-03T09:58:04.381+0000] {processor.py:799} INFO - Processing file /home/airflow/.local/lib/python3.7/site-packages/airflow/example_dags/example_branch_python_dop_operator_3.py for tasks to queue
[2023-05-03T09:58:04.382+0000] {logging_mixin.py:149} INFO - [2023-05-03T09:58:04.382+0000] {dagbag.py:541} INFO - Filling up the DagBag from /home/airflow/.local/lib/python3.7/site-packages/airflow/example_dags/example_branch_python_dop_operator_3.py
[2023-05-03T09:58:04.402+0000] {processor.py:809} INFO - DAG(s) dict_keys(['example_branch_dop_operator_v3']) retrieved from /home/airflow/.local/lib/python3.7/site-packages/airflow/example_dags/example_branch_python_dop_operator_3.py
[2023-05-03T09:58:04.507+0000] {logging_mixin.py:149} INFO - [2023-05-03T09:58:04.507+0000] {dag.py:2726} INFO - Sync 1 DAGs
[2023-05-03T09:58:04.787+0000] {logging_mixin.py:149} INFO - [2023-05-03T09:58:04.786+0000] {dag.py:3490} INFO - Setting next_dagrun for example_branch_dop_operator_v3 to 2023-05-03T09:57:00+00:00, run_after=2023-05-03T09:58:00+00:00
[2023-05-03T09:58:04.818+0000] {processor.py:178} INFO - Processing /home/airflow/.local/lib/python3.7/site-packages/airflow/example_dags/example_branch_python_dop_operator_3.py took 0.446 seconds
[2023-05-03T09:58:35.196+0000] {processor.py:156} INFO - Started process (PID=4851) to work on /home/airflow/.local/lib/python3.7/site-packages/airflow/example_dags/example_branch_python_dop_operator_3.py
[2023-05-03T09:58:35.198+0000] {processor.py:799} INFO - Processing file /home/airflow/.local/lib/python3.7/site-packages/airflow/example_dags/example_branch_python_dop_operator_3.py for tasks to queue
[2023-05-03T09:58:35.199+0000] {logging_mixin.py:149} INFO - [2023-05-03T09:58:35.199+0000] {dagbag.py:541} INFO - Filling up the DagBag from /home/airflow/.local/lib/python3.7/site-packages/airflow/example_dags/example_branch_python_dop_operator_3.py
[2023-05-03T09:58:35.227+0000] {processor.py:809} INFO - DAG(s) dict_keys(['example_branch_dop_operator_v3']) retrieved from /home/airflow/.local/lib/python3.7/site-packages/airflow/example_dags/example_branch_python_dop_operator_3.py
[2023-05-03T09:58:35.286+0000] {logging_mixin.py:149} INFO - [2023-05-03T09:58:35.286+0000] {dag.py:2726} INFO - Sync 1 DAGs
[2023-05-03T09:58:35.355+0000] {logging_mixin.py:149} INFO - [2023-05-03T09:58:35.354+0000] {dag.py:3490} INFO - Setting next_dagrun for example_branch_dop_operator_v3 to 2023-05-03T09:57:00+00:00, run_after=2023-05-03T09:58:00+00:00
[2023-05-03T09:58:35.415+0000] {processor.py:178} INFO - Processing /home/airflow/.local/lib/python3.7/site-packages/airflow/example_dags/example_branch_python_dop_operator_3.py took 0.225 seconds
[2023-05-03T09:59:06.801+0000] {processor.py:156} INFO - Started process (PID=5088) to work on /home/airflow/.local/lib/python3.7/site-packages/airflow/example_dags/example_branch_python_dop_operator_3.py
[2023-05-03T09:59:06.811+0000] {processor.py:799} INFO - Processing file /home/airflow/.local/lib/python3.7/site-packages/airflow/example_dags/example_branch_python_dop_operator_3.py for tasks to queue
[2023-05-03T09:59:06.814+0000] {logging_mixin.py:149} INFO - [2023-05-03T09:59:06.813+0000] {dagbag.py:541} INFO - Filling up the DagBag from /home/airflow/.local/lib/python3.7/site-packages/airflow/example_dags/example_branch_python_dop_operator_3.py
[2023-05-03T09:59:06.851+0000] {processor.py:809} INFO - DAG(s) dict_keys(['example_branch_dop_operator_v3']) retrieved from /home/airflow/.local/lib/python3.7/site-packages/airflow/example_dags/example_branch_python_dop_operator_3.py
[2023-05-03T09:59:06.954+0000] {logging_mixin.py:149} INFO - [2023-05-03T09:59:06.954+0000] {dag.py:2726} INFO - Sync 1 DAGs
[2023-05-03T09:59:07.265+0000] {logging_mixin.py:149} INFO - [2023-05-03T09:59:07.265+0000] {dag.py:3490} INFO - Setting next_dagrun for example_branch_dop_operator_v3 to 2023-05-03T09:58:00+00:00, run_after=2023-05-03T09:59:00+00:00
[2023-05-03T09:59:07.308+0000] {processor.py:178} INFO - Processing /home/airflow/.local/lib/python3.7/site-packages/airflow/example_dags/example_branch_python_dop_operator_3.py took 0.513 seconds
[2023-05-03T09:59:37.853+0000] {processor.py:156} INFO - Started process (PID=5326) to work on /home/airflow/.local/lib/python3.7/site-packages/airflow/example_dags/example_branch_python_dop_operator_3.py
[2023-05-03T09:59:37.857+0000] {processor.py:799} INFO - Processing file /home/airflow/.local/lib/python3.7/site-packages/airflow/example_dags/example_branch_python_dop_operator_3.py for tasks to queue
[2023-05-03T09:59:37.860+0000] {logging_mixin.py:149} INFO - [2023-05-03T09:59:37.859+0000] {dagbag.py:541} INFO - Filling up the DagBag from /home/airflow/.local/lib/python3.7/site-packages/airflow/example_dags/example_branch_python_dop_operator_3.py
[2023-05-03T09:59:37.878+0000] {processor.py:809} INFO - DAG(s) dict_keys(['example_branch_dop_operator_v3']) retrieved from /home/airflow/.local/lib/python3.7/site-packages/airflow/example_dags/example_branch_python_dop_operator_3.py
[2023-05-03T09:59:37.916+0000] {logging_mixin.py:149} INFO - [2023-05-03T09:59:37.915+0000] {dag.py:2726} INFO - Sync 1 DAGs
[2023-05-03T09:59:37.967+0000] {logging_mixin.py:149} INFO - [2023-05-03T09:59:37.967+0000] {dag.py:3490} INFO - Setting next_dagrun for example_branch_dop_operator_v3 to 2023-05-03T09:58:00+00:00, run_after=2023-05-03T09:59:00+00:00
[2023-05-03T09:59:38.036+0000] {processor.py:178} INFO - Processing /home/airflow/.local/lib/python3.7/site-packages/airflow/example_dags/example_branch_python_dop_operator_3.py took 0.190 seconds
[2023-05-03T10:00:08.494+0000] {processor.py:156} INFO - Started process (PID=5560) to work on /home/airflow/.local/lib/python3.7/site-packages/airflow/example_dags/example_branch_python_dop_operator_3.py
[2023-05-03T10:00:08.496+0000] {processor.py:799} INFO - Processing file /home/airflow/.local/lib/python3.7/site-packages/airflow/example_dags/example_branch_python_dop_operator_3.py for tasks to queue
[2023-05-03T10:00:08.497+0000] {logging_mixin.py:149} INFO - [2023-05-03T10:00:08.497+0000] {dagbag.py:541} INFO - Filling up the DagBag from /home/airflow/.local/lib/python3.7/site-packages/airflow/example_dags/example_branch_python_dop_operator_3.py
[2023-05-03T10:00:08.545+0000] {processor.py:809} INFO - DAG(s) dict_keys(['example_branch_dop_operator_v3']) retrieved from /home/airflow/.local/lib/python3.7/site-packages/airflow/example_dags/example_branch_python_dop_operator_3.py
[2023-05-03T10:00:08.660+0000] {logging_mixin.py:149} INFO - [2023-05-03T10:00:08.656+0000] {dag.py:2726} INFO - Sync 1 DAGs
[2023-05-03T10:00:08.826+0000] {logging_mixin.py:149} INFO - [2023-05-03T10:00:08.826+0000] {dag.py:3490} INFO - Setting next_dagrun for example_branch_dop_operator_v3 to 2023-05-03T09:59:00+00:00, run_after=2023-05-03T10:00:00+00:00
[2023-05-03T10:00:08.906+0000] {processor.py:178} INFO - Processing /home/airflow/.local/lib/python3.7/site-packages/airflow/example_dags/example_branch_python_dop_operator_3.py took 0.417 seconds
[2023-05-03T10:00:39.496+0000] {processor.py:156} INFO - Started process (PID=5798) to work on /home/airflow/.local/lib/python3.7/site-packages/airflow/example_dags/example_branch_python_dop_operator_3.py
[2023-05-03T10:00:39.500+0000] {processor.py:799} INFO - Processing file /home/airflow/.local/lib/python3.7/site-packages/airflow/example_dags/example_branch_python_dop_operator_3.py for tasks to queue
[2023-05-03T10:00:39.502+0000] {logging_mixin.py:149} INFO - [2023-05-03T10:00:39.502+0000] {dagbag.py:541} INFO - Filling up the DagBag from /home/airflow/.local/lib/python3.7/site-packages/airflow/example_dags/example_branch_python_dop_operator_3.py
[2023-05-03T10:00:39.523+0000] {processor.py:809} INFO - DAG(s) dict_keys(['example_branch_dop_operator_v3']) retrieved from /home/airflow/.local/lib/python3.7/site-packages/airflow/example_dags/example_branch_python_dop_operator_3.py
[2023-05-03T10:00:39.590+0000] {logging_mixin.py:149} INFO - [2023-05-03T10:00:39.590+0000] {dag.py:2726} INFO - Sync 1 DAGs
[2023-05-03T10:00:39.672+0000] {logging_mixin.py:149} INFO - [2023-05-03T10:00:39.661+0000] {dag.py:3490} INFO - Setting next_dagrun for example_branch_dop_operator_v3 to 2023-05-03T09:59:00+00:00, run_after=2023-05-03T10:00:00+00:00
[2023-05-03T10:00:39.728+0000] {processor.py:178} INFO - Processing /home/airflow/.local/lib/python3.7/site-packages/airflow/example_dags/example_branch_python_dop_operator_3.py took 0.237 seconds
[2023-05-03T10:01:09.977+0000] {processor.py:156} INFO - Started process (PID=6028) to work on /home/airflow/.local/lib/python3.7/site-packages/airflow/example_dags/example_branch_python_dop_operator_3.py
[2023-05-03T10:01:09.979+0000] {processor.py:799} INFO - Processing file /home/airflow/.local/lib/python3.7/site-packages/airflow/example_dags/example_branch_python_dop_operator_3.py for tasks to queue
[2023-05-03T10:01:09.980+0000] {logging_mixin.py:149} INFO - [2023-05-03T10:01:09.980+0000] {dagbag.py:541} INFO - Filling up the DagBag from /home/airflow/.local/lib/python3.7/site-packages/airflow/example_dags/example_branch_python_dop_operator_3.py
[2023-05-03T10:01:09.998+0000] {processor.py:809} INFO - DAG(s) dict_keys(['example_branch_dop_operator_v3']) retrieved from /home/airflow/.local/lib/python3.7/site-packages/airflow/example_dags/example_branch_python_dop_operator_3.py
[2023-05-03T10:01:10.053+0000] {logging_mixin.py:149} INFO - [2023-05-03T10:01:10.052+0000] {dag.py:2726} INFO - Sync 1 DAGs
[2023-05-03T10:01:10.118+0000] {logging_mixin.py:149} INFO - [2023-05-03T10:01:10.118+0000] {dag.py:3490} INFO - Setting next_dagrun for example_branch_dop_operator_v3 to 2023-05-03T10:00:00+00:00, run_after=2023-05-03T10:01:00+00:00
[2023-05-03T10:01:10.170+0000] {processor.py:178} INFO - Processing /home/airflow/.local/lib/python3.7/site-packages/airflow/example_dags/example_branch_python_dop_operator_3.py took 0.200 seconds
[2023-05-03T10:01:40.594+0000] {processor.py:156} INFO - Started process (PID=6258) to work on /home/airflow/.local/lib/python3.7/site-packages/airflow/example_dags/example_branch_python_dop_operator_3.py
[2023-05-03T10:01:40.599+0000] {processor.py:799} INFO - Processing file /home/airflow/.local/lib/python3.7/site-packages/airflow/example_dags/example_branch_python_dop_operator_3.py for tasks to queue
[2023-05-03T10:01:40.601+0000] {logging_mixin.py:149} INFO - [2023-05-03T10:01:40.601+0000] {dagbag.py:541} INFO - Filling up the DagBag from /home/airflow/.local/lib/python3.7/site-packages/airflow/example_dags/example_branch_python_dop_operator_3.py
[2023-05-03T10:01:40.624+0000] {processor.py:809} INFO - DAG(s) dict_keys(['example_branch_dop_operator_v3']) retrieved from /home/airflow/.local/lib/python3.7/site-packages/airflow/example_dags/example_branch_python_dop_operator_3.py
[2023-05-03T10:01:40.736+0000] {logging_mixin.py:149} INFO - [2023-05-03T10:01:40.736+0000] {dag.py:2726} INFO - Sync 1 DAGs
[2023-05-03T10:01:40.875+0000] {logging_mixin.py:149} INFO - [2023-05-03T10:01:40.874+0000] {dag.py:3490} INFO - Setting next_dagrun for example_branch_dop_operator_v3 to 2023-05-03T10:00:00+00:00, run_after=2023-05-03T10:01:00+00:00
[2023-05-03T10:01:40.955+0000] {processor.py:178} INFO - Processing /home/airflow/.local/lib/python3.7/site-packages/airflow/example_dags/example_branch_python_dop_operator_3.py took 0.370 seconds
[2023-05-03T10:45:38.986+0000] {processor.py:156} INFO - Started process (PID=6451) to work on /home/airflow/.local/lib/python3.7/site-packages/airflow/example_dags/example_branch_python_dop_operator_3.py
[2023-05-03T10:45:38.994+0000] {processor.py:799} INFO - Processing file /home/airflow/.local/lib/python3.7/site-packages/airflow/example_dags/example_branch_python_dop_operator_3.py for tasks to queue
[2023-05-03T10:45:39.000+0000] {logging_mixin.py:149} INFO - [2023-05-03T10:45:38.999+0000] {dagbag.py:541} INFO - Filling up the DagBag from /home/airflow/.local/lib/python3.7/site-packages/airflow/example_dags/example_branch_python_dop_operator_3.py
[2023-05-03T10:45:39.029+0000] {processor.py:809} INFO - DAG(s) dict_keys(['example_branch_dop_operator_v3']) retrieved from /home/airflow/.local/lib/python3.7/site-packages/airflow/example_dags/example_branch_python_dop_operator_3.py
[2023-05-03T10:45:39.167+0000] {logging_mixin.py:149} INFO - [2023-05-03T10:45:39.167+0000] {dag.py:2726} INFO - Sync 1 DAGs
[2023-05-03T10:45:39.313+0000] {logging_mixin.py:149} INFO - [2023-05-03T10:45:39.312+0000] {dag.py:3490} INFO - Setting next_dagrun for example_branch_dop_operator_v3 to 2023-05-03T10:44:00+00:00, run_after=2023-05-03T10:45:00+00:00
[2023-05-03T10:45:39.428+0000] {processor.py:178} INFO - Processing /home/airflow/.local/lib/python3.7/site-packages/airflow/example_dags/example_branch_python_dop_operator_3.py took 0.454 seconds
[2023-05-03T10:46:16.910+0000] {processor.py:156} INFO - Started process (PID=6647) to work on /home/airflow/.local/lib/python3.7/site-packages/airflow/example_dags/example_branch_python_dop_operator_3.py
[2023-05-03T10:46:16.914+0000] {processor.py:799} INFO - Processing file /home/airflow/.local/lib/python3.7/site-packages/airflow/example_dags/example_branch_python_dop_operator_3.py for tasks to queue
[2023-05-03T10:46:16.921+0000] {logging_mixin.py:149} INFO - [2023-05-03T10:46:16.920+0000] {dagbag.py:541} INFO - Filling up the DagBag from /home/airflow/.local/lib/python3.7/site-packages/airflow/example_dags/example_branch_python_dop_operator_3.py
[2023-05-03T10:46:16.944+0000] {processor.py:809} INFO - DAG(s) dict_keys(['example_branch_dop_operator_v3']) retrieved from /home/airflow/.local/lib/python3.7/site-packages/airflow/example_dags/example_branch_python_dop_operator_3.py
[2023-05-03T10:46:17.068+0000] {logging_mixin.py:149} INFO - [2023-05-03T10:46:17.068+0000] {dag.py:2726} INFO - Sync 1 DAGs
[2023-05-03T10:46:17.187+0000] {logging_mixin.py:149} INFO - [2023-05-03T10:46:17.187+0000] {dag.py:3490} INFO - Setting next_dagrun for example_branch_dop_operator_v3 to 2023-05-03T10:45:00+00:00, run_after=2023-05-03T10:46:00+00:00
[2023-05-03T10:46:17.280+0000] {processor.py:178} INFO - Processing /home/airflow/.local/lib/python3.7/site-packages/airflow/example_dags/example_branch_python_dop_operator_3.py took 0.376 seconds
[2023-05-03T10:47:37.968+0000] {processor.py:156} INFO - Started process (PID=6802) to work on /home/airflow/.local/lib/python3.7/site-packages/airflow/example_dags/example_branch_python_dop_operator_3.py
[2023-05-03T10:47:37.978+0000] {processor.py:799} INFO - Processing file /home/airflow/.local/lib/python3.7/site-packages/airflow/example_dags/example_branch_python_dop_operator_3.py for tasks to queue
[2023-05-03T10:47:37.982+0000] {logging_mixin.py:149} INFO - [2023-05-03T10:47:37.982+0000] {dagbag.py:541} INFO - Filling up the DagBag from /home/airflow/.local/lib/python3.7/site-packages/airflow/example_dags/example_branch_python_dop_operator_3.py
[2023-05-03T10:47:38.021+0000] {processor.py:809} INFO - DAG(s) dict_keys(['example_branch_dop_operator_v3']) retrieved from /home/airflow/.local/lib/python3.7/site-packages/airflow/example_dags/example_branch_python_dop_operator_3.py
[2023-05-03T10:47:38.178+0000] {logging_mixin.py:149} INFO - [2023-05-03T10:47:38.178+0000] {dag.py:2726} INFO - Sync 1 DAGs
[2023-05-03T10:47:38.326+0000] {logging_mixin.py:149} INFO - [2023-05-03T10:47:38.325+0000] {dag.py:3490} INFO - Setting next_dagrun for example_branch_dop_operator_v3 to 2023-05-03T10:46:00+00:00, run_after=2023-05-03T10:47:00+00:00
[2023-05-03T10:47:38.423+0000] {processor.py:178} INFO - Processing /home/airflow/.local/lib/python3.7/site-packages/airflow/example_dags/example_branch_python_dop_operator_3.py took 0.463 seconds
[2023-05-03T10:48:08.777+0000] {processor.py:156} INFO - Started process (PID=7035) to work on /home/airflow/.local/lib/python3.7/site-packages/airflow/example_dags/example_branch_python_dop_operator_3.py
[2023-05-03T10:48:08.779+0000] {processor.py:799} INFO - Processing file /home/airflow/.local/lib/python3.7/site-packages/airflow/example_dags/example_branch_python_dop_operator_3.py for tasks to queue
[2023-05-03T10:48:08.787+0000] {logging_mixin.py:149} INFO - [2023-05-03T10:48:08.787+0000] {dagbag.py:541} INFO - Filling up the DagBag from /home/airflow/.local/lib/python3.7/site-packages/airflow/example_dags/example_branch_python_dop_operator_3.py
[2023-05-03T10:48:08.824+0000] {processor.py:809} INFO - DAG(s) dict_keys(['example_branch_dop_operator_v3']) retrieved from /home/airflow/.local/lib/python3.7/site-packages/airflow/example_dags/example_branch_python_dop_operator_3.py
[2023-05-03T10:48:08.916+0000] {logging_mixin.py:149} INFO - [2023-05-03T10:48:08.916+0000] {dag.py:2726} INFO - Sync 1 DAGs
[2023-05-03T10:48:09.009+0000] {logging_mixin.py:149} INFO - [2023-05-03T10:48:09.009+0000] {dag.py:3490} INFO - Setting next_dagrun for example_branch_dop_operator_v3 to 2023-05-03T10:47:00+00:00, run_after=2023-05-03T10:48:00+00:00
[2023-05-03T10:48:09.059+0000] {processor.py:178} INFO - Processing /home/airflow/.local/lib/python3.7/site-packages/airflow/example_dags/example_branch_python_dop_operator_3.py took 0.299 seconds
[2023-05-03T10:48:40.014+0000] {processor.py:156} INFO - Started process (PID=7271) to work on /home/airflow/.local/lib/python3.7/site-packages/airflow/example_dags/example_branch_python_dop_operator_3.py
[2023-05-03T10:48:40.017+0000] {processor.py:799} INFO - Processing file /home/airflow/.local/lib/python3.7/site-packages/airflow/example_dags/example_branch_python_dop_operator_3.py for tasks to queue
[2023-05-03T10:48:40.018+0000] {logging_mixin.py:149} INFO - [2023-05-03T10:48:40.018+0000] {dagbag.py:541} INFO - Filling up the DagBag from /home/airflow/.local/lib/python3.7/site-packages/airflow/example_dags/example_branch_python_dop_operator_3.py
[2023-05-03T10:48:40.050+0000] {processor.py:809} INFO - DAG(s) dict_keys(['example_branch_dop_operator_v3']) retrieved from /home/airflow/.local/lib/python3.7/site-packages/airflow/example_dags/example_branch_python_dop_operator_3.py
[2023-05-03T10:48:40.126+0000] {logging_mixin.py:149} INFO - [2023-05-03T10:48:40.126+0000] {dag.py:2726} INFO - Sync 1 DAGs
[2023-05-03T10:48:40.254+0000] {logging_mixin.py:149} INFO - [2023-05-03T10:48:40.254+0000] {dag.py:3490} INFO - Setting next_dagrun for example_branch_dop_operator_v3 to 2023-05-03T10:47:00+00:00, run_after=2023-05-03T10:48:00+00:00
[2023-05-03T10:48:40.341+0000] {processor.py:178} INFO - Processing /home/airflow/.local/lib/python3.7/site-packages/airflow/example_dags/example_branch_python_dop_operator_3.py took 0.344 seconds
[2023-05-03T10:49:11.271+0000] {processor.py:156} INFO - Started process (PID=7502) to work on /home/airflow/.local/lib/python3.7/site-packages/airflow/example_dags/example_branch_python_dop_operator_3.py
[2023-05-03T10:49:11.274+0000] {processor.py:799} INFO - Processing file /home/airflow/.local/lib/python3.7/site-packages/airflow/example_dags/example_branch_python_dop_operator_3.py for tasks to queue
[2023-05-03T10:49:11.276+0000] {logging_mixin.py:149} INFO - [2023-05-03T10:49:11.276+0000] {dagbag.py:541} INFO - Filling up the DagBag from /home/airflow/.local/lib/python3.7/site-packages/airflow/example_dags/example_branch_python_dop_operator_3.py
[2023-05-03T10:49:11.334+0000] {processor.py:809} INFO - DAG(s) dict_keys(['example_branch_dop_operator_v3']) retrieved from /home/airflow/.local/lib/python3.7/site-packages/airflow/example_dags/example_branch_python_dop_operator_3.py
[2023-05-03T10:49:11.466+0000] {logging_mixin.py:149} INFO - [2023-05-03T10:49:11.465+0000] {dag.py:2726} INFO - Sync 1 DAGs
[2023-05-03T10:49:11.657+0000] {logging_mixin.py:149} INFO - [2023-05-03T10:49:11.657+0000] {dag.py:3490} INFO - Setting next_dagrun for example_branch_dop_operator_v3 to 2023-05-03T10:48:00+00:00, run_after=2023-05-03T10:49:00+00:00
[2023-05-03T10:49:11.767+0000] {processor.py:178} INFO - Processing /home/airflow/.local/lib/python3.7/site-packages/airflow/example_dags/example_branch_python_dop_operator_3.py took 0.520 seconds
[2023-05-03T10:49:54.021+0000] {processor.py:156} INFO - Started process (PID=7752) to work on /home/airflow/.local/lib/python3.7/site-packages/airflow/example_dags/example_branch_python_dop_operator_3.py
[2023-05-03T10:49:54.039+0000] {processor.py:799} INFO - Processing file /home/airflow/.local/lib/python3.7/site-packages/airflow/example_dags/example_branch_python_dop_operator_3.py for tasks to queue
[2023-05-03T10:49:54.057+0000] {logging_mixin.py:149} INFO - [2023-05-03T10:49:54.057+0000] {dagbag.py:541} INFO - Filling up the DagBag from /home/airflow/.local/lib/python3.7/site-packages/airflow/example_dags/example_branch_python_dop_operator_3.py
[2023-05-03T10:49:54.243+0000] {processor.py:809} INFO - DAG(s) dict_keys(['example_branch_dop_operator_v3']) retrieved from /home/airflow/.local/lib/python3.7/site-packages/airflow/example_dags/example_branch_python_dop_operator_3.py
[2023-05-03T10:49:54.695+0000] {logging_mixin.py:149} INFO - [2023-05-03T10:49:54.694+0000] {dag.py:2726} INFO - Sync 1 DAGs
[2023-05-03T10:49:55.004+0000] {logging_mixin.py:149} INFO - [2023-05-03T10:49:55.004+0000] {dag.py:3490} INFO - Setting next_dagrun for example_branch_dop_operator_v3 to 2023-05-03T10:48:00+00:00, run_after=2023-05-03T10:49:00+00:00
[2023-05-03T10:49:55.159+0000] {processor.py:178} INFO - Processing /home/airflow/.local/lib/python3.7/site-packages/airflow/example_dags/example_branch_python_dop_operator_3.py took 1.167 seconds
[2023-05-03T10:50:25.948+0000] {processor.py:156} INFO - Started process (PID=7980) to work on /home/airflow/.local/lib/python3.7/site-packages/airflow/example_dags/example_branch_python_dop_operator_3.py
[2023-05-03T10:50:25.954+0000] {processor.py:799} INFO - Processing file /home/airflow/.local/lib/python3.7/site-packages/airflow/example_dags/example_branch_python_dop_operator_3.py for tasks to queue
[2023-05-03T10:50:25.957+0000] {logging_mixin.py:149} INFO - [2023-05-03T10:50:25.956+0000] {dagbag.py:541} INFO - Filling up the DagBag from /home/airflow/.local/lib/python3.7/site-packages/airflow/example_dags/example_branch_python_dop_operator_3.py
[2023-05-03T10:50:26.056+0000] {processor.py:809} INFO - DAG(s) dict_keys(['example_branch_dop_operator_v3']) retrieved from /home/airflow/.local/lib/python3.7/site-packages/airflow/example_dags/example_branch_python_dop_operator_3.py
[2023-05-03T10:50:26.670+0000] {logging_mixin.py:149} INFO - [2023-05-03T10:50:26.667+0000] {dag.py:2726} INFO - Sync 1 DAGs
[2023-05-03T10:50:26.836+0000] {logging_mixin.py:149} INFO - [2023-05-03T10:50:26.835+0000] {dag.py:3490} INFO - Setting next_dagrun for example_branch_dop_operator_v3 to 2023-05-03T10:49:00+00:00, run_after=2023-05-03T10:50:00+00:00
[2023-05-03T10:50:27.093+0000] {processor.py:178} INFO - Processing /home/airflow/.local/lib/python3.7/site-packages/airflow/example_dags/example_branch_python_dop_operator_3.py took 1.162 seconds
[2023-05-03T10:50:57.892+0000] {processor.py:156} INFO - Started process (PID=8210) to work on /home/airflow/.local/lib/python3.7/site-packages/airflow/example_dags/example_branch_python_dop_operator_3.py
[2023-05-03T10:50:57.894+0000] {processor.py:799} INFO - Processing file /home/airflow/.local/lib/python3.7/site-packages/airflow/example_dags/example_branch_python_dop_operator_3.py for tasks to queue
[2023-05-03T10:50:57.895+0000] {logging_mixin.py:149} INFO - [2023-05-03T10:50:57.895+0000] {dagbag.py:541} INFO - Filling up the DagBag from /home/airflow/.local/lib/python3.7/site-packages/airflow/example_dags/example_branch_python_dop_operator_3.py
[2023-05-03T10:50:58.141+0000] {processor.py:809} INFO - DAG(s) dict_keys(['example_branch_dop_operator_v3']) retrieved from /home/airflow/.local/lib/python3.7/site-packages/airflow/example_dags/example_branch_python_dop_operator_3.py
[2023-05-03T10:50:58.611+0000] {logging_mixin.py:149} INFO - [2023-05-03T10:50:58.611+0000] {dag.py:2726} INFO - Sync 1 DAGs
[2023-05-03T10:50:58.745+0000] {logging_mixin.py:149} INFO - [2023-05-03T10:50:58.745+0000] {dag.py:3490} INFO - Setting next_dagrun for example_branch_dop_operator_v3 to 2023-05-03T10:49:00+00:00, run_after=2023-05-03T10:50:00+00:00
[2023-05-03T10:50:59.120+0000] {processor.py:178} INFO - Processing /home/airflow/.local/lib/python3.7/site-packages/airflow/example_dags/example_branch_python_dop_operator_3.py took 1.242 seconds
[2023-05-03T10:51:29.678+0000] {processor.py:156} INFO - Started process (PID=8446) to work on /home/airflow/.local/lib/python3.7/site-packages/airflow/example_dags/example_branch_python_dop_operator_3.py
[2023-05-03T10:51:29.681+0000] {processor.py:799} INFO - Processing file /home/airflow/.local/lib/python3.7/site-packages/airflow/example_dags/example_branch_python_dop_operator_3.py for tasks to queue
[2023-05-03T10:51:29.684+0000] {logging_mixin.py:149} INFO - [2023-05-03T10:51:29.683+0000] {dagbag.py:541} INFO - Filling up the DagBag from /home/airflow/.local/lib/python3.7/site-packages/airflow/example_dags/example_branch_python_dop_operator_3.py
[2023-05-03T10:51:29.718+0000] {processor.py:809} INFO - DAG(s) dict_keys(['example_branch_dop_operator_v3']) retrieved from /home/airflow/.local/lib/python3.7/site-packages/airflow/example_dags/example_branch_python_dop_operator_3.py
[2023-05-03T10:51:29.800+0000] {logging_mixin.py:149} INFO - [2023-05-03T10:51:29.800+0000] {dag.py:2726} INFO - Sync 1 DAGs
[2023-05-03T10:51:29.924+0000] {logging_mixin.py:149} INFO - [2023-05-03T10:51:29.924+0000] {dag.py:3490} INFO - Setting next_dagrun for example_branch_dop_operator_v3 to 2023-05-03T10:50:00+00:00, run_after=2023-05-03T10:51:00+00:00
[2023-05-03T10:51:30.031+0000] {processor.py:178} INFO - Processing /home/airflow/.local/lib/python3.7/site-packages/airflow/example_dags/example_branch_python_dop_operator_3.py took 0.361 seconds
[2023-05-03T10:52:00.510+0000] {processor.py:156} INFO - Started process (PID=8681) to work on /home/airflow/.local/lib/python3.7/site-packages/airflow/example_dags/example_branch_python_dop_operator_3.py
[2023-05-03T10:52:00.529+0000] {processor.py:799} INFO - Processing file /home/airflow/.local/lib/python3.7/site-packages/airflow/example_dags/example_branch_python_dop_operator_3.py for tasks to queue
[2023-05-03T10:52:00.546+0000] {logging_mixin.py:149} INFO - [2023-05-03T10:52:00.545+0000] {dagbag.py:541} INFO - Filling up the DagBag from /home/airflow/.local/lib/python3.7/site-packages/airflow/example_dags/example_branch_python_dop_operator_3.py
[2023-05-03T10:52:00.670+0000] {processor.py:809} INFO - DAG(s) dict_keys(['example_branch_dop_operator_v3']) retrieved from /home/airflow/.local/lib/python3.7/site-packages/airflow/example_dags/example_branch_python_dop_operator_3.py
[2023-05-03T10:52:01.844+0000] {logging_mixin.py:149} INFO - [2023-05-03T10:52:01.844+0000] {dag.py:2726} INFO - Sync 1 DAGs
[2023-05-03T10:52:02.402+0000] {logging_mixin.py:149} INFO - [2023-05-03T10:52:02.401+0000] {dag.py:3490} INFO - Setting next_dagrun for example_branch_dop_operator_v3 to 2023-05-03T10:51:00+00:00, run_after=2023-05-03T10:52:00+00:00
[2023-05-03T10:52:02.573+0000] {processor.py:178} INFO - Processing /home/airflow/.local/lib/python3.7/site-packages/airflow/example_dags/example_branch_python_dop_operator_3.py took 2.105 seconds
[2023-05-03T10:52:33.694+0000] {processor.py:156} INFO - Started process (PID=8918) to work on /home/airflow/.local/lib/python3.7/site-packages/airflow/example_dags/example_branch_python_dop_operator_3.py
[2023-05-03T10:52:33.710+0000] {processor.py:799} INFO - Processing file /home/airflow/.local/lib/python3.7/site-packages/airflow/example_dags/example_branch_python_dop_operator_3.py for tasks to queue
[2023-05-03T10:52:33.719+0000] {logging_mixin.py:149} INFO - [2023-05-03T10:52:33.717+0000] {dagbag.py:541} INFO - Filling up the DagBag from /home/airflow/.local/lib/python3.7/site-packages/airflow/example_dags/example_branch_python_dop_operator_3.py
[2023-05-03T10:52:33.790+0000] {processor.py:809} INFO - DAG(s) dict_keys(['example_branch_dop_operator_v3']) retrieved from /home/airflow/.local/lib/python3.7/site-packages/airflow/example_dags/example_branch_python_dop_operator_3.py
[2023-05-03T10:52:34.224+0000] {logging_mixin.py:149} INFO - [2023-05-03T10:52:34.223+0000] {dag.py:2726} INFO - Sync 1 DAGs
[2023-05-03T10:52:34.441+0000] {logging_mixin.py:149} INFO - [2023-05-03T10:52:34.441+0000] {dag.py:3490} INFO - Setting next_dagrun for example_branch_dop_operator_v3 to 2023-05-03T10:51:00+00:00, run_after=2023-05-03T10:52:00+00:00
[2023-05-03T10:52:34.585+0000] {processor.py:178} INFO - Processing /home/airflow/.local/lib/python3.7/site-packages/airflow/example_dags/example_branch_python_dop_operator_3.py took 0.926 seconds
[2023-05-03T10:53:05.845+0000] {processor.py:156} INFO - Started process (PID=9154) to work on /home/airflow/.local/lib/python3.7/site-packages/airflow/example_dags/example_branch_python_dop_operator_3.py
[2023-05-03T10:53:05.865+0000] {processor.py:799} INFO - Processing file /home/airflow/.local/lib/python3.7/site-packages/airflow/example_dags/example_branch_python_dop_operator_3.py for tasks to queue
[2023-05-03T10:53:05.885+0000] {logging_mixin.py:149} INFO - [2023-05-03T10:53:05.885+0000] {dagbag.py:541} INFO - Filling up the DagBag from /home/airflow/.local/lib/python3.7/site-packages/airflow/example_dags/example_branch_python_dop_operator_3.py
[2023-05-03T10:53:05.948+0000] {processor.py:809} INFO - DAG(s) dict_keys(['example_branch_dop_operator_v3']) retrieved from /home/airflow/.local/lib/python3.7/site-packages/airflow/example_dags/example_branch_python_dop_operator_3.py
[2023-05-03T10:53:06.197+0000] {logging_mixin.py:149} INFO - [2023-05-03T10:53:06.196+0000] {dag.py:2726} INFO - Sync 1 DAGs
[2023-05-03T10:53:06.409+0000] {logging_mixin.py:149} INFO - [2023-05-03T10:53:06.409+0000] {dag.py:3490} INFO - Setting next_dagrun for example_branch_dop_operator_v3 to 2023-05-03T10:52:00+00:00, run_after=2023-05-03T10:53:00+00:00
[2023-05-03T10:53:06.523+0000] {processor.py:178} INFO - Processing /home/airflow/.local/lib/python3.7/site-packages/airflow/example_dags/example_branch_python_dop_operator_3.py took 0.726 seconds
[2023-05-03T10:53:38.017+0000] {processor.py:156} INFO - Started process (PID=9378) to work on /home/airflow/.local/lib/python3.7/site-packages/airflow/example_dags/example_branch_python_dop_operator_3.py
[2023-05-03T10:53:38.024+0000] {processor.py:799} INFO - Processing file /home/airflow/.local/lib/python3.7/site-packages/airflow/example_dags/example_branch_python_dop_operator_3.py for tasks to queue
[2023-05-03T10:53:38.026+0000] {logging_mixin.py:149} INFO - [2023-05-03T10:53:38.026+0000] {dagbag.py:541} INFO - Filling up the DagBag from /home/airflow/.local/lib/python3.7/site-packages/airflow/example_dags/example_branch_python_dop_operator_3.py
[2023-05-03T10:53:38.046+0000] {processor.py:809} INFO - DAG(s) dict_keys(['example_branch_dop_operator_v3']) retrieved from /home/airflow/.local/lib/python3.7/site-packages/airflow/example_dags/example_branch_python_dop_operator_3.py
[2023-05-03T10:53:38.150+0000] {logging_mixin.py:149} INFO - [2023-05-03T10:53:38.150+0000] {dag.py:2726} INFO - Sync 1 DAGs
[2023-05-03T10:53:38.305+0000] {logging_mixin.py:149} INFO - [2023-05-03T10:53:38.305+0000] {dag.py:3490} INFO - Setting next_dagrun for example_branch_dop_operator_v3 to 2023-05-03T10:52:00+00:00, run_after=2023-05-03T10:53:00+00:00
[2023-05-03T10:53:38.402+0000] {processor.py:178} INFO - Processing /home/airflow/.local/lib/python3.7/site-packages/airflow/example_dags/example_branch_python_dop_operator_3.py took 0.396 seconds
[2023-05-03T10:54:09.970+0000] {processor.py:156} INFO - Started process (PID=9614) to work on /home/airflow/.local/lib/python3.7/site-packages/airflow/example_dags/example_branch_python_dop_operator_3.py
[2023-05-03T10:54:09.992+0000] {processor.py:799} INFO - Processing file /home/airflow/.local/lib/python3.7/site-packages/airflow/example_dags/example_branch_python_dop_operator_3.py for tasks to queue
[2023-05-03T10:54:09.994+0000] {logging_mixin.py:149} INFO - [2023-05-03T10:54:09.994+0000] {dagbag.py:541} INFO - Filling up the DagBag from /home/airflow/.local/lib/python3.7/site-packages/airflow/example_dags/example_branch_python_dop_operator_3.py
[2023-05-03T10:54:10.032+0000] {processor.py:809} INFO - DAG(s) dict_keys(['example_branch_dop_operator_v3']) retrieved from /home/airflow/.local/lib/python3.7/site-packages/airflow/example_dags/example_branch_python_dop_operator_3.py
[2023-05-03T10:54:10.139+0000] {logging_mixin.py:149} INFO - [2023-05-03T10:54:10.139+0000] {dag.py:2726} INFO - Sync 1 DAGs
[2023-05-03T10:54:10.272+0000] {logging_mixin.py:149} INFO - [2023-05-03T10:54:10.272+0000] {dag.py:3490} INFO - Setting next_dagrun for example_branch_dop_operator_v3 to 2023-05-03T10:53:00+00:00, run_after=2023-05-03T10:54:00+00:00
[2023-05-03T10:54:10.341+0000] {processor.py:178} INFO - Processing /home/airflow/.local/lib/python3.7/site-packages/airflow/example_dags/example_branch_python_dop_operator_3.py took 0.387 seconds
[2023-05-03T10:54:43.726+0000] {processor.py:156} INFO - Started process (PID=9827) to work on /home/airflow/.local/lib/python3.7/site-packages/airflow/example_dags/example_branch_python_dop_operator_3.py
[2023-05-03T10:54:43.728+0000] {processor.py:799} INFO - Processing file /home/airflow/.local/lib/python3.7/site-packages/airflow/example_dags/example_branch_python_dop_operator_3.py for tasks to queue
[2023-05-03T10:54:43.730+0000] {logging_mixin.py:149} INFO - [2023-05-03T10:54:43.730+0000] {dagbag.py:541} INFO - Filling up the DagBag from /home/airflow/.local/lib/python3.7/site-packages/airflow/example_dags/example_branch_python_dop_operator_3.py
[2023-05-03T10:54:43.787+0000] {processor.py:809} INFO - DAG(s) dict_keys(['example_branch_dop_operator_v3']) retrieved from /home/airflow/.local/lib/python3.7/site-packages/airflow/example_dags/example_branch_python_dop_operator_3.py
[2023-05-03T10:54:44.384+0000] {logging_mixin.py:149} INFO - [2023-05-03T10:54:44.381+0000] {dag.py:2726} INFO - Sync 1 DAGs
[2023-05-03T10:54:44.694+0000] {logging_mixin.py:149} INFO - [2023-05-03T10:54:44.693+0000] {dag.py:3490} INFO - Setting next_dagrun for example_branch_dop_operator_v3 to 2023-05-03T10:53:00+00:00, run_after=2023-05-03T10:54:00+00:00
[2023-05-03T10:54:44.859+0000] {processor.py:178} INFO - Processing /home/airflow/.local/lib/python3.7/site-packages/airflow/example_dags/example_branch_python_dop_operator_3.py took 1.148 seconds
[2023-05-03T10:59:15.097+0000] {processor.py:156} INFO - Started process (PID=10008) to work on /home/airflow/.local/lib/python3.7/site-packages/airflow/example_dags/example_branch_python_dop_operator_3.py
[2023-05-03T10:59:15.112+0000] {processor.py:799} INFO - Processing file /home/airflow/.local/lib/python3.7/site-packages/airflow/example_dags/example_branch_python_dop_operator_3.py for tasks to queue
[2023-05-03T10:59:15.119+0000] {logging_mixin.py:149} INFO - [2023-05-03T10:59:15.118+0000] {dagbag.py:541} INFO - Filling up the DagBag from /home/airflow/.local/lib/python3.7/site-packages/airflow/example_dags/example_branch_python_dop_operator_3.py
[2023-05-03T10:59:15.503+0000] {processor.py:809} INFO - DAG(s) dict_keys(['example_branch_dop_operator_v3']) retrieved from /home/airflow/.local/lib/python3.7/site-packages/airflow/example_dags/example_branch_python_dop_operator_3.py
[2023-05-03T10:59:15.880+0000] {logging_mixin.py:149} INFO - [2023-05-03T10:59:15.879+0000] {dag.py:2726} INFO - Sync 1 DAGs
[2023-05-03T10:59:16.138+0000] {logging_mixin.py:149} INFO - [2023-05-03T10:59:16.137+0000] {dag.py:3490} INFO - Setting next_dagrun for example_branch_dop_operator_v3 to 2023-05-03T10:58:00+00:00, run_after=2023-05-03T10:59:00+00:00
[2023-05-03T10:59:16.401+0000] {processor.py:178} INFO - Processing /home/airflow/.local/lib/python3.7/site-packages/airflow/example_dags/example_branch_python_dop_operator_3.py took 1.396 seconds
