[2023-05-03T09:31:22.535+0000] {processor.py:156} INFO - Started process (PID=261) to work on /home/airflow/.local/lib/python3.7/site-packages/airflow/example_dags/example_params_trigger_ui.py
[2023-05-03T09:31:22.540+0000] {processor.py:799} INFO - Processing file /home/airflow/.local/lib/python3.7/site-packages/airflow/example_dags/example_params_trigger_ui.py for tasks to queue
[2023-05-03T09:31:22.544+0000] {logging_mixin.py:149} INFO - [2023-05-03T09:31:22.543+0000] {dagbag.py:541} INFO - Filling up the DagBag from /home/airflow/.local/lib/python3.7/site-packages/airflow/example_dags/example_params_trigger_ui.py
[2023-05-03T09:31:22.638+0000] {processor.py:809} INFO - DAG(s) dict_keys(['example_params_trigger_ui']) retrieved from /home/airflow/.local/lib/python3.7/site-packages/airflow/example_dags/example_params_trigger_ui.py
[2023-05-03T09:31:22.912+0000] {logging_mixin.py:149} INFO - [2023-05-03T09:31:22.912+0000] {dag.py:2726} INFO - Sync 1 DAGs
[2023-05-03T09:31:23.326+0000] {logging_mixin.py:149} INFO - [2023-05-03T09:31:23.326+0000] {dag.py:3490} INFO - Setting next_dagrun for example_params_trigger_ui to None, run_after=None
[2023-05-03T09:31:23.384+0000] {processor.py:178} INFO - Processing /home/airflow/.local/lib/python3.7/site-packages/airflow/example_dags/example_params_trigger_ui.py took 0.861 seconds
[2023-05-03T09:32:05.718+0000] {processor.py:156} INFO - Started process (PID=499) to work on /home/airflow/.local/lib/python3.7/site-packages/airflow/example_dags/example_params_trigger_ui.py
[2023-05-03T09:32:05.721+0000] {processor.py:799} INFO - Processing file /home/airflow/.local/lib/python3.7/site-packages/airflow/example_dags/example_params_trigger_ui.py for tasks to queue
[2023-05-03T09:32:05.727+0000] {logging_mixin.py:149} INFO - [2023-05-03T09:32:05.726+0000] {dagbag.py:541} INFO - Filling up the DagBag from /home/airflow/.local/lib/python3.7/site-packages/airflow/example_dags/example_params_trigger_ui.py
[2023-05-03T09:32:05.839+0000] {processor.py:809} INFO - DAG(s) dict_keys(['example_params_trigger_ui']) retrieved from /home/airflow/.local/lib/python3.7/site-packages/airflow/example_dags/example_params_trigger_ui.py
[2023-05-03T09:32:06.925+0000] {logging_mixin.py:149} INFO - [2023-05-03T09:32:06.924+0000] {dag.py:2726} INFO - Sync 1 DAGs
[2023-05-03T09:32:06.985+0000] {logging_mixin.py:149} INFO - [2023-05-03T09:32:06.984+0000] {dag.py:3490} INFO - Setting next_dagrun for example_params_trigger_ui to None, run_after=None
[2023-05-03T09:32:07.036+0000] {processor.py:178} INFO - Processing /home/airflow/.local/lib/python3.7/site-packages/airflow/example_dags/example_params_trigger_ui.py took 1.330 seconds
[2023-05-03T09:32:39.972+0000] {processor.py:156} INFO - Started process (PID=735) to work on /home/airflow/.local/lib/python3.7/site-packages/airflow/example_dags/example_params_trigger_ui.py
[2023-05-03T09:32:39.975+0000] {processor.py:799} INFO - Processing file /home/airflow/.local/lib/python3.7/site-packages/airflow/example_dags/example_params_trigger_ui.py for tasks to queue
[2023-05-03T09:32:39.977+0000] {logging_mixin.py:149} INFO - [2023-05-03T09:32:39.976+0000] {dagbag.py:541} INFO - Filling up the DagBag from /home/airflow/.local/lib/python3.7/site-packages/airflow/example_dags/example_params_trigger_ui.py
[2023-05-03T09:32:40.043+0000] {processor.py:809} INFO - DAG(s) dict_keys(['example_params_trigger_ui']) retrieved from /home/airflow/.local/lib/python3.7/site-packages/airflow/example_dags/example_params_trigger_ui.py
[2023-05-03T09:32:40.188+0000] {logging_mixin.py:149} INFO - [2023-05-03T09:32:40.188+0000] {dag.py:2726} INFO - Sync 1 DAGs
[2023-05-03T09:32:40.227+0000] {logging_mixin.py:149} INFO - [2023-05-03T09:32:40.227+0000] {dag.py:3490} INFO - Setting next_dagrun for example_params_trigger_ui to None, run_after=None
[2023-05-03T09:32:40.253+0000] {processor.py:178} INFO - Processing /home/airflow/.local/lib/python3.7/site-packages/airflow/example_dags/example_params_trigger_ui.py took 0.286 seconds
[2023-05-03T09:33:28.769+0000] {processor.py:156} INFO - Started process (PID=961) to work on /home/airflow/.local/lib/python3.7/site-packages/airflow/example_dags/example_params_trigger_ui.py
[2023-05-03T09:33:28.785+0000] {processor.py:799} INFO - Processing file /home/airflow/.local/lib/python3.7/site-packages/airflow/example_dags/example_params_trigger_ui.py for tasks to queue
[2023-05-03T09:33:28.921+0000] {logging_mixin.py:149} INFO - [2023-05-03T09:33:28.920+0000] {dagbag.py:541} INFO - Filling up the DagBag from /home/airflow/.local/lib/python3.7/site-packages/airflow/example_dags/example_params_trigger_ui.py
[2023-05-03T09:33:29.593+0000] {processor.py:809} INFO - DAG(s) dict_keys(['example_params_trigger_ui']) retrieved from /home/airflow/.local/lib/python3.7/site-packages/airflow/example_dags/example_params_trigger_ui.py
[2023-05-03T09:33:29.988+0000] {logging_mixin.py:149} INFO - [2023-05-03T09:33:29.987+0000] {dag.py:2726} INFO - Sync 1 DAGs
[2023-05-03T09:33:30.127+0000] {logging_mixin.py:149} INFO - [2023-05-03T09:33:30.127+0000] {dag.py:3490} INFO - Setting next_dagrun for example_params_trigger_ui to None, run_after=None
[2023-05-03T09:33:30.394+0000] {processor.py:178} INFO - Processing /home/airflow/.local/lib/python3.7/site-packages/airflow/example_dags/example_params_trigger_ui.py took 1.666 seconds
[2023-05-03T09:34:03.208+0000] {processor.py:156} INFO - Started process (PID=1197) to work on /home/airflow/.local/lib/python3.7/site-packages/airflow/example_dags/example_params_trigger_ui.py
[2023-05-03T09:34:03.223+0000] {processor.py:799} INFO - Processing file /home/airflow/.local/lib/python3.7/site-packages/airflow/example_dags/example_params_trigger_ui.py for tasks to queue
[2023-05-03T09:34:03.237+0000] {logging_mixin.py:149} INFO - [2023-05-03T09:34:03.236+0000] {dagbag.py:541} INFO - Filling up the DagBag from /home/airflow/.local/lib/python3.7/site-packages/airflow/example_dags/example_params_trigger_ui.py
[2023-05-03T09:34:03.437+0000] {processor.py:809} INFO - DAG(s) dict_keys(['example_params_trigger_ui']) retrieved from /home/airflow/.local/lib/python3.7/site-packages/airflow/example_dags/example_params_trigger_ui.py
[2023-05-03T09:34:03.943+0000] {logging_mixin.py:149} INFO - [2023-05-03T09:34:03.943+0000] {dag.py:2726} INFO - Sync 1 DAGs
[2023-05-03T09:34:04.088+0000] {logging_mixin.py:149} INFO - [2023-05-03T09:34:04.088+0000] {dag.py:3490} INFO - Setting next_dagrun for example_params_trigger_ui to None, run_after=None
[2023-05-03T09:34:04.205+0000] {processor.py:178} INFO - Processing /home/airflow/.local/lib/python3.7/site-packages/airflow/example_dags/example_params_trigger_ui.py took 1.004 seconds
[2023-05-03T09:34:35.182+0000] {processor.py:156} INFO - Started process (PID=1433) to work on /home/airflow/.local/lib/python3.7/site-packages/airflow/example_dags/example_params_trigger_ui.py
[2023-05-03T09:34:35.184+0000] {processor.py:799} INFO - Processing file /home/airflow/.local/lib/python3.7/site-packages/airflow/example_dags/example_params_trigger_ui.py for tasks to queue
[2023-05-03T09:34:35.186+0000] {logging_mixin.py:149} INFO - [2023-05-03T09:34:35.186+0000] {dagbag.py:541} INFO - Filling up the DagBag from /home/airflow/.local/lib/python3.7/site-packages/airflow/example_dags/example_params_trigger_ui.py
[2023-05-03T09:34:35.244+0000] {processor.py:809} INFO - DAG(s) dict_keys(['example_params_trigger_ui']) retrieved from /home/airflow/.local/lib/python3.7/site-packages/airflow/example_dags/example_params_trigger_ui.py
[2023-05-03T09:34:35.607+0000] {logging_mixin.py:149} INFO - [2023-05-03T09:34:35.607+0000] {dag.py:2726} INFO - Sync 1 DAGs
[2023-05-03T09:34:35.696+0000] {logging_mixin.py:149} INFO - [2023-05-03T09:34:35.696+0000] {dag.py:3490} INFO - Setting next_dagrun for example_params_trigger_ui to None, run_after=None
[2023-05-03T09:34:35.762+0000] {processor.py:178} INFO - Processing /home/airflow/.local/lib/python3.7/site-packages/airflow/example_dags/example_params_trigger_ui.py took 0.587 seconds
[2023-05-03T09:35:06.859+0000] {processor.py:156} INFO - Started process (PID=1672) to work on /home/airflow/.local/lib/python3.7/site-packages/airflow/example_dags/example_params_trigger_ui.py
[2023-05-03T09:35:06.861+0000] {processor.py:799} INFO - Processing file /home/airflow/.local/lib/python3.7/site-packages/airflow/example_dags/example_params_trigger_ui.py for tasks to queue
[2023-05-03T09:35:06.863+0000] {logging_mixin.py:149} INFO - [2023-05-03T09:35:06.863+0000] {dagbag.py:541} INFO - Filling up the DagBag from /home/airflow/.local/lib/python3.7/site-packages/airflow/example_dags/example_params_trigger_ui.py
[2023-05-03T09:35:06.928+0000] {processor.py:809} INFO - DAG(s) dict_keys(['example_params_trigger_ui']) retrieved from /home/airflow/.local/lib/python3.7/site-packages/airflow/example_dags/example_params_trigger_ui.py
[2023-05-03T09:35:07.168+0000] {logging_mixin.py:149} INFO - [2023-05-03T09:35:07.168+0000] {dag.py:2726} INFO - Sync 1 DAGs
[2023-05-03T09:35:07.231+0000] {logging_mixin.py:149} INFO - [2023-05-03T09:35:07.231+0000] {dag.py:3490} INFO - Setting next_dagrun for example_params_trigger_ui to None, run_after=None
[2023-05-03T09:35:07.280+0000] {processor.py:178} INFO - Processing /home/airflow/.local/lib/python3.7/site-packages/airflow/example_dags/example_params_trigger_ui.py took 0.426 seconds
[2023-05-03T09:35:48.782+0000] {processor.py:156} INFO - Started process (PID=1960) to work on /home/airflow/.local/lib/python3.7/site-packages/airflow/example_dags/example_params_trigger_ui.py
[2023-05-03T09:35:48.784+0000] {processor.py:799} INFO - Processing file /home/airflow/.local/lib/python3.7/site-packages/airflow/example_dags/example_params_trigger_ui.py for tasks to queue
[2023-05-03T09:35:48.788+0000] {logging_mixin.py:149} INFO - [2023-05-03T09:35:48.787+0000] {dagbag.py:541} INFO - Filling up the DagBag from /home/airflow/.local/lib/python3.7/site-packages/airflow/example_dags/example_params_trigger_ui.py
[2023-05-03T09:35:48.944+0000] {processor.py:809} INFO - DAG(s) dict_keys(['example_params_trigger_ui']) retrieved from /home/airflow/.local/lib/python3.7/site-packages/airflow/example_dags/example_params_trigger_ui.py
[2023-05-03T09:35:49.322+0000] {logging_mixin.py:149} INFO - [2023-05-03T09:35:49.321+0000] {dag.py:2726} INFO - Sync 1 DAGs
[2023-05-03T09:35:49.405+0000] {logging_mixin.py:149} INFO - [2023-05-03T09:35:49.405+0000] {dag.py:3490} INFO - Setting next_dagrun for example_params_trigger_ui to None, run_after=None
[2023-05-03T09:35:49.472+0000] {processor.py:178} INFO - Processing /home/airflow/.local/lib/python3.7/site-packages/airflow/example_dags/example_params_trigger_ui.py took 0.695 seconds
[2023-05-03T09:36:20.574+0000] {processor.py:156} INFO - Started process (PID=2195) to work on /home/airflow/.local/lib/python3.7/site-packages/airflow/example_dags/example_params_trigger_ui.py
[2023-05-03T09:36:20.577+0000] {processor.py:799} INFO - Processing file /home/airflow/.local/lib/python3.7/site-packages/airflow/example_dags/example_params_trigger_ui.py for tasks to queue
[2023-05-03T09:36:20.579+0000] {logging_mixin.py:149} INFO - [2023-05-03T09:36:20.579+0000] {dagbag.py:541} INFO - Filling up the DagBag from /home/airflow/.local/lib/python3.7/site-packages/airflow/example_dags/example_params_trigger_ui.py
[2023-05-03T09:36:20.660+0000] {processor.py:809} INFO - DAG(s) dict_keys(['example_params_trigger_ui']) retrieved from /home/airflow/.local/lib/python3.7/site-packages/airflow/example_dags/example_params_trigger_ui.py
[2023-05-03T09:36:20.935+0000] {logging_mixin.py:149} INFO - [2023-05-03T09:36:20.935+0000] {dag.py:2726} INFO - Sync 1 DAGs
[2023-05-03T09:36:21.014+0000] {logging_mixin.py:149} INFO - [2023-05-03T09:36:21.014+0000] {dag.py:3490} INFO - Setting next_dagrun for example_params_trigger_ui to None, run_after=None
[2023-05-03T09:36:21.116+0000] {processor.py:178} INFO - Processing /home/airflow/.local/lib/python3.7/site-packages/airflow/example_dags/example_params_trigger_ui.py took 0.550 seconds
[2023-05-03T09:36:51.963+0000] {processor.py:156} INFO - Started process (PID=2431) to work on /home/airflow/.local/lib/python3.7/site-packages/airflow/example_dags/example_params_trigger_ui.py
[2023-05-03T09:36:51.968+0000] {processor.py:799} INFO - Processing file /home/airflow/.local/lib/python3.7/site-packages/airflow/example_dags/example_params_trigger_ui.py for tasks to queue
[2023-05-03T09:36:51.973+0000] {logging_mixin.py:149} INFO - [2023-05-03T09:36:51.972+0000] {dagbag.py:541} INFO - Filling up the DagBag from /home/airflow/.local/lib/python3.7/site-packages/airflow/example_dags/example_params_trigger_ui.py
[2023-05-03T09:36:52.035+0000] {processor.py:809} INFO - DAG(s) dict_keys(['example_params_trigger_ui']) retrieved from /home/airflow/.local/lib/python3.7/site-packages/airflow/example_dags/example_params_trigger_ui.py
[2023-05-03T09:36:52.274+0000] {logging_mixin.py:149} INFO - [2023-05-03T09:36:52.274+0000] {dag.py:2726} INFO - Sync 1 DAGs
[2023-05-03T09:36:52.322+0000] {logging_mixin.py:149} INFO - [2023-05-03T09:36:52.322+0000] {dag.py:3490} INFO - Setting next_dagrun for example_params_trigger_ui to None, run_after=None
[2023-05-03T09:36:52.356+0000] {processor.py:178} INFO - Processing /home/airflow/.local/lib/python3.7/site-packages/airflow/example_dags/example_params_trigger_ui.py took 0.399 seconds
[2023-05-03T09:37:23.762+0000] {processor.py:156} INFO - Started process (PID=2656) to work on /home/airflow/.local/lib/python3.7/site-packages/airflow/example_dags/example_params_trigger_ui.py
[2023-05-03T09:37:23.765+0000] {processor.py:799} INFO - Processing file /home/airflow/.local/lib/python3.7/site-packages/airflow/example_dags/example_params_trigger_ui.py for tasks to queue
[2023-05-03T09:37:23.767+0000] {logging_mixin.py:149} INFO - [2023-05-03T09:37:23.766+0000] {dagbag.py:541} INFO - Filling up the DagBag from /home/airflow/.local/lib/python3.7/site-packages/airflow/example_dags/example_params_trigger_ui.py
[2023-05-03T09:37:23.833+0000] {processor.py:809} INFO - DAG(s) dict_keys(['example_params_trigger_ui']) retrieved from /home/airflow/.local/lib/python3.7/site-packages/airflow/example_dags/example_params_trigger_ui.py
[2023-05-03T09:37:24.109+0000] {logging_mixin.py:149} INFO - [2023-05-03T09:37:24.108+0000] {dag.py:2726} INFO - Sync 1 DAGs
[2023-05-03T09:37:24.189+0000] {logging_mixin.py:149} INFO - [2023-05-03T09:37:24.189+0000] {dag.py:3490} INFO - Setting next_dagrun for example_params_trigger_ui to None, run_after=None
[2023-05-03T09:37:24.237+0000] {processor.py:178} INFO - Processing /home/airflow/.local/lib/python3.7/site-packages/airflow/example_dags/example_params_trigger_ui.py took 0.482 seconds
[2023-05-03T09:37:58.868+0000] {processor.py:156} INFO - Started process (PID=2909) to work on /home/airflow/.local/lib/python3.7/site-packages/airflow/example_dags/example_params_trigger_ui.py
[2023-05-03T09:37:58.872+0000] {processor.py:799} INFO - Processing file /home/airflow/.local/lib/python3.7/site-packages/airflow/example_dags/example_params_trigger_ui.py for tasks to queue
[2023-05-03T09:37:58.874+0000] {logging_mixin.py:149} INFO - [2023-05-03T09:37:58.874+0000] {dagbag.py:541} INFO - Filling up the DagBag from /home/airflow/.local/lib/python3.7/site-packages/airflow/example_dags/example_params_trigger_ui.py
[2023-05-03T09:37:58.963+0000] {processor.py:809} INFO - DAG(s) dict_keys(['example_params_trigger_ui']) retrieved from /home/airflow/.local/lib/python3.7/site-packages/airflow/example_dags/example_params_trigger_ui.py
[2023-05-03T09:37:59.145+0000] {logging_mixin.py:149} INFO - [2023-05-03T09:37:59.145+0000] {dag.py:2726} INFO - Sync 1 DAGs
[2023-05-03T09:37:59.210+0000] {logging_mixin.py:149} INFO - [2023-05-03T09:37:59.209+0000] {dag.py:3490} INFO - Setting next_dagrun for example_params_trigger_ui to None, run_after=None
[2023-05-03T09:37:59.275+0000] {processor.py:178} INFO - Processing /home/airflow/.local/lib/python3.7/site-packages/airflow/example_dags/example_params_trigger_ui.py took 0.422 seconds
[2023-05-03T09:38:32.790+0000] {processor.py:156} INFO - Started process (PID=3145) to work on /home/airflow/.local/lib/python3.7/site-packages/airflow/example_dags/example_params_trigger_ui.py
[2023-05-03T09:38:32.794+0000] {processor.py:799} INFO - Processing file /home/airflow/.local/lib/python3.7/site-packages/airflow/example_dags/example_params_trigger_ui.py for tasks to queue
[2023-05-03T09:38:32.797+0000] {logging_mixin.py:149} INFO - [2023-05-03T09:38:32.796+0000] {dagbag.py:541} INFO - Filling up the DagBag from /home/airflow/.local/lib/python3.7/site-packages/airflow/example_dags/example_params_trigger_ui.py
[2023-05-03T09:38:32.895+0000] {processor.py:809} INFO - DAG(s) dict_keys(['example_params_trigger_ui']) retrieved from /home/airflow/.local/lib/python3.7/site-packages/airflow/example_dags/example_params_trigger_ui.py
[2023-05-03T09:38:33.138+0000] {logging_mixin.py:149} INFO - [2023-05-03T09:38:33.138+0000] {dag.py:2726} INFO - Sync 1 DAGs
[2023-05-03T09:38:33.182+0000] {logging_mixin.py:149} INFO - [2023-05-03T09:38:33.182+0000] {dag.py:3490} INFO - Setting next_dagrun for example_params_trigger_ui to None, run_after=None
[2023-05-03T09:38:33.293+0000] {processor.py:178} INFO - Processing /home/airflow/.local/lib/python3.7/site-packages/airflow/example_dags/example_params_trigger_ui.py took 0.511 seconds
[2023-05-03T09:39:04.194+0000] {processor.py:156} INFO - Started process (PID=3381) to work on /home/airflow/.local/lib/python3.7/site-packages/airflow/example_dags/example_params_trigger_ui.py
[2023-05-03T09:39:04.197+0000] {processor.py:799} INFO - Processing file /home/airflow/.local/lib/python3.7/site-packages/airflow/example_dags/example_params_trigger_ui.py for tasks to queue
[2023-05-03T09:39:04.198+0000] {logging_mixin.py:149} INFO - [2023-05-03T09:39:04.198+0000] {dagbag.py:541} INFO - Filling up the DagBag from /home/airflow/.local/lib/python3.7/site-packages/airflow/example_dags/example_params_trigger_ui.py
[2023-05-03T09:39:04.252+0000] {processor.py:809} INFO - DAG(s) dict_keys(['example_params_trigger_ui']) retrieved from /home/airflow/.local/lib/python3.7/site-packages/airflow/example_dags/example_params_trigger_ui.py
[2023-05-03T09:39:04.432+0000] {logging_mixin.py:149} INFO - [2023-05-03T09:39:04.432+0000] {dag.py:2726} INFO - Sync 1 DAGs
[2023-05-03T09:39:04.478+0000] {logging_mixin.py:149} INFO - [2023-05-03T09:39:04.478+0000] {dag.py:3490} INFO - Setting next_dagrun for example_params_trigger_ui to None, run_after=None
[2023-05-03T09:39:04.519+0000] {processor.py:178} INFO - Processing /home/airflow/.local/lib/python3.7/site-packages/airflow/example_dags/example_params_trigger_ui.py took 0.330 seconds
[2023-05-03T09:39:35.889+0000] {processor.py:156} INFO - Started process (PID=3618) to work on /home/airflow/.local/lib/python3.7/site-packages/airflow/example_dags/example_params_trigger_ui.py
[2023-05-03T09:39:35.892+0000] {processor.py:799} INFO - Processing file /home/airflow/.local/lib/python3.7/site-packages/airflow/example_dags/example_params_trigger_ui.py for tasks to queue
[2023-05-03T09:39:35.895+0000] {logging_mixin.py:149} INFO - [2023-05-03T09:39:35.895+0000] {dagbag.py:541} INFO - Filling up the DagBag from /home/airflow/.local/lib/python3.7/site-packages/airflow/example_dags/example_params_trigger_ui.py
[2023-05-03T09:39:35.943+0000] {processor.py:809} INFO - DAG(s) dict_keys(['example_params_trigger_ui']) retrieved from /home/airflow/.local/lib/python3.7/site-packages/airflow/example_dags/example_params_trigger_ui.py
[2023-05-03T09:39:36.227+0000] {logging_mixin.py:149} INFO - [2023-05-03T09:39:36.226+0000] {dag.py:2726} INFO - Sync 1 DAGs
[2023-05-03T09:39:36.295+0000] {logging_mixin.py:149} INFO - [2023-05-03T09:39:36.295+0000] {dag.py:3490} INFO - Setting next_dagrun for example_params_trigger_ui to None, run_after=None
[2023-05-03T09:39:36.354+0000] {processor.py:178} INFO - Processing /home/airflow/.local/lib/python3.7/site-packages/airflow/example_dags/example_params_trigger_ui.py took 0.470 seconds
[2023-05-03T09:40:07.070+0000] {processor.py:156} INFO - Started process (PID=3854) to work on /home/airflow/.local/lib/python3.7/site-packages/airflow/example_dags/example_params_trigger_ui.py
[2023-05-03T09:40:07.073+0000] {processor.py:799} INFO - Processing file /home/airflow/.local/lib/python3.7/site-packages/airflow/example_dags/example_params_trigger_ui.py for tasks to queue
[2023-05-03T09:40:07.076+0000] {logging_mixin.py:149} INFO - [2023-05-03T09:40:07.075+0000] {dagbag.py:541} INFO - Filling up the DagBag from /home/airflow/.local/lib/python3.7/site-packages/airflow/example_dags/example_params_trigger_ui.py
[2023-05-03T09:40:07.115+0000] {processor.py:809} INFO - DAG(s) dict_keys(['example_params_trigger_ui']) retrieved from /home/airflow/.local/lib/python3.7/site-packages/airflow/example_dags/example_params_trigger_ui.py
[2023-05-03T09:40:07.272+0000] {logging_mixin.py:149} INFO - [2023-05-03T09:40:07.272+0000] {dag.py:2726} INFO - Sync 1 DAGs
[2023-05-03T09:40:07.325+0000] {logging_mixin.py:149} INFO - [2023-05-03T09:40:07.324+0000] {dag.py:3490} INFO - Setting next_dagrun for example_params_trigger_ui to None, run_after=None
[2023-05-03T09:40:07.359+0000] {processor.py:178} INFO - Processing /home/airflow/.local/lib/python3.7/site-packages/airflow/example_dags/example_params_trigger_ui.py took 0.298 seconds
[2023-05-03T09:40:38.197+0000] {processor.py:156} INFO - Started process (PID=4090) to work on /home/airflow/.local/lib/python3.7/site-packages/airflow/example_dags/example_params_trigger_ui.py
[2023-05-03T09:40:38.199+0000] {processor.py:799} INFO - Processing file /home/airflow/.local/lib/python3.7/site-packages/airflow/example_dags/example_params_trigger_ui.py for tasks to queue
[2023-05-03T09:40:38.201+0000] {logging_mixin.py:149} INFO - [2023-05-03T09:40:38.200+0000] {dagbag.py:541} INFO - Filling up the DagBag from /home/airflow/.local/lib/python3.7/site-packages/airflow/example_dags/example_params_trigger_ui.py
[2023-05-03T09:40:38.241+0000] {processor.py:809} INFO - DAG(s) dict_keys(['example_params_trigger_ui']) retrieved from /home/airflow/.local/lib/python3.7/site-packages/airflow/example_dags/example_params_trigger_ui.py
[2023-05-03T09:40:38.379+0000] {logging_mixin.py:149} INFO - [2023-05-03T09:40:38.379+0000] {dag.py:2726} INFO - Sync 1 DAGs
[2023-05-03T09:40:38.433+0000] {logging_mixin.py:149} INFO - [2023-05-03T09:40:38.432+0000] {dag.py:3490} INFO - Setting next_dagrun for example_params_trigger_ui to None, run_after=None
[2023-05-03T09:40:38.479+0000] {processor.py:178} INFO - Processing /home/airflow/.local/lib/python3.7/site-packages/airflow/example_dags/example_params_trigger_ui.py took 0.287 seconds
[2023-05-03T09:41:08.753+0000] {processor.py:156} INFO - Started process (PID=4326) to work on /home/airflow/.local/lib/python3.7/site-packages/airflow/example_dags/example_params_trigger_ui.py
[2023-05-03T09:41:08.780+0000] {processor.py:799} INFO - Processing file /home/airflow/.local/lib/python3.7/site-packages/airflow/example_dags/example_params_trigger_ui.py for tasks to queue
[2023-05-03T09:41:08.807+0000] {logging_mixin.py:149} INFO - [2023-05-03T09:41:08.807+0000] {dagbag.py:541} INFO - Filling up the DagBag from /home/airflow/.local/lib/python3.7/site-packages/airflow/example_dags/example_params_trigger_ui.py
[2023-05-03T09:41:08.903+0000] {processor.py:809} INFO - DAG(s) dict_keys(['example_params_trigger_ui']) retrieved from /home/airflow/.local/lib/python3.7/site-packages/airflow/example_dags/example_params_trigger_ui.py
[2023-05-03T09:41:09.073+0000] {logging_mixin.py:149} INFO - [2023-05-03T09:41:09.073+0000] {dag.py:2726} INFO - Sync 1 DAGs
[2023-05-03T09:41:09.114+0000] {logging_mixin.py:149} INFO - [2023-05-03T09:41:09.114+0000] {dag.py:3490} INFO - Setting next_dagrun for example_params_trigger_ui to None, run_after=None
[2023-05-03T09:41:09.147+0000] {processor.py:178} INFO - Processing /home/airflow/.local/lib/python3.7/site-packages/airflow/example_dags/example_params_trigger_ui.py took 0.398 seconds
[2023-05-03T09:41:40.698+0000] {processor.py:156} INFO - Started process (PID=4572) to work on /home/airflow/.local/lib/python3.7/site-packages/airflow/example_dags/example_params_trigger_ui.py
[2023-05-03T09:41:40.700+0000] {processor.py:799} INFO - Processing file /home/airflow/.local/lib/python3.7/site-packages/airflow/example_dags/example_params_trigger_ui.py for tasks to queue
[2023-05-03T09:41:40.702+0000] {logging_mixin.py:149} INFO - [2023-05-03T09:41:40.701+0000] {dagbag.py:541} INFO - Filling up the DagBag from /home/airflow/.local/lib/python3.7/site-packages/airflow/example_dags/example_params_trigger_ui.py
[2023-05-03T09:41:40.746+0000] {processor.py:809} INFO - DAG(s) dict_keys(['example_params_trigger_ui']) retrieved from /home/airflow/.local/lib/python3.7/site-packages/airflow/example_dags/example_params_trigger_ui.py
[2023-05-03T09:41:40.923+0000] {logging_mixin.py:149} INFO - [2023-05-03T09:41:40.923+0000] {dag.py:2726} INFO - Sync 1 DAGs
[2023-05-03T09:41:40.979+0000] {logging_mixin.py:149} INFO - [2023-05-03T09:41:40.978+0000] {dag.py:3490} INFO - Setting next_dagrun for example_params_trigger_ui to None, run_after=None
[2023-05-03T09:41:41.015+0000] {processor.py:178} INFO - Processing /home/airflow/.local/lib/python3.7/site-packages/airflow/example_dags/example_params_trigger_ui.py took 0.323 seconds
[2023-05-03T09:44:50.031+0000] {processor.py:156} INFO - Started process (PID=261) to work on /home/airflow/.local/lib/python3.7/site-packages/airflow/example_dags/example_params_trigger_ui.py
[2023-05-03T09:44:50.043+0000] {processor.py:799} INFO - Processing file /home/airflow/.local/lib/python3.7/site-packages/airflow/example_dags/example_params_trigger_ui.py for tasks to queue
[2023-05-03T09:44:50.050+0000] {logging_mixin.py:149} INFO - [2023-05-03T09:44:50.049+0000] {dagbag.py:541} INFO - Filling up the DagBag from /home/airflow/.local/lib/python3.7/site-packages/airflow/example_dags/example_params_trigger_ui.py
[2023-05-03T09:44:50.447+0000] {processor.py:809} INFO - DAG(s) dict_keys(['example_params_trigger_ui']) retrieved from /home/airflow/.local/lib/python3.7/site-packages/airflow/example_dags/example_params_trigger_ui.py
[2023-05-03T09:44:50.939+0000] {logging_mixin.py:149} INFO - [2023-05-03T09:44:50.938+0000] {dag.py:2726} INFO - Sync 1 DAGs
[2023-05-03T09:44:51.055+0000] {logging_mixin.py:149} INFO - [2023-05-03T09:44:51.054+0000] {dag.py:3490} INFO - Setting next_dagrun for example_params_trigger_ui to None, run_after=None
[2023-05-03T09:44:51.126+0000] {processor.py:178} INFO - Processing /home/airflow/.local/lib/python3.7/site-packages/airflow/example_dags/example_params_trigger_ui.py took 1.118 seconds
[2023-05-03T09:46:04.007+0000] {processor.py:156} INFO - Started process (PID=504) to work on /home/airflow/.local/lib/python3.7/site-packages/airflow/example_dags/example_params_trigger_ui.py
[2023-05-03T09:46:04.021+0000] {processor.py:799} INFO - Processing file /home/airflow/.local/lib/python3.7/site-packages/airflow/example_dags/example_params_trigger_ui.py for tasks to queue
[2023-05-03T09:46:04.029+0000] {logging_mixin.py:149} INFO - [2023-05-03T09:46:04.028+0000] {dagbag.py:541} INFO - Filling up the DagBag from /home/airflow/.local/lib/python3.7/site-packages/airflow/example_dags/example_params_trigger_ui.py
[2023-05-03T09:46:05.391+0000] {processor.py:809} INFO - DAG(s) dict_keys(['example_params_trigger_ui']) retrieved from /home/airflow/.local/lib/python3.7/site-packages/airflow/example_dags/example_params_trigger_ui.py
[2023-05-03T09:46:05.933+0000] {logging_mixin.py:149} INFO - [2023-05-03T09:46:05.933+0000] {dag.py:2726} INFO - Sync 1 DAGs
[2023-05-03T09:46:07.808+0000] {logging_mixin.py:149} INFO - [2023-05-03T09:46:07.807+0000] {dag.py:3490} INFO - Setting next_dagrun for example_params_trigger_ui to None, run_after=None
[2023-05-03T09:46:12.588+0000] {processor.py:178} INFO - Processing /home/airflow/.local/lib/python3.7/site-packages/airflow/example_dags/example_params_trigger_ui.py took 8.613 seconds
[2023-05-03T09:47:20.548+0000] {processor.py:156} INFO - Started process (PID=747) to work on /home/airflow/.local/lib/python3.7/site-packages/airflow/example_dags/example_params_trigger_ui.py
[2023-05-03T09:47:20.560+0000] {processor.py:799} INFO - Processing file /home/airflow/.local/lib/python3.7/site-packages/airflow/example_dags/example_params_trigger_ui.py for tasks to queue
[2023-05-03T09:47:20.567+0000] {logging_mixin.py:149} INFO - [2023-05-03T09:47:20.567+0000] {dagbag.py:541} INFO - Filling up the DagBag from /home/airflow/.local/lib/python3.7/site-packages/airflow/example_dags/example_params_trigger_ui.py
[2023-05-03T09:47:21.547+0000] {processor.py:809} INFO - DAG(s) dict_keys(['example_params_trigger_ui']) retrieved from /home/airflow/.local/lib/python3.7/site-packages/airflow/example_dags/example_params_trigger_ui.py
[2023-05-03T09:47:23.215+0000] {logging_mixin.py:149} INFO - [2023-05-03T09:47:23.213+0000] {dag.py:2726} INFO - Sync 1 DAGs
[2023-05-03T09:47:23.626+0000] {logging_mixin.py:149} INFO - [2023-05-03T09:47:23.626+0000] {dag.py:3490} INFO - Setting next_dagrun for example_params_trigger_ui to None, run_after=None
[2023-05-03T09:47:23.831+0000] {processor.py:178} INFO - Processing /home/airflow/.local/lib/python3.7/site-packages/airflow/example_dags/example_params_trigger_ui.py took 3.297 seconds
[2023-05-03T09:48:22.350+0000] {processor.py:156} INFO - Started process (PID=1061) to work on /home/airflow/.local/lib/python3.7/site-packages/airflow/example_dags/example_params_trigger_ui.py
[2023-05-03T09:48:22.356+0000] {processor.py:799} INFO - Processing file /home/airflow/.local/lib/python3.7/site-packages/airflow/example_dags/example_params_trigger_ui.py for tasks to queue
[2023-05-03T09:48:22.363+0000] {logging_mixin.py:149} INFO - [2023-05-03T09:48:22.363+0000] {dagbag.py:541} INFO - Filling up the DagBag from /home/airflow/.local/lib/python3.7/site-packages/airflow/example_dags/example_params_trigger_ui.py
[2023-05-03T09:48:22.478+0000] {processor.py:809} INFO - DAG(s) dict_keys(['example_params_trigger_ui']) retrieved from /home/airflow/.local/lib/python3.7/site-packages/airflow/example_dags/example_params_trigger_ui.py
[2023-05-03T09:48:22.770+0000] {logging_mixin.py:149} INFO - [2023-05-03T09:48:22.770+0000] {dag.py:2726} INFO - Sync 1 DAGs
[2023-05-03T09:48:24.354+0000] {logging_mixin.py:149} INFO - [2023-05-03T09:48:24.354+0000] {dag.py:3490} INFO - Setting next_dagrun for example_params_trigger_ui to None, run_after=None
[2023-05-03T09:48:24.443+0000] {processor.py:178} INFO - Processing /home/airflow/.local/lib/python3.7/site-packages/airflow/example_dags/example_params_trigger_ui.py took 2.099 seconds
[2023-05-03T09:48:55.000+0000] {processor.py:156} INFO - Started process (PID=1294) to work on /home/airflow/.local/lib/python3.7/site-packages/airflow/example_dags/example_params_trigger_ui.py
[2023-05-03T09:48:55.013+0000] {processor.py:799} INFO - Processing file /home/airflow/.local/lib/python3.7/site-packages/airflow/example_dags/example_params_trigger_ui.py for tasks to queue
[2023-05-03T09:48:55.015+0000] {logging_mixin.py:149} INFO - [2023-05-03T09:48:55.014+0000] {dagbag.py:541} INFO - Filling up the DagBag from /home/airflow/.local/lib/python3.7/site-packages/airflow/example_dags/example_params_trigger_ui.py
[2023-05-03T09:48:55.086+0000] {processor.py:809} INFO - DAG(s) dict_keys(['example_params_trigger_ui']) retrieved from /home/airflow/.local/lib/python3.7/site-packages/airflow/example_dags/example_params_trigger_ui.py
[2023-05-03T09:48:55.353+0000] {logging_mixin.py:149} INFO - [2023-05-03T09:48:55.344+0000] {dag.py:2726} INFO - Sync 1 DAGs
[2023-05-03T09:48:55.442+0000] {logging_mixin.py:149} INFO - [2023-05-03T09:48:55.441+0000] {dag.py:3490} INFO - Setting next_dagrun for example_params_trigger_ui to None, run_after=None
[2023-05-03T09:48:55.535+0000] {processor.py:178} INFO - Processing /home/airflow/.local/lib/python3.7/site-packages/airflow/example_dags/example_params_trigger_ui.py took 0.540 seconds
[2023-05-03T09:49:47.601+0000] {processor.py:156} INFO - Started process (PID=1518) to work on /home/airflow/.local/lib/python3.7/site-packages/airflow/example_dags/example_params_trigger_ui.py
[2023-05-03T09:49:47.603+0000] {processor.py:799} INFO - Processing file /home/airflow/.local/lib/python3.7/site-packages/airflow/example_dags/example_params_trigger_ui.py for tasks to queue
[2023-05-03T09:49:47.607+0000] {logging_mixin.py:149} INFO - [2023-05-03T09:49:47.606+0000] {dagbag.py:541} INFO - Filling up the DagBag from /home/airflow/.local/lib/python3.7/site-packages/airflow/example_dags/example_params_trigger_ui.py
[2023-05-03T09:49:47.682+0000] {processor.py:809} INFO - DAG(s) dict_keys(['example_params_trigger_ui']) retrieved from /home/airflow/.local/lib/python3.7/site-packages/airflow/example_dags/example_params_trigger_ui.py
[2023-05-03T09:49:47.975+0000] {logging_mixin.py:149} INFO - [2023-05-03T09:49:47.975+0000] {dag.py:2726} INFO - Sync 1 DAGs
[2023-05-03T09:49:48.056+0000] {logging_mixin.py:149} INFO - [2023-05-03T09:49:48.055+0000] {dag.py:3490} INFO - Setting next_dagrun for example_params_trigger_ui to None, run_after=None
[2023-05-03T09:49:48.129+0000] {processor.py:178} INFO - Processing /home/airflow/.local/lib/python3.7/site-packages/airflow/example_dags/example_params_trigger_ui.py took 0.533 seconds
[2023-05-03T09:50:18.942+0000] {processor.py:156} INFO - Started process (PID=1756) to work on /home/airflow/.local/lib/python3.7/site-packages/airflow/example_dags/example_params_trigger_ui.py
[2023-05-03T09:50:18.946+0000] {processor.py:799} INFO - Processing file /home/airflow/.local/lib/python3.7/site-packages/airflow/example_dags/example_params_trigger_ui.py for tasks to queue
[2023-05-03T09:50:18.958+0000] {logging_mixin.py:149} INFO - [2023-05-03T09:50:18.957+0000] {dagbag.py:541} INFO - Filling up the DagBag from /home/airflow/.local/lib/python3.7/site-packages/airflow/example_dags/example_params_trigger_ui.py
[2023-05-03T09:50:19.034+0000] {processor.py:809} INFO - DAG(s) dict_keys(['example_params_trigger_ui']) retrieved from /home/airflow/.local/lib/python3.7/site-packages/airflow/example_dags/example_params_trigger_ui.py
[2023-05-03T09:50:19.364+0000] {logging_mixin.py:149} INFO - [2023-05-03T09:50:19.363+0000] {dag.py:2726} INFO - Sync 1 DAGs
[2023-05-03T09:50:19.703+0000] {logging_mixin.py:149} INFO - [2023-05-03T09:50:19.703+0000] {dag.py:3490} INFO - Setting next_dagrun for example_params_trigger_ui to None, run_after=None
[2023-05-03T09:50:19.741+0000] {processor.py:178} INFO - Processing /home/airflow/.local/lib/python3.7/site-packages/airflow/example_dags/example_params_trigger_ui.py took 0.787 seconds
[2023-05-03T09:50:50.693+0000] {processor.py:156} INFO - Started process (PID=2002) to work on /home/airflow/.local/lib/python3.7/site-packages/airflow/example_dags/example_params_trigger_ui.py
[2023-05-03T09:50:50.701+0000] {processor.py:799} INFO - Processing file /home/airflow/.local/lib/python3.7/site-packages/airflow/example_dags/example_params_trigger_ui.py for tasks to queue
[2023-05-03T09:50:50.705+0000] {logging_mixin.py:149} INFO - [2023-05-03T09:50:50.705+0000] {dagbag.py:541} INFO - Filling up the DagBag from /home/airflow/.local/lib/python3.7/site-packages/airflow/example_dags/example_params_trigger_ui.py
[2023-05-03T09:50:50.771+0000] {processor.py:809} INFO - DAG(s) dict_keys(['example_params_trigger_ui']) retrieved from /home/airflow/.local/lib/python3.7/site-packages/airflow/example_dags/example_params_trigger_ui.py
[2023-05-03T09:50:51.036+0000] {logging_mixin.py:149} INFO - [2023-05-03T09:50:51.036+0000] {dag.py:2726} INFO - Sync 1 DAGs
[2023-05-03T09:50:51.105+0000] {logging_mixin.py:149} INFO - [2023-05-03T09:50:51.105+0000] {dag.py:3490} INFO - Setting next_dagrun for example_params_trigger_ui to None, run_after=None
[2023-05-03T09:50:51.594+0000] {processor.py:178} INFO - Processing /home/airflow/.local/lib/python3.7/site-packages/airflow/example_dags/example_params_trigger_ui.py took 0.907 seconds
[2023-05-03T09:52:08.002+0000] {processor.py:156} INFO - Started process (PID=2279) to work on /home/airflow/.local/lib/python3.7/site-packages/airflow/example_dags/example_params_trigger_ui.py
[2023-05-03T09:52:08.004+0000] {processor.py:799} INFO - Processing file /home/airflow/.local/lib/python3.7/site-packages/airflow/example_dags/example_params_trigger_ui.py for tasks to queue
[2023-05-03T09:52:08.006+0000] {logging_mixin.py:149} INFO - [2023-05-03T09:52:08.006+0000] {dagbag.py:541} INFO - Filling up the DagBag from /home/airflow/.local/lib/python3.7/site-packages/airflow/example_dags/example_params_trigger_ui.py
[2023-05-03T09:52:08.108+0000] {processor.py:809} INFO - DAG(s) dict_keys(['example_params_trigger_ui']) retrieved from /home/airflow/.local/lib/python3.7/site-packages/airflow/example_dags/example_params_trigger_ui.py
[2023-05-03T09:52:08.439+0000] {logging_mixin.py:149} INFO - [2023-05-03T09:52:08.439+0000] {dag.py:2726} INFO - Sync 1 DAGs
[2023-05-03T09:52:08.550+0000] {logging_mixin.py:149} INFO - [2023-05-03T09:52:08.550+0000] {dag.py:3490} INFO - Setting next_dagrun for example_params_trigger_ui to None, run_after=None
[2023-05-03T09:52:08.673+0000] {processor.py:178} INFO - Processing /home/airflow/.local/lib/python3.7/site-packages/airflow/example_dags/example_params_trigger_ui.py took 0.677 seconds
[2023-05-03T09:52:38.881+0000] {processor.py:156} INFO - Started process (PID=2506) to work on /home/airflow/.local/lib/python3.7/site-packages/airflow/example_dags/example_params_trigger_ui.py
[2023-05-03T09:52:38.885+0000] {processor.py:799} INFO - Processing file /home/airflow/.local/lib/python3.7/site-packages/airflow/example_dags/example_params_trigger_ui.py for tasks to queue
[2023-05-03T09:52:38.894+0000] {logging_mixin.py:149} INFO - [2023-05-03T09:52:38.893+0000] {dagbag.py:541} INFO - Filling up the DagBag from /home/airflow/.local/lib/python3.7/site-packages/airflow/example_dags/example_params_trigger_ui.py
[2023-05-03T09:52:38.978+0000] {processor.py:809} INFO - DAG(s) dict_keys(['example_params_trigger_ui']) retrieved from /home/airflow/.local/lib/python3.7/site-packages/airflow/example_dags/example_params_trigger_ui.py
[2023-05-03T09:52:39.315+0000] {logging_mixin.py:149} INFO - [2023-05-03T09:52:39.315+0000] {dag.py:2726} INFO - Sync 1 DAGs
[2023-05-03T09:52:39.924+0000] {logging_mixin.py:149} INFO - [2023-05-03T09:52:39.922+0000] {dag.py:3490} INFO - Setting next_dagrun for example_params_trigger_ui to None, run_after=None
[2023-05-03T09:52:39.988+0000] {processor.py:178} INFO - Processing /home/airflow/.local/lib/python3.7/site-packages/airflow/example_dags/example_params_trigger_ui.py took 1.112 seconds
[2023-05-03T09:53:10.332+0000] {processor.py:156} INFO - Started process (PID=2740) to work on /home/airflow/.local/lib/python3.7/site-packages/airflow/example_dags/example_params_trigger_ui.py
[2023-05-03T09:53:10.334+0000] {processor.py:799} INFO - Processing file /home/airflow/.local/lib/python3.7/site-packages/airflow/example_dags/example_params_trigger_ui.py for tasks to queue
[2023-05-03T09:53:10.336+0000] {logging_mixin.py:149} INFO - [2023-05-03T09:53:10.336+0000] {dagbag.py:541} INFO - Filling up the DagBag from /home/airflow/.local/lib/python3.7/site-packages/airflow/example_dags/example_params_trigger_ui.py
[2023-05-03T09:53:10.423+0000] {processor.py:809} INFO - DAG(s) dict_keys(['example_params_trigger_ui']) retrieved from /home/airflow/.local/lib/python3.7/site-packages/airflow/example_dags/example_params_trigger_ui.py
[2023-05-03T09:53:10.706+0000] {logging_mixin.py:149} INFO - [2023-05-03T09:53:10.703+0000] {dag.py:2726} INFO - Sync 1 DAGs
[2023-05-03T09:53:10.775+0000] {logging_mixin.py:149} INFO - [2023-05-03T09:53:10.775+0000] {dag.py:3490} INFO - Setting next_dagrun for example_params_trigger_ui to None, run_after=None
[2023-05-03T09:53:11.160+0000] {processor.py:178} INFO - Processing /home/airflow/.local/lib/python3.7/site-packages/airflow/example_dags/example_params_trigger_ui.py took 0.836 seconds
[2023-05-03T09:53:41.241+0000] {processor.py:156} INFO - Started process (PID=2977) to work on /home/airflow/.local/lib/python3.7/site-packages/airflow/example_dags/example_params_trigger_ui.py
[2023-05-03T09:53:41.243+0000] {processor.py:799} INFO - Processing file /home/airflow/.local/lib/python3.7/site-packages/airflow/example_dags/example_params_trigger_ui.py for tasks to queue
[2023-05-03T09:53:41.252+0000] {logging_mixin.py:149} INFO - [2023-05-03T09:53:41.252+0000] {dagbag.py:541} INFO - Filling up the DagBag from /home/airflow/.local/lib/python3.7/site-packages/airflow/example_dags/example_params_trigger_ui.py
[2023-05-03T09:53:41.342+0000] {processor.py:809} INFO - DAG(s) dict_keys(['example_params_trigger_ui']) retrieved from /home/airflow/.local/lib/python3.7/site-packages/airflow/example_dags/example_params_trigger_ui.py
[2023-05-03T09:53:41.869+0000] {logging_mixin.py:149} INFO - [2023-05-03T09:53:41.869+0000] {dag.py:2726} INFO - Sync 1 DAGs
[2023-05-03T09:53:41.927+0000] {logging_mixin.py:149} INFO - [2023-05-03T09:53:41.927+0000] {dag.py:3490} INFO - Setting next_dagrun for example_params_trigger_ui to None, run_after=None
[2023-05-03T09:53:41.991+0000] {processor.py:178} INFO - Processing /home/airflow/.local/lib/python3.7/site-packages/airflow/example_dags/example_params_trigger_ui.py took 0.755 seconds
[2023-05-03T09:54:27.329+0000] {processor.py:156} INFO - Started process (PID=3193) to work on /home/airflow/.local/lib/python3.7/site-packages/airflow/example_dags/example_params_trigger_ui.py
[2023-05-03T09:54:27.332+0000] {processor.py:799} INFO - Processing file /home/airflow/.local/lib/python3.7/site-packages/airflow/example_dags/example_params_trigger_ui.py for tasks to queue
[2023-05-03T09:54:27.343+0000] {logging_mixin.py:149} INFO - [2023-05-03T09:54:27.343+0000] {dagbag.py:541} INFO - Filling up the DagBag from /home/airflow/.local/lib/python3.7/site-packages/airflow/example_dags/example_params_trigger_ui.py
[2023-05-03T09:54:28.020+0000] {processor.py:809} INFO - DAG(s) dict_keys(['example_params_trigger_ui']) retrieved from /home/airflow/.local/lib/python3.7/site-packages/airflow/example_dags/example_params_trigger_ui.py
[2023-05-03T09:54:28.435+0000] {logging_mixin.py:149} INFO - [2023-05-03T09:54:28.435+0000] {dag.py:2726} INFO - Sync 1 DAGs
[2023-05-03T09:54:39.599+0000] {logging_mixin.py:149} INFO - [2023-05-03T09:54:39.597+0000] {dag.py:3490} INFO - Setting next_dagrun for example_params_trigger_ui to None, run_after=None
[2023-05-03T09:54:39.809+0000] {processor.py:178} INFO - Processing /home/airflow/.local/lib/python3.7/site-packages/airflow/example_dags/example_params_trigger_ui.py took 12.493 seconds
[2023-05-03T09:55:10.027+0000] {processor.py:156} INFO - Started process (PID=3434) to work on /home/airflow/.local/lib/python3.7/site-packages/airflow/example_dags/example_params_trigger_ui.py
[2023-05-03T09:55:10.029+0000] {processor.py:799} INFO - Processing file /home/airflow/.local/lib/python3.7/site-packages/airflow/example_dags/example_params_trigger_ui.py for tasks to queue
[2023-05-03T09:55:10.036+0000] {logging_mixin.py:149} INFO - [2023-05-03T09:55:10.035+0000] {dagbag.py:541} INFO - Filling up the DagBag from /home/airflow/.local/lib/python3.7/site-packages/airflow/example_dags/example_params_trigger_ui.py
[2023-05-03T09:55:10.098+0000] {processor.py:809} INFO - DAG(s) dict_keys(['example_params_trigger_ui']) retrieved from /home/airflow/.local/lib/python3.7/site-packages/airflow/example_dags/example_params_trigger_ui.py
[2023-05-03T09:55:10.269+0000] {logging_mixin.py:149} INFO - [2023-05-03T09:55:10.269+0000] {dag.py:2726} INFO - Sync 1 DAGs
[2023-05-03T09:55:10.348+0000] {logging_mixin.py:149} INFO - [2023-05-03T09:55:10.348+0000] {dag.py:3490} INFO - Setting next_dagrun for example_params_trigger_ui to None, run_after=None
[2023-05-03T09:55:10.719+0000] {processor.py:178} INFO - Processing /home/airflow/.local/lib/python3.7/site-packages/airflow/example_dags/example_params_trigger_ui.py took 0.697 seconds
[2023-05-03T09:55:42.212+0000] {processor.py:156} INFO - Started process (PID=3668) to work on /home/airflow/.local/lib/python3.7/site-packages/airflow/example_dags/example_params_trigger_ui.py
[2023-05-03T09:55:42.217+0000] {processor.py:799} INFO - Processing file /home/airflow/.local/lib/python3.7/site-packages/airflow/example_dags/example_params_trigger_ui.py for tasks to queue
[2023-05-03T09:55:42.223+0000] {logging_mixin.py:149} INFO - [2023-05-03T09:55:42.223+0000] {dagbag.py:541} INFO - Filling up the DagBag from /home/airflow/.local/lib/python3.7/site-packages/airflow/example_dags/example_params_trigger_ui.py
[2023-05-03T09:55:42.303+0000] {processor.py:809} INFO - DAG(s) dict_keys(['example_params_trigger_ui']) retrieved from /home/airflow/.local/lib/python3.7/site-packages/airflow/example_dags/example_params_trigger_ui.py
[2023-05-03T09:55:43.364+0000] {logging_mixin.py:149} INFO - [2023-05-03T09:55:43.363+0000] {dag.py:2726} INFO - Sync 1 DAGs
[2023-05-03T09:55:43.581+0000] {logging_mixin.py:149} INFO - [2023-05-03T09:55:43.581+0000] {dag.py:3490} INFO - Setting next_dagrun for example_params_trigger_ui to None, run_after=None
[2023-05-03T09:55:43.970+0000] {processor.py:178} INFO - Processing /home/airflow/.local/lib/python3.7/site-packages/airflow/example_dags/example_params_trigger_ui.py took 1.764 seconds
[2023-05-03T09:56:22.676+0000] {processor.py:156} INFO - Started process (PID=3914) to work on /home/airflow/.local/lib/python3.7/site-packages/airflow/example_dags/example_params_trigger_ui.py
[2023-05-03T09:56:22.680+0000] {processor.py:799} INFO - Processing file /home/airflow/.local/lib/python3.7/site-packages/airflow/example_dags/example_params_trigger_ui.py for tasks to queue
[2023-05-03T09:56:22.683+0000] {logging_mixin.py:149} INFO - [2023-05-03T09:56:22.682+0000] {dagbag.py:541} INFO - Filling up the DagBag from /home/airflow/.local/lib/python3.7/site-packages/airflow/example_dags/example_params_trigger_ui.py
[2023-05-03T09:56:22.791+0000] {processor.py:809} INFO - DAG(s) dict_keys(['example_params_trigger_ui']) retrieved from /home/airflow/.local/lib/python3.7/site-packages/airflow/example_dags/example_params_trigger_ui.py
[2023-05-03T09:56:23.113+0000] {logging_mixin.py:149} INFO - [2023-05-03T09:56:23.112+0000] {dag.py:2726} INFO - Sync 1 DAGs
[2023-05-03T09:56:23.566+0000] {logging_mixin.py:149} INFO - [2023-05-03T09:56:23.566+0000] {dag.py:3490} INFO - Setting next_dagrun for example_params_trigger_ui to None, run_after=None
[2023-05-03T09:56:23.644+0000] {processor.py:178} INFO - Processing /home/airflow/.local/lib/python3.7/site-packages/airflow/example_dags/example_params_trigger_ui.py took 0.974 seconds
[2023-05-03T09:56:55.705+0000] {processor.py:156} INFO - Started process (PID=4149) to work on /home/airflow/.local/lib/python3.7/site-packages/airflow/example_dags/example_params_trigger_ui.py
[2023-05-03T09:56:55.709+0000] {processor.py:799} INFO - Processing file /home/airflow/.local/lib/python3.7/site-packages/airflow/example_dags/example_params_trigger_ui.py for tasks to queue
[2023-05-03T09:56:55.716+0000] {logging_mixin.py:149} INFO - [2023-05-03T09:56:55.715+0000] {dagbag.py:541} INFO - Filling up the DagBag from /home/airflow/.local/lib/python3.7/site-packages/airflow/example_dags/example_params_trigger_ui.py
[2023-05-03T09:56:55.779+0000] {processor.py:809} INFO - DAG(s) dict_keys(['example_params_trigger_ui']) retrieved from /home/airflow/.local/lib/python3.7/site-packages/airflow/example_dags/example_params_trigger_ui.py
[2023-05-03T09:56:56.363+0000] {logging_mixin.py:149} INFO - [2023-05-03T09:56:56.362+0000] {dag.py:2726} INFO - Sync 1 DAGs
[2023-05-03T09:56:56.434+0000] {logging_mixin.py:149} INFO - [2023-05-03T09:56:56.434+0000] {dag.py:3490} INFO - Setting next_dagrun for example_params_trigger_ui to None, run_after=None
[2023-05-03T09:56:56.526+0000] {processor.py:178} INFO - Processing /home/airflow/.local/lib/python3.7/site-packages/airflow/example_dags/example_params_trigger_ui.py took 0.827 seconds
[2023-05-03T09:57:39.241+0000] {processor.py:156} INFO - Started process (PID=4411) to work on /home/airflow/.local/lib/python3.7/site-packages/airflow/example_dags/example_params_trigger_ui.py
[2023-05-03T09:57:39.243+0000] {processor.py:799} INFO - Processing file /home/airflow/.local/lib/python3.7/site-packages/airflow/example_dags/example_params_trigger_ui.py for tasks to queue
[2023-05-03T09:57:39.254+0000] {logging_mixin.py:149} INFO - [2023-05-03T09:57:39.254+0000] {dagbag.py:541} INFO - Filling up the DagBag from /home/airflow/.local/lib/python3.7/site-packages/airflow/example_dags/example_params_trigger_ui.py
[2023-05-03T09:57:39.335+0000] {processor.py:809} INFO - DAG(s) dict_keys(['example_params_trigger_ui']) retrieved from /home/airflow/.local/lib/python3.7/site-packages/airflow/example_dags/example_params_trigger_ui.py
[2023-05-03T09:57:40.378+0000] {logging_mixin.py:149} INFO - [2023-05-03T09:57:40.378+0000] {dag.py:2726} INFO - Sync 1 DAGs
[2023-05-03T09:57:40.474+0000] {logging_mixin.py:149} INFO - [2023-05-03T09:57:40.474+0000] {dag.py:3490} INFO - Setting next_dagrun for example_params_trigger_ui to None, run_after=None
[2023-05-03T09:57:40.589+0000] {processor.py:178} INFO - Processing /home/airflow/.local/lib/python3.7/site-packages/airflow/example_dags/example_params_trigger_ui.py took 1.354 seconds
[2023-05-03T09:58:11.369+0000] {processor.py:156} INFO - Started process (PID=4649) to work on /home/airflow/.local/lib/python3.7/site-packages/airflow/example_dags/example_params_trigger_ui.py
[2023-05-03T09:58:11.372+0000] {processor.py:799} INFO - Processing file /home/airflow/.local/lib/python3.7/site-packages/airflow/example_dags/example_params_trigger_ui.py for tasks to queue
[2023-05-03T09:58:11.374+0000] {logging_mixin.py:149} INFO - [2023-05-03T09:58:11.374+0000] {dagbag.py:541} INFO - Filling up the DagBag from /home/airflow/.local/lib/python3.7/site-packages/airflow/example_dags/example_params_trigger_ui.py
[2023-05-03T09:58:11.781+0000] {processor.py:809} INFO - DAG(s) dict_keys(['example_params_trigger_ui']) retrieved from /home/airflow/.local/lib/python3.7/site-packages/airflow/example_dags/example_params_trigger_ui.py
[2023-05-03T09:58:11.999+0000] {logging_mixin.py:149} INFO - [2023-05-03T09:58:11.999+0000] {dag.py:2726} INFO - Sync 1 DAGs
[2023-05-03T09:58:12.041+0000] {logging_mixin.py:149} INFO - [2023-05-03T09:58:12.041+0000] {dag.py:3490} INFO - Setting next_dagrun for example_params_trigger_ui to None, run_after=None
[2023-05-03T09:58:12.072+0000] {processor.py:178} INFO - Processing /home/airflow/.local/lib/python3.7/site-packages/airflow/example_dags/example_params_trigger_ui.py took 0.709 seconds
[2023-05-03T09:58:42.166+0000] {processor.py:156} INFO - Started process (PID=4886) to work on /home/airflow/.local/lib/python3.7/site-packages/airflow/example_dags/example_params_trigger_ui.py
[2023-05-03T09:58:42.170+0000] {processor.py:799} INFO - Processing file /home/airflow/.local/lib/python3.7/site-packages/airflow/example_dags/example_params_trigger_ui.py for tasks to queue
[2023-05-03T09:58:42.177+0000] {logging_mixin.py:149} INFO - [2023-05-03T09:58:42.174+0000] {dagbag.py:541} INFO - Filling up the DagBag from /home/airflow/.local/lib/python3.7/site-packages/airflow/example_dags/example_params_trigger_ui.py
[2023-05-03T09:58:42.239+0000] {processor.py:809} INFO - DAG(s) dict_keys(['example_params_trigger_ui']) retrieved from /home/airflow/.local/lib/python3.7/site-packages/airflow/example_dags/example_params_trigger_ui.py
[2023-05-03T09:58:42.753+0000] {logging_mixin.py:149} INFO - [2023-05-03T09:58:42.752+0000] {dag.py:2726} INFO - Sync 1 DAGs
[2023-05-03T09:58:42.790+0000] {logging_mixin.py:149} INFO - [2023-05-03T09:58:42.790+0000] {dag.py:3490} INFO - Setting next_dagrun for example_params_trigger_ui to None, run_after=None
[2023-05-03T09:58:42.819+0000] {processor.py:178} INFO - Processing /home/airflow/.local/lib/python3.7/site-packages/airflow/example_dags/example_params_trigger_ui.py took 0.661 seconds
[2023-05-03T09:59:13.191+0000] {processor.py:156} INFO - Started process (PID=5127) to work on /home/airflow/.local/lib/python3.7/site-packages/airflow/example_dags/example_params_trigger_ui.py
[2023-05-03T09:59:13.192+0000] {processor.py:799} INFO - Processing file /home/airflow/.local/lib/python3.7/site-packages/airflow/example_dags/example_params_trigger_ui.py for tasks to queue
[2023-05-03T09:59:13.194+0000] {logging_mixin.py:149} INFO - [2023-05-03T09:59:13.194+0000] {dagbag.py:541} INFO - Filling up the DagBag from /home/airflow/.local/lib/python3.7/site-packages/airflow/example_dags/example_params_trigger_ui.py
[2023-05-03T09:59:13.416+0000] {processor.py:809} INFO - DAG(s) dict_keys(['example_params_trigger_ui']) retrieved from /home/airflow/.local/lib/python3.7/site-packages/airflow/example_dags/example_params_trigger_ui.py
[2023-05-03T09:59:13.564+0000] {logging_mixin.py:149} INFO - [2023-05-03T09:59:13.564+0000] {dag.py:2726} INFO - Sync 1 DAGs
[2023-05-03T09:59:13.601+0000] {logging_mixin.py:149} INFO - [2023-05-03T09:59:13.601+0000] {dag.py:3490} INFO - Setting next_dagrun for example_params_trigger_ui to None, run_after=None
[2023-05-03T09:59:13.632+0000] {processor.py:178} INFO - Processing /home/airflow/.local/lib/python3.7/site-packages/airflow/example_dags/example_params_trigger_ui.py took 0.446 seconds
[2023-05-03T09:59:43.788+0000] {processor.py:156} INFO - Started process (PID=5358) to work on /home/airflow/.local/lib/python3.7/site-packages/airflow/example_dags/example_params_trigger_ui.py
[2023-05-03T09:59:43.790+0000] {processor.py:799} INFO - Processing file /home/airflow/.local/lib/python3.7/site-packages/airflow/example_dags/example_params_trigger_ui.py for tasks to queue
[2023-05-03T09:59:43.792+0000] {logging_mixin.py:149} INFO - [2023-05-03T09:59:43.791+0000] {dagbag.py:541} INFO - Filling up the DagBag from /home/airflow/.local/lib/python3.7/site-packages/airflow/example_dags/example_params_trigger_ui.py
[2023-05-03T09:59:43.837+0000] {processor.py:809} INFO - DAG(s) dict_keys(['example_params_trigger_ui']) retrieved from /home/airflow/.local/lib/python3.7/site-packages/airflow/example_dags/example_params_trigger_ui.py
[2023-05-03T09:59:44.096+0000] {logging_mixin.py:149} INFO - [2023-05-03T09:59:44.095+0000] {dag.py:2726} INFO - Sync 1 DAGs
[2023-05-03T09:59:44.172+0000] {logging_mixin.py:149} INFO - [2023-05-03T09:59:44.171+0000] {dag.py:3490} INFO - Setting next_dagrun for example_params_trigger_ui to None, run_after=None
[2023-05-03T09:59:44.212+0000] {processor.py:178} INFO - Processing /home/airflow/.local/lib/python3.7/site-packages/airflow/example_dags/example_params_trigger_ui.py took 0.428 seconds
[2023-05-03T10:00:14.372+0000] {processor.py:156} INFO - Started process (PID=5599) to work on /home/airflow/.local/lib/python3.7/site-packages/airflow/example_dags/example_params_trigger_ui.py
[2023-05-03T10:00:14.374+0000] {processor.py:799} INFO - Processing file /home/airflow/.local/lib/python3.7/site-packages/airflow/example_dags/example_params_trigger_ui.py for tasks to queue
[2023-05-03T10:00:14.375+0000] {logging_mixin.py:149} INFO - [2023-05-03T10:00:14.375+0000] {dagbag.py:541} INFO - Filling up the DagBag from /home/airflow/.local/lib/python3.7/site-packages/airflow/example_dags/example_params_trigger_ui.py
[2023-05-03T10:00:14.416+0000] {processor.py:809} INFO - DAG(s) dict_keys(['example_params_trigger_ui']) retrieved from /home/airflow/.local/lib/python3.7/site-packages/airflow/example_dags/example_params_trigger_ui.py
[2023-05-03T10:00:14.552+0000] {logging_mixin.py:149} INFO - [2023-05-03T10:00:14.552+0000] {dag.py:2726} INFO - Sync 1 DAGs
[2023-05-03T10:00:14.591+0000] {logging_mixin.py:149} INFO - [2023-05-03T10:00:14.591+0000] {dag.py:3490} INFO - Setting next_dagrun for example_params_trigger_ui to None, run_after=None
[2023-05-03T10:00:14.680+0000] {processor.py:178} INFO - Processing /home/airflow/.local/lib/python3.7/site-packages/airflow/example_dags/example_params_trigger_ui.py took 0.312 seconds
[2023-05-03T10:00:45.198+0000] {processor.py:156} INFO - Started process (PID=5830) to work on /home/airflow/.local/lib/python3.7/site-packages/airflow/example_dags/example_params_trigger_ui.py
[2023-05-03T10:00:45.200+0000] {processor.py:799} INFO - Processing file /home/airflow/.local/lib/python3.7/site-packages/airflow/example_dags/example_params_trigger_ui.py for tasks to queue
[2023-05-03T10:00:45.208+0000] {logging_mixin.py:149} INFO - [2023-05-03T10:00:45.208+0000] {dagbag.py:541} INFO - Filling up the DagBag from /home/airflow/.local/lib/python3.7/site-packages/airflow/example_dags/example_params_trigger_ui.py
[2023-05-03T10:00:45.283+0000] {processor.py:809} INFO - DAG(s) dict_keys(['example_params_trigger_ui']) retrieved from /home/airflow/.local/lib/python3.7/site-packages/airflow/example_dags/example_params_trigger_ui.py
[2023-05-03T10:00:45.645+0000] {logging_mixin.py:149} INFO - [2023-05-03T10:00:45.644+0000] {dag.py:2726} INFO - Sync 1 DAGs
[2023-05-03T10:00:45.753+0000] {logging_mixin.py:149} INFO - [2023-05-03T10:00:45.753+0000] {dag.py:3490} INFO - Setting next_dagrun for example_params_trigger_ui to None, run_after=None
[2023-05-03T10:00:45.805+0000] {processor.py:178} INFO - Processing /home/airflow/.local/lib/python3.7/site-packages/airflow/example_dags/example_params_trigger_ui.py took 0.612 seconds
[2023-05-03T10:01:16.293+0000] {processor.py:156} INFO - Started process (PID=6066) to work on /home/airflow/.local/lib/python3.7/site-packages/airflow/example_dags/example_params_trigger_ui.py
[2023-05-03T10:01:16.295+0000] {processor.py:799} INFO - Processing file /home/airflow/.local/lib/python3.7/site-packages/airflow/example_dags/example_params_trigger_ui.py for tasks to queue
[2023-05-03T10:01:16.297+0000] {logging_mixin.py:149} INFO - [2023-05-03T10:01:16.297+0000] {dagbag.py:541} INFO - Filling up the DagBag from /home/airflow/.local/lib/python3.7/site-packages/airflow/example_dags/example_params_trigger_ui.py
[2023-05-03T10:01:16.354+0000] {processor.py:809} INFO - DAG(s) dict_keys(['example_params_trigger_ui']) retrieved from /home/airflow/.local/lib/python3.7/site-packages/airflow/example_dags/example_params_trigger_ui.py
[2023-05-03T10:01:16.593+0000] {logging_mixin.py:149} INFO - [2023-05-03T10:01:16.593+0000] {dag.py:2726} INFO - Sync 1 DAGs
[2023-05-03T10:01:16.639+0000] {logging_mixin.py:149} INFO - [2023-05-03T10:01:16.638+0000] {dag.py:3490} INFO - Setting next_dagrun for example_params_trigger_ui to None, run_after=None
[2023-05-03T10:01:16.670+0000] {processor.py:178} INFO - Processing /home/airflow/.local/lib/python3.7/site-packages/airflow/example_dags/example_params_trigger_ui.py took 0.383 seconds
[2023-05-03T10:01:47.485+0000] {processor.py:156} INFO - Started process (PID=6302) to work on /home/airflow/.local/lib/python3.7/site-packages/airflow/example_dags/example_params_trigger_ui.py
[2023-05-03T10:01:47.487+0000] {processor.py:799} INFO - Processing file /home/airflow/.local/lib/python3.7/site-packages/airflow/example_dags/example_params_trigger_ui.py for tasks to queue
[2023-05-03T10:01:47.489+0000] {logging_mixin.py:149} INFO - [2023-05-03T10:01:47.489+0000] {dagbag.py:541} INFO - Filling up the DagBag from /home/airflow/.local/lib/python3.7/site-packages/airflow/example_dags/example_params_trigger_ui.py
[2023-05-03T10:01:47.581+0000] {processor.py:809} INFO - DAG(s) dict_keys(['example_params_trigger_ui']) retrieved from /home/airflow/.local/lib/python3.7/site-packages/airflow/example_dags/example_params_trigger_ui.py
[2023-05-03T10:01:47.873+0000] {logging_mixin.py:149} INFO - [2023-05-03T10:01:47.873+0000] {dag.py:2726} INFO - Sync 1 DAGs
[2023-05-03T10:01:47.950+0000] {logging_mixin.py:149} INFO - [2023-05-03T10:01:47.949+0000] {dag.py:3490} INFO - Setting next_dagrun for example_params_trigger_ui to None, run_after=None
[2023-05-03T10:01:48.013+0000] {processor.py:178} INFO - Processing /home/airflow/.local/lib/python3.7/site-packages/airflow/example_dags/example_params_trigger_ui.py took 0.535 seconds
[2023-05-03T10:45:44.016+0000] {processor.py:156} INFO - Started process (PID=6481) to work on /home/airflow/.local/lib/python3.7/site-packages/airflow/example_dags/example_params_trigger_ui.py
[2023-05-03T10:45:44.019+0000] {processor.py:799} INFO - Processing file /home/airflow/.local/lib/python3.7/site-packages/airflow/example_dags/example_params_trigger_ui.py for tasks to queue
[2023-05-03T10:45:44.031+0000] {logging_mixin.py:149} INFO - [2023-05-03T10:45:44.031+0000] {dagbag.py:541} INFO - Filling up the DagBag from /home/airflow/.local/lib/python3.7/site-packages/airflow/example_dags/example_params_trigger_ui.py
[2023-05-03T10:45:44.802+0000] {processor.py:809} INFO - DAG(s) dict_keys(['example_params_trigger_ui']) retrieved from /home/airflow/.local/lib/python3.7/site-packages/airflow/example_dags/example_params_trigger_ui.py
[2023-05-03T10:45:45.324+0000] {logging_mixin.py:149} INFO - [2023-05-03T10:45:45.324+0000] {dag.py:2726} INFO - Sync 1 DAGs
[2023-05-03T10:45:45.907+0000] {logging_mixin.py:149} INFO - [2023-05-03T10:45:45.905+0000] {dag.py:3490} INFO - Setting next_dagrun for example_params_trigger_ui to None, run_after=None
[2023-05-03T10:45:46.788+0000] {processor.py:178} INFO - Processing /home/airflow/.local/lib/python3.7/site-packages/airflow/example_dags/example_params_trigger_ui.py took 2.787 seconds
[2023-05-03T10:46:22.774+0000] {processor.py:156} INFO - Started process (PID=6717) to work on /home/airflow/.local/lib/python3.7/site-packages/airflow/example_dags/example_params_trigger_ui.py
[2023-05-03T10:46:22.789+0000] {processor.py:799} INFO - Processing file /home/airflow/.local/lib/python3.7/site-packages/airflow/example_dags/example_params_trigger_ui.py for tasks to queue
[2023-05-03T10:46:22.808+0000] {logging_mixin.py:149} INFO - [2023-05-03T10:46:22.797+0000] {dagbag.py:541} INFO - Filling up the DagBag from /home/airflow/.local/lib/python3.7/site-packages/airflow/example_dags/example_params_trigger_ui.py
[2023-05-03T10:46:22.939+0000] {processor.py:809} INFO - DAG(s) dict_keys(['example_params_trigger_ui']) retrieved from /home/airflow/.local/lib/python3.7/site-packages/airflow/example_dags/example_params_trigger_ui.py
[2023-05-03T10:46:23.643+0000] {logging_mixin.py:149} INFO - [2023-05-03T10:46:23.643+0000] {dag.py:2726} INFO - Sync 1 DAGs
[2023-05-03T10:46:23.846+0000] {logging_mixin.py:149} INFO - [2023-05-03T10:46:23.845+0000] {dag.py:3490} INFO - Setting next_dagrun for example_params_trigger_ui to None, run_after=None
[2023-05-03T10:46:24.943+0000] {processor.py:178} INFO - Processing /home/airflow/.local/lib/python3.7/site-packages/airflow/example_dags/example_params_trigger_ui.py took 2.185 seconds
[2023-05-03T10:47:41.904+0000] {processor.py:156} INFO - Started process (PID=6830) to work on /home/airflow/.local/lib/python3.7/site-packages/airflow/example_dags/example_params_trigger_ui.py
[2023-05-03T10:47:41.910+0000] {processor.py:799} INFO - Processing file /home/airflow/.local/lib/python3.7/site-packages/airflow/example_dags/example_params_trigger_ui.py for tasks to queue
[2023-05-03T10:47:41.914+0000] {logging_mixin.py:149} INFO - [2023-05-03T10:47:41.913+0000] {dagbag.py:541} INFO - Filling up the DagBag from /home/airflow/.local/lib/python3.7/site-packages/airflow/example_dags/example_params_trigger_ui.py
[2023-05-03T10:47:42.133+0000] {processor.py:809} INFO - DAG(s) dict_keys(['example_params_trigger_ui']) retrieved from /home/airflow/.local/lib/python3.7/site-packages/airflow/example_dags/example_params_trigger_ui.py
[2023-05-03T10:47:42.888+0000] {logging_mixin.py:149} INFO - [2023-05-03T10:47:42.888+0000] {dag.py:2726} INFO - Sync 1 DAGs
[2023-05-03T10:47:43.265+0000] {logging_mixin.py:149} INFO - [2023-05-03T10:47:43.264+0000] {dag.py:3490} INFO - Setting next_dagrun for example_params_trigger_ui to None, run_after=None
[2023-05-03T10:47:43.665+0000] {processor.py:178} INFO - Processing /home/airflow/.local/lib/python3.7/site-packages/airflow/example_dags/example_params_trigger_ui.py took 1.771 seconds
[2023-05-03T10:48:14.020+0000] {processor.py:156} INFO - Started process (PID=7062) to work on /home/airflow/.local/lib/python3.7/site-packages/airflow/example_dags/example_params_trigger_ui.py
[2023-05-03T10:48:14.022+0000] {processor.py:799} INFO - Processing file /home/airflow/.local/lib/python3.7/site-packages/airflow/example_dags/example_params_trigger_ui.py for tasks to queue
[2023-05-03T10:48:14.034+0000] {logging_mixin.py:149} INFO - [2023-05-03T10:48:14.033+0000] {dagbag.py:541} INFO - Filling up the DagBag from /home/airflow/.local/lib/python3.7/site-packages/airflow/example_dags/example_params_trigger_ui.py
[2023-05-03T10:48:14.133+0000] {processor.py:809} INFO - DAG(s) dict_keys(['example_params_trigger_ui']) retrieved from /home/airflow/.local/lib/python3.7/site-packages/airflow/example_dags/example_params_trigger_ui.py
[2023-05-03T10:48:14.411+0000] {logging_mixin.py:149} INFO - [2023-05-03T10:48:14.407+0000] {dag.py:2726} INFO - Sync 1 DAGs
[2023-05-03T10:48:14.482+0000] {logging_mixin.py:149} INFO - [2023-05-03T10:48:14.482+0000] {dag.py:3490} INFO - Setting next_dagrun for example_params_trigger_ui to None, run_after=None
[2023-05-03T10:48:14.543+0000] {processor.py:178} INFO - Processing /home/airflow/.local/lib/python3.7/site-packages/airflow/example_dags/example_params_trigger_ui.py took 0.527 seconds
[2023-05-03T10:48:44.814+0000] {processor.py:156} INFO - Started process (PID=7298) to work on /home/airflow/.local/lib/python3.7/site-packages/airflow/example_dags/example_params_trigger_ui.py
[2023-05-03T10:48:44.817+0000] {processor.py:799} INFO - Processing file /home/airflow/.local/lib/python3.7/site-packages/airflow/example_dags/example_params_trigger_ui.py for tasks to queue
[2023-05-03T10:48:44.819+0000] {logging_mixin.py:149} INFO - [2023-05-03T10:48:44.819+0000] {dagbag.py:541} INFO - Filling up the DagBag from /home/airflow/.local/lib/python3.7/site-packages/airflow/example_dags/example_params_trigger_ui.py
[2023-05-03T10:48:44.896+0000] {processor.py:809} INFO - DAG(s) dict_keys(['example_params_trigger_ui']) retrieved from /home/airflow/.local/lib/python3.7/site-packages/airflow/example_dags/example_params_trigger_ui.py
[2023-05-03T10:48:45.173+0000] {logging_mixin.py:149} INFO - [2023-05-03T10:48:45.173+0000] {dag.py:2726} INFO - Sync 1 DAGs
[2023-05-03T10:48:45.255+0000] {logging_mixin.py:149} INFO - [2023-05-03T10:48:45.255+0000] {dag.py:3490} INFO - Setting next_dagrun for example_params_trigger_ui to None, run_after=None
[2023-05-03T10:48:45.292+0000] {processor.py:178} INFO - Processing /home/airflow/.local/lib/python3.7/site-packages/airflow/example_dags/example_params_trigger_ui.py took 0.491 seconds
[2023-05-03T10:49:15.643+0000] {processor.py:156} INFO - Started process (PID=7534) to work on /home/airflow/.local/lib/python3.7/site-packages/airflow/example_dags/example_params_trigger_ui.py
[2023-05-03T10:49:15.647+0000] {processor.py:799} INFO - Processing file /home/airflow/.local/lib/python3.7/site-packages/airflow/example_dags/example_params_trigger_ui.py for tasks to queue
[2023-05-03T10:49:15.649+0000] {logging_mixin.py:149} INFO - [2023-05-03T10:49:15.649+0000] {dagbag.py:541} INFO - Filling up the DagBag from /home/airflow/.local/lib/python3.7/site-packages/airflow/example_dags/example_params_trigger_ui.py
[2023-05-03T10:49:15.729+0000] {processor.py:809} INFO - DAG(s) dict_keys(['example_params_trigger_ui']) retrieved from /home/airflow/.local/lib/python3.7/site-packages/airflow/example_dags/example_params_trigger_ui.py
[2023-05-03T10:49:16.037+0000] {logging_mixin.py:149} INFO - [2023-05-03T10:49:16.037+0000] {dag.py:2726} INFO - Sync 1 DAGs
[2023-05-03T10:49:16.120+0000] {logging_mixin.py:149} INFO - [2023-05-03T10:49:16.113+0000] {dag.py:3490} INFO - Setting next_dagrun for example_params_trigger_ui to None, run_after=None
[2023-05-03T10:49:16.176+0000] {processor.py:178} INFO - Processing /home/airflow/.local/lib/python3.7/site-packages/airflow/example_dags/example_params_trigger_ui.py took 0.547 seconds
[2023-05-03T10:49:57.965+0000] {processor.py:156} INFO - Started process (PID=7777) to work on /home/airflow/.local/lib/python3.7/site-packages/airflow/example_dags/example_params_trigger_ui.py
[2023-05-03T10:49:57.985+0000] {processor.py:799} INFO - Processing file /home/airflow/.local/lib/python3.7/site-packages/airflow/example_dags/example_params_trigger_ui.py for tasks to queue
[2023-05-03T10:49:57.997+0000] {logging_mixin.py:149} INFO - [2023-05-03T10:49:57.997+0000] {dagbag.py:541} INFO - Filling up the DagBag from /home/airflow/.local/lib/python3.7/site-packages/airflow/example_dags/example_params_trigger_ui.py
[2023-05-03T10:49:58.206+0000] {processor.py:809} INFO - DAG(s) dict_keys(['example_params_trigger_ui']) retrieved from /home/airflow/.local/lib/python3.7/site-packages/airflow/example_dags/example_params_trigger_ui.py
[2023-05-03T10:49:58.645+0000] {logging_mixin.py:149} INFO - [2023-05-03T10:49:58.645+0000] {dag.py:2726} INFO - Sync 1 DAGs
[2023-05-03T10:49:58.755+0000] {logging_mixin.py:149} INFO - [2023-05-03T10:49:58.755+0000] {dag.py:3490} INFO - Setting next_dagrun for example_params_trigger_ui to None, run_after=None
[2023-05-03T10:49:58.891+0000] {processor.py:178} INFO - Processing /home/airflow/.local/lib/python3.7/site-packages/airflow/example_dags/example_params_trigger_ui.py took 0.954 seconds
[2023-05-03T10:50:31.336+0000] {processor.py:156} INFO - Started process (PID=8012) to work on /home/airflow/.local/lib/python3.7/site-packages/airflow/example_dags/example_params_trigger_ui.py
[2023-05-03T10:50:31.345+0000] {processor.py:799} INFO - Processing file /home/airflow/.local/lib/python3.7/site-packages/airflow/example_dags/example_params_trigger_ui.py for tasks to queue
[2023-05-03T10:50:31.348+0000] {logging_mixin.py:149} INFO - [2023-05-03T10:50:31.347+0000] {dagbag.py:541} INFO - Filling up the DagBag from /home/airflow/.local/lib/python3.7/site-packages/airflow/example_dags/example_params_trigger_ui.py
[2023-05-03T10:50:31.457+0000] {processor.py:809} INFO - DAG(s) dict_keys(['example_params_trigger_ui']) retrieved from /home/airflow/.local/lib/python3.7/site-packages/airflow/example_dags/example_params_trigger_ui.py
[2023-05-03T10:50:31.742+0000] {logging_mixin.py:149} INFO - [2023-05-03T10:50:31.741+0000] {dag.py:2726} INFO - Sync 1 DAGs
[2023-05-03T10:50:31.822+0000] {logging_mixin.py:149} INFO - [2023-05-03T10:50:31.821+0000] {dag.py:3490} INFO - Setting next_dagrun for example_params_trigger_ui to None, run_after=None
[2023-05-03T10:50:31.956+0000] {processor.py:178} INFO - Processing /home/airflow/.local/lib/python3.7/site-packages/airflow/example_dags/example_params_trigger_ui.py took 0.624 seconds
[2023-05-03T10:51:02.218+0000] {processor.py:156} INFO - Started process (PID=8242) to work on /home/airflow/.local/lib/python3.7/site-packages/airflow/example_dags/example_params_trigger_ui.py
[2023-05-03T10:51:02.220+0000] {processor.py:799} INFO - Processing file /home/airflow/.local/lib/python3.7/site-packages/airflow/example_dags/example_params_trigger_ui.py for tasks to queue
[2023-05-03T10:51:02.226+0000] {logging_mixin.py:149} INFO - [2023-05-03T10:51:02.224+0000] {dagbag.py:541} INFO - Filling up the DagBag from /home/airflow/.local/lib/python3.7/site-packages/airflow/example_dags/example_params_trigger_ui.py
[2023-05-03T10:51:02.308+0000] {processor.py:809} INFO - DAG(s) dict_keys(['example_params_trigger_ui']) retrieved from /home/airflow/.local/lib/python3.7/site-packages/airflow/example_dags/example_params_trigger_ui.py
[2023-05-03T10:51:02.606+0000] {logging_mixin.py:149} INFO - [2023-05-03T10:51:02.606+0000] {dag.py:2726} INFO - Sync 1 DAGs
[2023-05-03T10:51:02.740+0000] {logging_mixin.py:149} INFO - [2023-05-03T10:51:02.739+0000] {dag.py:3490} INFO - Setting next_dagrun for example_params_trigger_ui to None, run_after=None
[2023-05-03T10:51:02.798+0000] {processor.py:178} INFO - Processing /home/airflow/.local/lib/python3.7/site-packages/airflow/example_dags/example_params_trigger_ui.py took 0.585 seconds
[2023-05-03T10:51:33.774+0000] {processor.py:156} INFO - Started process (PID=8478) to work on /home/airflow/.local/lib/python3.7/site-packages/airflow/example_dags/example_params_trigger_ui.py
[2023-05-03T10:51:33.781+0000] {processor.py:799} INFO - Processing file /home/airflow/.local/lib/python3.7/site-packages/airflow/example_dags/example_params_trigger_ui.py for tasks to queue
[2023-05-03T10:51:33.783+0000] {logging_mixin.py:149} INFO - [2023-05-03T10:51:33.782+0000] {dagbag.py:541} INFO - Filling up the DagBag from /home/airflow/.local/lib/python3.7/site-packages/airflow/example_dags/example_params_trigger_ui.py
[2023-05-03T10:51:33.867+0000] {processor.py:809} INFO - DAG(s) dict_keys(['example_params_trigger_ui']) retrieved from /home/airflow/.local/lib/python3.7/site-packages/airflow/example_dags/example_params_trigger_ui.py
[2023-05-03T10:51:34.119+0000] {logging_mixin.py:149} INFO - [2023-05-03T10:51:34.118+0000] {dag.py:2726} INFO - Sync 1 DAGs
[2023-05-03T10:51:34.192+0000] {logging_mixin.py:149} INFO - [2023-05-03T10:51:34.192+0000] {dag.py:3490} INFO - Setting next_dagrun for example_params_trigger_ui to None, run_after=None
[2023-05-03T10:51:34.257+0000] {processor.py:178} INFO - Processing /home/airflow/.local/lib/python3.7/site-packages/airflow/example_dags/example_params_trigger_ui.py took 0.504 seconds
[2023-05-03T10:52:04.941+0000] {processor.py:156} INFO - Started process (PID=8707) to work on /home/airflow/.local/lib/python3.7/site-packages/airflow/example_dags/example_params_trigger_ui.py
[2023-05-03T10:52:04.944+0000] {processor.py:799} INFO - Processing file /home/airflow/.local/lib/python3.7/site-packages/airflow/example_dags/example_params_trigger_ui.py for tasks to queue
[2023-05-03T10:52:04.955+0000] {logging_mixin.py:149} INFO - [2023-05-03T10:52:04.954+0000] {dagbag.py:541} INFO - Filling up the DagBag from /home/airflow/.local/lib/python3.7/site-packages/airflow/example_dags/example_params_trigger_ui.py
[2023-05-03T10:52:05.113+0000] {processor.py:809} INFO - DAG(s) dict_keys(['example_params_trigger_ui']) retrieved from /home/airflow/.local/lib/python3.7/site-packages/airflow/example_dags/example_params_trigger_ui.py
[2023-05-03T10:52:05.418+0000] {logging_mixin.py:149} INFO - [2023-05-03T10:52:05.418+0000] {dag.py:2726} INFO - Sync 1 DAGs
[2023-05-03T10:52:05.514+0000] {logging_mixin.py:149} INFO - [2023-05-03T10:52:05.514+0000] {dag.py:3490} INFO - Setting next_dagrun for example_params_trigger_ui to None, run_after=None
[2023-05-03T10:52:05.610+0000] {processor.py:178} INFO - Processing /home/airflow/.local/lib/python3.7/site-packages/airflow/example_dags/example_params_trigger_ui.py took 0.674 seconds
[2023-05-03T10:52:36.766+0000] {processor.py:156} INFO - Started process (PID=8946) to work on /home/airflow/.local/lib/python3.7/site-packages/airflow/example_dags/example_params_trigger_ui.py
[2023-05-03T10:52:36.781+0000] {processor.py:799} INFO - Processing file /home/airflow/.local/lib/python3.7/site-packages/airflow/example_dags/example_params_trigger_ui.py for tasks to queue
[2023-05-03T10:52:36.797+0000] {logging_mixin.py:149} INFO - [2023-05-03T10:52:36.796+0000] {dagbag.py:541} INFO - Filling up the DagBag from /home/airflow/.local/lib/python3.7/site-packages/airflow/example_dags/example_params_trigger_ui.py
[2023-05-03T10:52:37.063+0000] {processor.py:809} INFO - DAG(s) dict_keys(['example_params_trigger_ui']) retrieved from /home/airflow/.local/lib/python3.7/site-packages/airflow/example_dags/example_params_trigger_ui.py
[2023-05-03T10:52:37.388+0000] {logging_mixin.py:149} INFO - [2023-05-03T10:52:37.386+0000] {dag.py:2726} INFO - Sync 1 DAGs
[2023-05-03T10:52:37.502+0000] {logging_mixin.py:149} INFO - [2023-05-03T10:52:37.500+0000] {dag.py:3490} INFO - Setting next_dagrun for example_params_trigger_ui to None, run_after=None
[2023-05-03T10:52:37.601+0000] {processor.py:178} INFO - Processing /home/airflow/.local/lib/python3.7/site-packages/airflow/example_dags/example_params_trigger_ui.py took 0.843 seconds
[2023-05-03T10:53:08.548+0000] {processor.py:156} INFO - Started process (PID=9187) to work on /home/airflow/.local/lib/python3.7/site-packages/airflow/example_dags/example_params_trigger_ui.py
[2023-05-03T10:53:08.560+0000] {processor.py:799} INFO - Processing file /home/airflow/.local/lib/python3.7/site-packages/airflow/example_dags/example_params_trigger_ui.py for tasks to queue
[2023-05-03T10:53:08.564+0000] {logging_mixin.py:149} INFO - [2023-05-03T10:53:08.564+0000] {dagbag.py:541} INFO - Filling up the DagBag from /home/airflow/.local/lib/python3.7/site-packages/airflow/example_dags/example_params_trigger_ui.py
[2023-05-03T10:53:08.780+0000] {processor.py:809} INFO - DAG(s) dict_keys(['example_params_trigger_ui']) retrieved from /home/airflow/.local/lib/python3.7/site-packages/airflow/example_dags/example_params_trigger_ui.py
[2023-05-03T10:53:09.354+0000] {logging_mixin.py:149} INFO - [2023-05-03T10:53:09.354+0000] {dag.py:2726} INFO - Sync 1 DAGs
[2023-05-03T10:53:10.157+0000] {logging_mixin.py:149} INFO - [2023-05-03T10:53:10.157+0000] {dag.py:3490} INFO - Setting next_dagrun for example_params_trigger_ui to None, run_after=None
[2023-05-03T10:53:10.294+0000] {processor.py:178} INFO - Processing /home/airflow/.local/lib/python3.7/site-packages/airflow/example_dags/example_params_trigger_ui.py took 1.754 seconds
[2023-05-03T10:53:41.114+0000] {processor.py:156} INFO - Started process (PID=9423) to work on /home/airflow/.local/lib/python3.7/site-packages/airflow/example_dags/example_params_trigger_ui.py
[2023-05-03T10:53:41.118+0000] {processor.py:799} INFO - Processing file /home/airflow/.local/lib/python3.7/site-packages/airflow/example_dags/example_params_trigger_ui.py for tasks to queue
[2023-05-03T10:53:41.128+0000] {logging_mixin.py:149} INFO - [2023-05-03T10:53:41.128+0000] {dagbag.py:541} INFO - Filling up the DagBag from /home/airflow/.local/lib/python3.7/site-packages/airflow/example_dags/example_params_trigger_ui.py
[2023-05-03T10:53:41.270+0000] {processor.py:809} INFO - DAG(s) dict_keys(['example_params_trigger_ui']) retrieved from /home/airflow/.local/lib/python3.7/site-packages/airflow/example_dags/example_params_trigger_ui.py
[2023-05-03T10:53:41.697+0000] {logging_mixin.py:149} INFO - [2023-05-03T10:53:41.696+0000] {dag.py:2726} INFO - Sync 1 DAGs
[2023-05-03T10:53:41.831+0000] {logging_mixin.py:149} INFO - [2023-05-03T10:53:41.830+0000] {dag.py:3490} INFO - Setting next_dagrun for example_params_trigger_ui to None, run_after=None
[2023-05-03T10:53:41.931+0000] {processor.py:178} INFO - Processing /home/airflow/.local/lib/python3.7/site-packages/airflow/example_dags/example_params_trigger_ui.py took 0.832 seconds
[2023-05-03T10:54:12.361+0000] {processor.py:156} INFO - Started process (PID=9661) to work on /home/airflow/.local/lib/python3.7/site-packages/airflow/example_dags/example_params_trigger_ui.py
[2023-05-03T10:54:12.363+0000] {processor.py:799} INFO - Processing file /home/airflow/.local/lib/python3.7/site-packages/airflow/example_dags/example_params_trigger_ui.py for tasks to queue
[2023-05-03T10:54:12.368+0000] {logging_mixin.py:149} INFO - [2023-05-03T10:54:12.365+0000] {dagbag.py:541} INFO - Filling up the DagBag from /home/airflow/.local/lib/python3.7/site-packages/airflow/example_dags/example_params_trigger_ui.py
[2023-05-03T10:54:12.436+0000] {processor.py:809} INFO - DAG(s) dict_keys(['example_params_trigger_ui']) retrieved from /home/airflow/.local/lib/python3.7/site-packages/airflow/example_dags/example_params_trigger_ui.py
[2023-05-03T10:54:12.610+0000] {logging_mixin.py:149} INFO - [2023-05-03T10:54:12.610+0000] {dag.py:2726} INFO - Sync 1 DAGs
[2023-05-03T10:54:12.655+0000] {logging_mixin.py:149} INFO - [2023-05-03T10:54:12.655+0000] {dag.py:3490} INFO - Setting next_dagrun for example_params_trigger_ui to None, run_after=None
[2023-05-03T10:54:12.701+0000] {processor.py:178} INFO - Processing /home/airflow/.local/lib/python3.7/site-packages/airflow/example_dags/example_params_trigger_ui.py took 0.345 seconds
[2023-05-03T10:54:51.812+0000] {processor.py:156} INFO - Started process (PID=9881) to work on /home/airflow/.local/lib/python3.7/site-packages/airflow/example_dags/example_params_trigger_ui.py
[2023-05-03T10:54:51.820+0000] {processor.py:799} INFO - Processing file /home/airflow/.local/lib/python3.7/site-packages/airflow/example_dags/example_params_trigger_ui.py for tasks to queue
[2023-05-03T10:54:51.829+0000] {logging_mixin.py:149} INFO - [2023-05-03T10:54:51.829+0000] {dagbag.py:541} INFO - Filling up the DagBag from /home/airflow/.local/lib/python3.7/site-packages/airflow/example_dags/example_params_trigger_ui.py
[2023-05-03T10:54:51.955+0000] {processor.py:809} INFO - DAG(s) dict_keys(['example_params_trigger_ui']) retrieved from /home/airflow/.local/lib/python3.7/site-packages/airflow/example_dags/example_params_trigger_ui.py
[2023-05-03T10:54:52.406+0000] {logging_mixin.py:149} INFO - [2023-05-03T10:54:52.406+0000] {dag.py:2726} INFO - Sync 1 DAGs
[2023-05-03T10:54:52.501+0000] {logging_mixin.py:149} INFO - [2023-05-03T10:54:52.501+0000] {dag.py:3490} INFO - Setting next_dagrun for example_params_trigger_ui to None, run_after=None
[2023-05-03T10:54:52.619+0000] {processor.py:178} INFO - Processing /home/airflow/.local/lib/python3.7/site-packages/airflow/example_dags/example_params_trigger_ui.py took 0.817 seconds
