[2023-05-03T09:31:24.609+0000] {processor.py:156} INFO - Started process (PID=286) to work on /home/airflow/.local/lib/python3.7/site-packages/airflow/example_dags/example_bash_operator.py
[2023-05-03T09:31:24.615+0000] {processor.py:799} INFO - Processing file /home/airflow/.local/lib/python3.7/site-packages/airflow/example_dags/example_bash_operator.py for tasks to queue
[2023-05-03T09:31:24.618+0000] {logging_mixin.py:149} INFO - [2023-05-03T09:31:24.618+0000] {dagbag.py:541} INFO - Filling up the DagBag from /home/airflow/.local/lib/python3.7/site-packages/airflow/example_dags/example_bash_operator.py
[2023-05-03T09:31:24.660+0000] {processor.py:809} INFO - DAG(s) dict_keys(['example_bash_operator']) retrieved from /home/airflow/.local/lib/python3.7/site-packages/airflow/example_dags/example_bash_operator.py
[2023-05-03T09:31:24.787+0000] {logging_mixin.py:149} INFO - [2023-05-03T09:31:24.787+0000] {dag.py:2726} INFO - Sync 1 DAGs
[2023-05-03T09:31:24.887+0000] {logging_mixin.py:149} INFO - [2023-05-03T09:31:24.886+0000] {dag.py:3490} INFO - Setting next_dagrun for example_bash_operator to 2023-05-02T00:00:00+00:00, run_after=2023-05-03T00:00:00+00:00
[2023-05-03T09:31:25.508+0000] {processor.py:178} INFO - Processing /home/airflow/.local/lib/python3.7/site-packages/airflow/example_dags/example_bash_operator.py took 0.904 seconds
[2023-05-03T09:32:07.884+0000] {processor.py:156} INFO - Started process (PID=522) to work on /home/airflow/.local/lib/python3.7/site-packages/airflow/example_dags/example_bash_operator.py
[2023-05-03T09:32:07.887+0000] {processor.py:799} INFO - Processing file /home/airflow/.local/lib/python3.7/site-packages/airflow/example_dags/example_bash_operator.py for tasks to queue
[2023-05-03T09:32:07.889+0000] {logging_mixin.py:149} INFO - [2023-05-03T09:32:07.888+0000] {dagbag.py:541} INFO - Filling up the DagBag from /home/airflow/.local/lib/python3.7/site-packages/airflow/example_dags/example_bash_operator.py
[2023-05-03T09:32:07.923+0000] {processor.py:809} INFO - DAG(s) dict_keys(['example_bash_operator']) retrieved from /home/airflow/.local/lib/python3.7/site-packages/airflow/example_dags/example_bash_operator.py
[2023-05-03T09:32:08.280+0000] {logging_mixin.py:149} INFO - [2023-05-03T09:32:08.279+0000] {dag.py:2726} INFO - Sync 1 DAGs
[2023-05-03T09:32:08.376+0000] {logging_mixin.py:149} INFO - [2023-05-03T09:32:08.376+0000] {dag.py:3490} INFO - Setting next_dagrun for example_bash_operator to 2023-05-02T00:00:00+00:00, run_after=2023-05-03T00:00:00+00:00
[2023-05-03T09:32:08.445+0000] {processor.py:178} INFO - Processing /home/airflow/.local/lib/python3.7/site-packages/airflow/example_dags/example_bash_operator.py took 0.566 seconds
[2023-05-03T09:32:40.873+0000] {processor.py:156} INFO - Started process (PID=758) to work on /home/airflow/.local/lib/python3.7/site-packages/airflow/example_dags/example_bash_operator.py
[2023-05-03T09:32:40.876+0000] {processor.py:799} INFO - Processing file /home/airflow/.local/lib/python3.7/site-packages/airflow/example_dags/example_bash_operator.py for tasks to queue
[2023-05-03T09:32:40.878+0000] {logging_mixin.py:149} INFO - [2023-05-03T09:32:40.878+0000] {dagbag.py:541} INFO - Filling up the DagBag from /home/airflow/.local/lib/python3.7/site-packages/airflow/example_dags/example_bash_operator.py
[2023-05-03T09:32:40.914+0000] {processor.py:809} INFO - DAG(s) dict_keys(['example_bash_operator']) retrieved from /home/airflow/.local/lib/python3.7/site-packages/airflow/example_dags/example_bash_operator.py
[2023-05-03T09:32:40.973+0000] {logging_mixin.py:149} INFO - [2023-05-03T09:32:40.973+0000] {dag.py:2726} INFO - Sync 1 DAGs
[2023-05-03T09:32:41.017+0000] {logging_mixin.py:149} INFO - [2023-05-03T09:32:41.016+0000] {dag.py:3490} INFO - Setting next_dagrun for example_bash_operator to 2023-05-02T00:00:00+00:00, run_after=2023-05-03T00:00:00+00:00
[2023-05-03T09:32:41.051+0000] {processor.py:178} INFO - Processing /home/airflow/.local/lib/python3.7/site-packages/airflow/example_dags/example_bash_operator.py took 0.182 seconds
[2023-05-03T09:33:31.052+0000] {processor.py:156} INFO - Started process (PID=985) to work on /home/airflow/.local/lib/python3.7/site-packages/airflow/example_dags/example_bash_operator.py
[2023-05-03T09:33:31.054+0000] {processor.py:799} INFO - Processing file /home/airflow/.local/lib/python3.7/site-packages/airflow/example_dags/example_bash_operator.py for tasks to queue
[2023-05-03T09:33:31.056+0000] {logging_mixin.py:149} INFO - [2023-05-03T09:33:31.055+0000] {dagbag.py:541} INFO - Filling up the DagBag from /home/airflow/.local/lib/python3.7/site-packages/airflow/example_dags/example_bash_operator.py
[2023-05-03T09:33:31.093+0000] {processor.py:809} INFO - DAG(s) dict_keys(['example_bash_operator']) retrieved from /home/airflow/.local/lib/python3.7/site-packages/airflow/example_dags/example_bash_operator.py
[2023-05-03T09:33:31.215+0000] {logging_mixin.py:149} INFO - [2023-05-03T09:33:31.215+0000] {dag.py:2726} INFO - Sync 1 DAGs
[2023-05-03T09:33:31.288+0000] {logging_mixin.py:149} INFO - [2023-05-03T09:33:31.288+0000] {dag.py:3490} INFO - Setting next_dagrun for example_bash_operator to 2023-05-02T00:00:00+00:00, run_after=2023-05-03T00:00:00+00:00
[2023-05-03T09:33:31.391+0000] {processor.py:178} INFO - Processing /home/airflow/.local/lib/python3.7/site-packages/airflow/example_dags/example_bash_operator.py took 0.343 seconds
[2023-05-03T09:34:05.048+0000] {processor.py:156} INFO - Started process (PID=1220) to work on /home/airflow/.local/lib/python3.7/site-packages/airflow/example_dags/example_bash_operator.py
[2023-05-03T09:34:05.057+0000] {processor.py:799} INFO - Processing file /home/airflow/.local/lib/python3.7/site-packages/airflow/example_dags/example_bash_operator.py for tasks to queue
[2023-05-03T09:34:05.059+0000] {logging_mixin.py:149} INFO - [2023-05-03T09:34:05.059+0000] {dagbag.py:541} INFO - Filling up the DagBag from /home/airflow/.local/lib/python3.7/site-packages/airflow/example_dags/example_bash_operator.py
[2023-05-03T09:34:05.151+0000] {processor.py:809} INFO - DAG(s) dict_keys(['example_bash_operator']) retrieved from /home/airflow/.local/lib/python3.7/site-packages/airflow/example_dags/example_bash_operator.py
[2023-05-03T09:34:05.372+0000] {logging_mixin.py:149} INFO - [2023-05-03T09:34:05.372+0000] {dag.py:2726} INFO - Sync 1 DAGs
[2023-05-03T09:34:05.456+0000] {logging_mixin.py:149} INFO - [2023-05-03T09:34:05.456+0000] {dag.py:3490} INFO - Setting next_dagrun for example_bash_operator to 2023-05-02T00:00:00+00:00, run_after=2023-05-03T00:00:00+00:00
[2023-05-03T09:34:05.529+0000] {processor.py:178} INFO - Processing /home/airflow/.local/lib/python3.7/site-packages/airflow/example_dags/example_bash_operator.py took 0.492 seconds
[2023-05-03T09:34:36.142+0000] {processor.py:156} INFO - Started process (PID=1456) to work on /home/airflow/.local/lib/python3.7/site-packages/airflow/example_dags/example_bash_operator.py
[2023-05-03T09:34:36.144+0000] {processor.py:799} INFO - Processing file /home/airflow/.local/lib/python3.7/site-packages/airflow/example_dags/example_bash_operator.py for tasks to queue
[2023-05-03T09:34:36.146+0000] {logging_mixin.py:149} INFO - [2023-05-03T09:34:36.146+0000] {dagbag.py:541} INFO - Filling up the DagBag from /home/airflow/.local/lib/python3.7/site-packages/airflow/example_dags/example_bash_operator.py
[2023-05-03T09:34:36.183+0000] {processor.py:809} INFO - DAG(s) dict_keys(['example_bash_operator']) retrieved from /home/airflow/.local/lib/python3.7/site-packages/airflow/example_dags/example_bash_operator.py
[2023-05-03T09:34:36.260+0000] {logging_mixin.py:149} INFO - [2023-05-03T09:34:36.259+0000] {dag.py:2726} INFO - Sync 1 DAGs
[2023-05-03T09:34:36.359+0000] {logging_mixin.py:149} INFO - [2023-05-03T09:34:36.358+0000] {dag.py:3490} INFO - Setting next_dagrun for example_bash_operator to 2023-05-02T00:00:00+00:00, run_after=2023-05-03T00:00:00+00:00
[2023-05-03T09:34:36.416+0000] {processor.py:178} INFO - Processing /home/airflow/.local/lib/python3.7/site-packages/airflow/example_dags/example_bash_operator.py took 0.278 seconds
[2023-05-03T09:35:07.625+0000] {processor.py:156} INFO - Started process (PID=1692) to work on /home/airflow/.local/lib/python3.7/site-packages/airflow/example_dags/example_bash_operator.py
[2023-05-03T09:35:07.628+0000] {processor.py:799} INFO - Processing file /home/airflow/.local/lib/python3.7/site-packages/airflow/example_dags/example_bash_operator.py for tasks to queue
[2023-05-03T09:35:07.630+0000] {logging_mixin.py:149} INFO - [2023-05-03T09:35:07.630+0000] {dagbag.py:541} INFO - Filling up the DagBag from /home/airflow/.local/lib/python3.7/site-packages/airflow/example_dags/example_bash_operator.py
[2023-05-03T09:35:07.662+0000] {processor.py:809} INFO - DAG(s) dict_keys(['example_bash_operator']) retrieved from /home/airflow/.local/lib/python3.7/site-packages/airflow/example_dags/example_bash_operator.py
[2023-05-03T09:35:07.766+0000] {logging_mixin.py:149} INFO - [2023-05-03T09:35:07.765+0000] {dag.py:2726} INFO - Sync 1 DAGs
[2023-05-03T09:35:07.835+0000] {logging_mixin.py:149} INFO - [2023-05-03T09:35:07.834+0000] {dag.py:3490} INFO - Setting next_dagrun for example_bash_operator to 2023-05-02T00:00:00+00:00, run_after=2023-05-03T00:00:00+00:00
[2023-05-03T09:35:07.890+0000] {processor.py:178} INFO - Processing /home/airflow/.local/lib/python3.7/site-packages/airflow/example_dags/example_bash_operator.py took 0.269 seconds
[2023-05-03T09:35:49.596+0000] {processor.py:156} INFO - Started process (PID=1973) to work on /home/airflow/.local/lib/python3.7/site-packages/airflow/example_dags/example_bash_operator.py
[2023-05-03T09:35:49.600+0000] {processor.py:799} INFO - Processing file /home/airflow/.local/lib/python3.7/site-packages/airflow/example_dags/example_bash_operator.py for tasks to queue
[2023-05-03T09:35:49.603+0000] {logging_mixin.py:149} INFO - [2023-05-03T09:35:49.603+0000] {dagbag.py:541} INFO - Filling up the DagBag from /home/airflow/.local/lib/python3.7/site-packages/airflow/example_dags/example_bash_operator.py
[2023-05-03T09:35:49.651+0000] {processor.py:809} INFO - DAG(s) dict_keys(['example_bash_operator']) retrieved from /home/airflow/.local/lib/python3.7/site-packages/airflow/example_dags/example_bash_operator.py
[2023-05-03T09:35:49.791+0000] {logging_mixin.py:149} INFO - [2023-05-03T09:35:49.791+0000] {dag.py:2726} INFO - Sync 1 DAGs
[2023-05-03T09:35:49.851+0000] {logging_mixin.py:149} INFO - [2023-05-03T09:35:49.850+0000] {dag.py:3490} INFO - Setting next_dagrun for example_bash_operator to 2023-05-02T00:00:00+00:00, run_after=2023-05-03T00:00:00+00:00
[2023-05-03T09:35:49.988+0000] {processor.py:178} INFO - Processing /home/airflow/.local/lib/python3.7/site-packages/airflow/example_dags/example_bash_operator.py took 0.397 seconds
[2023-05-03T09:36:21.523+0000] {processor.py:156} INFO - Started process (PID=2212) to work on /home/airflow/.local/lib/python3.7/site-packages/airflow/example_dags/example_bash_operator.py
[2023-05-03T09:36:21.525+0000] {processor.py:799} INFO - Processing file /home/airflow/.local/lib/python3.7/site-packages/airflow/example_dags/example_bash_operator.py for tasks to queue
[2023-05-03T09:36:21.527+0000] {logging_mixin.py:149} INFO - [2023-05-03T09:36:21.526+0000] {dagbag.py:541} INFO - Filling up the DagBag from /home/airflow/.local/lib/python3.7/site-packages/airflow/example_dags/example_bash_operator.py
[2023-05-03T09:36:21.552+0000] {processor.py:809} INFO - DAG(s) dict_keys(['example_bash_operator']) retrieved from /home/airflow/.local/lib/python3.7/site-packages/airflow/example_dags/example_bash_operator.py
[2023-05-03T09:36:21.672+0000] {logging_mixin.py:149} INFO - [2023-05-03T09:36:21.672+0000] {dag.py:2726} INFO - Sync 1 DAGs
[2023-05-03T09:36:21.724+0000] {logging_mixin.py:149} INFO - [2023-05-03T09:36:21.723+0000] {dag.py:3490} INFO - Setting next_dagrun for example_bash_operator to 2023-05-02T00:00:00+00:00, run_after=2023-05-03T00:00:00+00:00
[2023-05-03T09:36:21.758+0000] {processor.py:178} INFO - Processing /home/airflow/.local/lib/python3.7/site-packages/airflow/example_dags/example_bash_operator.py took 0.248 seconds
[2023-05-03T09:36:52.633+0000] {processor.py:156} INFO - Started process (PID=2448) to work on /home/airflow/.local/lib/python3.7/site-packages/airflow/example_dags/example_bash_operator.py
[2023-05-03T09:36:52.640+0000] {processor.py:799} INFO - Processing file /home/airflow/.local/lib/python3.7/site-packages/airflow/example_dags/example_bash_operator.py for tasks to queue
[2023-05-03T09:36:52.643+0000] {logging_mixin.py:149} INFO - [2023-05-03T09:36:52.641+0000] {dagbag.py:541} INFO - Filling up the DagBag from /home/airflow/.local/lib/python3.7/site-packages/airflow/example_dags/example_bash_operator.py
[2023-05-03T09:36:52.665+0000] {processor.py:809} INFO - DAG(s) dict_keys(['example_bash_operator']) retrieved from /home/airflow/.local/lib/python3.7/site-packages/airflow/example_dags/example_bash_operator.py
[2023-05-03T09:36:52.721+0000] {logging_mixin.py:149} INFO - [2023-05-03T09:36:52.720+0000] {dag.py:2726} INFO - Sync 1 DAGs
[2023-05-03T09:36:52.754+0000] {logging_mixin.py:149} INFO - [2023-05-03T09:36:52.754+0000] {dag.py:3490} INFO - Setting next_dagrun for example_bash_operator to 2023-05-02T00:00:00+00:00, run_after=2023-05-03T00:00:00+00:00
[2023-05-03T09:36:52.799+0000] {processor.py:178} INFO - Processing /home/airflow/.local/lib/python3.7/site-packages/airflow/example_dags/example_bash_operator.py took 0.169 seconds
[2023-05-03T09:37:25.026+0000] {processor.py:156} INFO - Started process (PID=2689) to work on /home/airflow/.local/lib/python3.7/site-packages/airflow/example_dags/example_bash_operator.py
[2023-05-03T09:37:25.033+0000] {processor.py:799} INFO - Processing file /home/airflow/.local/lib/python3.7/site-packages/airflow/example_dags/example_bash_operator.py for tasks to queue
[2023-05-03T09:37:25.036+0000] {logging_mixin.py:149} INFO - [2023-05-03T09:37:25.035+0000] {dagbag.py:541} INFO - Filling up the DagBag from /home/airflow/.local/lib/python3.7/site-packages/airflow/example_dags/example_bash_operator.py
[2023-05-03T09:37:25.080+0000] {processor.py:809} INFO - DAG(s) dict_keys(['example_bash_operator']) retrieved from /home/airflow/.local/lib/python3.7/site-packages/airflow/example_dags/example_bash_operator.py
[2023-05-03T09:37:25.224+0000] {logging_mixin.py:149} INFO - [2023-05-03T09:37:25.223+0000] {dag.py:2726} INFO - Sync 1 DAGs
[2023-05-03T09:37:25.315+0000] {logging_mixin.py:149} INFO - [2023-05-03T09:37:25.315+0000] {dag.py:3490} INFO - Setting next_dagrun for example_bash_operator to 2023-05-02T00:00:00+00:00, run_after=2023-05-03T00:00:00+00:00
[2023-05-03T09:37:25.367+0000] {processor.py:178} INFO - Processing /home/airflow/.local/lib/python3.7/site-packages/airflow/example_dags/example_bash_operator.py took 0.346 seconds
[2023-05-03T09:37:59.706+0000] {processor.py:156} INFO - Started process (PID=2934) to work on /home/airflow/.local/lib/python3.7/site-packages/airflow/example_dags/example_bash_operator.py
[2023-05-03T09:37:59.711+0000] {processor.py:799} INFO - Processing file /home/airflow/.local/lib/python3.7/site-packages/airflow/example_dags/example_bash_operator.py for tasks to queue
[2023-05-03T09:37:59.714+0000] {logging_mixin.py:149} INFO - [2023-05-03T09:37:59.713+0000] {dagbag.py:541} INFO - Filling up the DagBag from /home/airflow/.local/lib/python3.7/site-packages/airflow/example_dags/example_bash_operator.py
[2023-05-03T09:37:59.741+0000] {processor.py:809} INFO - DAG(s) dict_keys(['example_bash_operator']) retrieved from /home/airflow/.local/lib/python3.7/site-packages/airflow/example_dags/example_bash_operator.py
[2023-05-03T09:37:59.804+0000] {logging_mixin.py:149} INFO - [2023-05-03T09:37:59.804+0000] {dag.py:2726} INFO - Sync 1 DAGs
[2023-05-03T09:37:59.847+0000] {logging_mixin.py:149} INFO - [2023-05-03T09:37:59.846+0000] {dag.py:3490} INFO - Setting next_dagrun for example_bash_operator to 2023-05-02T00:00:00+00:00, run_after=2023-05-03T00:00:00+00:00
[2023-05-03T09:37:59.882+0000] {processor.py:178} INFO - Processing /home/airflow/.local/lib/python3.7/site-packages/airflow/example_dags/example_bash_operator.py took 0.181 seconds
[2023-05-03T09:38:33.851+0000] {processor.py:156} INFO - Started process (PID=3170) to work on /home/airflow/.local/lib/python3.7/site-packages/airflow/example_dags/example_bash_operator.py
[2023-05-03T09:38:33.855+0000] {processor.py:799} INFO - Processing file /home/airflow/.local/lib/python3.7/site-packages/airflow/example_dags/example_bash_operator.py for tasks to queue
[2023-05-03T09:38:33.857+0000] {logging_mixin.py:149} INFO - [2023-05-03T09:38:33.856+0000] {dagbag.py:541} INFO - Filling up the DagBag from /home/airflow/.local/lib/python3.7/site-packages/airflow/example_dags/example_bash_operator.py
[2023-05-03T09:38:33.889+0000] {processor.py:809} INFO - DAG(s) dict_keys(['example_bash_operator']) retrieved from /home/airflow/.local/lib/python3.7/site-packages/airflow/example_dags/example_bash_operator.py
[2023-05-03T09:38:33.953+0000] {logging_mixin.py:149} INFO - [2023-05-03T09:38:33.953+0000] {dag.py:2726} INFO - Sync 1 DAGs
[2023-05-03T09:38:33.999+0000] {logging_mixin.py:149} INFO - [2023-05-03T09:38:33.999+0000] {dag.py:3490} INFO - Setting next_dagrun for example_bash_operator to 2023-05-02T00:00:00+00:00, run_after=2023-05-03T00:00:00+00:00
[2023-05-03T09:38:34.041+0000] {processor.py:178} INFO - Processing /home/airflow/.local/lib/python3.7/site-packages/airflow/example_dags/example_bash_operator.py took 0.199 seconds
[2023-05-03T09:39:05.048+0000] {processor.py:156} INFO - Started process (PID=3408) to work on /home/airflow/.local/lib/python3.7/site-packages/airflow/example_dags/example_bash_operator.py
[2023-05-03T09:39:05.051+0000] {processor.py:799} INFO - Processing file /home/airflow/.local/lib/python3.7/site-packages/airflow/example_dags/example_bash_operator.py for tasks to queue
[2023-05-03T09:39:05.052+0000] {logging_mixin.py:149} INFO - [2023-05-03T09:39:05.052+0000] {dagbag.py:541} INFO - Filling up the DagBag from /home/airflow/.local/lib/python3.7/site-packages/airflow/example_dags/example_bash_operator.py
[2023-05-03T09:39:05.071+0000] {processor.py:809} INFO - DAG(s) dict_keys(['example_bash_operator']) retrieved from /home/airflow/.local/lib/python3.7/site-packages/airflow/example_dags/example_bash_operator.py
[2023-05-03T09:39:05.129+0000] {logging_mixin.py:149} INFO - [2023-05-03T09:39:05.128+0000] {dag.py:2726} INFO - Sync 1 DAGs
[2023-05-03T09:39:05.169+0000] {logging_mixin.py:149} INFO - [2023-05-03T09:39:05.169+0000] {dag.py:3490} INFO - Setting next_dagrun for example_bash_operator to 2023-05-02T00:00:00+00:00, run_after=2023-05-03T00:00:00+00:00
[2023-05-03T09:39:05.203+0000] {processor.py:178} INFO - Processing /home/airflow/.local/lib/python3.7/site-packages/airflow/example_dags/example_bash_operator.py took 0.159 seconds
[2023-05-03T09:39:36.881+0000] {processor.py:156} INFO - Started process (PID=3645) to work on /home/airflow/.local/lib/python3.7/site-packages/airflow/example_dags/example_bash_operator.py
[2023-05-03T09:39:36.884+0000] {processor.py:799} INFO - Processing file /home/airflow/.local/lib/python3.7/site-packages/airflow/example_dags/example_bash_operator.py for tasks to queue
[2023-05-03T09:39:36.888+0000] {logging_mixin.py:149} INFO - [2023-05-03T09:39:36.887+0000] {dagbag.py:541} INFO - Filling up the DagBag from /home/airflow/.local/lib/python3.7/site-packages/airflow/example_dags/example_bash_operator.py
[2023-05-03T09:39:36.920+0000] {processor.py:809} INFO - DAG(s) dict_keys(['example_bash_operator']) retrieved from /home/airflow/.local/lib/python3.7/site-packages/airflow/example_dags/example_bash_operator.py
[2023-05-03T09:39:36.996+0000] {logging_mixin.py:149} INFO - [2023-05-03T09:39:36.996+0000] {dag.py:2726} INFO - Sync 1 DAGs
[2023-05-03T09:39:37.065+0000] {logging_mixin.py:149} INFO - [2023-05-03T09:39:37.064+0000] {dag.py:3490} INFO - Setting next_dagrun for example_bash_operator to 2023-05-02T00:00:00+00:00, run_after=2023-05-03T00:00:00+00:00
[2023-05-03T09:39:37.149+0000] {processor.py:178} INFO - Processing /home/airflow/.local/lib/python3.7/site-packages/airflow/example_dags/example_bash_operator.py took 0.272 seconds
[2023-05-03T09:40:07.786+0000] {processor.py:156} INFO - Started process (PID=3879) to work on /home/airflow/.local/lib/python3.7/site-packages/airflow/example_dags/example_bash_operator.py
[2023-05-03T09:40:07.788+0000] {processor.py:799} INFO - Processing file /home/airflow/.local/lib/python3.7/site-packages/airflow/example_dags/example_bash_operator.py for tasks to queue
[2023-05-03T09:40:07.789+0000] {logging_mixin.py:149} INFO - [2023-05-03T09:40:07.789+0000] {dagbag.py:541} INFO - Filling up the DagBag from /home/airflow/.local/lib/python3.7/site-packages/airflow/example_dags/example_bash_operator.py
[2023-05-03T09:40:07.826+0000] {processor.py:809} INFO - DAG(s) dict_keys(['example_bash_operator']) retrieved from /home/airflow/.local/lib/python3.7/site-packages/airflow/example_dags/example_bash_operator.py
[2023-05-03T09:40:07.915+0000] {logging_mixin.py:149} INFO - [2023-05-03T09:40:07.915+0000] {dag.py:2726} INFO - Sync 1 DAGs
[2023-05-03T09:40:07.975+0000] {logging_mixin.py:149} INFO - [2023-05-03T09:40:07.975+0000] {dag.py:3490} INFO - Setting next_dagrun for example_bash_operator to 2023-05-02T00:00:00+00:00, run_after=2023-05-03T00:00:00+00:00
[2023-05-03T09:40:08.008+0000] {processor.py:178} INFO - Processing /home/airflow/.local/lib/python3.7/site-packages/airflow/example_dags/example_bash_operator.py took 0.227 seconds
[2023-05-03T09:40:38.721+0000] {processor.py:156} INFO - Started process (PID=4115) to work on /home/airflow/.local/lib/python3.7/site-packages/airflow/example_dags/example_bash_operator.py
[2023-05-03T09:40:38.723+0000] {processor.py:799} INFO - Processing file /home/airflow/.local/lib/python3.7/site-packages/airflow/example_dags/example_bash_operator.py for tasks to queue
[2023-05-03T09:40:38.724+0000] {logging_mixin.py:149} INFO - [2023-05-03T09:40:38.724+0000] {dagbag.py:541} INFO - Filling up the DagBag from /home/airflow/.local/lib/python3.7/site-packages/airflow/example_dags/example_bash_operator.py
[2023-05-03T09:40:38.749+0000] {processor.py:809} INFO - DAG(s) dict_keys(['example_bash_operator']) retrieved from /home/airflow/.local/lib/python3.7/site-packages/airflow/example_dags/example_bash_operator.py
[2023-05-03T09:40:38.811+0000] {logging_mixin.py:149} INFO - [2023-05-03T09:40:38.811+0000] {dag.py:2726} INFO - Sync 1 DAGs
[2023-05-03T09:40:38.853+0000] {logging_mixin.py:149} INFO - [2023-05-03T09:40:38.852+0000] {dag.py:3490} INFO - Setting next_dagrun for example_bash_operator to 2023-05-02T00:00:00+00:00, run_after=2023-05-03T00:00:00+00:00
[2023-05-03T09:40:38.886+0000] {processor.py:178} INFO - Processing /home/airflow/.local/lib/python3.7/site-packages/airflow/example_dags/example_bash_operator.py took 0.170 seconds
[2023-05-03T09:41:09.557+0000] {processor.py:156} INFO - Started process (PID=4351) to work on /home/airflow/.local/lib/python3.7/site-packages/airflow/example_dags/example_bash_operator.py
[2023-05-03T09:41:09.559+0000] {processor.py:799} INFO - Processing file /home/airflow/.local/lib/python3.7/site-packages/airflow/example_dags/example_bash_operator.py for tasks to queue
[2023-05-03T09:41:09.560+0000] {logging_mixin.py:149} INFO - [2023-05-03T09:41:09.560+0000] {dagbag.py:541} INFO - Filling up the DagBag from /home/airflow/.local/lib/python3.7/site-packages/airflow/example_dags/example_bash_operator.py
[2023-05-03T09:41:09.582+0000] {processor.py:809} INFO - DAG(s) dict_keys(['example_bash_operator']) retrieved from /home/airflow/.local/lib/python3.7/site-packages/airflow/example_dags/example_bash_operator.py
[2023-05-03T09:41:09.651+0000] {logging_mixin.py:149} INFO - [2023-05-03T09:41:09.651+0000] {dag.py:2726} INFO - Sync 1 DAGs
[2023-05-03T09:41:09.702+0000] {logging_mixin.py:149} INFO - [2023-05-03T09:41:09.702+0000] {dag.py:3490} INFO - Setting next_dagrun for example_bash_operator to 2023-05-02T00:00:00+00:00, run_after=2023-05-03T00:00:00+00:00
[2023-05-03T09:41:09.736+0000] {processor.py:178} INFO - Processing /home/airflow/.local/lib/python3.7/site-packages/airflow/example_dags/example_bash_operator.py took 0.183 seconds
[2023-05-03T09:41:41.352+0000] {processor.py:156} INFO - Started process (PID=4597) to work on /home/airflow/.local/lib/python3.7/site-packages/airflow/example_dags/example_bash_operator.py
[2023-05-03T09:41:41.354+0000] {processor.py:799} INFO - Processing file /home/airflow/.local/lib/python3.7/site-packages/airflow/example_dags/example_bash_operator.py for tasks to queue
[2023-05-03T09:41:41.356+0000] {logging_mixin.py:149} INFO - [2023-05-03T09:41:41.356+0000] {dagbag.py:541} INFO - Filling up the DagBag from /home/airflow/.local/lib/python3.7/site-packages/airflow/example_dags/example_bash_operator.py
[2023-05-03T09:41:41.382+0000] {processor.py:809} INFO - DAG(s) dict_keys(['example_bash_operator']) retrieved from /home/airflow/.local/lib/python3.7/site-packages/airflow/example_dags/example_bash_operator.py
[2023-05-03T09:41:41.456+0000] {logging_mixin.py:149} INFO - [2023-05-03T09:41:41.456+0000] {dag.py:2726} INFO - Sync 1 DAGs
[2023-05-03T09:41:41.514+0000] {logging_mixin.py:149} INFO - [2023-05-03T09:41:41.514+0000] {dag.py:3490} INFO - Setting next_dagrun for example_bash_operator to 2023-05-02T00:00:00+00:00, run_after=2023-05-03T00:00:00+00:00
[2023-05-03T09:41:41.601+0000] {processor.py:178} INFO - Processing /home/airflow/.local/lib/python3.7/site-packages/airflow/example_dags/example_bash_operator.py took 0.253 seconds
[2023-05-03T09:44:52.314+0000] {processor.py:156} INFO - Started process (PID=287) to work on /home/airflow/.local/lib/python3.7/site-packages/airflow/example_dags/example_bash_operator.py
[2023-05-03T09:44:52.319+0000] {processor.py:799} INFO - Processing file /home/airflow/.local/lib/python3.7/site-packages/airflow/example_dags/example_bash_operator.py for tasks to queue
[2023-05-03T09:44:52.321+0000] {logging_mixin.py:149} INFO - [2023-05-03T09:44:52.320+0000] {dagbag.py:541} INFO - Filling up the DagBag from /home/airflow/.local/lib/python3.7/site-packages/airflow/example_dags/example_bash_operator.py
[2023-05-03T09:44:52.409+0000] {processor.py:809} INFO - DAG(s) dict_keys(['example_bash_operator']) retrieved from /home/airflow/.local/lib/python3.7/site-packages/airflow/example_dags/example_bash_operator.py
[2023-05-03T09:44:52.572+0000] {logging_mixin.py:149} INFO - [2023-05-03T09:44:52.572+0000] {dag.py:2726} INFO - Sync 1 DAGs
[2023-05-03T09:44:52.626+0000] {logging_mixin.py:149} INFO - [2023-05-03T09:44:52.626+0000] {dag.py:3490} INFO - Setting next_dagrun for example_bash_operator to 2023-05-02T00:00:00+00:00, run_after=2023-05-03T00:00:00+00:00
[2023-05-03T09:44:52.821+0000] {processor.py:178} INFO - Processing /home/airflow/.local/lib/python3.7/site-packages/airflow/example_dags/example_bash_operator.py took 0.514 seconds
[2023-05-03T09:46:33.728+0000] {processor.py:156} INFO - Started process (PID=606) to work on /home/airflow/.local/lib/python3.7/site-packages/airflow/example_dags/example_bash_operator.py
[2023-05-03T09:46:33.730+0000] {processor.py:799} INFO - Processing file /home/airflow/.local/lib/python3.7/site-packages/airflow/example_dags/example_bash_operator.py for tasks to queue
[2023-05-03T09:46:33.740+0000] {logging_mixin.py:149} INFO - [2023-05-03T09:46:33.740+0000] {dagbag.py:541} INFO - Filling up the DagBag from /home/airflow/.local/lib/python3.7/site-packages/airflow/example_dags/example_bash_operator.py
[2023-05-03T09:46:33.810+0000] {processor.py:809} INFO - DAG(s) dict_keys(['example_bash_operator']) retrieved from /home/airflow/.local/lib/python3.7/site-packages/airflow/example_dags/example_bash_operator.py
[2023-05-03T09:46:33.972+0000] {logging_mixin.py:149} INFO - [2023-05-03T09:46:33.972+0000] {dag.py:2726} INFO - Sync 1 DAGs
[2023-05-03T09:46:34.065+0000] {logging_mixin.py:149} INFO - [2023-05-03T09:46:34.065+0000] {dag.py:3490} INFO - Setting next_dagrun for example_bash_operator to 2023-05-02T00:00:00+00:00, run_after=2023-05-03T00:00:00+00:00
[2023-05-03T09:46:34.169+0000] {processor.py:178} INFO - Processing /home/airflow/.local/lib/python3.7/site-packages/airflow/example_dags/example_bash_operator.py took 0.448 seconds
[2023-05-03T09:47:35.936+0000] {processor.py:156} INFO - Started process (PID=850) to work on /home/airflow/.local/lib/python3.7/site-packages/airflow/example_dags/example_bash_operator.py
[2023-05-03T09:47:35.946+0000] {processor.py:799} INFO - Processing file /home/airflow/.local/lib/python3.7/site-packages/airflow/example_dags/example_bash_operator.py for tasks to queue
[2023-05-03T09:47:35.950+0000] {logging_mixin.py:149} INFO - [2023-05-03T09:47:35.949+0000] {dagbag.py:541} INFO - Filling up the DagBag from /home/airflow/.local/lib/python3.7/site-packages/airflow/example_dags/example_bash_operator.py
[2023-05-03T09:47:35.994+0000] {processor.py:809} INFO - DAG(s) dict_keys(['example_bash_operator']) retrieved from /home/airflow/.local/lib/python3.7/site-packages/airflow/example_dags/example_bash_operator.py
[2023-05-03T09:47:36.118+0000] {logging_mixin.py:149} INFO - [2023-05-03T09:47:36.118+0000] {dag.py:2726} INFO - Sync 1 DAGs
[2023-05-03T09:47:36.287+0000] {logging_mixin.py:149} INFO - [2023-05-03T09:47:36.287+0000] {dag.py:3490} INFO - Setting next_dagrun for example_bash_operator to 2023-05-02T00:00:00+00:00, run_after=2023-05-03T00:00:00+00:00
[2023-05-03T09:47:36.387+0000] {processor.py:178} INFO - Processing /home/airflow/.local/lib/python3.7/site-packages/airflow/example_dags/example_bash_operator.py took 0.456 seconds
[2023-05-03T09:48:27.519+0000] {processor.py:156} INFO - Started process (PID=1088) to work on /home/airflow/.local/lib/python3.7/site-packages/airflow/example_dags/example_bash_operator.py
[2023-05-03T09:48:27.522+0000] {processor.py:799} INFO - Processing file /home/airflow/.local/lib/python3.7/site-packages/airflow/example_dags/example_bash_operator.py for tasks to queue
[2023-05-03T09:48:27.531+0000] {logging_mixin.py:149} INFO - [2023-05-03T09:48:27.524+0000] {dagbag.py:541} INFO - Filling up the DagBag from /home/airflow/.local/lib/python3.7/site-packages/airflow/example_dags/example_bash_operator.py
[2023-05-03T09:48:27.586+0000] {processor.py:809} INFO - DAG(s) dict_keys(['example_bash_operator']) retrieved from /home/airflow/.local/lib/python3.7/site-packages/airflow/example_dags/example_bash_operator.py
[2023-05-03T09:48:27.759+0000] {logging_mixin.py:149} INFO - [2023-05-03T09:48:27.758+0000] {dag.py:2726} INFO - Sync 1 DAGs
[2023-05-03T09:48:27.868+0000] {logging_mixin.py:149} INFO - [2023-05-03T09:48:27.867+0000] {dag.py:3490} INFO - Setting next_dagrun for example_bash_operator to 2023-05-02T00:00:00+00:00, run_after=2023-05-03T00:00:00+00:00
[2023-05-03T09:48:28.632+0000] {processor.py:178} INFO - Processing /home/airflow/.local/lib/python3.7/site-packages/airflow/example_dags/example_bash_operator.py took 1.119 seconds
[2023-05-03T09:48:59.948+0000] {processor.py:156} INFO - Started process (PID=1322) to work on /home/airflow/.local/lib/python3.7/site-packages/airflow/example_dags/example_bash_operator.py
[2023-05-03T09:48:59.959+0000] {processor.py:799} INFO - Processing file /home/airflow/.local/lib/python3.7/site-packages/airflow/example_dags/example_bash_operator.py for tasks to queue
[2023-05-03T09:48:59.967+0000] {logging_mixin.py:149} INFO - [2023-05-03T09:48:59.966+0000] {dagbag.py:541} INFO - Filling up the DagBag from /home/airflow/.local/lib/python3.7/site-packages/airflow/example_dags/example_bash_operator.py
[2023-05-03T09:49:00.060+0000] {processor.py:809} INFO - DAG(s) dict_keys(['example_bash_operator']) retrieved from /home/airflow/.local/lib/python3.7/site-packages/airflow/example_dags/example_bash_operator.py
[2023-05-03T09:49:00.202+0000] {logging_mixin.py:149} INFO - [2023-05-03T09:49:00.193+0000] {dag.py:2726} INFO - Sync 1 DAGs
[2023-05-03T09:49:00.313+0000] {logging_mixin.py:149} INFO - [2023-05-03T09:49:00.312+0000] {dag.py:3490} INFO - Setting next_dagrun for example_bash_operator to 2023-05-02T00:00:00+00:00, run_after=2023-05-03T00:00:00+00:00
[2023-05-03T09:49:00.454+0000] {processor.py:178} INFO - Processing /home/airflow/.local/lib/python3.7/site-packages/airflow/example_dags/example_bash_operator.py took 0.511 seconds
[2023-05-03T09:49:48.663+0000] {processor.py:156} INFO - Started process (PID=1543) to work on /home/airflow/.local/lib/python3.7/site-packages/airflow/example_dags/example_bash_operator.py
[2023-05-03T09:49:48.667+0000] {processor.py:799} INFO - Processing file /home/airflow/.local/lib/python3.7/site-packages/airflow/example_dags/example_bash_operator.py for tasks to queue
[2023-05-03T09:49:48.677+0000] {logging_mixin.py:149} INFO - [2023-05-03T09:49:48.676+0000] {dagbag.py:541} INFO - Filling up the DagBag from /home/airflow/.local/lib/python3.7/site-packages/airflow/example_dags/example_bash_operator.py
[2023-05-03T09:49:48.705+0000] {processor.py:809} INFO - DAG(s) dict_keys(['example_bash_operator']) retrieved from /home/airflow/.local/lib/python3.7/site-packages/airflow/example_dags/example_bash_operator.py
[2023-05-03T09:49:48.820+0000] {logging_mixin.py:149} INFO - [2023-05-03T09:49:48.820+0000] {dag.py:2726} INFO - Sync 1 DAGs
[2023-05-03T09:49:48.887+0000] {logging_mixin.py:149} INFO - [2023-05-03T09:49:48.886+0000] {dag.py:3490} INFO - Setting next_dagrun for example_bash_operator to 2023-05-02T00:00:00+00:00, run_after=2023-05-03T00:00:00+00:00
[2023-05-03T09:49:48.954+0000] {processor.py:178} INFO - Processing /home/airflow/.local/lib/python3.7/site-packages/airflow/example_dags/example_bash_operator.py took 0.295 seconds
[2023-05-03T09:50:20.247+0000] {processor.py:156} INFO - Started process (PID=1779) to work on /home/airflow/.local/lib/python3.7/site-packages/airflow/example_dags/example_bash_operator.py
[2023-05-03T09:50:20.250+0000] {processor.py:799} INFO - Processing file /home/airflow/.local/lib/python3.7/site-packages/airflow/example_dags/example_bash_operator.py for tasks to queue
[2023-05-03T09:50:20.252+0000] {logging_mixin.py:149} INFO - [2023-05-03T09:50:20.252+0000] {dagbag.py:541} INFO - Filling up the DagBag from /home/airflow/.local/lib/python3.7/site-packages/airflow/example_dags/example_bash_operator.py
[2023-05-03T09:50:20.319+0000] {processor.py:809} INFO - DAG(s) dict_keys(['example_bash_operator']) retrieved from /home/airflow/.local/lib/python3.7/site-packages/airflow/example_dags/example_bash_operator.py
[2023-05-03T09:50:20.467+0000] {logging_mixin.py:149} INFO - [2023-05-03T09:50:20.467+0000] {dag.py:2726} INFO - Sync 1 DAGs
[2023-05-03T09:50:20.535+0000] {logging_mixin.py:149} INFO - [2023-05-03T09:50:20.534+0000] {dag.py:3490} INFO - Setting next_dagrun for example_bash_operator to 2023-05-02T00:00:00+00:00, run_after=2023-05-03T00:00:00+00:00
[2023-05-03T09:50:20.897+0000] {processor.py:178} INFO - Processing /home/airflow/.local/lib/python3.7/site-packages/airflow/example_dags/example_bash_operator.py took 0.655 seconds
[2023-05-03T09:50:51.754+0000] {processor.py:156} INFO - Started process (PID=2017) to work on /home/airflow/.local/lib/python3.7/site-packages/airflow/example_dags/example_bash_operator.py
[2023-05-03T09:50:51.757+0000] {processor.py:799} INFO - Processing file /home/airflow/.local/lib/python3.7/site-packages/airflow/example_dags/example_bash_operator.py for tasks to queue
[2023-05-03T09:50:51.759+0000] {logging_mixin.py:149} INFO - [2023-05-03T09:50:51.759+0000] {dagbag.py:541} INFO - Filling up the DagBag from /home/airflow/.local/lib/python3.7/site-packages/airflow/example_dags/example_bash_operator.py
[2023-05-03T09:50:51.811+0000] {processor.py:809} INFO - DAG(s) dict_keys(['example_bash_operator']) retrieved from /home/airflow/.local/lib/python3.7/site-packages/airflow/example_dags/example_bash_operator.py
[2023-05-03T09:50:51.934+0000] {logging_mixin.py:149} INFO - [2023-05-03T09:50:51.934+0000] {dag.py:2726} INFO - Sync 1 DAGs
[2023-05-03T09:50:52.040+0000] {logging_mixin.py:149} INFO - [2023-05-03T09:50:52.039+0000] {dag.py:3490} INFO - Setting next_dagrun for example_bash_operator to 2023-05-02T00:00:00+00:00, run_after=2023-05-03T00:00:00+00:00
[2023-05-03T09:50:52.140+0000] {processor.py:178} INFO - Processing /home/airflow/.local/lib/python3.7/site-packages/airflow/example_dags/example_bash_operator.py took 0.391 seconds
[2023-05-03T09:52:09.204+0000] {processor.py:156} INFO - Started process (PID=2299) to work on /home/airflow/.local/lib/python3.7/site-packages/airflow/example_dags/example_bash_operator.py
[2023-05-03T09:52:09.208+0000] {processor.py:799} INFO - Processing file /home/airflow/.local/lib/python3.7/site-packages/airflow/example_dags/example_bash_operator.py for tasks to queue
[2023-05-03T09:52:09.210+0000] {logging_mixin.py:149} INFO - [2023-05-03T09:52:09.210+0000] {dagbag.py:541} INFO - Filling up the DagBag from /home/airflow/.local/lib/python3.7/site-packages/airflow/example_dags/example_bash_operator.py
[2023-05-03T09:52:09.261+0000] {processor.py:809} INFO - DAG(s) dict_keys(['example_bash_operator']) retrieved from /home/airflow/.local/lib/python3.7/site-packages/airflow/example_dags/example_bash_operator.py
[2023-05-03T09:52:09.396+0000] {logging_mixin.py:149} INFO - [2023-05-03T09:52:09.395+0000] {dag.py:2726} INFO - Sync 1 DAGs
[2023-05-03T09:52:09.500+0000] {logging_mixin.py:149} INFO - [2023-05-03T09:52:09.500+0000] {dag.py:3490} INFO - Setting next_dagrun for example_bash_operator to 2023-05-02T00:00:00+00:00, run_after=2023-05-03T00:00:00+00:00
[2023-05-03T09:52:09.614+0000] {processor.py:178} INFO - Processing /home/airflow/.local/lib/python3.7/site-packages/airflow/example_dags/example_bash_operator.py took 0.416 seconds
[2023-05-03T09:52:43.890+0000] {processor.py:156} INFO - Started process (PID=2535) to work on /home/airflow/.local/lib/python3.7/site-packages/airflow/example_dags/example_bash_operator.py
[2023-05-03T09:52:43.893+0000] {processor.py:799} INFO - Processing file /home/airflow/.local/lib/python3.7/site-packages/airflow/example_dags/example_bash_operator.py for tasks to queue
[2023-05-03T09:52:43.894+0000] {logging_mixin.py:149} INFO - [2023-05-03T09:52:43.894+0000] {dagbag.py:541} INFO - Filling up the DagBag from /home/airflow/.local/lib/python3.7/site-packages/airflow/example_dags/example_bash_operator.py
[2023-05-03T09:52:43.953+0000] {processor.py:809} INFO - DAG(s) dict_keys(['example_bash_operator']) retrieved from /home/airflow/.local/lib/python3.7/site-packages/airflow/example_dags/example_bash_operator.py
[2023-05-03T09:52:44.096+0000] {logging_mixin.py:149} INFO - [2023-05-03T09:52:44.095+0000] {dag.py:2726} INFO - Sync 1 DAGs
[2023-05-03T09:52:44.951+0000] {logging_mixin.py:149} INFO - [2023-05-03T09:52:44.951+0000] {dag.py:3490} INFO - Setting next_dagrun for example_bash_operator to 2023-05-02T00:00:00+00:00, run_after=2023-05-03T00:00:00+00:00
[2023-05-03T09:52:45.027+0000] {processor.py:178} INFO - Processing /home/airflow/.local/lib/python3.7/site-packages/airflow/example_dags/example_bash_operator.py took 1.144 seconds
[2023-05-03T09:53:15.325+0000] {processor.py:156} INFO - Started process (PID=2763) to work on /home/airflow/.local/lib/python3.7/site-packages/airflow/example_dags/example_bash_operator.py
[2023-05-03T09:53:15.336+0000] {processor.py:799} INFO - Processing file /home/airflow/.local/lib/python3.7/site-packages/airflow/example_dags/example_bash_operator.py for tasks to queue
[2023-05-03T09:53:15.339+0000] {logging_mixin.py:149} INFO - [2023-05-03T09:53:15.339+0000] {dagbag.py:541} INFO - Filling up the DagBag from /home/airflow/.local/lib/python3.7/site-packages/airflow/example_dags/example_bash_operator.py
[2023-05-03T09:53:15.394+0000] {processor.py:809} INFO - DAG(s) dict_keys(['example_bash_operator']) retrieved from /home/airflow/.local/lib/python3.7/site-packages/airflow/example_dags/example_bash_operator.py
[2023-05-03T09:53:15.553+0000] {logging_mixin.py:149} INFO - [2023-05-03T09:53:15.553+0000] {dag.py:2726} INFO - Sync 1 DAGs
[2023-05-03T09:53:15.636+0000] {logging_mixin.py:149} INFO - [2023-05-03T09:53:15.635+0000] {dag.py:3490} INFO - Setting next_dagrun for example_bash_operator to 2023-05-02T00:00:00+00:00, run_after=2023-05-03T00:00:00+00:00
[2023-05-03T09:53:15.683+0000] {processor.py:178} INFO - Processing /home/airflow/.local/lib/python3.7/site-packages/airflow/example_dags/example_bash_operator.py took 0.367 seconds
[2023-05-03T09:53:46.159+0000] {processor.py:156} INFO - Started process (PID=2999) to work on /home/airflow/.local/lib/python3.7/site-packages/airflow/example_dags/example_bash_operator.py
[2023-05-03T09:53:46.161+0000] {processor.py:799} INFO - Processing file /home/airflow/.local/lib/python3.7/site-packages/airflow/example_dags/example_bash_operator.py for tasks to queue
[2023-05-03T09:53:46.162+0000] {logging_mixin.py:149} INFO - [2023-05-03T09:53:46.162+0000] {dagbag.py:541} INFO - Filling up the DagBag from /home/airflow/.local/lib/python3.7/site-packages/airflow/example_dags/example_bash_operator.py
[2023-05-03T09:53:46.195+0000] {processor.py:809} INFO - DAG(s) dict_keys(['example_bash_operator']) retrieved from /home/airflow/.local/lib/python3.7/site-packages/airflow/example_dags/example_bash_operator.py
[2023-05-03T09:53:46.310+0000] {logging_mixin.py:149} INFO - [2023-05-03T09:53:46.309+0000] {dag.py:2726} INFO - Sync 1 DAGs
[2023-05-03T09:53:46.683+0000] {logging_mixin.py:149} INFO - [2023-05-03T09:53:46.683+0000] {dag.py:3490} INFO - Setting next_dagrun for example_bash_operator to 2023-05-02T00:00:00+00:00, run_after=2023-05-03T00:00:00+00:00
[2023-05-03T09:53:46.742+0000] {processor.py:178} INFO - Processing /home/airflow/.local/lib/python3.7/site-packages/airflow/example_dags/example_bash_operator.py took 0.588 seconds
[2023-05-03T09:54:52.664+0000] {processor.py:156} INFO - Started process (PID=3286) to work on /home/airflow/.local/lib/python3.7/site-packages/airflow/example_dags/example_bash_operator.py
[2023-05-03T09:54:52.666+0000] {processor.py:799} INFO - Processing file /home/airflow/.local/lib/python3.7/site-packages/airflow/example_dags/example_bash_operator.py for tasks to queue
[2023-05-03T09:54:52.668+0000] {logging_mixin.py:149} INFO - [2023-05-03T09:54:52.668+0000] {dagbag.py:541} INFO - Filling up the DagBag from /home/airflow/.local/lib/python3.7/site-packages/airflow/example_dags/example_bash_operator.py
[2023-05-03T09:54:52.710+0000] {processor.py:809} INFO - DAG(s) dict_keys(['example_bash_operator']) retrieved from /home/airflow/.local/lib/python3.7/site-packages/airflow/example_dags/example_bash_operator.py
[2023-05-03T09:54:53.195+0000] {logging_mixin.py:149} INFO - [2023-05-03T09:54:53.195+0000] {dag.py:2726} INFO - Sync 1 DAGs
[2023-05-03T09:54:53.261+0000] {logging_mixin.py:149} INFO - [2023-05-03T09:54:53.260+0000] {dag.py:3490} INFO - Setting next_dagrun for example_bash_operator to 2023-05-02T00:00:00+00:00, run_after=2023-05-03T00:00:00+00:00
[2023-05-03T09:54:53.321+0000] {processor.py:178} INFO - Processing /home/airflow/.local/lib/python3.7/site-packages/airflow/example_dags/example_bash_operator.py took 0.671 seconds
[2023-05-03T09:55:23.784+0000] {processor.py:156} INFO - Started process (PID=3522) to work on /home/airflow/.local/lib/python3.7/site-packages/airflow/example_dags/example_bash_operator.py
[2023-05-03T09:55:23.786+0000] {processor.py:799} INFO - Processing file /home/airflow/.local/lib/python3.7/site-packages/airflow/example_dags/example_bash_operator.py for tasks to queue
[2023-05-03T09:55:23.788+0000] {logging_mixin.py:149} INFO - [2023-05-03T09:55:23.788+0000] {dagbag.py:541} INFO - Filling up the DagBag from /home/airflow/.local/lib/python3.7/site-packages/airflow/example_dags/example_bash_operator.py
[2023-05-03T09:55:23.819+0000] {processor.py:809} INFO - DAG(s) dict_keys(['example_bash_operator']) retrieved from /home/airflow/.local/lib/python3.7/site-packages/airflow/example_dags/example_bash_operator.py
[2023-05-03T09:55:23.903+0000] {logging_mixin.py:149} INFO - [2023-05-03T09:55:23.902+0000] {dag.py:2726} INFO - Sync 1 DAGs
[2023-05-03T09:55:24.004+0000] {logging_mixin.py:149} INFO - [2023-05-03T09:55:24.003+0000] {dag.py:3490} INFO - Setting next_dagrun for example_bash_operator to 2023-05-02T00:00:00+00:00, run_after=2023-05-03T00:00:00+00:00
[2023-05-03T09:55:24.086+0000] {processor.py:178} INFO - Processing /home/airflow/.local/lib/python3.7/site-packages/airflow/example_dags/example_bash_operator.py took 0.306 seconds
[2023-05-03T09:55:58.695+0000] {processor.py:156} INFO - Started process (PID=3758) to work on /home/airflow/.local/lib/python3.7/site-packages/airflow/example_dags/example_bash_operator.py
[2023-05-03T09:55:58.706+0000] {processor.py:799} INFO - Processing file /home/airflow/.local/lib/python3.7/site-packages/airflow/example_dags/example_bash_operator.py for tasks to queue
[2023-05-03T09:55:58.711+0000] {logging_mixin.py:149} INFO - [2023-05-03T09:55:58.711+0000] {dagbag.py:541} INFO - Filling up the DagBag from /home/airflow/.local/lib/python3.7/site-packages/airflow/example_dags/example_bash_operator.py
[2023-05-03T09:55:58.773+0000] {processor.py:809} INFO - DAG(s) dict_keys(['example_bash_operator']) retrieved from /home/airflow/.local/lib/python3.7/site-packages/airflow/example_dags/example_bash_operator.py
[2023-05-03T09:56:00.094+0000] {logging_mixin.py:149} INFO - [2023-05-03T09:56:00.094+0000] {dag.py:2726} INFO - Sync 1 DAGs
[2023-05-03T09:56:00.255+0000] {logging_mixin.py:149} INFO - [2023-05-03T09:56:00.255+0000] {dag.py:3490} INFO - Setting next_dagrun for example_bash_operator to 2023-05-02T00:00:00+00:00, run_after=2023-05-03T00:00:00+00:00
[2023-05-03T09:56:00.442+0000] {processor.py:178} INFO - Processing /home/airflow/.local/lib/python3.7/site-packages/airflow/example_dags/example_bash_operator.py took 1.753 seconds
[2023-05-03T09:56:30.939+0000] {processor.py:156} INFO - Started process (PID=3994) to work on /home/airflow/.local/lib/python3.7/site-packages/airflow/example_dags/example_bash_operator.py
[2023-05-03T09:56:30.955+0000] {processor.py:799} INFO - Processing file /home/airflow/.local/lib/python3.7/site-packages/airflow/example_dags/example_bash_operator.py for tasks to queue
[2023-05-03T09:56:30.956+0000] {logging_mixin.py:149} INFO - [2023-05-03T09:56:30.956+0000] {dagbag.py:541} INFO - Filling up the DagBag from /home/airflow/.local/lib/python3.7/site-packages/airflow/example_dags/example_bash_operator.py
[2023-05-03T09:56:31.001+0000] {processor.py:809} INFO - DAG(s) dict_keys(['example_bash_operator']) retrieved from /home/airflow/.local/lib/python3.7/site-packages/airflow/example_dags/example_bash_operator.py
[2023-05-03T09:56:31.183+0000] {logging_mixin.py:149} INFO - [2023-05-03T09:56:31.182+0000] {dag.py:2726} INFO - Sync 1 DAGs
[2023-05-03T09:56:31.645+0000] {logging_mixin.py:149} INFO - [2023-05-03T09:56:31.639+0000] {dag.py:3490} INFO - Setting next_dagrun for example_bash_operator to 2023-05-02T00:00:00+00:00, run_after=2023-05-03T00:00:00+00:00
[2023-05-03T09:56:31.746+0000] {processor.py:178} INFO - Processing /home/airflow/.local/lib/python3.7/site-packages/airflow/example_dags/example_bash_operator.py took 0.813 seconds
[2023-05-03T09:57:01.954+0000] {processor.py:156} INFO - Started process (PID=4226) to work on /home/airflow/.local/lib/python3.7/site-packages/airflow/example_dags/example_bash_operator.py
[2023-05-03T09:57:01.956+0000] {processor.py:799} INFO - Processing file /home/airflow/.local/lib/python3.7/site-packages/airflow/example_dags/example_bash_operator.py for tasks to queue
[2023-05-03T09:57:01.957+0000] {logging_mixin.py:149} INFO - [2023-05-03T09:57:01.957+0000] {dagbag.py:541} INFO - Filling up the DagBag from /home/airflow/.local/lib/python3.7/site-packages/airflow/example_dags/example_bash_operator.py
[2023-05-03T09:57:02.009+0000] {processor.py:809} INFO - DAG(s) dict_keys(['example_bash_operator']) retrieved from /home/airflow/.local/lib/python3.7/site-packages/airflow/example_dags/example_bash_operator.py
[2023-05-03T09:57:02.405+0000] {logging_mixin.py:149} INFO - [2023-05-03T09:57:02.405+0000] {dag.py:2726} INFO - Sync 1 DAGs
[2023-05-03T09:57:02.516+0000] {logging_mixin.py:149} INFO - [2023-05-03T09:57:02.516+0000] {dag.py:3490} INFO - Setting next_dagrun for example_bash_operator to 2023-05-02T00:00:00+00:00, run_after=2023-05-03T00:00:00+00:00
[2023-05-03T09:57:02.592+0000] {processor.py:178} INFO - Processing /home/airflow/.local/lib/python3.7/site-packages/airflow/example_dags/example_bash_operator.py took 0.651 seconds
[2023-05-03T09:57:54.887+0000] {processor.py:156} INFO - Started process (PID=4511) to work on /home/airflow/.local/lib/python3.7/site-packages/airflow/example_dags/example_bash_operator.py
[2023-05-03T09:57:54.890+0000] {processor.py:799} INFO - Processing file /home/airflow/.local/lib/python3.7/site-packages/airflow/example_dags/example_bash_operator.py for tasks to queue
[2023-05-03T09:57:54.893+0000] {logging_mixin.py:149} INFO - [2023-05-03T09:57:54.892+0000] {dagbag.py:541} INFO - Filling up the DagBag from /home/airflow/.local/lib/python3.7/site-packages/airflow/example_dags/example_bash_operator.py
[2023-05-03T09:57:54.942+0000] {processor.py:809} INFO - DAG(s) dict_keys(['example_bash_operator']) retrieved from /home/airflow/.local/lib/python3.7/site-packages/airflow/example_dags/example_bash_operator.py
[2023-05-03T09:57:55.458+0000] {logging_mixin.py:149} INFO - [2023-05-03T09:57:55.456+0000] {dag.py:2726} INFO - Sync 1 DAGs
[2023-05-03T09:57:55.539+0000] {logging_mixin.py:149} INFO - [2023-05-03T09:57:55.538+0000] {dag.py:3490} INFO - Setting next_dagrun for example_bash_operator to 2023-05-02T00:00:00+00:00, run_after=2023-05-03T00:00:00+00:00
[2023-05-03T09:57:55.622+0000] {processor.py:178} INFO - Processing /home/airflow/.local/lib/python3.7/site-packages/airflow/example_dags/example_bash_operator.py took 0.740 seconds
[2023-05-03T09:58:25.857+0000] {processor.py:156} INFO - Started process (PID=4747) to work on /home/airflow/.local/lib/python3.7/site-packages/airflow/example_dags/example_bash_operator.py
[2023-05-03T09:58:25.859+0000] {processor.py:799} INFO - Processing file /home/airflow/.local/lib/python3.7/site-packages/airflow/example_dags/example_bash_operator.py for tasks to queue
[2023-05-03T09:58:25.861+0000] {logging_mixin.py:149} INFO - [2023-05-03T09:58:25.860+0000] {dagbag.py:541} INFO - Filling up the DagBag from /home/airflow/.local/lib/python3.7/site-packages/airflow/example_dags/example_bash_operator.py
[2023-05-03T09:58:25.896+0000] {processor.py:809} INFO - DAG(s) dict_keys(['example_bash_operator']) retrieved from /home/airflow/.local/lib/python3.7/site-packages/airflow/example_dags/example_bash_operator.py
[2023-05-03T09:58:26.000+0000] {logging_mixin.py:149} INFO - [2023-05-03T09:58:25.999+0000] {dag.py:2726} INFO - Sync 1 DAGs
[2023-05-03T09:58:26.066+0000] {logging_mixin.py:149} INFO - [2023-05-03T09:58:26.066+0000] {dag.py:3490} INFO - Setting next_dagrun for example_bash_operator to 2023-05-02T00:00:00+00:00, run_after=2023-05-03T00:00:00+00:00
[2023-05-03T09:58:26.125+0000] {processor.py:178} INFO - Processing /home/airflow/.local/lib/python3.7/site-packages/airflow/example_dags/example_bash_operator.py took 0.276 seconds
[2023-05-03T09:58:56.253+0000] {processor.py:156} INFO - Started process (PID=4979) to work on /home/airflow/.local/lib/python3.7/site-packages/airflow/example_dags/example_bash_operator.py
[2023-05-03T09:58:56.255+0000] {processor.py:799} INFO - Processing file /home/airflow/.local/lib/python3.7/site-packages/airflow/example_dags/example_bash_operator.py for tasks to queue
[2023-05-03T09:58:56.256+0000] {logging_mixin.py:149} INFO - [2023-05-03T09:58:56.256+0000] {dagbag.py:541} INFO - Filling up the DagBag from /home/airflow/.local/lib/python3.7/site-packages/airflow/example_dags/example_bash_operator.py
[2023-05-03T09:58:56.307+0000] {processor.py:809} INFO - DAG(s) dict_keys(['example_bash_operator']) retrieved from /home/airflow/.local/lib/python3.7/site-packages/airflow/example_dags/example_bash_operator.py
[2023-05-03T09:58:56.437+0000] {logging_mixin.py:149} INFO - [2023-05-03T09:58:56.436+0000] {dag.py:2726} INFO - Sync 1 DAGs
[2023-05-03T09:58:56.839+0000] {logging_mixin.py:149} INFO - [2023-05-03T09:58:56.839+0000] {dag.py:3490} INFO - Setting next_dagrun for example_bash_operator to 2023-05-02T00:00:00+00:00, run_after=2023-05-03T00:00:00+00:00
[2023-05-03T09:58:56.886+0000] {processor.py:178} INFO - Processing /home/airflow/.local/lib/python3.7/site-packages/airflow/example_dags/example_bash_operator.py took 0.641 seconds
[2023-05-03T09:59:27.115+0000] {processor.py:156} INFO - Started process (PID=5217) to work on /home/airflow/.local/lib/python3.7/site-packages/airflow/example_dags/example_bash_operator.py
[2023-05-03T09:59:27.116+0000] {processor.py:799} INFO - Processing file /home/airflow/.local/lib/python3.7/site-packages/airflow/example_dags/example_bash_operator.py for tasks to queue
[2023-05-03T09:59:27.118+0000] {logging_mixin.py:149} INFO - [2023-05-03T09:59:27.118+0000] {dagbag.py:541} INFO - Filling up the DagBag from /home/airflow/.local/lib/python3.7/site-packages/airflow/example_dags/example_bash_operator.py
[2023-05-03T09:59:27.138+0000] {processor.py:809} INFO - DAG(s) dict_keys(['example_bash_operator']) retrieved from /home/airflow/.local/lib/python3.7/site-packages/airflow/example_dags/example_bash_operator.py
[2023-05-03T09:59:27.193+0000] {logging_mixin.py:149} INFO - [2023-05-03T09:59:27.193+0000] {dag.py:2726} INFO - Sync 1 DAGs
[2023-05-03T09:59:27.245+0000] {logging_mixin.py:149} INFO - [2023-05-03T09:59:27.245+0000] {dag.py:3490} INFO - Setting next_dagrun for example_bash_operator to 2023-05-02T00:00:00+00:00, run_after=2023-05-03T00:00:00+00:00
[2023-05-03T09:59:27.278+0000] {processor.py:178} INFO - Processing /home/airflow/.local/lib/python3.7/site-packages/airflow/example_dags/example_bash_operator.py took 0.168 seconds
[2023-05-03T09:59:57.361+0000] {processor.py:156} INFO - Started process (PID=5453) to work on /home/airflow/.local/lib/python3.7/site-packages/airflow/example_dags/example_bash_operator.py
[2023-05-03T09:59:57.362+0000] {processor.py:799} INFO - Processing file /home/airflow/.local/lib/python3.7/site-packages/airflow/example_dags/example_bash_operator.py for tasks to queue
[2023-05-03T09:59:57.364+0000] {logging_mixin.py:149} INFO - [2023-05-03T09:59:57.364+0000] {dagbag.py:541} INFO - Filling up the DagBag from /home/airflow/.local/lib/python3.7/site-packages/airflow/example_dags/example_bash_operator.py
[2023-05-03T09:59:57.398+0000] {processor.py:809} INFO - DAG(s) dict_keys(['example_bash_operator']) retrieved from /home/airflow/.local/lib/python3.7/site-packages/airflow/example_dags/example_bash_operator.py
[2023-05-03T09:59:57.481+0000] {logging_mixin.py:149} INFO - [2023-05-03T09:59:57.481+0000] {dag.py:2726} INFO - Sync 1 DAGs
[2023-05-03T09:59:57.525+0000] {logging_mixin.py:149} INFO - [2023-05-03T09:59:57.524+0000] {dag.py:3490} INFO - Setting next_dagrun for example_bash_operator to 2023-05-02T00:00:00+00:00, run_after=2023-05-03T00:00:00+00:00
[2023-05-03T09:59:57.555+0000] {processor.py:178} INFO - Processing /home/airflow/.local/lib/python3.7/site-packages/airflow/example_dags/example_bash_operator.py took 0.199 seconds
[2023-05-03T10:00:27.868+0000] {processor.py:156} INFO - Started process (PID=5687) to work on /home/airflow/.local/lib/python3.7/site-packages/airflow/example_dags/example_bash_operator.py
[2023-05-03T10:00:27.870+0000] {processor.py:799} INFO - Processing file /home/airflow/.local/lib/python3.7/site-packages/airflow/example_dags/example_bash_operator.py for tasks to queue
[2023-05-03T10:00:27.871+0000] {logging_mixin.py:149} INFO - [2023-05-03T10:00:27.871+0000] {dagbag.py:541} INFO - Filling up the DagBag from /home/airflow/.local/lib/python3.7/site-packages/airflow/example_dags/example_bash_operator.py
[2023-05-03T10:00:27.907+0000] {processor.py:809} INFO - DAG(s) dict_keys(['example_bash_operator']) retrieved from /home/airflow/.local/lib/python3.7/site-packages/airflow/example_dags/example_bash_operator.py
[2023-05-03T10:00:27.961+0000] {logging_mixin.py:149} INFO - [2023-05-03T10:00:27.961+0000] {dag.py:2726} INFO - Sync 1 DAGs
[2023-05-03T10:00:28.002+0000] {logging_mixin.py:149} INFO - [2023-05-03T10:00:28.001+0000] {dag.py:3490} INFO - Setting next_dagrun for example_bash_operator to 2023-05-02T00:00:00+00:00, run_after=2023-05-03T00:00:00+00:00
[2023-05-03T10:00:28.034+0000] {processor.py:178} INFO - Processing /home/airflow/.local/lib/python3.7/site-packages/airflow/example_dags/example_bash_operator.py took 0.170 seconds
[2023-05-03T10:00:58.752+0000] {processor.py:156} INFO - Started process (PID=5923) to work on /home/airflow/.local/lib/python3.7/site-packages/airflow/example_dags/example_bash_operator.py
[2023-05-03T10:00:58.754+0000] {processor.py:799} INFO - Processing file /home/airflow/.local/lib/python3.7/site-packages/airflow/example_dags/example_bash_operator.py for tasks to queue
[2023-05-03T10:00:58.756+0000] {logging_mixin.py:149} INFO - [2023-05-03T10:00:58.756+0000] {dagbag.py:541} INFO - Filling up the DagBag from /home/airflow/.local/lib/python3.7/site-packages/airflow/example_dags/example_bash_operator.py
[2023-05-03T10:00:58.793+0000] {processor.py:809} INFO - DAG(s) dict_keys(['example_bash_operator']) retrieved from /home/airflow/.local/lib/python3.7/site-packages/airflow/example_dags/example_bash_operator.py
[2023-05-03T10:00:58.875+0000] {logging_mixin.py:149} INFO - [2023-05-03T10:00:58.874+0000] {dag.py:2726} INFO - Sync 1 DAGs
[2023-05-03T10:00:58.916+0000] {logging_mixin.py:149} INFO - [2023-05-03T10:00:58.916+0000] {dag.py:3490} INFO - Setting next_dagrun for example_bash_operator to 2023-05-02T00:00:00+00:00, run_after=2023-05-03T00:00:00+00:00
[2023-05-03T10:00:58.951+0000] {processor.py:178} INFO - Processing /home/airflow/.local/lib/python3.7/site-packages/airflow/example_dags/example_bash_operator.py took 0.205 seconds
[2023-05-03T10:01:29.769+0000] {processor.py:156} INFO - Started process (PID=6159) to work on /home/airflow/.local/lib/python3.7/site-packages/airflow/example_dags/example_bash_operator.py
[2023-05-03T10:01:29.771+0000] {processor.py:799} INFO - Processing file /home/airflow/.local/lib/python3.7/site-packages/airflow/example_dags/example_bash_operator.py for tasks to queue
[2023-05-03T10:01:29.773+0000] {logging_mixin.py:149} INFO - [2023-05-03T10:01:29.772+0000] {dagbag.py:541} INFO - Filling up the DagBag from /home/airflow/.local/lib/python3.7/site-packages/airflow/example_dags/example_bash_operator.py
[2023-05-03T10:01:29.802+0000] {processor.py:809} INFO - DAG(s) dict_keys(['example_bash_operator']) retrieved from /home/airflow/.local/lib/python3.7/site-packages/airflow/example_dags/example_bash_operator.py
[2023-05-03T10:01:29.874+0000] {logging_mixin.py:149} INFO - [2023-05-03T10:01:29.874+0000] {dag.py:2726} INFO - Sync 1 DAGs
[2023-05-03T10:01:29.915+0000] {logging_mixin.py:149} INFO - [2023-05-03T10:01:29.915+0000] {dag.py:3490} INFO - Setting next_dagrun for example_bash_operator to 2023-05-02T00:00:00+00:00, run_after=2023-05-03T00:00:00+00:00
[2023-05-03T10:01:29.947+0000] {processor.py:178} INFO - Processing /home/airflow/.local/lib/python3.7/site-packages/airflow/example_dags/example_bash_operator.py took 0.189 seconds
[2023-05-03T10:45:33.056+0000] {processor.py:156} INFO - Started process (PID=6396) to work on /home/airflow/.local/lib/python3.7/site-packages/airflow/example_dags/example_bash_operator.py
[2023-05-03T10:45:33.066+0000] {processor.py:799} INFO - Processing file /home/airflow/.local/lib/python3.7/site-packages/airflow/example_dags/example_bash_operator.py for tasks to queue
[2023-05-03T10:45:33.068+0000] {logging_mixin.py:149} INFO - [2023-05-03T10:45:33.067+0000] {dagbag.py:541} INFO - Filling up the DagBag from /home/airflow/.local/lib/python3.7/site-packages/airflow/example_dags/example_bash_operator.py
[2023-05-03T10:45:33.127+0000] {processor.py:809} INFO - DAG(s) dict_keys(['example_bash_operator']) retrieved from /home/airflow/.local/lib/python3.7/site-packages/airflow/example_dags/example_bash_operator.py
[2023-05-03T10:45:33.287+0000] {logging_mixin.py:149} INFO - [2023-05-03T10:45:33.286+0000] {dag.py:2726} INFO - Sync 1 DAGs
[2023-05-03T10:45:33.434+0000] {logging_mixin.py:149} INFO - [2023-05-03T10:45:33.434+0000] {dag.py:3490} INFO - Setting next_dagrun for example_bash_operator to 2023-05-02T00:00:00+00:00, run_after=2023-05-03T00:00:00+00:00
[2023-05-03T10:45:33.542+0000] {processor.py:178} INFO - Processing /home/airflow/.local/lib/python3.7/site-packages/airflow/example_dags/example_bash_operator.py took 0.502 seconds
[2023-05-03T10:46:17.424+0000] {processor.py:156} INFO - Started process (PID=6657) to work on /home/airflow/.local/lib/python3.7/site-packages/airflow/example_dags/example_bash_operator.py
[2023-05-03T10:46:17.443+0000] {processor.py:799} INFO - Processing file /home/airflow/.local/lib/python3.7/site-packages/airflow/example_dags/example_bash_operator.py for tasks to queue
[2023-05-03T10:46:17.445+0000] {logging_mixin.py:149} INFO - [2023-05-03T10:46:17.445+0000] {dagbag.py:541} INFO - Filling up the DagBag from /home/airflow/.local/lib/python3.7/site-packages/airflow/example_dags/example_bash_operator.py
[2023-05-03T10:46:17.503+0000] {processor.py:809} INFO - DAG(s) dict_keys(['example_bash_operator']) retrieved from /home/airflow/.local/lib/python3.7/site-packages/airflow/example_dags/example_bash_operator.py
[2023-05-03T10:46:17.649+0000] {logging_mixin.py:149} INFO - [2023-05-03T10:46:17.649+0000] {dag.py:2726} INFO - Sync 1 DAGs
[2023-05-03T10:46:17.715+0000] {logging_mixin.py:149} INFO - [2023-05-03T10:46:17.715+0000] {dag.py:3490} INFO - Setting next_dagrun for example_bash_operator to 2023-05-02T00:00:00+00:00, run_after=2023-05-03T00:00:00+00:00
[2023-05-03T10:46:17.785+0000] {processor.py:178} INFO - Processing /home/airflow/.local/lib/python3.7/site-packages/airflow/example_dags/example_bash_operator.py took 0.367 seconds
[2023-05-03T10:47:48.060+0000] {processor.py:156} INFO - Started process (PID=6848) to work on /home/airflow/.local/lib/python3.7/site-packages/airflow/example_dags/example_bash_operator.py
[2023-05-03T10:47:48.069+0000] {processor.py:799} INFO - Processing file /home/airflow/.local/lib/python3.7/site-packages/airflow/example_dags/example_bash_operator.py for tasks to queue
[2023-05-03T10:47:48.072+0000] {logging_mixin.py:149} INFO - [2023-05-03T10:47:48.071+0000] {dagbag.py:541} INFO - Filling up the DagBag from /home/airflow/.local/lib/python3.7/site-packages/airflow/example_dags/example_bash_operator.py
[2023-05-03T10:47:48.252+0000] {processor.py:809} INFO - DAG(s) dict_keys(['example_bash_operator']) retrieved from /home/airflow/.local/lib/python3.7/site-packages/airflow/example_dags/example_bash_operator.py
[2023-05-03T10:47:48.819+0000] {logging_mixin.py:149} INFO - [2023-05-03T10:47:48.818+0000] {dag.py:2726} INFO - Sync 1 DAGs
[2023-05-03T10:47:48.970+0000] {logging_mixin.py:149} INFO - [2023-05-03T10:47:48.969+0000] {dag.py:3490} INFO - Setting next_dagrun for example_bash_operator to 2023-05-02T00:00:00+00:00, run_after=2023-05-03T00:00:00+00:00
[2023-05-03T10:47:49.154+0000] {processor.py:178} INFO - Processing /home/airflow/.local/lib/python3.7/site-packages/airflow/example_dags/example_bash_operator.py took 1.103 seconds
[2023-05-03T10:48:19.440+0000] {processor.py:156} INFO - Started process (PID=7082) to work on /home/airflow/.local/lib/python3.7/site-packages/airflow/example_dags/example_bash_operator.py
[2023-05-03T10:48:19.442+0000] {processor.py:799} INFO - Processing file /home/airflow/.local/lib/python3.7/site-packages/airflow/example_dags/example_bash_operator.py for tasks to queue
[2023-05-03T10:48:19.444+0000] {logging_mixin.py:149} INFO - [2023-05-03T10:48:19.444+0000] {dagbag.py:541} INFO - Filling up the DagBag from /home/airflow/.local/lib/python3.7/site-packages/airflow/example_dags/example_bash_operator.py
[2023-05-03T10:48:19.502+0000] {processor.py:809} INFO - DAG(s) dict_keys(['example_bash_operator']) retrieved from /home/airflow/.local/lib/python3.7/site-packages/airflow/example_dags/example_bash_operator.py
[2023-05-03T10:48:19.643+0000] {logging_mixin.py:149} INFO - [2023-05-03T10:48:19.643+0000] {dag.py:2726} INFO - Sync 1 DAGs
[2023-05-03T10:48:19.782+0000] {logging_mixin.py:149} INFO - [2023-05-03T10:48:19.782+0000] {dag.py:3490} INFO - Setting next_dagrun for example_bash_operator to 2023-05-02T00:00:00+00:00, run_after=2023-05-03T00:00:00+00:00
[2023-05-03T10:48:19.868+0000] {processor.py:178} INFO - Processing /home/airflow/.local/lib/python3.7/site-packages/airflow/example_dags/example_bash_operator.py took 0.446 seconds
[2023-05-03T10:48:50.415+0000] {processor.py:156} INFO - Started process (PID=7315) to work on /home/airflow/.local/lib/python3.7/site-packages/airflow/example_dags/example_bash_operator.py
[2023-05-03T10:48:50.417+0000] {processor.py:799} INFO - Processing file /home/airflow/.local/lib/python3.7/site-packages/airflow/example_dags/example_bash_operator.py for tasks to queue
[2023-05-03T10:48:50.419+0000] {logging_mixin.py:149} INFO - [2023-05-03T10:48:50.419+0000] {dagbag.py:541} INFO - Filling up the DagBag from /home/airflow/.local/lib/python3.7/site-packages/airflow/example_dags/example_bash_operator.py
[2023-05-03T10:48:50.455+0000] {processor.py:809} INFO - DAG(s) dict_keys(['example_bash_operator']) retrieved from /home/airflow/.local/lib/python3.7/site-packages/airflow/example_dags/example_bash_operator.py
[2023-05-03T10:48:50.570+0000] {logging_mixin.py:149} INFO - [2023-05-03T10:48:50.570+0000] {dag.py:2726} INFO - Sync 1 DAGs
[2023-05-03T10:48:50.626+0000] {logging_mixin.py:149} INFO - [2023-05-03T10:48:50.626+0000] {dag.py:3490} INFO - Setting next_dagrun for example_bash_operator to 2023-05-02T00:00:00+00:00, run_after=2023-05-03T00:00:00+00:00
[2023-05-03T10:48:50.670+0000] {processor.py:178} INFO - Processing /home/airflow/.local/lib/python3.7/site-packages/airflow/example_dags/example_bash_operator.py took 0.260 seconds
[2023-05-03T10:49:20.973+0000] {processor.py:156} INFO - Started process (PID=7553) to work on /home/airflow/.local/lib/python3.7/site-packages/airflow/example_dags/example_bash_operator.py
[2023-05-03T10:49:20.975+0000] {processor.py:799} INFO - Processing file /home/airflow/.local/lib/python3.7/site-packages/airflow/example_dags/example_bash_operator.py for tasks to queue
[2023-05-03T10:49:20.976+0000] {logging_mixin.py:149} INFO - [2023-05-03T10:49:20.976+0000] {dagbag.py:541} INFO - Filling up the DagBag from /home/airflow/.local/lib/python3.7/site-packages/airflow/example_dags/example_bash_operator.py
[2023-05-03T10:49:21.033+0000] {processor.py:809} INFO - DAG(s) dict_keys(['example_bash_operator']) retrieved from /home/airflow/.local/lib/python3.7/site-packages/airflow/example_dags/example_bash_operator.py
[2023-05-03T10:49:21.173+0000] {logging_mixin.py:149} INFO - [2023-05-03T10:49:21.172+0000] {dag.py:2726} INFO - Sync 1 DAGs
[2023-05-03T10:49:21.332+0000] {logging_mixin.py:149} INFO - [2023-05-03T10:49:21.326+0000] {dag.py:3490} INFO - Setting next_dagrun for example_bash_operator to 2023-05-02T00:00:00+00:00, run_after=2023-05-03T00:00:00+00:00
[2023-05-03T10:49:21.425+0000] {processor.py:178} INFO - Processing /home/airflow/.local/lib/python3.7/site-packages/airflow/example_dags/example_bash_operator.py took 0.466 seconds
[2023-05-03T10:49:59.429+0000] {processor.py:156} INFO - Started process (PID=7792) to work on /home/airflow/.local/lib/python3.7/site-packages/airflow/example_dags/example_bash_operator.py
[2023-05-03T10:49:59.441+0000] {processor.py:799} INFO - Processing file /home/airflow/.local/lib/python3.7/site-packages/airflow/example_dags/example_bash_operator.py for tasks to queue
[2023-05-03T10:49:59.443+0000] {logging_mixin.py:149} INFO - [2023-05-03T10:49:59.443+0000] {dagbag.py:541} INFO - Filling up the DagBag from /home/airflow/.local/lib/python3.7/site-packages/airflow/example_dags/example_bash_operator.py
[2023-05-03T10:49:59.487+0000] {processor.py:809} INFO - DAG(s) dict_keys(['example_bash_operator']) retrieved from /home/airflow/.local/lib/python3.7/site-packages/airflow/example_dags/example_bash_operator.py
[2023-05-03T10:49:59.672+0000] {logging_mixin.py:149} INFO - [2023-05-03T10:49:59.672+0000] {dag.py:2726} INFO - Sync 1 DAGs
[2023-05-03T10:49:59.795+0000] {logging_mixin.py:149} INFO - [2023-05-03T10:49:59.794+0000] {dag.py:3490} INFO - Setting next_dagrun for example_bash_operator to 2023-05-02T00:00:00+00:00, run_after=2023-05-03T00:00:00+00:00
[2023-05-03T10:49:59.922+0000] {processor.py:178} INFO - Processing /home/airflow/.local/lib/python3.7/site-packages/airflow/example_dags/example_bash_operator.py took 0.503 seconds
[2023-05-03T10:50:32.586+0000] {processor.py:156} INFO - Started process (PID=8022) to work on /home/airflow/.local/lib/python3.7/site-packages/airflow/example_dags/example_bash_operator.py
[2023-05-03T10:50:32.593+0000] {processor.py:799} INFO - Processing file /home/airflow/.local/lib/python3.7/site-packages/airflow/example_dags/example_bash_operator.py for tasks to queue
[2023-05-03T10:50:32.597+0000] {logging_mixin.py:149} INFO - [2023-05-03T10:50:32.597+0000] {dagbag.py:541} INFO - Filling up the DagBag from /home/airflow/.local/lib/python3.7/site-packages/airflow/example_dags/example_bash_operator.py
[2023-05-03T10:50:32.685+0000] {processor.py:809} INFO - DAG(s) dict_keys(['example_bash_operator']) retrieved from /home/airflow/.local/lib/python3.7/site-packages/airflow/example_dags/example_bash_operator.py
[2023-05-03T10:50:32.822+0000] {logging_mixin.py:149} INFO - [2023-05-03T10:50:32.821+0000] {dag.py:2726} INFO - Sync 1 DAGs
[2023-05-03T10:50:32.930+0000] {logging_mixin.py:149} INFO - [2023-05-03T10:50:32.930+0000] {dag.py:3490} INFO - Setting next_dagrun for example_bash_operator to 2023-05-02T00:00:00+00:00, run_after=2023-05-03T00:00:00+00:00
[2023-05-03T10:50:33.066+0000] {processor.py:178} INFO - Processing /home/airflow/.local/lib/python3.7/site-packages/airflow/example_dags/example_bash_operator.py took 0.486 seconds
[2023-05-03T10:51:03.192+0000] {processor.py:156} INFO - Started process (PID=8257) to work on /home/airflow/.local/lib/python3.7/site-packages/airflow/example_dags/example_bash_operator.py
[2023-05-03T10:51:03.197+0000] {processor.py:799} INFO - Processing file /home/airflow/.local/lib/python3.7/site-packages/airflow/example_dags/example_bash_operator.py for tasks to queue
[2023-05-03T10:51:03.207+0000] {logging_mixin.py:149} INFO - [2023-05-03T10:51:03.205+0000] {dagbag.py:541} INFO - Filling up the DagBag from /home/airflow/.local/lib/python3.7/site-packages/airflow/example_dags/example_bash_operator.py
[2023-05-03T10:51:03.250+0000] {processor.py:809} INFO - DAG(s) dict_keys(['example_bash_operator']) retrieved from /home/airflow/.local/lib/python3.7/site-packages/airflow/example_dags/example_bash_operator.py
[2023-05-03T10:51:03.401+0000] {logging_mixin.py:149} INFO - [2023-05-03T10:51:03.401+0000] {dag.py:2726} INFO - Sync 1 DAGs
[2023-05-03T10:51:03.495+0000] {logging_mixin.py:149} INFO - [2023-05-03T10:51:03.495+0000] {dag.py:3490} INFO - Setting next_dagrun for example_bash_operator to 2023-05-02T00:00:00+00:00, run_after=2023-05-03T00:00:00+00:00
[2023-05-03T10:51:03.558+0000] {processor.py:178} INFO - Processing /home/airflow/.local/lib/python3.7/site-packages/airflow/example_dags/example_bash_operator.py took 0.372 seconds
[2023-05-03T10:51:34.760+0000] {processor.py:156} INFO - Started process (PID=8490) to work on /home/airflow/.local/lib/python3.7/site-packages/airflow/example_dags/example_bash_operator.py
[2023-05-03T10:51:34.762+0000] {processor.py:799} INFO - Processing file /home/airflow/.local/lib/python3.7/site-packages/airflow/example_dags/example_bash_operator.py for tasks to queue
[2023-05-03T10:51:34.772+0000] {logging_mixin.py:149} INFO - [2023-05-03T10:51:34.764+0000] {dagbag.py:541} INFO - Filling up the DagBag from /home/airflow/.local/lib/python3.7/site-packages/airflow/example_dags/example_bash_operator.py
[2023-05-03T10:51:34.827+0000] {processor.py:809} INFO - DAG(s) dict_keys(['example_bash_operator']) retrieved from /home/airflow/.local/lib/python3.7/site-packages/airflow/example_dags/example_bash_operator.py
[2023-05-03T10:51:34.973+0000] {logging_mixin.py:149} INFO - [2023-05-03T10:51:34.972+0000] {dag.py:2726} INFO - Sync 1 DAGs
[2023-05-03T10:51:35.101+0000] {logging_mixin.py:149} INFO - [2023-05-03T10:51:35.100+0000] {dag.py:3490} INFO - Setting next_dagrun for example_bash_operator to 2023-05-02T00:00:00+00:00, run_after=2023-05-03T00:00:00+00:00
[2023-05-03T10:51:35.188+0000] {processor.py:178} INFO - Processing /home/airflow/.local/lib/python3.7/site-packages/airflow/example_dags/example_bash_operator.py took 0.431 seconds
[2023-05-03T10:52:05.766+0000] {processor.py:156} INFO - Started process (PID=8723) to work on /home/airflow/.local/lib/python3.7/site-packages/airflow/example_dags/example_bash_operator.py
[2023-05-03T10:52:05.768+0000] {processor.py:799} INFO - Processing file /home/airflow/.local/lib/python3.7/site-packages/airflow/example_dags/example_bash_operator.py for tasks to queue
[2023-05-03T10:52:05.770+0000] {logging_mixin.py:149} INFO - [2023-05-03T10:52:05.770+0000] {dagbag.py:541} INFO - Filling up the DagBag from /home/airflow/.local/lib/python3.7/site-packages/airflow/example_dags/example_bash_operator.py
[2023-05-03T10:52:05.824+0000] {processor.py:809} INFO - DAG(s) dict_keys(['example_bash_operator']) retrieved from /home/airflow/.local/lib/python3.7/site-packages/airflow/example_dags/example_bash_operator.py
[2023-05-03T10:52:05.941+0000] {logging_mixin.py:149} INFO - [2023-05-03T10:52:05.940+0000] {dag.py:2726} INFO - Sync 1 DAGs
[2023-05-03T10:52:06.023+0000] {logging_mixin.py:149} INFO - [2023-05-03T10:52:06.022+0000] {dag.py:3490} INFO - Setting next_dagrun for example_bash_operator to 2023-05-02T00:00:00+00:00, run_after=2023-05-03T00:00:00+00:00
[2023-05-03T10:52:06.089+0000] {processor.py:178} INFO - Processing /home/airflow/.local/lib/python3.7/site-packages/airflow/example_dags/example_bash_operator.py took 0.329 seconds
[2023-05-03T10:52:36.898+0000] {processor.py:156} INFO - Started process (PID=8951) to work on /home/airflow/.local/lib/python3.7/site-packages/airflow/example_dags/example_bash_operator.py
[2023-05-03T10:52:36.901+0000] {processor.py:799} INFO - Processing file /home/airflow/.local/lib/python3.7/site-packages/airflow/example_dags/example_bash_operator.py for tasks to queue
[2023-05-03T10:52:36.908+0000] {logging_mixin.py:149} INFO - [2023-05-03T10:52:36.908+0000] {dagbag.py:541} INFO - Filling up the DagBag from /home/airflow/.local/lib/python3.7/site-packages/airflow/example_dags/example_bash_operator.py
[2023-05-03T10:52:36.968+0000] {processor.py:809} INFO - DAG(s) dict_keys(['example_bash_operator']) retrieved from /home/airflow/.local/lib/python3.7/site-packages/airflow/example_dags/example_bash_operator.py
[2023-05-03T10:52:37.115+0000] {logging_mixin.py:149} INFO - [2023-05-03T10:52:37.114+0000] {dag.py:2726} INFO - Sync 1 DAGs
[2023-05-03T10:52:37.229+0000] {logging_mixin.py:149} INFO - [2023-05-03T10:52:37.227+0000] {dag.py:3490} INFO - Setting next_dagrun for example_bash_operator to 2023-05-02T00:00:00+00:00, run_after=2023-05-03T00:00:00+00:00
[2023-05-03T10:52:37.289+0000] {processor.py:178} INFO - Processing /home/airflow/.local/lib/python3.7/site-packages/airflow/example_dags/example_bash_operator.py took 0.396 seconds
[2023-05-03T10:53:08.083+0000] {processor.py:156} INFO - Started process (PID=9184) to work on /home/airflow/.local/lib/python3.7/site-packages/airflow/example_dags/example_bash_operator.py
[2023-05-03T10:53:08.239+0000] {processor.py:799} INFO - Processing file /home/airflow/.local/lib/python3.7/site-packages/airflow/example_dags/example_bash_operator.py for tasks to queue
[2023-05-03T10:53:08.241+0000] {logging_mixin.py:149} INFO - [2023-05-03T10:53:08.240+0000] {dagbag.py:541} INFO - Filling up the DagBag from /home/airflow/.local/lib/python3.7/site-packages/airflow/example_dags/example_bash_operator.py
[2023-05-03T10:53:08.287+0000] {processor.py:809} INFO - DAG(s) dict_keys(['example_bash_operator']) retrieved from /home/airflow/.local/lib/python3.7/site-packages/airflow/example_dags/example_bash_operator.py
[2023-05-03T10:53:08.446+0000] {logging_mixin.py:149} INFO - [2023-05-03T10:53:08.445+0000] {dag.py:2726} INFO - Sync 1 DAGs
[2023-05-03T10:53:08.590+0000] {logging_mixin.py:149} INFO - [2023-05-03T10:53:08.589+0000] {dag.py:3490} INFO - Setting next_dagrun for example_bash_operator to 2023-05-02T00:00:00+00:00, run_after=2023-05-03T00:00:00+00:00
[2023-05-03T10:53:08.714+0000] {processor.py:178} INFO - Processing /home/airflow/.local/lib/python3.7/site-packages/airflow/example_dags/example_bash_operator.py took 0.642 seconds
[2023-05-03T10:53:40.869+0000] {processor.py:156} INFO - Started process (PID=9418) to work on /home/airflow/.local/lib/python3.7/site-packages/airflow/example_dags/example_bash_operator.py
[2023-05-03T10:53:40.885+0000] {processor.py:799} INFO - Processing file /home/airflow/.local/lib/python3.7/site-packages/airflow/example_dags/example_bash_operator.py for tasks to queue
[2023-05-03T10:53:40.886+0000] {logging_mixin.py:149} INFO - [2023-05-03T10:53:40.886+0000] {dagbag.py:541} INFO - Filling up the DagBag from /home/airflow/.local/lib/python3.7/site-packages/airflow/example_dags/example_bash_operator.py
[2023-05-03T10:53:41.008+0000] {processor.py:809} INFO - DAG(s) dict_keys(['example_bash_operator']) retrieved from /home/airflow/.local/lib/python3.7/site-packages/airflow/example_dags/example_bash_operator.py
[2023-05-03T10:53:41.170+0000] {logging_mixin.py:149} INFO - [2023-05-03T10:53:41.170+0000] {dag.py:2726} INFO - Sync 1 DAGs
[2023-05-03T10:53:41.351+0000] {logging_mixin.py:149} INFO - [2023-05-03T10:53:41.351+0000] {dag.py:3490} INFO - Setting next_dagrun for example_bash_operator to 2023-05-02T00:00:00+00:00, run_after=2023-05-03T00:00:00+00:00
[2023-05-03T10:53:41.454+0000] {processor.py:178} INFO - Processing /home/airflow/.local/lib/python3.7/site-packages/airflow/example_dags/example_bash_operator.py took 0.590 seconds
[2023-05-03T10:54:11.883+0000] {processor.py:156} INFO - Started process (PID=9654) to work on /home/airflow/.local/lib/python3.7/site-packages/airflow/example_dags/example_bash_operator.py
[2023-05-03T10:54:11.897+0000] {processor.py:799} INFO - Processing file /home/airflow/.local/lib/python3.7/site-packages/airflow/example_dags/example_bash_operator.py for tasks to queue
[2023-05-03T10:54:11.900+0000] {logging_mixin.py:149} INFO - [2023-05-03T10:54:11.899+0000] {dagbag.py:541} INFO - Filling up the DagBag from /home/airflow/.local/lib/python3.7/site-packages/airflow/example_dags/example_bash_operator.py
[2023-05-03T10:54:11.933+0000] {processor.py:809} INFO - DAG(s) dict_keys(['example_bash_operator']) retrieved from /home/airflow/.local/lib/python3.7/site-packages/airflow/example_dags/example_bash_operator.py
[2023-05-03T10:54:12.038+0000] {logging_mixin.py:149} INFO - [2023-05-03T10:54:12.038+0000] {dag.py:2726} INFO - Sync 1 DAGs
[2023-05-03T10:54:12.129+0000] {logging_mixin.py:149} INFO - [2023-05-03T10:54:12.128+0000] {dag.py:3490} INFO - Setting next_dagrun for example_bash_operator to 2023-05-02T00:00:00+00:00, run_after=2023-05-03T00:00:00+00:00
[2023-05-03T10:54:12.208+0000] {processor.py:178} INFO - Processing /home/airflow/.local/lib/python3.7/site-packages/airflow/example_dags/example_bash_operator.py took 0.341 seconds
[2023-05-03T10:54:52.765+0000] {processor.py:156} INFO - Started process (PID=9891) to work on /home/airflow/.local/lib/python3.7/site-packages/airflow/example_dags/example_bash_operator.py
[2023-05-03T10:54:52.768+0000] {processor.py:799} INFO - Processing file /home/airflow/.local/lib/python3.7/site-packages/airflow/example_dags/example_bash_operator.py for tasks to queue
[2023-05-03T10:54:52.770+0000] {logging_mixin.py:149} INFO - [2023-05-03T10:54:52.769+0000] {dagbag.py:541} INFO - Filling up the DagBag from /home/airflow/.local/lib/python3.7/site-packages/airflow/example_dags/example_bash_operator.py
[2023-05-03T10:54:52.816+0000] {processor.py:809} INFO - DAG(s) dict_keys(['example_bash_operator']) retrieved from /home/airflow/.local/lib/python3.7/site-packages/airflow/example_dags/example_bash_operator.py
[2023-05-03T10:54:52.993+0000] {logging_mixin.py:149} INFO - [2023-05-03T10:54:52.993+0000] {dag.py:2726} INFO - Sync 1 DAGs
[2023-05-03T10:54:53.109+0000] {logging_mixin.py:149} INFO - [2023-05-03T10:54:53.108+0000] {dag.py:3490} INFO - Setting next_dagrun for example_bash_operator to 2023-05-02T00:00:00+00:00, run_after=2023-05-03T00:00:00+00:00
[2023-05-03T10:54:53.235+0000] {processor.py:178} INFO - Processing /home/airflow/.local/lib/python3.7/site-packages/airflow/example_dags/example_bash_operator.py took 0.480 seconds
