[2023-05-03T09:31:25.956+0000] {processor.py:156} INFO - Started process (PID=301) to work on /home/airflow/.local/lib/python3.7/site-packages/airflow/example_dags/example_skip_dag.py
[2023-05-03T09:31:25.959+0000] {processor.py:799} INFO - Processing file /home/airflow/.local/lib/python3.7/site-packages/airflow/example_dags/example_skip_dag.py for tasks to queue
[2023-05-03T09:31:25.961+0000] {logging_mixin.py:149} INFO - [2023-05-03T09:31:25.960+0000] {dagbag.py:541} INFO - Filling up the DagBag from /home/airflow/.local/lib/python3.7/site-packages/airflow/example_dags/example_skip_dag.py
[2023-05-03T09:31:25.999+0000] {processor.py:809} INFO - DAG(s) dict_keys(['example_skip_dag']) retrieved from /home/airflow/.local/lib/python3.7/site-packages/airflow/example_dags/example_skip_dag.py
[2023-05-03T09:31:26.128+0000] {logging_mixin.py:149} INFO - [2023-05-03T09:31:26.127+0000] {dag.py:2726} INFO - Sync 1 DAGs
[2023-05-03T09:31:26.215+0000] {logging_mixin.py:149} INFO - [2023-05-03T09:31:26.214+0000] {dag.py:3490} INFO - Setting next_dagrun for example_skip_dag to 2023-05-02T09:31:26.214209+00:00, run_after=2023-05-03T09:31:26.214209+00:00
[2023-05-03T09:31:26.320+0000] {processor.py:178} INFO - Processing /home/airflow/.local/lib/python3.7/site-packages/airflow/example_dags/example_skip_dag.py took 0.374 seconds
[2023-05-03T09:32:08.745+0000] {processor.py:156} INFO - Started process (PID=537) to work on /home/airflow/.local/lib/python3.7/site-packages/airflow/example_dags/example_skip_dag.py
[2023-05-03T09:32:08.749+0000] {processor.py:799} INFO - Processing file /home/airflow/.local/lib/python3.7/site-packages/airflow/example_dags/example_skip_dag.py for tasks to queue
[2023-05-03T09:32:08.751+0000] {logging_mixin.py:149} INFO - [2023-05-03T09:32:08.750+0000] {dagbag.py:541} INFO - Filling up the DagBag from /home/airflow/.local/lib/python3.7/site-packages/airflow/example_dags/example_skip_dag.py
[2023-05-03T09:32:08.769+0000] {processor.py:809} INFO - DAG(s) dict_keys(['example_skip_dag']) retrieved from /home/airflow/.local/lib/python3.7/site-packages/airflow/example_dags/example_skip_dag.py
[2023-05-03T09:32:09.168+0000] {logging_mixin.py:149} INFO - [2023-05-03T09:32:09.167+0000] {dag.py:2726} INFO - Sync 1 DAGs
[2023-05-03T09:32:09.238+0000] {logging_mixin.py:149} INFO - [2023-05-03T09:32:09.237+0000] {dag.py:3490} INFO - Setting next_dagrun for example_skip_dag to 2023-05-02T09:32:09.236721+00:00, run_after=2023-05-03T09:32:09.236721+00:00
[2023-05-03T09:32:09.612+0000] {processor.py:178} INFO - Processing /home/airflow/.local/lib/python3.7/site-packages/airflow/example_dags/example_skip_dag.py took 0.881 seconds
[2023-05-03T09:32:41.288+0000] {processor.py:156} INFO - Started process (PID=775) to work on /home/airflow/.local/lib/python3.7/site-packages/airflow/example_dags/example_skip_dag.py
[2023-05-03T09:32:41.290+0000] {processor.py:799} INFO - Processing file /home/airflow/.local/lib/python3.7/site-packages/airflow/example_dags/example_skip_dag.py for tasks to queue
[2023-05-03T09:32:41.291+0000] {logging_mixin.py:149} INFO - [2023-05-03T09:32:41.291+0000] {dagbag.py:541} INFO - Filling up the DagBag from /home/airflow/.local/lib/python3.7/site-packages/airflow/example_dags/example_skip_dag.py
[2023-05-03T09:32:41.302+0000] {processor.py:809} INFO - DAG(s) dict_keys(['example_skip_dag']) retrieved from /home/airflow/.local/lib/python3.7/site-packages/airflow/example_dags/example_skip_dag.py
[2023-05-03T09:32:41.338+0000] {logging_mixin.py:149} INFO - [2023-05-03T09:32:41.338+0000] {dag.py:2726} INFO - Sync 1 DAGs
[2023-05-03T09:32:41.402+0000] {logging_mixin.py:149} INFO - [2023-05-03T09:32:41.402+0000] {dag.py:3490} INFO - Setting next_dagrun for example_skip_dag to 2023-05-02T09:32:41.401734+00:00, run_after=2023-05-03T09:32:41.401734+00:00
[2023-05-03T09:32:41.435+0000] {processor.py:178} INFO - Processing /home/airflow/.local/lib/python3.7/site-packages/airflow/example_dags/example_skip_dag.py took 0.151 seconds
[2023-05-03T09:33:31.803+0000] {processor.py:156} INFO - Started process (PID=1000) to work on /home/airflow/.local/lib/python3.7/site-packages/airflow/example_dags/example_skip_dag.py
[2023-05-03T09:33:31.808+0000] {processor.py:799} INFO - Processing file /home/airflow/.local/lib/python3.7/site-packages/airflow/example_dags/example_skip_dag.py for tasks to queue
[2023-05-03T09:33:31.809+0000] {logging_mixin.py:149} INFO - [2023-05-03T09:33:31.809+0000] {dagbag.py:541} INFO - Filling up the DagBag from /home/airflow/.local/lib/python3.7/site-packages/airflow/example_dags/example_skip_dag.py
[2023-05-03T09:33:31.845+0000] {processor.py:809} INFO - DAG(s) dict_keys(['example_skip_dag']) retrieved from /home/airflow/.local/lib/python3.7/site-packages/airflow/example_dags/example_skip_dag.py
[2023-05-03T09:33:31.889+0000] {logging_mixin.py:149} INFO - [2023-05-03T09:33:31.889+0000] {dag.py:2726} INFO - Sync 1 DAGs
[2023-05-03T09:33:31.950+0000] {logging_mixin.py:149} INFO - [2023-05-03T09:33:31.950+0000] {dag.py:3490} INFO - Setting next_dagrun for example_skip_dag to 2023-05-02T09:33:31.950043+00:00, run_after=2023-05-03T09:33:31.950043+00:00
[2023-05-03T09:33:32.002+0000] {processor.py:178} INFO - Processing /home/airflow/.local/lib/python3.7/site-packages/airflow/example_dags/example_skip_dag.py took 0.204 seconds
[2023-05-03T09:34:05.706+0000] {processor.py:156} INFO - Started process (PID=1235) to work on /home/airflow/.local/lib/python3.7/site-packages/airflow/example_dags/example_skip_dag.py
[2023-05-03T09:34:05.709+0000] {processor.py:799} INFO - Processing file /home/airflow/.local/lib/python3.7/site-packages/airflow/example_dags/example_skip_dag.py for tasks to queue
[2023-05-03T09:34:05.712+0000] {logging_mixin.py:149} INFO - [2023-05-03T09:34:05.711+0000] {dagbag.py:541} INFO - Filling up the DagBag from /home/airflow/.local/lib/python3.7/site-packages/airflow/example_dags/example_skip_dag.py
[2023-05-03T09:34:05.734+0000] {processor.py:809} INFO - DAG(s) dict_keys(['example_skip_dag']) retrieved from /home/airflow/.local/lib/python3.7/site-packages/airflow/example_dags/example_skip_dag.py
[2023-05-03T09:34:05.809+0000] {logging_mixin.py:149} INFO - [2023-05-03T09:34:05.809+0000] {dag.py:2726} INFO - Sync 1 DAGs
[2023-05-03T09:34:05.911+0000] {logging_mixin.py:149} INFO - [2023-05-03T09:34:05.911+0000] {dag.py:3490} INFO - Setting next_dagrun for example_skip_dag to 2023-05-02T09:34:05.910826+00:00, run_after=2023-05-03T09:34:05.910826+00:00
[2023-05-03T09:34:06.028+0000] {processor.py:178} INFO - Processing /home/airflow/.local/lib/python3.7/site-packages/airflow/example_dags/example_skip_dag.py took 0.329 seconds
[2023-05-03T09:34:36.550+0000] {processor.py:156} INFO - Started process (PID=1471) to work on /home/airflow/.local/lib/python3.7/site-packages/airflow/example_dags/example_skip_dag.py
[2023-05-03T09:34:36.554+0000] {processor.py:799} INFO - Processing file /home/airflow/.local/lib/python3.7/site-packages/airflow/example_dags/example_skip_dag.py for tasks to queue
[2023-05-03T09:34:36.558+0000] {logging_mixin.py:149} INFO - [2023-05-03T09:34:36.557+0000] {dagbag.py:541} INFO - Filling up the DagBag from /home/airflow/.local/lib/python3.7/site-packages/airflow/example_dags/example_skip_dag.py
[2023-05-03T09:34:36.573+0000] {processor.py:809} INFO - DAG(s) dict_keys(['example_skip_dag']) retrieved from /home/airflow/.local/lib/python3.7/site-packages/airflow/example_dags/example_skip_dag.py
[2023-05-03T09:34:36.651+0000] {logging_mixin.py:149} INFO - [2023-05-03T09:34:36.650+0000] {dag.py:2726} INFO - Sync 1 DAGs
[2023-05-03T09:34:36.714+0000] {logging_mixin.py:149} INFO - [2023-05-03T09:34:36.714+0000] {dag.py:3490} INFO - Setting next_dagrun for example_skip_dag to 2023-05-02T09:34:36.714254+00:00, run_after=2023-05-03T09:34:36.714254+00:00
[2023-05-03T09:34:36.810+0000] {processor.py:178} INFO - Processing /home/airflow/.local/lib/python3.7/site-packages/airflow/example_dags/example_skip_dag.py took 0.265 seconds
[2023-05-03T09:35:08.707+0000] {processor.py:156} INFO - Started process (PID=1722) to work on /home/airflow/.local/lib/python3.7/site-packages/airflow/example_dags/example_skip_dag.py
[2023-05-03T09:35:08.710+0000] {processor.py:799} INFO - Processing file /home/airflow/.local/lib/python3.7/site-packages/airflow/example_dags/example_skip_dag.py for tasks to queue
[2023-05-03T09:35:08.715+0000] {logging_mixin.py:149} INFO - [2023-05-03T09:35:08.714+0000] {dagbag.py:541} INFO - Filling up the DagBag from /home/airflow/.local/lib/python3.7/site-packages/airflow/example_dags/example_skip_dag.py
[2023-05-03T09:35:08.727+0000] {processor.py:809} INFO - DAG(s) dict_keys(['example_skip_dag']) retrieved from /home/airflow/.local/lib/python3.7/site-packages/airflow/example_dags/example_skip_dag.py
[2023-05-03T09:35:08.781+0000] {logging_mixin.py:149} INFO - [2023-05-03T09:35:08.780+0000] {dag.py:2726} INFO - Sync 1 DAGs
[2023-05-03T09:35:08.824+0000] {logging_mixin.py:149} INFO - [2023-05-03T09:35:08.824+0000] {dag.py:3490} INFO - Setting next_dagrun for example_skip_dag to 2023-05-02T09:35:08.823514+00:00, run_after=2023-05-03T09:35:08.823514+00:00
[2023-05-03T09:35:08.877+0000] {processor.py:178} INFO - Processing /home/airflow/.local/lib/python3.7/site-packages/airflow/example_dags/example_skip_dag.py took 0.175 seconds
[2023-05-03T09:35:50.165+0000] {processor.py:156} INFO - Started process (PID=1988) to work on /home/airflow/.local/lib/python3.7/site-packages/airflow/example_dags/example_skip_dag.py
[2023-05-03T09:35:50.167+0000] {processor.py:799} INFO - Processing file /home/airflow/.local/lib/python3.7/site-packages/airflow/example_dags/example_skip_dag.py for tasks to queue
[2023-05-03T09:35:50.170+0000] {logging_mixin.py:149} INFO - [2023-05-03T09:35:50.169+0000] {dagbag.py:541} INFO - Filling up the DagBag from /home/airflow/.local/lib/python3.7/site-packages/airflow/example_dags/example_skip_dag.py
[2023-05-03T09:35:50.191+0000] {processor.py:809} INFO - DAG(s) dict_keys(['example_skip_dag']) retrieved from /home/airflow/.local/lib/python3.7/site-packages/airflow/example_dags/example_skip_dag.py
[2023-05-03T09:35:50.243+0000] {logging_mixin.py:149} INFO - [2023-05-03T09:35:50.243+0000] {dag.py:2726} INFO - Sync 1 DAGs
[2023-05-03T09:35:50.287+0000] {logging_mixin.py:149} INFO - [2023-05-03T09:35:50.287+0000] {dag.py:3490} INFO - Setting next_dagrun for example_skip_dag to 2023-05-02T09:35:50.286811+00:00, run_after=2023-05-03T09:35:50.286811+00:00
[2023-05-03T09:35:50.334+0000] {processor.py:178} INFO - Processing /home/airflow/.local/lib/python3.7/site-packages/airflow/example_dags/example_skip_dag.py took 0.175 seconds
[2023-05-03T09:36:22.133+0000] {processor.py:156} INFO - Started process (PID=2227) to work on /home/airflow/.local/lib/python3.7/site-packages/airflow/example_dags/example_skip_dag.py
[2023-05-03T09:36:22.135+0000] {processor.py:799} INFO - Processing file /home/airflow/.local/lib/python3.7/site-packages/airflow/example_dags/example_skip_dag.py for tasks to queue
[2023-05-03T09:36:22.137+0000] {logging_mixin.py:149} INFO - [2023-05-03T09:36:22.137+0000] {dagbag.py:541} INFO - Filling up the DagBag from /home/airflow/.local/lib/python3.7/site-packages/airflow/example_dags/example_skip_dag.py
[2023-05-03T09:36:22.151+0000] {processor.py:809} INFO - DAG(s) dict_keys(['example_skip_dag']) retrieved from /home/airflow/.local/lib/python3.7/site-packages/airflow/example_dags/example_skip_dag.py
[2023-05-03T09:36:22.248+0000] {logging_mixin.py:149} INFO - [2023-05-03T09:36:22.248+0000] {dag.py:2726} INFO - Sync 1 DAGs
[2023-05-03T09:36:22.346+0000] {logging_mixin.py:149} INFO - [2023-05-03T09:36:22.346+0000] {dag.py:3490} INFO - Setting next_dagrun for example_skip_dag to 2023-05-02T09:36:22.345900+00:00, run_after=2023-05-03T09:36:22.345900+00:00
[2023-05-03T09:36:22.422+0000] {processor.py:178} INFO - Processing /home/airflow/.local/lib/python3.7/site-packages/airflow/example_dags/example_skip_dag.py took 0.294 seconds
[2023-05-03T09:36:53.233+0000] {processor.py:156} INFO - Started process (PID=2463) to work on /home/airflow/.local/lib/python3.7/site-packages/airflow/example_dags/example_skip_dag.py
[2023-05-03T09:36:53.235+0000] {processor.py:799} INFO - Processing file /home/airflow/.local/lib/python3.7/site-packages/airflow/example_dags/example_skip_dag.py for tasks to queue
[2023-05-03T09:36:53.236+0000] {logging_mixin.py:149} INFO - [2023-05-03T09:36:53.236+0000] {dagbag.py:541} INFO - Filling up the DagBag from /home/airflow/.local/lib/python3.7/site-packages/airflow/example_dags/example_skip_dag.py
[2023-05-03T09:36:53.248+0000] {processor.py:809} INFO - DAG(s) dict_keys(['example_skip_dag']) retrieved from /home/airflow/.local/lib/python3.7/site-packages/airflow/example_dags/example_skip_dag.py
[2023-05-03T09:36:53.289+0000] {logging_mixin.py:149} INFO - [2023-05-03T09:36:53.288+0000] {dag.py:2726} INFO - Sync 1 DAGs
[2023-05-03T09:36:53.331+0000] {logging_mixin.py:149} INFO - [2023-05-03T09:36:53.330+0000] {dag.py:3490} INFO - Setting next_dagrun for example_skip_dag to 2023-05-02T09:36:53.330558+00:00, run_after=2023-05-03T09:36:53.330558+00:00
[2023-05-03T09:36:53.381+0000] {processor.py:178} INFO - Processing /home/airflow/.local/lib/python3.7/site-packages/airflow/example_dags/example_skip_dag.py took 0.153 seconds
[2023-05-03T09:37:25.455+0000] {processor.py:156} INFO - Started process (PID=2703) to work on /home/airflow/.local/lib/python3.7/site-packages/airflow/example_dags/example_skip_dag.py
[2023-05-03T09:37:25.458+0000] {processor.py:799} INFO - Processing file /home/airflow/.local/lib/python3.7/site-packages/airflow/example_dags/example_skip_dag.py for tasks to queue
[2023-05-03T09:37:25.460+0000] {logging_mixin.py:149} INFO - [2023-05-03T09:37:25.459+0000] {dagbag.py:541} INFO - Filling up the DagBag from /home/airflow/.local/lib/python3.7/site-packages/airflow/example_dags/example_skip_dag.py
[2023-05-03T09:37:25.477+0000] {processor.py:809} INFO - DAG(s) dict_keys(['example_skip_dag']) retrieved from /home/airflow/.local/lib/python3.7/site-packages/airflow/example_dags/example_skip_dag.py
[2023-05-03T09:37:25.519+0000] {logging_mixin.py:149} INFO - [2023-05-03T09:37:25.519+0000] {dag.py:2726} INFO - Sync 1 DAGs
[2023-05-03T09:37:25.560+0000] {logging_mixin.py:149} INFO - [2023-05-03T09:37:25.559+0000] {dag.py:3490} INFO - Setting next_dagrun for example_skip_dag to 2023-05-02T09:37:25.559484+00:00, run_after=2023-05-03T09:37:25.559484+00:00
[2023-05-03T09:37:25.598+0000] {processor.py:178} INFO - Processing /home/airflow/.local/lib/python3.7/site-packages/airflow/example_dags/example_skip_dag.py took 0.152 seconds
[2023-05-03T09:38:00.126+0000] {processor.py:156} INFO - Started process (PID=2951) to work on /home/airflow/.local/lib/python3.7/site-packages/airflow/example_dags/example_skip_dag.py
[2023-05-03T09:38:00.128+0000] {processor.py:799} INFO - Processing file /home/airflow/.local/lib/python3.7/site-packages/airflow/example_dags/example_skip_dag.py for tasks to queue
[2023-05-03T09:38:00.131+0000] {logging_mixin.py:149} INFO - [2023-05-03T09:38:00.131+0000] {dagbag.py:541} INFO - Filling up the DagBag from /home/airflow/.local/lib/python3.7/site-packages/airflow/example_dags/example_skip_dag.py
[2023-05-03T09:38:00.144+0000] {processor.py:809} INFO - DAG(s) dict_keys(['example_skip_dag']) retrieved from /home/airflow/.local/lib/python3.7/site-packages/airflow/example_dags/example_skip_dag.py
[2023-05-03T09:38:00.190+0000] {logging_mixin.py:149} INFO - [2023-05-03T09:38:00.190+0000] {dag.py:2726} INFO - Sync 1 DAGs
[2023-05-03T09:38:00.236+0000] {logging_mixin.py:149} INFO - [2023-05-03T09:38:00.236+0000] {dag.py:3490} INFO - Setting next_dagrun for example_skip_dag to 2023-05-02T09:38:00.236031+00:00, run_after=2023-05-03T09:38:00.236031+00:00
[2023-05-03T09:38:00.275+0000] {processor.py:178} INFO - Processing /home/airflow/.local/lib/python3.7/site-packages/airflow/example_dags/example_skip_dag.py took 0.155 seconds
[2023-05-03T09:38:34.107+0000] {processor.py:156} INFO - Started process (PID=3185) to work on /home/airflow/.local/lib/python3.7/site-packages/airflow/example_dags/example_skip_dag.py
[2023-05-03T09:38:34.109+0000] {processor.py:799} INFO - Processing file /home/airflow/.local/lib/python3.7/site-packages/airflow/example_dags/example_skip_dag.py for tasks to queue
[2023-05-03T09:38:34.111+0000] {logging_mixin.py:149} INFO - [2023-05-03T09:38:34.110+0000] {dagbag.py:541} INFO - Filling up the DagBag from /home/airflow/.local/lib/python3.7/site-packages/airflow/example_dags/example_skip_dag.py
[2023-05-03T09:38:34.123+0000] {processor.py:809} INFO - DAG(s) dict_keys(['example_skip_dag']) retrieved from /home/airflow/.local/lib/python3.7/site-packages/airflow/example_dags/example_skip_dag.py
[2023-05-03T09:38:34.169+0000] {logging_mixin.py:149} INFO - [2023-05-03T09:38:34.169+0000] {dag.py:2726} INFO - Sync 1 DAGs
[2023-05-03T09:38:34.210+0000] {logging_mixin.py:149} INFO - [2023-05-03T09:38:34.210+0000] {dag.py:3490} INFO - Setting next_dagrun for example_skip_dag to 2023-05-02T09:38:34.209982+00:00, run_after=2023-05-03T09:38:34.209982+00:00
[2023-05-03T09:38:34.250+0000] {processor.py:178} INFO - Processing /home/airflow/.local/lib/python3.7/site-packages/airflow/example_dags/example_skip_dag.py took 0.147 seconds
[2023-05-03T09:39:05.494+0000] {processor.py:156} INFO - Started process (PID=3423) to work on /home/airflow/.local/lib/python3.7/site-packages/airflow/example_dags/example_skip_dag.py
[2023-05-03T09:39:05.496+0000] {processor.py:799} INFO - Processing file /home/airflow/.local/lib/python3.7/site-packages/airflow/example_dags/example_skip_dag.py for tasks to queue
[2023-05-03T09:39:05.499+0000] {logging_mixin.py:149} INFO - [2023-05-03T09:39:05.498+0000] {dagbag.py:541} INFO - Filling up the DagBag from /home/airflow/.local/lib/python3.7/site-packages/airflow/example_dags/example_skip_dag.py
[2023-05-03T09:39:05.508+0000] {processor.py:809} INFO - DAG(s) dict_keys(['example_skip_dag']) retrieved from /home/airflow/.local/lib/python3.7/site-packages/airflow/example_dags/example_skip_dag.py
[2023-05-03T09:39:05.539+0000] {logging_mixin.py:149} INFO - [2023-05-03T09:39:05.539+0000] {dag.py:2726} INFO - Sync 1 DAGs
[2023-05-03T09:39:05.582+0000] {logging_mixin.py:149} INFO - [2023-05-03T09:39:05.581+0000] {dag.py:3490} INFO - Setting next_dagrun for example_skip_dag to 2023-05-02T09:39:05.581391+00:00, run_after=2023-05-03T09:39:05.581391+00:00
[2023-05-03T09:39:05.615+0000] {processor.py:178} INFO - Processing /home/airflow/.local/lib/python3.7/site-packages/airflow/example_dags/example_skip_dag.py took 0.126 seconds
[2023-05-03T09:39:37.241+0000] {processor.py:156} INFO - Started process (PID=3658) to work on /home/airflow/.local/lib/python3.7/site-packages/airflow/example_dags/example_skip_dag.py
[2023-05-03T09:39:37.243+0000] {processor.py:799} INFO - Processing file /home/airflow/.local/lib/python3.7/site-packages/airflow/example_dags/example_skip_dag.py for tasks to queue
[2023-05-03T09:39:37.244+0000] {logging_mixin.py:149} INFO - [2023-05-03T09:39:37.244+0000] {dagbag.py:541} INFO - Filling up the DagBag from /home/airflow/.local/lib/python3.7/site-packages/airflow/example_dags/example_skip_dag.py
[2023-05-03T09:39:37.260+0000] {processor.py:809} INFO - DAG(s) dict_keys(['example_skip_dag']) retrieved from /home/airflow/.local/lib/python3.7/site-packages/airflow/example_dags/example_skip_dag.py
[2023-05-03T09:39:37.320+0000] {logging_mixin.py:149} INFO - [2023-05-03T09:39:37.320+0000] {dag.py:2726} INFO - Sync 1 DAGs
[2023-05-03T09:39:37.378+0000] {logging_mixin.py:149} INFO - [2023-05-03T09:39:37.377+0000] {dag.py:3490} INFO - Setting next_dagrun for example_skip_dag to 2023-05-02T09:39:37.377513+00:00, run_after=2023-05-03T09:39:37.377513+00:00
[2023-05-03T09:39:37.433+0000] {processor.py:178} INFO - Processing /home/airflow/.local/lib/python3.7/site-packages/airflow/example_dags/example_skip_dag.py took 0.199 seconds
[2023-05-03T09:40:08.146+0000] {processor.py:156} INFO - Started process (PID=3894) to work on /home/airflow/.local/lib/python3.7/site-packages/airflow/example_dags/example_skip_dag.py
[2023-05-03T09:40:08.148+0000] {processor.py:799} INFO - Processing file /home/airflow/.local/lib/python3.7/site-packages/airflow/example_dags/example_skip_dag.py for tasks to queue
[2023-05-03T09:40:08.150+0000] {logging_mixin.py:149} INFO - [2023-05-03T09:40:08.150+0000] {dagbag.py:541} INFO - Filling up the DagBag from /home/airflow/.local/lib/python3.7/site-packages/airflow/example_dags/example_skip_dag.py
[2023-05-03T09:40:08.167+0000] {processor.py:809} INFO - DAG(s) dict_keys(['example_skip_dag']) retrieved from /home/airflow/.local/lib/python3.7/site-packages/airflow/example_dags/example_skip_dag.py
[2023-05-03T09:40:08.216+0000] {logging_mixin.py:149} INFO - [2023-05-03T09:40:08.216+0000] {dag.py:2726} INFO - Sync 1 DAGs
[2023-05-03T09:40:08.268+0000] {logging_mixin.py:149} INFO - [2023-05-03T09:40:08.268+0000] {dag.py:3490} INFO - Setting next_dagrun for example_skip_dag to 2023-05-02T09:40:08.267562+00:00, run_after=2023-05-03T09:40:08.267562+00:00
[2023-05-03T09:40:08.304+0000] {processor.py:178} INFO - Processing /home/airflow/.local/lib/python3.7/site-packages/airflow/example_dags/example_skip_dag.py took 0.163 seconds
[2023-05-03T09:40:39.145+0000] {processor.py:156} INFO - Started process (PID=4130) to work on /home/airflow/.local/lib/python3.7/site-packages/airflow/example_dags/example_skip_dag.py
[2023-05-03T09:40:39.148+0000] {processor.py:799} INFO - Processing file /home/airflow/.local/lib/python3.7/site-packages/airflow/example_dags/example_skip_dag.py for tasks to queue
[2023-05-03T09:40:39.150+0000] {logging_mixin.py:149} INFO - [2023-05-03T09:40:39.150+0000] {dagbag.py:541} INFO - Filling up the DagBag from /home/airflow/.local/lib/python3.7/site-packages/airflow/example_dags/example_skip_dag.py
[2023-05-03T09:40:39.162+0000] {processor.py:809} INFO - DAG(s) dict_keys(['example_skip_dag']) retrieved from /home/airflow/.local/lib/python3.7/site-packages/airflow/example_dags/example_skip_dag.py
[2023-05-03T09:40:39.200+0000] {logging_mixin.py:149} INFO - [2023-05-03T09:40:39.200+0000] {dag.py:2726} INFO - Sync 1 DAGs
[2023-05-03T09:40:39.239+0000] {logging_mixin.py:149} INFO - [2023-05-03T09:40:39.239+0000] {dag.py:3490} INFO - Setting next_dagrun for example_skip_dag to 2023-05-02T09:40:39.238771+00:00, run_after=2023-05-03T09:40:39.238771+00:00
[2023-05-03T09:40:39.272+0000] {processor.py:178} INFO - Processing /home/airflow/.local/lib/python3.7/site-packages/airflow/example_dags/example_skip_dag.py took 0.131 seconds
[2023-05-03T09:41:09.900+0000] {processor.py:156} INFO - Started process (PID=4366) to work on /home/airflow/.local/lib/python3.7/site-packages/airflow/example_dags/example_skip_dag.py
[2023-05-03T09:41:09.902+0000] {processor.py:799} INFO - Processing file /home/airflow/.local/lib/python3.7/site-packages/airflow/example_dags/example_skip_dag.py for tasks to queue
[2023-05-03T09:41:09.903+0000] {logging_mixin.py:149} INFO - [2023-05-03T09:41:09.903+0000] {dagbag.py:541} INFO - Filling up the DagBag from /home/airflow/.local/lib/python3.7/site-packages/airflow/example_dags/example_skip_dag.py
[2023-05-03T09:41:09.931+0000] {processor.py:809} INFO - DAG(s) dict_keys(['example_skip_dag']) retrieved from /home/airflow/.local/lib/python3.7/site-packages/airflow/example_dags/example_skip_dag.py
[2023-05-03T09:41:09.997+0000] {logging_mixin.py:149} INFO - [2023-05-03T09:41:09.996+0000] {dag.py:2726} INFO - Sync 1 DAGs
[2023-05-03T09:41:10.046+0000] {logging_mixin.py:149} INFO - [2023-05-03T09:41:10.045+0000] {dag.py:3490} INFO - Setting next_dagrun for example_skip_dag to 2023-05-02T09:41:10.045265+00:00, run_after=2023-05-03T09:41:10.045265+00:00
[2023-05-03T09:41:10.080+0000] {processor.py:178} INFO - Processing /home/airflow/.local/lib/python3.7/site-packages/airflow/example_dags/example_skip_dag.py took 0.185 seconds
[2023-05-03T09:41:41.738+0000] {processor.py:156} INFO - Started process (PID=4612) to work on /home/airflow/.local/lib/python3.7/site-packages/airflow/example_dags/example_skip_dag.py
[2023-05-03T09:41:41.740+0000] {processor.py:799} INFO - Processing file /home/airflow/.local/lib/python3.7/site-packages/airflow/example_dags/example_skip_dag.py for tasks to queue
[2023-05-03T09:41:41.742+0000] {logging_mixin.py:149} INFO - [2023-05-03T09:41:41.742+0000] {dagbag.py:541} INFO - Filling up the DagBag from /home/airflow/.local/lib/python3.7/site-packages/airflow/example_dags/example_skip_dag.py
[2023-05-03T09:41:41.755+0000] {processor.py:809} INFO - DAG(s) dict_keys(['example_skip_dag']) retrieved from /home/airflow/.local/lib/python3.7/site-packages/airflow/example_dags/example_skip_dag.py
[2023-05-03T09:41:41.798+0000] {logging_mixin.py:149} INFO - [2023-05-03T09:41:41.798+0000] {dag.py:2726} INFO - Sync 1 DAGs
[2023-05-03T09:41:41.842+0000] {logging_mixin.py:149} INFO - [2023-05-03T09:41:41.842+0000] {dag.py:3490} INFO - Setting next_dagrun for example_skip_dag to 2023-05-02T09:41:41.841559+00:00, run_after=2023-05-03T09:41:41.841559+00:00
[2023-05-03T09:41:41.896+0000] {processor.py:178} INFO - Processing /home/airflow/.local/lib/python3.7/site-packages/airflow/example_dags/example_skip_dag.py took 0.162 seconds
[2023-05-03T09:44:53.091+0000] {processor.py:156} INFO - Started process (PID=302) to work on /home/airflow/.local/lib/python3.7/site-packages/airflow/example_dags/example_skip_dag.py
[2023-05-03T09:44:53.102+0000] {processor.py:799} INFO - Processing file /home/airflow/.local/lib/python3.7/site-packages/airflow/example_dags/example_skip_dag.py for tasks to queue
[2023-05-03T09:44:53.104+0000] {logging_mixin.py:149} INFO - [2023-05-03T09:44:53.104+0000] {dagbag.py:541} INFO - Filling up the DagBag from /home/airflow/.local/lib/python3.7/site-packages/airflow/example_dags/example_skip_dag.py
[2023-05-03T09:44:53.136+0000] {processor.py:809} INFO - DAG(s) dict_keys(['example_skip_dag']) retrieved from /home/airflow/.local/lib/python3.7/site-packages/airflow/example_dags/example_skip_dag.py
[2023-05-03T09:44:53.316+0000] {logging_mixin.py:149} INFO - [2023-05-03T09:44:53.315+0000] {dag.py:2726} INFO - Sync 1 DAGs
[2023-05-03T09:44:53.618+0000] {logging_mixin.py:149} INFO - [2023-05-03T09:44:53.618+0000] {dag.py:3490} INFO - Setting next_dagrun for example_skip_dag to 2023-05-02T09:44:53.617656+00:00, run_after=2023-05-03T09:44:53.617656+00:00
[2023-05-03T09:44:53.738+0000] {processor.py:178} INFO - Processing /home/airflow/.local/lib/python3.7/site-packages/airflow/example_dags/example_skip_dag.py took 0.652 seconds
[2023-05-03T09:46:34.553+0000] {processor.py:156} INFO - Started process (PID=621) to work on /home/airflow/.local/lib/python3.7/site-packages/airflow/example_dags/example_skip_dag.py
[2023-05-03T09:46:34.556+0000] {processor.py:799} INFO - Processing file /home/airflow/.local/lib/python3.7/site-packages/airflow/example_dags/example_skip_dag.py for tasks to queue
[2023-05-03T09:46:34.567+0000] {logging_mixin.py:149} INFO - [2023-05-03T09:46:34.557+0000] {dagbag.py:541} INFO - Filling up the DagBag from /home/airflow/.local/lib/python3.7/site-packages/airflow/example_dags/example_skip_dag.py
[2023-05-03T09:46:34.602+0000] {processor.py:809} INFO - DAG(s) dict_keys(['example_skip_dag']) retrieved from /home/airflow/.local/lib/python3.7/site-packages/airflow/example_dags/example_skip_dag.py
[2023-05-03T09:46:34.741+0000] {logging_mixin.py:149} INFO - [2023-05-03T09:46:34.740+0000] {dag.py:2726} INFO - Sync 1 DAGs
[2023-05-03T09:46:34.899+0000] {logging_mixin.py:149} INFO - [2023-05-03T09:46:34.899+0000] {dag.py:3490} INFO - Setting next_dagrun for example_skip_dag to 2023-05-02T09:46:34.898621+00:00, run_after=2023-05-03T09:46:34.898621+00:00
[2023-05-03T09:46:35.009+0000] {processor.py:178} INFO - Processing /home/airflow/.local/lib/python3.7/site-packages/airflow/example_dags/example_skip_dag.py took 0.470 seconds
[2023-05-03T09:47:37.018+0000] {processor.py:156} INFO - Started process (PID=867) to work on /home/airflow/.local/lib/python3.7/site-packages/airflow/example_dags/example_skip_dag.py
[2023-05-03T09:47:37.021+0000] {processor.py:799} INFO - Processing file /home/airflow/.local/lib/python3.7/site-packages/airflow/example_dags/example_skip_dag.py for tasks to queue
[2023-05-03T09:47:37.024+0000] {logging_mixin.py:149} INFO - [2023-05-03T09:47:37.024+0000] {dagbag.py:541} INFO - Filling up the DagBag from /home/airflow/.local/lib/python3.7/site-packages/airflow/example_dags/example_skip_dag.py
[2023-05-03T09:47:37.055+0000] {processor.py:809} INFO - DAG(s) dict_keys(['example_skip_dag']) retrieved from /home/airflow/.local/lib/python3.7/site-packages/airflow/example_dags/example_skip_dag.py
[2023-05-03T09:47:37.156+0000] {logging_mixin.py:149} INFO - [2023-05-03T09:47:37.156+0000] {dag.py:2726} INFO - Sync 1 DAGs
[2023-05-03T09:47:37.259+0000] {logging_mixin.py:149} INFO - [2023-05-03T09:47:37.259+0000] {dag.py:3490} INFO - Setting next_dagrun for example_skip_dag to 2023-05-02T09:47:37.258629+00:00, run_after=2023-05-03T09:47:37.258629+00:00
[2023-05-03T09:47:37.386+0000] {processor.py:178} INFO - Processing /home/airflow/.local/lib/python3.7/site-packages/airflow/example_dags/example_skip_dag.py took 0.373 seconds
[2023-05-03T09:48:28.872+0000] {processor.py:156} INFO - Started process (PID=1101) to work on /home/airflow/.local/lib/python3.7/site-packages/airflow/example_dags/example_skip_dag.py
[2023-05-03T09:48:28.886+0000] {processor.py:799} INFO - Processing file /home/airflow/.local/lib/python3.7/site-packages/airflow/example_dags/example_skip_dag.py for tasks to queue
[2023-05-03T09:48:28.888+0000] {logging_mixin.py:149} INFO - [2023-05-03T09:48:28.888+0000] {dagbag.py:541} INFO - Filling up the DagBag from /home/airflow/.local/lib/python3.7/site-packages/airflow/example_dags/example_skip_dag.py
[2023-05-03T09:48:28.913+0000] {processor.py:809} INFO - DAG(s) dict_keys(['example_skip_dag']) retrieved from /home/airflow/.local/lib/python3.7/site-packages/airflow/example_dags/example_skip_dag.py
[2023-05-03T09:48:29.008+0000] {logging_mixin.py:149} INFO - [2023-05-03T09:48:29.008+0000] {dag.py:2726} INFO - Sync 1 DAGs
[2023-05-03T09:48:29.089+0000] {logging_mixin.py:149} INFO - [2023-05-03T09:48:29.089+0000] {dag.py:3490} INFO - Setting next_dagrun for example_skip_dag to 2023-05-02T09:48:29.089091+00:00, run_after=2023-05-03T09:48:29.089091+00:00
[2023-05-03T09:48:29.205+0000] {processor.py:178} INFO - Processing /home/airflow/.local/lib/python3.7/site-packages/airflow/example_dags/example_skip_dag.py took 0.345 seconds
[2023-05-03T09:49:01.392+0000] {processor.py:156} INFO - Started process (PID=1337) to work on /home/airflow/.local/lib/python3.7/site-packages/airflow/example_dags/example_skip_dag.py
[2023-05-03T09:49:01.395+0000] {processor.py:799} INFO - Processing file /home/airflow/.local/lib/python3.7/site-packages/airflow/example_dags/example_skip_dag.py for tasks to queue
[2023-05-03T09:49:01.397+0000] {logging_mixin.py:149} INFO - [2023-05-03T09:49:01.397+0000] {dagbag.py:541} INFO - Filling up the DagBag from /home/airflow/.local/lib/python3.7/site-packages/airflow/example_dags/example_skip_dag.py
[2023-05-03T09:49:01.429+0000] {processor.py:809} INFO - DAG(s) dict_keys(['example_skip_dag']) retrieved from /home/airflow/.local/lib/python3.7/site-packages/airflow/example_dags/example_skip_dag.py
[2023-05-03T09:49:01.586+0000] {logging_mixin.py:149} INFO - [2023-05-03T09:49:01.585+0000] {dag.py:2726} INFO - Sync 1 DAGs
[2023-05-03T09:49:01.723+0000] {logging_mixin.py:149} INFO - [2023-05-03T09:49:01.722+0000] {dag.py:3490} INFO - Setting next_dagrun for example_skip_dag to 2023-05-02T09:49:01.715033+00:00, run_after=2023-05-03T09:49:01.715033+00:00
[2023-05-03T09:49:01.890+0000] {processor.py:178} INFO - Processing /home/airflow/.local/lib/python3.7/site-packages/airflow/example_dags/example_skip_dag.py took 0.510 seconds
[2023-05-03T09:49:49.092+0000] {processor.py:156} INFO - Started process (PID=1558) to work on /home/airflow/.local/lib/python3.7/site-packages/airflow/example_dags/example_skip_dag.py
[2023-05-03T09:49:49.094+0000] {processor.py:799} INFO - Processing file /home/airflow/.local/lib/python3.7/site-packages/airflow/example_dags/example_skip_dag.py for tasks to queue
[2023-05-03T09:49:49.096+0000] {logging_mixin.py:149} INFO - [2023-05-03T09:49:49.096+0000] {dagbag.py:541} INFO - Filling up the DagBag from /home/airflow/.local/lib/python3.7/site-packages/airflow/example_dags/example_skip_dag.py
[2023-05-03T09:49:49.115+0000] {processor.py:809} INFO - DAG(s) dict_keys(['example_skip_dag']) retrieved from /home/airflow/.local/lib/python3.7/site-packages/airflow/example_dags/example_skip_dag.py
[2023-05-03T09:49:49.168+0000] {logging_mixin.py:149} INFO - [2023-05-03T09:49:49.167+0000] {dag.py:2726} INFO - Sync 1 DAGs
[2023-05-03T09:49:49.238+0000] {logging_mixin.py:149} INFO - [2023-05-03T09:49:49.238+0000] {dag.py:3490} INFO - Setting next_dagrun for example_skip_dag to 2023-05-02T09:49:49.238043+00:00, run_after=2023-05-03T09:49:49.238043+00:00
[2023-05-03T09:49:49.318+0000] {processor.py:178} INFO - Processing /home/airflow/.local/lib/python3.7/site-packages/airflow/example_dags/example_skip_dag.py took 0.231 seconds
[2023-05-03T09:50:21.081+0000] {processor.py:156} INFO - Started process (PID=1794) to work on /home/airflow/.local/lib/python3.7/site-packages/airflow/example_dags/example_skip_dag.py
[2023-05-03T09:50:21.084+0000] {processor.py:799} INFO - Processing file /home/airflow/.local/lib/python3.7/site-packages/airflow/example_dags/example_skip_dag.py for tasks to queue
[2023-05-03T09:50:21.089+0000] {logging_mixin.py:149} INFO - [2023-05-03T09:50:21.086+0000] {dagbag.py:541} INFO - Filling up the DagBag from /home/airflow/.local/lib/python3.7/site-packages/airflow/example_dags/example_skip_dag.py
[2023-05-03T09:50:21.115+0000] {processor.py:809} INFO - DAG(s) dict_keys(['example_skip_dag']) retrieved from /home/airflow/.local/lib/python3.7/site-packages/airflow/example_dags/example_skip_dag.py
[2023-05-03T09:50:21.210+0000] {logging_mixin.py:149} INFO - [2023-05-03T09:50:21.209+0000] {dag.py:2726} INFO - Sync 1 DAGs
[2023-05-03T09:50:21.280+0000] {logging_mixin.py:149} INFO - [2023-05-03T09:50:21.280+0000] {dag.py:3490} INFO - Setting next_dagrun for example_skip_dag to 2023-05-02T09:50:21.279900+00:00, run_after=2023-05-03T09:50:21.279900+00:00
[2023-05-03T09:50:21.364+0000] {processor.py:178} INFO - Processing /home/airflow/.local/lib/python3.7/site-packages/airflow/example_dags/example_skip_dag.py took 0.292 seconds
[2023-05-03T09:50:52.233+0000] {processor.py:156} INFO - Started process (PID=2030) to work on /home/airflow/.local/lib/python3.7/site-packages/airflow/example_dags/example_skip_dag.py
[2023-05-03T09:50:52.239+0000] {processor.py:799} INFO - Processing file /home/airflow/.local/lib/python3.7/site-packages/airflow/example_dags/example_skip_dag.py for tasks to queue
[2023-05-03T09:50:52.246+0000] {logging_mixin.py:149} INFO - [2023-05-03T09:50:52.246+0000] {dagbag.py:541} INFO - Filling up the DagBag from /home/airflow/.local/lib/python3.7/site-packages/airflow/example_dags/example_skip_dag.py
[2023-05-03T09:50:52.269+0000] {processor.py:809} INFO - DAG(s) dict_keys(['example_skip_dag']) retrieved from /home/airflow/.local/lib/python3.7/site-packages/airflow/example_dags/example_skip_dag.py
[2023-05-03T09:50:52.395+0000] {logging_mixin.py:149} INFO - [2023-05-03T09:50:52.394+0000] {dag.py:2726} INFO - Sync 1 DAGs
[2023-05-03T09:50:52.549+0000] {logging_mixin.py:149} INFO - [2023-05-03T09:50:52.548+0000] {dag.py:3490} INFO - Setting next_dagrun for example_skip_dag to 2023-05-02T09:50:52.548272+00:00, run_after=2023-05-03T09:50:52.548272+00:00
[2023-05-03T09:50:52.641+0000] {processor.py:178} INFO - Processing /home/airflow/.local/lib/python3.7/site-packages/airflow/example_dags/example_skip_dag.py took 0.413 seconds
[2023-05-03T09:52:09.841+0000] {processor.py:156} INFO - Started process (PID=2314) to work on /home/airflow/.local/lib/python3.7/site-packages/airflow/example_dags/example_skip_dag.py
[2023-05-03T09:52:09.846+0000] {processor.py:799} INFO - Processing file /home/airflow/.local/lib/python3.7/site-packages/airflow/example_dags/example_skip_dag.py for tasks to queue
[2023-05-03T09:52:09.854+0000] {logging_mixin.py:149} INFO - [2023-05-03T09:52:09.854+0000] {dagbag.py:541} INFO - Filling up the DagBag from /home/airflow/.local/lib/python3.7/site-packages/airflow/example_dags/example_skip_dag.py
[2023-05-03T09:52:09.876+0000] {processor.py:809} INFO - DAG(s) dict_keys(['example_skip_dag']) retrieved from /home/airflow/.local/lib/python3.7/site-packages/airflow/example_dags/example_skip_dag.py
[2023-05-03T09:52:09.979+0000] {logging_mixin.py:149} INFO - [2023-05-03T09:52:09.979+0000] {dag.py:2726} INFO - Sync 1 DAGs
[2023-05-03T09:52:10.059+0000] {logging_mixin.py:149} INFO - [2023-05-03T09:52:10.059+0000] {dag.py:3490} INFO - Setting next_dagrun for example_skip_dag to 2023-05-02T09:52:10.058962+00:00, run_after=2023-05-03T09:52:10.058962+00:00
[2023-05-03T09:52:10.146+0000] {processor.py:178} INFO - Processing /home/airflow/.local/lib/python3.7/site-packages/airflow/example_dags/example_skip_dag.py took 0.315 seconds
[2023-05-03T09:52:46.688+0000] {processor.py:156} INFO - Started process (PID=2566) to work on /home/airflow/.local/lib/python3.7/site-packages/airflow/example_dags/example_skip_dag.py
[2023-05-03T09:52:46.691+0000] {processor.py:799} INFO - Processing file /home/airflow/.local/lib/python3.7/site-packages/airflow/example_dags/example_skip_dag.py for tasks to queue
[2023-05-03T09:52:46.702+0000] {logging_mixin.py:149} INFO - [2023-05-03T09:52:46.701+0000] {dagbag.py:541} INFO - Filling up the DagBag from /home/airflow/.local/lib/python3.7/site-packages/airflow/example_dags/example_skip_dag.py
[2023-05-03T09:52:46.724+0000] {processor.py:809} INFO - DAG(s) dict_keys(['example_skip_dag']) retrieved from /home/airflow/.local/lib/python3.7/site-packages/airflow/example_dags/example_skip_dag.py
[2023-05-03T09:52:46.816+0000] {logging_mixin.py:149} INFO - [2023-05-03T09:52:46.816+0000] {dag.py:2726} INFO - Sync 1 DAGs
[2023-05-03T09:52:46.924+0000] {logging_mixin.py:149} INFO - [2023-05-03T09:52:46.924+0000] {dag.py:3490} INFO - Setting next_dagrun for example_skip_dag to 2023-05-02T09:52:46.923593+00:00, run_after=2023-05-03T09:52:46.923593+00:00
[2023-05-03T09:52:47.700+0000] {processor.py:178} INFO - Processing /home/airflow/.local/lib/python3.7/site-packages/airflow/example_dags/example_skip_dag.py took 1.020 seconds
[2023-05-03T09:53:18.768+0000] {processor.py:156} INFO - Started process (PID=2802) to work on /home/airflow/.local/lib/python3.7/site-packages/airflow/example_dags/example_skip_dag.py
[2023-05-03T09:53:18.780+0000] {processor.py:799} INFO - Processing file /home/airflow/.local/lib/python3.7/site-packages/airflow/example_dags/example_skip_dag.py for tasks to queue
[2023-05-03T09:53:18.782+0000] {logging_mixin.py:149} INFO - [2023-05-03T09:53:18.782+0000] {dagbag.py:541} INFO - Filling up the DagBag from /home/airflow/.local/lib/python3.7/site-packages/airflow/example_dags/example_skip_dag.py
[2023-05-03T09:53:18.796+0000] {processor.py:809} INFO - DAG(s) dict_keys(['example_skip_dag']) retrieved from /home/airflow/.local/lib/python3.7/site-packages/airflow/example_dags/example_skip_dag.py
[2023-05-03T09:53:18.898+0000] {logging_mixin.py:149} INFO - [2023-05-03T09:53:18.898+0000] {dag.py:2726} INFO - Sync 1 DAGs
[2023-05-03T09:53:19.021+0000] {logging_mixin.py:149} INFO - [2023-05-03T09:53:19.021+0000] {dag.py:3490} INFO - Setting next_dagrun for example_skip_dag to 2023-05-02T09:53:19.020994+00:00, run_after=2023-05-03T09:53:19.020994+00:00
[2023-05-03T09:53:19.121+0000] {processor.py:178} INFO - Processing /home/airflow/.local/lib/python3.7/site-packages/airflow/example_dags/example_skip_dag.py took 0.358 seconds
[2023-05-03T09:53:50.491+0000] {processor.py:156} INFO - Started process (PID=3038) to work on /home/airflow/.local/lib/python3.7/site-packages/airflow/example_dags/example_skip_dag.py
[2023-05-03T09:53:50.502+0000] {processor.py:799} INFO - Processing file /home/airflow/.local/lib/python3.7/site-packages/airflow/example_dags/example_skip_dag.py for tasks to queue
[2023-05-03T09:53:50.520+0000] {logging_mixin.py:149} INFO - [2023-05-03T09:53:50.520+0000] {dagbag.py:541} INFO - Filling up the DagBag from /home/airflow/.local/lib/python3.7/site-packages/airflow/example_dags/example_skip_dag.py
[2023-05-03T09:53:50.578+0000] {processor.py:809} INFO - DAG(s) dict_keys(['example_skip_dag']) retrieved from /home/airflow/.local/lib/python3.7/site-packages/airflow/example_dags/example_skip_dag.py
[2023-05-03T09:53:50.667+0000] {logging_mixin.py:149} INFO - [2023-05-03T09:53:50.666+0000] {dag.py:2726} INFO - Sync 1 DAGs
[2023-05-03T09:53:51.071+0000] {logging_mixin.py:149} INFO - [2023-05-03T09:53:51.071+0000] {dag.py:3490} INFO - Setting next_dagrun for example_skip_dag to 2023-05-02T09:53:51.070769+00:00, run_after=2023-05-03T09:53:51.070769+00:00
[2023-05-03T09:53:51.160+0000] {processor.py:178} INFO - Processing /home/airflow/.local/lib/python3.7/site-packages/airflow/example_dags/example_skip_dag.py took 0.677 seconds
[2023-05-03T09:54:54.015+0000] {processor.py:156} INFO - Started process (PID=3301) to work on /home/airflow/.local/lib/python3.7/site-packages/airflow/example_dags/example_skip_dag.py
[2023-05-03T09:54:54.019+0000] {processor.py:799} INFO - Processing file /home/airflow/.local/lib/python3.7/site-packages/airflow/example_dags/example_skip_dag.py for tasks to queue
[2023-05-03T09:54:54.022+0000] {logging_mixin.py:149} INFO - [2023-05-03T09:54:54.022+0000] {dagbag.py:541} INFO - Filling up the DagBag from /home/airflow/.local/lib/python3.7/site-packages/airflow/example_dags/example_skip_dag.py
[2023-05-03T09:54:54.055+0000] {processor.py:809} INFO - DAG(s) dict_keys(['example_skip_dag']) retrieved from /home/airflow/.local/lib/python3.7/site-packages/airflow/example_dags/example_skip_dag.py
[2023-05-03T09:54:54.136+0000] {logging_mixin.py:149} INFO - [2023-05-03T09:54:54.136+0000] {dag.py:2726} INFO - Sync 1 DAGs
[2023-05-03T09:54:54.607+0000] {logging_mixin.py:149} INFO - [2023-05-03T09:54:54.607+0000] {dag.py:3490} INFO - Setting next_dagrun for example_skip_dag to 2023-05-02T09:54:54.607233+00:00, run_after=2023-05-03T09:54:54.607233+00:00
[2023-05-03T09:54:54.727+0000] {processor.py:178} INFO - Processing /home/airflow/.local/lib/python3.7/site-packages/airflow/example_dags/example_skip_dag.py took 0.722 seconds
[2023-05-03T09:55:25.345+0000] {processor.py:156} INFO - Started process (PID=3539) to work on /home/airflow/.local/lib/python3.7/site-packages/airflow/example_dags/example_skip_dag.py
[2023-05-03T09:55:25.348+0000] {processor.py:799} INFO - Processing file /home/airflow/.local/lib/python3.7/site-packages/airflow/example_dags/example_skip_dag.py for tasks to queue
[2023-05-03T09:55:25.356+0000] {logging_mixin.py:149} INFO - [2023-05-03T09:55:25.349+0000] {dagbag.py:541} INFO - Filling up the DagBag from /home/airflow/.local/lib/python3.7/site-packages/airflow/example_dags/example_skip_dag.py
[2023-05-03T09:55:25.371+0000] {processor.py:809} INFO - DAG(s) dict_keys(['example_skip_dag']) retrieved from /home/airflow/.local/lib/python3.7/site-packages/airflow/example_dags/example_skip_dag.py
[2023-05-03T09:55:25.438+0000] {logging_mixin.py:149} INFO - [2023-05-03T09:55:25.438+0000] {dag.py:2726} INFO - Sync 1 DAGs
[2023-05-03T09:55:25.525+0000] {logging_mixin.py:149} INFO - [2023-05-03T09:55:25.525+0000] {dag.py:3490} INFO - Setting next_dagrun for example_skip_dag to 2023-05-02T09:55:25.525290+00:00, run_after=2023-05-03T09:55:25.525290+00:00
[2023-05-03T09:55:25.615+0000] {processor.py:178} INFO - Processing /home/airflow/.local/lib/python3.7/site-packages/airflow/example_dags/example_skip_dag.py took 0.275 seconds
[2023-05-03T09:56:01.570+0000] {processor.py:156} INFO - Started process (PID=3780) to work on /home/airflow/.local/lib/python3.7/site-packages/airflow/example_dags/example_skip_dag.py
[2023-05-03T09:56:01.572+0000] {processor.py:799} INFO - Processing file /home/airflow/.local/lib/python3.7/site-packages/airflow/example_dags/example_skip_dag.py for tasks to queue
[2023-05-03T09:56:01.573+0000] {logging_mixin.py:149} INFO - [2023-05-03T09:56:01.573+0000] {dagbag.py:541} INFO - Filling up the DagBag from /home/airflow/.local/lib/python3.7/site-packages/airflow/example_dags/example_skip_dag.py
[2023-05-03T09:56:01.606+0000] {processor.py:809} INFO - DAG(s) dict_keys(['example_skip_dag']) retrieved from /home/airflow/.local/lib/python3.7/site-packages/airflow/example_dags/example_skip_dag.py
[2023-05-03T09:56:01.695+0000] {logging_mixin.py:149} INFO - [2023-05-03T09:56:01.694+0000] {dag.py:2726} INFO - Sync 1 DAGs
[2023-05-03T09:56:02.115+0000] {logging_mixin.py:149} INFO - [2023-05-03T09:56:02.114+0000] {dag.py:3490} INFO - Setting next_dagrun for example_skip_dag to 2023-05-02T09:56:02.114038+00:00, run_after=2023-05-03T09:56:02.114038+00:00
[2023-05-03T09:56:02.187+0000] {processor.py:178} INFO - Processing /home/airflow/.local/lib/python3.7/site-packages/airflow/example_dags/example_skip_dag.py took 0.635 seconds
[2023-05-03T09:56:33.265+0000] {processor.py:156} INFO - Started process (PID=4015) to work on /home/airflow/.local/lib/python3.7/site-packages/airflow/example_dags/example_skip_dag.py
[2023-05-03T09:56:33.267+0000] {processor.py:799} INFO - Processing file /home/airflow/.local/lib/python3.7/site-packages/airflow/example_dags/example_skip_dag.py for tasks to queue
[2023-05-03T09:56:33.269+0000] {logging_mixin.py:149} INFO - [2023-05-03T09:56:33.268+0000] {dagbag.py:541} INFO - Filling up the DagBag from /home/airflow/.local/lib/python3.7/site-packages/airflow/example_dags/example_skip_dag.py
[2023-05-03T09:56:33.299+0000] {processor.py:809} INFO - DAG(s) dict_keys(['example_skip_dag']) retrieved from /home/airflow/.local/lib/python3.7/site-packages/airflow/example_dags/example_skip_dag.py
[2023-05-03T09:56:33.377+0000] {logging_mixin.py:149} INFO - [2023-05-03T09:56:33.377+0000] {dag.py:2726} INFO - Sync 1 DAGs
[2023-05-03T09:56:33.456+0000] {logging_mixin.py:149} INFO - [2023-05-03T09:56:33.456+0000] {dag.py:3490} INFO - Setting next_dagrun for example_skip_dag to 2023-05-02T09:56:33.455066+00:00, run_after=2023-05-03T09:56:33.455066+00:00
[2023-05-03T09:56:33.770+0000] {processor.py:178} INFO - Processing /home/airflow/.local/lib/python3.7/site-packages/airflow/example_dags/example_skip_dag.py took 0.511 seconds
[2023-05-03T09:57:04.758+0000] {processor.py:156} INFO - Started process (PID=4250) to work on /home/airflow/.local/lib/python3.7/site-packages/airflow/example_dags/example_skip_dag.py
[2023-05-03T09:57:04.762+0000] {processor.py:799} INFO - Processing file /home/airflow/.local/lib/python3.7/site-packages/airflow/example_dags/example_skip_dag.py for tasks to queue
[2023-05-03T09:57:04.771+0000] {logging_mixin.py:149} INFO - [2023-05-03T09:57:04.771+0000] {dagbag.py:541} INFO - Filling up the DagBag from /home/airflow/.local/lib/python3.7/site-packages/airflow/example_dags/example_skip_dag.py
[2023-05-03T09:57:04.796+0000] {processor.py:809} INFO - DAG(s) dict_keys(['example_skip_dag']) retrieved from /home/airflow/.local/lib/python3.7/site-packages/airflow/example_dags/example_skip_dag.py
[2023-05-03T09:57:04.887+0000] {logging_mixin.py:149} INFO - [2023-05-03T09:57:04.887+0000] {dag.py:2726} INFO - Sync 1 DAGs
[2023-05-03T09:57:05.008+0000] {logging_mixin.py:149} INFO - [2023-05-03T09:57:05.008+0000] {dag.py:3490} INFO - Setting next_dagrun for example_skip_dag to 2023-05-02T09:57:05.007909+00:00, run_after=2023-05-03T09:57:05.007909+00:00
[2023-05-03T09:57:05.103+0000] {processor.py:178} INFO - Processing /home/airflow/.local/lib/python3.7/site-packages/airflow/example_dags/example_skip_dag.py took 0.356 seconds
[2023-05-03T09:57:56.228+0000] {processor.py:156} INFO - Started process (PID=4526) to work on /home/airflow/.local/lib/python3.7/site-packages/airflow/example_dags/example_skip_dag.py
[2023-05-03T09:57:56.230+0000] {processor.py:799} INFO - Processing file /home/airflow/.local/lib/python3.7/site-packages/airflow/example_dags/example_skip_dag.py for tasks to queue
[2023-05-03T09:57:56.232+0000] {logging_mixin.py:149} INFO - [2023-05-03T09:57:56.231+0000] {dagbag.py:541} INFO - Filling up the DagBag from /home/airflow/.local/lib/python3.7/site-packages/airflow/example_dags/example_skip_dag.py
[2023-05-03T09:57:56.252+0000] {processor.py:809} INFO - DAG(s) dict_keys(['example_skip_dag']) retrieved from /home/airflow/.local/lib/python3.7/site-packages/airflow/example_dags/example_skip_dag.py
[2023-05-03T09:57:56.311+0000] {logging_mixin.py:149} INFO - [2023-05-03T09:57:56.311+0000] {dag.py:2726} INFO - Sync 1 DAGs
[2023-05-03T09:57:56.732+0000] {logging_mixin.py:149} INFO - [2023-05-03T09:57:56.731+0000] {dag.py:3490} INFO - Setting next_dagrun for example_skip_dag to 2023-05-02T09:57:56.729013+00:00, run_after=2023-05-03T09:57:56.729013+00:00
[2023-05-03T09:57:56.789+0000] {processor.py:178} INFO - Processing /home/airflow/.local/lib/python3.7/site-packages/airflow/example_dags/example_skip_dag.py took 0.571 seconds
[2023-05-03T09:58:26.911+0000] {processor.py:156} INFO - Started process (PID=4764) to work on /home/airflow/.local/lib/python3.7/site-packages/airflow/example_dags/example_skip_dag.py
[2023-05-03T09:58:26.916+0000] {processor.py:799} INFO - Processing file /home/airflow/.local/lib/python3.7/site-packages/airflow/example_dags/example_skip_dag.py for tasks to queue
[2023-05-03T09:58:26.918+0000] {logging_mixin.py:149} INFO - [2023-05-03T09:58:26.918+0000] {dagbag.py:541} INFO - Filling up the DagBag from /home/airflow/.local/lib/python3.7/site-packages/airflow/example_dags/example_skip_dag.py
[2023-05-03T09:58:26.931+0000] {processor.py:809} INFO - DAG(s) dict_keys(['example_skip_dag']) retrieved from /home/airflow/.local/lib/python3.7/site-packages/airflow/example_dags/example_skip_dag.py
[2023-05-03T09:58:26.973+0000] {logging_mixin.py:149} INFO - [2023-05-03T09:58:26.973+0000] {dag.py:2726} INFO - Sync 1 DAGs
[2023-05-03T09:58:27.016+0000] {logging_mixin.py:149} INFO - [2023-05-03T09:58:27.016+0000] {dag.py:3490} INFO - Setting next_dagrun for example_skip_dag to 2023-05-02T09:58:27.015899+00:00, run_after=2023-05-03T09:58:27.015899+00:00
[2023-05-03T09:58:27.103+0000] {processor.py:178} INFO - Processing /home/airflow/.local/lib/python3.7/site-packages/airflow/example_dags/example_skip_dag.py took 0.196 seconds
[2023-05-03T09:58:58.170+0000] {processor.py:156} INFO - Started process (PID=4999) to work on /home/airflow/.local/lib/python3.7/site-packages/airflow/example_dags/example_skip_dag.py
[2023-05-03T09:58:58.172+0000] {processor.py:799} INFO - Processing file /home/airflow/.local/lib/python3.7/site-packages/airflow/example_dags/example_skip_dag.py for tasks to queue
[2023-05-03T09:58:58.174+0000] {logging_mixin.py:149} INFO - [2023-05-03T09:58:58.174+0000] {dagbag.py:541} INFO - Filling up the DagBag from /home/airflow/.local/lib/python3.7/site-packages/airflow/example_dags/example_skip_dag.py
[2023-05-03T09:58:58.192+0000] {processor.py:809} INFO - DAG(s) dict_keys(['example_skip_dag']) retrieved from /home/airflow/.local/lib/python3.7/site-packages/airflow/example_dags/example_skip_dag.py
[2023-05-03T09:58:58.251+0000] {logging_mixin.py:149} INFO - [2023-05-03T09:58:58.251+0000] {dag.py:2726} INFO - Sync 1 DAGs
[2023-05-03T09:58:58.567+0000] {logging_mixin.py:149} INFO - [2023-05-03T09:58:58.567+0000] {dag.py:3490} INFO - Setting next_dagrun for example_skip_dag to 2023-05-02T09:58:58.566447+00:00, run_after=2023-05-03T09:58:58.566447+00:00
[2023-05-03T09:58:58.614+0000] {processor.py:178} INFO - Processing /home/airflow/.local/lib/python3.7/site-packages/airflow/example_dags/example_skip_dag.py took 0.449 seconds
[2023-05-03T09:59:28.730+0000] {processor.py:156} INFO - Started process (PID=5235) to work on /home/airflow/.local/lib/python3.7/site-packages/airflow/example_dags/example_skip_dag.py
[2023-05-03T09:59:28.731+0000] {processor.py:799} INFO - Processing file /home/airflow/.local/lib/python3.7/site-packages/airflow/example_dags/example_skip_dag.py for tasks to queue
[2023-05-03T09:59:28.733+0000] {logging_mixin.py:149} INFO - [2023-05-03T09:59:28.733+0000] {dagbag.py:541} INFO - Filling up the DagBag from /home/airflow/.local/lib/python3.7/site-packages/airflow/example_dags/example_skip_dag.py
[2023-05-03T09:59:28.761+0000] {processor.py:809} INFO - DAG(s) dict_keys(['example_skip_dag']) retrieved from /home/airflow/.local/lib/python3.7/site-packages/airflow/example_dags/example_skip_dag.py
[2023-05-03T09:59:28.847+0000] {logging_mixin.py:149} INFO - [2023-05-03T09:59:28.847+0000] {dag.py:2726} INFO - Sync 1 DAGs
[2023-05-03T09:59:28.946+0000] {logging_mixin.py:149} INFO - [2023-05-03T09:59:28.936+0000] {dag.py:3490} INFO - Setting next_dagrun for example_skip_dag to 2023-05-02T09:59:28.935626+00:00, run_after=2023-05-03T09:59:28.935626+00:00
[2023-05-03T09:59:29.040+0000] {processor.py:178} INFO - Processing /home/airflow/.local/lib/python3.7/site-packages/airflow/example_dags/example_skip_dag.py took 0.316 seconds
[2023-05-03T09:59:59.887+0000] {processor.py:156} INFO - Started process (PID=5468) to work on /home/airflow/.local/lib/python3.7/site-packages/airflow/example_dags/example_skip_dag.py
[2023-05-03T09:59:59.889+0000] {processor.py:799} INFO - Processing file /home/airflow/.local/lib/python3.7/site-packages/airflow/example_dags/example_skip_dag.py for tasks to queue
[2023-05-03T09:59:59.890+0000] {logging_mixin.py:149} INFO - [2023-05-03T09:59:59.890+0000] {dagbag.py:541} INFO - Filling up the DagBag from /home/airflow/.local/lib/python3.7/site-packages/airflow/example_dags/example_skip_dag.py
[2023-05-03T09:59:59.908+0000] {processor.py:809} INFO - DAG(s) dict_keys(['example_skip_dag']) retrieved from /home/airflow/.local/lib/python3.7/site-packages/airflow/example_dags/example_skip_dag.py
[2023-05-03T09:59:59.972+0000] {logging_mixin.py:149} INFO - [2023-05-03T09:59:59.971+0000] {dag.py:2726} INFO - Sync 1 DAGs
[2023-05-03T10:00:00.017+0000] {logging_mixin.py:149} INFO - [2023-05-03T10:00:00.017+0000] {dag.py:3490} INFO - Setting next_dagrun for example_skip_dag to 2023-05-02T10:00:00.017059+00:00, run_after=2023-05-03T10:00:00.017059+00:00
[2023-05-03T10:00:00.049+0000] {processor.py:178} INFO - Processing /home/airflow/.local/lib/python3.7/site-packages/airflow/example_dags/example_skip_dag.py took 0.177 seconds
[2023-05-03T10:00:30.166+0000] {processor.py:156} INFO - Started process (PID=5704) to work on /home/airflow/.local/lib/python3.7/site-packages/airflow/example_dags/example_skip_dag.py
[2023-05-03T10:00:30.168+0000] {processor.py:799} INFO - Processing file /home/airflow/.local/lib/python3.7/site-packages/airflow/example_dags/example_skip_dag.py for tasks to queue
[2023-05-03T10:00:30.170+0000] {logging_mixin.py:149} INFO - [2023-05-03T10:00:30.169+0000] {dagbag.py:541} INFO - Filling up the DagBag from /home/airflow/.local/lib/python3.7/site-packages/airflow/example_dags/example_skip_dag.py
[2023-05-03T10:00:30.186+0000] {processor.py:809} INFO - DAG(s) dict_keys(['example_skip_dag']) retrieved from /home/airflow/.local/lib/python3.7/site-packages/airflow/example_dags/example_skip_dag.py
[2023-05-03T10:00:30.255+0000] {logging_mixin.py:149} INFO - [2023-05-03T10:00:30.255+0000] {dag.py:2726} INFO - Sync 1 DAGs
[2023-05-03T10:00:30.299+0000] {logging_mixin.py:149} INFO - [2023-05-03T10:00:30.298+0000] {dag.py:3490} INFO - Setting next_dagrun for example_skip_dag to 2023-05-02T10:00:30.298426+00:00, run_after=2023-05-03T10:00:30.298426+00:00
[2023-05-03T10:00:30.332+0000] {processor.py:178} INFO - Processing /home/airflow/.local/lib/python3.7/site-packages/airflow/example_dags/example_skip_dag.py took 0.171 seconds
[2023-05-03T10:01:01.157+0000] {processor.py:156} INFO - Started process (PID=5940) to work on /home/airflow/.local/lib/python3.7/site-packages/airflow/example_dags/example_skip_dag.py
[2023-05-03T10:01:01.159+0000] {processor.py:799} INFO - Processing file /home/airflow/.local/lib/python3.7/site-packages/airflow/example_dags/example_skip_dag.py for tasks to queue
[2023-05-03T10:01:01.160+0000] {logging_mixin.py:149} INFO - [2023-05-03T10:01:01.160+0000] {dagbag.py:541} INFO - Filling up the DagBag from /home/airflow/.local/lib/python3.7/site-packages/airflow/example_dags/example_skip_dag.py
[2023-05-03T10:01:01.178+0000] {processor.py:809} INFO - DAG(s) dict_keys(['example_skip_dag']) retrieved from /home/airflow/.local/lib/python3.7/site-packages/airflow/example_dags/example_skip_dag.py
[2023-05-03T10:01:01.268+0000] {logging_mixin.py:149} INFO - [2023-05-03T10:01:01.267+0000] {dag.py:2726} INFO - Sync 1 DAGs
[2023-05-03T10:01:01.313+0000] {logging_mixin.py:149} INFO - [2023-05-03T10:01:01.313+0000] {dag.py:3490} INFO - Setting next_dagrun for example_skip_dag to 2023-05-02T10:01:01.312854+00:00, run_after=2023-05-03T10:01:01.312854+00:00
[2023-05-03T10:01:01.344+0000] {processor.py:178} INFO - Processing /home/airflow/.local/lib/python3.7/site-packages/airflow/example_dags/example_skip_dag.py took 0.194 seconds
[2023-05-03T10:01:32.137+0000] {processor.py:156} INFO - Started process (PID=6176) to work on /home/airflow/.local/lib/python3.7/site-packages/airflow/example_dags/example_skip_dag.py
[2023-05-03T10:01:32.139+0000] {processor.py:799} INFO - Processing file /home/airflow/.local/lib/python3.7/site-packages/airflow/example_dags/example_skip_dag.py for tasks to queue
[2023-05-03T10:01:32.140+0000] {logging_mixin.py:149} INFO - [2023-05-03T10:01:32.140+0000] {dagbag.py:541} INFO - Filling up the DagBag from /home/airflow/.local/lib/python3.7/site-packages/airflow/example_dags/example_skip_dag.py
[2023-05-03T10:01:32.158+0000] {processor.py:809} INFO - DAG(s) dict_keys(['example_skip_dag']) retrieved from /home/airflow/.local/lib/python3.7/site-packages/airflow/example_dags/example_skip_dag.py
[2023-05-03T10:01:32.229+0000] {logging_mixin.py:149} INFO - [2023-05-03T10:01:32.229+0000] {dag.py:2726} INFO - Sync 1 DAGs
[2023-05-03T10:01:32.269+0000] {logging_mixin.py:149} INFO - [2023-05-03T10:01:32.269+0000] {dag.py:3490} INFO - Setting next_dagrun for example_skip_dag to 2023-05-02T10:01:32.268962+00:00, run_after=2023-05-03T10:01:32.268962+00:00
[2023-05-03T10:01:32.302+0000] {processor.py:178} INFO - Processing /home/airflow/.local/lib/python3.7/site-packages/airflow/example_dags/example_skip_dag.py took 0.171 seconds
[2023-05-03T10:45:34.129+0000] {processor.py:156} INFO - Started process (PID=6413) to work on /home/airflow/.local/lib/python3.7/site-packages/airflow/example_dags/example_skip_dag.py
[2023-05-03T10:45:34.140+0000] {processor.py:799} INFO - Processing file /home/airflow/.local/lib/python3.7/site-packages/airflow/example_dags/example_skip_dag.py for tasks to queue
[2023-05-03T10:45:34.149+0000] {logging_mixin.py:149} INFO - [2023-05-03T10:45:34.148+0000] {dagbag.py:541} INFO - Filling up the DagBag from /home/airflow/.local/lib/python3.7/site-packages/airflow/example_dags/example_skip_dag.py
[2023-05-03T10:45:34.173+0000] {processor.py:809} INFO - DAG(s) dict_keys(['example_skip_dag']) retrieved from /home/airflow/.local/lib/python3.7/site-packages/airflow/example_dags/example_skip_dag.py
[2023-05-03T10:45:34.275+0000] {logging_mixin.py:149} INFO - [2023-05-03T10:45:34.275+0000] {dag.py:2726} INFO - Sync 1 DAGs
[2023-05-03T10:45:34.378+0000] {logging_mixin.py:149} INFO - [2023-05-03T10:45:34.378+0000] {dag.py:3490} INFO - Setting next_dagrun for example_skip_dag to 2023-05-02T10:45:34.377644+00:00, run_after=2023-05-03T10:45:34.377644+00:00
[2023-05-03T10:45:34.517+0000] {processor.py:178} INFO - Processing /home/airflow/.local/lib/python3.7/site-packages/airflow/example_dags/example_skip_dag.py took 0.393 seconds
[2023-05-03T10:46:17.948+0000] {processor.py:156} INFO - Started process (PID=6672) to work on /home/airflow/.local/lib/python3.7/site-packages/airflow/example_dags/example_skip_dag.py
[2023-05-03T10:46:17.958+0000] {processor.py:799} INFO - Processing file /home/airflow/.local/lib/python3.7/site-packages/airflow/example_dags/example_skip_dag.py for tasks to queue
[2023-05-03T10:46:17.960+0000] {logging_mixin.py:149} INFO - [2023-05-03T10:46:17.960+0000] {dagbag.py:541} INFO - Filling up the DagBag from /home/airflow/.local/lib/python3.7/site-packages/airflow/example_dags/example_skip_dag.py
[2023-05-03T10:46:17.979+0000] {processor.py:809} INFO - DAG(s) dict_keys(['example_skip_dag']) retrieved from /home/airflow/.local/lib/python3.7/site-packages/airflow/example_dags/example_skip_dag.py
[2023-05-03T10:46:18.051+0000] {logging_mixin.py:149} INFO - [2023-05-03T10:46:18.050+0000] {dag.py:2726} INFO - Sync 1 DAGs
[2023-05-03T10:46:18.128+0000] {logging_mixin.py:149} INFO - [2023-05-03T10:46:18.128+0000] {dag.py:3490} INFO - Setting next_dagrun for example_skip_dag to 2023-05-02T10:46:18.128249+00:00, run_after=2023-05-03T10:46:18.128249+00:00
[2023-05-03T10:46:18.202+0000] {processor.py:178} INFO - Processing /home/airflow/.local/lib/python3.7/site-packages/airflow/example_dags/example_skip_dag.py took 0.258 seconds
[2023-05-03T10:47:49.377+0000] {processor.py:156} INFO - Started process (PID=6861) to work on /home/airflow/.local/lib/python3.7/site-packages/airflow/example_dags/example_skip_dag.py
[2023-05-03T10:47:49.396+0000] {processor.py:799} INFO - Processing file /home/airflow/.local/lib/python3.7/site-packages/airflow/example_dags/example_skip_dag.py for tasks to queue
[2023-05-03T10:47:49.410+0000] {logging_mixin.py:149} INFO - [2023-05-03T10:47:49.408+0000] {dagbag.py:541} INFO - Filling up the DagBag from /home/airflow/.local/lib/python3.7/site-packages/airflow/example_dags/example_skip_dag.py
[2023-05-03T10:47:49.492+0000] {processor.py:809} INFO - DAG(s) dict_keys(['example_skip_dag']) retrieved from /home/airflow/.local/lib/python3.7/site-packages/airflow/example_dags/example_skip_dag.py
[2023-05-03T10:47:49.945+0000] {logging_mixin.py:149} INFO - [2023-05-03T10:47:49.941+0000] {dag.py:2726} INFO - Sync 1 DAGs
[2023-05-03T10:47:50.075+0000] {logging_mixin.py:149} INFO - [2023-05-03T10:47:50.074+0000] {dag.py:3490} INFO - Setting next_dagrun for example_skip_dag to 2023-05-02T10:47:50.062681+00:00, run_after=2023-05-03T10:47:50.062681+00:00
[2023-05-03T10:47:50.188+0000] {processor.py:178} INFO - Processing /home/airflow/.local/lib/python3.7/site-packages/airflow/example_dags/example_skip_dag.py took 0.826 seconds
[2023-05-03T10:48:20.837+0000] {processor.py:156} INFO - Started process (PID=7097) to work on /home/airflow/.local/lib/python3.7/site-packages/airflow/example_dags/example_skip_dag.py
[2023-05-03T10:48:20.839+0000] {processor.py:799} INFO - Processing file /home/airflow/.local/lib/python3.7/site-packages/airflow/example_dags/example_skip_dag.py for tasks to queue
[2023-05-03T10:48:20.842+0000] {logging_mixin.py:149} INFO - [2023-05-03T10:48:20.842+0000] {dagbag.py:541} INFO - Filling up the DagBag from /home/airflow/.local/lib/python3.7/site-packages/airflow/example_dags/example_skip_dag.py
[2023-05-03T10:48:20.869+0000] {processor.py:809} INFO - DAG(s) dict_keys(['example_skip_dag']) retrieved from /home/airflow/.local/lib/python3.7/site-packages/airflow/example_dags/example_skip_dag.py
[2023-05-03T10:48:21.014+0000] {logging_mixin.py:149} INFO - [2023-05-03T10:48:21.014+0000] {dag.py:2726} INFO - Sync 1 DAGs
[2023-05-03T10:48:21.173+0000] {logging_mixin.py:149} INFO - [2023-05-03T10:48:21.173+0000] {dag.py:3490} INFO - Setting next_dagrun for example_skip_dag to 2023-05-02T10:48:21.171876+00:00, run_after=2023-05-03T10:48:21.171876+00:00
[2023-05-03T10:48:21.313+0000] {processor.py:178} INFO - Processing /home/airflow/.local/lib/python3.7/site-packages/airflow/example_dags/example_skip_dag.py took 0.480 seconds
[2023-05-03T10:48:51.759+0000] {processor.py:156} INFO - Started process (PID=7333) to work on /home/airflow/.local/lib/python3.7/site-packages/airflow/example_dags/example_skip_dag.py
[2023-05-03T10:48:51.761+0000] {processor.py:799} INFO - Processing file /home/airflow/.local/lib/python3.7/site-packages/airflow/example_dags/example_skip_dag.py for tasks to queue
[2023-05-03T10:48:51.762+0000] {logging_mixin.py:149} INFO - [2023-05-03T10:48:51.762+0000] {dagbag.py:541} INFO - Filling up the DagBag from /home/airflow/.local/lib/python3.7/site-packages/airflow/example_dags/example_skip_dag.py
[2023-05-03T10:48:51.778+0000] {processor.py:809} INFO - DAG(s) dict_keys(['example_skip_dag']) retrieved from /home/airflow/.local/lib/python3.7/site-packages/airflow/example_dags/example_skip_dag.py
[2023-05-03T10:48:51.866+0000] {logging_mixin.py:149} INFO - [2023-05-03T10:48:51.865+0000] {dag.py:2726} INFO - Sync 1 DAGs
[2023-05-03T10:48:51.940+0000] {logging_mixin.py:149} INFO - [2023-05-03T10:48:51.939+0000] {dag.py:3490} INFO - Setting next_dagrun for example_skip_dag to 2023-05-02T10:48:51.939529+00:00, run_after=2023-05-03T10:48:51.939529+00:00
[2023-05-03T10:48:51.998+0000] {processor.py:178} INFO - Processing /home/airflow/.local/lib/python3.7/site-packages/airflow/example_dags/example_skip_dag.py took 0.247 seconds
[2023-05-03T10:49:23.736+0000] {processor.py:156} INFO - Started process (PID=7571) to work on /home/airflow/.local/lib/python3.7/site-packages/airflow/example_dags/example_skip_dag.py
[2023-05-03T10:49:23.768+0000] {processor.py:799} INFO - Processing file /home/airflow/.local/lib/python3.7/site-packages/airflow/example_dags/example_skip_dag.py for tasks to queue
[2023-05-03T10:49:23.783+0000] {logging_mixin.py:149} INFO - [2023-05-03T10:49:23.781+0000] {dagbag.py:541} INFO - Filling up the DagBag from /home/airflow/.local/lib/python3.7/site-packages/airflow/example_dags/example_skip_dag.py
[2023-05-03T10:49:23.875+0000] {processor.py:809} INFO - DAG(s) dict_keys(['example_skip_dag']) retrieved from /home/airflow/.local/lib/python3.7/site-packages/airflow/example_dags/example_skip_dag.py
[2023-05-03T10:49:24.099+0000] {logging_mixin.py:149} INFO - [2023-05-03T10:49:24.098+0000] {dag.py:2726} INFO - Sync 1 DAGs
[2023-05-03T10:49:24.612+0000] {logging_mixin.py:149} INFO - [2023-05-03T10:49:24.612+0000] {dag.py:3490} INFO - Setting next_dagrun for example_skip_dag to 2023-05-02T10:49:24.610679+00:00, run_after=2023-05-03T10:49:24.610679+00:00
[2023-05-03T10:49:24.821+0000] {processor.py:178} INFO - Processing /home/airflow/.local/lib/python3.7/site-packages/airflow/example_dags/example_skip_dag.py took 1.113 seconds
[2023-05-03T10:50:01.055+0000] {processor.py:156} INFO - Started process (PID=7807) to work on /home/airflow/.local/lib/python3.7/site-packages/airflow/example_dags/example_skip_dag.py
[2023-05-03T10:50:01.063+0000] {processor.py:799} INFO - Processing file /home/airflow/.local/lib/python3.7/site-packages/airflow/example_dags/example_skip_dag.py for tasks to queue
[2023-05-03T10:50:01.066+0000] {logging_mixin.py:149} INFO - [2023-05-03T10:50:01.066+0000] {dagbag.py:541} INFO - Filling up the DagBag from /home/airflow/.local/lib/python3.7/site-packages/airflow/example_dags/example_skip_dag.py
[2023-05-03T10:50:01.089+0000] {processor.py:809} INFO - DAG(s) dict_keys(['example_skip_dag']) retrieved from /home/airflow/.local/lib/python3.7/site-packages/airflow/example_dags/example_skip_dag.py
[2023-05-03T10:50:01.166+0000] {logging_mixin.py:149} INFO - [2023-05-03T10:50:01.165+0000] {dag.py:2726} INFO - Sync 1 DAGs
[2023-05-03T10:50:01.264+0000] {logging_mixin.py:149} INFO - [2023-05-03T10:50:01.264+0000] {dag.py:3490} INFO - Setting next_dagrun for example_skip_dag to 2023-05-02T10:50:01.264104+00:00, run_after=2023-05-03T10:50:01.264104+00:00
[2023-05-03T10:50:01.360+0000] {processor.py:178} INFO - Processing /home/airflow/.local/lib/python3.7/site-packages/airflow/example_dags/example_skip_dag.py took 0.310 seconds
[2023-05-03T10:50:33.669+0000] {processor.py:156} INFO - Started process (PID=8042) to work on /home/airflow/.local/lib/python3.7/site-packages/airflow/example_dags/example_skip_dag.py
[2023-05-03T10:50:33.671+0000] {processor.py:799} INFO - Processing file /home/airflow/.local/lib/python3.7/site-packages/airflow/example_dags/example_skip_dag.py for tasks to queue
[2023-05-03T10:50:33.682+0000] {logging_mixin.py:149} INFO - [2023-05-03T10:50:33.682+0000] {dagbag.py:541} INFO - Filling up the DagBag from /home/airflow/.local/lib/python3.7/site-packages/airflow/example_dags/example_skip_dag.py
[2023-05-03T10:50:33.708+0000] {processor.py:809} INFO - DAG(s) dict_keys(['example_skip_dag']) retrieved from /home/airflow/.local/lib/python3.7/site-packages/airflow/example_dags/example_skip_dag.py
[2023-05-03T10:50:33.790+0000] {logging_mixin.py:149} INFO - [2023-05-03T10:50:33.789+0000] {dag.py:2726} INFO - Sync 1 DAGs
[2023-05-03T10:50:33.878+0000] {logging_mixin.py:149} INFO - [2023-05-03T10:50:33.878+0000] {dag.py:3490} INFO - Setting next_dagrun for example_skip_dag to 2023-05-02T10:50:33.877634+00:00, run_after=2023-05-03T10:50:33.877634+00:00
[2023-05-03T10:50:33.950+0000] {processor.py:178} INFO - Processing /home/airflow/.local/lib/python3.7/site-packages/airflow/example_dags/example_skip_dag.py took 0.288 seconds
[2023-05-03T10:51:04.423+0000] {processor.py:156} INFO - Started process (PID=8272) to work on /home/airflow/.local/lib/python3.7/site-packages/airflow/example_dags/example_skip_dag.py
[2023-05-03T10:51:04.427+0000] {processor.py:799} INFO - Processing file /home/airflow/.local/lib/python3.7/site-packages/airflow/example_dags/example_skip_dag.py for tasks to queue
[2023-05-03T10:51:04.434+0000] {logging_mixin.py:149} INFO - [2023-05-03T10:51:04.433+0000] {dagbag.py:541} INFO - Filling up the DagBag from /home/airflow/.local/lib/python3.7/site-packages/airflow/example_dags/example_skip_dag.py
[2023-05-03T10:51:04.455+0000] {processor.py:809} INFO - DAG(s) dict_keys(['example_skip_dag']) retrieved from /home/airflow/.local/lib/python3.7/site-packages/airflow/example_dags/example_skip_dag.py
[2023-05-03T10:51:04.572+0000] {logging_mixin.py:149} INFO - [2023-05-03T10:51:04.571+0000] {dag.py:2726} INFO - Sync 1 DAGs
[2023-05-03T10:51:04.699+0000] {logging_mixin.py:149} INFO - [2023-05-03T10:51:04.699+0000] {dag.py:3490} INFO - Setting next_dagrun for example_skip_dag to 2023-05-02T10:51:04.698298+00:00, run_after=2023-05-03T10:51:04.698298+00:00
[2023-05-03T10:51:04.799+0000] {processor.py:178} INFO - Processing /home/airflow/.local/lib/python3.7/site-packages/airflow/example_dags/example_skip_dag.py took 0.380 seconds
[2023-05-03T10:51:35.268+0000] {processor.py:156} INFO - Started process (PID=8503) to work on /home/airflow/.local/lib/python3.7/site-packages/airflow/example_dags/example_skip_dag.py
[2023-05-03T10:51:35.271+0000] {processor.py:799} INFO - Processing file /home/airflow/.local/lib/python3.7/site-packages/airflow/example_dags/example_skip_dag.py for tasks to queue
[2023-05-03T10:51:35.275+0000] {logging_mixin.py:149} INFO - [2023-05-03T10:51:35.275+0000] {dagbag.py:541} INFO - Filling up the DagBag from /home/airflow/.local/lib/python3.7/site-packages/airflow/example_dags/example_skip_dag.py
[2023-05-03T10:51:35.294+0000] {processor.py:809} INFO - DAG(s) dict_keys(['example_skip_dag']) retrieved from /home/airflow/.local/lib/python3.7/site-packages/airflow/example_dags/example_skip_dag.py
[2023-05-03T10:51:35.352+0000] {logging_mixin.py:149} INFO - [2023-05-03T10:51:35.352+0000] {dag.py:2726} INFO - Sync 1 DAGs
[2023-05-03T10:51:35.428+0000] {logging_mixin.py:149} INFO - [2023-05-03T10:51:35.428+0000] {dag.py:3490} INFO - Setting next_dagrun for example_skip_dag to 2023-05-02T10:51:35.427946+00:00, run_after=2023-05-03T10:51:35.427946+00:00
[2023-05-03T10:51:35.487+0000] {processor.py:178} INFO - Processing /home/airflow/.local/lib/python3.7/site-packages/airflow/example_dags/example_skip_dag.py took 0.227 seconds
[2023-05-03T10:52:06.748+0000] {processor.py:156} INFO - Started process (PID=8739) to work on /home/airflow/.local/lib/python3.7/site-packages/airflow/example_dags/example_skip_dag.py
[2023-05-03T10:52:06.750+0000] {processor.py:799} INFO - Processing file /home/airflow/.local/lib/python3.7/site-packages/airflow/example_dags/example_skip_dag.py for tasks to queue
[2023-05-03T10:52:06.751+0000] {logging_mixin.py:149} INFO - [2023-05-03T10:52:06.751+0000] {dagbag.py:541} INFO - Filling up the DagBag from /home/airflow/.local/lib/python3.7/site-packages/airflow/example_dags/example_skip_dag.py
[2023-05-03T10:52:06.787+0000] {processor.py:809} INFO - DAG(s) dict_keys(['example_skip_dag']) retrieved from /home/airflow/.local/lib/python3.7/site-packages/airflow/example_dags/example_skip_dag.py
[2023-05-03T10:52:06.880+0000] {logging_mixin.py:149} INFO - [2023-05-03T10:52:06.879+0000] {dag.py:2726} INFO - Sync 1 DAGs
[2023-05-03T10:52:06.979+0000] {logging_mixin.py:149} INFO - [2023-05-03T10:52:06.979+0000] {dag.py:3490} INFO - Setting next_dagrun for example_skip_dag to 2023-05-02T10:52:06.978894+00:00, run_after=2023-05-03T10:52:06.978894+00:00
[2023-05-03T10:52:07.048+0000] {processor.py:178} INFO - Processing /home/airflow/.local/lib/python3.7/site-packages/airflow/example_dags/example_skip_dag.py took 0.305 seconds
[2023-05-03T10:52:37.931+0000] {processor.py:156} INFO - Started process (PID=8966) to work on /home/airflow/.local/lib/python3.7/site-packages/airflow/example_dags/example_skip_dag.py
[2023-05-03T10:52:37.934+0000] {processor.py:799} INFO - Processing file /home/airflow/.local/lib/python3.7/site-packages/airflow/example_dags/example_skip_dag.py for tasks to queue
[2023-05-03T10:52:37.947+0000] {logging_mixin.py:149} INFO - [2023-05-03T10:52:37.947+0000] {dagbag.py:541} INFO - Filling up the DagBag from /home/airflow/.local/lib/python3.7/site-packages/airflow/example_dags/example_skip_dag.py
[2023-05-03T10:52:37.969+0000] {processor.py:809} INFO - DAG(s) dict_keys(['example_skip_dag']) retrieved from /home/airflow/.local/lib/python3.7/site-packages/airflow/example_dags/example_skip_dag.py
[2023-05-03T10:52:38.025+0000] {logging_mixin.py:149} INFO - [2023-05-03T10:52:38.024+0000] {dag.py:2726} INFO - Sync 1 DAGs
[2023-05-03T10:52:38.107+0000] {logging_mixin.py:149} INFO - [2023-05-03T10:52:38.106+0000] {dag.py:3490} INFO - Setting next_dagrun for example_skip_dag to 2023-05-02T10:52:38.106273+00:00, run_after=2023-05-03T10:52:38.106273+00:00
[2023-05-03T10:52:38.185+0000] {processor.py:178} INFO - Processing /home/airflow/.local/lib/python3.7/site-packages/airflow/example_dags/example_skip_dag.py took 0.266 seconds
[2023-05-03T10:53:10.500+0000] {processor.py:156} INFO - Started process (PID=9202) to work on /home/airflow/.local/lib/python3.7/site-packages/airflow/example_dags/example_skip_dag.py
[2023-05-03T10:53:10.502+0000] {processor.py:799} INFO - Processing file /home/airflow/.local/lib/python3.7/site-packages/airflow/example_dags/example_skip_dag.py for tasks to queue
[2023-05-03T10:53:10.505+0000] {logging_mixin.py:149} INFO - [2023-05-03T10:53:10.504+0000] {dagbag.py:541} INFO - Filling up the DagBag from /home/airflow/.local/lib/python3.7/site-packages/airflow/example_dags/example_skip_dag.py
[2023-05-03T10:53:10.535+0000] {processor.py:809} INFO - DAG(s) dict_keys(['example_skip_dag']) retrieved from /home/airflow/.local/lib/python3.7/site-packages/airflow/example_dags/example_skip_dag.py
[2023-05-03T10:53:10.683+0000] {logging_mixin.py:149} INFO - [2023-05-03T10:53:10.674+0000] {dag.py:2726} INFO - Sync 1 DAGs
[2023-05-03T10:53:10.842+0000] {logging_mixin.py:149} INFO - [2023-05-03T10:53:10.840+0000] {dag.py:3490} INFO - Setting next_dagrun for example_skip_dag to 2023-05-02T10:53:10.839894+00:00, run_after=2023-05-03T10:53:10.839894+00:00
[2023-05-03T10:53:10.915+0000] {processor.py:178} INFO - Processing /home/airflow/.local/lib/python3.7/site-packages/airflow/example_dags/example_skip_dag.py took 0.423 seconds
[2023-05-03T10:53:42.754+0000] {processor.py:156} INFO - Started process (PID=9438) to work on /home/airflow/.local/lib/python3.7/site-packages/airflow/example_dags/example_skip_dag.py
[2023-05-03T10:53:42.786+0000] {processor.py:799} INFO - Processing file /home/airflow/.local/lib/python3.7/site-packages/airflow/example_dags/example_skip_dag.py for tasks to queue
[2023-05-03T10:53:42.791+0000] {logging_mixin.py:149} INFO - [2023-05-03T10:53:42.790+0000] {dagbag.py:541} INFO - Filling up the DagBag from /home/airflow/.local/lib/python3.7/site-packages/airflow/example_dags/example_skip_dag.py
[2023-05-03T10:53:42.835+0000] {processor.py:809} INFO - DAG(s) dict_keys(['example_skip_dag']) retrieved from /home/airflow/.local/lib/python3.7/site-packages/airflow/example_dags/example_skip_dag.py
[2023-05-03T10:53:42.925+0000] {logging_mixin.py:149} INFO - [2023-05-03T10:53:42.925+0000] {dag.py:2726} INFO - Sync 1 DAGs
[2023-05-03T10:53:43.022+0000] {logging_mixin.py:149} INFO - [2023-05-03T10:53:43.022+0000] {dag.py:3490} INFO - Setting next_dagrun for example_skip_dag to 2023-05-02T10:53:43.021963+00:00, run_after=2023-05-03T10:53:43.021963+00:00
[2023-05-03T10:53:43.129+0000] {processor.py:178} INFO - Processing /home/airflow/.local/lib/python3.7/site-packages/airflow/example_dags/example_skip_dag.py took 0.387 seconds
[2023-05-03T10:54:13.485+0000] {processor.py:156} INFO - Started process (PID=9676) to work on /home/airflow/.local/lib/python3.7/site-packages/airflow/example_dags/example_skip_dag.py
[2023-05-03T10:54:13.488+0000] {processor.py:799} INFO - Processing file /home/airflow/.local/lib/python3.7/site-packages/airflow/example_dags/example_skip_dag.py for tasks to queue
[2023-05-03T10:54:13.496+0000] {logging_mixin.py:149} INFO - [2023-05-03T10:54:13.494+0000] {dagbag.py:541} INFO - Filling up the DagBag from /home/airflow/.local/lib/python3.7/site-packages/airflow/example_dags/example_skip_dag.py
[2023-05-03T10:54:13.519+0000] {processor.py:809} INFO - DAG(s) dict_keys(['example_skip_dag']) retrieved from /home/airflow/.local/lib/python3.7/site-packages/airflow/example_dags/example_skip_dag.py
[2023-05-03T10:54:13.670+0000] {logging_mixin.py:149} INFO - [2023-05-03T10:54:13.669+0000] {dag.py:2726} INFO - Sync 1 DAGs
[2023-05-03T10:54:13.763+0000] {logging_mixin.py:149} INFO - [2023-05-03T10:54:13.762+0000] {dag.py:3490} INFO - Setting next_dagrun for example_skip_dag to 2023-05-02T10:54:13.761150+00:00, run_after=2023-05-03T10:54:13.761150+00:00
[2023-05-03T10:54:13.841+0000] {processor.py:178} INFO - Processing /home/airflow/.local/lib/python3.7/site-packages/airflow/example_dags/example_skip_dag.py took 0.363 seconds
[2023-05-03T10:54:53.681+0000] {processor.py:156} INFO - Started process (PID=9908) to work on /home/airflow/.local/lib/python3.7/site-packages/airflow/example_dags/example_skip_dag.py
[2023-05-03T10:54:53.693+0000] {processor.py:799} INFO - Processing file /home/airflow/.local/lib/python3.7/site-packages/airflow/example_dags/example_skip_dag.py for tasks to queue
[2023-05-03T10:54:53.699+0000] {logging_mixin.py:149} INFO - [2023-05-03T10:54:53.699+0000] {dagbag.py:541} INFO - Filling up the DagBag from /home/airflow/.local/lib/python3.7/site-packages/airflow/example_dags/example_skip_dag.py
[2023-05-03T10:54:53.723+0000] {processor.py:809} INFO - DAG(s) dict_keys(['example_skip_dag']) retrieved from /home/airflow/.local/lib/python3.7/site-packages/airflow/example_dags/example_skip_dag.py
[2023-05-03T10:54:53.811+0000] {logging_mixin.py:149} INFO - [2023-05-03T10:54:53.811+0000] {dag.py:2726} INFO - Sync 1 DAGs
[2023-05-03T10:54:53.895+0000] {logging_mixin.py:149} INFO - [2023-05-03T10:54:53.894+0000] {dag.py:3490} INFO - Setting next_dagrun for example_skip_dag to 2023-05-02T10:54:53.894551+00:00, run_after=2023-05-03T10:54:53.894551+00:00
[2023-05-03T10:54:53.993+0000] {processor.py:178} INFO - Processing /home/airflow/.local/lib/python3.7/site-packages/airflow/example_dags/example_skip_dag.py took 0.318 seconds
