[2023-05-03T09:31:27.846+0000] {processor.py:156} INFO - Started process (PID=336) to work on /home/airflow/.local/lib/python3.7/site-packages/airflow/example_dags/example_latest_only_with_trigger.py
[2023-05-03T09:31:27.848+0000] {processor.py:799} INFO - Processing file /home/airflow/.local/lib/python3.7/site-packages/airflow/example_dags/example_latest_only_with_trigger.py for tasks to queue
[2023-05-03T09:31:27.849+0000] {logging_mixin.py:149} INFO - [2023-05-03T09:31:27.849+0000] {dagbag.py:541} INFO - Filling up the DagBag from /home/airflow/.local/lib/python3.7/site-packages/airflow/example_dags/example_latest_only_with_trigger.py
[2023-05-03T09:31:27.880+0000] {processor.py:809} INFO - DAG(s) dict_keys(['latest_only_with_trigger']) retrieved from /home/airflow/.local/lib/python3.7/site-packages/airflow/example_dags/example_latest_only_with_trigger.py
[2023-05-03T09:31:27.997+0000] {logging_mixin.py:149} INFO - [2023-05-03T09:31:27.996+0000] {dag.py:2726} INFO - Sync 1 DAGs
[2023-05-03T09:31:28.073+0000] {logging_mixin.py:149} INFO - [2023-05-03T09:31:28.073+0000] {dag.py:3490} INFO - Setting next_dagrun for latest_only_with_trigger to 2023-05-03T05:31:28.072547+00:00, run_after=2023-05-03T09:31:28.072547+00:00
[2023-05-03T09:31:28.137+0000] {processor.py:178} INFO - Processing /home/airflow/.local/lib/python3.7/site-packages/airflow/example_dags/example_latest_only_with_trigger.py took 0.302 seconds
[2023-05-03T09:32:14.732+0000] {processor.py:156} INFO - Started process (PID=572) to work on /home/airflow/.local/lib/python3.7/site-packages/airflow/example_dags/example_latest_only_with_trigger.py
[2023-05-03T09:32:14.740+0000] {processor.py:799} INFO - Processing file /home/airflow/.local/lib/python3.7/site-packages/airflow/example_dags/example_latest_only_with_trigger.py for tasks to queue
[2023-05-03T09:32:14.746+0000] {logging_mixin.py:149} INFO - [2023-05-03T09:32:14.745+0000] {dagbag.py:541} INFO - Filling up the DagBag from /home/airflow/.local/lib/python3.7/site-packages/airflow/example_dags/example_latest_only_with_trigger.py
[2023-05-03T09:32:14.786+0000] {processor.py:809} INFO - DAG(s) dict_keys(['latest_only_with_trigger']) retrieved from /home/airflow/.local/lib/python3.7/site-packages/airflow/example_dags/example_latest_only_with_trigger.py
[2023-05-03T09:32:16.161+0000] {logging_mixin.py:149} INFO - [2023-05-03T09:32:16.161+0000] {dag.py:2726} INFO - Sync 1 DAGs
[2023-05-03T09:32:16.305+0000] {logging_mixin.py:149} INFO - [2023-05-03T09:32:16.305+0000] {dag.py:3490} INFO - Setting next_dagrun for latest_only_with_trigger to 2023-05-03T05:32:16.304707+00:00, run_after=2023-05-03T09:32:16.304707+00:00
[2023-05-03T09:32:16.493+0000] {processor.py:178} INFO - Processing /home/airflow/.local/lib/python3.7/site-packages/airflow/example_dags/example_latest_only_with_trigger.py took 1.800 seconds
[2023-05-03T09:32:47.110+0000] {processor.py:156} INFO - Started process (PID=810) to work on /home/airflow/.local/lib/python3.7/site-packages/airflow/example_dags/example_latest_only_with_trigger.py
[2023-05-03T09:32:47.112+0000] {processor.py:799} INFO - Processing file /home/airflow/.local/lib/python3.7/site-packages/airflow/example_dags/example_latest_only_with_trigger.py for tasks to queue
[2023-05-03T09:32:47.113+0000] {logging_mixin.py:149} INFO - [2023-05-03T09:32:47.113+0000] {dagbag.py:541} INFO - Filling up the DagBag from /home/airflow/.local/lib/python3.7/site-packages/airflow/example_dags/example_latest_only_with_trigger.py
[2023-05-03T09:32:47.127+0000] {processor.py:809} INFO - DAG(s) dict_keys(['latest_only_with_trigger']) retrieved from /home/airflow/.local/lib/python3.7/site-packages/airflow/example_dags/example_latest_only_with_trigger.py
[2023-05-03T09:32:47.193+0000] {logging_mixin.py:149} INFO - [2023-05-03T09:32:47.192+0000] {dag.py:2726} INFO - Sync 1 DAGs
[2023-05-03T09:32:47.244+0000] {logging_mixin.py:149} INFO - [2023-05-03T09:32:47.244+0000] {dag.py:3490} INFO - Setting next_dagrun for latest_only_with_trigger to 2023-05-03T05:32:47.244257+00:00, run_after=2023-05-03T09:32:47.244257+00:00
[2023-05-03T09:32:47.341+0000] {processor.py:178} INFO - Processing /home/airflow/.local/lib/python3.7/site-packages/airflow/example_dags/example_latest_only_with_trigger.py took 0.236 seconds
[2023-05-03T09:33:33.319+0000] {processor.py:156} INFO - Started process (PID=1035) to work on /home/airflow/.local/lib/python3.7/site-packages/airflow/example_dags/example_latest_only_with_trigger.py
[2023-05-03T09:33:33.320+0000] {processor.py:799} INFO - Processing file /home/airflow/.local/lib/python3.7/site-packages/airflow/example_dags/example_latest_only_with_trigger.py for tasks to queue
[2023-05-03T09:33:33.322+0000] {logging_mixin.py:149} INFO - [2023-05-03T09:33:33.322+0000] {dagbag.py:541} INFO - Filling up the DagBag from /home/airflow/.local/lib/python3.7/site-packages/airflow/example_dags/example_latest_only_with_trigger.py
[2023-05-03T09:33:33.336+0000] {processor.py:809} INFO - DAG(s) dict_keys(['latest_only_with_trigger']) retrieved from /home/airflow/.local/lib/python3.7/site-packages/airflow/example_dags/example_latest_only_with_trigger.py
[2023-05-03T09:33:33.388+0000] {logging_mixin.py:149} INFO - [2023-05-03T09:33:33.387+0000] {dag.py:2726} INFO - Sync 1 DAGs
[2023-05-03T09:33:33.465+0000] {logging_mixin.py:149} INFO - [2023-05-03T09:33:33.465+0000] {dag.py:3490} INFO - Setting next_dagrun for latest_only_with_trigger to 2023-05-03T05:33:33.465270+00:00, run_after=2023-05-03T09:33:33.465270+00:00
[2023-05-03T09:33:33.513+0000] {processor.py:178} INFO - Processing /home/airflow/.local/lib/python3.7/site-packages/airflow/example_dags/example_latest_only_with_trigger.py took 0.198 seconds
[2023-05-03T09:34:08.864+0000] {processor.py:156} INFO - Started process (PID=1310) to work on /home/airflow/.local/lib/python3.7/site-packages/airflow/example_dags/example_latest_only_with_trigger.py
[2023-05-03T09:34:08.868+0000] {processor.py:799} INFO - Processing file /home/airflow/.local/lib/python3.7/site-packages/airflow/example_dags/example_latest_only_with_trigger.py for tasks to queue
[2023-05-03T09:34:08.870+0000] {logging_mixin.py:149} INFO - [2023-05-03T09:34:08.869+0000] {dagbag.py:541} INFO - Filling up the DagBag from /home/airflow/.local/lib/python3.7/site-packages/airflow/example_dags/example_latest_only_with_trigger.py
[2023-05-03T09:34:08.891+0000] {processor.py:809} INFO - DAG(s) dict_keys(['latest_only_with_trigger']) retrieved from /home/airflow/.local/lib/python3.7/site-packages/airflow/example_dags/example_latest_only_with_trigger.py
[2023-05-03T09:34:08.947+0000] {logging_mixin.py:149} INFO - [2023-05-03T09:34:08.947+0000] {dag.py:2726} INFO - Sync 1 DAGs
[2023-05-03T09:34:09.028+0000] {logging_mixin.py:149} INFO - [2023-05-03T09:34:09.028+0000] {dag.py:3490} INFO - Setting next_dagrun for latest_only_with_trigger to 2023-05-03T05:34:09.028076+00:00, run_after=2023-05-03T09:34:09.028076+00:00
[2023-05-03T09:34:09.109+0000] {processor.py:178} INFO - Processing /home/airflow/.local/lib/python3.7/site-packages/airflow/example_dags/example_latest_only_with_trigger.py took 0.258 seconds
[2023-05-03T09:34:40.046+0000] {processor.py:156} INFO - Started process (PID=1551) to work on /home/airflow/.local/lib/python3.7/site-packages/airflow/example_dags/example_latest_only_with_trigger.py
[2023-05-03T09:34:40.048+0000] {processor.py:799} INFO - Processing file /home/airflow/.local/lib/python3.7/site-packages/airflow/example_dags/example_latest_only_with_trigger.py for tasks to queue
[2023-05-03T09:34:40.050+0000] {logging_mixin.py:149} INFO - [2023-05-03T09:34:40.050+0000] {dagbag.py:541} INFO - Filling up the DagBag from /home/airflow/.local/lib/python3.7/site-packages/airflow/example_dags/example_latest_only_with_trigger.py
[2023-05-03T09:34:40.064+0000] {processor.py:809} INFO - DAG(s) dict_keys(['latest_only_with_trigger']) retrieved from /home/airflow/.local/lib/python3.7/site-packages/airflow/example_dags/example_latest_only_with_trigger.py
[2023-05-03T09:34:40.127+0000] {logging_mixin.py:149} INFO - [2023-05-03T09:34:40.126+0000] {dag.py:2726} INFO - Sync 1 DAGs
[2023-05-03T09:34:40.212+0000] {logging_mixin.py:149} INFO - [2023-05-03T09:34:40.212+0000] {dag.py:3490} INFO - Setting next_dagrun for latest_only_with_trigger to 2023-05-03T05:34:40.212205+00:00, run_after=2023-05-03T09:34:40.212205+00:00
[2023-05-03T09:34:40.248+0000] {processor.py:178} INFO - Processing /home/airflow/.local/lib/python3.7/site-packages/airflow/example_dags/example_latest_only_with_trigger.py took 0.181 seconds
[2023-05-03T09:35:10.734+0000] {processor.py:156} INFO - Started process (PID=1787) to work on /home/airflow/.local/lib/python3.7/site-packages/airflow/example_dags/example_latest_only_with_trigger.py
[2023-05-03T09:35:10.757+0000] {processor.py:799} INFO - Processing file /home/airflow/.local/lib/python3.7/site-packages/airflow/example_dags/example_latest_only_with_trigger.py for tasks to queue
[2023-05-03T09:35:10.759+0000] {logging_mixin.py:149} INFO - [2023-05-03T09:35:10.758+0000] {dagbag.py:541} INFO - Filling up the DagBag from /home/airflow/.local/lib/python3.7/site-packages/airflow/example_dags/example_latest_only_with_trigger.py
[2023-05-03T09:35:10.770+0000] {processor.py:809} INFO - DAG(s) dict_keys(['latest_only_with_trigger']) retrieved from /home/airflow/.local/lib/python3.7/site-packages/airflow/example_dags/example_latest_only_with_trigger.py
[2023-05-03T09:35:10.822+0000] {logging_mixin.py:149} INFO - [2023-05-03T09:35:10.822+0000] {dag.py:2726} INFO - Sync 1 DAGs
[2023-05-03T09:35:10.882+0000] {logging_mixin.py:149} INFO - [2023-05-03T09:35:10.882+0000] {dag.py:3490} INFO - Setting next_dagrun for latest_only_with_trigger to 2023-05-03T05:35:10.882199+00:00, run_after=2023-05-03T09:35:10.882199+00:00
[2023-05-03T09:35:10.955+0000] {processor.py:178} INFO - Processing /home/airflow/.local/lib/python3.7/site-packages/airflow/example_dags/example_latest_only_with_trigger.py took 0.228 seconds
[2023-05-03T09:35:51.596+0000] {processor.py:156} INFO - Started process (PID=2023) to work on /home/airflow/.local/lib/python3.7/site-packages/airflow/example_dags/example_latest_only_with_trigger.py
[2023-05-03T09:35:51.605+0000] {processor.py:799} INFO - Processing file /home/airflow/.local/lib/python3.7/site-packages/airflow/example_dags/example_latest_only_with_trigger.py for tasks to queue
[2023-05-03T09:35:51.607+0000] {logging_mixin.py:149} INFO - [2023-05-03T09:35:51.607+0000] {dagbag.py:541} INFO - Filling up the DagBag from /home/airflow/.local/lib/python3.7/site-packages/airflow/example_dags/example_latest_only_with_trigger.py
[2023-05-03T09:35:51.623+0000] {processor.py:809} INFO - DAG(s) dict_keys(['latest_only_with_trigger']) retrieved from /home/airflow/.local/lib/python3.7/site-packages/airflow/example_dags/example_latest_only_with_trigger.py
[2023-05-03T09:35:51.731+0000] {logging_mixin.py:149} INFO - [2023-05-03T09:35:51.731+0000] {dag.py:2726} INFO - Sync 1 DAGs
[2023-05-03T09:35:51.826+0000] {logging_mixin.py:149} INFO - [2023-05-03T09:35:51.826+0000] {dag.py:3490} INFO - Setting next_dagrun for latest_only_with_trigger to 2023-05-03T05:35:51.825860+00:00, run_after=2023-05-03T09:35:51.825860+00:00
[2023-05-03T09:35:51.914+0000] {processor.py:178} INFO - Processing /home/airflow/.local/lib/python3.7/site-packages/airflow/example_dags/example_latest_only_with_trigger.py took 0.322 seconds
[2023-05-03T09:36:23.441+0000] {processor.py:156} INFO - Started process (PID=2266) to work on /home/airflow/.local/lib/python3.7/site-packages/airflow/example_dags/example_latest_only_with_trigger.py
[2023-05-03T09:36:23.444+0000] {processor.py:799} INFO - Processing file /home/airflow/.local/lib/python3.7/site-packages/airflow/example_dags/example_latest_only_with_trigger.py for tasks to queue
[2023-05-03T09:36:23.446+0000] {logging_mixin.py:149} INFO - [2023-05-03T09:36:23.446+0000] {dagbag.py:541} INFO - Filling up the DagBag from /home/airflow/.local/lib/python3.7/site-packages/airflow/example_dags/example_latest_only_with_trigger.py
[2023-05-03T09:36:23.461+0000] {processor.py:809} INFO - DAG(s) dict_keys(['latest_only_with_trigger']) retrieved from /home/airflow/.local/lib/python3.7/site-packages/airflow/example_dags/example_latest_only_with_trigger.py
[2023-05-03T09:36:23.554+0000] {logging_mixin.py:149} INFO - [2023-05-03T09:36:23.554+0000] {dag.py:2726} INFO - Sync 1 DAGs
[2023-05-03T09:36:23.646+0000] {logging_mixin.py:149} INFO - [2023-05-03T09:36:23.646+0000] {dag.py:3490} INFO - Setting next_dagrun for latest_only_with_trigger to 2023-05-03T05:36:23.646087+00:00, run_after=2023-05-03T09:36:23.646087+00:00
[2023-05-03T09:36:23.722+0000] {processor.py:178} INFO - Processing /home/airflow/.local/lib/python3.7/site-packages/airflow/example_dags/example_latest_only_with_trigger.py took 0.286 seconds
[2023-05-03T09:36:54.564+0000] {processor.py:156} INFO - Started process (PID=2504) to work on /home/airflow/.local/lib/python3.7/site-packages/airflow/example_dags/example_latest_only_with_trigger.py
[2023-05-03T09:36:54.567+0000] {processor.py:799} INFO - Processing file /home/airflow/.local/lib/python3.7/site-packages/airflow/example_dags/example_latest_only_with_trigger.py for tasks to queue
[2023-05-03T09:36:54.571+0000] {logging_mixin.py:149} INFO - [2023-05-03T09:36:54.570+0000] {dagbag.py:541} INFO - Filling up the DagBag from /home/airflow/.local/lib/python3.7/site-packages/airflow/example_dags/example_latest_only_with_trigger.py
[2023-05-03T09:36:54.586+0000] {processor.py:809} INFO - DAG(s) dict_keys(['latest_only_with_trigger']) retrieved from /home/airflow/.local/lib/python3.7/site-packages/airflow/example_dags/example_latest_only_with_trigger.py
[2023-05-03T09:36:54.635+0000] {logging_mixin.py:149} INFO - [2023-05-03T09:36:54.634+0000] {dag.py:2726} INFO - Sync 1 DAGs
[2023-05-03T09:36:54.695+0000] {logging_mixin.py:149} INFO - [2023-05-03T09:36:54.695+0000] {dag.py:3490} INFO - Setting next_dagrun for latest_only_with_trigger to 2023-05-03T05:36:54.694931+00:00, run_after=2023-05-03T09:36:54.694931+00:00
[2023-05-03T09:36:54.769+0000] {processor.py:178} INFO - Processing /home/airflow/.local/lib/python3.7/site-packages/airflow/example_dags/example_latest_only_with_trigger.py took 0.214 seconds
[2023-05-03T09:37:26.321+0000] {processor.py:156} INFO - Started process (PID=2738) to work on /home/airflow/.local/lib/python3.7/site-packages/airflow/example_dags/example_latest_only_with_trigger.py
[2023-05-03T09:37:26.324+0000] {processor.py:799} INFO - Processing file /home/airflow/.local/lib/python3.7/site-packages/airflow/example_dags/example_latest_only_with_trigger.py for tasks to queue
[2023-05-03T09:37:26.325+0000] {logging_mixin.py:149} INFO - [2023-05-03T09:37:26.325+0000] {dagbag.py:541} INFO - Filling up the DagBag from /home/airflow/.local/lib/python3.7/site-packages/airflow/example_dags/example_latest_only_with_trigger.py
[2023-05-03T09:37:26.341+0000] {processor.py:809} INFO - DAG(s) dict_keys(['latest_only_with_trigger']) retrieved from /home/airflow/.local/lib/python3.7/site-packages/airflow/example_dags/example_latest_only_with_trigger.py
[2023-05-03T09:37:26.384+0000] {logging_mixin.py:149} INFO - [2023-05-03T09:37:26.384+0000] {dag.py:2726} INFO - Sync 1 DAGs
[2023-05-03T09:37:26.428+0000] {logging_mixin.py:149} INFO - [2023-05-03T09:37:26.428+0000] {dag.py:3490} INFO - Setting next_dagrun for latest_only_with_trigger to 2023-05-03T05:37:26.428075+00:00, run_after=2023-05-03T09:37:26.428075+00:00
[2023-05-03T09:37:26.467+0000] {processor.py:178} INFO - Processing /home/airflow/.local/lib/python3.7/site-packages/airflow/example_dags/example_latest_only_with_trigger.py took 0.152 seconds
[2023-05-03T09:38:00.834+0000] {processor.py:156} INFO - Started process (PID=2984) to work on /home/airflow/.local/lib/python3.7/site-packages/airflow/example_dags/example_latest_only_with_trigger.py
[2023-05-03T09:38:00.835+0000] {processor.py:799} INFO - Processing file /home/airflow/.local/lib/python3.7/site-packages/airflow/example_dags/example_latest_only_with_trigger.py for tasks to queue
[2023-05-03T09:38:00.837+0000] {logging_mixin.py:149} INFO - [2023-05-03T09:38:00.837+0000] {dagbag.py:541} INFO - Filling up the DagBag from /home/airflow/.local/lib/python3.7/site-packages/airflow/example_dags/example_latest_only_with_trigger.py
[2023-05-03T09:38:00.849+0000] {processor.py:809} INFO - DAG(s) dict_keys(['latest_only_with_trigger']) retrieved from /home/airflow/.local/lib/python3.7/site-packages/airflow/example_dags/example_latest_only_with_trigger.py
[2023-05-03T09:38:00.899+0000] {logging_mixin.py:149} INFO - [2023-05-03T09:38:00.899+0000] {dag.py:2726} INFO - Sync 1 DAGs
[2023-05-03T09:38:00.948+0000] {logging_mixin.py:149} INFO - [2023-05-03T09:38:00.947+0000] {dag.py:3490} INFO - Setting next_dagrun for latest_only_with_trigger to 2023-05-03T05:38:00.947586+00:00, run_after=2023-05-03T09:38:00.947586+00:00
[2023-05-03T09:38:00.983+0000] {processor.py:178} INFO - Processing /home/airflow/.local/lib/python3.7/site-packages/airflow/example_dags/example_latest_only_with_trigger.py took 0.154 seconds
[2023-05-03T09:38:35.006+0000] {processor.py:156} INFO - Started process (PID=3220) to work on /home/airflow/.local/lib/python3.7/site-packages/airflow/example_dags/example_latest_only_with_trigger.py
[2023-05-03T09:38:35.008+0000] {processor.py:799} INFO - Processing file /home/airflow/.local/lib/python3.7/site-packages/airflow/example_dags/example_latest_only_with_trigger.py for tasks to queue
[2023-05-03T09:38:35.010+0000] {logging_mixin.py:149} INFO - [2023-05-03T09:38:35.010+0000] {dagbag.py:541} INFO - Filling up the DagBag from /home/airflow/.local/lib/python3.7/site-packages/airflow/example_dags/example_latest_only_with_trigger.py
[2023-05-03T09:38:35.022+0000] {processor.py:809} INFO - DAG(s) dict_keys(['latest_only_with_trigger']) retrieved from /home/airflow/.local/lib/python3.7/site-packages/airflow/example_dags/example_latest_only_with_trigger.py
[2023-05-03T09:38:35.077+0000] {logging_mixin.py:149} INFO - [2023-05-03T09:38:35.076+0000] {dag.py:2726} INFO - Sync 1 DAGs
[2023-05-03T09:38:35.151+0000] {logging_mixin.py:149} INFO - [2023-05-03T09:38:35.150+0000] {dag.py:3490} INFO - Setting next_dagrun for latest_only_with_trigger to 2023-05-03T05:38:35.150402+00:00, run_after=2023-05-03T09:38:35.150402+00:00
[2023-05-03T09:38:35.209+0000] {processor.py:178} INFO - Processing /home/airflow/.local/lib/python3.7/site-packages/airflow/example_dags/example_latest_only_with_trigger.py took 0.208 seconds
[2023-05-03T09:39:06.341+0000] {processor.py:156} INFO - Started process (PID=3456) to work on /home/airflow/.local/lib/python3.7/site-packages/airflow/example_dags/example_latest_only_with_trigger.py
[2023-05-03T09:39:06.344+0000] {processor.py:799} INFO - Processing file /home/airflow/.local/lib/python3.7/site-packages/airflow/example_dags/example_latest_only_with_trigger.py for tasks to queue
[2023-05-03T09:39:06.346+0000] {logging_mixin.py:149} INFO - [2023-05-03T09:39:06.346+0000] {dagbag.py:541} INFO - Filling up the DagBag from /home/airflow/.local/lib/python3.7/site-packages/airflow/example_dags/example_latest_only_with_trigger.py
[2023-05-03T09:39:06.362+0000] {processor.py:809} INFO - DAG(s) dict_keys(['latest_only_with_trigger']) retrieved from /home/airflow/.local/lib/python3.7/site-packages/airflow/example_dags/example_latest_only_with_trigger.py
[2023-05-03T09:39:06.402+0000] {logging_mixin.py:149} INFO - [2023-05-03T09:39:06.401+0000] {dag.py:2726} INFO - Sync 1 DAGs
[2023-05-03T09:39:06.459+0000] {logging_mixin.py:149} INFO - [2023-05-03T09:39:06.458+0000] {dag.py:3490} INFO - Setting next_dagrun for latest_only_with_trigger to 2023-05-03T05:39:06.458492+00:00, run_after=2023-05-03T09:39:06.458492+00:00
[2023-05-03T09:39:06.523+0000] {processor.py:178} INFO - Processing /home/airflow/.local/lib/python3.7/site-packages/airflow/example_dags/example_latest_only_with_trigger.py took 0.187 seconds
[2023-05-03T09:39:38.161+0000] {processor.py:156} INFO - Started process (PID=3693) to work on /home/airflow/.local/lib/python3.7/site-packages/airflow/example_dags/example_latest_only_with_trigger.py
[2023-05-03T09:39:38.163+0000] {processor.py:799} INFO - Processing file /home/airflow/.local/lib/python3.7/site-packages/airflow/example_dags/example_latest_only_with_trigger.py for tasks to queue
[2023-05-03T09:39:38.165+0000] {logging_mixin.py:149} INFO - [2023-05-03T09:39:38.165+0000] {dagbag.py:541} INFO - Filling up the DagBag from /home/airflow/.local/lib/python3.7/site-packages/airflow/example_dags/example_latest_only_with_trigger.py
[2023-05-03T09:39:38.179+0000] {processor.py:809} INFO - DAG(s) dict_keys(['latest_only_with_trigger']) retrieved from /home/airflow/.local/lib/python3.7/site-packages/airflow/example_dags/example_latest_only_with_trigger.py
[2023-05-03T09:39:38.239+0000] {logging_mixin.py:149} INFO - [2023-05-03T09:39:38.239+0000] {dag.py:2726} INFO - Sync 1 DAGs
[2023-05-03T09:39:38.309+0000] {logging_mixin.py:149} INFO - [2023-05-03T09:39:38.309+0000] {dag.py:3490} INFO - Setting next_dagrun for latest_only_with_trigger to 2023-05-03T05:39:38.308756+00:00, run_after=2023-05-03T09:39:38.308756+00:00
[2023-05-03T09:39:38.359+0000] {processor.py:178} INFO - Processing /home/airflow/.local/lib/python3.7/site-packages/airflow/example_dags/example_latest_only_with_trigger.py took 0.203 seconds
[2023-05-03T09:40:09.032+0000] {processor.py:156} INFO - Started process (PID=3934) to work on /home/airflow/.local/lib/python3.7/site-packages/airflow/example_dags/example_latest_only_with_trigger.py
[2023-05-03T09:40:09.034+0000] {processor.py:799} INFO - Processing file /home/airflow/.local/lib/python3.7/site-packages/airflow/example_dags/example_latest_only_with_trigger.py for tasks to queue
[2023-05-03T09:40:09.036+0000] {logging_mixin.py:149} INFO - [2023-05-03T09:40:09.036+0000] {dagbag.py:541} INFO - Filling up the DagBag from /home/airflow/.local/lib/python3.7/site-packages/airflow/example_dags/example_latest_only_with_trigger.py
[2023-05-03T09:40:09.046+0000] {processor.py:809} INFO - DAG(s) dict_keys(['latest_only_with_trigger']) retrieved from /home/airflow/.local/lib/python3.7/site-packages/airflow/example_dags/example_latest_only_with_trigger.py
[2023-05-03T09:40:09.092+0000] {logging_mixin.py:149} INFO - [2023-05-03T09:40:09.091+0000] {dag.py:2726} INFO - Sync 1 DAGs
[2023-05-03T09:40:09.136+0000] {logging_mixin.py:149} INFO - [2023-05-03T09:40:09.135+0000] {dag.py:3490} INFO - Setting next_dagrun for latest_only_with_trigger to 2023-05-03T05:40:09.135467+00:00, run_after=2023-05-03T09:40:09.135467+00:00
[2023-05-03T09:40:09.169+0000] {processor.py:178} INFO - Processing /home/airflow/.local/lib/python3.7/site-packages/airflow/example_dags/example_latest_only_with_trigger.py took 0.142 seconds
[2023-05-03T09:40:40.320+0000] {processor.py:156} INFO - Started process (PID=4180) to work on /home/airflow/.local/lib/python3.7/site-packages/airflow/example_dags/example_latest_only_with_trigger.py
[2023-05-03T09:40:40.323+0000] {processor.py:799} INFO - Processing file /home/airflow/.local/lib/python3.7/site-packages/airflow/example_dags/example_latest_only_with_trigger.py for tasks to queue
[2023-05-03T09:40:40.324+0000] {logging_mixin.py:149} INFO - [2023-05-03T09:40:40.324+0000] {dagbag.py:541} INFO - Filling up the DagBag from /home/airflow/.local/lib/python3.7/site-packages/airflow/example_dags/example_latest_only_with_trigger.py
[2023-05-03T09:40:40.334+0000] {processor.py:809} INFO - DAG(s) dict_keys(['latest_only_with_trigger']) retrieved from /home/airflow/.local/lib/python3.7/site-packages/airflow/example_dags/example_latest_only_with_trigger.py
[2023-05-03T09:40:40.385+0000] {logging_mixin.py:149} INFO - [2023-05-03T09:40:40.385+0000] {dag.py:2726} INFO - Sync 1 DAGs
[2023-05-03T09:40:40.437+0000] {logging_mixin.py:149} INFO - [2023-05-03T09:40:40.437+0000] {dag.py:3490} INFO - Setting next_dagrun for latest_only_with_trigger to 2023-05-03T05:40:40.436964+00:00, run_after=2023-05-03T09:40:40.436964+00:00
[2023-05-03T09:40:40.480+0000] {processor.py:178} INFO - Processing /home/airflow/.local/lib/python3.7/site-packages/airflow/example_dags/example_latest_only_with_trigger.py took 0.164 seconds
[2023-05-03T09:41:10.943+0000] {processor.py:156} INFO - Started process (PID=4416) to work on /home/airflow/.local/lib/python3.7/site-packages/airflow/example_dags/example_latest_only_with_trigger.py
[2023-05-03T09:41:10.945+0000] {processor.py:799} INFO - Processing file /home/airflow/.local/lib/python3.7/site-packages/airflow/example_dags/example_latest_only_with_trigger.py for tasks to queue
[2023-05-03T09:41:10.947+0000] {logging_mixin.py:149} INFO - [2023-05-03T09:41:10.946+0000] {dagbag.py:541} INFO - Filling up the DagBag from /home/airflow/.local/lib/python3.7/site-packages/airflow/example_dags/example_latest_only_with_trigger.py
[2023-05-03T09:41:10.957+0000] {processor.py:809} INFO - DAG(s) dict_keys(['latest_only_with_trigger']) retrieved from /home/airflow/.local/lib/python3.7/site-packages/airflow/example_dags/example_latest_only_with_trigger.py
[2023-05-03T09:41:10.997+0000] {logging_mixin.py:149} INFO - [2023-05-03T09:41:10.997+0000] {dag.py:2726} INFO - Sync 1 DAGs
[2023-05-03T09:41:11.055+0000] {logging_mixin.py:149} INFO - [2023-05-03T09:41:11.054+0000] {dag.py:3490} INFO - Setting next_dagrun for latest_only_with_trigger to 2023-05-03T05:41:11.054491+00:00, run_after=2023-05-03T09:41:11.054491+00:00
[2023-05-03T09:41:11.090+0000] {processor.py:178} INFO - Processing /home/airflow/.local/lib/python3.7/site-packages/airflow/example_dags/example_latest_only_with_trigger.py took 0.154 seconds
[2023-05-03T09:41:43.014+0000] {processor.py:156} INFO - Started process (PID=4652) to work on /home/airflow/.local/lib/python3.7/site-packages/airflow/example_dags/example_latest_only_with_trigger.py
[2023-05-03T09:41:43.030+0000] {processor.py:799} INFO - Processing file /home/airflow/.local/lib/python3.7/site-packages/airflow/example_dags/example_latest_only_with_trigger.py for tasks to queue
[2023-05-03T09:41:43.035+0000] {logging_mixin.py:149} INFO - [2023-05-03T09:41:43.034+0000] {dagbag.py:541} INFO - Filling up the DagBag from /home/airflow/.local/lib/python3.7/site-packages/airflow/example_dags/example_latest_only_with_trigger.py
[2023-05-03T09:41:43.051+0000] {processor.py:809} INFO - DAG(s) dict_keys(['latest_only_with_trigger']) retrieved from /home/airflow/.local/lib/python3.7/site-packages/airflow/example_dags/example_latest_only_with_trigger.py
[2023-05-03T09:41:43.121+0000] {logging_mixin.py:149} INFO - [2023-05-03T09:41:43.121+0000] {dag.py:2726} INFO - Sync 1 DAGs
[2023-05-03T09:41:43.220+0000] {logging_mixin.py:149} INFO - [2023-05-03T09:41:43.220+0000] {dag.py:3490} INFO - Setting next_dagrun for latest_only_with_trigger to 2023-05-03T05:41:43.219582+00:00, run_after=2023-05-03T09:41:43.219582+00:00
[2023-05-03T09:41:43.324+0000] {processor.py:178} INFO - Processing /home/airflow/.local/lib/python3.7/site-packages/airflow/example_dags/example_latest_only_with_trigger.py took 0.316 seconds
[2023-05-03T09:44:55.891+0000] {processor.py:156} INFO - Started process (PID=337) to work on /home/airflow/.local/lib/python3.7/site-packages/airflow/example_dags/example_latest_only_with_trigger.py
[2023-05-03T09:44:55.898+0000] {processor.py:799} INFO - Processing file /home/airflow/.local/lib/python3.7/site-packages/airflow/example_dags/example_latest_only_with_trigger.py for tasks to queue
[2023-05-03T09:44:55.903+0000] {logging_mixin.py:149} INFO - [2023-05-03T09:44:55.902+0000] {dagbag.py:541} INFO - Filling up the DagBag from /home/airflow/.local/lib/python3.7/site-packages/airflow/example_dags/example_latest_only_with_trigger.py
[2023-05-03T09:44:55.969+0000] {processor.py:809} INFO - DAG(s) dict_keys(['latest_only_with_trigger']) retrieved from /home/airflow/.local/lib/python3.7/site-packages/airflow/example_dags/example_latest_only_with_trigger.py
[2023-05-03T09:44:56.063+0000] {logging_mixin.py:149} INFO - [2023-05-03T09:44:56.063+0000] {dag.py:2726} INFO - Sync 1 DAGs
[2023-05-03T09:44:56.245+0000] {logging_mixin.py:149} INFO - [2023-05-03T09:44:56.244+0000] {dag.py:3490} INFO - Setting next_dagrun for latest_only_with_trigger to 2023-05-03T05:44:56.214549+00:00, run_after=2023-05-03T09:44:56.214549+00:00
[2023-05-03T09:44:56.466+0000] {processor.py:178} INFO - Processing /home/airflow/.local/lib/python3.7/site-packages/airflow/example_dags/example_latest_only_with_trigger.py took 0.581 seconds
[2023-05-03T09:46:37.261+0000] {processor.py:156} INFO - Started process (PID=658) to work on /home/airflow/.local/lib/python3.7/site-packages/airflow/example_dags/example_latest_only_with_trigger.py
[2023-05-03T09:46:37.275+0000] {processor.py:799} INFO - Processing file /home/airflow/.local/lib/python3.7/site-packages/airflow/example_dags/example_latest_only_with_trigger.py for tasks to queue
[2023-05-03T09:46:37.277+0000] {logging_mixin.py:149} INFO - [2023-05-03T09:46:37.277+0000] {dagbag.py:541} INFO - Filling up the DagBag from /home/airflow/.local/lib/python3.7/site-packages/airflow/example_dags/example_latest_only_with_trigger.py
[2023-05-03T09:46:37.322+0000] {processor.py:809} INFO - DAG(s) dict_keys(['latest_only_with_trigger']) retrieved from /home/airflow/.local/lib/python3.7/site-packages/airflow/example_dags/example_latest_only_with_trigger.py
[2023-05-03T09:46:37.492+0000] {logging_mixin.py:149} INFO - [2023-05-03T09:46:37.491+0000] {dag.py:2726} INFO - Sync 1 DAGs
[2023-05-03T09:46:37.635+0000] {logging_mixin.py:149} INFO - [2023-05-03T09:46:37.635+0000] {dag.py:3490} INFO - Setting next_dagrun for latest_only_with_trigger to 2023-05-03T05:46:37.635206+00:00, run_after=2023-05-03T09:46:37.635206+00:00
[2023-05-03T09:46:37.768+0000] {processor.py:178} INFO - Processing /home/airflow/.local/lib/python3.7/site-packages/airflow/example_dags/example_latest_only_with_trigger.py took 0.514 seconds
[2023-05-03T09:47:38.620+0000] {processor.py:156} INFO - Started process (PID=900) to work on /home/airflow/.local/lib/python3.7/site-packages/airflow/example_dags/example_latest_only_with_trigger.py
[2023-05-03T09:47:38.623+0000] {processor.py:799} INFO - Processing file /home/airflow/.local/lib/python3.7/site-packages/airflow/example_dags/example_latest_only_with_trigger.py for tasks to queue
[2023-05-03T09:47:38.625+0000] {logging_mixin.py:149} INFO - [2023-05-03T09:47:38.624+0000] {dagbag.py:541} INFO - Filling up the DagBag from /home/airflow/.local/lib/python3.7/site-packages/airflow/example_dags/example_latest_only_with_trigger.py
[2023-05-03T09:47:38.645+0000] {processor.py:809} INFO - DAG(s) dict_keys(['latest_only_with_trigger']) retrieved from /home/airflow/.local/lib/python3.7/site-packages/airflow/example_dags/example_latest_only_with_trigger.py
[2023-05-03T09:47:38.733+0000] {logging_mixin.py:149} INFO - [2023-05-03T09:47:38.731+0000] {dag.py:2726} INFO - Sync 1 DAGs
[2023-05-03T09:47:38.818+0000] {logging_mixin.py:149} INFO - [2023-05-03T09:47:38.817+0000] {dag.py:3490} INFO - Setting next_dagrun for latest_only_with_trigger to 2023-05-03T05:47:38.817611+00:00, run_after=2023-05-03T09:47:38.817611+00:00
[2023-05-03T09:47:38.871+0000] {processor.py:178} INFO - Processing /home/airflow/.local/lib/python3.7/site-packages/airflow/example_dags/example_latest_only_with_trigger.py took 0.266 seconds
[2023-05-03T09:48:31.188+0000] {processor.py:156} INFO - Started process (PID=1136) to work on /home/airflow/.local/lib/python3.7/site-packages/airflow/example_dags/example_latest_only_with_trigger.py
[2023-05-03T09:48:31.197+0000] {processor.py:799} INFO - Processing file /home/airflow/.local/lib/python3.7/site-packages/airflow/example_dags/example_latest_only_with_trigger.py for tasks to queue
[2023-05-03T09:48:31.208+0000] {logging_mixin.py:149} INFO - [2023-05-03T09:48:31.208+0000] {dagbag.py:541} INFO - Filling up the DagBag from /home/airflow/.local/lib/python3.7/site-packages/airflow/example_dags/example_latest_only_with_trigger.py
[2023-05-03T09:48:31.246+0000] {processor.py:809} INFO - DAG(s) dict_keys(['latest_only_with_trigger']) retrieved from /home/airflow/.local/lib/python3.7/site-packages/airflow/example_dags/example_latest_only_with_trigger.py
[2023-05-03T09:48:31.319+0000] {logging_mixin.py:149} INFO - [2023-05-03T09:48:31.319+0000] {dag.py:2726} INFO - Sync 1 DAGs
[2023-05-03T09:48:31.429+0000] {logging_mixin.py:149} INFO - [2023-05-03T09:48:31.429+0000] {dag.py:3490} INFO - Setting next_dagrun for latest_only_with_trigger to 2023-05-03T05:48:31.429263+00:00, run_after=2023-05-03T09:48:31.429263+00:00
[2023-05-03T09:48:31.529+0000] {processor.py:178} INFO - Processing /home/airflow/.local/lib/python3.7/site-packages/airflow/example_dags/example_latest_only_with_trigger.py took 0.352 seconds
[2023-05-03T09:49:11.658+0000] {processor.py:156} INFO - Started process (PID=1372) to work on /home/airflow/.local/lib/python3.7/site-packages/airflow/example_dags/example_latest_only_with_trigger.py
[2023-05-03T09:49:11.671+0000] {processor.py:799} INFO - Processing file /home/airflow/.local/lib/python3.7/site-packages/airflow/example_dags/example_latest_only_with_trigger.py for tasks to queue
[2023-05-03T09:49:11.676+0000] {logging_mixin.py:149} INFO - [2023-05-03T09:49:11.675+0000] {dagbag.py:541} INFO - Filling up the DagBag from /home/airflow/.local/lib/python3.7/site-packages/airflow/example_dags/example_latest_only_with_trigger.py
[2023-05-03T09:49:11.733+0000] {processor.py:809} INFO - DAG(s) dict_keys(['latest_only_with_trigger']) retrieved from /home/airflow/.local/lib/python3.7/site-packages/airflow/example_dags/example_latest_only_with_trigger.py
[2023-05-03T09:49:12.231+0000] {logging_mixin.py:149} INFO - [2023-05-03T09:49:12.230+0000] {dag.py:2726} INFO - Sync 1 DAGs
[2023-05-03T09:49:14.255+0000] {logging_mixin.py:149} INFO - [2023-05-03T09:49:14.255+0000] {dag.py:3490} INFO - Setting next_dagrun for latest_only_with_trigger to 2023-05-03T05:49:14.204480+00:00, run_after=2023-05-03T09:49:14.204480+00:00
[2023-05-03T09:49:14.641+0000] {processor.py:178} INFO - Processing /home/airflow/.local/lib/python3.7/site-packages/airflow/example_dags/example_latest_only_with_trigger.py took 2.994 seconds
[2023-05-03T09:49:50.595+0000] {processor.py:156} INFO - Started process (PID=1601) to work on /home/airflow/.local/lib/python3.7/site-packages/airflow/example_dags/example_latest_only_with_trigger.py
[2023-05-03T09:49:50.598+0000] {processor.py:799} INFO - Processing file /home/airflow/.local/lib/python3.7/site-packages/airflow/example_dags/example_latest_only_with_trigger.py for tasks to queue
[2023-05-03T09:49:50.599+0000] {logging_mixin.py:149} INFO - [2023-05-03T09:49:50.599+0000] {dagbag.py:541} INFO - Filling up the DagBag from /home/airflow/.local/lib/python3.7/site-packages/airflow/example_dags/example_latest_only_with_trigger.py
[2023-05-03T09:49:50.618+0000] {processor.py:809} INFO - DAG(s) dict_keys(['latest_only_with_trigger']) retrieved from /home/airflow/.local/lib/python3.7/site-packages/airflow/example_dags/example_latest_only_with_trigger.py
[2023-05-03T09:49:50.727+0000] {logging_mixin.py:149} INFO - [2023-05-03T09:49:50.727+0000] {dag.py:2726} INFO - Sync 1 DAGs
[2023-05-03T09:49:50.866+0000] {logging_mixin.py:149} INFO - [2023-05-03T09:49:50.865+0000] {dag.py:3490} INFO - Setting next_dagrun for latest_only_with_trigger to 2023-05-03T05:49:50.865427+00:00, run_after=2023-05-03T09:49:50.865427+00:00
[2023-05-03T09:49:50.992+0000] {processor.py:178} INFO - Processing /home/airflow/.local/lib/python3.7/site-packages/airflow/example_dags/example_latest_only_with_trigger.py took 0.408 seconds
[2023-05-03T09:50:23.478+0000] {processor.py:156} INFO - Started process (PID=1841) to work on /home/airflow/.local/lib/python3.7/site-packages/airflow/example_dags/example_latest_only_with_trigger.py
[2023-05-03T09:50:23.480+0000] {processor.py:799} INFO - Processing file /home/airflow/.local/lib/python3.7/site-packages/airflow/example_dags/example_latest_only_with_trigger.py for tasks to queue
[2023-05-03T09:50:23.482+0000] {logging_mixin.py:149} INFO - [2023-05-03T09:50:23.482+0000] {dagbag.py:541} INFO - Filling up the DagBag from /home/airflow/.local/lib/python3.7/site-packages/airflow/example_dags/example_latest_only_with_trigger.py
[2023-05-03T09:50:23.502+0000] {processor.py:809} INFO - DAG(s) dict_keys(['latest_only_with_trigger']) retrieved from /home/airflow/.local/lib/python3.7/site-packages/airflow/example_dags/example_latest_only_with_trigger.py
[2023-05-03T09:50:23.608+0000] {logging_mixin.py:149} INFO - [2023-05-03T09:50:23.605+0000] {dag.py:2726} INFO - Sync 1 DAGs
[2023-05-03T09:50:23.708+0000] {logging_mixin.py:149} INFO - [2023-05-03T09:50:23.708+0000] {dag.py:3490} INFO - Setting next_dagrun for latest_only_with_trigger to 2023-05-03T05:50:23.707626+00:00, run_after=2023-05-03T09:50:23.707626+00:00
[2023-05-03T09:50:24.124+0000] {processor.py:178} INFO - Processing /home/airflow/.local/lib/python3.7/site-packages/airflow/example_dags/example_latest_only_with_trigger.py took 0.655 seconds
[2023-05-03T09:51:19.429+0000] {processor.py:156} INFO - Started process (PID=2080) to work on /home/airflow/.local/lib/python3.7/site-packages/airflow/example_dags/example_latest_only_with_trigger.py
[2023-05-03T09:51:19.446+0000] {processor.py:799} INFO - Processing file /home/airflow/.local/lib/python3.7/site-packages/airflow/example_dags/example_latest_only_with_trigger.py for tasks to queue
[2023-05-03T09:51:19.456+0000] {logging_mixin.py:149} INFO - [2023-05-03T09:51:19.455+0000] {dagbag.py:541} INFO - Filling up the DagBag from /home/airflow/.local/lib/python3.7/site-packages/airflow/example_dags/example_latest_only_with_trigger.py
[2023-05-03T09:51:19.492+0000] {processor.py:809} INFO - DAG(s) dict_keys(['latest_only_with_trigger']) retrieved from /home/airflow/.local/lib/python3.7/site-packages/airflow/example_dags/example_latest_only_with_trigger.py
[2023-05-03T09:51:19.816+0000] {logging_mixin.py:149} INFO - [2023-05-03T09:51:19.816+0000] {dag.py:2726} INFO - Sync 1 DAGs
[2023-05-03T09:51:19.919+0000] {logging_mixin.py:149} INFO - [2023-05-03T09:51:19.919+0000] {dag.py:3490} INFO - Setting next_dagrun for latest_only_with_trigger to 2023-05-03T05:51:19.919084+00:00, run_after=2023-05-03T09:51:19.919084+00:00
[2023-05-03T09:51:20.045+0000] {processor.py:178} INFO - Processing /home/airflow/.local/lib/python3.7/site-packages/airflow/example_dags/example_latest_only_with_trigger.py took 0.621 seconds
[2023-05-03T09:52:11.785+0000] {processor.py:156} INFO - Started process (PID=2349) to work on /home/airflow/.local/lib/python3.7/site-packages/airflow/example_dags/example_latest_only_with_trigger.py
[2023-05-03T09:52:11.787+0000] {processor.py:799} INFO - Processing file /home/airflow/.local/lib/python3.7/site-packages/airflow/example_dags/example_latest_only_with_trigger.py for tasks to queue
[2023-05-03T09:52:11.788+0000] {logging_mixin.py:149} INFO - [2023-05-03T09:52:11.788+0000] {dagbag.py:541} INFO - Filling up the DagBag from /home/airflow/.local/lib/python3.7/site-packages/airflow/example_dags/example_latest_only_with_trigger.py
[2023-05-03T09:52:11.808+0000] {processor.py:809} INFO - DAG(s) dict_keys(['latest_only_with_trigger']) retrieved from /home/airflow/.local/lib/python3.7/site-packages/airflow/example_dags/example_latest_only_with_trigger.py
[2023-05-03T09:52:11.863+0000] {logging_mixin.py:149} INFO - [2023-05-03T09:52:11.863+0000] {dag.py:2726} INFO - Sync 1 DAGs
[2023-05-03T09:52:11.938+0000] {logging_mixin.py:149} INFO - [2023-05-03T09:52:11.938+0000] {dag.py:3490} INFO - Setting next_dagrun for latest_only_with_trigger to 2023-05-03T05:52:11.937343+00:00, run_after=2023-05-03T09:52:11.937343+00:00
[2023-05-03T09:52:12.008+0000] {processor.py:178} INFO - Processing /home/airflow/.local/lib/python3.7/site-packages/airflow/example_dags/example_latest_only_with_trigger.py took 0.232 seconds
[2023-05-03T09:52:49.994+0000] {processor.py:156} INFO - Started process (PID=2601) to work on /home/airflow/.local/lib/python3.7/site-packages/airflow/example_dags/example_latest_only_with_trigger.py
[2023-05-03T09:52:49.997+0000] {processor.py:799} INFO - Processing file /home/airflow/.local/lib/python3.7/site-packages/airflow/example_dags/example_latest_only_with_trigger.py for tasks to queue
[2023-05-03T09:52:49.998+0000] {logging_mixin.py:149} INFO - [2023-05-03T09:52:49.998+0000] {dagbag.py:541} INFO - Filling up the DagBag from /home/airflow/.local/lib/python3.7/site-packages/airflow/example_dags/example_latest_only_with_trigger.py
[2023-05-03T09:52:50.034+0000] {processor.py:809} INFO - DAG(s) dict_keys(['latest_only_with_trigger']) retrieved from /home/airflow/.local/lib/python3.7/site-packages/airflow/example_dags/example_latest_only_with_trigger.py
[2023-05-03T09:52:50.149+0000] {logging_mixin.py:149} INFO - [2023-05-03T09:52:50.149+0000] {dag.py:2726} INFO - Sync 1 DAGs
[2023-05-03T09:52:50.633+0000] {logging_mixin.py:149} INFO - [2023-05-03T09:52:50.632+0000] {dag.py:3490} INFO - Setting next_dagrun for latest_only_with_trigger to 2023-05-03T05:52:50.632520+00:00, run_after=2023-05-03T09:52:50.632520+00:00
[2023-05-03T09:52:50.771+0000] {processor.py:178} INFO - Processing /home/airflow/.local/lib/python3.7/site-packages/airflow/example_dags/example_latest_only_with_trigger.py took 0.788 seconds
[2023-05-03T09:53:21.510+0000] {processor.py:156} INFO - Started process (PID=2837) to work on /home/airflow/.local/lib/python3.7/site-packages/airflow/example_dags/example_latest_only_with_trigger.py
[2023-05-03T09:53:21.512+0000] {processor.py:799} INFO - Processing file /home/airflow/.local/lib/python3.7/site-packages/airflow/example_dags/example_latest_only_with_trigger.py for tasks to queue
[2023-05-03T09:53:21.514+0000] {logging_mixin.py:149} INFO - [2023-05-03T09:53:21.514+0000] {dagbag.py:541} INFO - Filling up the DagBag from /home/airflow/.local/lib/python3.7/site-packages/airflow/example_dags/example_latest_only_with_trigger.py
[2023-05-03T09:53:21.541+0000] {processor.py:809} INFO - DAG(s) dict_keys(['latest_only_with_trigger']) retrieved from /home/airflow/.local/lib/python3.7/site-packages/airflow/example_dags/example_latest_only_with_trigger.py
[2023-05-03T09:53:21.616+0000] {logging_mixin.py:149} INFO - [2023-05-03T09:53:21.616+0000] {dag.py:2726} INFO - Sync 1 DAGs
[2023-05-03T09:53:21.710+0000] {logging_mixin.py:149} INFO - [2023-05-03T09:53:21.710+0000] {dag.py:3490} INFO - Setting next_dagrun for latest_only_with_trigger to 2023-05-03T05:53:21.709932+00:00, run_after=2023-05-03T09:53:21.709932+00:00
[2023-05-03T09:53:21.807+0000] {processor.py:178} INFO - Processing /home/airflow/.local/lib/python3.7/site-packages/airflow/example_dags/example_latest_only_with_trigger.py took 0.302 seconds
[2023-05-03T09:53:53.979+0000] {processor.py:156} INFO - Started process (PID=3079) to work on /home/airflow/.local/lib/python3.7/site-packages/airflow/example_dags/example_latest_only_with_trigger.py
[2023-05-03T09:53:53.981+0000] {processor.py:799} INFO - Processing file /home/airflow/.local/lib/python3.7/site-packages/airflow/example_dags/example_latest_only_with_trigger.py for tasks to queue
[2023-05-03T09:53:53.986+0000] {logging_mixin.py:149} INFO - [2023-05-03T09:53:53.983+0000] {dagbag.py:541} INFO - Filling up the DagBag from /home/airflow/.local/lib/python3.7/site-packages/airflow/example_dags/example_latest_only_with_trigger.py
[2023-05-03T09:53:54.024+0000] {processor.py:809} INFO - DAG(s) dict_keys(['latest_only_with_trigger']) retrieved from /home/airflow/.local/lib/python3.7/site-packages/airflow/example_dags/example_latest_only_with_trigger.py
[2023-05-03T09:53:54.111+0000] {logging_mixin.py:149} INFO - [2023-05-03T09:53:54.111+0000] {dag.py:2726} INFO - Sync 1 DAGs
[2023-05-03T09:53:54.195+0000] {logging_mixin.py:149} INFO - [2023-05-03T09:53:54.194+0000] {dag.py:3490} INFO - Setting next_dagrun for latest_only_with_trigger to 2023-05-03T05:53:54.193738+00:00, run_after=2023-05-03T09:53:54.193738+00:00
[2023-05-03T09:53:54.255+0000] {processor.py:178} INFO - Processing /home/airflow/.local/lib/python3.7/site-packages/airflow/example_dags/example_latest_only_with_trigger.py took 0.280 seconds
[2023-05-03T09:54:58.199+0000] {processor.py:156} INFO - Started process (PID=3343) to work on /home/airflow/.local/lib/python3.7/site-packages/airflow/example_dags/example_latest_only_with_trigger.py
[2023-05-03T09:54:58.201+0000] {processor.py:799} INFO - Processing file /home/airflow/.local/lib/python3.7/site-packages/airflow/example_dags/example_latest_only_with_trigger.py for tasks to queue
[2023-05-03T09:54:58.213+0000] {logging_mixin.py:149} INFO - [2023-05-03T09:54:58.212+0000] {dagbag.py:541} INFO - Filling up the DagBag from /home/airflow/.local/lib/python3.7/site-packages/airflow/example_dags/example_latest_only_with_trigger.py
[2023-05-03T09:54:58.233+0000] {processor.py:809} INFO - DAG(s) dict_keys(['latest_only_with_trigger']) retrieved from /home/airflow/.local/lib/python3.7/site-packages/airflow/example_dags/example_latest_only_with_trigger.py
[2023-05-03T09:54:58.401+0000] {logging_mixin.py:149} INFO - [2023-05-03T09:54:58.401+0000] {dag.py:2726} INFO - Sync 1 DAGs
[2023-05-03T09:54:58.986+0000] {logging_mixin.py:149} INFO - [2023-05-03T09:54:58.986+0000] {dag.py:3490} INFO - Setting next_dagrun for latest_only_with_trigger to 2023-05-03T05:54:58.985860+00:00, run_after=2023-05-03T09:54:58.985860+00:00
[2023-05-03T09:54:59.072+0000] {processor.py:178} INFO - Processing /home/airflow/.local/lib/python3.7/site-packages/airflow/example_dags/example_latest_only_with_trigger.py took 0.878 seconds
[2023-05-03T09:55:29.213+0000] {processor.py:156} INFO - Started process (PID=3581) to work on /home/airflow/.local/lib/python3.7/site-packages/airflow/example_dags/example_latest_only_with_trigger.py
[2023-05-03T09:55:29.215+0000] {processor.py:799} INFO - Processing file /home/airflow/.local/lib/python3.7/site-packages/airflow/example_dags/example_latest_only_with_trigger.py for tasks to queue
[2023-05-03T09:55:29.216+0000] {logging_mixin.py:149} INFO - [2023-05-03T09:55:29.216+0000] {dagbag.py:541} INFO - Filling up the DagBag from /home/airflow/.local/lib/python3.7/site-packages/airflow/example_dags/example_latest_only_with_trigger.py
[2023-05-03T09:55:29.232+0000] {processor.py:809} INFO - DAG(s) dict_keys(['latest_only_with_trigger']) retrieved from /home/airflow/.local/lib/python3.7/site-packages/airflow/example_dags/example_latest_only_with_trigger.py
[2023-05-03T09:55:29.289+0000] {logging_mixin.py:149} INFO - [2023-05-03T09:55:29.289+0000] {dag.py:2726} INFO - Sync 1 DAGs
[2023-05-03T09:55:29.363+0000] {logging_mixin.py:149} INFO - [2023-05-03T09:55:29.362+0000] {dag.py:3490} INFO - Setting next_dagrun for latest_only_with_trigger to 2023-05-03T05:55:29.360649+00:00, run_after=2023-05-03T09:55:29.360649+00:00
[2023-05-03T09:55:29.417+0000] {processor.py:178} INFO - Processing /home/airflow/.local/lib/python3.7/site-packages/airflow/example_dags/example_latest_only_with_trigger.py took 0.211 seconds
[2023-05-03T09:56:04.277+0000] {processor.py:156} INFO - Started process (PID=3815) to work on /home/airflow/.local/lib/python3.7/site-packages/airflow/example_dags/example_latest_only_with_trigger.py
[2023-05-03T09:56:04.280+0000] {processor.py:799} INFO - Processing file /home/airflow/.local/lib/python3.7/site-packages/airflow/example_dags/example_latest_only_with_trigger.py for tasks to queue
[2023-05-03T09:56:04.282+0000] {logging_mixin.py:149} INFO - [2023-05-03T09:56:04.282+0000] {dagbag.py:541} INFO - Filling up the DagBag from /home/airflow/.local/lib/python3.7/site-packages/airflow/example_dags/example_latest_only_with_trigger.py
[2023-05-03T09:56:04.325+0000] {processor.py:809} INFO - DAG(s) dict_keys(['latest_only_with_trigger']) retrieved from /home/airflow/.local/lib/python3.7/site-packages/airflow/example_dags/example_latest_only_with_trigger.py
[2023-05-03T09:56:04.849+0000] {logging_mixin.py:149} INFO - [2023-05-03T09:56:04.848+0000] {dag.py:2726} INFO - Sync 1 DAGs
[2023-05-03T09:56:04.968+0000] {logging_mixin.py:149} INFO - [2023-05-03T09:56:04.968+0000] {dag.py:3490} INFO - Setting next_dagrun for latest_only_with_trigger to 2023-05-03T05:56:04.967924+00:00, run_after=2023-05-03T09:56:04.967924+00:00
[2023-05-03T09:56:05.094+0000] {processor.py:178} INFO - Processing /home/airflow/.local/lib/python3.7/site-packages/airflow/example_dags/example_latest_only_with_trigger.py took 0.834 seconds
[2023-05-03T09:56:35.653+0000] {processor.py:156} INFO - Started process (PID=4050) to work on /home/airflow/.local/lib/python3.7/site-packages/airflow/example_dags/example_latest_only_with_trigger.py
[2023-05-03T09:56:35.655+0000] {processor.py:799} INFO - Processing file /home/airflow/.local/lib/python3.7/site-packages/airflow/example_dags/example_latest_only_with_trigger.py for tasks to queue
[2023-05-03T09:56:35.656+0000] {logging_mixin.py:149} INFO - [2023-05-03T09:56:35.656+0000] {dagbag.py:541} INFO - Filling up the DagBag from /home/airflow/.local/lib/python3.7/site-packages/airflow/example_dags/example_latest_only_with_trigger.py
[2023-05-03T09:56:35.676+0000] {processor.py:809} INFO - DAG(s) dict_keys(['latest_only_with_trigger']) retrieved from /home/airflow/.local/lib/python3.7/site-packages/airflow/example_dags/example_latest_only_with_trigger.py
[2023-05-03T09:56:35.785+0000] {logging_mixin.py:149} INFO - [2023-05-03T09:56:35.785+0000] {dag.py:2726} INFO - Sync 1 DAGs
[2023-05-03T09:56:35.919+0000] {logging_mixin.py:149} INFO - [2023-05-03T09:56:35.919+0000] {dag.py:3490} INFO - Setting next_dagrun for latest_only_with_trigger to 2023-05-03T05:56:35.918706+00:00, run_after=2023-05-03T09:56:35.918706+00:00
[2023-05-03T09:56:36.570+0000] {processor.py:178} INFO - Processing /home/airflow/.local/lib/python3.7/site-packages/airflow/example_dags/example_latest_only_with_trigger.py took 0.926 seconds
[2023-05-03T09:57:07.181+0000] {processor.py:156} INFO - Started process (PID=4285) to work on /home/airflow/.local/lib/python3.7/site-packages/airflow/example_dags/example_latest_only_with_trigger.py
[2023-05-03T09:57:07.183+0000] {processor.py:799} INFO - Processing file /home/airflow/.local/lib/python3.7/site-packages/airflow/example_dags/example_latest_only_with_trigger.py for tasks to queue
[2023-05-03T09:57:07.185+0000] {logging_mixin.py:149} INFO - [2023-05-03T09:57:07.185+0000] {dagbag.py:541} INFO - Filling up the DagBag from /home/airflow/.local/lib/python3.7/site-packages/airflow/example_dags/example_latest_only_with_trigger.py
[2023-05-03T09:57:07.203+0000] {processor.py:809} INFO - DAG(s) dict_keys(['latest_only_with_trigger']) retrieved from /home/airflow/.local/lib/python3.7/site-packages/airflow/example_dags/example_latest_only_with_trigger.py
[2023-05-03T09:57:07.290+0000] {logging_mixin.py:149} INFO - [2023-05-03T09:57:07.290+0000] {dag.py:2726} INFO - Sync 1 DAGs
[2023-05-03T09:57:07.358+0000] {logging_mixin.py:149} INFO - [2023-05-03T09:57:07.358+0000] {dag.py:3490} INFO - Setting next_dagrun for latest_only_with_trigger to 2023-05-03T05:57:07.357628+00:00, run_after=2023-05-03T09:57:07.357628+00:00
[2023-05-03T09:57:07.401+0000] {processor.py:178} INFO - Processing /home/airflow/.local/lib/python3.7/site-packages/airflow/example_dags/example_latest_only_with_trigger.py took 0.233 seconds
[2023-05-03T09:57:58.439+0000] {processor.py:156} INFO - Started process (PID=4561) to work on /home/airflow/.local/lib/python3.7/site-packages/airflow/example_dags/example_latest_only_with_trigger.py
[2023-05-03T09:57:58.445+0000] {processor.py:799} INFO - Processing file /home/airflow/.local/lib/python3.7/site-packages/airflow/example_dags/example_latest_only_with_trigger.py for tasks to queue
[2023-05-03T09:57:58.454+0000] {logging_mixin.py:149} INFO - [2023-05-03T09:57:58.453+0000] {dagbag.py:541} INFO - Filling up the DagBag from /home/airflow/.local/lib/python3.7/site-packages/airflow/example_dags/example_latest_only_with_trigger.py
[2023-05-03T09:57:58.473+0000] {processor.py:809} INFO - DAG(s) dict_keys(['latest_only_with_trigger']) retrieved from /home/airflow/.local/lib/python3.7/site-packages/airflow/example_dags/example_latest_only_with_trigger.py
[2023-05-03T09:57:58.532+0000] {logging_mixin.py:149} INFO - [2023-05-03T09:57:58.531+0000] {dag.py:2726} INFO - Sync 1 DAGs
[2023-05-03T09:57:58.850+0000] {logging_mixin.py:149} INFO - [2023-05-03T09:57:58.850+0000] {dag.py:3490} INFO - Setting next_dagrun for latest_only_with_trigger to 2023-05-03T05:57:58.848711+00:00, run_after=2023-05-03T09:57:58.848711+00:00
[2023-05-03T09:57:58.906+0000] {processor.py:178} INFO - Processing /home/airflow/.local/lib/python3.7/site-packages/airflow/example_dags/example_latest_only_with_trigger.py took 0.473 seconds
[2023-05-03T09:58:29.401+0000] {processor.py:156} INFO - Started process (PID=4797) to work on /home/airflow/.local/lib/python3.7/site-packages/airflow/example_dags/example_latest_only_with_trigger.py
[2023-05-03T09:58:29.403+0000] {processor.py:799} INFO - Processing file /home/airflow/.local/lib/python3.7/site-packages/airflow/example_dags/example_latest_only_with_trigger.py for tasks to queue
[2023-05-03T09:58:29.405+0000] {logging_mixin.py:149} INFO - [2023-05-03T09:58:29.405+0000] {dagbag.py:541} INFO - Filling up the DagBag from /home/airflow/.local/lib/python3.7/site-packages/airflow/example_dags/example_latest_only_with_trigger.py
[2023-05-03T09:58:29.422+0000] {processor.py:809} INFO - DAG(s) dict_keys(['latest_only_with_trigger']) retrieved from /home/airflow/.local/lib/python3.7/site-packages/airflow/example_dags/example_latest_only_with_trigger.py
[2023-05-03T09:58:29.493+0000] {logging_mixin.py:149} INFO - [2023-05-03T09:58:29.493+0000] {dag.py:2726} INFO - Sync 1 DAGs
[2023-05-03T09:58:29.557+0000] {logging_mixin.py:149} INFO - [2023-05-03T09:58:29.557+0000] {dag.py:3490} INFO - Setting next_dagrun for latest_only_with_trigger to 2023-05-03T05:58:29.557051+00:00, run_after=2023-05-03T09:58:29.557051+00:00
[2023-05-03T09:58:29.626+0000] {processor.py:178} INFO - Processing /home/airflow/.local/lib/python3.7/site-packages/airflow/example_dags/example_latest_only_with_trigger.py took 0.236 seconds
[2023-05-03T09:59:00.354+0000] {processor.py:156} INFO - Started process (PID=5036) to work on /home/airflow/.local/lib/python3.7/site-packages/airflow/example_dags/example_latest_only_with_trigger.py
[2023-05-03T09:59:00.355+0000] {processor.py:799} INFO - Processing file /home/airflow/.local/lib/python3.7/site-packages/airflow/example_dags/example_latest_only_with_trigger.py for tasks to queue
[2023-05-03T09:59:00.357+0000] {logging_mixin.py:149} INFO - [2023-05-03T09:59:00.357+0000] {dagbag.py:541} INFO - Filling up the DagBag from /home/airflow/.local/lib/python3.7/site-packages/airflow/example_dags/example_latest_only_with_trigger.py
[2023-05-03T09:59:00.372+0000] {processor.py:809} INFO - DAG(s) dict_keys(['latest_only_with_trigger']) retrieved from /home/airflow/.local/lib/python3.7/site-packages/airflow/example_dags/example_latest_only_with_trigger.py
[2023-05-03T09:59:00.435+0000] {logging_mixin.py:149} INFO - [2023-05-03T09:59:00.435+0000] {dag.py:2726} INFO - Sync 1 DAGs
[2023-05-03T09:59:00.736+0000] {logging_mixin.py:149} INFO - [2023-05-03T09:59:00.736+0000] {dag.py:3490} INFO - Setting next_dagrun for latest_only_with_trigger to 2023-05-03T05:59:00.736059+00:00, run_after=2023-05-03T09:59:00.736059+00:00
[2023-05-03T09:59:00.810+0000] {processor.py:178} INFO - Processing /home/airflow/.local/lib/python3.7/site-packages/airflow/example_dags/example_latest_only_with_trigger.py took 0.460 seconds
[2023-05-03T09:59:31.082+0000] {processor.py:156} INFO - Started process (PID=5270) to work on /home/airflow/.local/lib/python3.7/site-packages/airflow/example_dags/example_latest_only_with_trigger.py
[2023-05-03T09:59:31.090+0000] {processor.py:799} INFO - Processing file /home/airflow/.local/lib/python3.7/site-packages/airflow/example_dags/example_latest_only_with_trigger.py for tasks to queue
[2023-05-03T09:59:31.095+0000] {logging_mixin.py:149} INFO - [2023-05-03T09:59:31.095+0000] {dagbag.py:541} INFO - Filling up the DagBag from /home/airflow/.local/lib/python3.7/site-packages/airflow/example_dags/example_latest_only_with_trigger.py
[2023-05-03T09:59:31.110+0000] {processor.py:809} INFO - DAG(s) dict_keys(['latest_only_with_trigger']) retrieved from /home/airflow/.local/lib/python3.7/site-packages/airflow/example_dags/example_latest_only_with_trigger.py
[2023-05-03T09:59:31.166+0000] {logging_mixin.py:149} INFO - [2023-05-03T09:59:31.166+0000] {dag.py:2726} INFO - Sync 1 DAGs
[2023-05-03T09:59:31.244+0000] {logging_mixin.py:149} INFO - [2023-05-03T09:59:31.244+0000] {dag.py:3490} INFO - Setting next_dagrun for latest_only_with_trigger to 2023-05-03T05:59:31.243723+00:00, run_after=2023-05-03T09:59:31.243723+00:00
[2023-05-03T09:59:31.296+0000] {processor.py:178} INFO - Processing /home/airflow/.local/lib/python3.7/site-packages/airflow/example_dags/example_latest_only_with_trigger.py took 0.224 seconds
[2023-05-03T10:00:02.099+0000] {processor.py:156} INFO - Started process (PID=5506) to work on /home/airflow/.local/lib/python3.7/site-packages/airflow/example_dags/example_latest_only_with_trigger.py
[2023-05-03T10:00:02.102+0000] {processor.py:799} INFO - Processing file /home/airflow/.local/lib/python3.7/site-packages/airflow/example_dags/example_latest_only_with_trigger.py for tasks to queue
[2023-05-03T10:00:02.105+0000] {logging_mixin.py:149} INFO - [2023-05-03T10:00:02.104+0000] {dagbag.py:541} INFO - Filling up the DagBag from /home/airflow/.local/lib/python3.7/site-packages/airflow/example_dags/example_latest_only_with_trigger.py
[2023-05-03T10:00:02.121+0000] {processor.py:809} INFO - DAG(s) dict_keys(['latest_only_with_trigger']) retrieved from /home/airflow/.local/lib/python3.7/site-packages/airflow/example_dags/example_latest_only_with_trigger.py
[2023-05-03T10:00:02.191+0000] {logging_mixin.py:149} INFO - [2023-05-03T10:00:02.190+0000] {dag.py:2726} INFO - Sync 1 DAGs
[2023-05-03T10:00:02.250+0000] {logging_mixin.py:149} INFO - [2023-05-03T10:00:02.248+0000] {dag.py:3490} INFO - Setting next_dagrun for latest_only_with_trigger to 2023-05-03T06:00:02.248278+00:00, run_after=2023-05-03T10:00:02.248278+00:00
[2023-05-03T10:00:02.313+0000] {processor.py:178} INFO - Processing /home/airflow/.local/lib/python3.7/site-packages/airflow/example_dags/example_latest_only_with_trigger.py took 0.219 seconds
[2023-05-03T10:00:33.379+0000] {processor.py:156} INFO - Started process (PID=5742) to work on /home/airflow/.local/lib/python3.7/site-packages/airflow/example_dags/example_latest_only_with_trigger.py
[2023-05-03T10:00:33.380+0000] {processor.py:799} INFO - Processing file /home/airflow/.local/lib/python3.7/site-packages/airflow/example_dags/example_latest_only_with_trigger.py for tasks to queue
[2023-05-03T10:00:33.382+0000] {logging_mixin.py:149} INFO - [2023-05-03T10:00:33.382+0000] {dagbag.py:541} INFO - Filling up the DagBag from /home/airflow/.local/lib/python3.7/site-packages/airflow/example_dags/example_latest_only_with_trigger.py
[2023-05-03T10:00:33.398+0000] {processor.py:809} INFO - DAG(s) dict_keys(['latest_only_with_trigger']) retrieved from /home/airflow/.local/lib/python3.7/site-packages/airflow/example_dags/example_latest_only_with_trigger.py
[2023-05-03T10:00:33.452+0000] {logging_mixin.py:149} INFO - [2023-05-03T10:00:33.451+0000] {dag.py:2726} INFO - Sync 1 DAGs
[2023-05-03T10:00:33.524+0000] {logging_mixin.py:149} INFO - [2023-05-03T10:00:33.523+0000] {dag.py:3490} INFO - Setting next_dagrun for latest_only_with_trigger to 2023-05-03T06:00:33.523383+00:00, run_after=2023-05-03T10:00:33.523383+00:00
[2023-05-03T10:00:33.585+0000] {processor.py:178} INFO - Processing /home/airflow/.local/lib/python3.7/site-packages/airflow/example_dags/example_latest_only_with_trigger.py took 0.214 seconds
[2023-05-03T10:01:04.806+0000] {processor.py:156} INFO - Started process (PID=5980) to work on /home/airflow/.local/lib/python3.7/site-packages/airflow/example_dags/example_latest_only_with_trigger.py
[2023-05-03T10:01:04.810+0000] {processor.py:799} INFO - Processing file /home/airflow/.local/lib/python3.7/site-packages/airflow/example_dags/example_latest_only_with_trigger.py for tasks to queue
[2023-05-03T10:01:04.813+0000] {logging_mixin.py:149} INFO - [2023-05-03T10:01:04.813+0000] {dagbag.py:541} INFO - Filling up the DagBag from /home/airflow/.local/lib/python3.7/site-packages/airflow/example_dags/example_latest_only_with_trigger.py
[2023-05-03T10:01:04.823+0000] {processor.py:809} INFO - DAG(s) dict_keys(['latest_only_with_trigger']) retrieved from /home/airflow/.local/lib/python3.7/site-packages/airflow/example_dags/example_latest_only_with_trigger.py
[2023-05-03T10:01:04.900+0000] {logging_mixin.py:149} INFO - [2023-05-03T10:01:04.899+0000] {dag.py:2726} INFO - Sync 1 DAGs
[2023-05-03T10:01:04.963+0000] {logging_mixin.py:149} INFO - [2023-05-03T10:01:04.962+0000] {dag.py:3490} INFO - Setting next_dagrun for latest_only_with_trigger to 2023-05-03T06:01:04.962175+00:00, run_after=2023-05-03T10:01:04.962175+00:00
[2023-05-03T10:01:05.008+0000] {processor.py:178} INFO - Processing /home/airflow/.local/lib/python3.7/site-packages/airflow/example_dags/example_latest_only_with_trigger.py took 0.207 seconds
[2023-05-03T10:01:35.423+0000] {processor.py:156} INFO - Started process (PID=6214) to work on /home/airflow/.local/lib/python3.7/site-packages/airflow/example_dags/example_latest_only_with_trigger.py
[2023-05-03T10:01:35.425+0000] {processor.py:799} INFO - Processing file /home/airflow/.local/lib/python3.7/site-packages/airflow/example_dags/example_latest_only_with_trigger.py for tasks to queue
[2023-05-03T10:01:35.427+0000] {logging_mixin.py:149} INFO - [2023-05-03T10:01:35.427+0000] {dagbag.py:541} INFO - Filling up the DagBag from /home/airflow/.local/lib/python3.7/site-packages/airflow/example_dags/example_latest_only_with_trigger.py
[2023-05-03T10:01:35.448+0000] {processor.py:809} INFO - DAG(s) dict_keys(['latest_only_with_trigger']) retrieved from /home/airflow/.local/lib/python3.7/site-packages/airflow/example_dags/example_latest_only_with_trigger.py
[2023-05-03T10:01:35.521+0000] {logging_mixin.py:149} INFO - [2023-05-03T10:01:35.521+0000] {dag.py:2726} INFO - Sync 1 DAGs
[2023-05-03T10:01:35.589+0000] {logging_mixin.py:149} INFO - [2023-05-03T10:01:35.588+0000] {dag.py:3490} INFO - Setting next_dagrun for latest_only_with_trigger to 2023-05-03T06:01:35.588528+00:00, run_after=2023-05-03T10:01:35.588528+00:00
[2023-05-03T10:01:35.644+0000] {processor.py:178} INFO - Processing /home/airflow/.local/lib/python3.7/site-packages/airflow/example_dags/example_latest_only_with_trigger.py took 0.226 seconds
[2023-05-03T10:46:06.624+0000] {processor.py:156} INFO - Started process (PID=6533) to work on /home/airflow/.local/lib/python3.7/site-packages/airflow/example_dags/example_latest_only_with_trigger.py
[2023-05-03T10:46:06.634+0000] {processor.py:799} INFO - Processing file /home/airflow/.local/lib/python3.7/site-packages/airflow/example_dags/example_latest_only_with_trigger.py for tasks to queue
[2023-05-03T10:46:06.641+0000] {logging_mixin.py:149} INFO - [2023-05-03T10:46:06.640+0000] {dagbag.py:541} INFO - Filling up the DagBag from /home/airflow/.local/lib/python3.7/site-packages/airflow/example_dags/example_latest_only_with_trigger.py
[2023-05-03T10:46:06.662+0000] {processor.py:809} INFO - DAG(s) dict_keys(['latest_only_with_trigger']) retrieved from /home/airflow/.local/lib/python3.7/site-packages/airflow/example_dags/example_latest_only_with_trigger.py
[2023-05-03T10:46:06.770+0000] {logging_mixin.py:149} INFO - [2023-05-03T10:46:06.770+0000] {dag.py:2726} INFO - Sync 1 DAGs
[2023-05-03T10:46:06.882+0000] {logging_mixin.py:149} INFO - [2023-05-03T10:46:06.881+0000] {dag.py:3490} INFO - Setting next_dagrun for latest_only_with_trigger to 2023-05-03T06:46:06.881585+00:00, run_after=2023-05-03T10:46:06.881585+00:00
[2023-05-03T10:46:07.003+0000] {processor.py:178} INFO - Processing /home/airflow/.local/lib/python3.7/site-packages/airflow/example_dags/example_latest_only_with_trigger.py took 0.386 seconds
[2023-05-03T10:47:51.665+0000] {processor.py:156} INFO - Started process (PID=6891) to work on /home/airflow/.local/lib/python3.7/site-packages/airflow/example_dags/example_latest_only_with_trigger.py
[2023-05-03T10:47:51.670+0000] {processor.py:799} INFO - Processing file /home/airflow/.local/lib/python3.7/site-packages/airflow/example_dags/example_latest_only_with_trigger.py for tasks to queue
[2023-05-03T10:47:51.672+0000] {logging_mixin.py:149} INFO - [2023-05-03T10:47:51.671+0000] {dagbag.py:541} INFO - Filling up the DagBag from /home/airflow/.local/lib/python3.7/site-packages/airflow/example_dags/example_latest_only_with_trigger.py
[2023-05-03T10:47:51.693+0000] {processor.py:809} INFO - DAG(s) dict_keys(['latest_only_with_trigger']) retrieved from /home/airflow/.local/lib/python3.7/site-packages/airflow/example_dags/example_latest_only_with_trigger.py
[2023-05-03T10:47:51.807+0000] {logging_mixin.py:149} INFO - [2023-05-03T10:47:51.807+0000] {dag.py:2726} INFO - Sync 1 DAGs
[2023-05-03T10:47:51.952+0000] {logging_mixin.py:149} INFO - [2023-05-03T10:47:51.951+0000] {dag.py:3490} INFO - Setting next_dagrun for latest_only_with_trigger to 2023-05-03T06:47:51.951456+00:00, run_after=2023-05-03T10:47:51.951456+00:00
[2023-05-03T10:47:52.061+0000] {processor.py:178} INFO - Processing /home/airflow/.local/lib/python3.7/site-packages/airflow/example_dags/example_latest_only_with_trigger.py took 0.410 seconds
[2023-05-03T10:48:22.674+0000] {processor.py:156} INFO - Started process (PID=7127) to work on /home/airflow/.local/lib/python3.7/site-packages/airflow/example_dags/example_latest_only_with_trigger.py
[2023-05-03T10:48:22.687+0000] {processor.py:799} INFO - Processing file /home/airflow/.local/lib/python3.7/site-packages/airflow/example_dags/example_latest_only_with_trigger.py for tasks to queue
[2023-05-03T10:48:22.689+0000] {logging_mixin.py:149} INFO - [2023-05-03T10:48:22.689+0000] {dagbag.py:541} INFO - Filling up the DagBag from /home/airflow/.local/lib/python3.7/site-packages/airflow/example_dags/example_latest_only_with_trigger.py
[2023-05-03T10:48:22.710+0000] {processor.py:809} INFO - DAG(s) dict_keys(['latest_only_with_trigger']) retrieved from /home/airflow/.local/lib/python3.7/site-packages/airflow/example_dags/example_latest_only_with_trigger.py
[2023-05-03T10:48:22.811+0000] {logging_mixin.py:149} INFO - [2023-05-03T10:48:22.810+0000] {dag.py:2726} INFO - Sync 1 DAGs
[2023-05-03T10:48:22.897+0000] {logging_mixin.py:149} INFO - [2023-05-03T10:48:22.895+0000] {dag.py:3490} INFO - Setting next_dagrun for latest_only_with_trigger to 2023-05-03T06:48:22.892380+00:00, run_after=2023-05-03T10:48:22.892380+00:00
[2023-05-03T10:48:22.990+0000] {processor.py:178} INFO - Processing /home/airflow/.local/lib/python3.7/site-packages/airflow/example_dags/example_latest_only_with_trigger.py took 0.321 seconds
[2023-05-03T10:48:53.125+0000] {processor.py:156} INFO - Started process (PID=7363) to work on /home/airflow/.local/lib/python3.7/site-packages/airflow/example_dags/example_latest_only_with_trigger.py
[2023-05-03T10:48:53.130+0000] {processor.py:799} INFO - Processing file /home/airflow/.local/lib/python3.7/site-packages/airflow/example_dags/example_latest_only_with_trigger.py for tasks to queue
[2023-05-03T10:48:53.133+0000] {logging_mixin.py:149} INFO - [2023-05-03T10:48:53.132+0000] {dagbag.py:541} INFO - Filling up the DagBag from /home/airflow/.local/lib/python3.7/site-packages/airflow/example_dags/example_latest_only_with_trigger.py
[2023-05-03T10:48:53.160+0000] {processor.py:809} INFO - DAG(s) dict_keys(['latest_only_with_trigger']) retrieved from /home/airflow/.local/lib/python3.7/site-packages/airflow/example_dags/example_latest_only_with_trigger.py
[2023-05-03T10:48:53.235+0000] {logging_mixin.py:149} INFO - [2023-05-03T10:48:53.235+0000] {dag.py:2726} INFO - Sync 1 DAGs
[2023-05-03T10:48:53.338+0000] {logging_mixin.py:149} INFO - [2023-05-03T10:48:53.338+0000] {dag.py:3490} INFO - Setting next_dagrun for latest_only_with_trigger to 2023-05-03T06:48:53.337751+00:00, run_after=2023-05-03T10:48:53.337751+00:00
[2023-05-03T10:48:53.427+0000] {processor.py:178} INFO - Processing /home/airflow/.local/lib/python3.7/site-packages/airflow/example_dags/example_latest_only_with_trigger.py took 0.307 seconds
[2023-05-03T10:49:26.133+0000] {processor.py:156} INFO - Started process (PID=7601) to work on /home/airflow/.local/lib/python3.7/site-packages/airflow/example_dags/example_latest_only_with_trigger.py
[2023-05-03T10:49:26.145+0000] {processor.py:799} INFO - Processing file /home/airflow/.local/lib/python3.7/site-packages/airflow/example_dags/example_latest_only_with_trigger.py for tasks to queue
[2023-05-03T10:49:26.147+0000] {logging_mixin.py:149} INFO - [2023-05-03T10:49:26.147+0000] {dagbag.py:541} INFO - Filling up the DagBag from /home/airflow/.local/lib/python3.7/site-packages/airflow/example_dags/example_latest_only_with_trigger.py
[2023-05-03T10:49:26.168+0000] {processor.py:809} INFO - DAG(s) dict_keys(['latest_only_with_trigger']) retrieved from /home/airflow/.local/lib/python3.7/site-packages/airflow/example_dags/example_latest_only_with_trigger.py
[2023-05-03T10:49:26.274+0000] {logging_mixin.py:149} INFO - [2023-05-03T10:49:26.274+0000] {dag.py:2726} INFO - Sync 1 DAGs
[2023-05-03T10:49:26.399+0000] {logging_mixin.py:149} INFO - [2023-05-03T10:49:26.399+0000] {dag.py:3490} INFO - Setting next_dagrun for latest_only_with_trigger to 2023-05-03T06:49:26.399240+00:00, run_after=2023-05-03T10:49:26.399240+00:00
[2023-05-03T10:49:26.503+0000] {processor.py:178} INFO - Processing /home/airflow/.local/lib/python3.7/site-packages/airflow/example_dags/example_latest_only_with_trigger.py took 0.377 seconds
[2023-05-03T10:50:02.468+0000] {processor.py:156} INFO - Started process (PID=7837) to work on /home/airflow/.local/lib/python3.7/site-packages/airflow/example_dags/example_latest_only_with_trigger.py
[2023-05-03T10:50:02.471+0000] {processor.py:799} INFO - Processing file /home/airflow/.local/lib/python3.7/site-packages/airflow/example_dags/example_latest_only_with_trigger.py for tasks to queue
[2023-05-03T10:50:02.473+0000] {logging_mixin.py:149} INFO - [2023-05-03T10:50:02.473+0000] {dagbag.py:541} INFO - Filling up the DagBag from /home/airflow/.local/lib/python3.7/site-packages/airflow/example_dags/example_latest_only_with_trigger.py
[2023-05-03T10:50:02.494+0000] {processor.py:809} INFO - DAG(s) dict_keys(['latest_only_with_trigger']) retrieved from /home/airflow/.local/lib/python3.7/site-packages/airflow/example_dags/example_latest_only_with_trigger.py
[2023-05-03T10:50:02.575+0000] {logging_mixin.py:149} INFO - [2023-05-03T10:50:02.575+0000] {dag.py:2726} INFO - Sync 1 DAGs
[2023-05-03T10:50:02.678+0000] {logging_mixin.py:149} INFO - [2023-05-03T10:50:02.673+0000] {dag.py:3490} INFO - Setting next_dagrun for latest_only_with_trigger to 2023-05-03T06:50:02.673585+00:00, run_after=2023-05-03T10:50:02.673585+00:00
[2023-05-03T10:50:02.763+0000] {processor.py:178} INFO - Processing /home/airflow/.local/lib/python3.7/site-packages/airflow/example_dags/example_latest_only_with_trigger.py took 0.311 seconds
[2023-05-03T10:50:35.537+0000] {processor.py:156} INFO - Started process (PID=8072) to work on /home/airflow/.local/lib/python3.7/site-packages/airflow/example_dags/example_latest_only_with_trigger.py
[2023-05-03T10:50:35.540+0000] {processor.py:799} INFO - Processing file /home/airflow/.local/lib/python3.7/site-packages/airflow/example_dags/example_latest_only_with_trigger.py for tasks to queue
[2023-05-03T10:50:35.553+0000] {logging_mixin.py:149} INFO - [2023-05-03T10:50:35.552+0000] {dagbag.py:541} INFO - Filling up the DagBag from /home/airflow/.local/lib/python3.7/site-packages/airflow/example_dags/example_latest_only_with_trigger.py
[2023-05-03T10:50:35.563+0000] {processor.py:809} INFO - DAG(s) dict_keys(['latest_only_with_trigger']) retrieved from /home/airflow/.local/lib/python3.7/site-packages/airflow/example_dags/example_latest_only_with_trigger.py
[2023-05-03T10:50:35.679+0000] {logging_mixin.py:149} INFO - [2023-05-03T10:50:35.679+0000] {dag.py:2726} INFO - Sync 1 DAGs
[2023-05-03T10:50:35.770+0000] {logging_mixin.py:149} INFO - [2023-05-03T10:50:35.769+0000] {dag.py:3490} INFO - Setting next_dagrun for latest_only_with_trigger to 2023-05-03T06:50:35.769434+00:00, run_after=2023-05-03T10:50:35.769434+00:00
[2023-05-03T10:50:35.888+0000] {processor.py:178} INFO - Processing /home/airflow/.local/lib/python3.7/site-packages/airflow/example_dags/example_latest_only_with_trigger.py took 0.357 seconds
[2023-05-03T10:51:07.187+0000] {processor.py:156} INFO - Started process (PID=8307) to work on /home/airflow/.local/lib/python3.7/site-packages/airflow/example_dags/example_latest_only_with_trigger.py
[2023-05-03T10:51:07.199+0000] {processor.py:799} INFO - Processing file /home/airflow/.local/lib/python3.7/site-packages/airflow/example_dags/example_latest_only_with_trigger.py for tasks to queue
[2023-05-03T10:51:07.204+0000] {logging_mixin.py:149} INFO - [2023-05-03T10:51:07.204+0000] {dagbag.py:541} INFO - Filling up the DagBag from /home/airflow/.local/lib/python3.7/site-packages/airflow/example_dags/example_latest_only_with_trigger.py
[2023-05-03T10:51:07.235+0000] {processor.py:809} INFO - DAG(s) dict_keys(['latest_only_with_trigger']) retrieved from /home/airflow/.local/lib/python3.7/site-packages/airflow/example_dags/example_latest_only_with_trigger.py
[2023-05-03T10:51:07.317+0000] {logging_mixin.py:149} INFO - [2023-05-03T10:51:07.316+0000] {dag.py:2726} INFO - Sync 1 DAGs
[2023-05-03T10:51:07.408+0000] {logging_mixin.py:149} INFO - [2023-05-03T10:51:07.408+0000] {dag.py:3490} INFO - Setting next_dagrun for latest_only_with_trigger to 2023-05-03T06:51:07.407844+00:00, run_after=2023-05-03T10:51:07.407844+00:00
[2023-05-03T10:51:07.534+0000] {processor.py:178} INFO - Processing /home/airflow/.local/lib/python3.7/site-packages/airflow/example_dags/example_latest_only_with_trigger.py took 0.361 seconds
[2023-05-03T10:51:38.459+0000] {processor.py:156} INFO - Started process (PID=8553) to work on /home/airflow/.local/lib/python3.7/site-packages/airflow/example_dags/example_latest_only_with_trigger.py
[2023-05-03T10:51:38.461+0000] {processor.py:799} INFO - Processing file /home/airflow/.local/lib/python3.7/site-packages/airflow/example_dags/example_latest_only_with_trigger.py for tasks to queue
[2023-05-03T10:51:38.464+0000] {logging_mixin.py:149} INFO - [2023-05-03T10:51:38.463+0000] {dagbag.py:541} INFO - Filling up the DagBag from /home/airflow/.local/lib/python3.7/site-packages/airflow/example_dags/example_latest_only_with_trigger.py
[2023-05-03T10:51:38.476+0000] {processor.py:809} INFO - DAG(s) dict_keys(['latest_only_with_trigger']) retrieved from /home/airflow/.local/lib/python3.7/site-packages/airflow/example_dags/example_latest_only_with_trigger.py
[2023-05-03T10:51:38.541+0000] {logging_mixin.py:149} INFO - [2023-05-03T10:51:38.541+0000] {dag.py:2726} INFO - Sync 1 DAGs
[2023-05-03T10:51:38.622+0000] {logging_mixin.py:149} INFO - [2023-05-03T10:51:38.621+0000] {dag.py:3490} INFO - Setting next_dagrun for latest_only_with_trigger to 2023-05-03T06:51:38.621406+00:00, run_after=2023-05-03T10:51:38.621406+00:00
[2023-05-03T10:51:38.675+0000] {processor.py:178} INFO - Processing /home/airflow/.local/lib/python3.7/site-packages/airflow/example_dags/example_latest_only_with_trigger.py took 0.221 seconds
[2023-05-03T10:52:10.222+0000] {processor.py:156} INFO - Started process (PID=8789) to work on /home/airflow/.local/lib/python3.7/site-packages/airflow/example_dags/example_latest_only_with_trigger.py
[2023-05-03T10:52:10.224+0000] {processor.py:799} INFO - Processing file /home/airflow/.local/lib/python3.7/site-packages/airflow/example_dags/example_latest_only_with_trigger.py for tasks to queue
[2023-05-03T10:52:10.226+0000] {logging_mixin.py:149} INFO - [2023-05-03T10:52:10.226+0000] {dagbag.py:541} INFO - Filling up the DagBag from /home/airflow/.local/lib/python3.7/site-packages/airflow/example_dags/example_latest_only_with_trigger.py
[2023-05-03T10:52:10.246+0000] {processor.py:809} INFO - DAG(s) dict_keys(['latest_only_with_trigger']) retrieved from /home/airflow/.local/lib/python3.7/site-packages/airflow/example_dags/example_latest_only_with_trigger.py
[2023-05-03T10:52:10.333+0000] {logging_mixin.py:149} INFO - [2023-05-03T10:52:10.333+0000] {dag.py:2726} INFO - Sync 1 DAGs
[2023-05-03T10:52:10.400+0000] {logging_mixin.py:149} INFO - [2023-05-03T10:52:10.400+0000] {dag.py:3490} INFO - Setting next_dagrun for latest_only_with_trigger to 2023-05-03T06:52:10.399677+00:00, run_after=2023-05-03T10:52:10.399677+00:00
[2023-05-03T10:52:10.466+0000] {processor.py:178} INFO - Processing /home/airflow/.local/lib/python3.7/site-packages/airflow/example_dags/example_latest_only_with_trigger.py took 0.254 seconds
[2023-05-03T10:52:44.978+0000] {processor.py:156} INFO - Started process (PID=9035) to work on /home/airflow/.local/lib/python3.7/site-packages/airflow/example_dags/example_latest_only_with_trigger.py
[2023-05-03T10:52:44.986+0000] {processor.py:799} INFO - Processing file /home/airflow/.local/lib/python3.7/site-packages/airflow/example_dags/example_latest_only_with_trigger.py for tasks to queue
[2023-05-03T10:52:44.995+0000] {logging_mixin.py:149} INFO - [2023-05-03T10:52:44.994+0000] {dagbag.py:541} INFO - Filling up the DagBag from /home/airflow/.local/lib/python3.7/site-packages/airflow/example_dags/example_latest_only_with_trigger.py
[2023-05-03T10:52:45.028+0000] {processor.py:809} INFO - DAG(s) dict_keys(['latest_only_with_trigger']) retrieved from /home/airflow/.local/lib/python3.7/site-packages/airflow/example_dags/example_latest_only_with_trigger.py
[2023-05-03T10:52:45.228+0000] {logging_mixin.py:149} INFO - [2023-05-03T10:52:45.228+0000] {dag.py:2726} INFO - Sync 1 DAGs
[2023-05-03T10:52:45.363+0000] {logging_mixin.py:149} INFO - [2023-05-03T10:52:45.363+0000] {dag.py:3490} INFO - Setting next_dagrun for latest_only_with_trigger to 2023-05-03T06:52:45.363162+00:00, run_after=2023-05-03T10:52:45.363162+00:00
[2023-05-03T10:52:45.458+0000] {processor.py:178} INFO - Processing /home/airflow/.local/lib/python3.7/site-packages/airflow/example_dags/example_latest_only_with_trigger.py took 0.485 seconds
[2023-05-03T10:53:27.858+0000] {processor.py:156} INFO - Started process (PID=9291) to work on /home/airflow/.local/lib/python3.7/site-packages/airflow/example_dags/example_latest_only_with_trigger.py
[2023-05-03T10:53:27.862+0000] {processor.py:799} INFO - Processing file /home/airflow/.local/lib/python3.7/site-packages/airflow/example_dags/example_latest_only_with_trigger.py for tasks to queue
[2023-05-03T10:53:27.865+0000] {logging_mixin.py:149} INFO - [2023-05-03T10:53:27.864+0000] {dagbag.py:541} INFO - Filling up the DagBag from /home/airflow/.local/lib/python3.7/site-packages/airflow/example_dags/example_latest_only_with_trigger.py
[2023-05-03T10:53:27.893+0000] {processor.py:809} INFO - DAG(s) dict_keys(['latest_only_with_trigger']) retrieved from /home/airflow/.local/lib/python3.7/site-packages/airflow/example_dags/example_latest_only_with_trigger.py
[2023-05-03T10:53:28.090+0000] {logging_mixin.py:149} INFO - [2023-05-03T10:53:28.090+0000] {dag.py:2726} INFO - Sync 1 DAGs
[2023-05-03T10:53:28.252+0000] {logging_mixin.py:149} INFO - [2023-05-03T10:53:28.251+0000] {dag.py:3490} INFO - Setting next_dagrun for latest_only_with_trigger to 2023-05-03T06:53:28.247896+00:00, run_after=2023-05-03T10:53:28.247896+00:00
[2023-05-03T10:53:28.427+0000] {processor.py:178} INFO - Processing /home/airflow/.local/lib/python3.7/site-packages/airflow/example_dags/example_latest_only_with_trigger.py took 0.578 seconds
[2023-05-03T10:54:03.881+0000] {processor.py:156} INFO - Started process (PID=9520) to work on /home/airflow/.local/lib/python3.7/site-packages/airflow/example_dags/example_latest_only_with_trigger.py
[2023-05-03T10:54:03.884+0000] {processor.py:799} INFO - Processing file /home/airflow/.local/lib/python3.7/site-packages/airflow/example_dags/example_latest_only_with_trigger.py for tasks to queue
[2023-05-03T10:54:03.886+0000] {logging_mixin.py:149} INFO - [2023-05-03T10:54:03.886+0000] {dagbag.py:541} INFO - Filling up the DagBag from /home/airflow/.local/lib/python3.7/site-packages/airflow/example_dags/example_latest_only_with_trigger.py
[2023-05-03T10:54:03.914+0000] {processor.py:809} INFO - DAG(s) dict_keys(['latest_only_with_trigger']) retrieved from /home/airflow/.local/lib/python3.7/site-packages/airflow/example_dags/example_latest_only_with_trigger.py
[2023-05-03T10:54:04.076+0000] {logging_mixin.py:149} INFO - [2023-05-03T10:54:04.076+0000] {dag.py:2726} INFO - Sync 1 DAGs
[2023-05-03T10:54:04.205+0000] {logging_mixin.py:149} INFO - [2023-05-03T10:54:04.204+0000] {dag.py:3490} INFO - Setting next_dagrun for latest_only_with_trigger to 2023-05-03T06:54:04.204418+00:00, run_after=2023-05-03T10:54:04.204418+00:00
[2023-05-03T10:54:04.309+0000] {processor.py:178} INFO - Processing /home/airflow/.local/lib/python3.7/site-packages/airflow/example_dags/example_latest_only_with_trigger.py took 0.461 seconds
[2023-05-03T10:54:35.069+0000] {processor.py:156} INFO - Started process (PID=9758) to work on /home/airflow/.local/lib/python3.7/site-packages/airflow/example_dags/example_latest_only_with_trigger.py
[2023-05-03T10:54:35.079+0000] {processor.py:799} INFO - Processing file /home/airflow/.local/lib/python3.7/site-packages/airflow/example_dags/example_latest_only_with_trigger.py for tasks to queue
[2023-05-03T10:54:35.080+0000] {logging_mixin.py:149} INFO - [2023-05-03T10:54:35.080+0000] {dagbag.py:541} INFO - Filling up the DagBag from /home/airflow/.local/lib/python3.7/site-packages/airflow/example_dags/example_latest_only_with_trigger.py
[2023-05-03T10:54:35.102+0000] {processor.py:809} INFO - DAG(s) dict_keys(['latest_only_with_trigger']) retrieved from /home/airflow/.local/lib/python3.7/site-packages/airflow/example_dags/example_latest_only_with_trigger.py
[2023-05-03T10:54:35.206+0000] {logging_mixin.py:149} INFO - [2023-05-03T10:54:35.205+0000] {dag.py:2726} INFO - Sync 1 DAGs
[2023-05-03T10:54:35.287+0000] {logging_mixin.py:149} INFO - [2023-05-03T10:54:35.287+0000] {dag.py:3490} INFO - Setting next_dagrun for latest_only_with_trigger to 2023-05-03T06:54:35.283848+00:00, run_after=2023-05-03T10:54:35.283848+00:00
[2023-05-03T10:54:35.371+0000] {processor.py:178} INFO - Processing /home/airflow/.local/lib/python3.7/site-packages/airflow/example_dags/example_latest_only_with_trigger.py took 0.328 seconds
