[2023-05-03T09:31:25.802+0000] {processor.py:156} INFO - Started process (PID=296) to work on /home/airflow/.local/lib/python3.7/site-packages/airflow/example_dags/example_branch_labels.py
[2023-05-03T09:31:25.805+0000] {processor.py:799} INFO - Processing file /home/airflow/.local/lib/python3.7/site-packages/airflow/example_dags/example_branch_labels.py for tasks to queue
[2023-05-03T09:31:25.812+0000] {logging_mixin.py:149} INFO - [2023-05-03T09:31:25.812+0000] {dagbag.py:541} INFO - Filling up the DagBag from /home/airflow/.local/lib/python3.7/site-packages/airflow/example_dags/example_branch_labels.py
[2023-05-03T09:31:25.847+0000] {processor.py:809} INFO - DAG(s) dict_keys(['example_branch_labels']) retrieved from /home/airflow/.local/lib/python3.7/site-packages/airflow/example_dags/example_branch_labels.py
[2023-05-03T09:31:25.963+0000] {logging_mixin.py:149} INFO - [2023-05-03T09:31:25.962+0000] {dag.py:2726} INFO - Sync 1 DAGs
[2023-05-03T09:31:26.085+0000] {logging_mixin.py:149} INFO - [2023-05-03T09:31:26.085+0000] {dag.py:3490} INFO - Setting next_dagrun for example_branch_labels to 2023-05-02T00:00:00+00:00, run_after=2023-05-03T00:00:00+00:00
[2023-05-03T09:31:26.176+0000] {processor.py:178} INFO - Processing /home/airflow/.local/lib/python3.7/site-packages/airflow/example_dags/example_branch_labels.py took 0.390 seconds
[2023-05-03T09:32:08.550+0000] {processor.py:156} INFO - Started process (PID=532) to work on /home/airflow/.local/lib/python3.7/site-packages/airflow/example_dags/example_branch_labels.py
[2023-05-03T09:32:08.553+0000] {processor.py:799} INFO - Processing file /home/airflow/.local/lib/python3.7/site-packages/airflow/example_dags/example_branch_labels.py for tasks to queue
[2023-05-03T09:32:08.564+0000] {logging_mixin.py:149} INFO - [2023-05-03T09:32:08.563+0000] {dagbag.py:541} INFO - Filling up the DagBag from /home/airflow/.local/lib/python3.7/site-packages/airflow/example_dags/example_branch_labels.py
[2023-05-03T09:32:08.597+0000] {processor.py:809} INFO - DAG(s) dict_keys(['example_branch_labels']) retrieved from /home/airflow/.local/lib/python3.7/site-packages/airflow/example_dags/example_branch_labels.py
[2023-05-03T09:32:09.074+0000] {logging_mixin.py:149} INFO - [2023-05-03T09:32:09.073+0000] {dag.py:2726} INFO - Sync 1 DAGs
[2023-05-03T09:32:09.153+0000] {logging_mixin.py:149} INFO - [2023-05-03T09:32:09.153+0000] {dag.py:3490} INFO - Setting next_dagrun for example_branch_labels to 2023-05-02T00:00:00+00:00, run_after=2023-05-03T00:00:00+00:00
[2023-05-03T09:32:09.561+0000] {processor.py:178} INFO - Processing /home/airflow/.local/lib/python3.7/site-packages/airflow/example_dags/example_branch_labels.py took 1.016 seconds
[2023-05-03T09:32:41.108+0000] {processor.py:156} INFO - Started process (PID=770) to work on /home/airflow/.local/lib/python3.7/site-packages/airflow/example_dags/example_branch_labels.py
[2023-05-03T09:32:41.109+0000] {processor.py:799} INFO - Processing file /home/airflow/.local/lib/python3.7/site-packages/airflow/example_dags/example_branch_labels.py for tasks to queue
[2023-05-03T09:32:41.111+0000] {logging_mixin.py:149} INFO - [2023-05-03T09:32:41.110+0000] {dagbag.py:541} INFO - Filling up the DagBag from /home/airflow/.local/lib/python3.7/site-packages/airflow/example_dags/example_branch_labels.py
[2023-05-03T09:32:41.123+0000] {processor.py:809} INFO - DAG(s) dict_keys(['example_branch_labels']) retrieved from /home/airflow/.local/lib/python3.7/site-packages/airflow/example_dags/example_branch_labels.py
[2023-05-03T09:32:41.160+0000] {logging_mixin.py:149} INFO - [2023-05-03T09:32:41.160+0000] {dag.py:2726} INFO - Sync 1 DAGs
[2023-05-03T09:32:41.195+0000] {logging_mixin.py:149} INFO - [2023-05-03T09:32:41.195+0000] {dag.py:3490} INFO - Setting next_dagrun for example_branch_labels to 2023-05-02T00:00:00+00:00, run_after=2023-05-03T00:00:00+00:00
[2023-05-03T09:32:41.229+0000] {processor.py:178} INFO - Processing /home/airflow/.local/lib/python3.7/site-packages/airflow/example_dags/example_branch_labels.py took 0.124 seconds
[2023-05-03T09:33:31.750+0000] {processor.py:156} INFO - Started process (PID=995) to work on /home/airflow/.local/lib/python3.7/site-packages/airflow/example_dags/example_branch_labels.py
[2023-05-03T09:33:31.752+0000] {processor.py:799} INFO - Processing file /home/airflow/.local/lib/python3.7/site-packages/airflow/example_dags/example_branch_labels.py for tasks to queue
[2023-05-03T09:33:31.759+0000] {logging_mixin.py:149} INFO - [2023-05-03T09:33:31.759+0000] {dagbag.py:541} INFO - Filling up the DagBag from /home/airflow/.local/lib/python3.7/site-packages/airflow/example_dags/example_branch_labels.py
[2023-05-03T09:33:31.794+0000] {processor.py:809} INFO - DAG(s) dict_keys(['example_branch_labels']) retrieved from /home/airflow/.local/lib/python3.7/site-packages/airflow/example_dags/example_branch_labels.py
[2023-05-03T09:33:31.875+0000] {logging_mixin.py:149} INFO - [2023-05-03T09:33:31.874+0000] {dag.py:2726} INFO - Sync 1 DAGs
[2023-05-03T09:33:31.940+0000] {logging_mixin.py:149} INFO - [2023-05-03T09:33:31.940+0000] {dag.py:3490} INFO - Setting next_dagrun for example_branch_labels to 2023-05-02T00:00:00+00:00, run_after=2023-05-03T00:00:00+00:00
[2023-05-03T09:33:31.998+0000] {processor.py:178} INFO - Processing /home/airflow/.local/lib/python3.7/site-packages/airflow/example_dags/example_branch_labels.py took 0.252 seconds
[2023-05-03T09:34:05.673+0000] {processor.py:156} INFO - Started process (PID=1230) to work on /home/airflow/.local/lib/python3.7/site-packages/airflow/example_dags/example_branch_labels.py
[2023-05-03T09:34:05.676+0000] {processor.py:799} INFO - Processing file /home/airflow/.local/lib/python3.7/site-packages/airflow/example_dags/example_branch_labels.py for tasks to queue
[2023-05-03T09:34:05.678+0000] {logging_mixin.py:149} INFO - [2023-05-03T09:34:05.677+0000] {dagbag.py:541} INFO - Filling up the DagBag from /home/airflow/.local/lib/python3.7/site-packages/airflow/example_dags/example_branch_labels.py
[2023-05-03T09:34:05.701+0000] {processor.py:809} INFO - DAG(s) dict_keys(['example_branch_labels']) retrieved from /home/airflow/.local/lib/python3.7/site-packages/airflow/example_dags/example_branch_labels.py
[2023-05-03T09:34:05.775+0000] {logging_mixin.py:149} INFO - [2023-05-03T09:34:05.775+0000] {dag.py:2726} INFO - Sync 1 DAGs
[2023-05-03T09:34:05.871+0000] {logging_mixin.py:149} INFO - [2023-05-03T09:34:05.871+0000] {dag.py:3490} INFO - Setting next_dagrun for example_branch_labels to 2023-05-02T00:00:00+00:00, run_after=2023-05-03T00:00:00+00:00
[2023-05-03T09:34:05.954+0000] {processor.py:178} INFO - Processing /home/airflow/.local/lib/python3.7/site-packages/airflow/example_dags/example_branch_labels.py took 0.286 seconds
[2023-05-03T09:34:36.542+0000] {processor.py:156} INFO - Started process (PID=1468) to work on /home/airflow/.local/lib/python3.7/site-packages/airflow/example_dags/example_branch_labels.py
[2023-05-03T09:34:36.544+0000] {processor.py:799} INFO - Processing file /home/airflow/.local/lib/python3.7/site-packages/airflow/example_dags/example_branch_labels.py for tasks to queue
[2023-05-03T09:34:36.546+0000] {logging_mixin.py:149} INFO - [2023-05-03T09:34:36.545+0000] {dagbag.py:541} INFO - Filling up the DagBag from /home/airflow/.local/lib/python3.7/site-packages/airflow/example_dags/example_branch_labels.py
[2023-05-03T09:34:36.565+0000] {processor.py:809} INFO - DAG(s) dict_keys(['example_branch_labels']) retrieved from /home/airflow/.local/lib/python3.7/site-packages/airflow/example_dags/example_branch_labels.py
[2023-05-03T09:34:36.632+0000] {logging_mixin.py:149} INFO - [2023-05-03T09:34:36.632+0000] {dag.py:2726} INFO - Sync 1 DAGs
[2023-05-03T09:34:36.696+0000] {logging_mixin.py:149} INFO - [2023-05-03T09:34:36.695+0000] {dag.py:3490} INFO - Setting next_dagrun for example_branch_labels to 2023-05-02T00:00:00+00:00, run_after=2023-05-03T00:00:00+00:00
[2023-05-03T09:34:36.764+0000] {processor.py:178} INFO - Processing /home/airflow/.local/lib/python3.7/site-packages/airflow/example_dags/example_branch_labels.py took 0.227 seconds
[2023-05-03T09:35:07.958+0000] {processor.py:156} INFO - Started process (PID=1702) to work on /home/airflow/.local/lib/python3.7/site-packages/airflow/example_dags/example_branch_labels.py
[2023-05-03T09:35:07.960+0000] {processor.py:799} INFO - Processing file /home/airflow/.local/lib/python3.7/site-packages/airflow/example_dags/example_branch_labels.py for tasks to queue
[2023-05-03T09:35:07.962+0000] {logging_mixin.py:149} INFO - [2023-05-03T09:35:07.962+0000] {dagbag.py:541} INFO - Filling up the DagBag from /home/airflow/.local/lib/python3.7/site-packages/airflow/example_dags/example_branch_labels.py
[2023-05-03T09:35:07.979+0000] {processor.py:809} INFO - DAG(s) dict_keys(['example_branch_labels']) retrieved from /home/airflow/.local/lib/python3.7/site-packages/airflow/example_dags/example_branch_labels.py
[2023-05-03T09:35:08.129+0000] {logging_mixin.py:149} INFO - [2023-05-03T09:35:08.129+0000] {dag.py:2726} INFO - Sync 1 DAGs
[2023-05-03T09:35:08.213+0000] {logging_mixin.py:149} INFO - [2023-05-03T09:35:08.213+0000] {dag.py:3490} INFO - Setting next_dagrun for example_branch_labels to 2023-05-02T00:00:00+00:00, run_after=2023-05-03T00:00:00+00:00
[2023-05-03T09:35:08.262+0000] {processor.py:178} INFO - Processing /home/airflow/.local/lib/python3.7/site-packages/airflow/example_dags/example_branch_labels.py took 0.313 seconds
[2023-05-03T09:35:50.076+0000] {processor.py:156} INFO - Started process (PID=1983) to work on /home/airflow/.local/lib/python3.7/site-packages/airflow/example_dags/example_branch_labels.py
[2023-05-03T09:35:50.084+0000] {processor.py:799} INFO - Processing file /home/airflow/.local/lib/python3.7/site-packages/airflow/example_dags/example_branch_labels.py for tasks to queue
[2023-05-03T09:35:50.087+0000] {logging_mixin.py:149} INFO - [2023-05-03T09:35:50.086+0000] {dagbag.py:541} INFO - Filling up the DagBag from /home/airflow/.local/lib/python3.7/site-packages/airflow/example_dags/example_branch_labels.py
[2023-05-03T09:35:50.128+0000] {processor.py:809} INFO - DAG(s) dict_keys(['example_branch_labels']) retrieved from /home/airflow/.local/lib/python3.7/site-packages/airflow/example_dags/example_branch_labels.py
[2023-05-03T09:35:50.197+0000] {logging_mixin.py:149} INFO - [2023-05-03T09:35:50.197+0000] {dag.py:2726} INFO - Sync 1 DAGs
[2023-05-03T09:35:50.254+0000] {logging_mixin.py:149} INFO - [2023-05-03T09:35:50.254+0000] {dag.py:3490} INFO - Setting next_dagrun for example_branch_labels to 2023-05-02T00:00:00+00:00, run_after=2023-05-03T00:00:00+00:00
[2023-05-03T09:35:50.303+0000] {processor.py:178} INFO - Processing /home/airflow/.local/lib/python3.7/site-packages/airflow/example_dags/example_branch_labels.py took 0.240 seconds
[2023-05-03T09:36:21.843+0000] {processor.py:156} INFO - Started process (PID=2220) to work on /home/airflow/.local/lib/python3.7/site-packages/airflow/example_dags/example_branch_labels.py
[2023-05-03T09:36:21.845+0000] {processor.py:799} INFO - Processing file /home/airflow/.local/lib/python3.7/site-packages/airflow/example_dags/example_branch_labels.py for tasks to queue
[2023-05-03T09:36:21.848+0000] {logging_mixin.py:149} INFO - [2023-05-03T09:36:21.848+0000] {dagbag.py:541} INFO - Filling up the DagBag from /home/airflow/.local/lib/python3.7/site-packages/airflow/example_dags/example_branch_labels.py
[2023-05-03T09:36:21.861+0000] {processor.py:809} INFO - DAG(s) dict_keys(['example_branch_labels']) retrieved from /home/airflow/.local/lib/python3.7/site-packages/airflow/example_dags/example_branch_labels.py
[2023-05-03T09:36:21.919+0000] {logging_mixin.py:149} INFO - [2023-05-03T09:36:21.918+0000] {dag.py:2726} INFO - Sync 1 DAGs
[2023-05-03T09:36:21.986+0000] {logging_mixin.py:149} INFO - [2023-05-03T09:36:21.984+0000] {dag.py:3490} INFO - Setting next_dagrun for example_branch_labels to 2023-05-02T00:00:00+00:00, run_after=2023-05-03T00:00:00+00:00
[2023-05-03T09:36:22.055+0000] {processor.py:178} INFO - Processing /home/airflow/.local/lib/python3.7/site-packages/airflow/example_dags/example_branch_labels.py took 0.217 seconds
[2023-05-03T09:36:52.868+0000] {processor.py:156} INFO - Started process (PID=2456) to work on /home/airflow/.local/lib/python3.7/site-packages/airflow/example_dags/example_branch_labels.py
[2023-05-03T09:36:52.883+0000] {processor.py:799} INFO - Processing file /home/airflow/.local/lib/python3.7/site-packages/airflow/example_dags/example_branch_labels.py for tasks to queue
[2023-05-03T09:36:52.884+0000] {logging_mixin.py:149} INFO - [2023-05-03T09:36:52.884+0000] {dagbag.py:541} INFO - Filling up the DagBag from /home/airflow/.local/lib/python3.7/site-packages/airflow/example_dags/example_branch_labels.py
[2023-05-03T09:36:52.898+0000] {processor.py:809} INFO - DAG(s) dict_keys(['example_branch_labels']) retrieved from /home/airflow/.local/lib/python3.7/site-packages/airflow/example_dags/example_branch_labels.py
[2023-05-03T09:36:52.994+0000] {logging_mixin.py:149} INFO - [2023-05-03T09:36:52.994+0000] {dag.py:2726} INFO - Sync 1 DAGs
[2023-05-03T09:36:53.074+0000] {logging_mixin.py:149} INFO - [2023-05-03T09:36:53.070+0000] {dag.py:3490} INFO - Setting next_dagrun for example_branch_labels to 2023-05-02T00:00:00+00:00, run_after=2023-05-03T00:00:00+00:00
[2023-05-03T09:36:53.133+0000] {processor.py:178} INFO - Processing /home/airflow/.local/lib/python3.7/site-packages/airflow/example_dags/example_branch_labels.py took 0.269 seconds
[2023-05-03T09:37:25.419+0000] {processor.py:156} INFO - Started process (PID=2698) to work on /home/airflow/.local/lib/python3.7/site-packages/airflow/example_dags/example_branch_labels.py
[2023-05-03T09:37:25.425+0000] {processor.py:799} INFO - Processing file /home/airflow/.local/lib/python3.7/site-packages/airflow/example_dags/example_branch_labels.py for tasks to queue
[2023-05-03T09:37:25.427+0000] {logging_mixin.py:149} INFO - [2023-05-03T09:37:25.427+0000] {dagbag.py:541} INFO - Filling up the DagBag from /home/airflow/.local/lib/python3.7/site-packages/airflow/example_dags/example_branch_labels.py
[2023-05-03T09:37:25.445+0000] {processor.py:809} INFO - DAG(s) dict_keys(['example_branch_labels']) retrieved from /home/airflow/.local/lib/python3.7/site-packages/airflow/example_dags/example_branch_labels.py
[2023-05-03T09:37:25.493+0000] {logging_mixin.py:149} INFO - [2023-05-03T09:37:25.493+0000] {dag.py:2726} INFO - Sync 1 DAGs
[2023-05-03T09:37:25.536+0000] {logging_mixin.py:149} INFO - [2023-05-03T09:37:25.536+0000] {dag.py:3490} INFO - Setting next_dagrun for example_branch_labels to 2023-05-02T00:00:00+00:00, run_after=2023-05-03T00:00:00+00:00
[2023-05-03T09:37:25.571+0000] {processor.py:178} INFO - Processing /home/airflow/.local/lib/python3.7/site-packages/airflow/example_dags/example_branch_labels.py took 0.158 seconds
[2023-05-03T09:37:59.935+0000] {processor.py:156} INFO - Started process (PID=2946) to work on /home/airflow/.local/lib/python3.7/site-packages/airflow/example_dags/example_branch_labels.py
[2023-05-03T09:37:59.937+0000] {processor.py:799} INFO - Processing file /home/airflow/.local/lib/python3.7/site-packages/airflow/example_dags/example_branch_labels.py for tasks to queue
[2023-05-03T09:37:59.938+0000] {logging_mixin.py:149} INFO - [2023-05-03T09:37:59.938+0000] {dagbag.py:541} INFO - Filling up the DagBag from /home/airflow/.local/lib/python3.7/site-packages/airflow/example_dags/example_branch_labels.py
[2023-05-03T09:37:59.950+0000] {processor.py:809} INFO - DAG(s) dict_keys(['example_branch_labels']) retrieved from /home/airflow/.local/lib/python3.7/site-packages/airflow/example_dags/example_branch_labels.py
[2023-05-03T09:37:59.985+0000] {logging_mixin.py:149} INFO - [2023-05-03T09:37:59.985+0000] {dag.py:2726} INFO - Sync 1 DAGs
[2023-05-03T09:38:00.026+0000] {logging_mixin.py:149} INFO - [2023-05-03T09:38:00.025+0000] {dag.py:3490} INFO - Setting next_dagrun for example_branch_labels to 2023-05-02T00:00:00+00:00, run_after=2023-05-03T00:00:00+00:00
[2023-05-03T09:38:00.062+0000] {processor.py:178} INFO - Processing /home/airflow/.local/lib/python3.7/site-packages/airflow/example_dags/example_branch_labels.py took 0.132 seconds
[2023-05-03T09:38:34.103+0000] {processor.py:156} INFO - Started process (PID=3182) to work on /home/airflow/.local/lib/python3.7/site-packages/airflow/example_dags/example_branch_labels.py
[2023-05-03T09:38:34.106+0000] {processor.py:799} INFO - Processing file /home/airflow/.local/lib/python3.7/site-packages/airflow/example_dags/example_branch_labels.py for tasks to queue
[2023-05-03T09:38:34.107+0000] {logging_mixin.py:149} INFO - [2023-05-03T09:38:34.107+0000] {dagbag.py:541} INFO - Filling up the DagBag from /home/airflow/.local/lib/python3.7/site-packages/airflow/example_dags/example_branch_labels.py
[2023-05-03T09:38:34.121+0000] {processor.py:809} INFO - DAG(s) dict_keys(['example_branch_labels']) retrieved from /home/airflow/.local/lib/python3.7/site-packages/airflow/example_dags/example_branch_labels.py
[2023-05-03T09:38:34.162+0000] {logging_mixin.py:149} INFO - [2023-05-03T09:38:34.161+0000] {dag.py:2726} INFO - Sync 1 DAGs
[2023-05-03T09:38:34.203+0000] {logging_mixin.py:149} INFO - [2023-05-03T09:38:34.203+0000] {dag.py:3490} INFO - Setting next_dagrun for example_branch_labels to 2023-05-02T00:00:00+00:00, run_after=2023-05-03T00:00:00+00:00
[2023-05-03T09:38:34.240+0000] {processor.py:178} INFO - Processing /home/airflow/.local/lib/python3.7/site-packages/airflow/example_dags/example_branch_labels.py took 0.141 seconds
[2023-05-03T09:39:05.278+0000] {processor.py:156} INFO - Started process (PID=3416) to work on /home/airflow/.local/lib/python3.7/site-packages/airflow/example_dags/example_branch_labels.py
[2023-05-03T09:39:05.281+0000] {processor.py:799} INFO - Processing file /home/airflow/.local/lib/python3.7/site-packages/airflow/example_dags/example_branch_labels.py for tasks to queue
[2023-05-03T09:39:05.283+0000] {logging_mixin.py:149} INFO - [2023-05-03T09:39:05.283+0000] {dagbag.py:541} INFO - Filling up the DagBag from /home/airflow/.local/lib/python3.7/site-packages/airflow/example_dags/example_branch_labels.py
[2023-05-03T09:39:05.299+0000] {processor.py:809} INFO - DAG(s) dict_keys(['example_branch_labels']) retrieved from /home/airflow/.local/lib/python3.7/site-packages/airflow/example_dags/example_branch_labels.py
[2023-05-03T09:39:05.339+0000] {logging_mixin.py:149} INFO - [2023-05-03T09:39:05.339+0000] {dag.py:2726} INFO - Sync 1 DAGs
[2023-05-03T09:39:05.388+0000] {logging_mixin.py:149} INFO - [2023-05-03T09:39:05.387+0000] {dag.py:3490} INFO - Setting next_dagrun for example_branch_labels to 2023-05-02T00:00:00+00:00, run_after=2023-05-03T00:00:00+00:00
[2023-05-03T09:39:05.426+0000] {processor.py:178} INFO - Processing /home/airflow/.local/lib/python3.7/site-packages/airflow/example_dags/example_branch_labels.py took 0.155 seconds
[2023-05-03T09:39:37.148+0000] {processor.py:156} INFO - Started process (PID=3653) to work on /home/airflow/.local/lib/python3.7/site-packages/airflow/example_dags/example_branch_labels.py
[2023-05-03T09:39:37.163+0000] {processor.py:799} INFO - Processing file /home/airflow/.local/lib/python3.7/site-packages/airflow/example_dags/example_branch_labels.py for tasks to queue
[2023-05-03T09:39:37.165+0000] {logging_mixin.py:149} INFO - [2023-05-03T09:39:37.165+0000] {dagbag.py:541} INFO - Filling up the DagBag from /home/airflow/.local/lib/python3.7/site-packages/airflow/example_dags/example_branch_labels.py
[2023-05-03T09:39:37.185+0000] {processor.py:809} INFO - DAG(s) dict_keys(['example_branch_labels']) retrieved from /home/airflow/.local/lib/python3.7/site-packages/airflow/example_dags/example_branch_labels.py
[2023-05-03T09:39:37.248+0000] {logging_mixin.py:149} INFO - [2023-05-03T09:39:37.248+0000] {dag.py:2726} INFO - Sync 1 DAGs
[2023-05-03T09:39:37.309+0000] {logging_mixin.py:149} INFO - [2023-05-03T09:39:37.308+0000] {dag.py:3490} INFO - Setting next_dagrun for example_branch_labels to 2023-05-02T00:00:00+00:00, run_after=2023-05-03T00:00:00+00:00
[2023-05-03T09:39:37.352+0000] {processor.py:178} INFO - Processing /home/airflow/.local/lib/python3.7/site-packages/airflow/example_dags/example_branch_labels.py took 0.212 seconds
[2023-05-03T09:40:08.059+0000] {processor.py:156} INFO - Started process (PID=3889) to work on /home/airflow/.local/lib/python3.7/site-packages/airflow/example_dags/example_branch_labels.py
[2023-05-03T09:40:08.061+0000] {processor.py:799} INFO - Processing file /home/airflow/.local/lib/python3.7/site-packages/airflow/example_dags/example_branch_labels.py for tasks to queue
[2023-05-03T09:40:08.063+0000] {logging_mixin.py:149} INFO - [2023-05-03T09:40:08.062+0000] {dagbag.py:541} INFO - Filling up the DagBag from /home/airflow/.local/lib/python3.7/site-packages/airflow/example_dags/example_branch_labels.py
[2023-05-03T09:40:08.077+0000] {processor.py:809} INFO - DAG(s) dict_keys(['example_branch_labels']) retrieved from /home/airflow/.local/lib/python3.7/site-packages/airflow/example_dags/example_branch_labels.py
[2023-05-03T09:40:08.125+0000] {logging_mixin.py:149} INFO - [2023-05-03T09:40:08.125+0000] {dag.py:2726} INFO - Sync 1 DAGs
[2023-05-03T09:40:08.178+0000] {logging_mixin.py:149} INFO - [2023-05-03T09:40:08.178+0000] {dag.py:3490} INFO - Setting next_dagrun for example_branch_labels to 2023-05-02T00:00:00+00:00, run_after=2023-05-03T00:00:00+00:00
[2023-05-03T09:40:08.215+0000] {processor.py:178} INFO - Processing /home/airflow/.local/lib/python3.7/site-packages/airflow/example_dags/example_branch_labels.py took 0.161 seconds
[2023-05-03T09:40:39.143+0000] {processor.py:156} INFO - Started process (PID=4127) to work on /home/airflow/.local/lib/python3.7/site-packages/airflow/example_dags/example_branch_labels.py
[2023-05-03T09:40:39.146+0000] {processor.py:799} INFO - Processing file /home/airflow/.local/lib/python3.7/site-packages/airflow/example_dags/example_branch_labels.py for tasks to queue
[2023-05-03T09:40:39.147+0000] {logging_mixin.py:149} INFO - [2023-05-03T09:40:39.147+0000] {dagbag.py:541} INFO - Filling up the DagBag from /home/airflow/.local/lib/python3.7/site-packages/airflow/example_dags/example_branch_labels.py
[2023-05-03T09:40:39.160+0000] {processor.py:809} INFO - DAG(s) dict_keys(['example_branch_labels']) retrieved from /home/airflow/.local/lib/python3.7/site-packages/airflow/example_dags/example_branch_labels.py
[2023-05-03T09:40:39.198+0000] {logging_mixin.py:149} INFO - [2023-05-03T09:40:39.197+0000] {dag.py:2726} INFO - Sync 1 DAGs
[2023-05-03T09:40:39.239+0000] {logging_mixin.py:149} INFO - [2023-05-03T09:40:39.239+0000] {dag.py:3490} INFO - Setting next_dagrun for example_branch_labels to 2023-05-02T00:00:00+00:00, run_after=2023-05-03T00:00:00+00:00
[2023-05-03T09:40:39.270+0000] {processor.py:178} INFO - Processing /home/airflow/.local/lib/python3.7/site-packages/airflow/example_dags/example_branch_labels.py took 0.131 seconds
[2023-05-03T09:41:09.784+0000] {processor.py:156} INFO - Started process (PID=4361) to work on /home/airflow/.local/lib/python3.7/site-packages/airflow/example_dags/example_branch_labels.py
[2023-05-03T09:41:09.786+0000] {processor.py:799} INFO - Processing file /home/airflow/.local/lib/python3.7/site-packages/airflow/example_dags/example_branch_labels.py for tasks to queue
[2023-05-03T09:41:09.787+0000] {logging_mixin.py:149} INFO - [2023-05-03T09:41:09.787+0000] {dagbag.py:541} INFO - Filling up the DagBag from /home/airflow/.local/lib/python3.7/site-packages/airflow/example_dags/example_branch_labels.py
[2023-05-03T09:41:09.810+0000] {processor.py:809} INFO - DAG(s) dict_keys(['example_branch_labels']) retrieved from /home/airflow/.local/lib/python3.7/site-packages/airflow/example_dags/example_branch_labels.py
[2023-05-03T09:41:09.862+0000] {logging_mixin.py:149} INFO - [2023-05-03T09:41:09.861+0000] {dag.py:2726} INFO - Sync 1 DAGs
[2023-05-03T09:41:09.920+0000] {logging_mixin.py:149} INFO - [2023-05-03T09:41:09.915+0000] {dag.py:3490} INFO - Setting next_dagrun for example_branch_labels to 2023-05-02T00:00:00+00:00, run_after=2023-05-03T00:00:00+00:00
[2023-05-03T09:41:09.972+0000] {processor.py:178} INFO - Processing /home/airflow/.local/lib/python3.7/site-packages/airflow/example_dags/example_branch_labels.py took 0.193 seconds
[2023-05-03T09:41:41.665+0000] {processor.py:156} INFO - Started process (PID=4607) to work on /home/airflow/.local/lib/python3.7/site-packages/airflow/example_dags/example_branch_labels.py
[2023-05-03T09:41:41.667+0000] {processor.py:799} INFO - Processing file /home/airflow/.local/lib/python3.7/site-packages/airflow/example_dags/example_branch_labels.py for tasks to queue
[2023-05-03T09:41:41.670+0000] {logging_mixin.py:149} INFO - [2023-05-03T09:41:41.669+0000] {dagbag.py:541} INFO - Filling up the DagBag from /home/airflow/.local/lib/python3.7/site-packages/airflow/example_dags/example_branch_labels.py
[2023-05-03T09:41:41.689+0000] {processor.py:809} INFO - DAG(s) dict_keys(['example_branch_labels']) retrieved from /home/airflow/.local/lib/python3.7/site-packages/airflow/example_dags/example_branch_labels.py
[2023-05-03T09:41:41.742+0000] {logging_mixin.py:149} INFO - [2023-05-03T09:41:41.741+0000] {dag.py:2726} INFO - Sync 1 DAGs
[2023-05-03T09:41:41.790+0000] {logging_mixin.py:149} INFO - [2023-05-03T09:41:41.789+0000] {dag.py:3490} INFO - Setting next_dagrun for example_branch_labels to 2023-05-02T00:00:00+00:00, run_after=2023-05-03T00:00:00+00:00
[2023-05-03T09:41:41.821+0000] {processor.py:178} INFO - Processing /home/airflow/.local/lib/python3.7/site-packages/airflow/example_dags/example_branch_labels.py took 0.162 seconds
[2023-05-03T09:44:52.937+0000] {processor.py:156} INFO - Started process (PID=297) to work on /home/airflow/.local/lib/python3.7/site-packages/airflow/example_dags/example_branch_labels.py
[2023-05-03T09:44:52.941+0000] {processor.py:799} INFO - Processing file /home/airflow/.local/lib/python3.7/site-packages/airflow/example_dags/example_branch_labels.py for tasks to queue
[2023-05-03T09:44:52.944+0000] {logging_mixin.py:149} INFO - [2023-05-03T09:44:52.943+0000] {dagbag.py:541} INFO - Filling up the DagBag from /home/airflow/.local/lib/python3.7/site-packages/airflow/example_dags/example_branch_labels.py
[2023-05-03T09:44:52.964+0000] {processor.py:809} INFO - DAG(s) dict_keys(['example_branch_labels']) retrieved from /home/airflow/.local/lib/python3.7/site-packages/airflow/example_dags/example_branch_labels.py
[2023-05-03T09:44:53.120+0000] {logging_mixin.py:149} INFO - [2023-05-03T09:44:53.120+0000] {dag.py:2726} INFO - Sync 1 DAGs
[2023-05-03T09:44:53.209+0000] {logging_mixin.py:149} INFO - [2023-05-03T09:44:53.208+0000] {dag.py:3490} INFO - Setting next_dagrun for example_branch_labels to 2023-05-02T00:00:00+00:00, run_after=2023-05-03T00:00:00+00:00
[2023-05-03T09:44:53.557+0000] {processor.py:178} INFO - Processing /home/airflow/.local/lib/python3.7/site-packages/airflow/example_dags/example_branch_labels.py took 0.632 seconds
[2023-05-03T09:46:34.378+0000] {processor.py:156} INFO - Started process (PID=616) to work on /home/airflow/.local/lib/python3.7/site-packages/airflow/example_dags/example_branch_labels.py
[2023-05-03T09:46:34.380+0000] {processor.py:799} INFO - Processing file /home/airflow/.local/lib/python3.7/site-packages/airflow/example_dags/example_branch_labels.py for tasks to queue
[2023-05-03T09:46:34.393+0000] {logging_mixin.py:149} INFO - [2023-05-03T09:46:34.393+0000] {dagbag.py:541} INFO - Filling up the DagBag from /home/airflow/.local/lib/python3.7/site-packages/airflow/example_dags/example_branch_labels.py
[2023-05-03T09:46:34.462+0000] {processor.py:809} INFO - DAG(s) dict_keys(['example_branch_labels']) retrieved from /home/airflow/.local/lib/python3.7/site-packages/airflow/example_dags/example_branch_labels.py
[2023-05-03T09:46:34.583+0000] {logging_mixin.py:149} INFO - [2023-05-03T09:46:34.582+0000] {dag.py:2726} INFO - Sync 1 DAGs
[2023-05-03T09:46:34.713+0000] {logging_mixin.py:149} INFO - [2023-05-03T09:46:34.713+0000] {dag.py:3490} INFO - Setting next_dagrun for example_branch_labels to 2023-05-02T00:00:00+00:00, run_after=2023-05-03T00:00:00+00:00
[2023-05-03T09:46:34.804+0000] {processor.py:178} INFO - Processing /home/airflow/.local/lib/python3.7/site-packages/airflow/example_dags/example_branch_labels.py took 0.443 seconds
[2023-05-03T09:47:36.559+0000] {processor.py:156} INFO - Started process (PID=862) to work on /home/airflow/.local/lib/python3.7/site-packages/airflow/example_dags/example_branch_labels.py
[2023-05-03T09:47:36.572+0000] {processor.py:799} INFO - Processing file /home/airflow/.local/lib/python3.7/site-packages/airflow/example_dags/example_branch_labels.py for tasks to queue
[2023-05-03T09:47:36.574+0000] {logging_mixin.py:149} INFO - [2023-05-03T09:47:36.574+0000] {dagbag.py:541} INFO - Filling up the DagBag from /home/airflow/.local/lib/python3.7/site-packages/airflow/example_dags/example_branch_labels.py
[2023-05-03T09:47:36.606+0000] {processor.py:809} INFO - DAG(s) dict_keys(['example_branch_labels']) retrieved from /home/airflow/.local/lib/python3.7/site-packages/airflow/example_dags/example_branch_labels.py
[2023-05-03T09:47:36.692+0000] {logging_mixin.py:149} INFO - [2023-05-03T09:47:36.692+0000] {dag.py:2726} INFO - Sync 1 DAGs
[2023-05-03T09:47:36.775+0000] {logging_mixin.py:149} INFO - [2023-05-03T09:47:36.775+0000] {dag.py:3490} INFO - Setting next_dagrun for example_branch_labels to 2023-05-02T00:00:00+00:00, run_after=2023-05-03T00:00:00+00:00
[2023-05-03T09:47:36.883+0000] {processor.py:178} INFO - Processing /home/airflow/.local/lib/python3.7/site-packages/airflow/example_dags/example_branch_labels.py took 0.336 seconds
[2023-05-03T09:48:28.817+0000] {processor.py:156} INFO - Started process (PID=1098) to work on /home/airflow/.local/lib/python3.7/site-packages/airflow/example_dags/example_branch_labels.py
[2023-05-03T09:48:28.823+0000] {processor.py:799} INFO - Processing file /home/airflow/.local/lib/python3.7/site-packages/airflow/example_dags/example_branch_labels.py for tasks to queue
[2023-05-03T09:48:28.840+0000] {logging_mixin.py:149} INFO - [2023-05-03T09:48:28.839+0000] {dagbag.py:541} INFO - Filling up the DagBag from /home/airflow/.local/lib/python3.7/site-packages/airflow/example_dags/example_branch_labels.py
[2023-05-03T09:48:28.864+0000] {processor.py:809} INFO - DAG(s) dict_keys(['example_branch_labels']) retrieved from /home/airflow/.local/lib/python3.7/site-packages/airflow/example_dags/example_branch_labels.py
[2023-05-03T09:48:28.964+0000] {logging_mixin.py:149} INFO - [2023-05-03T09:48:28.964+0000] {dag.py:2726} INFO - Sync 1 DAGs
[2023-05-03T09:48:29.047+0000] {logging_mixin.py:149} INFO - [2023-05-03T09:48:29.046+0000] {dag.py:3490} INFO - Setting next_dagrun for example_branch_labels to 2023-05-02T00:00:00+00:00, run_after=2023-05-03T00:00:00+00:00
[2023-05-03T09:48:29.171+0000] {processor.py:178} INFO - Processing /home/airflow/.local/lib/python3.7/site-packages/airflow/example_dags/example_branch_labels.py took 0.357 seconds
[2023-05-03T09:49:01.002+0000] {processor.py:156} INFO - Started process (PID=1332) to work on /home/airflow/.local/lib/python3.7/site-packages/airflow/example_dags/example_branch_labels.py
[2023-05-03T09:49:01.012+0000] {processor.py:799} INFO - Processing file /home/airflow/.local/lib/python3.7/site-packages/airflow/example_dags/example_branch_labels.py for tasks to queue
[2023-05-03T09:49:01.016+0000] {logging_mixin.py:149} INFO - [2023-05-03T09:49:01.015+0000] {dagbag.py:541} INFO - Filling up the DagBag from /home/airflow/.local/lib/python3.7/site-packages/airflow/example_dags/example_branch_labels.py
[2023-05-03T09:49:01.043+0000] {processor.py:809} INFO - DAG(s) dict_keys(['example_branch_labels']) retrieved from /home/airflow/.local/lib/python3.7/site-packages/airflow/example_dags/example_branch_labels.py
[2023-05-03T09:49:01.145+0000] {logging_mixin.py:149} INFO - [2023-05-03T09:49:01.145+0000] {dag.py:2726} INFO - Sync 1 DAGs
[2023-05-03T09:49:01.228+0000] {logging_mixin.py:149} INFO - [2023-05-03T09:49:01.228+0000] {dag.py:3490} INFO - Setting next_dagrun for example_branch_labels to 2023-05-02T00:00:00+00:00, run_after=2023-05-03T00:00:00+00:00
[2023-05-03T09:49:01.314+0000] {processor.py:178} INFO - Processing /home/airflow/.local/lib/python3.7/site-packages/airflow/example_dags/example_branch_labels.py took 0.316 seconds
[2023-05-03T09:49:49.043+0000] {processor.py:156} INFO - Started process (PID=1553) to work on /home/airflow/.local/lib/python3.7/site-packages/airflow/example_dags/example_branch_labels.py
[2023-05-03T09:49:49.046+0000] {processor.py:799} INFO - Processing file /home/airflow/.local/lib/python3.7/site-packages/airflow/example_dags/example_branch_labels.py for tasks to queue
[2023-05-03T09:49:49.005+0000] {logging_mixin.py:149} INFO - [2023-05-03T09:49:49.005+0000] {dagbag.py:541} INFO - Filling up the DagBag from /home/airflow/.local/lib/python3.7/site-packages/airflow/example_dags/example_branch_labels.py
[2023-05-03T09:49:49.037+0000] {processor.py:809} INFO - DAG(s) dict_keys(['example_branch_labels']) retrieved from /home/airflow/.local/lib/python3.7/site-packages/airflow/example_dags/example_branch_labels.py
[2023-05-03T09:49:49.092+0000] {logging_mixin.py:149} INFO - [2023-05-03T09:49:49.090+0000] {dag.py:2726} INFO - Sync 1 DAGs
[2023-05-03T09:49:49.158+0000] {logging_mixin.py:149} INFO - [2023-05-03T09:49:49.157+0000] {dag.py:3490} INFO - Setting next_dagrun for example_branch_labels to 2023-05-02T00:00:00+00:00, run_after=2023-05-03T00:00:00+00:00
[2023-05-03T09:49:49.200+0000] {processor.py:178} INFO - Processing /home/airflow/.local/lib/python3.7/site-packages/airflow/example_dags/example_branch_labels.py took 0.213 seconds
[2023-05-03T09:50:21.093+0000] {processor.py:156} INFO - Started process (PID=1791) to work on /home/airflow/.local/lib/python3.7/site-packages/airflow/example_dags/example_branch_labels.py
[2023-05-03T09:50:21.095+0000] {processor.py:799} INFO - Processing file /home/airflow/.local/lib/python3.7/site-packages/airflow/example_dags/example_branch_labels.py for tasks to queue
[2023-05-03T09:50:21.097+0000] {logging_mixin.py:149} INFO - [2023-05-03T09:50:21.097+0000] {dagbag.py:541} INFO - Filling up the DagBag from /home/airflow/.local/lib/python3.7/site-packages/airflow/example_dags/example_branch_labels.py
[2023-05-03T09:50:21.120+0000] {processor.py:809} INFO - DAG(s) dict_keys(['example_branch_labels']) retrieved from /home/airflow/.local/lib/python3.7/site-packages/airflow/example_dags/example_branch_labels.py
[2023-05-03T09:50:21.183+0000] {logging_mixin.py:149} INFO - [2023-05-03T09:50:21.183+0000] {dag.py:2726} INFO - Sync 1 DAGs
[2023-05-03T09:50:21.270+0000] {logging_mixin.py:149} INFO - [2023-05-03T09:50:21.269+0000] {dag.py:3490} INFO - Setting next_dagrun for example_branch_labels to 2023-05-02T00:00:00+00:00, run_after=2023-05-03T00:00:00+00:00
[2023-05-03T09:50:21.329+0000] {processor.py:178} INFO - Processing /home/airflow/.local/lib/python3.7/site-packages/airflow/example_dags/example_branch_labels.py took 0.257 seconds
[2023-05-03T09:50:52.139+0000] {processor.py:156} INFO - Started process (PID=2025) to work on /home/airflow/.local/lib/python3.7/site-packages/airflow/example_dags/example_branch_labels.py
[2023-05-03T09:50:52.142+0000] {processor.py:799} INFO - Processing file /home/airflow/.local/lib/python3.7/site-packages/airflow/example_dags/example_branch_labels.py for tasks to queue
[2023-05-03T09:50:52.144+0000] {logging_mixin.py:149} INFO - [2023-05-03T09:50:52.143+0000] {dagbag.py:541} INFO - Filling up the DagBag from /home/airflow/.local/lib/python3.7/site-packages/airflow/example_dags/example_branch_labels.py
[2023-05-03T09:50:52.173+0000] {processor.py:809} INFO - DAG(s) dict_keys(['example_branch_labels']) retrieved from /home/airflow/.local/lib/python3.7/site-packages/airflow/example_dags/example_branch_labels.py
[2023-05-03T09:50:52.245+0000] {logging_mixin.py:149} INFO - [2023-05-03T09:50:52.244+0000] {dag.py:2726} INFO - Sync 1 DAGs
[2023-05-03T09:50:52.385+0000] {logging_mixin.py:149} INFO - [2023-05-03T09:50:52.385+0000] {dag.py:3490} INFO - Setting next_dagrun for example_branch_labels to 2023-05-02T00:00:00+00:00, run_after=2023-05-03T00:00:00+00:00
[2023-05-03T09:50:52.496+0000] {processor.py:178} INFO - Processing /home/airflow/.local/lib/python3.7/site-packages/airflow/example_dags/example_branch_labels.py took 0.362 seconds
[2023-05-03T09:52:09.713+0000] {processor.py:156} INFO - Started process (PID=2309) to work on /home/airflow/.local/lib/python3.7/site-packages/airflow/example_dags/example_branch_labels.py
[2023-05-03T09:52:09.720+0000] {processor.py:799} INFO - Processing file /home/airflow/.local/lib/python3.7/site-packages/airflow/example_dags/example_branch_labels.py for tasks to queue
[2023-05-03T09:52:09.722+0000] {logging_mixin.py:149} INFO - [2023-05-03T09:52:09.722+0000] {dagbag.py:541} INFO - Filling up the DagBag from /home/airflow/.local/lib/python3.7/site-packages/airflow/example_dags/example_branch_labels.py
[2023-05-03T09:52:09.748+0000] {processor.py:809} INFO - DAG(s) dict_keys(['example_branch_labels']) retrieved from /home/airflow/.local/lib/python3.7/site-packages/airflow/example_dags/example_branch_labels.py
[2023-05-03T09:52:09.842+0000] {logging_mixin.py:149} INFO - [2023-05-03T09:52:09.842+0000] {dag.py:2726} INFO - Sync 1 DAGs
[2023-05-03T09:52:09.962+0000] {logging_mixin.py:149} INFO - [2023-05-03T09:52:09.962+0000] {dag.py:3490} INFO - Setting next_dagrun for example_branch_labels to 2023-05-02T00:00:00+00:00, run_after=2023-05-03T00:00:00+00:00
[2023-05-03T09:52:10.082+0000] {processor.py:178} INFO - Processing /home/airflow/.local/lib/python3.7/site-packages/airflow/example_dags/example_branch_labels.py took 0.378 seconds
[2023-05-03T09:52:46.456+0000] {processor.py:156} INFO - Started process (PID=2561) to work on /home/airflow/.local/lib/python3.7/site-packages/airflow/example_dags/example_branch_labels.py
[2023-05-03T09:52:46.462+0000] {processor.py:799} INFO - Processing file /home/airflow/.local/lib/python3.7/site-packages/airflow/example_dags/example_branch_labels.py for tasks to queue
[2023-05-03T09:52:46.468+0000] {logging_mixin.py:149} INFO - [2023-05-03T09:52:46.468+0000] {dagbag.py:541} INFO - Filling up the DagBag from /home/airflow/.local/lib/python3.7/site-packages/airflow/example_dags/example_branch_labels.py
[2023-05-03T09:52:46.512+0000] {processor.py:809} INFO - DAG(s) dict_keys(['example_branch_labels']) retrieved from /home/airflow/.local/lib/python3.7/site-packages/airflow/example_dags/example_branch_labels.py
[2023-05-03T09:52:46.650+0000] {logging_mixin.py:149} INFO - [2023-05-03T09:52:46.650+0000] {dag.py:2726} INFO - Sync 1 DAGs
[2023-05-03T09:52:46.769+0000] {logging_mixin.py:149} INFO - [2023-05-03T09:52:46.768+0000] {dag.py:3490} INFO - Setting next_dagrun for example_branch_labels to 2023-05-02T00:00:00+00:00, run_after=2023-05-03T00:00:00+00:00
[2023-05-03T09:52:47.539+0000] {processor.py:178} INFO - Processing /home/airflow/.local/lib/python3.7/site-packages/airflow/example_dags/example_branch_labels.py took 1.089 seconds
[2023-05-03T09:53:18.638+0000] {processor.py:156} INFO - Started process (PID=2797) to work on /home/airflow/.local/lib/python3.7/site-packages/airflow/example_dags/example_branch_labels.py
[2023-05-03T09:53:18.641+0000] {processor.py:799} INFO - Processing file /home/airflow/.local/lib/python3.7/site-packages/airflow/example_dags/example_branch_labels.py for tasks to queue
[2023-05-03T09:53:18.642+0000] {logging_mixin.py:149} INFO - [2023-05-03T09:53:18.642+0000] {dagbag.py:541} INFO - Filling up the DagBag from /home/airflow/.local/lib/python3.7/site-packages/airflow/example_dags/example_branch_labels.py
[2023-05-03T09:53:18.676+0000] {processor.py:809} INFO - DAG(s) dict_keys(['example_branch_labels']) retrieved from /home/airflow/.local/lib/python3.7/site-packages/airflow/example_dags/example_branch_labels.py
[2023-05-03T09:53:18.753+0000] {logging_mixin.py:149} INFO - [2023-05-03T09:53:18.750+0000] {dag.py:2726} INFO - Sync 1 DAGs
[2023-05-03T09:53:18.833+0000] {logging_mixin.py:149} INFO - [2023-05-03T09:53:18.833+0000] {dag.py:3490} INFO - Setting next_dagrun for example_branch_labels to 2023-05-02T00:00:00+00:00, run_after=2023-05-03T00:00:00+00:00
[2023-05-03T09:53:18.893+0000] {processor.py:178} INFO - Processing /home/airflow/.local/lib/python3.7/site-packages/airflow/example_dags/example_branch_labels.py took 0.266 seconds
[2023-05-03T09:53:49.757+0000] {processor.py:156} INFO - Started process (PID=3030) to work on /home/airflow/.local/lib/python3.7/site-packages/airflow/example_dags/example_branch_labels.py
[2023-05-03T09:53:49.760+0000] {processor.py:799} INFO - Processing file /home/airflow/.local/lib/python3.7/site-packages/airflow/example_dags/example_branch_labels.py for tasks to queue
[2023-05-03T09:53:49.763+0000] {logging_mixin.py:149} INFO - [2023-05-03T09:53:49.763+0000] {dagbag.py:541} INFO - Filling up the DagBag from /home/airflow/.local/lib/python3.7/site-packages/airflow/example_dags/example_branch_labels.py
[2023-05-03T09:53:49.783+0000] {processor.py:809} INFO - DAG(s) dict_keys(['example_branch_labels']) retrieved from /home/airflow/.local/lib/python3.7/site-packages/airflow/example_dags/example_branch_labels.py
[2023-05-03T09:53:49.883+0000] {logging_mixin.py:149} INFO - [2023-05-03T09:53:49.882+0000] {dag.py:2726} INFO - Sync 1 DAGs
[2023-05-03T09:53:50.289+0000] {logging_mixin.py:149} INFO - [2023-05-03T09:53:50.289+0000] {dag.py:3490} INFO - Setting next_dagrun for example_branch_labels to 2023-05-02T00:00:00+00:00, run_after=2023-05-03T00:00:00+00:00
[2023-05-03T09:53:50.395+0000] {processor.py:178} INFO - Processing /home/airflow/.local/lib/python3.7/site-packages/airflow/example_dags/example_branch_labels.py took 0.609 seconds
[2023-05-03T09:54:53.433+0000] {processor.py:156} INFO - Started process (PID=3296) to work on /home/airflow/.local/lib/python3.7/site-packages/airflow/example_dags/example_branch_labels.py
[2023-05-03T09:54:53.450+0000] {processor.py:799} INFO - Processing file /home/airflow/.local/lib/python3.7/site-packages/airflow/example_dags/example_branch_labels.py for tasks to queue
[2023-05-03T09:54:53.454+0000] {logging_mixin.py:149} INFO - [2023-05-03T09:54:53.454+0000] {dagbag.py:541} INFO - Filling up the DagBag from /home/airflow/.local/lib/python3.7/site-packages/airflow/example_dags/example_branch_labels.py
[2023-05-03T09:54:53.483+0000] {processor.py:809} INFO - DAG(s) dict_keys(['example_branch_labels']) retrieved from /home/airflow/.local/lib/python3.7/site-packages/airflow/example_dags/example_branch_labels.py
[2023-05-03T09:54:53.585+0000] {logging_mixin.py:149} INFO - [2023-05-03T09:54:53.585+0000] {dag.py:2726} INFO - Sync 1 DAGs
[2023-05-03T09:54:54.037+0000] {logging_mixin.py:149} INFO - [2023-05-03T09:54:54.037+0000] {dag.py:3490} INFO - Setting next_dagrun for example_branch_labels to 2023-05-02T00:00:00+00:00, run_after=2023-05-03T00:00:00+00:00
[2023-05-03T09:54:54.133+0000] {processor.py:178} INFO - Processing /home/airflow/.local/lib/python3.7/site-packages/airflow/example_dags/example_branch_labels.py took 0.709 seconds
[2023-05-03T09:55:24.331+0000] {processor.py:156} INFO - Started process (PID=3534) to work on /home/airflow/.local/lib/python3.7/site-packages/airflow/example_dags/example_branch_labels.py
[2023-05-03T09:55:24.332+0000] {processor.py:799} INFO - Processing file /home/airflow/.local/lib/python3.7/site-packages/airflow/example_dags/example_branch_labels.py for tasks to queue
[2023-05-03T09:55:24.334+0000] {logging_mixin.py:149} INFO - [2023-05-03T09:55:24.334+0000] {dagbag.py:541} INFO - Filling up the DagBag from /home/airflow/.local/lib/python3.7/site-packages/airflow/example_dags/example_branch_labels.py
[2023-05-03T09:55:24.346+0000] {processor.py:809} INFO - DAG(s) dict_keys(['example_branch_labels']) retrieved from /home/airflow/.local/lib/python3.7/site-packages/airflow/example_dags/example_branch_labels.py
[2023-05-03T09:55:24.387+0000] {logging_mixin.py:149} INFO - [2023-05-03T09:55:24.387+0000] {dag.py:2726} INFO - Sync 1 DAGs
[2023-05-03T09:55:24.449+0000] {logging_mixin.py:149} INFO - [2023-05-03T09:55:24.449+0000] {dag.py:3490} INFO - Setting next_dagrun for example_branch_labels to 2023-05-02T00:00:00+00:00, run_after=2023-05-03T00:00:00+00:00
[2023-05-03T09:55:24.483+0000] {processor.py:178} INFO - Processing /home/airflow/.local/lib/python3.7/site-packages/airflow/example_dags/example_branch_labels.py took 0.157 seconds
[2023-05-03T09:56:00.835+0000] {processor.py:156} INFO - Started process (PID=3774) to work on /home/airflow/.local/lib/python3.7/site-packages/airflow/example_dags/example_branch_labels.py
[2023-05-03T09:56:00.850+0000] {processor.py:799} INFO - Processing file /home/airflow/.local/lib/python3.7/site-packages/airflow/example_dags/example_branch_labels.py for tasks to queue
[2023-05-03T09:56:00.852+0000] {logging_mixin.py:149} INFO - [2023-05-03T09:56:00.852+0000] {dagbag.py:541} INFO - Filling up the DagBag from /home/airflow/.local/lib/python3.7/site-packages/airflow/example_dags/example_branch_labels.py
[2023-05-03T09:56:00.895+0000] {processor.py:809} INFO - DAG(s) dict_keys(['example_branch_labels']) retrieved from /home/airflow/.local/lib/python3.7/site-packages/airflow/example_dags/example_branch_labels.py
[2023-05-03T09:56:01.024+0000] {logging_mixin.py:149} INFO - [2023-05-03T09:56:01.023+0000] {dag.py:2726} INFO - Sync 1 DAGs
[2023-05-03T09:56:01.588+0000] {logging_mixin.py:149} INFO - [2023-05-03T09:56:01.588+0000] {dag.py:3490} INFO - Setting next_dagrun for example_branch_labels to 2023-05-02T00:00:00+00:00, run_after=2023-05-03T00:00:00+00:00
[2023-05-03T09:56:01.650+0000] {processor.py:178} INFO - Processing /home/airflow/.local/lib/python3.7/site-packages/airflow/example_dags/example_branch_labels.py took 0.820 seconds
[2023-05-03T09:56:32.643+0000] {processor.py:156} INFO - Started process (PID=4010) to work on /home/airflow/.local/lib/python3.7/site-packages/airflow/example_dags/example_branch_labels.py
[2023-05-03T09:56:32.648+0000] {processor.py:799} INFO - Processing file /home/airflow/.local/lib/python3.7/site-packages/airflow/example_dags/example_branch_labels.py for tasks to queue
[2023-05-03T09:56:32.651+0000] {logging_mixin.py:149} INFO - [2023-05-03T09:56:32.650+0000] {dagbag.py:541} INFO - Filling up the DagBag from /home/airflow/.local/lib/python3.7/site-packages/airflow/example_dags/example_branch_labels.py
[2023-05-03T09:56:32.669+0000] {processor.py:809} INFO - DAG(s) dict_keys(['example_branch_labels']) retrieved from /home/airflow/.local/lib/python3.7/site-packages/airflow/example_dags/example_branch_labels.py
[2023-05-03T09:56:32.747+0000] {logging_mixin.py:149} INFO - [2023-05-03T09:56:32.747+0000] {dag.py:2726} INFO - Sync 1 DAGs
[2023-05-03T09:56:32.813+0000] {logging_mixin.py:149} INFO - [2023-05-03T09:56:32.813+0000] {dag.py:3490} INFO - Setting next_dagrun for example_branch_labels to 2023-05-02T00:00:00+00:00, run_after=2023-05-03T00:00:00+00:00
[2023-05-03T09:56:33.142+0000] {processor.py:178} INFO - Processing /home/airflow/.local/lib/python3.7/site-packages/airflow/example_dags/example_branch_labels.py took 0.504 seconds
[2023-05-03T09:57:03.650+0000] {processor.py:156} INFO - Started process (PID=4242) to work on /home/airflow/.local/lib/python3.7/site-packages/airflow/example_dags/example_branch_labels.py
[2023-05-03T09:57:03.652+0000] {processor.py:799} INFO - Processing file /home/airflow/.local/lib/python3.7/site-packages/airflow/example_dags/example_branch_labels.py for tasks to queue
[2023-05-03T09:57:03.654+0000] {logging_mixin.py:149} INFO - [2023-05-03T09:57:03.654+0000] {dagbag.py:541} INFO - Filling up the DagBag from /home/airflow/.local/lib/python3.7/site-packages/airflow/example_dags/example_branch_labels.py
[2023-05-03T09:57:03.721+0000] {processor.py:809} INFO - DAG(s) dict_keys(['example_branch_labels']) retrieved from /home/airflow/.local/lib/python3.7/site-packages/airflow/example_dags/example_branch_labels.py
[2023-05-03T09:57:04.484+0000] {logging_mixin.py:149} INFO - [2023-05-03T09:57:04.483+0000] {dag.py:2726} INFO - Sync 1 DAGs
[2023-05-03T09:57:04.584+0000] {logging_mixin.py:149} INFO - [2023-05-03T09:57:04.584+0000] {dag.py:3490} INFO - Setting next_dagrun for example_branch_labels to 2023-05-02T00:00:00+00:00, run_after=2023-05-03T00:00:00+00:00
[2023-05-03T09:57:04.644+0000] {processor.py:178} INFO - Processing /home/airflow/.local/lib/python3.7/site-packages/airflow/example_dags/example_branch_labels.py took 1.007 seconds
[2023-05-03T09:57:55.731+0000] {processor.py:156} INFO - Started process (PID=4521) to work on /home/airflow/.local/lib/python3.7/site-packages/airflow/example_dags/example_branch_labels.py
[2023-05-03T09:57:55.734+0000] {processor.py:799} INFO - Processing file /home/airflow/.local/lib/python3.7/site-packages/airflow/example_dags/example_branch_labels.py for tasks to queue
[2023-05-03T09:57:55.743+0000] {logging_mixin.py:149} INFO - [2023-05-03T09:57:55.740+0000] {dagbag.py:541} INFO - Filling up the DagBag from /home/airflow/.local/lib/python3.7/site-packages/airflow/example_dags/example_branch_labels.py
[2023-05-03T09:57:55.781+0000] {processor.py:809} INFO - DAG(s) dict_keys(['example_branch_labels']) retrieved from /home/airflow/.local/lib/python3.7/site-packages/airflow/example_dags/example_branch_labels.py
[2023-05-03T09:57:55.887+0000] {logging_mixin.py:149} INFO - [2023-05-03T09:57:55.885+0000] {dag.py:2726} INFO - Sync 1 DAGs
[2023-05-03T09:57:56.246+0000] {logging_mixin.py:149} INFO - [2023-05-03T09:57:56.246+0000] {dag.py:3490} INFO - Setting next_dagrun for example_branch_labels to 2023-05-02T00:00:00+00:00, run_after=2023-05-03T00:00:00+00:00
[2023-05-03T09:57:56.315+0000] {processor.py:178} INFO - Processing /home/airflow/.local/lib/python3.7/site-packages/airflow/example_dags/example_branch_labels.py took 0.590 seconds
[2023-05-03T09:58:26.474+0000] {processor.py:156} INFO - Started process (PID=4757) to work on /home/airflow/.local/lib/python3.7/site-packages/airflow/example_dags/example_branch_labels.py
[2023-05-03T09:58:26.484+0000] {processor.py:799} INFO - Processing file /home/airflow/.local/lib/python3.7/site-packages/airflow/example_dags/example_branch_labels.py for tasks to queue
[2023-05-03T09:58:26.486+0000] {logging_mixin.py:149} INFO - [2023-05-03T09:58:26.486+0000] {dagbag.py:541} INFO - Filling up the DagBag from /home/airflow/.local/lib/python3.7/site-packages/airflow/example_dags/example_branch_labels.py
[2023-05-03T09:58:26.508+0000] {processor.py:809} INFO - DAG(s) dict_keys(['example_branch_labels']) retrieved from /home/airflow/.local/lib/python3.7/site-packages/airflow/example_dags/example_branch_labels.py
[2023-05-03T09:58:26.603+0000] {logging_mixin.py:149} INFO - [2023-05-03T09:58:26.602+0000] {dag.py:2726} INFO - Sync 1 DAGs
[2023-05-03T09:58:26.685+0000] {logging_mixin.py:149} INFO - [2023-05-03T09:58:26.684+0000] {dag.py:3490} INFO - Setting next_dagrun for example_branch_labels to 2023-05-02T00:00:00+00:00, run_after=2023-05-03T00:00:00+00:00
[2023-05-03T09:58:26.758+0000] {processor.py:178} INFO - Processing /home/airflow/.local/lib/python3.7/site-packages/airflow/example_dags/example_branch_labels.py took 0.290 seconds
[2023-05-03T09:58:57.642+0000] {processor.py:156} INFO - Started process (PID=4994) to work on /home/airflow/.local/lib/python3.7/site-packages/airflow/example_dags/example_branch_labels.py
[2023-05-03T09:58:57.647+0000] {processor.py:799} INFO - Processing file /home/airflow/.local/lib/python3.7/site-packages/airflow/example_dags/example_branch_labels.py for tasks to queue
[2023-05-03T09:58:57.648+0000] {logging_mixin.py:149} INFO - [2023-05-03T09:58:57.648+0000] {dagbag.py:541} INFO - Filling up the DagBag from /home/airflow/.local/lib/python3.7/site-packages/airflow/example_dags/example_branch_labels.py
[2023-05-03T09:58:57.668+0000] {processor.py:809} INFO - DAG(s) dict_keys(['example_branch_labels']) retrieved from /home/airflow/.local/lib/python3.7/site-packages/airflow/example_dags/example_branch_labels.py
[2023-05-03T09:58:57.732+0000] {logging_mixin.py:149} INFO - [2023-05-03T09:58:57.732+0000] {dag.py:2726} INFO - Sync 1 DAGs
[2023-05-03T09:58:58.049+0000] {logging_mixin.py:149} INFO - [2023-05-03T09:58:58.049+0000] {dag.py:3490} INFO - Setting next_dagrun for example_branch_labels to 2023-05-02T00:00:00+00:00, run_after=2023-05-03T00:00:00+00:00
[2023-05-03T09:58:58.090+0000] {processor.py:178} INFO - Processing /home/airflow/.local/lib/python3.7/site-packages/airflow/example_dags/example_branch_labels.py took 0.456 seconds
[2023-05-03T09:59:28.358+0000] {processor.py:156} INFO - Started process (PID=5225) to work on /home/airflow/.local/lib/python3.7/site-packages/airflow/example_dags/example_branch_labels.py
[2023-05-03T09:59:28.360+0000] {processor.py:799} INFO - Processing file /home/airflow/.local/lib/python3.7/site-packages/airflow/example_dags/example_branch_labels.py for tasks to queue
[2023-05-03T09:59:28.362+0000] {logging_mixin.py:149} INFO - [2023-05-03T09:59:28.361+0000] {dagbag.py:541} INFO - Filling up the DagBag from /home/airflow/.local/lib/python3.7/site-packages/airflow/example_dags/example_branch_labels.py
[2023-05-03T09:59:28.384+0000] {processor.py:809} INFO - DAG(s) dict_keys(['example_branch_labels']) retrieved from /home/airflow/.local/lib/python3.7/site-packages/airflow/example_dags/example_branch_labels.py
[2023-05-03T09:59:28.469+0000] {logging_mixin.py:149} INFO - [2023-05-03T09:59:28.469+0000] {dag.py:2726} INFO - Sync 1 DAGs
[2023-05-03T09:59:28.557+0000] {logging_mixin.py:149} INFO - [2023-05-03T09:59:28.556+0000] {dag.py:3490} INFO - Setting next_dagrun for example_branch_labels to 2023-05-02T00:00:00+00:00, run_after=2023-05-03T00:00:00+00:00
[2023-05-03T09:59:28.650+0000] {processor.py:178} INFO - Processing /home/airflow/.local/lib/python3.7/site-packages/airflow/example_dags/example_branch_labels.py took 0.302 seconds
[2023-05-03T09:59:58.857+0000] {processor.py:156} INFO - Started process (PID=5463) to work on /home/airflow/.local/lib/python3.7/site-packages/airflow/example_dags/example_branch_labels.py
[2023-05-03T09:59:58.859+0000] {processor.py:799} INFO - Processing file /home/airflow/.local/lib/python3.7/site-packages/airflow/example_dags/example_branch_labels.py for tasks to queue
[2023-05-03T09:59:58.861+0000] {logging_mixin.py:149} INFO - [2023-05-03T09:59:58.860+0000] {dagbag.py:541} INFO - Filling up the DagBag from /home/airflow/.local/lib/python3.7/site-packages/airflow/example_dags/example_branch_labels.py
[2023-05-03T09:59:58.873+0000] {processor.py:809} INFO - DAG(s) dict_keys(['example_branch_labels']) retrieved from /home/airflow/.local/lib/python3.7/site-packages/airflow/example_dags/example_branch_labels.py
[2023-05-03T09:59:58.914+0000] {logging_mixin.py:149} INFO - [2023-05-03T09:59:58.914+0000] {dag.py:2726} INFO - Sync 1 DAGs
[2023-05-03T09:59:58.954+0000] {logging_mixin.py:149} INFO - [2023-05-03T09:59:58.954+0000] {dag.py:3490} INFO - Setting next_dagrun for example_branch_labels to 2023-05-02T00:00:00+00:00, run_after=2023-05-03T00:00:00+00:00
[2023-05-03T09:59:58.984+0000] {processor.py:178} INFO - Processing /home/airflow/.local/lib/python3.7/site-packages/airflow/example_dags/example_branch_labels.py took 0.132 seconds
[2023-05-03T10:00:29.105+0000] {processor.py:156} INFO - Started process (PID=5697) to work on /home/airflow/.local/lib/python3.7/site-packages/airflow/example_dags/example_branch_labels.py
[2023-05-03T10:00:29.107+0000] {processor.py:799} INFO - Processing file /home/airflow/.local/lib/python3.7/site-packages/airflow/example_dags/example_branch_labels.py for tasks to queue
[2023-05-03T10:00:29.108+0000] {logging_mixin.py:149} INFO - [2023-05-03T10:00:29.108+0000] {dagbag.py:541} INFO - Filling up the DagBag from /home/airflow/.local/lib/python3.7/site-packages/airflow/example_dags/example_branch_labels.py
[2023-05-03T10:00:29.124+0000] {processor.py:809} INFO - DAG(s) dict_keys(['example_branch_labels']) retrieved from /home/airflow/.local/lib/python3.7/site-packages/airflow/example_dags/example_branch_labels.py
[2023-05-03T10:00:29.161+0000] {logging_mixin.py:149} INFO - [2023-05-03T10:00:29.160+0000] {dag.py:2726} INFO - Sync 1 DAGs
[2023-05-03T10:00:29.203+0000] {logging_mixin.py:149} INFO - [2023-05-03T10:00:29.203+0000] {dag.py:3490} INFO - Setting next_dagrun for example_branch_labels to 2023-05-02T00:00:00+00:00, run_after=2023-05-03T00:00:00+00:00
[2023-05-03T10:00:29.234+0000] {processor.py:178} INFO - Processing /home/airflow/.local/lib/python3.7/site-packages/airflow/example_dags/example_branch_labels.py took 0.137 seconds
[2023-05-03T10:00:59.887+0000] {processor.py:156} INFO - Started process (PID=5933) to work on /home/airflow/.local/lib/python3.7/site-packages/airflow/example_dags/example_branch_labels.py
[2023-05-03T10:00:59.889+0000] {processor.py:799} INFO - Processing file /home/airflow/.local/lib/python3.7/site-packages/airflow/example_dags/example_branch_labels.py for tasks to queue
[2023-05-03T10:00:59.892+0000] {logging_mixin.py:149} INFO - [2023-05-03T10:00:59.891+0000] {dagbag.py:541} INFO - Filling up the DagBag from /home/airflow/.local/lib/python3.7/site-packages/airflow/example_dags/example_branch_labels.py
[2023-05-03T10:00:59.913+0000] {processor.py:809} INFO - DAG(s) dict_keys(['example_branch_labels']) retrieved from /home/airflow/.local/lib/python3.7/site-packages/airflow/example_dags/example_branch_labels.py
[2023-05-03T10:00:59.964+0000] {logging_mixin.py:149} INFO - [2023-05-03T10:00:59.963+0000] {dag.py:2726} INFO - Sync 1 DAGs
[2023-05-03T10:01:00.037+0000] {logging_mixin.py:149} INFO - [2023-05-03T10:01:00.036+0000] {dag.py:3490} INFO - Setting next_dagrun for example_branch_labels to 2023-05-02T00:00:00+00:00, run_after=2023-05-03T00:00:00+00:00
[2023-05-03T10:01:00.090+0000] {processor.py:178} INFO - Processing /home/airflow/.local/lib/python3.7/site-packages/airflow/example_dags/example_branch_labels.py took 0.207 seconds
[2023-05-03T10:01:30.898+0000] {processor.py:156} INFO - Started process (PID=6169) to work on /home/airflow/.local/lib/python3.7/site-packages/airflow/example_dags/example_branch_labels.py
[2023-05-03T10:01:30.900+0000] {processor.py:799} INFO - Processing file /home/airflow/.local/lib/python3.7/site-packages/airflow/example_dags/example_branch_labels.py for tasks to queue
[2023-05-03T10:01:30.902+0000] {logging_mixin.py:149} INFO - [2023-05-03T10:01:30.902+0000] {dagbag.py:541} INFO - Filling up the DagBag from /home/airflow/.local/lib/python3.7/site-packages/airflow/example_dags/example_branch_labels.py
[2023-05-03T10:01:30.920+0000] {processor.py:809} INFO - DAG(s) dict_keys(['example_branch_labels']) retrieved from /home/airflow/.local/lib/python3.7/site-packages/airflow/example_dags/example_branch_labels.py
[2023-05-03T10:01:30.993+0000] {logging_mixin.py:149} INFO - [2023-05-03T10:01:30.992+0000] {dag.py:2726} INFO - Sync 1 DAGs
[2023-05-03T10:01:31.062+0000] {logging_mixin.py:149} INFO - [2023-05-03T10:01:31.062+0000] {dag.py:3490} INFO - Setting next_dagrun for example_branch_labels to 2023-05-02T00:00:00+00:00, run_after=2023-05-03T00:00:00+00:00
[2023-05-03T10:01:31.105+0000] {processor.py:178} INFO - Processing /home/airflow/.local/lib/python3.7/site-packages/airflow/example_dags/example_branch_labels.py took 0.213 seconds
[2023-05-03T10:45:33.655+0000] {processor.py:156} INFO - Started process (PID=6408) to work on /home/airflow/.local/lib/python3.7/site-packages/airflow/example_dags/example_branch_labels.py
[2023-05-03T10:45:33.658+0000] {processor.py:799} INFO - Processing file /home/airflow/.local/lib/python3.7/site-packages/airflow/example_dags/example_branch_labels.py for tasks to queue
[2023-05-03T10:45:33.660+0000] {logging_mixin.py:149} INFO - [2023-05-03T10:45:33.660+0000] {dagbag.py:541} INFO - Filling up the DagBag from /home/airflow/.local/lib/python3.7/site-packages/airflow/example_dags/example_branch_labels.py
[2023-05-03T10:45:33.684+0000] {processor.py:809} INFO - DAG(s) dict_keys(['example_branch_labels']) retrieved from /home/airflow/.local/lib/python3.7/site-packages/airflow/example_dags/example_branch_labels.py
[2023-05-03T10:45:33.782+0000] {logging_mixin.py:149} INFO - [2023-05-03T10:45:33.782+0000] {dag.py:2726} INFO - Sync 1 DAGs
[2023-05-03T10:45:33.888+0000] {logging_mixin.py:149} INFO - [2023-05-03T10:45:33.887+0000] {dag.py:3490} INFO - Setting next_dagrun for example_branch_labels to 2023-05-02T00:00:00+00:00, run_after=2023-05-03T00:00:00+00:00
[2023-05-03T10:45:33.975+0000] {processor.py:178} INFO - Processing /home/airflow/.local/lib/python3.7/site-packages/airflow/example_dags/example_branch_labels.py took 0.328 seconds
[2023-05-03T10:46:17.886+0000] {processor.py:156} INFO - Started process (PID=6667) to work on /home/airflow/.local/lib/python3.7/site-packages/airflow/example_dags/example_branch_labels.py
[2023-05-03T10:46:17.889+0000] {processor.py:799} INFO - Processing file /home/airflow/.local/lib/python3.7/site-packages/airflow/example_dags/example_branch_labels.py for tasks to queue
[2023-05-03T10:46:17.899+0000] {logging_mixin.py:149} INFO - [2023-05-03T10:46:17.898+0000] {dagbag.py:541} INFO - Filling up the DagBag from /home/airflow/.local/lib/python3.7/site-packages/airflow/example_dags/example_branch_labels.py
[2023-05-03T10:46:17.934+0000] {processor.py:809} INFO - DAG(s) dict_keys(['example_branch_labels']) retrieved from /home/airflow/.local/lib/python3.7/site-packages/airflow/example_dags/example_branch_labels.py
[2023-05-03T10:46:18.034+0000] {logging_mixin.py:149} INFO - [2023-05-03T10:46:18.033+0000] {dag.py:2726} INFO - Sync 1 DAGs
[2023-05-03T10:46:18.134+0000] {logging_mixin.py:149} INFO - [2023-05-03T10:46:18.134+0000] {dag.py:3490} INFO - Setting next_dagrun for example_branch_labels to 2023-05-02T00:00:00+00:00, run_after=2023-05-03T00:00:00+00:00
[2023-05-03T10:46:18.232+0000] {processor.py:178} INFO - Processing /home/airflow/.local/lib/python3.7/site-packages/airflow/example_dags/example_branch_labels.py took 0.351 seconds
[2023-05-03T10:47:49.357+0000] {processor.py:156} INFO - Started process (PID=6858) to work on /home/airflow/.local/lib/python3.7/site-packages/airflow/example_dags/example_branch_labels.py
[2023-05-03T10:47:49.361+0000] {processor.py:799} INFO - Processing file /home/airflow/.local/lib/python3.7/site-packages/airflow/example_dags/example_branch_labels.py for tasks to queue
[2023-05-03T10:47:49.395+0000] {logging_mixin.py:149} INFO - [2023-05-03T10:47:49.394+0000] {dagbag.py:541} INFO - Filling up the DagBag from /home/airflow/.local/lib/python3.7/site-packages/airflow/example_dags/example_branch_labels.py
[2023-05-03T10:47:49.513+0000] {processor.py:809} INFO - DAG(s) dict_keys(['example_branch_labels']) retrieved from /home/airflow/.local/lib/python3.7/site-packages/airflow/example_dags/example_branch_labels.py
[2023-05-03T10:47:49.935+0000] {logging_mixin.py:149} INFO - [2023-05-03T10:47:49.935+0000] {dag.py:2726} INFO - Sync 1 DAGs
[2023-05-03T10:47:50.086+0000] {logging_mixin.py:149} INFO - [2023-05-03T10:47:50.085+0000] {dag.py:3490} INFO - Setting next_dagrun for example_branch_labels to 2023-05-02T00:00:00+00:00, run_after=2023-05-03T00:00:00+00:00
[2023-05-03T10:47:50.222+0000] {processor.py:178} INFO - Processing /home/airflow/.local/lib/python3.7/site-packages/airflow/example_dags/example_branch_labels.py took 0.878 seconds
[2023-05-03T10:48:20.699+0000] {processor.py:156} INFO - Started process (PID=7092) to work on /home/airflow/.local/lib/python3.7/site-packages/airflow/example_dags/example_branch_labels.py
[2023-05-03T10:48:20.702+0000] {processor.py:799} INFO - Processing file /home/airflow/.local/lib/python3.7/site-packages/airflow/example_dags/example_branch_labels.py for tasks to queue
[2023-05-03T10:48:20.703+0000] {logging_mixin.py:149} INFO - [2023-05-03T10:48:20.703+0000] {dagbag.py:541} INFO - Filling up the DagBag from /home/airflow/.local/lib/python3.7/site-packages/airflow/example_dags/example_branch_labels.py
[2023-05-03T10:48:20.748+0000] {processor.py:809} INFO - DAG(s) dict_keys(['example_branch_labels']) retrieved from /home/airflow/.local/lib/python3.7/site-packages/airflow/example_dags/example_branch_labels.py
[2023-05-03T10:48:20.872+0000] {logging_mixin.py:149} INFO - [2023-05-03T10:48:20.872+0000] {dag.py:2726} INFO - Sync 1 DAGs
[2023-05-03T10:48:21.010+0000] {logging_mixin.py:149} INFO - [2023-05-03T10:48:21.010+0000] {dag.py:3490} INFO - Setting next_dagrun for example_branch_labels to 2023-05-02T00:00:00+00:00, run_after=2023-05-03T00:00:00+00:00
[2023-05-03T10:48:21.098+0000] {processor.py:178} INFO - Processing /home/airflow/.local/lib/python3.7/site-packages/airflow/example_dags/example_branch_labels.py took 0.416 seconds
[2023-05-03T10:48:51.754+0000] {processor.py:156} INFO - Started process (PID=7330) to work on /home/airflow/.local/lib/python3.7/site-packages/airflow/example_dags/example_branch_labels.py
[2023-05-03T10:48:51.757+0000] {processor.py:799} INFO - Processing file /home/airflow/.local/lib/python3.7/site-packages/airflow/example_dags/example_branch_labels.py for tasks to queue
[2023-05-03T10:48:51.758+0000] {logging_mixin.py:149} INFO - [2023-05-03T10:48:51.758+0000] {dagbag.py:541} INFO - Filling up the DagBag from /home/airflow/.local/lib/python3.7/site-packages/airflow/example_dags/example_branch_labels.py
[2023-05-03T10:48:51.777+0000] {processor.py:809} INFO - DAG(s) dict_keys(['example_branch_labels']) retrieved from /home/airflow/.local/lib/python3.7/site-packages/airflow/example_dags/example_branch_labels.py
[2023-05-03T10:48:51.840+0000] {logging_mixin.py:149} INFO - [2023-05-03T10:48:51.840+0000] {dag.py:2726} INFO - Sync 1 DAGs
[2023-05-03T10:48:51.920+0000] {logging_mixin.py:149} INFO - [2023-05-03T10:48:51.920+0000] {dag.py:3490} INFO - Setting next_dagrun for example_branch_labels to 2023-05-02T00:00:00+00:00, run_after=2023-05-03T00:00:00+00:00
[2023-05-03T10:48:51.973+0000] {processor.py:178} INFO - Processing /home/airflow/.local/lib/python3.7/site-packages/airflow/example_dags/example_branch_labels.py took 0.229 seconds
[2023-05-03T10:49:22.484+0000] {processor.py:156} INFO - Started process (PID=7564) to work on /home/airflow/.local/lib/python3.7/site-packages/airflow/example_dags/example_branch_labels.py
[2023-05-03T10:49:22.487+0000] {processor.py:799} INFO - Processing file /home/airflow/.local/lib/python3.7/site-packages/airflow/example_dags/example_branch_labels.py for tasks to queue
[2023-05-03T10:49:22.489+0000] {logging_mixin.py:149} INFO - [2023-05-03T10:49:22.489+0000] {dagbag.py:541} INFO - Filling up the DagBag from /home/airflow/.local/lib/python3.7/site-packages/airflow/example_dags/example_branch_labels.py
[2023-05-03T10:49:22.960+0000] {processor.py:809} INFO - DAG(s) dict_keys(['example_branch_labels']) retrieved from /home/airflow/.local/lib/python3.7/site-packages/airflow/example_dags/example_branch_labels.py
[2023-05-03T10:49:23.342+0000] {logging_mixin.py:149} INFO - [2023-05-03T10:49:23.332+0000] {dag.py:2726} INFO - Sync 1 DAGs
[2023-05-03T10:49:23.443+0000] {logging_mixin.py:149} INFO - [2023-05-03T10:49:23.443+0000] {dag.py:3490} INFO - Setting next_dagrun for example_branch_labels to 2023-05-02T00:00:00+00:00, run_after=2023-05-03T00:00:00+00:00
[2023-05-03T10:49:23.567+0000] {processor.py:178} INFO - Processing /home/airflow/.local/lib/python3.7/site-packages/airflow/example_dags/example_branch_labels.py took 1.088 seconds
[2023-05-03T10:50:00.476+0000] {processor.py:156} INFO - Started process (PID=7802) to work on /home/airflow/.local/lib/python3.7/site-packages/airflow/example_dags/example_branch_labels.py
[2023-05-03T10:50:00.478+0000] {processor.py:799} INFO - Processing file /home/airflow/.local/lib/python3.7/site-packages/airflow/example_dags/example_branch_labels.py for tasks to queue
[2023-05-03T10:50:00.480+0000] {logging_mixin.py:149} INFO - [2023-05-03T10:50:00.479+0000] {dagbag.py:541} INFO - Filling up the DagBag from /home/airflow/.local/lib/python3.7/site-packages/airflow/example_dags/example_branch_labels.py
[2023-05-03T10:50:00.515+0000] {processor.py:809} INFO - DAG(s) dict_keys(['example_branch_labels']) retrieved from /home/airflow/.local/lib/python3.7/site-packages/airflow/example_dags/example_branch_labels.py
[2023-05-03T10:50:00.613+0000] {logging_mixin.py:149} INFO - [2023-05-03T10:50:00.613+0000] {dag.py:2726} INFO - Sync 1 DAGs
[2023-05-03T10:50:00.795+0000] {logging_mixin.py:149} INFO - [2023-05-03T10:50:00.794+0000] {dag.py:3490} INFO - Setting next_dagrun for example_branch_labels to 2023-05-02T00:00:00+00:00, run_after=2023-05-03T00:00:00+00:00
[2023-05-03T10:50:00.879+0000] {processor.py:178} INFO - Processing /home/airflow/.local/lib/python3.7/site-packages/airflow/example_dags/example_branch_labels.py took 0.416 seconds
[2023-05-03T10:50:33.268+0000] {processor.py:156} INFO - Started process (PID=8037) to work on /home/airflow/.local/lib/python3.7/site-packages/airflow/example_dags/example_branch_labels.py
[2023-05-03T10:50:33.270+0000] {processor.py:799} INFO - Processing file /home/airflow/.local/lib/python3.7/site-packages/airflow/example_dags/example_branch_labels.py for tasks to queue
[2023-05-03T10:50:33.272+0000] {logging_mixin.py:149} INFO - [2023-05-03T10:50:33.271+0000] {dagbag.py:541} INFO - Filling up the DagBag from /home/airflow/.local/lib/python3.7/site-packages/airflow/example_dags/example_branch_labels.py
[2023-05-03T10:50:33.294+0000] {processor.py:809} INFO - DAG(s) dict_keys(['example_branch_labels']) retrieved from /home/airflow/.local/lib/python3.7/site-packages/airflow/example_dags/example_branch_labels.py
[2023-05-03T10:50:33.380+0000] {logging_mixin.py:149} INFO - [2023-05-03T10:50:33.371+0000] {dag.py:2726} INFO - Sync 1 DAGs
[2023-05-03T10:50:33.473+0000] {logging_mixin.py:149} INFO - [2023-05-03T10:50:33.472+0000] {dag.py:3490} INFO - Setting next_dagrun for example_branch_labels to 2023-05-02T00:00:00+00:00, run_after=2023-05-03T00:00:00+00:00
[2023-05-03T10:50:33.558+0000] {processor.py:178} INFO - Processing /home/airflow/.local/lib/python3.7/site-packages/airflow/example_dags/example_branch_labels.py took 0.303 seconds
[2023-05-03T10:51:04.030+0000] {processor.py:156} INFO - Started process (PID=8267) to work on /home/airflow/.local/lib/python3.7/site-packages/airflow/example_dags/example_branch_labels.py
[2023-05-03T10:51:04.034+0000] {processor.py:799} INFO - Processing file /home/airflow/.local/lib/python3.7/site-packages/airflow/example_dags/example_branch_labels.py for tasks to queue
[2023-05-03T10:51:04.039+0000] {logging_mixin.py:149} INFO - [2023-05-03T10:51:04.038+0000] {dagbag.py:541} INFO - Filling up the DagBag from /home/airflow/.local/lib/python3.7/site-packages/airflow/example_dags/example_branch_labels.py
[2023-05-03T10:51:04.058+0000] {processor.py:809} INFO - DAG(s) dict_keys(['example_branch_labels']) retrieved from /home/airflow/.local/lib/python3.7/site-packages/airflow/example_dags/example_branch_labels.py
[2023-05-03T10:51:04.160+0000] {logging_mixin.py:149} INFO - [2023-05-03T10:51:04.160+0000] {dag.py:2726} INFO - Sync 1 DAGs
[2023-05-03T10:51:04.266+0000] {logging_mixin.py:149} INFO - [2023-05-03T10:51:04.266+0000] {dag.py:3490} INFO - Setting next_dagrun for example_branch_labels to 2023-05-02T00:00:00+00:00, run_after=2023-05-03T00:00:00+00:00
[2023-05-03T10:51:04.341+0000] {processor.py:178} INFO - Processing /home/airflow/.local/lib/python3.7/site-packages/airflow/example_dags/example_branch_labels.py took 0.321 seconds
[2023-05-03T10:51:35.186+0000] {processor.py:156} INFO - Started process (PID=8498) to work on /home/airflow/.local/lib/python3.7/site-packages/airflow/example_dags/example_branch_labels.py
[2023-05-03T10:51:35.199+0000] {processor.py:799} INFO - Processing file /home/airflow/.local/lib/python3.7/site-packages/airflow/example_dags/example_branch_labels.py for tasks to queue
[2023-05-03T10:51:35.201+0000] {logging_mixin.py:149} INFO - [2023-05-03T10:51:35.200+0000] {dagbag.py:541} INFO - Filling up the DagBag from /home/airflow/.local/lib/python3.7/site-packages/airflow/example_dags/example_branch_labels.py
[2023-05-03T10:51:35.223+0000] {processor.py:809} INFO - DAG(s) dict_keys(['example_branch_labels']) retrieved from /home/airflow/.local/lib/python3.7/site-packages/airflow/example_dags/example_branch_labels.py
[2023-05-03T10:51:35.303+0000] {logging_mixin.py:149} INFO - [2023-05-03T10:51:35.303+0000] {dag.py:2726} INFO - Sync 1 DAGs
[2023-05-03T10:51:35.398+0000] {logging_mixin.py:149} INFO - [2023-05-03T10:51:35.397+0000] {dag.py:3490} INFO - Setting next_dagrun for example_branch_labels to 2023-05-02T00:00:00+00:00, run_after=2023-05-03T00:00:00+00:00
[2023-05-03T10:51:35.458+0000] {processor.py:178} INFO - Processing /home/airflow/.local/lib/python3.7/site-packages/airflow/example_dags/example_branch_labels.py took 0.277 seconds
[2023-05-03T10:52:06.460+0000] {processor.py:156} INFO - Started process (PID=8733) to work on /home/airflow/.local/lib/python3.7/site-packages/airflow/example_dags/example_branch_labels.py
[2023-05-03T10:52:06.462+0000] {processor.py:799} INFO - Processing file /home/airflow/.local/lib/python3.7/site-packages/airflow/example_dags/example_branch_labels.py for tasks to queue
[2023-05-03T10:52:06.464+0000] {logging_mixin.py:149} INFO - [2023-05-03T10:52:06.464+0000] {dagbag.py:541} INFO - Filling up the DagBag from /home/airflow/.local/lib/python3.7/site-packages/airflow/example_dags/example_branch_labels.py
[2023-05-03T10:52:06.484+0000] {processor.py:809} INFO - DAG(s) dict_keys(['example_branch_labels']) retrieved from /home/airflow/.local/lib/python3.7/site-packages/airflow/example_dags/example_branch_labels.py
[2023-05-03T10:52:06.558+0000] {logging_mixin.py:149} INFO - [2023-05-03T10:52:06.557+0000] {dag.py:2726} INFO - Sync 1 DAGs
[2023-05-03T10:52:06.632+0000] {logging_mixin.py:149} INFO - [2023-05-03T10:52:06.632+0000] {dag.py:3490} INFO - Setting next_dagrun for example_branch_labels to 2023-05-02T00:00:00+00:00, run_after=2023-05-03T00:00:00+00:00
[2023-05-03T10:52:06.696+0000] {processor.py:178} INFO - Processing /home/airflow/.local/lib/python3.7/site-packages/airflow/example_dags/example_branch_labels.py took 0.244 seconds
[2023-05-03T10:52:37.729+0000] {processor.py:156} INFO - Started process (PID=8961) to work on /home/airflow/.local/lib/python3.7/site-packages/airflow/example_dags/example_branch_labels.py
[2023-05-03T10:52:37.732+0000] {processor.py:799} INFO - Processing file /home/airflow/.local/lib/python3.7/site-packages/airflow/example_dags/example_branch_labels.py for tasks to queue
[2023-05-03T10:52:37.736+0000] {logging_mixin.py:149} INFO - [2023-05-03T10:52:37.735+0000] {dagbag.py:541} INFO - Filling up the DagBag from /home/airflow/.local/lib/python3.7/site-packages/airflow/example_dags/example_branch_labels.py
[2023-05-03T10:52:37.757+0000] {processor.py:809} INFO - DAG(s) dict_keys(['example_branch_labels']) retrieved from /home/airflow/.local/lib/python3.7/site-packages/airflow/example_dags/example_branch_labels.py
[2023-05-03T10:52:37.866+0000] {logging_mixin.py:149} INFO - [2023-05-03T10:52:37.866+0000] {dag.py:2726} INFO - Sync 1 DAGs
[2023-05-03T10:52:37.984+0000] {logging_mixin.py:149} INFO - [2023-05-03T10:52:37.984+0000] {dag.py:3490} INFO - Setting next_dagrun for example_branch_labels to 2023-05-02T00:00:00+00:00, run_after=2023-05-03T00:00:00+00:00
[2023-05-03T10:52:38.084+0000] {processor.py:178} INFO - Processing /home/airflow/.local/lib/python3.7/site-packages/airflow/example_dags/example_branch_labels.py took 0.367 seconds
[2023-05-03T10:53:10.388+0000] {processor.py:156} INFO - Started process (PID=9197) to work on /home/airflow/.local/lib/python3.7/site-packages/airflow/example_dags/example_branch_labels.py
[2023-05-03T10:53:10.393+0000] {processor.py:799} INFO - Processing file /home/airflow/.local/lib/python3.7/site-packages/airflow/example_dags/example_branch_labels.py for tasks to queue
[2023-05-03T10:53:10.397+0000] {logging_mixin.py:149} INFO - [2023-05-03T10:53:10.397+0000] {dagbag.py:541} INFO - Filling up the DagBag from /home/airflow/.local/lib/python3.7/site-packages/airflow/example_dags/example_branch_labels.py
[2023-05-03T10:53:10.420+0000] {processor.py:809} INFO - DAG(s) dict_keys(['example_branch_labels']) retrieved from /home/airflow/.local/lib/python3.7/site-packages/airflow/example_dags/example_branch_labels.py
[2023-05-03T10:53:10.550+0000] {logging_mixin.py:149} INFO - [2023-05-03T10:53:10.550+0000] {dag.py:2726} INFO - Sync 1 DAGs
[2023-05-03T10:53:10.657+0000] {logging_mixin.py:149} INFO - [2023-05-03T10:53:10.657+0000] {dag.py:3490} INFO - Setting next_dagrun for example_branch_labels to 2023-05-02T00:00:00+00:00, run_after=2023-05-03T00:00:00+00:00
[2023-05-03T10:53:10.760+0000] {processor.py:178} INFO - Processing /home/airflow/.local/lib/python3.7/site-packages/airflow/example_dags/example_branch_labels.py took 0.374 seconds
[2023-05-03T10:53:42.573+0000] {processor.py:156} INFO - Started process (PID=9433) to work on /home/airflow/.local/lib/python3.7/site-packages/airflow/example_dags/example_branch_labels.py
[2023-05-03T10:53:42.579+0000] {processor.py:799} INFO - Processing file /home/airflow/.local/lib/python3.7/site-packages/airflow/example_dags/example_branch_labels.py for tasks to queue
[2023-05-03T10:53:42.581+0000] {logging_mixin.py:149} INFO - [2023-05-03T10:53:42.581+0000] {dagbag.py:541} INFO - Filling up the DagBag from /home/airflow/.local/lib/python3.7/site-packages/airflow/example_dags/example_branch_labels.py
[2023-05-03T10:53:42.627+0000] {processor.py:809} INFO - DAG(s) dict_keys(['example_branch_labels']) retrieved from /home/airflow/.local/lib/python3.7/site-packages/airflow/example_dags/example_branch_labels.py
[2023-05-03T10:53:42.706+0000] {logging_mixin.py:149} INFO - [2023-05-03T10:53:42.706+0000] {dag.py:2726} INFO - Sync 1 DAGs
[2023-05-03T10:53:42.795+0000] {logging_mixin.py:149} INFO - [2023-05-03T10:53:42.795+0000] {dag.py:3490} INFO - Setting next_dagrun for example_branch_labels to 2023-05-02T00:00:00+00:00, run_after=2023-05-03T00:00:00+00:00
[2023-05-03T10:53:42.965+0000] {processor.py:178} INFO - Processing /home/airflow/.local/lib/python3.7/site-packages/airflow/example_dags/example_branch_labels.py took 0.397 seconds
[2023-05-03T10:54:13.155+0000] {processor.py:156} INFO - Started process (PID=9671) to work on /home/airflow/.local/lib/python3.7/site-packages/airflow/example_dags/example_branch_labels.py
[2023-05-03T10:54:13.157+0000] {processor.py:799} INFO - Processing file /home/airflow/.local/lib/python3.7/site-packages/airflow/example_dags/example_branch_labels.py for tasks to queue
[2023-05-03T10:54:13.159+0000] {logging_mixin.py:149} INFO - [2023-05-03T10:54:13.158+0000] {dagbag.py:541} INFO - Filling up the DagBag from /home/airflow/.local/lib/python3.7/site-packages/airflow/example_dags/example_branch_labels.py
[2023-05-03T10:54:13.176+0000] {processor.py:809} INFO - DAG(s) dict_keys(['example_branch_labels']) retrieved from /home/airflow/.local/lib/python3.7/site-packages/airflow/example_dags/example_branch_labels.py
[2023-05-03T10:54:13.224+0000] {logging_mixin.py:149} INFO - [2023-05-03T10:54:13.224+0000] {dag.py:2726} INFO - Sync 1 DAGs
[2023-05-03T10:54:13.288+0000] {logging_mixin.py:149} INFO - [2023-05-03T10:54:13.288+0000] {dag.py:3490} INFO - Setting next_dagrun for example_branch_labels to 2023-05-02T00:00:00+00:00, run_after=2023-05-03T00:00:00+00:00
[2023-05-03T10:54:13.327+0000] {processor.py:178} INFO - Processing /home/airflow/.local/lib/python3.7/site-packages/airflow/example_dags/example_branch_labels.py took 0.178 seconds
[2023-05-03T10:54:53.364+0000] {processor.py:156} INFO - Started process (PID=9903) to work on /home/airflow/.local/lib/python3.7/site-packages/airflow/example_dags/example_branch_labels.py
[2023-05-03T10:54:53.366+0000] {processor.py:799} INFO - Processing file /home/airflow/.local/lib/python3.7/site-packages/airflow/example_dags/example_branch_labels.py for tasks to queue
[2023-05-03T10:54:53.368+0000] {logging_mixin.py:149} INFO - [2023-05-03T10:54:53.368+0000] {dagbag.py:541} INFO - Filling up the DagBag from /home/airflow/.local/lib/python3.7/site-packages/airflow/example_dags/example_branch_labels.py
[2023-05-03T10:54:53.388+0000] {processor.py:809} INFO - DAG(s) dict_keys(['example_branch_labels']) retrieved from /home/airflow/.local/lib/python3.7/site-packages/airflow/example_dags/example_branch_labels.py
[2023-05-03T10:54:53.448+0000] {logging_mixin.py:149} INFO - [2023-05-03T10:54:53.447+0000] {dag.py:2726} INFO - Sync 1 DAGs
[2023-05-03T10:54:53.527+0000] {logging_mixin.py:149} INFO - [2023-05-03T10:54:53.527+0000] {dag.py:3490} INFO - Setting next_dagrun for example_branch_labels to 2023-05-02T00:00:00+00:00, run_after=2023-05-03T00:00:00+00:00
[2023-05-03T10:54:53.583+0000] {processor.py:178} INFO - Processing /home/airflow/.local/lib/python3.7/site-packages/airflow/example_dags/example_branch_labels.py took 0.226 seconds
