[2023-05-03T09:31:08.971+0000] {processor.py:156} INFO - Started process (PID=194) to work on /home/airflow/.local/lib/python3.7/site-packages/airflow/example_dags/example_branch_operator.py
[2023-05-03T09:31:08.974+0000] {processor.py:799} INFO - Processing file /home/airflow/.local/lib/python3.7/site-packages/airflow/example_dags/example_branch_operator.py for tasks to queue
[2023-05-03T09:31:08.980+0000] {logging_mixin.py:149} INFO - [2023-05-03T09:31:08.977+0000] {dagbag.py:541} INFO - Filling up the DagBag from /home/airflow/.local/lib/python3.7/site-packages/airflow/example_dags/example_branch_operator.py
[2023-05-03T09:31:09.054+0000] {processor.py:809} INFO - DAG(s) dict_keys(['example_branch_operator']) retrieved from /home/airflow/.local/lib/python3.7/site-packages/airflow/example_dags/example_branch_operator.py
[2023-05-03T09:31:09.277+0000] {logging_mixin.py:149} INFO - [2023-05-03T09:31:09.276+0000] {dag.py:2726} INFO - Sync 1 DAGs
[2023-05-03T09:31:09.465+0000] {logging_mixin.py:149} INFO - [2023-05-03T09:31:09.464+0000] {dag.py:3490} INFO - Setting next_dagrun for example_branch_operator to 2023-05-02T00:00:00+00:00, run_after=2023-05-03T00:00:00+00:00
[2023-05-03T09:31:09.556+0000] {processor.py:178} INFO - Processing /home/airflow/.local/lib/python3.7/site-packages/airflow/example_dags/example_branch_operator.py took 0.590 seconds
[2023-05-03T09:31:43.108+0000] {processor.py:156} INFO - Started process (PID=425) to work on /home/airflow/.local/lib/python3.7/site-packages/airflow/example_dags/example_branch_operator.py
[2023-05-03T09:31:43.110+0000] {processor.py:799} INFO - Processing file /home/airflow/.local/lib/python3.7/site-packages/airflow/example_dags/example_branch_operator.py for tasks to queue
[2023-05-03T09:31:43.114+0000] {logging_mixin.py:149} INFO - [2023-05-03T09:31:43.112+0000] {dagbag.py:541} INFO - Filling up the DagBag from /home/airflow/.local/lib/python3.7/site-packages/airflow/example_dags/example_branch_operator.py
[2023-05-03T09:31:43.146+0000] {processor.py:809} INFO - DAG(s) dict_keys(['example_branch_operator']) retrieved from /home/airflow/.local/lib/python3.7/site-packages/airflow/example_dags/example_branch_operator.py
[2023-05-03T09:31:43.228+0000] {logging_mixin.py:149} INFO - [2023-05-03T09:31:43.227+0000] {dag.py:2726} INFO - Sync 1 DAGs
[2023-05-03T09:31:43.706+0000] {logging_mixin.py:149} INFO - [2023-05-03T09:31:43.705+0000] {dag.py:3490} INFO - Setting next_dagrun for example_branch_operator to 2023-05-02T00:00:00+00:00, run_after=2023-05-03T00:00:00+00:00
[2023-05-03T09:31:43.774+0000] {processor.py:178} INFO - Processing /home/airflow/.local/lib/python3.7/site-packages/airflow/example_dags/example_branch_operator.py took 0.675 seconds
[2023-05-03T09:32:25.196+0000] {processor.py:156} INFO - Started process (PID=652) to work on /home/airflow/.local/lib/python3.7/site-packages/airflow/example_dags/example_branch_operator.py
[2023-05-03T09:32:25.210+0000] {processor.py:799} INFO - Processing file /home/airflow/.local/lib/python3.7/site-packages/airflow/example_dags/example_branch_operator.py for tasks to queue
[2023-05-03T09:32:25.220+0000] {logging_mixin.py:149} INFO - [2023-05-03T09:32:25.220+0000] {dagbag.py:541} INFO - Filling up the DagBag from /home/airflow/.local/lib/python3.7/site-packages/airflow/example_dags/example_branch_operator.py
[2023-05-03T09:32:25.820+0000] {processor.py:809} INFO - DAG(s) dict_keys(['example_branch_operator']) retrieved from /home/airflow/.local/lib/python3.7/site-packages/airflow/example_dags/example_branch_operator.py
[2023-05-03T09:32:25.900+0000] {logging_mixin.py:149} INFO - [2023-05-03T09:32:25.900+0000] {dag.py:2726} INFO - Sync 1 DAGs
[2023-05-03T09:32:26.005+0000] {logging_mixin.py:149} INFO - [2023-05-03T09:32:26.005+0000] {dag.py:3490} INFO - Setting next_dagrun for example_branch_operator to 2023-05-02T00:00:00+00:00, run_after=2023-05-03T00:00:00+00:00
[2023-05-03T09:32:26.087+0000] {processor.py:178} INFO - Processing /home/airflow/.local/lib/python3.7/site-packages/airflow/example_dags/example_branch_operator.py took 0.896 seconds
[2023-05-03T09:32:56.696+0000] {processor.py:156} INFO - Started process (PID=888) to work on /home/airflow/.local/lib/python3.7/site-packages/airflow/example_dags/example_branch_operator.py
[2023-05-03T09:32:56.698+0000] {processor.py:799} INFO - Processing file /home/airflow/.local/lib/python3.7/site-packages/airflow/example_dags/example_branch_operator.py for tasks to queue
[2023-05-03T09:32:56.705+0000] {logging_mixin.py:149} INFO - [2023-05-03T09:32:56.704+0000] {dagbag.py:541} INFO - Filling up the DagBag from /home/airflow/.local/lib/python3.7/site-packages/airflow/example_dags/example_branch_operator.py
[2023-05-03T09:32:56.742+0000] {processor.py:809} INFO - DAG(s) dict_keys(['example_branch_operator']) retrieved from /home/airflow/.local/lib/python3.7/site-packages/airflow/example_dags/example_branch_operator.py
[2023-05-03T09:32:56.841+0000] {logging_mixin.py:149} INFO - [2023-05-03T09:32:56.841+0000] {dag.py:2726} INFO - Sync 1 DAGs
[2023-05-03T09:32:56.954+0000] {logging_mixin.py:149} INFO - [2023-05-03T09:32:56.954+0000] {dag.py:3490} INFO - Setting next_dagrun for example_branch_operator to 2023-05-02T00:00:00+00:00, run_after=2023-05-03T00:00:00+00:00
[2023-05-03T09:32:57.046+0000] {processor.py:178} INFO - Processing /home/airflow/.local/lib/python3.7/site-packages/airflow/example_dags/example_branch_operator.py took 0.356 seconds
[2023-05-03T09:33:35.526+0000] {processor.py:156} INFO - Started process (PID=1074) to work on /home/airflow/.local/lib/python3.7/site-packages/airflow/example_dags/example_branch_operator.py
[2023-05-03T09:33:35.530+0000] {processor.py:799} INFO - Processing file /home/airflow/.local/lib/python3.7/site-packages/airflow/example_dags/example_branch_operator.py for tasks to queue
[2023-05-03T09:33:35.532+0000] {logging_mixin.py:149} INFO - [2023-05-03T09:33:35.531+0000] {dagbag.py:541} INFO - Filling up the DagBag from /home/airflow/.local/lib/python3.7/site-packages/airflow/example_dags/example_branch_operator.py
[2023-05-03T09:33:35.578+0000] {processor.py:809} INFO - DAG(s) dict_keys(['example_branch_operator']) retrieved from /home/airflow/.local/lib/python3.7/site-packages/airflow/example_dags/example_branch_operator.py
[2023-05-03T09:33:35.639+0000] {logging_mixin.py:149} INFO - [2023-05-03T09:33:35.639+0000] {dag.py:2726} INFO - Sync 1 DAGs
[2023-05-03T09:33:35.704+0000] {logging_mixin.py:149} INFO - [2023-05-03T09:33:35.703+0000] {dag.py:3490} INFO - Setting next_dagrun for example_branch_operator to 2023-05-02T00:00:00+00:00, run_after=2023-05-03T00:00:00+00:00
[2023-05-03T09:33:35.805+0000] {processor.py:178} INFO - Processing /home/airflow/.local/lib/python3.7/site-packages/airflow/example_dags/example_branch_operator.py took 0.290 seconds
[2023-05-03T09:34:07.892+0000] {processor.py:156} INFO - Started process (PID=1282) to work on /home/airflow/.local/lib/python3.7/site-packages/airflow/example_dags/example_branch_operator.py
[2023-05-03T09:34:07.894+0000] {processor.py:799} INFO - Processing file /home/airflow/.local/lib/python3.7/site-packages/airflow/example_dags/example_branch_operator.py for tasks to queue
[2023-05-03T09:34:07.898+0000] {logging_mixin.py:149} INFO - [2023-05-03T09:34:07.898+0000] {dagbag.py:541} INFO - Filling up the DagBag from /home/airflow/.local/lib/python3.7/site-packages/airflow/example_dags/example_branch_operator.py
[2023-05-03T09:34:07.918+0000] {processor.py:809} INFO - DAG(s) dict_keys(['example_branch_operator']) retrieved from /home/airflow/.local/lib/python3.7/site-packages/airflow/example_dags/example_branch_operator.py
[2023-05-03T09:34:08.002+0000] {logging_mixin.py:149} INFO - [2023-05-03T09:34:08.002+0000] {dag.py:2726} INFO - Sync 1 DAGs
[2023-05-03T09:34:08.078+0000] {logging_mixin.py:149} INFO - [2023-05-03T09:34:08.078+0000] {dag.py:3490} INFO - Setting next_dagrun for example_branch_operator to 2023-05-02T00:00:00+00:00, run_after=2023-05-03T00:00:00+00:00
[2023-05-03T09:34:08.132+0000] {processor.py:178} INFO - Processing /home/airflow/.local/lib/python3.7/site-packages/airflow/example_dags/example_branch_operator.py took 0.252 seconds
[2023-05-03T09:34:39.070+0000] {processor.py:156} INFO - Started process (PID=1518) to work on /home/airflow/.local/lib/python3.7/site-packages/airflow/example_dags/example_branch_operator.py
[2023-05-03T09:34:39.072+0000] {processor.py:799} INFO - Processing file /home/airflow/.local/lib/python3.7/site-packages/airflow/example_dags/example_branch_operator.py for tasks to queue
[2023-05-03T09:34:39.074+0000] {logging_mixin.py:149} INFO - [2023-05-03T09:34:39.074+0000] {dagbag.py:541} INFO - Filling up the DagBag from /home/airflow/.local/lib/python3.7/site-packages/airflow/example_dags/example_branch_operator.py
[2023-05-03T09:34:39.108+0000] {processor.py:809} INFO - DAG(s) dict_keys(['example_branch_operator']) retrieved from /home/airflow/.local/lib/python3.7/site-packages/airflow/example_dags/example_branch_operator.py
[2023-05-03T09:34:39.176+0000] {logging_mixin.py:149} INFO - [2023-05-03T09:34:39.176+0000] {dag.py:2726} INFO - Sync 1 DAGs
[2023-05-03T09:34:39.226+0000] {logging_mixin.py:149} INFO - [2023-05-03T09:34:39.226+0000] {dag.py:3490} INFO - Setting next_dagrun for example_branch_operator to 2023-05-02T00:00:00+00:00, run_after=2023-05-03T00:00:00+00:00
[2023-05-03T09:34:39.259+0000] {processor.py:178} INFO - Processing /home/airflow/.local/lib/python3.7/site-packages/airflow/example_dags/example_branch_operator.py took 0.194 seconds
[2023-05-03T09:35:09.661+0000] {processor.py:156} INFO - Started process (PID=1752) to work on /home/airflow/.local/lib/python3.7/site-packages/airflow/example_dags/example_branch_operator.py
[2023-05-03T09:35:09.668+0000] {processor.py:799} INFO - Processing file /home/airflow/.local/lib/python3.7/site-packages/airflow/example_dags/example_branch_operator.py for tasks to queue
[2023-05-03T09:35:09.670+0000] {logging_mixin.py:149} INFO - [2023-05-03T09:35:09.669+0000] {dagbag.py:541} INFO - Filling up the DagBag from /home/airflow/.local/lib/python3.7/site-packages/airflow/example_dags/example_branch_operator.py
[2023-05-03T09:35:09.696+0000] {processor.py:809} INFO - DAG(s) dict_keys(['example_branch_operator']) retrieved from /home/airflow/.local/lib/python3.7/site-packages/airflow/example_dags/example_branch_operator.py
[2023-05-03T09:35:09.785+0000] {logging_mixin.py:149} INFO - [2023-05-03T09:35:09.785+0000] {dag.py:2726} INFO - Sync 1 DAGs
[2023-05-03T09:35:09.852+0000] {logging_mixin.py:149} INFO - [2023-05-03T09:35:09.852+0000] {dag.py:3490} INFO - Setting next_dagrun for example_branch_operator to 2023-05-02T00:00:00+00:00, run_after=2023-05-03T00:00:00+00:00
[2023-05-03T09:35:09.911+0000] {processor.py:178} INFO - Processing /home/airflow/.local/lib/python3.7/site-packages/airflow/example_dags/example_branch_operator.py took 0.255 seconds
[2023-05-03T09:35:47.412+0000] {processor.py:156} INFO - Started process (PID=1933) to work on /home/airflow/.local/lib/python3.7/site-packages/airflow/example_dags/example_branch_operator.py
[2023-05-03T09:35:47.423+0000] {processor.py:799} INFO - Processing file /home/airflow/.local/lib/python3.7/site-packages/airflow/example_dags/example_branch_operator.py for tasks to queue
[2023-05-03T09:35:47.435+0000] {logging_mixin.py:149} INFO - [2023-05-03T09:35:47.432+0000] {dagbag.py:541} INFO - Filling up the DagBag from /home/airflow/.local/lib/python3.7/site-packages/airflow/example_dags/example_branch_operator.py
[2023-05-03T09:35:47.581+0000] {processor.py:809} INFO - DAG(s) dict_keys(['example_branch_operator']) retrieved from /home/airflow/.local/lib/python3.7/site-packages/airflow/example_dags/example_branch_operator.py
[2023-05-03T09:35:47.693+0000] {logging_mixin.py:149} INFO - [2023-05-03T09:35:47.693+0000] {dag.py:2726} INFO - Sync 1 DAGs
[2023-05-03T09:35:47.872+0000] {logging_mixin.py:149} INFO - [2023-05-03T09:35:47.872+0000] {dag.py:3490} INFO - Setting next_dagrun for example_branch_operator to 2023-05-02T00:00:00+00:00, run_after=2023-05-03T00:00:00+00:00
[2023-05-03T09:35:47.971+0000] {processor.py:178} INFO - Processing /home/airflow/.local/lib/python3.7/site-packages/airflow/example_dags/example_branch_operator.py took 0.564 seconds
[2023-05-03T09:36:19.422+0000] {processor.py:156} INFO - Started process (PID=2160) to work on /home/airflow/.local/lib/python3.7/site-packages/airflow/example_dags/example_branch_operator.py
[2023-05-03T09:36:19.424+0000] {processor.py:799} INFO - Processing file /home/airflow/.local/lib/python3.7/site-packages/airflow/example_dags/example_branch_operator.py for tasks to queue
[2023-05-03T09:36:19.427+0000] {logging_mixin.py:149} INFO - [2023-05-03T09:36:19.426+0000] {dagbag.py:541} INFO - Filling up the DagBag from /home/airflow/.local/lib/python3.7/site-packages/airflow/example_dags/example_branch_operator.py
[2023-05-03T09:36:19.451+0000] {processor.py:809} INFO - DAG(s) dict_keys(['example_branch_operator']) retrieved from /home/airflow/.local/lib/python3.7/site-packages/airflow/example_dags/example_branch_operator.py
[2023-05-03T09:36:19.531+0000] {logging_mixin.py:149} INFO - [2023-05-03T09:36:19.531+0000] {dag.py:2726} INFO - Sync 1 DAGs
[2023-05-03T09:36:19.641+0000] {logging_mixin.py:149} INFO - [2023-05-03T09:36:19.641+0000] {dag.py:3490} INFO - Setting next_dagrun for example_branch_operator to 2023-05-02T00:00:00+00:00, run_after=2023-05-03T00:00:00+00:00
[2023-05-03T09:36:19.706+0000] {processor.py:178} INFO - Processing /home/airflow/.local/lib/python3.7/site-packages/airflow/example_dags/example_branch_operator.py took 0.289 seconds
[2023-05-03T09:36:50.977+0000] {processor.py:156} INFO - Started process (PID=2396) to work on /home/airflow/.local/lib/python3.7/site-packages/airflow/example_dags/example_branch_operator.py
[2023-05-03T09:36:50.979+0000] {processor.py:799} INFO - Processing file /home/airflow/.local/lib/python3.7/site-packages/airflow/example_dags/example_branch_operator.py for tasks to queue
[2023-05-03T09:36:50.981+0000] {logging_mixin.py:149} INFO - [2023-05-03T09:36:50.981+0000] {dagbag.py:541} INFO - Filling up the DagBag from /home/airflow/.local/lib/python3.7/site-packages/airflow/example_dags/example_branch_operator.py
[2023-05-03T09:36:51.006+0000] {processor.py:809} INFO - DAG(s) dict_keys(['example_branch_operator']) retrieved from /home/airflow/.local/lib/python3.7/site-packages/airflow/example_dags/example_branch_operator.py
[2023-05-03T09:36:51.082+0000] {logging_mixin.py:149} INFO - [2023-05-03T09:36:51.081+0000] {dag.py:2726} INFO - Sync 1 DAGs
[2023-05-03T09:36:51.141+0000] {logging_mixin.py:149} INFO - [2023-05-03T09:36:51.134+0000] {dag.py:3490} INFO - Setting next_dagrun for example_branch_operator to 2023-05-02T00:00:00+00:00, run_after=2023-05-03T00:00:00+00:00
[2023-05-03T09:36:51.195+0000] {processor.py:178} INFO - Processing /home/airflow/.local/lib/python3.7/site-packages/airflow/example_dags/example_branch_operator.py took 0.222 seconds
[2023-05-03T09:37:23.149+0000] {processor.py:156} INFO - Started process (PID=2631) to work on /home/airflow/.local/lib/python3.7/site-packages/airflow/example_dags/example_branch_operator.py
[2023-05-03T09:37:23.151+0000] {processor.py:799} INFO - Processing file /home/airflow/.local/lib/python3.7/site-packages/airflow/example_dags/example_branch_operator.py for tasks to queue
[2023-05-03T09:37:23.153+0000] {logging_mixin.py:149} INFO - [2023-05-03T09:37:23.153+0000] {dagbag.py:541} INFO - Filling up the DagBag from /home/airflow/.local/lib/python3.7/site-packages/airflow/example_dags/example_branch_operator.py
[2023-05-03T09:37:23.171+0000] {processor.py:809} INFO - DAG(s) dict_keys(['example_branch_operator']) retrieved from /home/airflow/.local/lib/python3.7/site-packages/airflow/example_dags/example_branch_operator.py
[2023-05-03T09:37:23.229+0000] {logging_mixin.py:149} INFO - [2023-05-03T09:37:23.227+0000] {dag.py:2726} INFO - Sync 1 DAGs
[2023-05-03T09:37:23.293+0000] {logging_mixin.py:149} INFO - [2023-05-03T09:37:23.293+0000] {dag.py:3490} INFO - Setting next_dagrun for example_branch_operator to 2023-05-02T00:00:00+00:00, run_after=2023-05-03T00:00:00+00:00
[2023-05-03T09:37:23.329+0000] {processor.py:178} INFO - Processing /home/airflow/.local/lib/python3.7/site-packages/airflow/example_dags/example_branch_operator.py took 0.193 seconds
[2023-05-03T09:37:57.885+0000] {processor.py:156} INFO - Started process (PID=2874) to work on /home/airflow/.local/lib/python3.7/site-packages/airflow/example_dags/example_branch_operator.py
[2023-05-03T09:37:57.887+0000] {processor.py:799} INFO - Processing file /home/airflow/.local/lib/python3.7/site-packages/airflow/example_dags/example_branch_operator.py for tasks to queue
[2023-05-03T09:37:57.888+0000] {logging_mixin.py:149} INFO - [2023-05-03T09:37:57.888+0000] {dagbag.py:541} INFO - Filling up the DagBag from /home/airflow/.local/lib/python3.7/site-packages/airflow/example_dags/example_branch_operator.py
[2023-05-03T09:37:57.911+0000] {processor.py:809} INFO - DAG(s) dict_keys(['example_branch_operator']) retrieved from /home/airflow/.local/lib/python3.7/site-packages/airflow/example_dags/example_branch_operator.py
[2023-05-03T09:37:57.955+0000] {logging_mixin.py:149} INFO - [2023-05-03T09:37:57.955+0000] {dag.py:2726} INFO - Sync 1 DAGs
[2023-05-03T09:37:58.001+0000] {logging_mixin.py:149} INFO - [2023-05-03T09:37:58.001+0000] {dag.py:3490} INFO - Setting next_dagrun for example_branch_operator to 2023-05-02T00:00:00+00:00, run_after=2023-05-03T00:00:00+00:00
[2023-05-03T09:37:58.050+0000] {processor.py:178} INFO - Processing /home/airflow/.local/lib/python3.7/site-packages/airflow/example_dags/example_branch_operator.py took 0.170 seconds
[2023-05-03T09:38:30.008+0000] {processor.py:156} INFO - Started process (PID=3100) to work on /home/airflow/.local/lib/python3.7/site-packages/airflow/example_dags/example_branch_operator.py
[2023-05-03T09:38:30.013+0000] {processor.py:799} INFO - Processing file /home/airflow/.local/lib/python3.7/site-packages/airflow/example_dags/example_branch_operator.py for tasks to queue
[2023-05-03T09:38:30.016+0000] {logging_mixin.py:149} INFO - [2023-05-03T09:38:30.016+0000] {dagbag.py:541} INFO - Filling up the DagBag from /home/airflow/.local/lib/python3.7/site-packages/airflow/example_dags/example_branch_operator.py
[2023-05-03T09:38:30.060+0000] {processor.py:809} INFO - DAG(s) dict_keys(['example_branch_operator']) retrieved from /home/airflow/.local/lib/python3.7/site-packages/airflow/example_dags/example_branch_operator.py
[2023-05-03T09:38:30.141+0000] {logging_mixin.py:149} INFO - [2023-05-03T09:38:30.140+0000] {dag.py:2726} INFO - Sync 1 DAGs
[2023-05-03T09:38:30.231+0000] {logging_mixin.py:149} INFO - [2023-05-03T09:38:30.230+0000] {dag.py:3490} INFO - Setting next_dagrun for example_branch_operator to 2023-05-02T00:00:00+00:00, run_after=2023-05-03T00:00:00+00:00
[2023-05-03T09:38:30.287+0000] {processor.py:178} INFO - Processing /home/airflow/.local/lib/python3.7/site-packages/airflow/example_dags/example_branch_operator.py took 0.284 seconds
[2023-05-03T09:39:00.559+0000] {processor.py:156} INFO - Started process (PID=3330) to work on /home/airflow/.local/lib/python3.7/site-packages/airflow/example_dags/example_branch_operator.py
[2023-05-03T09:39:00.561+0000] {processor.py:799} INFO - Processing file /home/airflow/.local/lib/python3.7/site-packages/airflow/example_dags/example_branch_operator.py for tasks to queue
[2023-05-03T09:39:00.562+0000] {logging_mixin.py:149} INFO - [2023-05-03T09:39:00.562+0000] {dagbag.py:541} INFO - Filling up the DagBag from /home/airflow/.local/lib/python3.7/site-packages/airflow/example_dags/example_branch_operator.py
[2023-05-03T09:39:00.587+0000] {processor.py:809} INFO - DAG(s) dict_keys(['example_branch_operator']) retrieved from /home/airflow/.local/lib/python3.7/site-packages/airflow/example_dags/example_branch_operator.py
[2023-05-03T09:39:00.661+0000] {logging_mixin.py:149} INFO - [2023-05-03T09:39:00.660+0000] {dag.py:2726} INFO - Sync 1 DAGs
[2023-05-03T09:39:00.747+0000] {logging_mixin.py:149} INFO - [2023-05-03T09:39:00.747+0000] {dag.py:3490} INFO - Setting next_dagrun for example_branch_operator to 2023-05-02T00:00:00+00:00, run_after=2023-05-03T00:00:00+00:00
[2023-05-03T09:39:00.798+0000] {processor.py:178} INFO - Processing /home/airflow/.local/lib/python3.7/site-packages/airflow/example_dags/example_branch_operator.py took 0.248 seconds
[2023-05-03T09:39:31.684+0000] {processor.py:156} INFO - Started process (PID=3561) to work on /home/airflow/.local/lib/python3.7/site-packages/airflow/example_dags/example_branch_operator.py
[2023-05-03T09:39:31.686+0000] {processor.py:799} INFO - Processing file /home/airflow/.local/lib/python3.7/site-packages/airflow/example_dags/example_branch_operator.py for tasks to queue
[2023-05-03T09:39:31.688+0000] {logging_mixin.py:149} INFO - [2023-05-03T09:39:31.688+0000] {dagbag.py:541} INFO - Filling up the DagBag from /home/airflow/.local/lib/python3.7/site-packages/airflow/example_dags/example_branch_operator.py
[2023-05-03T09:39:31.707+0000] {processor.py:809} INFO - DAG(s) dict_keys(['example_branch_operator']) retrieved from /home/airflow/.local/lib/python3.7/site-packages/airflow/example_dags/example_branch_operator.py
[2023-05-03T09:39:31.754+0000] {logging_mixin.py:149} INFO - [2023-05-03T09:39:31.754+0000] {dag.py:2726} INFO - Sync 1 DAGs
[2023-05-03T09:39:31.800+0000] {logging_mixin.py:149} INFO - [2023-05-03T09:39:31.799+0000] {dag.py:3490} INFO - Setting next_dagrun for example_branch_operator to 2023-05-02T00:00:00+00:00, run_after=2023-05-03T00:00:00+00:00
[2023-05-03T09:39:31.862+0000] {processor.py:178} INFO - Processing /home/airflow/.local/lib/python3.7/site-packages/airflow/example_dags/example_branch_operator.py took 0.182 seconds
[2023-05-03T09:40:01.972+0000] {processor.py:156} INFO - Started process (PID=3797) to work on /home/airflow/.local/lib/python3.7/site-packages/airflow/example_dags/example_branch_operator.py
[2023-05-03T09:40:01.974+0000] {processor.py:799} INFO - Processing file /home/airflow/.local/lib/python3.7/site-packages/airflow/example_dags/example_branch_operator.py for tasks to queue
[2023-05-03T09:40:01.978+0000] {logging_mixin.py:149} INFO - [2023-05-03T09:40:01.977+0000] {dagbag.py:541} INFO - Filling up the DagBag from /home/airflow/.local/lib/python3.7/site-packages/airflow/example_dags/example_branch_operator.py
[2023-05-03T09:40:02.004+0000] {processor.py:809} INFO - DAG(s) dict_keys(['example_branch_operator']) retrieved from /home/airflow/.local/lib/python3.7/site-packages/airflow/example_dags/example_branch_operator.py
[2023-05-03T09:40:02.071+0000] {logging_mixin.py:149} INFO - [2023-05-03T09:40:02.071+0000] {dag.py:2726} INFO - Sync 1 DAGs
[2023-05-03T09:40:02.117+0000] {logging_mixin.py:149} INFO - [2023-05-03T09:40:02.116+0000] {dag.py:3490} INFO - Setting next_dagrun for example_branch_operator to 2023-05-02T00:00:00+00:00, run_after=2023-05-03T00:00:00+00:00
[2023-05-03T09:40:02.169+0000] {processor.py:178} INFO - Processing /home/airflow/.local/lib/python3.7/site-packages/airflow/example_dags/example_branch_operator.py took 0.202 seconds
[2023-05-03T09:40:32.869+0000] {processor.py:156} INFO - Started process (PID=4033) to work on /home/airflow/.local/lib/python3.7/site-packages/airflow/example_dags/example_branch_operator.py
[2023-05-03T09:40:32.871+0000] {processor.py:799} INFO - Processing file /home/airflow/.local/lib/python3.7/site-packages/airflow/example_dags/example_branch_operator.py for tasks to queue
[2023-05-03T09:40:32.873+0000] {logging_mixin.py:149} INFO - [2023-05-03T09:40:32.873+0000] {dagbag.py:541} INFO - Filling up the DagBag from /home/airflow/.local/lib/python3.7/site-packages/airflow/example_dags/example_branch_operator.py
[2023-05-03T09:40:32.900+0000] {processor.py:809} INFO - DAG(s) dict_keys(['example_branch_operator']) retrieved from /home/airflow/.local/lib/python3.7/site-packages/airflow/example_dags/example_branch_operator.py
[2023-05-03T09:40:32.958+0000] {logging_mixin.py:149} INFO - [2023-05-03T09:40:32.957+0000] {dag.py:2726} INFO - Sync 1 DAGs
[2023-05-03T09:40:32.993+0000] {logging_mixin.py:149} INFO - [2023-05-03T09:40:32.993+0000] {dag.py:3490} INFO - Setting next_dagrun for example_branch_operator to 2023-05-02T00:00:00+00:00, run_after=2023-05-03T00:00:00+00:00
[2023-05-03T09:40:33.018+0000] {processor.py:178} INFO - Processing /home/airflow/.local/lib/python3.7/site-packages/airflow/example_dags/example_branch_operator.py took 0.154 seconds
[2023-05-03T09:41:03.126+0000] {processor.py:156} INFO - Started process (PID=4274) to work on /home/airflow/.local/lib/python3.7/site-packages/airflow/example_dags/example_branch_operator.py
[2023-05-03T09:41:03.128+0000] {processor.py:799} INFO - Processing file /home/airflow/.local/lib/python3.7/site-packages/airflow/example_dags/example_branch_operator.py for tasks to queue
[2023-05-03T09:41:03.130+0000] {logging_mixin.py:149} INFO - [2023-05-03T09:41:03.130+0000] {dagbag.py:541} INFO - Filling up the DagBag from /home/airflow/.local/lib/python3.7/site-packages/airflow/example_dags/example_branch_operator.py
[2023-05-03T09:41:03.142+0000] {processor.py:809} INFO - DAG(s) dict_keys(['example_branch_operator']) retrieved from /home/airflow/.local/lib/python3.7/site-packages/airflow/example_dags/example_branch_operator.py
[2023-05-03T09:41:03.189+0000] {logging_mixin.py:149} INFO - [2023-05-03T09:41:03.189+0000] {dag.py:2726} INFO - Sync 1 DAGs
[2023-05-03T09:41:03.235+0000] {logging_mixin.py:149} INFO - [2023-05-03T09:41:03.235+0000] {dag.py:3490} INFO - Setting next_dagrun for example_branch_operator to 2023-05-02T00:00:00+00:00, run_after=2023-05-03T00:00:00+00:00
[2023-05-03T09:41:03.260+0000] {processor.py:178} INFO - Processing /home/airflow/.local/lib/python3.7/site-packages/airflow/example_dags/example_branch_operator.py took 0.137 seconds
[2023-05-03T09:41:33.560+0000] {processor.py:156} INFO - Started process (PID=4503) to work on /home/airflow/.local/lib/python3.7/site-packages/airflow/example_dags/example_branch_operator.py
[2023-05-03T09:41:33.562+0000] {processor.py:799} INFO - Processing file /home/airflow/.local/lib/python3.7/site-packages/airflow/example_dags/example_branch_operator.py for tasks to queue
[2023-05-03T09:41:33.564+0000] {logging_mixin.py:149} INFO - [2023-05-03T09:41:33.563+0000] {dagbag.py:541} INFO - Filling up the DagBag from /home/airflow/.local/lib/python3.7/site-packages/airflow/example_dags/example_branch_operator.py
[2023-05-03T09:41:33.586+0000] {processor.py:809} INFO - DAG(s) dict_keys(['example_branch_operator']) retrieved from /home/airflow/.local/lib/python3.7/site-packages/airflow/example_dags/example_branch_operator.py
[2023-05-03T09:41:33.638+0000] {logging_mixin.py:149} INFO - [2023-05-03T09:41:33.637+0000] {dag.py:2726} INFO - Sync 1 DAGs
[2023-05-03T09:41:33.683+0000] {logging_mixin.py:149} INFO - [2023-05-03T09:41:33.683+0000] {dag.py:3490} INFO - Setting next_dagrun for example_branch_operator to 2023-05-02T00:00:00+00:00, run_after=2023-05-03T00:00:00+00:00
[2023-05-03T09:41:33.722+0000] {processor.py:178} INFO - Processing /home/airflow/.local/lib/python3.7/site-packages/airflow/example_dags/example_branch_operator.py took 0.166 seconds
[2023-05-03T09:42:03.842+0000] {processor.py:156} INFO - Started process (PID=4739) to work on /home/airflow/.local/lib/python3.7/site-packages/airflow/example_dags/example_branch_operator.py
[2023-05-03T09:42:03.844+0000] {processor.py:799} INFO - Processing file /home/airflow/.local/lib/python3.7/site-packages/airflow/example_dags/example_branch_operator.py for tasks to queue
[2023-05-03T09:42:03.845+0000] {logging_mixin.py:149} INFO - [2023-05-03T09:42:03.845+0000] {dagbag.py:541} INFO - Filling up the DagBag from /home/airflow/.local/lib/python3.7/site-packages/airflow/example_dags/example_branch_operator.py
[2023-05-03T09:42:03.892+0000] {processor.py:809} INFO - DAG(s) dict_keys(['example_branch_operator']) retrieved from /home/airflow/.local/lib/python3.7/site-packages/airflow/example_dags/example_branch_operator.py
[2023-05-03T09:42:03.946+0000] {logging_mixin.py:149} INFO - [2023-05-03T09:42:03.946+0000] {dag.py:2726} INFO - Sync 1 DAGs
[2023-05-03T09:42:04.000+0000] {logging_mixin.py:149} INFO - [2023-05-03T09:42:03.999+0000] {dag.py:3490} INFO - Setting next_dagrun for example_branch_operator to 2023-05-02T00:00:00+00:00, run_after=2023-05-03T00:00:00+00:00
[2023-05-03T09:42:04.057+0000] {processor.py:178} INFO - Processing /home/airflow/.local/lib/python3.7/site-packages/airflow/example_dags/example_branch_operator.py took 0.219 seconds
[2023-05-03T09:44:24.802+0000] {processor.py:156} INFO - Started process (PID=194) to work on /home/airflow/.local/lib/python3.7/site-packages/airflow/example_dags/example_branch_operator.py
[2023-05-03T09:44:24.810+0000] {processor.py:799} INFO - Processing file /home/airflow/.local/lib/python3.7/site-packages/airflow/example_dags/example_branch_operator.py for tasks to queue
[2023-05-03T09:44:24.813+0000] {logging_mixin.py:149} INFO - [2023-05-03T09:44:24.813+0000] {dagbag.py:541} INFO - Filling up the DagBag from /home/airflow/.local/lib/python3.7/site-packages/airflow/example_dags/example_branch_operator.py
[2023-05-03T09:44:25.565+0000] {processor.py:809} INFO - DAG(s) dict_keys(['example_branch_operator']) retrieved from /home/airflow/.local/lib/python3.7/site-packages/airflow/example_dags/example_branch_operator.py
[2023-05-03T09:44:26.038+0000] {logging_mixin.py:149} INFO - [2023-05-03T09:44:26.038+0000] {dag.py:2726} INFO - Sync 1 DAGs
[2023-05-03T09:44:26.368+0000] {logging_mixin.py:149} INFO - [2023-05-03T09:44:26.367+0000] {dag.py:3490} INFO - Setting next_dagrun for example_branch_operator to 2023-05-02T00:00:00+00:00, run_after=2023-05-03T00:00:00+00:00
[2023-05-03T09:44:26.464+0000] {processor.py:178} INFO - Processing /home/airflow/.local/lib/python3.7/site-packages/airflow/example_dags/example_branch_operator.py took 1.675 seconds
[2023-05-03T09:45:03.316+0000] {processor.py:156} INFO - Started process (PID=426) to work on /home/airflow/.local/lib/python3.7/site-packages/airflow/example_dags/example_branch_operator.py
[2023-05-03T09:45:03.326+0000] {processor.py:799} INFO - Processing file /home/airflow/.local/lib/python3.7/site-packages/airflow/example_dags/example_branch_operator.py for tasks to queue
[2023-05-03T09:45:03.329+0000] {logging_mixin.py:149} INFO - [2023-05-03T09:45:03.329+0000] {dagbag.py:541} INFO - Filling up the DagBag from /home/airflow/.local/lib/python3.7/site-packages/airflow/example_dags/example_branch_operator.py
[2023-05-03T09:45:03.364+0000] {processor.py:809} INFO - DAG(s) dict_keys(['example_branch_operator']) retrieved from /home/airflow/.local/lib/python3.7/site-packages/airflow/example_dags/example_branch_operator.py
[2023-05-03T09:45:03.471+0000] {logging_mixin.py:149} INFO - [2023-05-03T09:45:03.470+0000] {dag.py:2726} INFO - Sync 1 DAGs
[2023-05-03T09:45:03.577+0000] {logging_mixin.py:149} INFO - [2023-05-03T09:45:03.577+0000] {dag.py:3490} INFO - Setting next_dagrun for example_branch_operator to 2023-05-02T00:00:00+00:00, run_after=2023-05-03T00:00:00+00:00
[2023-05-03T09:45:03.691+0000] {processor.py:178} INFO - Processing /home/airflow/.local/lib/python3.7/site-packages/airflow/example_dags/example_branch_operator.py took 0.382 seconds
[2023-05-03T09:46:23.068+0000] {processor.py:156} INFO - Started process (PID=539) to work on /home/airflow/.local/lib/python3.7/site-packages/airflow/example_dags/example_branch_operator.py
[2023-05-03T09:46:23.077+0000] {processor.py:799} INFO - Processing file /home/airflow/.local/lib/python3.7/site-packages/airflow/example_dags/example_branch_operator.py for tasks to queue
[2023-05-03T09:46:23.079+0000] {logging_mixin.py:149} INFO - [2023-05-03T09:46:23.079+0000] {dagbag.py:541} INFO - Filling up the DagBag from /home/airflow/.local/lib/python3.7/site-packages/airflow/example_dags/example_branch_operator.py
[2023-05-03T09:46:23.422+0000] {processor.py:809} INFO - DAG(s) dict_keys(['example_branch_operator']) retrieved from /home/airflow/.local/lib/python3.7/site-packages/airflow/example_dags/example_branch_operator.py
[2023-05-03T09:46:23.804+0000] {logging_mixin.py:149} INFO - [2023-05-03T09:46:23.804+0000] {dag.py:2726} INFO - Sync 1 DAGs
[2023-05-03T09:46:24.717+0000] {logging_mixin.py:149} INFO - [2023-05-03T09:46:24.714+0000] {dag.py:3490} INFO - Setting next_dagrun for example_branch_operator to 2023-05-02T00:00:00+00:00, run_after=2023-05-03T00:00:00+00:00
[2023-05-03T09:46:25.024+0000] {processor.py:178} INFO - Processing /home/airflow/.local/lib/python3.7/site-packages/airflow/example_dags/example_branch_operator.py took 1.993 seconds
[2023-05-03T09:47:26.705+0000] {processor.py:156} INFO - Started process (PID=772) to work on /home/airflow/.local/lib/python3.7/site-packages/airflow/example_dags/example_branch_operator.py
[2023-05-03T09:47:26.710+0000] {processor.py:799} INFO - Processing file /home/airflow/.local/lib/python3.7/site-packages/airflow/example_dags/example_branch_operator.py for tasks to queue
[2023-05-03T09:47:26.721+0000] {logging_mixin.py:149} INFO - [2023-05-03T09:47:26.721+0000] {dagbag.py:541} INFO - Filling up the DagBag from /home/airflow/.local/lib/python3.7/site-packages/airflow/example_dags/example_branch_operator.py
[2023-05-03T09:47:26.751+0000] {processor.py:809} INFO - DAG(s) dict_keys(['example_branch_operator']) retrieved from /home/airflow/.local/lib/python3.7/site-packages/airflow/example_dags/example_branch_operator.py
[2023-05-03T09:47:26.863+0000] {logging_mixin.py:149} INFO - [2023-05-03T09:47:26.862+0000] {dag.py:2726} INFO - Sync 1 DAGs
[2023-05-03T09:47:27.006+0000] {logging_mixin.py:149} INFO - [2023-05-03T09:47:27.001+0000] {dag.py:3490} INFO - Setting next_dagrun for example_branch_operator to 2023-05-02T00:00:00+00:00, run_after=2023-05-03T00:00:00+00:00
[2023-05-03T09:47:27.129+0000] {processor.py:178} INFO - Processing /home/airflow/.local/lib/python3.7/site-packages/airflow/example_dags/example_branch_operator.py took 0.430 seconds
[2023-05-03T09:48:13.444+0000] {processor.py:156} INFO - Started process (PID=1006) to work on /home/airflow/.local/lib/python3.7/site-packages/airflow/example_dags/example_branch_operator.py
[2023-05-03T09:48:13.451+0000] {processor.py:799} INFO - Processing file /home/airflow/.local/lib/python3.7/site-packages/airflow/example_dags/example_branch_operator.py for tasks to queue
[2023-05-03T09:48:13.457+0000] {logging_mixin.py:149} INFO - [2023-05-03T09:48:13.457+0000] {dagbag.py:541} INFO - Filling up the DagBag from /home/airflow/.local/lib/python3.7/site-packages/airflow/example_dags/example_branch_operator.py
[2023-05-03T09:48:13.521+0000] {processor.py:809} INFO - DAG(s) dict_keys(['example_branch_operator']) retrieved from /home/airflow/.local/lib/python3.7/site-packages/airflow/example_dags/example_branch_operator.py
[2023-05-03T09:48:13.682+0000] {logging_mixin.py:149} INFO - [2023-05-03T09:48:13.681+0000] {dag.py:2726} INFO - Sync 1 DAGs
[2023-05-03T09:48:13.875+0000] {logging_mixin.py:149} INFO - [2023-05-03T09:48:13.875+0000] {dag.py:3490} INFO - Setting next_dagrun for example_branch_operator to 2023-05-02T00:00:00+00:00, run_after=2023-05-03T00:00:00+00:00
[2023-05-03T09:48:14.012+0000] {processor.py:178} INFO - Processing /home/airflow/.local/lib/python3.7/site-packages/airflow/example_dags/example_branch_operator.py took 0.578 seconds
[2023-05-03T09:48:46.286+0000] {processor.py:156} INFO - Started process (PID=1242) to work on /home/airflow/.local/lib/python3.7/site-packages/airflow/example_dags/example_branch_operator.py
[2023-05-03T09:48:46.293+0000] {processor.py:799} INFO - Processing file /home/airflow/.local/lib/python3.7/site-packages/airflow/example_dags/example_branch_operator.py for tasks to queue
[2023-05-03T09:48:46.299+0000] {logging_mixin.py:149} INFO - [2023-05-03T09:48:46.298+0000] {dagbag.py:541} INFO - Filling up the DagBag from /home/airflow/.local/lib/python3.7/site-packages/airflow/example_dags/example_branch_operator.py
[2023-05-03T09:48:46.360+0000] {processor.py:809} INFO - DAG(s) dict_keys(['example_branch_operator']) retrieved from /home/airflow/.local/lib/python3.7/site-packages/airflow/example_dags/example_branch_operator.py
[2023-05-03T09:48:46.581+0000] {logging_mixin.py:149} INFO - [2023-05-03T09:48:46.580+0000] {dag.py:2726} INFO - Sync 1 DAGs
[2023-05-03T09:48:46.698+0000] {logging_mixin.py:149} INFO - [2023-05-03T09:48:46.698+0000] {dag.py:3490} INFO - Setting next_dagrun for example_branch_operator to 2023-05-02T00:00:00+00:00, run_after=2023-05-03T00:00:00+00:00
[2023-05-03T09:48:46.835+0000] {processor.py:178} INFO - Processing /home/airflow/.local/lib/python3.7/site-packages/airflow/example_dags/example_branch_operator.py took 0.567 seconds
[2023-05-03T09:49:45.807+0000] {processor.py:156} INFO - Started process (PID=1470) to work on /home/airflow/.local/lib/python3.7/site-packages/airflow/example_dags/example_branch_operator.py
[2023-05-03T09:49:45.819+0000] {processor.py:799} INFO - Processing file /home/airflow/.local/lib/python3.7/site-packages/airflow/example_dags/example_branch_operator.py for tasks to queue
[2023-05-03T09:49:45.821+0000] {logging_mixin.py:149} INFO - [2023-05-03T09:49:45.821+0000] {dagbag.py:541} INFO - Filling up the DagBag from /home/airflow/.local/lib/python3.7/site-packages/airflow/example_dags/example_branch_operator.py
[2023-05-03T09:49:45.857+0000] {processor.py:809} INFO - DAG(s) dict_keys(['example_branch_operator']) retrieved from /home/airflow/.local/lib/python3.7/site-packages/airflow/example_dags/example_branch_operator.py
[2023-05-03T09:49:45.949+0000] {logging_mixin.py:149} INFO - [2023-05-03T09:49:45.949+0000] {dag.py:2726} INFO - Sync 1 DAGs
[2023-05-03T09:49:46.041+0000] {logging_mixin.py:149} INFO - [2023-05-03T09:49:46.041+0000] {dag.py:3490} INFO - Setting next_dagrun for example_branch_operator to 2023-05-02T00:00:00+00:00, run_after=2023-05-03T00:00:00+00:00
[2023-05-03T09:49:46.095+0000] {processor.py:178} INFO - Processing /home/airflow/.local/lib/python3.7/site-packages/airflow/example_dags/example_branch_operator.py took 0.296 seconds
[2023-05-03T09:50:16.190+0000] {processor.py:156} INFO - Started process (PID=1704) to work on /home/airflow/.local/lib/python3.7/site-packages/airflow/example_dags/example_branch_operator.py
[2023-05-03T09:50:16.200+0000] {processor.py:799} INFO - Processing file /home/airflow/.local/lib/python3.7/site-packages/airflow/example_dags/example_branch_operator.py for tasks to queue
[2023-05-03T09:50:16.202+0000] {logging_mixin.py:149} INFO - [2023-05-03T09:50:16.202+0000] {dagbag.py:541} INFO - Filling up the DagBag from /home/airflow/.local/lib/python3.7/site-packages/airflow/example_dags/example_branch_operator.py
[2023-05-03T09:50:16.254+0000] {processor.py:809} INFO - DAG(s) dict_keys(['example_branch_operator']) retrieved from /home/airflow/.local/lib/python3.7/site-packages/airflow/example_dags/example_branch_operator.py
[2023-05-03T09:50:16.351+0000] {logging_mixin.py:149} INFO - [2023-05-03T09:50:16.350+0000] {dag.py:2726} INFO - Sync 1 DAGs
[2023-05-03T09:50:16.424+0000] {logging_mixin.py:149} INFO - [2023-05-03T09:50:16.423+0000] {dag.py:3490} INFO - Setting next_dagrun for example_branch_operator to 2023-05-02T00:00:00+00:00, run_after=2023-05-03T00:00:00+00:00
[2023-05-03T09:50:16.553+0000] {processor.py:178} INFO - Processing /home/airflow/.local/lib/python3.7/site-packages/airflow/example_dags/example_branch_operator.py took 0.375 seconds
[2023-05-03T09:50:47.626+0000] {processor.py:156} INFO - Started process (PID=1942) to work on /home/airflow/.local/lib/python3.7/site-packages/airflow/example_dags/example_branch_operator.py
[2023-05-03T09:50:47.628+0000] {processor.py:799} INFO - Processing file /home/airflow/.local/lib/python3.7/site-packages/airflow/example_dags/example_branch_operator.py for tasks to queue
[2023-05-03T09:50:47.630+0000] {logging_mixin.py:149} INFO - [2023-05-03T09:50:47.630+0000] {dagbag.py:541} INFO - Filling up the DagBag from /home/airflow/.local/lib/python3.7/site-packages/airflow/example_dags/example_branch_operator.py
[2023-05-03T09:50:47.661+0000] {processor.py:809} INFO - DAG(s) dict_keys(['example_branch_operator']) retrieved from /home/airflow/.local/lib/python3.7/site-packages/airflow/example_dags/example_branch_operator.py
[2023-05-03T09:50:47.746+0000] {logging_mixin.py:149} INFO - [2023-05-03T09:50:47.746+0000] {dag.py:2726} INFO - Sync 1 DAGs
[2023-05-03T09:50:47.823+0000] {logging_mixin.py:149} INFO - [2023-05-03T09:50:47.823+0000] {dag.py:3490} INFO - Setting next_dagrun for example_branch_operator to 2023-05-02T00:00:00+00:00, run_after=2023-05-03T00:00:00+00:00
[2023-05-03T09:50:47.882+0000] {processor.py:178} INFO - Processing /home/airflow/.local/lib/python3.7/site-packages/airflow/example_dags/example_branch_operator.py took 0.265 seconds
[2023-05-03T09:51:21.233+0000] {processor.py:156} INFO - Started process (PID=2103) to work on /home/airflow/.local/lib/python3.7/site-packages/airflow/example_dags/example_branch_operator.py
[2023-05-03T09:51:21.236+0000] {processor.py:799} INFO - Processing file /home/airflow/.local/lib/python3.7/site-packages/airflow/example_dags/example_branch_operator.py for tasks to queue
[2023-05-03T09:51:21.239+0000] {logging_mixin.py:149} INFO - [2023-05-03T09:51:21.239+0000] {dagbag.py:541} INFO - Filling up the DagBag from /home/airflow/.local/lib/python3.7/site-packages/airflow/example_dags/example_branch_operator.py
[2023-05-03T09:51:21.312+0000] {processor.py:809} INFO - DAG(s) dict_keys(['example_branch_operator']) retrieved from /home/airflow/.local/lib/python3.7/site-packages/airflow/example_dags/example_branch_operator.py
[2023-05-03T09:51:21.412+0000] {logging_mixin.py:149} INFO - [2023-05-03T09:51:21.412+0000] {dag.py:2726} INFO - Sync 1 DAGs
[2023-05-03T09:51:21.571+0000] {logging_mixin.py:149} INFO - [2023-05-03T09:51:21.567+0000] {dag.py:3490} INFO - Setting next_dagrun for example_branch_operator to 2023-05-02T00:00:00+00:00, run_after=2023-05-03T00:00:00+00:00
[2023-05-03T09:51:21.699+0000] {processor.py:178} INFO - Processing /home/airflow/.local/lib/python3.7/site-packages/airflow/example_dags/example_branch_operator.py took 0.470 seconds
[2023-05-03T09:52:06.254+0000] {processor.py:156} INFO - Started process (PID=2259) to work on /home/airflow/.local/lib/python3.7/site-packages/airflow/example_dags/example_branch_operator.py
[2023-05-03T09:52:06.260+0000] {processor.py:799} INFO - Processing file /home/airflow/.local/lib/python3.7/site-packages/airflow/example_dags/example_branch_operator.py for tasks to queue
[2023-05-03T09:52:06.265+0000] {logging_mixin.py:149} INFO - [2023-05-03T09:52:06.265+0000] {dagbag.py:541} INFO - Filling up the DagBag from /home/airflow/.local/lib/python3.7/site-packages/airflow/example_dags/example_branch_operator.py
[2023-05-03T09:52:06.306+0000] {processor.py:809} INFO - DAG(s) dict_keys(['example_branch_operator']) retrieved from /home/airflow/.local/lib/python3.7/site-packages/airflow/example_dags/example_branch_operator.py
[2023-05-03T09:52:06.432+0000] {logging_mixin.py:149} INFO - [2023-05-03T09:52:06.431+0000] {dag.py:2726} INFO - Sync 1 DAGs
[2023-05-03T09:52:06.558+0000] {logging_mixin.py:149} INFO - [2023-05-03T09:52:06.557+0000] {dag.py:3490} INFO - Setting next_dagrun for example_branch_operator to 2023-05-02T00:00:00+00:00, run_after=2023-05-03T00:00:00+00:00
[2023-05-03T09:52:06.726+0000] {processor.py:178} INFO - Processing /home/airflow/.local/lib/python3.7/site-packages/airflow/example_dags/example_branch_operator.py took 0.480 seconds
[2023-05-03T09:52:37.364+0000] {processor.py:156} INFO - Started process (PID=2488) to work on /home/airflow/.local/lib/python3.7/site-packages/airflow/example_dags/example_branch_operator.py
[2023-05-03T09:52:37.369+0000] {processor.py:799} INFO - Processing file /home/airflow/.local/lib/python3.7/site-packages/airflow/example_dags/example_branch_operator.py for tasks to queue
[2023-05-03T09:52:37.373+0000] {logging_mixin.py:149} INFO - [2023-05-03T09:52:37.372+0000] {dagbag.py:541} INFO - Filling up the DagBag from /home/airflow/.local/lib/python3.7/site-packages/airflow/example_dags/example_branch_operator.py
[2023-05-03T09:52:37.398+0000] {processor.py:809} INFO - DAG(s) dict_keys(['example_branch_operator']) retrieved from /home/airflow/.local/lib/python3.7/site-packages/airflow/example_dags/example_branch_operator.py
[2023-05-03T09:52:37.480+0000] {logging_mixin.py:149} INFO - [2023-05-03T09:52:37.480+0000] {dag.py:2726} INFO - Sync 1 DAGs
[2023-05-03T09:52:37.540+0000] {logging_mixin.py:149} INFO - [2023-05-03T09:52:37.540+0000] {dag.py:3490} INFO - Setting next_dagrun for example_branch_operator to 2023-05-02T00:00:00+00:00, run_after=2023-05-03T00:00:00+00:00
[2023-05-03T09:52:37.600+0000] {processor.py:178} INFO - Processing /home/airflow/.local/lib/python3.7/site-packages/airflow/example_dags/example_branch_operator.py took 0.240 seconds
[2023-05-03T09:53:07.907+0000] {processor.py:156} INFO - Started process (PID=2723) to work on /home/airflow/.local/lib/python3.7/site-packages/airflow/example_dags/example_branch_operator.py
[2023-05-03T09:53:07.911+0000] {processor.py:799} INFO - Processing file /home/airflow/.local/lib/python3.7/site-packages/airflow/example_dags/example_branch_operator.py for tasks to queue
[2023-05-03T09:53:07.913+0000] {logging_mixin.py:149} INFO - [2023-05-03T09:53:07.913+0000] {dagbag.py:541} INFO - Filling up the DagBag from /home/airflow/.local/lib/python3.7/site-packages/airflow/example_dags/example_branch_operator.py
[2023-05-03T09:53:07.938+0000] {processor.py:809} INFO - DAG(s) dict_keys(['example_branch_operator']) retrieved from /home/airflow/.local/lib/python3.7/site-packages/airflow/example_dags/example_branch_operator.py
[2023-05-03T09:53:08.032+0000] {logging_mixin.py:149} INFO - [2023-05-03T09:53:08.032+0000] {dag.py:2726} INFO - Sync 1 DAGs
[2023-05-03T09:53:08.124+0000] {logging_mixin.py:149} INFO - [2023-05-03T09:53:08.123+0000] {dag.py:3490} INFO - Setting next_dagrun for example_branch_operator to 2023-05-02T00:00:00+00:00, run_after=2023-05-03T00:00:00+00:00
[2023-05-03T09:53:08.207+0000] {processor.py:178} INFO - Processing /home/airflow/.local/lib/python3.7/site-packages/airflow/example_dags/example_branch_operator.py took 0.313 seconds
[2023-05-03T09:53:38.324+0000] {processor.py:156} INFO - Started process (PID=2962) to work on /home/airflow/.local/lib/python3.7/site-packages/airflow/example_dags/example_branch_operator.py
[2023-05-03T09:53:38.326+0000] {processor.py:799} INFO - Processing file /home/airflow/.local/lib/python3.7/site-packages/airflow/example_dags/example_branch_operator.py for tasks to queue
[2023-05-03T09:53:38.328+0000] {logging_mixin.py:149} INFO - [2023-05-03T09:53:38.328+0000] {dagbag.py:541} INFO - Filling up the DagBag from /home/airflow/.local/lib/python3.7/site-packages/airflow/example_dags/example_branch_operator.py
[2023-05-03T09:53:38.350+0000] {processor.py:809} INFO - DAG(s) dict_keys(['example_branch_operator']) retrieved from /home/airflow/.local/lib/python3.7/site-packages/airflow/example_dags/example_branch_operator.py
[2023-05-03T09:53:38.434+0000] {logging_mixin.py:149} INFO - [2023-05-03T09:53:38.433+0000] {dag.py:2726} INFO - Sync 1 DAGs
[2023-05-03T09:53:38.780+0000] {logging_mixin.py:149} INFO - [2023-05-03T09:53:38.779+0000] {dag.py:3490} INFO - Setting next_dagrun for example_branch_operator to 2023-05-02T00:00:00+00:00, run_after=2023-05-03T00:00:00+00:00
[2023-05-03T09:53:38.839+0000] {processor.py:178} INFO - Processing /home/airflow/.local/lib/python3.7/site-packages/airflow/example_dags/example_branch_operator.py took 0.520 seconds
[2023-05-03T09:54:23.178+0000] {processor.py:156} INFO - Started process (PID=3171) to work on /home/airflow/.local/lib/python3.7/site-packages/airflow/example_dags/example_branch_operator.py
[2023-05-03T09:54:23.269+0000] {processor.py:799} INFO - Processing file /home/airflow/.local/lib/python3.7/site-packages/airflow/example_dags/example_branch_operator.py for tasks to queue
[2023-05-03T09:54:23.287+0000] {logging_mixin.py:149} INFO - [2023-05-03T09:54:23.286+0000] {dagbag.py:541} INFO - Filling up the DagBag from /home/airflow/.local/lib/python3.7/site-packages/airflow/example_dags/example_branch_operator.py
[2023-05-03T09:54:23.494+0000] {processor.py:809} INFO - DAG(s) dict_keys(['example_branch_operator']) retrieved from /home/airflow/.local/lib/python3.7/site-packages/airflow/example_dags/example_branch_operator.py
[2023-05-03T09:54:23.964+0000] {logging_mixin.py:149} INFO - [2023-05-03T09:54:23.964+0000] {dag.py:2726} INFO - Sync 1 DAGs
[2023-05-03T09:54:24.743+0000] {logging_mixin.py:149} INFO - [2023-05-03T09:54:24.741+0000] {dag.py:3490} INFO - Setting next_dagrun for example_branch_operator to 2023-05-02T00:00:00+00:00, run_after=2023-05-03T00:00:00+00:00
[2023-05-03T09:54:25.047+0000] {processor.py:178} INFO - Processing /home/airflow/.local/lib/python3.7/site-packages/airflow/example_dags/example_branch_operator.py took 2.034 seconds
[2023-05-03T09:55:02.706+0000] {processor.py:156} INFO - Started process (PID=3397) to work on /home/airflow/.local/lib/python3.7/site-packages/airflow/example_dags/example_branch_operator.py
[2023-05-03T09:55:02.710+0000] {processor.py:799} INFO - Processing file /home/airflow/.local/lib/python3.7/site-packages/airflow/example_dags/example_branch_operator.py for tasks to queue
[2023-05-03T09:55:02.716+0000] {logging_mixin.py:149} INFO - [2023-05-03T09:55:02.714+0000] {dagbag.py:541} INFO - Filling up the DagBag from /home/airflow/.local/lib/python3.7/site-packages/airflow/example_dags/example_branch_operator.py
[2023-05-03T09:55:02.741+0000] {processor.py:809} INFO - DAG(s) dict_keys(['example_branch_operator']) retrieved from /home/airflow/.local/lib/python3.7/site-packages/airflow/example_dags/example_branch_operator.py
[2023-05-03T09:55:02.848+0000] {logging_mixin.py:149} INFO - [2023-05-03T09:55:02.847+0000] {dag.py:2726} INFO - Sync 1 DAGs
[2023-05-03T09:55:02.937+0000] {logging_mixin.py:149} INFO - [2023-05-03T09:55:02.937+0000] {dag.py:3490} INFO - Setting next_dagrun for example_branch_operator to 2023-05-02T00:00:00+00:00, run_after=2023-05-03T00:00:00+00:00
[2023-05-03T09:55:03.010+0000] {processor.py:178} INFO - Processing /home/airflow/.local/lib/python3.7/site-packages/airflow/example_dags/example_branch_operator.py took 0.309 seconds
[2023-05-03T09:55:33.288+0000] {processor.py:156} INFO - Started process (PID=3624) to work on /home/airflow/.local/lib/python3.7/site-packages/airflow/example_dags/example_branch_operator.py
[2023-05-03T09:55:33.293+0000] {processor.py:799} INFO - Processing file /home/airflow/.local/lib/python3.7/site-packages/airflow/example_dags/example_branch_operator.py for tasks to queue
[2023-05-03T09:55:33.320+0000] {logging_mixin.py:149} INFO - [2023-05-03T09:55:33.319+0000] {dagbag.py:541} INFO - Filling up the DagBag from /home/airflow/.local/lib/python3.7/site-packages/airflow/example_dags/example_branch_operator.py
[2023-05-03T09:55:33.361+0000] {processor.py:809} INFO - DAG(s) dict_keys(['example_branch_operator']) retrieved from /home/airflow/.local/lib/python3.7/site-packages/airflow/example_dags/example_branch_operator.py
[2023-05-03T09:55:33.496+0000] {logging_mixin.py:149} INFO - [2023-05-03T09:55:33.495+0000] {dag.py:2726} INFO - Sync 1 DAGs
[2023-05-03T09:55:33.629+0000] {logging_mixin.py:149} INFO - [2023-05-03T09:55:33.628+0000] {dag.py:3490} INFO - Setting next_dagrun for example_branch_operator to 2023-05-02T00:00:00+00:00, run_after=2023-05-03T00:00:00+00:00
[2023-05-03T09:55:34.555+0000] {processor.py:178} INFO - Processing /home/airflow/.local/lib/python3.7/site-packages/airflow/example_dags/example_branch_operator.py took 1.272 seconds
[2023-05-03T09:56:07.315+0000] {processor.py:156} INFO - Started process (PID=3860) to work on /home/airflow/.local/lib/python3.7/site-packages/airflow/example_dags/example_branch_operator.py
[2023-05-03T09:56:07.317+0000] {processor.py:799} INFO - Processing file /home/airflow/.local/lib/python3.7/site-packages/airflow/example_dags/example_branch_operator.py for tasks to queue
[2023-05-03T09:56:07.325+0000] {logging_mixin.py:149} INFO - [2023-05-03T09:56:07.323+0000] {dagbag.py:541} INFO - Filling up the DagBag from /home/airflow/.local/lib/python3.7/site-packages/airflow/example_dags/example_branch_operator.py
[2023-05-03T09:56:07.356+0000] {processor.py:809} INFO - DAG(s) dict_keys(['example_branch_operator']) retrieved from /home/airflow/.local/lib/python3.7/site-packages/airflow/example_dags/example_branch_operator.py
[2023-05-03T09:56:07.480+0000] {logging_mixin.py:149} INFO - [2023-05-03T09:56:07.480+0000] {dag.py:2726} INFO - Sync 1 DAGs
[2023-05-03T09:56:07.573+0000] {logging_mixin.py:149} INFO - [2023-05-03T09:56:07.572+0000] {dag.py:3490} INFO - Setting next_dagrun for example_branch_operator to 2023-05-02T00:00:00+00:00, run_after=2023-05-03T00:00:00+00:00
[2023-05-03T09:56:07.657+0000] {processor.py:178} INFO - Processing /home/airflow/.local/lib/python3.7/site-packages/airflow/example_dags/example_branch_operator.py took 0.347 seconds
[2023-05-03T09:56:39.390+0000] {processor.py:156} INFO - Started process (PID=4095) to work on /home/airflow/.local/lib/python3.7/site-packages/airflow/example_dags/example_branch_operator.py
[2023-05-03T09:56:39.392+0000] {processor.py:799} INFO - Processing file /home/airflow/.local/lib/python3.7/site-packages/airflow/example_dags/example_branch_operator.py for tasks to queue
[2023-05-03T09:56:39.394+0000] {logging_mixin.py:149} INFO - [2023-05-03T09:56:39.394+0000] {dagbag.py:541} INFO - Filling up the DagBag from /home/airflow/.local/lib/python3.7/site-packages/airflow/example_dags/example_branch_operator.py
[2023-05-03T09:56:39.419+0000] {processor.py:809} INFO - DAG(s) dict_keys(['example_branch_operator']) retrieved from /home/airflow/.local/lib/python3.7/site-packages/airflow/example_dags/example_branch_operator.py
[2023-05-03T09:56:39.524+0000] {logging_mixin.py:149} INFO - [2023-05-03T09:56:39.524+0000] {dag.py:2726} INFO - Sync 1 DAGs
[2023-05-03T09:56:39.919+0000] {logging_mixin.py:149} INFO - [2023-05-03T09:56:39.918+0000] {dag.py:3490} INFO - Setting next_dagrun for example_branch_operator to 2023-05-02T00:00:00+00:00, run_after=2023-05-03T00:00:00+00:00
[2023-05-03T09:56:40.033+0000] {processor.py:178} INFO - Processing /home/airflow/.local/lib/python3.7/site-packages/airflow/example_dags/example_branch_operator.py took 0.657 seconds
[2023-05-03T09:57:10.518+0000] {processor.py:156} INFO - Started process (PID=4332) to work on /home/airflow/.local/lib/python3.7/site-packages/airflow/example_dags/example_branch_operator.py
[2023-05-03T09:57:10.531+0000] {processor.py:799} INFO - Processing file /home/airflow/.local/lib/python3.7/site-packages/airflow/example_dags/example_branch_operator.py for tasks to queue
[2023-05-03T09:57:10.532+0000] {logging_mixin.py:149} INFO - [2023-05-03T09:57:10.532+0000] {dagbag.py:541} INFO - Filling up the DagBag from /home/airflow/.local/lib/python3.7/site-packages/airflow/example_dags/example_branch_operator.py
[2023-05-03T09:57:10.560+0000] {processor.py:809} INFO - DAG(s) dict_keys(['example_branch_operator']) retrieved from /home/airflow/.local/lib/python3.7/site-packages/airflow/example_dags/example_branch_operator.py
[2023-05-03T09:57:10.672+0000] {logging_mixin.py:149} INFO - [2023-05-03T09:57:10.672+0000] {dag.py:2726} INFO - Sync 1 DAGs
[2023-05-03T09:57:10.794+0000] {logging_mixin.py:149} INFO - [2023-05-03T09:57:10.793+0000] {dag.py:3490} INFO - Setting next_dagrun for example_branch_operator to 2023-05-02T00:00:00+00:00, run_after=2023-05-03T00:00:00+00:00
[2023-05-03T09:57:10.916+0000] {processor.py:178} INFO - Processing /home/airflow/.local/lib/python3.7/site-packages/airflow/example_dags/example_branch_operator.py took 0.404 seconds
[2023-05-03T09:57:52.017+0000] {processor.py:156} INFO - Started process (PID=4486) to work on /home/airflow/.local/lib/python3.7/site-packages/airflow/example_dags/example_branch_operator.py
[2023-05-03T09:57:52.022+0000] {processor.py:799} INFO - Processing file /home/airflow/.local/lib/python3.7/site-packages/airflow/example_dags/example_branch_operator.py for tasks to queue
[2023-05-03T09:57:52.027+0000] {logging_mixin.py:149} INFO - [2023-05-03T09:57:52.026+0000] {dagbag.py:541} INFO - Filling up the DagBag from /home/airflow/.local/lib/python3.7/site-packages/airflow/example_dags/example_branch_operator.py
[2023-05-03T09:57:52.113+0000] {processor.py:809} INFO - DAG(s) dict_keys(['example_branch_operator']) retrieved from /home/airflow/.local/lib/python3.7/site-packages/airflow/example_dags/example_branch_operator.py
[2023-05-03T09:57:52.263+0000] {logging_mixin.py:149} INFO - [2023-05-03T09:57:52.262+0000] {dag.py:2726} INFO - Sync 1 DAGs
[2023-05-03T09:57:52.690+0000] {logging_mixin.py:149} INFO - [2023-05-03T09:57:52.690+0000] {dag.py:3490} INFO - Setting next_dagrun for example_branch_operator to 2023-05-02T00:00:00+00:00, run_after=2023-05-03T00:00:00+00:00
[2023-05-03T09:57:52.779+0000] {processor.py:178} INFO - Processing /home/airflow/.local/lib/python3.7/site-packages/airflow/example_dags/example_branch_operator.py took 0.778 seconds
[2023-05-03T09:58:22.987+0000] {processor.py:156} INFO - Started process (PID=4719) to work on /home/airflow/.local/lib/python3.7/site-packages/airflow/example_dags/example_branch_operator.py
[2023-05-03T09:58:22.989+0000] {processor.py:799} INFO - Processing file /home/airflow/.local/lib/python3.7/site-packages/airflow/example_dags/example_branch_operator.py for tasks to queue
[2023-05-03T09:58:22.991+0000] {logging_mixin.py:149} INFO - [2023-05-03T09:58:22.990+0000] {dagbag.py:541} INFO - Filling up the DagBag from /home/airflow/.local/lib/python3.7/site-packages/airflow/example_dags/example_branch_operator.py
[2023-05-03T09:58:23.006+0000] {processor.py:809} INFO - DAG(s) dict_keys(['example_branch_operator']) retrieved from /home/airflow/.local/lib/python3.7/site-packages/airflow/example_dags/example_branch_operator.py
[2023-05-03T09:58:23.048+0000] {logging_mixin.py:149} INFO - [2023-05-03T09:58:23.048+0000] {dag.py:2726} INFO - Sync 1 DAGs
[2023-05-03T09:58:23.090+0000] {logging_mixin.py:149} INFO - [2023-05-03T09:58:23.090+0000] {dag.py:3490} INFO - Setting next_dagrun for example_branch_operator to 2023-05-02T00:00:00+00:00, run_after=2023-05-03T00:00:00+00:00
[2023-05-03T09:58:23.126+0000] {processor.py:178} INFO - Processing /home/airflow/.local/lib/python3.7/site-packages/airflow/example_dags/example_branch_operator.py took 0.143 seconds
[2023-05-03T09:58:53.772+0000] {processor.py:156} INFO - Started process (PID=4954) to work on /home/airflow/.local/lib/python3.7/site-packages/airflow/example_dags/example_branch_operator.py
[2023-05-03T09:58:53.777+0000] {processor.py:799} INFO - Processing file /home/airflow/.local/lib/python3.7/site-packages/airflow/example_dags/example_branch_operator.py for tasks to queue
[2023-05-03T09:58:53.790+0000] {logging_mixin.py:149} INFO - [2023-05-03T09:58:53.786+0000] {dagbag.py:541} INFO - Filling up the DagBag from /home/airflow/.local/lib/python3.7/site-packages/airflow/example_dags/example_branch_operator.py
[2023-05-03T09:58:53.827+0000] {processor.py:809} INFO - DAG(s) dict_keys(['example_branch_operator']) retrieved from /home/airflow/.local/lib/python3.7/site-packages/airflow/example_dags/example_branch_operator.py
[2023-05-03T09:58:53.936+0000] {logging_mixin.py:149} INFO - [2023-05-03T09:58:53.936+0000] {dag.py:2726} INFO - Sync 1 DAGs
[2023-05-03T09:58:54.279+0000] {logging_mixin.py:149} INFO - [2023-05-03T09:58:54.278+0000] {dag.py:3490} INFO - Setting next_dagrun for example_branch_operator to 2023-05-02T00:00:00+00:00, run_after=2023-05-03T00:00:00+00:00
[2023-05-03T09:58:54.325+0000] {processor.py:178} INFO - Processing /home/airflow/.local/lib/python3.7/site-packages/airflow/example_dags/example_branch_operator.py took 0.560 seconds
[2023-05-03T09:59:24.575+0000] {processor.py:156} INFO - Started process (PID=5192) to work on /home/airflow/.local/lib/python3.7/site-packages/airflow/example_dags/example_branch_operator.py
[2023-05-03T09:59:24.576+0000] {processor.py:799} INFO - Processing file /home/airflow/.local/lib/python3.7/site-packages/airflow/example_dags/example_branch_operator.py for tasks to queue
[2023-05-03T09:59:24.578+0000] {logging_mixin.py:149} INFO - [2023-05-03T09:59:24.578+0000] {dagbag.py:541} INFO - Filling up the DagBag from /home/airflow/.local/lib/python3.7/site-packages/airflow/example_dags/example_branch_operator.py
[2023-05-03T09:59:24.824+0000] {processor.py:809} INFO - DAG(s) dict_keys(['example_branch_operator']) retrieved from /home/airflow/.local/lib/python3.7/site-packages/airflow/example_dags/example_branch_operator.py
[2023-05-03T09:59:24.869+0000] {logging_mixin.py:149} INFO - [2023-05-03T09:59:24.869+0000] {dag.py:2726} INFO - Sync 1 DAGs
[2023-05-03T09:59:24.911+0000] {logging_mixin.py:149} INFO - [2023-05-03T09:59:24.911+0000] {dag.py:3490} INFO - Setting next_dagrun for example_branch_operator to 2023-05-02T00:00:00+00:00, run_after=2023-05-03T00:00:00+00:00
[2023-05-03T09:59:24.943+0000] {processor.py:178} INFO - Processing /home/airflow/.local/lib/python3.7/site-packages/airflow/example_dags/example_branch_operator.py took 0.385 seconds
[2023-05-03T09:59:55.664+0000] {processor.py:156} INFO - Started process (PID=5428) to work on /home/airflow/.local/lib/python3.7/site-packages/airflow/example_dags/example_branch_operator.py
[2023-05-03T09:59:55.669+0000] {processor.py:799} INFO - Processing file /home/airflow/.local/lib/python3.7/site-packages/airflow/example_dags/example_branch_operator.py for tasks to queue
[2023-05-03T09:59:55.671+0000] {logging_mixin.py:149} INFO - [2023-05-03T09:59:55.670+0000] {dagbag.py:541} INFO - Filling up the DagBag from /home/airflow/.local/lib/python3.7/site-packages/airflow/example_dags/example_branch_operator.py
[2023-05-03T09:59:55.691+0000] {processor.py:809} INFO - DAG(s) dict_keys(['example_branch_operator']) retrieved from /home/airflow/.local/lib/python3.7/site-packages/airflow/example_dags/example_branch_operator.py
[2023-05-03T09:59:55.765+0000] {logging_mixin.py:149} INFO - [2023-05-03T09:59:55.765+0000] {dag.py:2726} INFO - Sync 1 DAGs
[2023-05-03T09:59:55.821+0000] {logging_mixin.py:149} INFO - [2023-05-03T09:59:55.821+0000] {dag.py:3490} INFO - Setting next_dagrun for example_branch_operator to 2023-05-02T00:00:00+00:00, run_after=2023-05-03T00:00:00+00:00
[2023-05-03T09:59:55.866+0000] {processor.py:178} INFO - Processing /home/airflow/.local/lib/python3.7/site-packages/airflow/example_dags/example_branch_operator.py took 0.209 seconds
[2023-05-03T10:00:26.258+0000] {processor.py:156} INFO - Started process (PID=5664) to work on /home/airflow/.local/lib/python3.7/site-packages/airflow/example_dags/example_branch_operator.py
[2023-05-03T10:00:26.260+0000] {processor.py:799} INFO - Processing file /home/airflow/.local/lib/python3.7/site-packages/airflow/example_dags/example_branch_operator.py for tasks to queue
[2023-05-03T10:00:26.261+0000] {logging_mixin.py:149} INFO - [2023-05-03T10:00:26.261+0000] {dagbag.py:541} INFO - Filling up the DagBag from /home/airflow/.local/lib/python3.7/site-packages/airflow/example_dags/example_branch_operator.py
[2023-05-03T10:00:26.292+0000] {processor.py:809} INFO - DAG(s) dict_keys(['example_branch_operator']) retrieved from /home/airflow/.local/lib/python3.7/site-packages/airflow/example_dags/example_branch_operator.py
[2023-05-03T10:00:26.353+0000] {logging_mixin.py:149} INFO - [2023-05-03T10:00:26.353+0000] {dag.py:2726} INFO - Sync 1 DAGs
[2023-05-03T10:00:26.427+0000] {logging_mixin.py:149} INFO - [2023-05-03T10:00:26.427+0000] {dag.py:3490} INFO - Setting next_dagrun for example_branch_operator to 2023-05-02T00:00:00+00:00, run_after=2023-05-03T00:00:00+00:00
[2023-05-03T10:00:26.490+0000] {processor.py:178} INFO - Processing /home/airflow/.local/lib/python3.7/site-packages/airflow/example_dags/example_branch_operator.py took 0.239 seconds
[2023-05-03T10:00:57.249+0000] {processor.py:156} INFO - Started process (PID=5900) to work on /home/airflow/.local/lib/python3.7/site-packages/airflow/example_dags/example_branch_operator.py
[2023-05-03T10:00:57.250+0000] {processor.py:799} INFO - Processing file /home/airflow/.local/lib/python3.7/site-packages/airflow/example_dags/example_branch_operator.py for tasks to queue
[2023-05-03T10:00:57.252+0000] {logging_mixin.py:149} INFO - [2023-05-03T10:00:57.252+0000] {dagbag.py:541} INFO - Filling up the DagBag from /home/airflow/.local/lib/python3.7/site-packages/airflow/example_dags/example_branch_operator.py
[2023-05-03T10:00:57.273+0000] {processor.py:809} INFO - DAG(s) dict_keys(['example_branch_operator']) retrieved from /home/airflow/.local/lib/python3.7/site-packages/airflow/example_dags/example_branch_operator.py
[2023-05-03T10:00:57.329+0000] {logging_mixin.py:149} INFO - [2023-05-03T10:00:57.328+0000] {dag.py:2726} INFO - Sync 1 DAGs
[2023-05-03T10:00:57.390+0000] {logging_mixin.py:149} INFO - [2023-05-03T10:00:57.389+0000] {dag.py:3490} INFO - Setting next_dagrun for example_branch_operator to 2023-05-02T00:00:00+00:00, run_after=2023-05-03T00:00:00+00:00
[2023-05-03T10:00:57.431+0000] {processor.py:178} INFO - Processing /home/airflow/.local/lib/python3.7/site-packages/airflow/example_dags/example_branch_operator.py took 0.206 seconds
[2023-05-03T10:01:28.176+0000] {processor.py:156} INFO - Started process (PID=6136) to work on /home/airflow/.local/lib/python3.7/site-packages/airflow/example_dags/example_branch_operator.py
[2023-05-03T10:01:28.179+0000] {processor.py:799} INFO - Processing file /home/airflow/.local/lib/python3.7/site-packages/airflow/example_dags/example_branch_operator.py for tasks to queue
[2023-05-03T10:01:28.183+0000] {logging_mixin.py:149} INFO - [2023-05-03T10:01:28.183+0000] {dagbag.py:541} INFO - Filling up the DagBag from /home/airflow/.local/lib/python3.7/site-packages/airflow/example_dags/example_branch_operator.py
[2023-05-03T10:01:28.201+0000] {processor.py:809} INFO - DAG(s) dict_keys(['example_branch_operator']) retrieved from /home/airflow/.local/lib/python3.7/site-packages/airflow/example_dags/example_branch_operator.py
[2023-05-03T10:01:28.268+0000] {logging_mixin.py:149} INFO - [2023-05-03T10:01:28.267+0000] {dag.py:2726} INFO - Sync 1 DAGs
[2023-05-03T10:01:28.336+0000] {logging_mixin.py:149} INFO - [2023-05-03T10:01:28.335+0000] {dag.py:3490} INFO - Setting next_dagrun for example_branch_operator to 2023-05-02T00:00:00+00:00, run_after=2023-05-03T00:00:00+00:00
[2023-05-03T10:01:28.412+0000] {processor.py:178} INFO - Processing /home/airflow/.local/lib/python3.7/site-packages/airflow/example_dags/example_branch_operator.py took 0.241 seconds
[2023-05-03T10:45:29.930+0000] {processor.py:156} INFO - Started process (PID=6370) to work on /home/airflow/.local/lib/python3.7/site-packages/airflow/example_dags/example_branch_operator.py
[2023-05-03T10:45:29.980+0000] {processor.py:799} INFO - Processing file /home/airflow/.local/lib/python3.7/site-packages/airflow/example_dags/example_branch_operator.py for tasks to queue
[2023-05-03T10:45:30.028+0000] {logging_mixin.py:149} INFO - [2023-05-03T10:45:30.026+0000] {dagbag.py:541} INFO - Filling up the DagBag from /home/airflow/.local/lib/python3.7/site-packages/airflow/example_dags/example_branch_operator.py
[2023-05-03T10:45:30.789+0000] {processor.py:809} INFO - DAG(s) dict_keys(['example_branch_operator']) retrieved from /home/airflow/.local/lib/python3.7/site-packages/airflow/example_dags/example_branch_operator.py
[2023-05-03T10:45:31.037+0000] {logging_mixin.py:149} INFO - [2023-05-03T10:45:31.036+0000] {dag.py:2726} INFO - Sync 1 DAGs
[2023-05-03T10:45:31.193+0000] {logging_mixin.py:149} INFO - [2023-05-03T10:45:31.193+0000] {dag.py:3490} INFO - Setting next_dagrun for example_branch_operator to 2023-05-02T00:00:00+00:00, run_after=2023-05-03T00:00:00+00:00
[2023-05-03T10:45:31.306+0000] {processor.py:178} INFO - Processing /home/airflow/.local/lib/python3.7/site-packages/airflow/example_dags/example_branch_operator.py took 1.525 seconds
[2023-05-03T10:46:12.924+0000] {processor.py:156} INFO - Started process (PID=6617) to work on /home/airflow/.local/lib/python3.7/site-packages/airflow/example_dags/example_branch_operator.py
[2023-05-03T10:46:12.927+0000] {processor.py:799} INFO - Processing file /home/airflow/.local/lib/python3.7/site-packages/airflow/example_dags/example_branch_operator.py for tasks to queue
[2023-05-03T10:46:12.936+0000] {logging_mixin.py:149} INFO - [2023-05-03T10:46:12.936+0000] {dagbag.py:541} INFO - Filling up the DagBag from /home/airflow/.local/lib/python3.7/site-packages/airflow/example_dags/example_branch_operator.py
[2023-05-03T10:46:12.974+0000] {processor.py:809} INFO - DAG(s) dict_keys(['example_branch_operator']) retrieved from /home/airflow/.local/lib/python3.7/site-packages/airflow/example_dags/example_branch_operator.py
[2023-05-03T10:46:13.399+0000] {logging_mixin.py:149} INFO - [2023-05-03T10:46:13.398+0000] {dag.py:2726} INFO - Sync 1 DAGs
[2023-05-03T10:46:13.922+0000] {logging_mixin.py:149} INFO - [2023-05-03T10:46:13.922+0000] {dag.py:3490} INFO - Setting next_dagrun for example_branch_operator to 2023-05-02T00:00:00+00:00, run_after=2023-05-03T00:00:00+00:00
[2023-05-03T10:46:14.053+0000] {processor.py:178} INFO - Processing /home/airflow/.local/lib/python3.7/site-packages/airflow/example_dags/example_branch_operator.py took 1.135 seconds
[2023-05-03T10:47:30.693+0000] {processor.py:156} INFO - Started process (PID=6770) to work on /home/airflow/.local/lib/python3.7/site-packages/airflow/example_dags/example_branch_operator.py
[2023-05-03T10:47:30.698+0000] {processor.py:799} INFO - Processing file /home/airflow/.local/lib/python3.7/site-packages/airflow/example_dags/example_branch_operator.py for tasks to queue
[2023-05-03T10:47:30.705+0000] {logging_mixin.py:149} INFO - [2023-05-03T10:47:30.705+0000] {dagbag.py:541} INFO - Filling up the DagBag from /home/airflow/.local/lib/python3.7/site-packages/airflow/example_dags/example_branch_operator.py
[2023-05-03T10:47:30.740+0000] {processor.py:809} INFO - DAG(s) dict_keys(['example_branch_operator']) retrieved from /home/airflow/.local/lib/python3.7/site-packages/airflow/example_dags/example_branch_operator.py
[2023-05-03T10:47:30.839+0000] {logging_mixin.py:149} INFO - [2023-05-03T10:47:30.838+0000] {dag.py:2726} INFO - Sync 1 DAGs
[2023-05-03T10:47:31.082+0000] {logging_mixin.py:149} INFO - [2023-05-03T10:47:31.082+0000] {dag.py:3490} INFO - Setting next_dagrun for example_branch_operator to 2023-05-02T00:00:00+00:00, run_after=2023-05-03T00:00:00+00:00
[2023-05-03T10:47:31.369+0000] {processor.py:178} INFO - Processing /home/airflow/.local/lib/python3.7/site-packages/airflow/example_dags/example_branch_operator.py took 0.682 seconds
[2023-05-03T10:48:01.738+0000] {processor.py:156} INFO - Started process (PID=7002) to work on /home/airflow/.local/lib/python3.7/site-packages/airflow/example_dags/example_branch_operator.py
[2023-05-03T10:48:01.742+0000] {processor.py:799} INFO - Processing file /home/airflow/.local/lib/python3.7/site-packages/airflow/example_dags/example_branch_operator.py for tasks to queue
[2023-05-03T10:48:01.746+0000] {logging_mixin.py:149} INFO - [2023-05-03T10:48:01.744+0000] {dagbag.py:541} INFO - Filling up the DagBag from /home/airflow/.local/lib/python3.7/site-packages/airflow/example_dags/example_branch_operator.py
[2023-05-03T10:48:01.769+0000] {processor.py:809} INFO - DAG(s) dict_keys(['example_branch_operator']) retrieved from /home/airflow/.local/lib/python3.7/site-packages/airflow/example_dags/example_branch_operator.py
[2023-05-03T10:48:01.831+0000] {logging_mixin.py:149} INFO - [2023-05-03T10:48:01.831+0000] {dag.py:2726} INFO - Sync 1 DAGs
[2023-05-03T10:48:01.909+0000] {logging_mixin.py:149} INFO - [2023-05-03T10:48:01.908+0000] {dag.py:3490} INFO - Setting next_dagrun for example_branch_operator to 2023-05-02T00:00:00+00:00, run_after=2023-05-03T00:00:00+00:00
[2023-05-03T10:48:01.951+0000] {processor.py:178} INFO - Processing /home/airflow/.local/lib/python3.7/site-packages/airflow/example_dags/example_branch_operator.py took 0.218 seconds
[2023-05-03T10:48:32.103+0000] {processor.py:156} INFO - Started process (PID=7236) to work on /home/airflow/.local/lib/python3.7/site-packages/airflow/example_dags/example_branch_operator.py
[2023-05-03T10:48:32.107+0000] {processor.py:799} INFO - Processing file /home/airflow/.local/lib/python3.7/site-packages/airflow/example_dags/example_branch_operator.py for tasks to queue
[2023-05-03T10:48:32.111+0000] {logging_mixin.py:149} INFO - [2023-05-03T10:48:32.110+0000] {dagbag.py:541} INFO - Filling up the DagBag from /home/airflow/.local/lib/python3.7/site-packages/airflow/example_dags/example_branch_operator.py
[2023-05-03T10:48:32.132+0000] {processor.py:809} INFO - DAG(s) dict_keys(['example_branch_operator']) retrieved from /home/airflow/.local/lib/python3.7/site-packages/airflow/example_dags/example_branch_operator.py
[2023-05-03T10:48:32.221+0000] {logging_mixin.py:149} INFO - [2023-05-03T10:48:32.221+0000] {dag.py:2726} INFO - Sync 1 DAGs
[2023-05-03T10:48:32.321+0000] {logging_mixin.py:149} INFO - [2023-05-03T10:48:32.321+0000] {dag.py:3490} INFO - Setting next_dagrun for example_branch_operator to 2023-05-02T00:00:00+00:00, run_after=2023-05-03T00:00:00+00:00
[2023-05-03T10:48:32.456+0000] {processor.py:178} INFO - Processing /home/airflow/.local/lib/python3.7/site-packages/airflow/example_dags/example_branch_operator.py took 0.357 seconds
[2023-05-03T10:49:07.766+0000] {processor.py:156} INFO - Started process (PID=7474) to work on /home/airflow/.local/lib/python3.7/site-packages/airflow/example_dags/example_branch_operator.py
[2023-05-03T10:49:07.769+0000] {processor.py:799} INFO - Processing file /home/airflow/.local/lib/python3.7/site-packages/airflow/example_dags/example_branch_operator.py for tasks to queue
[2023-05-03T10:49:07.778+0000] {logging_mixin.py:149} INFO - [2023-05-03T10:49:07.778+0000] {dagbag.py:541} INFO - Filling up the DagBag from /home/airflow/.local/lib/python3.7/site-packages/airflow/example_dags/example_branch_operator.py
[2023-05-03T10:49:07.862+0000] {processor.py:809} INFO - DAG(s) dict_keys(['example_branch_operator']) retrieved from /home/airflow/.local/lib/python3.7/site-packages/airflow/example_dags/example_branch_operator.py
[2023-05-03T10:49:08.002+0000] {logging_mixin.py:149} INFO - [2023-05-03T10:49:08.001+0000] {dag.py:2726} INFO - Sync 1 DAGs
[2023-05-03T10:49:08.273+0000] {logging_mixin.py:149} INFO - [2023-05-03T10:49:08.273+0000] {dag.py:3490} INFO - Setting next_dagrun for example_branch_operator to 2023-05-02T00:00:00+00:00, run_after=2023-05-03T00:00:00+00:00
[2023-05-03T10:49:08.417+0000] {processor.py:178} INFO - Processing /home/airflow/.local/lib/python3.7/site-packages/airflow/example_dags/example_branch_operator.py took 0.660 seconds
[2023-05-03T10:49:38.786+0000] {processor.py:156} INFO - Started process (PID=7706) to work on /home/airflow/.local/lib/python3.7/site-packages/airflow/example_dags/example_branch_operator.py
[2023-05-03T10:49:38.799+0000] {processor.py:799} INFO - Processing file /home/airflow/.local/lib/python3.7/site-packages/airflow/example_dags/example_branch_operator.py for tasks to queue
[2023-05-03T10:49:38.801+0000] {logging_mixin.py:149} INFO - [2023-05-03T10:49:38.801+0000] {dagbag.py:541} INFO - Filling up the DagBag from /home/airflow/.local/lib/python3.7/site-packages/airflow/example_dags/example_branch_operator.py
[2023-05-03T10:49:38.828+0000] {processor.py:809} INFO - DAG(s) dict_keys(['example_branch_operator']) retrieved from /home/airflow/.local/lib/python3.7/site-packages/airflow/example_dags/example_branch_operator.py
[2023-05-03T10:49:38.936+0000] {logging_mixin.py:149} INFO - [2023-05-03T10:49:38.935+0000] {dag.py:2726} INFO - Sync 1 DAGs
[2023-05-03T10:49:39.084+0000] {logging_mixin.py:149} INFO - [2023-05-03T10:49:39.083+0000] {dag.py:3490} INFO - Setting next_dagrun for example_branch_operator to 2023-05-02T00:00:00+00:00, run_after=2023-05-03T00:00:00+00:00
[2023-05-03T10:49:39.211+0000] {processor.py:178} INFO - Processing /home/airflow/.local/lib/python3.7/site-packages/airflow/example_dags/example_branch_operator.py took 0.429 seconds
[2023-05-03T10:50:11.219+0000] {processor.py:156} INFO - Started process (PID=7937) to work on /home/airflow/.local/lib/python3.7/site-packages/airflow/example_dags/example_branch_operator.py
[2023-05-03T10:50:11.232+0000] {processor.py:799} INFO - Processing file /home/airflow/.local/lib/python3.7/site-packages/airflow/example_dags/example_branch_operator.py for tasks to queue
[2023-05-03T10:50:11.235+0000] {logging_mixin.py:149} INFO - [2023-05-03T10:50:11.234+0000] {dagbag.py:541} INFO - Filling up the DagBag from /home/airflow/.local/lib/python3.7/site-packages/airflow/example_dags/example_branch_operator.py
[2023-05-03T10:50:11.331+0000] {processor.py:809} INFO - DAG(s) dict_keys(['example_branch_operator']) retrieved from /home/airflow/.local/lib/python3.7/site-packages/airflow/example_dags/example_branch_operator.py
[2023-05-03T10:50:11.449+0000] {logging_mixin.py:149} INFO - [2023-05-03T10:50:11.448+0000] {dag.py:2726} INFO - Sync 1 DAGs
[2023-05-03T10:50:11.605+0000] {logging_mixin.py:149} INFO - [2023-05-03T10:50:11.604+0000] {dag.py:3490} INFO - Setting next_dagrun for example_branch_operator to 2023-05-02T00:00:00+00:00, run_after=2023-05-03T00:00:00+00:00
[2023-05-03T10:50:11.698+0000] {processor.py:178} INFO - Processing /home/airflow/.local/lib/python3.7/site-packages/airflow/example_dags/example_branch_operator.py took 0.452 seconds
[2023-05-03T10:50:41.997+0000] {processor.py:156} INFO - Started process (PID=8167) to work on /home/airflow/.local/lib/python3.7/site-packages/airflow/example_dags/example_branch_operator.py
[2023-05-03T10:50:41.999+0000] {processor.py:799} INFO - Processing file /home/airflow/.local/lib/python3.7/site-packages/airflow/example_dags/example_branch_operator.py for tasks to queue
[2023-05-03T10:50:42.002+0000] {logging_mixin.py:149} INFO - [2023-05-03T10:50:42.001+0000] {dagbag.py:541} INFO - Filling up the DagBag from /home/airflow/.local/lib/python3.7/site-packages/airflow/example_dags/example_branch_operator.py
[2023-05-03T10:50:42.026+0000] {processor.py:809} INFO - DAG(s) dict_keys(['example_branch_operator']) retrieved from /home/airflow/.local/lib/python3.7/site-packages/airflow/example_dags/example_branch_operator.py
[2023-05-03T10:50:42.083+0000] {logging_mixin.py:149} INFO - [2023-05-03T10:50:42.083+0000] {dag.py:2726} INFO - Sync 1 DAGs
[2023-05-03T10:50:42.149+0000] {logging_mixin.py:149} INFO - [2023-05-03T10:50:42.149+0000] {dag.py:3490} INFO - Setting next_dagrun for example_branch_operator to 2023-05-02T00:00:00+00:00, run_after=2023-05-03T00:00:00+00:00
[2023-05-03T10:50:42.220+0000] {processor.py:178} INFO - Processing /home/airflow/.local/lib/python3.7/site-packages/airflow/example_dags/example_branch_operator.py took 0.230 seconds
[2023-05-03T10:51:12.590+0000] {processor.py:156} INFO - Started process (PID=8402) to work on /home/airflow/.local/lib/python3.7/site-packages/airflow/example_dags/example_branch_operator.py
[2023-05-03T10:51:12.592+0000] {processor.py:799} INFO - Processing file /home/airflow/.local/lib/python3.7/site-packages/airflow/example_dags/example_branch_operator.py for tasks to queue
[2023-05-03T10:51:12.594+0000] {logging_mixin.py:149} INFO - [2023-05-03T10:51:12.594+0000] {dagbag.py:541} INFO - Filling up the DagBag from /home/airflow/.local/lib/python3.7/site-packages/airflow/example_dags/example_branch_operator.py
[2023-05-03T10:51:12.630+0000] {processor.py:809} INFO - DAG(s) dict_keys(['example_branch_operator']) retrieved from /home/airflow/.local/lib/python3.7/site-packages/airflow/example_dags/example_branch_operator.py
[2023-05-03T10:51:12.735+0000] {logging_mixin.py:149} INFO - [2023-05-03T10:51:12.735+0000] {dag.py:2726} INFO - Sync 1 DAGs
[2023-05-03T10:51:12.861+0000] {logging_mixin.py:149} INFO - [2023-05-03T10:51:12.860+0000] {dag.py:3490} INFO - Setting next_dagrun for example_branch_operator to 2023-05-02T00:00:00+00:00, run_after=2023-05-03T00:00:00+00:00
[2023-05-03T10:51:12.977+0000] {processor.py:178} INFO - Processing /home/airflow/.local/lib/python3.7/site-packages/airflow/example_dags/example_branch_operator.py took 0.402 seconds
[2023-05-03T10:51:43.834+0000] {processor.py:156} INFO - Started process (PID=8638) to work on /home/airflow/.local/lib/python3.7/site-packages/airflow/example_dags/example_branch_operator.py
[2023-05-03T10:51:43.859+0000] {processor.py:799} INFO - Processing file /home/airflow/.local/lib/python3.7/site-packages/airflow/example_dags/example_branch_operator.py for tasks to queue
[2023-05-03T10:51:43.861+0000] {logging_mixin.py:149} INFO - [2023-05-03T10:51:43.861+0000] {dagbag.py:541} INFO - Filling up the DagBag from /home/airflow/.local/lib/python3.7/site-packages/airflow/example_dags/example_branch_operator.py
[2023-05-03T10:51:43.899+0000] {processor.py:809} INFO - DAG(s) dict_keys(['example_branch_operator']) retrieved from /home/airflow/.local/lib/python3.7/site-packages/airflow/example_dags/example_branch_operator.py
[2023-05-03T10:51:44.059+0000] {logging_mixin.py:149} INFO - [2023-05-03T10:51:44.058+0000] {dag.py:2726} INFO - Sync 1 DAGs
[2023-05-03T10:51:44.168+0000] {logging_mixin.py:149} INFO - [2023-05-03T10:51:44.168+0000] {dag.py:3490} INFO - Setting next_dagrun for example_branch_operator to 2023-05-02T00:00:00+00:00, run_after=2023-05-03T00:00:00+00:00
[2023-05-03T10:51:44.487+0000] {processor.py:178} INFO - Processing /home/airflow/.local/lib/python3.7/site-packages/airflow/example_dags/example_branch_operator.py took 0.677 seconds
[2023-05-03T10:52:14.921+0000] {processor.py:156} INFO - Started process (PID=8871) to work on /home/airflow/.local/lib/python3.7/site-packages/airflow/example_dags/example_branch_operator.py
[2023-05-03T10:52:14.924+0000] {processor.py:799} INFO - Processing file /home/airflow/.local/lib/python3.7/site-packages/airflow/example_dags/example_branch_operator.py for tasks to queue
[2023-05-03T10:52:14.926+0000] {logging_mixin.py:149} INFO - [2023-05-03T10:52:14.925+0000] {dagbag.py:541} INFO - Filling up the DagBag from /home/airflow/.local/lib/python3.7/site-packages/airflow/example_dags/example_branch_operator.py
[2023-05-03T10:52:14.951+0000] {processor.py:809} INFO - DAG(s) dict_keys(['example_branch_operator']) retrieved from /home/airflow/.local/lib/python3.7/site-packages/airflow/example_dags/example_branch_operator.py
[2023-05-03T10:52:15.027+0000] {logging_mixin.py:149} INFO - [2023-05-03T10:52:15.027+0000] {dag.py:2726} INFO - Sync 1 DAGs
[2023-05-03T10:52:15.100+0000] {logging_mixin.py:149} INFO - [2023-05-03T10:52:15.100+0000] {dag.py:3490} INFO - Setting next_dagrun for example_branch_operator to 2023-05-02T00:00:00+00:00, run_after=2023-05-03T00:00:00+00:00
[2023-05-03T10:52:15.149+0000] {processor.py:178} INFO - Processing /home/airflow/.local/lib/python3.7/site-packages/airflow/example_dags/example_branch_operator.py took 0.238 seconds
[2023-05-03T10:52:51.266+0000] {processor.py:156} INFO - Started process (PID=9105) to work on /home/airflow/.local/lib/python3.7/site-packages/airflow/example_dags/example_branch_operator.py
[2023-05-03T10:52:51.305+0000] {processor.py:799} INFO - Processing file /home/airflow/.local/lib/python3.7/site-packages/airflow/example_dags/example_branch_operator.py for tasks to queue
[2023-05-03T10:52:51.350+0000] {logging_mixin.py:149} INFO - [2023-05-03T10:52:51.349+0000] {dagbag.py:541} INFO - Filling up the DagBag from /home/airflow/.local/lib/python3.7/site-packages/airflow/example_dags/example_branch_operator.py
[2023-05-03T10:52:51.664+0000] {processor.py:809} INFO - DAG(s) dict_keys(['example_branch_operator']) retrieved from /home/airflow/.local/lib/python3.7/site-packages/airflow/example_dags/example_branch_operator.py
[2023-05-03T10:52:52.071+0000] {logging_mixin.py:149} INFO - [2023-05-03T10:52:52.070+0000] {dag.py:2726} INFO - Sync 1 DAGs
[2023-05-03T10:52:52.413+0000] {logging_mixin.py:149} INFO - [2023-05-03T10:52:52.412+0000] {dag.py:3490} INFO - Setting next_dagrun for example_branch_operator to 2023-05-02T00:00:00+00:00, run_after=2023-05-03T00:00:00+00:00
[2023-05-03T10:52:52.612+0000] {processor.py:178} INFO - Processing /home/airflow/.local/lib/python3.7/site-packages/airflow/example_dags/example_branch_operator.py took 1.405 seconds
[2023-05-03T10:53:25.430+0000] {processor.py:156} INFO - Started process (PID=9267) to work on /home/airflow/.local/lib/python3.7/site-packages/airflow/example_dags/example_branch_operator.py
[2023-05-03T10:53:25.439+0000] {processor.py:799} INFO - Processing file /home/airflow/.local/lib/python3.7/site-packages/airflow/example_dags/example_branch_operator.py for tasks to queue
[2023-05-03T10:53:25.444+0000] {logging_mixin.py:149} INFO - [2023-05-03T10:53:25.443+0000] {dagbag.py:541} INFO - Filling up the DagBag from /home/airflow/.local/lib/python3.7/site-packages/airflow/example_dags/example_branch_operator.py
[2023-05-03T10:53:25.511+0000] {processor.py:809} INFO - DAG(s) dict_keys(['example_branch_operator']) retrieved from /home/airflow/.local/lib/python3.7/site-packages/airflow/example_dags/example_branch_operator.py
[2023-05-03T10:53:25.882+0000] {logging_mixin.py:149} INFO - [2023-05-03T10:53:25.882+0000] {dag.py:2726} INFO - Sync 1 DAGs
[2023-05-03T10:53:25.997+0000] {logging_mixin.py:149} INFO - [2023-05-03T10:53:25.997+0000] {dag.py:3490} INFO - Setting next_dagrun for example_branch_operator to 2023-05-02T00:00:00+00:00, run_after=2023-05-03T00:00:00+00:00
[2023-05-03T10:53:26.149+0000] {processor.py:178} INFO - Processing /home/airflow/.local/lib/python3.7/site-packages/airflow/example_dags/example_branch_operator.py took 0.724 seconds
[2023-05-03T10:54:01.034+0000] {processor.py:156} INFO - Started process (PID=9502) to work on /home/airflow/.local/lib/python3.7/site-packages/airflow/example_dags/example_branch_operator.py
[2023-05-03T10:54:01.036+0000] {processor.py:799} INFO - Processing file /home/airflow/.local/lib/python3.7/site-packages/airflow/example_dags/example_branch_operator.py for tasks to queue
[2023-05-03T10:54:01.038+0000] {logging_mixin.py:149} INFO - [2023-05-03T10:54:01.038+0000] {dagbag.py:541} INFO - Filling up the DagBag from /home/airflow/.local/lib/python3.7/site-packages/airflow/example_dags/example_branch_operator.py
[2023-05-03T10:54:01.115+0000] {processor.py:809} INFO - DAG(s) dict_keys(['example_branch_operator']) retrieved from /home/airflow/.local/lib/python3.7/site-packages/airflow/example_dags/example_branch_operator.py
[2023-05-03T10:54:01.542+0000] {logging_mixin.py:149} INFO - [2023-05-03T10:54:01.542+0000] {dag.py:2726} INFO - Sync 1 DAGs
[2023-05-03T10:54:01.713+0000] {logging_mixin.py:149} INFO - [2023-05-03T10:54:01.713+0000] {dag.py:3490} INFO - Setting next_dagrun for example_branch_operator to 2023-05-02T00:00:00+00:00, run_after=2023-05-03T00:00:00+00:00
[2023-05-03T10:54:01.837+0000] {processor.py:178} INFO - Processing /home/airflow/.local/lib/python3.7/site-packages/airflow/example_dags/example_branch_operator.py took 0.817 seconds
[2023-05-03T10:54:32.840+0000] {processor.py:156} INFO - Started process (PID=9738) to work on /home/airflow/.local/lib/python3.7/site-packages/airflow/example_dags/example_branch_operator.py
[2023-05-03T10:54:32.847+0000] {processor.py:799} INFO - Processing file /home/airflow/.local/lib/python3.7/site-packages/airflow/example_dags/example_branch_operator.py for tasks to queue
[2023-05-03T10:54:32.852+0000] {logging_mixin.py:149} INFO - [2023-05-03T10:54:32.851+0000] {dagbag.py:541} INFO - Filling up the DagBag from /home/airflow/.local/lib/python3.7/site-packages/airflow/example_dags/example_branch_operator.py
[2023-05-03T10:54:32.879+0000] {processor.py:809} INFO - DAG(s) dict_keys(['example_branch_operator']) retrieved from /home/airflow/.local/lib/python3.7/site-packages/airflow/example_dags/example_branch_operator.py
[2023-05-03T10:54:33.000+0000] {logging_mixin.py:149} INFO - [2023-05-03T10:54:32.997+0000] {dag.py:2726} INFO - Sync 1 DAGs
[2023-05-03T10:54:33.086+0000] {logging_mixin.py:149} INFO - [2023-05-03T10:54:33.086+0000] {dag.py:3490} INFO - Setting next_dagrun for example_branch_operator to 2023-05-02T00:00:00+00:00, run_after=2023-05-03T00:00:00+00:00
[2023-05-03T10:54:33.170+0000] {processor.py:178} INFO - Processing /home/airflow/.local/lib/python3.7/site-packages/airflow/example_dags/example_branch_operator.py took 0.335 seconds
[2023-05-03T10:58:23.643+0000] {processor.py:156} INFO - Started process (PID=9975) to work on /home/airflow/.local/lib/python3.7/site-packages/airflow/example_dags/example_branch_operator.py
[2023-05-03T10:58:23.691+0000] {processor.py:799} INFO - Processing file /home/airflow/.local/lib/python3.7/site-packages/airflow/example_dags/example_branch_operator.py for tasks to queue
[2023-05-03T10:58:23.710+0000] {logging_mixin.py:149} INFO - [2023-05-03T10:58:23.710+0000] {dagbag.py:541} INFO - Filling up the DagBag from /home/airflow/.local/lib/python3.7/site-packages/airflow/example_dags/example_branch_operator.py
[2023-05-03T10:58:25.372+0000] {processor.py:809} INFO - DAG(s) dict_keys(['example_branch_operator']) retrieved from /home/airflow/.local/lib/python3.7/site-packages/airflow/example_dags/example_branch_operator.py
[2023-05-03T10:58:26.260+0000] {logging_mixin.py:149} INFO - [2023-05-03T10:58:26.260+0000] {dag.py:2726} INFO - Sync 1 DAGs
[2023-05-03T10:58:26.412+0000] {logging_mixin.py:149} INFO - [2023-05-03T10:58:26.412+0000] {dag.py:3490} INFO - Setting next_dagrun for example_branch_operator to 2023-05-02T00:00:00+00:00, run_after=2023-05-03T00:00:00+00:00
[2023-05-03T10:58:26.493+0000] {processor.py:178} INFO - Processing /home/airflow/.local/lib/python3.7/site-packages/airflow/example_dags/example_branch_operator.py took 3.103 seconds
