[2023-05-03T09:31:08.044+0000] {processor.py:156} INFO - Started process (PID=179) to work on /home/airflow/.local/lib/python3.7/site-packages/airflow/example_dags/example_trigger_target_dag.py
[2023-05-03T09:31:08.057+0000] {processor.py:799} INFO - Processing file /home/airflow/.local/lib/python3.7/site-packages/airflow/example_dags/example_trigger_target_dag.py for tasks to queue
[2023-05-03T09:31:08.062+0000] {logging_mixin.py:149} INFO - [2023-05-03T09:31:08.062+0000] {dagbag.py:541} INFO - Filling up the DagBag from /home/airflow/.local/lib/python3.7/site-packages/airflow/example_dags/example_trigger_target_dag.py
[2023-05-03T09:31:08.118+0000] {processor.py:809} INFO - DAG(s) dict_keys(['example_trigger_target_dag']) retrieved from /home/airflow/.local/lib/python3.7/site-packages/airflow/example_dags/example_trigger_target_dag.py
[2023-05-03T09:31:08.234+0000] {logging_mixin.py:149} INFO - [2023-05-03T09:31:08.233+0000] {dag.py:2726} INFO - Sync 1 DAGs
[2023-05-03T09:31:08.383+0000] {logging_mixin.py:149} INFO - [2023-05-03T09:31:08.383+0000] {dag.py:3490} INFO - Setting next_dagrun for example_trigger_target_dag to None, run_after=None
[2023-05-03T09:31:08.627+0000] {processor.py:178} INFO - Processing /home/airflow/.local/lib/python3.7/site-packages/airflow/example_dags/example_trigger_target_dag.py took 0.600 seconds
[2023-05-03T09:31:42.389+0000] {processor.py:156} INFO - Started process (PID=415) to work on /home/airflow/.local/lib/python3.7/site-packages/airflow/example_dags/example_trigger_target_dag.py
[2023-05-03T09:31:42.392+0000] {processor.py:799} INFO - Processing file /home/airflow/.local/lib/python3.7/site-packages/airflow/example_dags/example_trigger_target_dag.py for tasks to queue
[2023-05-03T09:31:42.394+0000] {logging_mixin.py:149} INFO - [2023-05-03T09:31:42.394+0000] {dagbag.py:541} INFO - Filling up the DagBag from /home/airflow/.local/lib/python3.7/site-packages/airflow/example_dags/example_trigger_target_dag.py
[2023-05-03T09:31:42.410+0000] {processor.py:809} INFO - DAG(s) dict_keys(['example_trigger_target_dag']) retrieved from /home/airflow/.local/lib/python3.7/site-packages/airflow/example_dags/example_trigger_target_dag.py
[2023-05-03T09:31:42.516+0000] {logging_mixin.py:149} INFO - [2023-05-03T09:31:42.515+0000] {dag.py:2726} INFO - Sync 1 DAGs
[2023-05-03T09:31:42.610+0000] {logging_mixin.py:149} INFO - [2023-05-03T09:31:42.610+0000] {dag.py:3490} INFO - Setting next_dagrun for example_trigger_target_dag to None, run_after=None
[2023-05-03T09:31:42.935+0000] {processor.py:178} INFO - Processing /home/airflow/.local/lib/python3.7/site-packages/airflow/example_dags/example_trigger_target_dag.py took 0.559 seconds
[2023-05-03T09:32:23.943+0000] {processor.py:156} INFO - Started process (PID=642) to work on /home/airflow/.local/lib/python3.7/site-packages/airflow/example_dags/example_trigger_target_dag.py
[2023-05-03T09:32:23.949+0000] {processor.py:799} INFO - Processing file /home/airflow/.local/lib/python3.7/site-packages/airflow/example_dags/example_trigger_target_dag.py for tasks to queue
[2023-05-03T09:32:23.952+0000] {logging_mixin.py:149} INFO - [2023-05-03T09:32:23.951+0000] {dagbag.py:541} INFO - Filling up the DagBag from /home/airflow/.local/lib/python3.7/site-packages/airflow/example_dags/example_trigger_target_dag.py
[2023-05-03T09:32:24.561+0000] {processor.py:809} INFO - DAG(s) dict_keys(['example_trigger_target_dag']) retrieved from /home/airflow/.local/lib/python3.7/site-packages/airflow/example_dags/example_trigger_target_dag.py
[2023-05-03T09:32:24.695+0000] {logging_mixin.py:149} INFO - [2023-05-03T09:32:24.682+0000] {dag.py:2726} INFO - Sync 1 DAGs
[2023-05-03T09:32:24.859+0000] {logging_mixin.py:149} INFO - [2023-05-03T09:32:24.858+0000] {dag.py:3490} INFO - Setting next_dagrun for example_trigger_target_dag to None, run_after=None
[2023-05-03T09:32:25.004+0000] {processor.py:178} INFO - Processing /home/airflow/.local/lib/python3.7/site-packages/airflow/example_dags/example_trigger_target_dag.py took 1.076 seconds
[2023-05-03T09:32:56.226+0000] {processor.py:156} INFO - Started process (PID=878) to work on /home/airflow/.local/lib/python3.7/site-packages/airflow/example_dags/example_trigger_target_dag.py
[2023-05-03T09:32:56.231+0000] {processor.py:799} INFO - Processing file /home/airflow/.local/lib/python3.7/site-packages/airflow/example_dags/example_trigger_target_dag.py for tasks to queue
[2023-05-03T09:32:56.260+0000] {logging_mixin.py:149} INFO - [2023-05-03T09:32:56.260+0000] {dagbag.py:541} INFO - Filling up the DagBag from /home/airflow/.local/lib/python3.7/site-packages/airflow/example_dags/example_trigger_target_dag.py
[2023-05-03T09:32:56.322+0000] {processor.py:809} INFO - DAG(s) dict_keys(['example_trigger_target_dag']) retrieved from /home/airflow/.local/lib/python3.7/site-packages/airflow/example_dags/example_trigger_target_dag.py
[2023-05-03T09:32:56.445+0000] {logging_mixin.py:149} INFO - [2023-05-03T09:32:56.438+0000] {dag.py:2726} INFO - Sync 1 DAGs
[2023-05-03T09:32:56.533+0000] {logging_mixin.py:149} INFO - [2023-05-03T09:32:56.532+0000] {dag.py:3490} INFO - Setting next_dagrun for example_trigger_target_dag to None, run_after=None
[2023-05-03T09:32:56.604+0000] {processor.py:178} INFO - Processing /home/airflow/.local/lib/python3.7/site-packages/airflow/example_dags/example_trigger_target_dag.py took 0.425 seconds
[2023-05-03T09:33:34.825+0000] {processor.py:156} INFO - Started process (PID=1063) to work on /home/airflow/.local/lib/python3.7/site-packages/airflow/example_dags/example_trigger_target_dag.py
[2023-05-03T09:33:34.830+0000] {processor.py:799} INFO - Processing file /home/airflow/.local/lib/python3.7/site-packages/airflow/example_dags/example_trigger_target_dag.py for tasks to queue
[2023-05-03T09:33:34.837+0000] {logging_mixin.py:149} INFO - [2023-05-03T09:33:34.835+0000] {dagbag.py:541} INFO - Filling up the DagBag from /home/airflow/.local/lib/python3.7/site-packages/airflow/example_dags/example_trigger_target_dag.py
[2023-05-03T09:33:34.847+0000] {processor.py:809} INFO - DAG(s) dict_keys(['example_trigger_target_dag']) retrieved from /home/airflow/.local/lib/python3.7/site-packages/airflow/example_dags/example_trigger_target_dag.py
[2023-05-03T09:33:34.897+0000] {logging_mixin.py:149} INFO - [2023-05-03T09:33:34.897+0000] {dag.py:2726} INFO - Sync 1 DAGs
[2023-05-03T09:33:34.969+0000] {logging_mixin.py:149} INFO - [2023-05-03T09:33:34.969+0000] {dag.py:3490} INFO - Setting next_dagrun for example_trigger_target_dag to None, run_after=None
[2023-05-03T09:33:35.026+0000] {processor.py:178} INFO - Processing /home/airflow/.local/lib/python3.7/site-packages/airflow/example_dags/example_trigger_target_dag.py took 0.207 seconds
[2023-05-03T09:34:07.240+0000] {processor.py:156} INFO - Started process (PID=1270) to work on /home/airflow/.local/lib/python3.7/site-packages/airflow/example_dags/example_trigger_target_dag.py
[2023-05-03T09:34:07.244+0000] {processor.py:799} INFO - Processing file /home/airflow/.local/lib/python3.7/site-packages/airflow/example_dags/example_trigger_target_dag.py for tasks to queue
[2023-05-03T09:34:07.247+0000] {logging_mixin.py:149} INFO - [2023-05-03T09:34:07.247+0000] {dagbag.py:541} INFO - Filling up the DagBag from /home/airflow/.local/lib/python3.7/site-packages/airflow/example_dags/example_trigger_target_dag.py
[2023-05-03T09:34:07.267+0000] {processor.py:809} INFO - DAG(s) dict_keys(['example_trigger_target_dag']) retrieved from /home/airflow/.local/lib/python3.7/site-packages/airflow/example_dags/example_trigger_target_dag.py
[2023-05-03T09:34:07.347+0000] {logging_mixin.py:149} INFO - [2023-05-03T09:34:07.347+0000] {dag.py:2726} INFO - Sync 1 DAGs
[2023-05-03T09:34:07.419+0000] {logging_mixin.py:149} INFO - [2023-05-03T09:34:07.419+0000] {dag.py:3490} INFO - Setting next_dagrun for example_trigger_target_dag to None, run_after=None
[2023-05-03T09:34:07.474+0000] {processor.py:178} INFO - Processing /home/airflow/.local/lib/python3.7/site-packages/airflow/example_dags/example_trigger_target_dag.py took 0.244 seconds
[2023-05-03T09:34:37.724+0000] {processor.py:156} INFO - Started process (PID=1506) to work on /home/airflow/.local/lib/python3.7/site-packages/airflow/example_dags/example_trigger_target_dag.py
[2023-05-03T09:34:37.741+0000] {processor.py:799} INFO - Processing file /home/airflow/.local/lib/python3.7/site-packages/airflow/example_dags/example_trigger_target_dag.py for tasks to queue
[2023-05-03T09:34:37.744+0000] {logging_mixin.py:149} INFO - [2023-05-03T09:34:37.744+0000] {dagbag.py:541} INFO - Filling up the DagBag from /home/airflow/.local/lib/python3.7/site-packages/airflow/example_dags/example_trigger_target_dag.py
[2023-05-03T09:34:37.754+0000] {processor.py:809} INFO - DAG(s) dict_keys(['example_trigger_target_dag']) retrieved from /home/airflow/.local/lib/python3.7/site-packages/airflow/example_dags/example_trigger_target_dag.py
[2023-05-03T09:34:37.795+0000] {logging_mixin.py:149} INFO - [2023-05-03T09:34:37.794+0000] {dag.py:2726} INFO - Sync 1 DAGs
[2023-05-03T09:34:37.847+0000] {logging_mixin.py:149} INFO - [2023-05-03T09:34:37.846+0000] {dag.py:3490} INFO - Setting next_dagrun for example_trigger_target_dag to None, run_after=None
[2023-05-03T09:34:37.907+0000] {processor.py:178} INFO - Processing /home/airflow/.local/lib/python3.7/site-packages/airflow/example_dags/example_trigger_target_dag.py took 0.189 seconds
[2023-05-03T09:35:08.499+0000] {processor.py:156} INFO - Started process (PID=1717) to work on /home/airflow/.local/lib/python3.7/site-packages/airflow/example_dags/example_trigger_target_dag.py
[2023-05-03T09:35:08.503+0000] {processor.py:799} INFO - Processing file /home/airflow/.local/lib/python3.7/site-packages/airflow/example_dags/example_trigger_target_dag.py for tasks to queue
[2023-05-03T09:35:08.513+0000] {logging_mixin.py:149} INFO - [2023-05-03T09:35:08.513+0000] {dagbag.py:541} INFO - Filling up the DagBag from /home/airflow/.local/lib/python3.7/site-packages/airflow/example_dags/example_trigger_target_dag.py
[2023-05-03T09:35:08.540+0000] {processor.py:809} INFO - DAG(s) dict_keys(['example_trigger_target_dag']) retrieved from /home/airflow/.local/lib/python3.7/site-packages/airflow/example_dags/example_trigger_target_dag.py
[2023-05-03T09:35:08.634+0000] {logging_mixin.py:149} INFO - [2023-05-03T09:35:08.633+0000] {dag.py:2726} INFO - Sync 1 DAGs
[2023-05-03T09:35:08.712+0000] {logging_mixin.py:149} INFO - [2023-05-03T09:35:08.711+0000] {dag.py:3490} INFO - Setting next_dagrun for example_trigger_target_dag to None, run_after=None
[2023-05-03T09:35:08.767+0000] {processor.py:178} INFO - Processing /home/airflow/.local/lib/python3.7/site-packages/airflow/example_dags/example_trigger_target_dag.py took 0.279 seconds
[2023-05-03T09:35:46.868+0000] {processor.py:156} INFO - Started process (PID=1925) to work on /home/airflow/.local/lib/python3.7/site-packages/airflow/example_dags/example_trigger_target_dag.py
[2023-05-03T09:35:46.871+0000] {processor.py:799} INFO - Processing file /home/airflow/.local/lib/python3.7/site-packages/airflow/example_dags/example_trigger_target_dag.py for tasks to queue
[2023-05-03T09:35:46.875+0000] {logging_mixin.py:149} INFO - [2023-05-03T09:35:46.874+0000] {dagbag.py:541} INFO - Filling up the DagBag from /home/airflow/.local/lib/python3.7/site-packages/airflow/example_dags/example_trigger_target_dag.py
[2023-05-03T09:35:46.890+0000] {processor.py:809} INFO - DAG(s) dict_keys(['example_trigger_target_dag']) retrieved from /home/airflow/.local/lib/python3.7/site-packages/airflow/example_dags/example_trigger_target_dag.py
[2023-05-03T09:35:46.982+0000] {logging_mixin.py:149} INFO - [2023-05-03T09:35:46.982+0000] {dag.py:2726} INFO - Sync 1 DAGs
[2023-05-03T09:35:47.154+0000] {logging_mixin.py:149} INFO - [2023-05-03T09:35:47.154+0000] {dag.py:3490} INFO - Setting next_dagrun for example_trigger_target_dag to None, run_after=None
[2023-05-03T09:35:47.305+0000] {processor.py:178} INFO - Processing /home/airflow/.local/lib/python3.7/site-packages/airflow/example_dags/example_trigger_target_dag.py took 0.450 seconds
[2023-05-03T09:36:19.156+0000] {processor.py:156} INFO - Started process (PID=2152) to work on /home/airflow/.local/lib/python3.7/site-packages/airflow/example_dags/example_trigger_target_dag.py
[2023-05-03T09:36:19.159+0000] {processor.py:799} INFO - Processing file /home/airflow/.local/lib/python3.7/site-packages/airflow/example_dags/example_trigger_target_dag.py for tasks to queue
[2023-05-03T09:36:19.161+0000] {logging_mixin.py:149} INFO - [2023-05-03T09:36:19.160+0000] {dagbag.py:541} INFO - Filling up the DagBag from /home/airflow/.local/lib/python3.7/site-packages/airflow/example_dags/example_trigger_target_dag.py
[2023-05-03T09:36:19.172+0000] {processor.py:809} INFO - DAG(s) dict_keys(['example_trigger_target_dag']) retrieved from /home/airflow/.local/lib/python3.7/site-packages/airflow/example_dags/example_trigger_target_dag.py
[2023-05-03T09:36:19.227+0000] {logging_mixin.py:149} INFO - [2023-05-03T09:36:19.227+0000] {dag.py:2726} INFO - Sync 1 DAGs
[2023-05-03T09:36:19.304+0000] {logging_mixin.py:149} INFO - [2023-05-03T09:36:19.303+0000] {dag.py:3490} INFO - Setting next_dagrun for example_trigger_target_dag to None, run_after=None
[2023-05-03T09:36:19.354+0000] {processor.py:178} INFO - Processing /home/airflow/.local/lib/python3.7/site-packages/airflow/example_dags/example_trigger_target_dag.py took 0.232 seconds
[2023-05-03T09:36:50.699+0000] {processor.py:156} INFO - Started process (PID=2387) to work on /home/airflow/.local/lib/python3.7/site-packages/airflow/example_dags/example_trigger_target_dag.py
[2023-05-03T09:36:50.701+0000] {processor.py:799} INFO - Processing file /home/airflow/.local/lib/python3.7/site-packages/airflow/example_dags/example_trigger_target_dag.py for tasks to queue
[2023-05-03T09:36:50.703+0000] {logging_mixin.py:149} INFO - [2023-05-03T09:36:50.703+0000] {dagbag.py:541} INFO - Filling up the DagBag from /home/airflow/.local/lib/python3.7/site-packages/airflow/example_dags/example_trigger_target_dag.py
[2023-05-03T09:36:50.713+0000] {processor.py:809} INFO - DAG(s) dict_keys(['example_trigger_target_dag']) retrieved from /home/airflow/.local/lib/python3.7/site-packages/airflow/example_dags/example_trigger_target_dag.py
[2023-05-03T09:36:50.760+0000] {logging_mixin.py:149} INFO - [2023-05-03T09:36:50.759+0000] {dag.py:2726} INFO - Sync 1 DAGs
[2023-05-03T09:36:50.828+0000] {logging_mixin.py:149} INFO - [2023-05-03T09:36:50.828+0000] {dag.py:3490} INFO - Setting next_dagrun for example_trigger_target_dag to None, run_after=None
[2023-05-03T09:36:50.880+0000] {processor.py:178} INFO - Processing /home/airflow/.local/lib/python3.7/site-packages/airflow/example_dags/example_trigger_target_dag.py took 0.185 seconds
[2023-05-03T09:37:22.894+0000] {processor.py:156} INFO - Started process (PID=2623) to work on /home/airflow/.local/lib/python3.7/site-packages/airflow/example_dags/example_trigger_target_dag.py
[2023-05-03T09:37:22.896+0000] {processor.py:799} INFO - Processing file /home/airflow/.local/lib/python3.7/site-packages/airflow/example_dags/example_trigger_target_dag.py for tasks to queue
[2023-05-03T09:37:22.898+0000] {logging_mixin.py:149} INFO - [2023-05-03T09:37:22.898+0000] {dagbag.py:541} INFO - Filling up the DagBag from /home/airflow/.local/lib/python3.7/site-packages/airflow/example_dags/example_trigger_target_dag.py
[2023-05-03T09:37:22.916+0000] {processor.py:809} INFO - DAG(s) dict_keys(['example_trigger_target_dag']) retrieved from /home/airflow/.local/lib/python3.7/site-packages/airflow/example_dags/example_trigger_target_dag.py
[2023-05-03T09:37:22.998+0000] {logging_mixin.py:149} INFO - [2023-05-03T09:37:22.998+0000] {dag.py:2726} INFO - Sync 1 DAGs
[2023-05-03T09:37:23.053+0000] {logging_mixin.py:149} INFO - [2023-05-03T09:37:23.052+0000] {dag.py:3490} INFO - Setting next_dagrun for example_trigger_target_dag to None, run_after=None
[2023-05-03T09:37:23.087+0000] {processor.py:178} INFO - Processing /home/airflow/.local/lib/python3.7/site-packages/airflow/example_dags/example_trigger_target_dag.py took 0.198 seconds
[2023-05-03T09:37:57.583+0000] {processor.py:156} INFO - Started process (PID=2864) to work on /home/airflow/.local/lib/python3.7/site-packages/airflow/example_dags/example_trigger_target_dag.py
[2023-05-03T09:37:57.593+0000] {processor.py:799} INFO - Processing file /home/airflow/.local/lib/python3.7/site-packages/airflow/example_dags/example_trigger_target_dag.py for tasks to queue
[2023-05-03T09:37:57.595+0000] {logging_mixin.py:149} INFO - [2023-05-03T09:37:57.594+0000] {dagbag.py:541} INFO - Filling up the DagBag from /home/airflow/.local/lib/python3.7/site-packages/airflow/example_dags/example_trigger_target_dag.py
[2023-05-03T09:37:57.608+0000] {processor.py:809} INFO - DAG(s) dict_keys(['example_trigger_target_dag']) retrieved from /home/airflow/.local/lib/python3.7/site-packages/airflow/example_dags/example_trigger_target_dag.py
[2023-05-03T09:37:57.666+0000] {logging_mixin.py:149} INFO - [2023-05-03T09:37:57.666+0000] {dag.py:2726} INFO - Sync 1 DAGs
[2023-05-03T09:37:57.730+0000] {logging_mixin.py:149} INFO - [2023-05-03T09:37:57.730+0000] {dag.py:3490} INFO - Setting next_dagrun for example_trigger_target_dag to None, run_after=None
[2023-05-03T09:37:57.778+0000] {processor.py:178} INFO - Processing /home/airflow/.local/lib/python3.7/site-packages/airflow/example_dags/example_trigger_target_dag.py took 0.201 seconds
[2023-05-03T09:38:28.328+0000] {processor.py:156} INFO - Started process (PID=3078) to work on /home/airflow/.local/lib/python3.7/site-packages/airflow/example_dags/example_trigger_target_dag.py
[2023-05-03T09:38:28.343+0000] {processor.py:799} INFO - Processing file /home/airflow/.local/lib/python3.7/site-packages/airflow/example_dags/example_trigger_target_dag.py for tasks to queue
[2023-05-03T09:38:28.346+0000] {logging_mixin.py:149} INFO - [2023-05-03T09:38:28.345+0000] {dagbag.py:541} INFO - Filling up the DagBag from /home/airflow/.local/lib/python3.7/site-packages/airflow/example_dags/example_trigger_target_dag.py
[2023-05-03T09:38:28.419+0000] {processor.py:809} INFO - DAG(s) dict_keys(['example_trigger_target_dag']) retrieved from /home/airflow/.local/lib/python3.7/site-packages/airflow/example_dags/example_trigger_target_dag.py
[2023-05-03T09:38:28.616+0000] {logging_mixin.py:149} INFO - [2023-05-03T09:38:28.615+0000] {dag.py:2726} INFO - Sync 1 DAGs
[2023-05-03T09:38:28.760+0000] {logging_mixin.py:149} INFO - [2023-05-03T09:38:28.760+0000] {dag.py:3490} INFO - Setting next_dagrun for example_trigger_target_dag to None, run_after=None
[2023-05-03T09:38:28.871+0000] {processor.py:178} INFO - Processing /home/airflow/.local/lib/python3.7/site-packages/airflow/example_dags/example_trigger_target_dag.py took 0.565 seconds
[2023-05-03T09:38:59.156+0000] {processor.py:156} INFO - Started process (PID=3313) to work on /home/airflow/.local/lib/python3.7/site-packages/airflow/example_dags/example_trigger_target_dag.py
[2023-05-03T09:38:59.158+0000] {processor.py:799} INFO - Processing file /home/airflow/.local/lib/python3.7/site-packages/airflow/example_dags/example_trigger_target_dag.py for tasks to queue
[2023-05-03T09:38:59.161+0000] {logging_mixin.py:149} INFO - [2023-05-03T09:38:59.161+0000] {dagbag.py:541} INFO - Filling up the DagBag from /home/airflow/.local/lib/python3.7/site-packages/airflow/example_dags/example_trigger_target_dag.py
[2023-05-03T09:38:59.183+0000] {processor.py:809} INFO - DAG(s) dict_keys(['example_trigger_target_dag']) retrieved from /home/airflow/.local/lib/python3.7/site-packages/airflow/example_dags/example_trigger_target_dag.py
[2023-05-03T09:38:59.228+0000] {logging_mixin.py:149} INFO - [2023-05-03T09:38:59.227+0000] {dag.py:2726} INFO - Sync 1 DAGs
[2023-05-03T09:38:59.284+0000] {logging_mixin.py:149} INFO - [2023-05-03T09:38:59.284+0000] {dag.py:3490} INFO - Setting next_dagrun for example_trigger_target_dag to None, run_after=None
[2023-05-03T09:38:59.336+0000] {processor.py:178} INFO - Processing /home/airflow/.local/lib/python3.7/site-packages/airflow/example_dags/example_trigger_target_dag.py took 0.189 seconds
[2023-05-03T09:39:29.489+0000] {processor.py:156} INFO - Started process (PID=3549) to work on /home/airflow/.local/lib/python3.7/site-packages/airflow/example_dags/example_trigger_target_dag.py
[2023-05-03T09:39:29.491+0000] {processor.py:799} INFO - Processing file /home/airflow/.local/lib/python3.7/site-packages/airflow/example_dags/example_trigger_target_dag.py for tasks to queue
[2023-05-03T09:39:29.493+0000] {logging_mixin.py:149} INFO - [2023-05-03T09:39:29.493+0000] {dagbag.py:541} INFO - Filling up the DagBag from /home/airflow/.local/lib/python3.7/site-packages/airflow/example_dags/example_trigger_target_dag.py
[2023-05-03T09:39:29.509+0000] {processor.py:809} INFO - DAG(s) dict_keys(['example_trigger_target_dag']) retrieved from /home/airflow/.local/lib/python3.7/site-packages/airflow/example_dags/example_trigger_target_dag.py
[2023-05-03T09:39:29.561+0000] {logging_mixin.py:149} INFO - [2023-05-03T09:39:29.561+0000] {dag.py:2726} INFO - Sync 1 DAGs
[2023-05-03T09:39:29.591+0000] {logging_mixin.py:149} INFO - [2023-05-03T09:39:29.591+0000] {dag.py:3490} INFO - Setting next_dagrun for example_trigger_target_dag to None, run_after=None
[2023-05-03T09:39:29.620+0000] {processor.py:178} INFO - Processing /home/airflow/.local/lib/python3.7/site-packages/airflow/example_dags/example_trigger_target_dag.py took 0.138 seconds
[2023-05-03T09:39:59.942+0000] {processor.py:156} INFO - Started process (PID=3787) to work on /home/airflow/.local/lib/python3.7/site-packages/airflow/example_dags/example_trigger_target_dag.py
[2023-05-03T09:39:59.944+0000] {processor.py:799} INFO - Processing file /home/airflow/.local/lib/python3.7/site-packages/airflow/example_dags/example_trigger_target_dag.py for tasks to queue
[2023-05-03T09:39:59.946+0000] {logging_mixin.py:149} INFO - [2023-05-03T09:39:59.945+0000] {dagbag.py:541} INFO - Filling up the DagBag from /home/airflow/.local/lib/python3.7/site-packages/airflow/example_dags/example_trigger_target_dag.py
[2023-05-03T09:39:59.962+0000] {processor.py:809} INFO - DAG(s) dict_keys(['example_trigger_target_dag']) retrieved from /home/airflow/.local/lib/python3.7/site-packages/airflow/example_dags/example_trigger_target_dag.py
[2023-05-03T09:40:00.011+0000] {logging_mixin.py:149} INFO - [2023-05-03T09:40:00.011+0000] {dag.py:2726} INFO - Sync 1 DAGs
[2023-05-03T09:40:00.066+0000] {logging_mixin.py:149} INFO - [2023-05-03T09:40:00.065+0000] {dag.py:3490} INFO - Setting next_dagrun for example_trigger_target_dag to None, run_after=None
[2023-05-03T09:40:00.110+0000] {processor.py:178} INFO - Processing /home/airflow/.local/lib/python3.7/site-packages/airflow/example_dags/example_trigger_target_dag.py took 0.173 seconds
[2023-05-03T09:40:30.631+0000] {processor.py:156} INFO - Started process (PID=4021) to work on /home/airflow/.local/lib/python3.7/site-packages/airflow/example_dags/example_trigger_target_dag.py
[2023-05-03T09:40:30.634+0000] {processor.py:799} INFO - Processing file /home/airflow/.local/lib/python3.7/site-packages/airflow/example_dags/example_trigger_target_dag.py for tasks to queue
[2023-05-03T09:40:30.636+0000] {logging_mixin.py:149} INFO - [2023-05-03T09:40:30.635+0000] {dagbag.py:541} INFO - Filling up the DagBag from /home/airflow/.local/lib/python3.7/site-packages/airflow/example_dags/example_trigger_target_dag.py
[2023-05-03T09:40:30.645+0000] {processor.py:809} INFO - DAG(s) dict_keys(['example_trigger_target_dag']) retrieved from /home/airflow/.local/lib/python3.7/site-packages/airflow/example_dags/example_trigger_target_dag.py
[2023-05-03T09:40:30.683+0000] {logging_mixin.py:149} INFO - [2023-05-03T09:40:30.683+0000] {dag.py:2726} INFO - Sync 1 DAGs
[2023-05-03T09:40:30.723+0000] {logging_mixin.py:149} INFO - [2023-05-03T09:40:30.722+0000] {dag.py:3490} INFO - Setting next_dagrun for example_trigger_target_dag to None, run_after=None
[2023-05-03T09:40:30.754+0000] {processor.py:178} INFO - Processing /home/airflow/.local/lib/python3.7/site-packages/airflow/example_dags/example_trigger_target_dag.py took 0.127 seconds
[2023-05-03T09:41:01.647+0000] {processor.py:156} INFO - Started process (PID=4257) to work on /home/airflow/.local/lib/python3.7/site-packages/airflow/example_dags/example_trigger_target_dag.py
[2023-05-03T09:41:01.649+0000] {processor.py:799} INFO - Processing file /home/airflow/.local/lib/python3.7/site-packages/airflow/example_dags/example_trigger_target_dag.py for tasks to queue
[2023-05-03T09:41:01.651+0000] {logging_mixin.py:149} INFO - [2023-05-03T09:41:01.651+0000] {dagbag.py:541} INFO - Filling up the DagBag from /home/airflow/.local/lib/python3.7/site-packages/airflow/example_dags/example_trigger_target_dag.py
[2023-05-03T09:41:01.659+0000] {processor.py:809} INFO - DAG(s) dict_keys(['example_trigger_target_dag']) retrieved from /home/airflow/.local/lib/python3.7/site-packages/airflow/example_dags/example_trigger_target_dag.py
[2023-05-03T09:41:01.698+0000] {logging_mixin.py:149} INFO - [2023-05-03T09:41:01.698+0000] {dag.py:2726} INFO - Sync 1 DAGs
[2023-05-03T09:41:01.738+0000] {logging_mixin.py:149} INFO - [2023-05-03T09:41:01.738+0000] {dag.py:3490} INFO - Setting next_dagrun for example_trigger_target_dag to None, run_after=None
[2023-05-03T09:41:01.774+0000] {processor.py:178} INFO - Processing /home/airflow/.local/lib/python3.7/site-packages/airflow/example_dags/example_trigger_target_dag.py took 0.132 seconds
[2023-05-03T09:41:32.295+0000] {processor.py:156} INFO - Started process (PID=4493) to work on /home/airflow/.local/lib/python3.7/site-packages/airflow/example_dags/example_trigger_target_dag.py
[2023-05-03T09:41:32.297+0000] {processor.py:799} INFO - Processing file /home/airflow/.local/lib/python3.7/site-packages/airflow/example_dags/example_trigger_target_dag.py for tasks to queue
[2023-05-03T09:41:32.299+0000] {logging_mixin.py:149} INFO - [2023-05-03T09:41:32.299+0000] {dagbag.py:541} INFO - Filling up the DagBag from /home/airflow/.local/lib/python3.7/site-packages/airflow/example_dags/example_trigger_target_dag.py
[2023-05-03T09:41:32.308+0000] {processor.py:809} INFO - DAG(s) dict_keys(['example_trigger_target_dag']) retrieved from /home/airflow/.local/lib/python3.7/site-packages/airflow/example_dags/example_trigger_target_dag.py
[2023-05-03T09:41:32.404+0000] {logging_mixin.py:149} INFO - [2023-05-03T09:41:32.404+0000] {dag.py:2726} INFO - Sync 1 DAGs
[2023-05-03T09:41:32.454+0000] {logging_mixin.py:149} INFO - [2023-05-03T09:41:32.454+0000] {dag.py:3490} INFO - Setting next_dagrun for example_trigger_target_dag to None, run_after=None
[2023-05-03T09:41:32.487+0000] {processor.py:178} INFO - Processing /home/airflow/.local/lib/python3.7/site-packages/airflow/example_dags/example_trigger_target_dag.py took 0.195 seconds
[2023-05-03T09:42:02.580+0000] {processor.py:156} INFO - Started process (PID=4729) to work on /home/airflow/.local/lib/python3.7/site-packages/airflow/example_dags/example_trigger_target_dag.py
[2023-05-03T09:42:02.582+0000] {processor.py:799} INFO - Processing file /home/airflow/.local/lib/python3.7/site-packages/airflow/example_dags/example_trigger_target_dag.py for tasks to queue
[2023-05-03T09:42:02.584+0000] {logging_mixin.py:149} INFO - [2023-05-03T09:42:02.583+0000] {dagbag.py:541} INFO - Filling up the DagBag from /home/airflow/.local/lib/python3.7/site-packages/airflow/example_dags/example_trigger_target_dag.py
[2023-05-03T09:42:02.596+0000] {processor.py:809} INFO - DAG(s) dict_keys(['example_trigger_target_dag']) retrieved from /home/airflow/.local/lib/python3.7/site-packages/airflow/example_dags/example_trigger_target_dag.py
[2023-05-03T09:42:02.650+0000] {logging_mixin.py:149} INFO - [2023-05-03T09:42:02.649+0000] {dag.py:2726} INFO - Sync 1 DAGs
[2023-05-03T09:42:02.699+0000] {logging_mixin.py:149} INFO - [2023-05-03T09:42:02.698+0000] {dag.py:3490} INFO - Setting next_dagrun for example_trigger_target_dag to None, run_after=None
[2023-05-03T09:42:02.749+0000] {processor.py:178} INFO - Processing /home/airflow/.local/lib/python3.7/site-packages/airflow/example_dags/example_trigger_target_dag.py took 0.175 seconds
[2023-05-03T09:44:22.996+0000] {processor.py:156} INFO - Started process (PID=181) to work on /home/airflow/.local/lib/python3.7/site-packages/airflow/example_dags/example_trigger_target_dag.py
[2023-05-03T09:44:23.003+0000] {processor.py:799} INFO - Processing file /home/airflow/.local/lib/python3.7/site-packages/airflow/example_dags/example_trigger_target_dag.py for tasks to queue
[2023-05-03T09:44:23.011+0000] {logging_mixin.py:149} INFO - [2023-05-03T09:44:23.010+0000] {dagbag.py:541} INFO - Filling up the DagBag from /home/airflow/.local/lib/python3.7/site-packages/airflow/example_dags/example_trigger_target_dag.py
[2023-05-03T09:44:23.047+0000] {processor.py:809} INFO - DAG(s) dict_keys(['example_trigger_target_dag']) retrieved from /home/airflow/.local/lib/python3.7/site-packages/airflow/example_dags/example_trigger_target_dag.py
[2023-05-03T09:44:23.181+0000] {logging_mixin.py:149} INFO - [2023-05-03T09:44:23.181+0000] {dag.py:2726} INFO - Sync 1 DAGs
[2023-05-03T09:44:23.353+0000] {logging_mixin.py:149} INFO - [2023-05-03T09:44:23.353+0000] {dag.py:3490} INFO - Setting next_dagrun for example_trigger_target_dag to None, run_after=None
[2023-05-03T09:44:23.852+0000] {processor.py:178} INFO - Processing /home/airflow/.local/lib/python3.7/site-packages/airflow/example_dags/example_trigger_target_dag.py took 0.863 seconds
[2023-05-03T09:45:01.673+0000] {processor.py:156} INFO - Started process (PID=415) to work on /home/airflow/.local/lib/python3.7/site-packages/airflow/example_dags/example_trigger_target_dag.py
[2023-05-03T09:45:01.677+0000] {processor.py:799} INFO - Processing file /home/airflow/.local/lib/python3.7/site-packages/airflow/example_dags/example_trigger_target_dag.py for tasks to queue
[2023-05-03T09:45:01.680+0000] {logging_mixin.py:149} INFO - [2023-05-03T09:45:01.679+0000] {dagbag.py:541} INFO - Filling up the DagBag from /home/airflow/.local/lib/python3.7/site-packages/airflow/example_dags/example_trigger_target_dag.py
[2023-05-03T09:45:01.698+0000] {processor.py:809} INFO - DAG(s) dict_keys(['example_trigger_target_dag']) retrieved from /home/airflow/.local/lib/python3.7/site-packages/airflow/example_dags/example_trigger_target_dag.py
[2023-05-03T09:45:01.917+0000] {logging_mixin.py:149} INFO - [2023-05-03T09:45:01.917+0000] {dag.py:2726} INFO - Sync 1 DAGs
[2023-05-03T09:45:02.100+0000] {logging_mixin.py:149} INFO - [2023-05-03T09:45:02.099+0000] {dag.py:3490} INFO - Setting next_dagrun for example_trigger_target_dag to None, run_after=None
[2023-05-03T09:45:02.213+0000] {processor.py:178} INFO - Processing /home/airflow/.local/lib/python3.7/site-packages/airflow/example_dags/example_trigger_target_dag.py took 0.547 seconds
[2023-05-03T09:46:19.591+0000] {processor.py:156} INFO - Started process (PID=529) to work on /home/airflow/.local/lib/python3.7/site-packages/airflow/example_dags/example_trigger_target_dag.py
[2023-05-03T09:46:19.593+0000] {processor.py:799} INFO - Processing file /home/airflow/.local/lib/python3.7/site-packages/airflow/example_dags/example_trigger_target_dag.py for tasks to queue
[2023-05-03T09:46:19.606+0000] {logging_mixin.py:149} INFO - [2023-05-03T09:46:19.606+0000] {dagbag.py:541} INFO - Filling up the DagBag from /home/airflow/.local/lib/python3.7/site-packages/airflow/example_dags/example_trigger_target_dag.py
[2023-05-03T09:46:19.642+0000] {processor.py:809} INFO - DAG(s) dict_keys(['example_trigger_target_dag']) retrieved from /home/airflow/.local/lib/python3.7/site-packages/airflow/example_dags/example_trigger_target_dag.py
[2023-05-03T09:46:21.068+0000] {logging_mixin.py:149} INFO - [2023-05-03T09:46:21.067+0000] {dag.py:2726} INFO - Sync 1 DAGs
[2023-05-03T09:46:21.920+0000] {logging_mixin.py:149} INFO - [2023-05-03T09:46:21.920+0000] {dag.py:3490} INFO - Setting next_dagrun for example_trigger_target_dag to None, run_after=None
[2023-05-03T09:46:22.510+0000] {processor.py:178} INFO - Processing /home/airflow/.local/lib/python3.7/site-packages/airflow/example_dags/example_trigger_target_dag.py took 2.937 seconds
[2023-05-03T09:47:25.678+0000] {processor.py:156} INFO - Started process (PID=762) to work on /home/airflow/.local/lib/python3.7/site-packages/airflow/example_dags/example_trigger_target_dag.py
[2023-05-03T09:47:25.684+0000] {processor.py:799} INFO - Processing file /home/airflow/.local/lib/python3.7/site-packages/airflow/example_dags/example_trigger_target_dag.py for tasks to queue
[2023-05-03T09:47:25.687+0000] {logging_mixin.py:149} INFO - [2023-05-03T09:47:25.687+0000] {dagbag.py:541} INFO - Filling up the DagBag from /home/airflow/.local/lib/python3.7/site-packages/airflow/example_dags/example_trigger_target_dag.py
[2023-05-03T09:47:25.707+0000] {processor.py:809} INFO - DAG(s) dict_keys(['example_trigger_target_dag']) retrieved from /home/airflow/.local/lib/python3.7/site-packages/airflow/example_dags/example_trigger_target_dag.py
[2023-05-03T09:47:25.791+0000] {logging_mixin.py:149} INFO - [2023-05-03T09:47:25.790+0000] {dag.py:2726} INFO - Sync 1 DAGs
[2023-05-03T09:47:25.906+0000] {logging_mixin.py:149} INFO - [2023-05-03T09:47:25.906+0000] {dag.py:3490} INFO - Setting next_dagrun for example_trigger_target_dag to None, run_after=None
[2023-05-03T09:47:25.997+0000] {processor.py:178} INFO - Processing /home/airflow/.local/lib/python3.7/site-packages/airflow/example_dags/example_trigger_target_dag.py took 0.327 seconds
[2023-05-03T09:48:12.660+0000] {processor.py:156} INFO - Started process (PID=998) to work on /home/airflow/.local/lib/python3.7/site-packages/airflow/example_dags/example_trigger_target_dag.py
[2023-05-03T09:48:12.675+0000] {processor.py:799} INFO - Processing file /home/airflow/.local/lib/python3.7/site-packages/airflow/example_dags/example_trigger_target_dag.py for tasks to queue
[2023-05-03T09:48:12.698+0000] {logging_mixin.py:149} INFO - [2023-05-03T09:48:12.697+0000] {dagbag.py:541} INFO - Filling up the DagBag from /home/airflow/.local/lib/python3.7/site-packages/airflow/example_dags/example_trigger_target_dag.py
[2023-05-03T09:48:12.723+0000] {processor.py:809} INFO - DAG(s) dict_keys(['example_trigger_target_dag']) retrieved from /home/airflow/.local/lib/python3.7/site-packages/airflow/example_dags/example_trigger_target_dag.py
[2023-05-03T09:48:12.840+0000] {logging_mixin.py:149} INFO - [2023-05-03T09:48:12.840+0000] {dag.py:2726} INFO - Sync 1 DAGs
[2023-05-03T09:48:13.039+0000] {logging_mixin.py:149} INFO - [2023-05-03T09:48:13.038+0000] {dag.py:3490} INFO - Setting next_dagrun for example_trigger_target_dag to None, run_after=None
[2023-05-03T09:48:13.188+0000] {processor.py:178} INFO - Processing /home/airflow/.local/lib/python3.7/site-packages/airflow/example_dags/example_trigger_target_dag.py took 0.534 seconds
[2023-05-03T09:48:44.921+0000] {processor.py:156} INFO - Started process (PID=1232) to work on /home/airflow/.local/lib/python3.7/site-packages/airflow/example_dags/example_trigger_target_dag.py
[2023-05-03T09:48:44.924+0000] {processor.py:799} INFO - Processing file /home/airflow/.local/lib/python3.7/site-packages/airflow/example_dags/example_trigger_target_dag.py for tasks to queue
[2023-05-03T09:48:44.926+0000] {logging_mixin.py:149} INFO - [2023-05-03T09:48:44.926+0000] {dagbag.py:541} INFO - Filling up the DagBag from /home/airflow/.local/lib/python3.7/site-packages/airflow/example_dags/example_trigger_target_dag.py
[2023-05-03T09:48:44.977+0000] {processor.py:809} INFO - DAG(s) dict_keys(['example_trigger_target_dag']) retrieved from /home/airflow/.local/lib/python3.7/site-packages/airflow/example_dags/example_trigger_target_dag.py
[2023-05-03T09:48:45.117+0000] {logging_mixin.py:149} INFO - [2023-05-03T09:48:45.117+0000] {dag.py:2726} INFO - Sync 1 DAGs
[2023-05-03T09:48:45.271+0000] {logging_mixin.py:149} INFO - [2023-05-03T09:48:45.271+0000] {dag.py:3490} INFO - Setting next_dagrun for example_trigger_target_dag to None, run_after=None
[2023-05-03T09:48:45.416+0000] {processor.py:178} INFO - Processing /home/airflow/.local/lib/python3.7/site-packages/airflow/example_dags/example_trigger_target_dag.py took 0.510 seconds
[2023-05-03T09:49:44.794+0000] {processor.py:156} INFO - Started process (PID=1460) to work on /home/airflow/.local/lib/python3.7/site-packages/airflow/example_dags/example_trigger_target_dag.py
[2023-05-03T09:49:44.820+0000] {processor.py:799} INFO - Processing file /home/airflow/.local/lib/python3.7/site-packages/airflow/example_dags/example_trigger_target_dag.py for tasks to queue
[2023-05-03T09:49:44.827+0000] {logging_mixin.py:149} INFO - [2023-05-03T09:49:44.827+0000] {dagbag.py:541} INFO - Filling up the DagBag from /home/airflow/.local/lib/python3.7/site-packages/airflow/example_dags/example_trigger_target_dag.py
[2023-05-03T09:49:44.846+0000] {processor.py:809} INFO - DAG(s) dict_keys(['example_trigger_target_dag']) retrieved from /home/airflow/.local/lib/python3.7/site-packages/airflow/example_dags/example_trigger_target_dag.py
[2023-05-03T09:49:44.941+0000] {logging_mixin.py:149} INFO - [2023-05-03T09:49:44.940+0000] {dag.py:2726} INFO - Sync 1 DAGs
[2023-05-03T09:49:45.030+0000] {logging_mixin.py:149} INFO - [2023-05-03T09:49:45.030+0000] {dag.py:3490} INFO - Setting next_dagrun for example_trigger_target_dag to None, run_after=None
[2023-05-03T09:49:45.130+0000] {processor.py:178} INFO - Processing /home/airflow/.local/lib/python3.7/site-packages/airflow/example_dags/example_trigger_target_dag.py took 0.342 seconds
[2023-05-03T09:50:15.820+0000] {processor.py:156} INFO - Started process (PID=1696) to work on /home/airflow/.local/lib/python3.7/site-packages/airflow/example_dags/example_trigger_target_dag.py
[2023-05-03T09:50:15.830+0000] {processor.py:799} INFO - Processing file /home/airflow/.local/lib/python3.7/site-packages/airflow/example_dags/example_trigger_target_dag.py for tasks to queue
[2023-05-03T09:50:15.831+0000] {logging_mixin.py:149} INFO - [2023-05-03T09:50:15.831+0000] {dagbag.py:541} INFO - Filling up the DagBag from /home/airflow/.local/lib/python3.7/site-packages/airflow/example_dags/example_trigger_target_dag.py
[2023-05-03T09:50:15.843+0000] {processor.py:809} INFO - DAG(s) dict_keys(['example_trigger_target_dag']) retrieved from /home/airflow/.local/lib/python3.7/site-packages/airflow/example_dags/example_trigger_target_dag.py
[2023-05-03T09:50:15.917+0000] {logging_mixin.py:149} INFO - [2023-05-03T09:50:15.917+0000] {dag.py:2726} INFO - Sync 1 DAGs
[2023-05-03T09:50:16.023+0000] {logging_mixin.py:149} INFO - [2023-05-03T09:50:16.023+0000] {dag.py:3490} INFO - Setting next_dagrun for example_trigger_target_dag to None, run_after=None
[2023-05-03T09:50:16.109+0000] {processor.py:178} INFO - Processing /home/airflow/.local/lib/python3.7/site-packages/airflow/example_dags/example_trigger_target_dag.py took 0.301 seconds
[2023-05-03T09:50:46.304+0000] {processor.py:156} INFO - Started process (PID=1932) to work on /home/airflow/.local/lib/python3.7/site-packages/airflow/example_dags/example_trigger_target_dag.py
[2023-05-03T09:50:46.306+0000] {processor.py:799} INFO - Processing file /home/airflow/.local/lib/python3.7/site-packages/airflow/example_dags/example_trigger_target_dag.py for tasks to queue
[2023-05-03T09:50:46.308+0000] {logging_mixin.py:149} INFO - [2023-05-03T09:50:46.307+0000] {dagbag.py:541} INFO - Filling up the DagBag from /home/airflow/.local/lib/python3.7/site-packages/airflow/example_dags/example_trigger_target_dag.py
[2023-05-03T09:50:46.327+0000] {processor.py:809} INFO - DAG(s) dict_keys(['example_trigger_target_dag']) retrieved from /home/airflow/.local/lib/python3.7/site-packages/airflow/example_dags/example_trigger_target_dag.py
[2023-05-03T09:50:46.400+0000] {logging_mixin.py:149} INFO - [2023-05-03T09:50:46.398+0000] {dag.py:2726} INFO - Sync 1 DAGs
[2023-05-03T09:50:46.464+0000] {logging_mixin.py:149} INFO - [2023-05-03T09:50:46.464+0000] {dag.py:3490} INFO - Setting next_dagrun for example_trigger_target_dag to None, run_after=None
[2023-05-03T09:50:46.520+0000] {processor.py:178} INFO - Processing /home/airflow/.local/lib/python3.7/site-packages/airflow/example_dags/example_trigger_target_dag.py took 0.227 seconds
[2023-05-03T09:51:20.261+0000] {processor.py:156} INFO - Started process (PID=2088) to work on /home/airflow/.local/lib/python3.7/site-packages/airflow/example_dags/example_trigger_target_dag.py
[2023-05-03T09:51:20.274+0000] {processor.py:799} INFO - Processing file /home/airflow/.local/lib/python3.7/site-packages/airflow/example_dags/example_trigger_target_dag.py for tasks to queue
[2023-05-03T09:51:20.290+0000] {logging_mixin.py:149} INFO - [2023-05-03T09:51:20.290+0000] {dagbag.py:541} INFO - Filling up the DagBag from /home/airflow/.local/lib/python3.7/site-packages/airflow/example_dags/example_trigger_target_dag.py
[2023-05-03T09:51:20.344+0000] {processor.py:809} INFO - DAG(s) dict_keys(['example_trigger_target_dag']) retrieved from /home/airflow/.local/lib/python3.7/site-packages/airflow/example_dags/example_trigger_target_dag.py
[2023-05-03T09:51:20.527+0000] {logging_mixin.py:149} INFO - [2023-05-03T09:51:20.526+0000] {dag.py:2726} INFO - Sync 1 DAGs
[2023-05-03T09:51:20.633+0000] {logging_mixin.py:149} INFO - [2023-05-03T09:51:20.633+0000] {dag.py:3490} INFO - Setting next_dagrun for example_trigger_target_dag to None, run_after=None
[2023-05-03T09:51:20.751+0000] {processor.py:178} INFO - Processing /home/airflow/.local/lib/python3.7/site-packages/airflow/example_dags/example_trigger_target_dag.py took 0.495 seconds
[2023-05-03T09:52:05.031+0000] {processor.py:156} INFO - Started process (PID=2248) to work on /home/airflow/.local/lib/python3.7/site-packages/airflow/example_dags/example_trigger_target_dag.py
[2023-05-03T09:52:05.034+0000] {processor.py:799} INFO - Processing file /home/airflow/.local/lib/python3.7/site-packages/airflow/example_dags/example_trigger_target_dag.py for tasks to queue
[2023-05-03T09:52:05.044+0000] {logging_mixin.py:149} INFO - [2023-05-03T09:52:05.044+0000] {dagbag.py:541} INFO - Filling up the DagBag from /home/airflow/.local/lib/python3.7/site-packages/airflow/example_dags/example_trigger_target_dag.py
[2023-05-03T09:52:05.070+0000] {processor.py:809} INFO - DAG(s) dict_keys(['example_trigger_target_dag']) retrieved from /home/airflow/.local/lib/python3.7/site-packages/airflow/example_dags/example_trigger_target_dag.py
[2023-05-03T09:52:05.190+0000] {logging_mixin.py:149} INFO - [2023-05-03T09:52:05.189+0000] {dag.py:2726} INFO - Sync 1 DAGs
[2023-05-03T09:52:05.287+0000] {logging_mixin.py:149} INFO - [2023-05-03T09:52:05.287+0000] {dag.py:3490} INFO - Setting next_dagrun for example_trigger_target_dag to None, run_after=None
[2023-05-03T09:52:05.425+0000] {processor.py:178} INFO - Processing /home/airflow/.local/lib/python3.7/site-packages/airflow/example_dags/example_trigger_target_dag.py took 0.400 seconds
[2023-05-03T09:52:36.022+0000] {processor.py:156} INFO - Started process (PID=2478) to work on /home/airflow/.local/lib/python3.7/site-packages/airflow/example_dags/example_trigger_target_dag.py
[2023-05-03T09:52:36.025+0000] {processor.py:799} INFO - Processing file /home/airflow/.local/lib/python3.7/site-packages/airflow/example_dags/example_trigger_target_dag.py for tasks to queue
[2023-05-03T09:52:36.027+0000] {logging_mixin.py:149} INFO - [2023-05-03T09:52:36.027+0000] {dagbag.py:541} INFO - Filling up the DagBag from /home/airflow/.local/lib/python3.7/site-packages/airflow/example_dags/example_trigger_target_dag.py
[2023-05-03T09:52:36.036+0000] {processor.py:809} INFO - DAG(s) dict_keys(['example_trigger_target_dag']) retrieved from /home/airflow/.local/lib/python3.7/site-packages/airflow/example_dags/example_trigger_target_dag.py
[2023-05-03T09:52:36.121+0000] {logging_mixin.py:149} INFO - [2023-05-03T09:52:36.119+0000] {dag.py:2726} INFO - Sync 1 DAGs
[2023-05-03T09:52:36.193+0000] {logging_mixin.py:149} INFO - [2023-05-03T09:52:36.193+0000] {dag.py:3490} INFO - Setting next_dagrun for example_trigger_target_dag to None, run_after=None
[2023-05-03T09:52:36.274+0000] {processor.py:178} INFO - Processing /home/airflow/.local/lib/python3.7/site-packages/airflow/example_dags/example_trigger_target_dag.py took 0.256 seconds
[2023-05-03T09:53:06.585+0000] {processor.py:156} INFO - Started process (PID=2713) to work on /home/airflow/.local/lib/python3.7/site-packages/airflow/example_dags/example_trigger_target_dag.py
[2023-05-03T09:53:06.587+0000] {processor.py:799} INFO - Processing file /home/airflow/.local/lib/python3.7/site-packages/airflow/example_dags/example_trigger_target_dag.py for tasks to queue
[2023-05-03T09:53:06.589+0000] {logging_mixin.py:149} INFO - [2023-05-03T09:53:06.589+0000] {dagbag.py:541} INFO - Filling up the DagBag from /home/airflow/.local/lib/python3.7/site-packages/airflow/example_dags/example_trigger_target_dag.py
[2023-05-03T09:53:06.601+0000] {processor.py:809} INFO - DAG(s) dict_keys(['example_trigger_target_dag']) retrieved from /home/airflow/.local/lib/python3.7/site-packages/airflow/example_dags/example_trigger_target_dag.py
[2023-05-03T09:53:06.654+0000] {logging_mixin.py:149} INFO - [2023-05-03T09:53:06.654+0000] {dag.py:2726} INFO - Sync 1 DAGs
[2023-05-03T09:53:06.716+0000] {logging_mixin.py:149} INFO - [2023-05-03T09:53:06.715+0000] {dag.py:3490} INFO - Setting next_dagrun for example_trigger_target_dag to None, run_after=None
[2023-05-03T09:53:06.797+0000] {processor.py:178} INFO - Processing /home/airflow/.local/lib/python3.7/site-packages/airflow/example_dags/example_trigger_target_dag.py took 0.227 seconds
[2023-05-03T09:53:37.538+0000] {processor.py:156} INFO - Started process (PID=2947) to work on /home/airflow/.local/lib/python3.7/site-packages/airflow/example_dags/example_trigger_target_dag.py
[2023-05-03T09:53:37.541+0000] {processor.py:799} INFO - Processing file /home/airflow/.local/lib/python3.7/site-packages/airflow/example_dags/example_trigger_target_dag.py for tasks to queue
[2023-05-03T09:53:37.543+0000] {logging_mixin.py:149} INFO - [2023-05-03T09:53:37.542+0000] {dagbag.py:541} INFO - Filling up the DagBag from /home/airflow/.local/lib/python3.7/site-packages/airflow/example_dags/example_trigger_target_dag.py
[2023-05-03T09:53:37.559+0000] {processor.py:809} INFO - DAG(s) dict_keys(['example_trigger_target_dag']) retrieved from /home/airflow/.local/lib/python3.7/site-packages/airflow/example_dags/example_trigger_target_dag.py
[2023-05-03T09:53:37.619+0000] {logging_mixin.py:149} INFO - [2023-05-03T09:53:37.618+0000] {dag.py:2726} INFO - Sync 1 DAGs
[2023-05-03T09:53:38.027+0000] {logging_mixin.py:149} INFO - [2023-05-03T09:53:38.027+0000] {dag.py:3490} INFO - Setting next_dagrun for example_trigger_target_dag to None, run_after=None
[2023-05-03T09:53:38.110+0000] {processor.py:178} INFO - Processing /home/airflow/.local/lib/python3.7/site-packages/airflow/example_dags/example_trigger_target_dag.py took 0.578 seconds
[2023-05-03T09:54:21.389+0000] {processor.py:156} INFO - Started process (PID=3160) to work on /home/airflow/.local/lib/python3.7/site-packages/airflow/example_dags/example_trigger_target_dag.py
[2023-05-03T09:54:21.395+0000] {processor.py:799} INFO - Processing file /home/airflow/.local/lib/python3.7/site-packages/airflow/example_dags/example_trigger_target_dag.py for tasks to queue
[2023-05-03T09:54:21.399+0000] {logging_mixin.py:149} INFO - [2023-05-03T09:54:21.399+0000] {dagbag.py:541} INFO - Filling up the DagBag from /home/airflow/.local/lib/python3.7/site-packages/airflow/example_dags/example_trigger_target_dag.py
[2023-05-03T09:54:21.490+0000] {processor.py:809} INFO - DAG(s) dict_keys(['example_trigger_target_dag']) retrieved from /home/airflow/.local/lib/python3.7/site-packages/airflow/example_dags/example_trigger_target_dag.py
[2023-05-03T09:54:21.722+0000] {logging_mixin.py:149} INFO - [2023-05-03T09:54:21.722+0000] {dag.py:2726} INFO - Sync 1 DAGs
[2023-05-03T09:54:21.880+0000] {logging_mixin.py:149} INFO - [2023-05-03T09:54:21.880+0000] {dag.py:3490} INFO - Setting next_dagrun for example_trigger_target_dag to None, run_after=None
[2023-05-03T09:54:22.042+0000] {processor.py:178} INFO - Processing /home/airflow/.local/lib/python3.7/site-packages/airflow/example_dags/example_trigger_target_dag.py took 0.678 seconds
[2023-05-03T09:55:01.976+0000] {processor.py:156} INFO - Started process (PID=3387) to work on /home/airflow/.local/lib/python3.7/site-packages/airflow/example_dags/example_trigger_target_dag.py
[2023-05-03T09:55:01.980+0000] {processor.py:799} INFO - Processing file /home/airflow/.local/lib/python3.7/site-packages/airflow/example_dags/example_trigger_target_dag.py for tasks to queue
[2023-05-03T09:55:01.989+0000] {logging_mixin.py:149} INFO - [2023-05-03T09:55:01.981+0000] {dagbag.py:541} INFO - Filling up the DagBag from /home/airflow/.local/lib/python3.7/site-packages/airflow/example_dags/example_trigger_target_dag.py
[2023-05-03T09:55:02.007+0000] {processor.py:809} INFO - DAG(s) dict_keys(['example_trigger_target_dag']) retrieved from /home/airflow/.local/lib/python3.7/site-packages/airflow/example_dags/example_trigger_target_dag.py
[2023-05-03T09:55:02.069+0000] {logging_mixin.py:149} INFO - [2023-05-03T09:55:02.069+0000] {dag.py:2726} INFO - Sync 1 DAGs
[2023-05-03T09:55:02.152+0000] {logging_mixin.py:149} INFO - [2023-05-03T09:55:02.152+0000] {dag.py:3490} INFO - Setting next_dagrun for example_trigger_target_dag to None, run_after=None
[2023-05-03T09:55:02.221+0000] {processor.py:178} INFO - Processing /home/airflow/.local/lib/python3.7/site-packages/airflow/example_dags/example_trigger_target_dag.py took 0.250 seconds
[2023-05-03T09:55:32.711+0000] {processor.py:156} INFO - Started process (PID=3614) to work on /home/airflow/.local/lib/python3.7/site-packages/airflow/example_dags/example_trigger_target_dag.py
[2023-05-03T09:55:32.732+0000] {processor.py:799} INFO - Processing file /home/airflow/.local/lib/python3.7/site-packages/airflow/example_dags/example_trigger_target_dag.py for tasks to queue
[2023-05-03T09:55:32.734+0000] {logging_mixin.py:149} INFO - [2023-05-03T09:55:32.733+0000] {dagbag.py:541} INFO - Filling up the DagBag from /home/airflow/.local/lib/python3.7/site-packages/airflow/example_dags/example_trigger_target_dag.py
[2023-05-03T09:55:32.773+0000] {processor.py:809} INFO - DAG(s) dict_keys(['example_trigger_target_dag']) retrieved from /home/airflow/.local/lib/python3.7/site-packages/airflow/example_dags/example_trigger_target_dag.py
[2023-05-03T09:55:32.922+0000] {logging_mixin.py:149} INFO - [2023-05-03T09:55:32.921+0000] {dag.py:2726} INFO - Sync 1 DAGs
[2023-05-03T09:55:33.025+0000] {logging_mixin.py:149} INFO - [2023-05-03T09:55:33.025+0000] {dag.py:3490} INFO - Setting next_dagrun for example_trigger_target_dag to None, run_after=None
[2023-05-03T09:55:33.124+0000] {processor.py:178} INFO - Processing /home/airflow/.local/lib/python3.7/site-packages/airflow/example_dags/example_trigger_target_dag.py took 0.426 seconds
[2023-05-03T09:56:06.890+0000] {processor.py:156} INFO - Started process (PID=3850) to work on /home/airflow/.local/lib/python3.7/site-packages/airflow/example_dags/example_trigger_target_dag.py
[2023-05-03T09:56:06.910+0000] {processor.py:799} INFO - Processing file /home/airflow/.local/lib/python3.7/site-packages/airflow/example_dags/example_trigger_target_dag.py for tasks to queue
[2023-05-03T09:56:06.912+0000] {logging_mixin.py:149} INFO - [2023-05-03T09:56:06.912+0000] {dagbag.py:541} INFO - Filling up the DagBag from /home/airflow/.local/lib/python3.7/site-packages/airflow/example_dags/example_trigger_target_dag.py
[2023-05-03T09:56:06.929+0000] {processor.py:809} INFO - DAG(s) dict_keys(['example_trigger_target_dag']) retrieved from /home/airflow/.local/lib/python3.7/site-packages/airflow/example_dags/example_trigger_target_dag.py
[2023-05-03T09:56:06.993+0000] {logging_mixin.py:149} INFO - [2023-05-03T09:56:06.993+0000] {dag.py:2726} INFO - Sync 1 DAGs
[2023-05-03T09:56:07.094+0000] {logging_mixin.py:149} INFO - [2023-05-03T09:56:07.093+0000] {dag.py:3490} INFO - Setting next_dagrun for example_trigger_target_dag to None, run_after=None
[2023-05-03T09:56:07.197+0000] {processor.py:178} INFO - Processing /home/airflow/.local/lib/python3.7/site-packages/airflow/example_dags/example_trigger_target_dag.py took 0.313 seconds
[2023-05-03T09:56:38.220+0000] {processor.py:156} INFO - Started process (PID=4080) to work on /home/airflow/.local/lib/python3.7/site-packages/airflow/example_dags/example_trigger_target_dag.py
[2023-05-03T09:56:38.222+0000] {processor.py:799} INFO - Processing file /home/airflow/.local/lib/python3.7/site-packages/airflow/example_dags/example_trigger_target_dag.py for tasks to queue
[2023-05-03T09:56:38.224+0000] {logging_mixin.py:149} INFO - [2023-05-03T09:56:38.223+0000] {dagbag.py:541} INFO - Filling up the DagBag from /home/airflow/.local/lib/python3.7/site-packages/airflow/example_dags/example_trigger_target_dag.py
[2023-05-03T09:56:38.242+0000] {processor.py:809} INFO - DAG(s) dict_keys(['example_trigger_target_dag']) retrieved from /home/airflow/.local/lib/python3.7/site-packages/airflow/example_dags/example_trigger_target_dag.py
[2023-05-03T09:56:38.330+0000] {logging_mixin.py:149} INFO - [2023-05-03T09:56:38.330+0000] {dag.py:2726} INFO - Sync 1 DAGs
[2023-05-03T09:56:38.761+0000] {logging_mixin.py:149} INFO - [2023-05-03T09:56:38.761+0000] {dag.py:3490} INFO - Setting next_dagrun for example_trigger_target_dag to None, run_after=None
[2023-05-03T09:56:38.834+0000] {processor.py:178} INFO - Processing /home/airflow/.local/lib/python3.7/site-packages/airflow/example_dags/example_trigger_target_dag.py took 0.625 seconds
[2023-05-03T09:57:09.384+0000] {processor.py:156} INFO - Started process (PID=4315) to work on /home/airflow/.local/lib/python3.7/site-packages/airflow/example_dags/example_trigger_target_dag.py
[2023-05-03T09:57:09.386+0000] {processor.py:799} INFO - Processing file /home/airflow/.local/lib/python3.7/site-packages/airflow/example_dags/example_trigger_target_dag.py for tasks to queue
[2023-05-03T09:57:09.388+0000] {logging_mixin.py:149} INFO - [2023-05-03T09:57:09.387+0000] {dagbag.py:541} INFO - Filling up the DagBag from /home/airflow/.local/lib/python3.7/site-packages/airflow/example_dags/example_trigger_target_dag.py
[2023-05-03T09:57:09.405+0000] {processor.py:809} INFO - DAG(s) dict_keys(['example_trigger_target_dag']) retrieved from /home/airflow/.local/lib/python3.7/site-packages/airflow/example_dags/example_trigger_target_dag.py
[2023-05-03T09:57:09.488+0000] {logging_mixin.py:149} INFO - [2023-05-03T09:57:09.488+0000] {dag.py:2726} INFO - Sync 1 DAGs
[2023-05-03T09:57:09.577+0000] {logging_mixin.py:149} INFO - [2023-05-03T09:57:09.576+0000] {dag.py:3490} INFO - Setting next_dagrun for example_trigger_target_dag to None, run_after=None
[2023-05-03T09:57:09.671+0000] {processor.py:178} INFO - Processing /home/airflow/.local/lib/python3.7/site-packages/airflow/example_dags/example_trigger_target_dag.py took 0.292 seconds
[2023-05-03T09:57:50.647+0000] {processor.py:156} INFO - Started process (PID=4471) to work on /home/airflow/.local/lib/python3.7/site-packages/airflow/example_dags/example_trigger_target_dag.py
[2023-05-03T09:57:50.656+0000] {processor.py:799} INFO - Processing file /home/airflow/.local/lib/python3.7/site-packages/airflow/example_dags/example_trigger_target_dag.py for tasks to queue
[2023-05-03T09:57:50.659+0000] {logging_mixin.py:149} INFO - [2023-05-03T09:57:50.658+0000] {dagbag.py:541} INFO - Filling up the DagBag from /home/airflow/.local/lib/python3.7/site-packages/airflow/example_dags/example_trigger_target_dag.py
[2023-05-03T09:57:50.678+0000] {processor.py:809} INFO - DAG(s) dict_keys(['example_trigger_target_dag']) retrieved from /home/airflow/.local/lib/python3.7/site-packages/airflow/example_dags/example_trigger_target_dag.py
[2023-05-03T09:57:50.764+0000] {logging_mixin.py:149} INFO - [2023-05-03T09:57:50.763+0000] {dag.py:2726} INFO - Sync 1 DAGs
[2023-05-03T09:57:51.335+0000] {logging_mixin.py:149} INFO - [2023-05-03T09:57:51.335+0000] {dag.py:3490} INFO - Setting next_dagrun for example_trigger_target_dag to None, run_after=None
[2023-05-03T09:57:51.456+0000] {processor.py:178} INFO - Processing /home/airflow/.local/lib/python3.7/site-packages/airflow/example_dags/example_trigger_target_dag.py took 0.815 seconds
[2023-05-03T09:58:21.713+0000] {processor.py:156} INFO - Started process (PID=4708) to work on /home/airflow/.local/lib/python3.7/site-packages/airflow/example_dags/example_trigger_target_dag.py
[2023-05-03T09:58:21.723+0000] {processor.py:799} INFO - Processing file /home/airflow/.local/lib/python3.7/site-packages/airflow/example_dags/example_trigger_target_dag.py for tasks to queue
[2023-05-03T09:58:21.725+0000] {logging_mixin.py:149} INFO - [2023-05-03T09:58:21.724+0000] {dagbag.py:541} INFO - Filling up the DagBag from /home/airflow/.local/lib/python3.7/site-packages/airflow/example_dags/example_trigger_target_dag.py
[2023-05-03T09:58:21.734+0000] {processor.py:809} INFO - DAG(s) dict_keys(['example_trigger_target_dag']) retrieved from /home/airflow/.local/lib/python3.7/site-packages/airflow/example_dags/example_trigger_target_dag.py
[2023-05-03T09:58:21.798+0000] {logging_mixin.py:149} INFO - [2023-05-03T09:58:21.797+0000] {dag.py:2726} INFO - Sync 1 DAGs
[2023-05-03T09:58:21.841+0000] {logging_mixin.py:149} INFO - [2023-05-03T09:58:21.841+0000] {dag.py:3490} INFO - Setting next_dagrun for example_trigger_target_dag to None, run_after=None
[2023-05-03T09:58:21.908+0000] {processor.py:178} INFO - Processing /home/airflow/.local/lib/python3.7/site-packages/airflow/example_dags/example_trigger_target_dag.py took 0.181 seconds
[2023-05-03T09:58:52.798+0000] {processor.py:156} INFO - Started process (PID=4946) to work on /home/airflow/.local/lib/python3.7/site-packages/airflow/example_dags/example_trigger_target_dag.py
[2023-05-03T09:58:52.800+0000] {processor.py:799} INFO - Processing file /home/airflow/.local/lib/python3.7/site-packages/airflow/example_dags/example_trigger_target_dag.py for tasks to queue
[2023-05-03T09:58:52.802+0000] {logging_mixin.py:149} INFO - [2023-05-03T09:58:52.802+0000] {dagbag.py:541} INFO - Filling up the DagBag from /home/airflow/.local/lib/python3.7/site-packages/airflow/example_dags/example_trigger_target_dag.py
[2023-05-03T09:58:52.817+0000] {processor.py:809} INFO - DAG(s) dict_keys(['example_trigger_target_dag']) retrieved from /home/airflow/.local/lib/python3.7/site-packages/airflow/example_dags/example_trigger_target_dag.py
[2023-05-03T09:58:52.902+0000] {logging_mixin.py:149} INFO - [2023-05-03T09:58:52.902+0000] {dag.py:2726} INFO - Sync 1 DAGs
[2023-05-03T09:58:53.242+0000] {logging_mixin.py:149} INFO - [2023-05-03T09:58:53.240+0000] {dag.py:3490} INFO - Setting next_dagrun for example_trigger_target_dag to None, run_after=None
[2023-05-03T09:58:53.298+0000] {processor.py:178} INFO - Processing /home/airflow/.local/lib/python3.7/site-packages/airflow/example_dags/example_trigger_target_dag.py took 0.506 seconds
[2023-05-03T09:59:23.604+0000] {processor.py:156} INFO - Started process (PID=5182) to work on /home/airflow/.local/lib/python3.7/site-packages/airflow/example_dags/example_trigger_target_dag.py
[2023-05-03T09:59:23.605+0000] {processor.py:799} INFO - Processing file /home/airflow/.local/lib/python3.7/site-packages/airflow/example_dags/example_trigger_target_dag.py for tasks to queue
[2023-05-03T09:59:23.607+0000] {logging_mixin.py:149} INFO - [2023-05-03T09:59:23.607+0000] {dagbag.py:541} INFO - Filling up the DagBag from /home/airflow/.local/lib/python3.7/site-packages/airflow/example_dags/example_trigger_target_dag.py
[2023-05-03T09:59:23.907+0000] {processor.py:809} INFO - DAG(s) dict_keys(['example_trigger_target_dag']) retrieved from /home/airflow/.local/lib/python3.7/site-packages/airflow/example_dags/example_trigger_target_dag.py
[2023-05-03T09:59:23.943+0000] {logging_mixin.py:149} INFO - [2023-05-03T09:59:23.943+0000] {dag.py:2726} INFO - Sync 1 DAGs
[2023-05-03T09:59:23.981+0000] {logging_mixin.py:149} INFO - [2023-05-03T09:59:23.980+0000] {dag.py:3490} INFO - Setting next_dagrun for example_trigger_target_dag to None, run_after=None
[2023-05-03T09:59:24.020+0000] {processor.py:178} INFO - Processing /home/airflow/.local/lib/python3.7/site-packages/airflow/example_dags/example_trigger_target_dag.py took 0.420 seconds
[2023-05-03T09:59:54.380+0000] {processor.py:156} INFO - Started process (PID=5418) to work on /home/airflow/.local/lib/python3.7/site-packages/airflow/example_dags/example_trigger_target_dag.py
[2023-05-03T09:59:54.383+0000] {processor.py:799} INFO - Processing file /home/airflow/.local/lib/python3.7/site-packages/airflow/example_dags/example_trigger_target_dag.py for tasks to queue
[2023-05-03T09:59:54.384+0000] {logging_mixin.py:149} INFO - [2023-05-03T09:59:54.384+0000] {dagbag.py:541} INFO - Filling up the DagBag from /home/airflow/.local/lib/python3.7/site-packages/airflow/example_dags/example_trigger_target_dag.py
[2023-05-03T09:59:54.399+0000] {processor.py:809} INFO - DAG(s) dict_keys(['example_trigger_target_dag']) retrieved from /home/airflow/.local/lib/python3.7/site-packages/airflow/example_dags/example_trigger_target_dag.py
[2023-05-03T09:59:54.465+0000] {logging_mixin.py:149} INFO - [2023-05-03T09:59:54.465+0000] {dag.py:2726} INFO - Sync 1 DAGs
[2023-05-03T09:59:54.545+0000] {logging_mixin.py:149} INFO - [2023-05-03T09:59:54.544+0000] {dag.py:3490} INFO - Setting next_dagrun for example_trigger_target_dag to None, run_after=None
[2023-05-03T09:59:54.578+0000] {processor.py:178} INFO - Processing /home/airflow/.local/lib/python3.7/site-packages/airflow/example_dags/example_trigger_target_dag.py took 0.209 seconds
[2023-05-03T10:00:24.896+0000] {processor.py:156} INFO - Started process (PID=5652) to work on /home/airflow/.local/lib/python3.7/site-packages/airflow/example_dags/example_trigger_target_dag.py
[2023-05-03T10:00:24.902+0000] {processor.py:799} INFO - Processing file /home/airflow/.local/lib/python3.7/site-packages/airflow/example_dags/example_trigger_target_dag.py for tasks to queue
[2023-05-03T10:00:24.905+0000] {logging_mixin.py:149} INFO - [2023-05-03T10:00:24.905+0000] {dagbag.py:541} INFO - Filling up the DagBag from /home/airflow/.local/lib/python3.7/site-packages/airflow/example_dags/example_trigger_target_dag.py
[2023-05-03T10:00:24.930+0000] {processor.py:809} INFO - DAG(s) dict_keys(['example_trigger_target_dag']) retrieved from /home/airflow/.local/lib/python3.7/site-packages/airflow/example_dags/example_trigger_target_dag.py
[2023-05-03T10:00:25.011+0000] {logging_mixin.py:149} INFO - [2023-05-03T10:00:25.011+0000] {dag.py:2726} INFO - Sync 1 DAGs
[2023-05-03T10:00:25.104+0000] {logging_mixin.py:149} INFO - [2023-05-03T10:00:25.103+0000] {dag.py:3490} INFO - Setting next_dagrun for example_trigger_target_dag to None, run_after=None
[2023-05-03T10:00:25.162+0000] {processor.py:178} INFO - Processing /home/airflow/.local/lib/python3.7/site-packages/airflow/example_dags/example_trigger_target_dag.py took 0.270 seconds
[2023-05-03T10:00:55.963+0000] {processor.py:156} INFO - Started process (PID=5890) to work on /home/airflow/.local/lib/python3.7/site-packages/airflow/example_dags/example_trigger_target_dag.py
[2023-05-03T10:00:55.965+0000] {processor.py:799} INFO - Processing file /home/airflow/.local/lib/python3.7/site-packages/airflow/example_dags/example_trigger_target_dag.py for tasks to queue
[2023-05-03T10:00:55.967+0000] {logging_mixin.py:149} INFO - [2023-05-03T10:00:55.966+0000] {dagbag.py:541} INFO - Filling up the DagBag from /home/airflow/.local/lib/python3.7/site-packages/airflow/example_dags/example_trigger_target_dag.py
[2023-05-03T10:00:55.983+0000] {processor.py:809} INFO - DAG(s) dict_keys(['example_trigger_target_dag']) retrieved from /home/airflow/.local/lib/python3.7/site-packages/airflow/example_dags/example_trigger_target_dag.py
[2023-05-03T10:00:56.032+0000] {logging_mixin.py:149} INFO - [2023-05-03T10:00:56.031+0000] {dag.py:2726} INFO - Sync 1 DAGs
[2023-05-03T10:00:56.072+0000] {logging_mixin.py:149} INFO - [2023-05-03T10:00:56.072+0000] {dag.py:3490} INFO - Setting next_dagrun for example_trigger_target_dag to None, run_after=None
[2023-05-03T10:00:56.122+0000] {processor.py:178} INFO - Processing /home/airflow/.local/lib/python3.7/site-packages/airflow/example_dags/example_trigger_target_dag.py took 0.165 seconds
[2023-05-03T10:01:26.958+0000] {processor.py:156} INFO - Started process (PID=6126) to work on /home/airflow/.local/lib/python3.7/site-packages/airflow/example_dags/example_trigger_target_dag.py
[2023-05-03T10:01:26.960+0000] {processor.py:799} INFO - Processing file /home/airflow/.local/lib/python3.7/site-packages/airflow/example_dags/example_trigger_target_dag.py for tasks to queue
[2023-05-03T10:01:26.962+0000] {logging_mixin.py:149} INFO - [2023-05-03T10:01:26.961+0000] {dagbag.py:541} INFO - Filling up the DagBag from /home/airflow/.local/lib/python3.7/site-packages/airflow/example_dags/example_trigger_target_dag.py
[2023-05-03T10:01:26.970+0000] {processor.py:809} INFO - DAG(s) dict_keys(['example_trigger_target_dag']) retrieved from /home/airflow/.local/lib/python3.7/site-packages/airflow/example_dags/example_trigger_target_dag.py
[2023-05-03T10:01:27.013+0000] {logging_mixin.py:149} INFO - [2023-05-03T10:01:27.013+0000] {dag.py:2726} INFO - Sync 1 DAGs
[2023-05-03T10:01:27.060+0000] {logging_mixin.py:149} INFO - [2023-05-03T10:01:27.060+0000] {dag.py:3490} INFO - Setting next_dagrun for example_trigger_target_dag to None, run_after=None
[2023-05-03T10:01:27.094+0000] {processor.py:178} INFO - Processing /home/airflow/.local/lib/python3.7/site-packages/airflow/example_dags/example_trigger_target_dag.py took 0.140 seconds
[2023-05-03T10:45:26.429+0000] {processor.py:156} INFO - Started process (PID=6363) to work on /home/airflow/.local/lib/python3.7/site-packages/airflow/example_dags/example_trigger_target_dag.py
[2023-05-03T10:45:26.488+0000] {processor.py:799} INFO - Processing file /home/airflow/.local/lib/python3.7/site-packages/airflow/example_dags/example_trigger_target_dag.py for tasks to queue
[2023-05-03T10:45:26.554+0000] {logging_mixin.py:149} INFO - [2023-05-03T10:45:26.553+0000] {dagbag.py:541} INFO - Filling up the DagBag from /home/airflow/.local/lib/python3.7/site-packages/airflow/example_dags/example_trigger_target_dag.py
[2023-05-03T10:45:26.778+0000] {processor.py:809} INFO - DAG(s) dict_keys(['example_trigger_target_dag']) retrieved from /home/airflow/.local/lib/python3.7/site-packages/airflow/example_dags/example_trigger_target_dag.py
[2023-05-03T10:45:28.167+0000] {logging_mixin.py:149} INFO - [2023-05-03T10:45:28.161+0000] {dag.py:2726} INFO - Sync 1 DAGs
[2023-05-03T10:46:11.497+0000] {processor.py:156} INFO - Started process (PID=6606) to work on /home/airflow/.local/lib/python3.7/site-packages/airflow/example_dags/example_trigger_target_dag.py
[2023-05-03T10:46:11.501+0000] {processor.py:799} INFO - Processing file /home/airflow/.local/lib/python3.7/site-packages/airflow/example_dags/example_trigger_target_dag.py for tasks to queue
[2023-05-03T10:46:11.510+0000] {logging_mixin.py:149} INFO - [2023-05-03T10:46:11.510+0000] {dagbag.py:541} INFO - Filling up the DagBag from /home/airflow/.local/lib/python3.7/site-packages/airflow/example_dags/example_trigger_target_dag.py
[2023-05-03T10:46:11.537+0000] {processor.py:809} INFO - DAG(s) dict_keys(['example_trigger_target_dag']) retrieved from /home/airflow/.local/lib/python3.7/site-packages/airflow/example_dags/example_trigger_target_dag.py
[2023-05-03T10:46:11.706+0000] {logging_mixin.py:149} INFO - [2023-05-03T10:46:11.705+0000] {dag.py:2726} INFO - Sync 1 DAGs
[2023-05-03T10:46:11.866+0000] {logging_mixin.py:149} INFO - [2023-05-03T10:46:11.865+0000] {dag.py:3490} INFO - Setting next_dagrun for example_trigger_target_dag to None, run_after=None
[2023-05-03T10:46:11.958+0000] {processor.py:178} INFO - Processing /home/airflow/.local/lib/python3.7/site-packages/airflow/example_dags/example_trigger_target_dag.py took 0.467 seconds
[2023-05-03T10:47:29.271+0000] {processor.py:156} INFO - Started process (PID=6755) to work on /home/airflow/.local/lib/python3.7/site-packages/airflow/example_dags/example_trigger_target_dag.py
[2023-05-03T10:47:29.274+0000] {processor.py:799} INFO - Processing file /home/airflow/.local/lib/python3.7/site-packages/airflow/example_dags/example_trigger_target_dag.py for tasks to queue
[2023-05-03T10:47:29.276+0000] {logging_mixin.py:149} INFO - [2023-05-03T10:47:29.275+0000] {dagbag.py:541} INFO - Filling up the DagBag from /home/airflow/.local/lib/python3.7/site-packages/airflow/example_dags/example_trigger_target_dag.py
[2023-05-03T10:47:29.293+0000] {processor.py:809} INFO - DAG(s) dict_keys(['example_trigger_target_dag']) retrieved from /home/airflow/.local/lib/python3.7/site-packages/airflow/example_dags/example_trigger_target_dag.py
[2023-05-03T10:47:29.511+0000] {logging_mixin.py:149} INFO - [2023-05-03T10:47:29.511+0000] {dag.py:2726} INFO - Sync 1 DAGs
[2023-05-03T10:47:29.668+0000] {logging_mixin.py:149} INFO - [2023-05-03T10:47:29.668+0000] {dag.py:3490} INFO - Setting next_dagrun for example_trigger_target_dag to None, run_after=None
[2023-05-03T10:47:29.777+0000] {processor.py:178} INFO - Processing /home/airflow/.local/lib/python3.7/site-packages/airflow/example_dags/example_trigger_target_dag.py took 0.512 seconds
[2023-05-03T10:48:00.045+0000] {processor.py:156} INFO - Started process (PID=6990) to work on /home/airflow/.local/lib/python3.7/site-packages/airflow/example_dags/example_trigger_target_dag.py
[2023-05-03T10:48:00.048+0000] {processor.py:799} INFO - Processing file /home/airflow/.local/lib/python3.7/site-packages/airflow/example_dags/example_trigger_target_dag.py for tasks to queue
[2023-05-03T10:48:00.057+0000] {logging_mixin.py:149} INFO - [2023-05-03T10:48:00.057+0000] {dagbag.py:541} INFO - Filling up the DagBag from /home/airflow/.local/lib/python3.7/site-packages/airflow/example_dags/example_trigger_target_dag.py
[2023-05-03T10:48:00.087+0000] {processor.py:809} INFO - DAG(s) dict_keys(['example_trigger_target_dag']) retrieved from /home/airflow/.local/lib/python3.7/site-packages/airflow/example_dags/example_trigger_target_dag.py
[2023-05-03T10:48:00.179+0000] {logging_mixin.py:149} INFO - [2023-05-03T10:48:00.178+0000] {dag.py:2726} INFO - Sync 1 DAGs
[2023-05-03T10:48:00.279+0000] {logging_mixin.py:149} INFO - [2023-05-03T10:48:00.279+0000] {dag.py:3490} INFO - Setting next_dagrun for example_trigger_target_dag to None, run_after=None
[2023-05-03T10:48:00.369+0000] {processor.py:178} INFO - Processing /home/airflow/.local/lib/python3.7/site-packages/airflow/example_dags/example_trigger_target_dag.py took 0.329 seconds
[2023-05-03T10:48:30.719+0000] {processor.py:156} INFO - Started process (PID=7226) to work on /home/airflow/.local/lib/python3.7/site-packages/airflow/example_dags/example_trigger_target_dag.py
[2023-05-03T10:48:30.721+0000] {processor.py:799} INFO - Processing file /home/airflow/.local/lib/python3.7/site-packages/airflow/example_dags/example_trigger_target_dag.py for tasks to queue
[2023-05-03T10:48:30.732+0000] {logging_mixin.py:149} INFO - [2023-05-03T10:48:30.722+0000] {dagbag.py:541} INFO - Filling up the DagBag from /home/airflow/.local/lib/python3.7/site-packages/airflow/example_dags/example_trigger_target_dag.py
[2023-05-03T10:48:30.754+0000] {processor.py:809} INFO - DAG(s) dict_keys(['example_trigger_target_dag']) retrieved from /home/airflow/.local/lib/python3.7/site-packages/airflow/example_dags/example_trigger_target_dag.py
[2023-05-03T10:48:30.834+0000] {logging_mixin.py:149} INFO - [2023-05-03T10:48:30.834+0000] {dag.py:2726} INFO - Sync 1 DAGs
[2023-05-03T10:48:30.915+0000] {logging_mixin.py:149} INFO - [2023-05-03T10:48:30.915+0000] {dag.py:3490} INFO - Setting next_dagrun for example_trigger_target_dag to None, run_after=None
[2023-05-03T10:48:31.027+0000] {processor.py:178} INFO - Processing /home/airflow/.local/lib/python3.7/site-packages/airflow/example_dags/example_trigger_target_dag.py took 0.319 seconds
[2023-05-03T10:49:05.121+0000] {processor.py:156} INFO - Started process (PID=7462) to work on /home/airflow/.local/lib/python3.7/site-packages/airflow/example_dags/example_trigger_target_dag.py
[2023-05-03T10:49:05.137+0000] {processor.py:799} INFO - Processing file /home/airflow/.local/lib/python3.7/site-packages/airflow/example_dags/example_trigger_target_dag.py for tasks to queue
[2023-05-03T10:49:05.142+0000] {logging_mixin.py:149} INFO - [2023-05-03T10:49:05.142+0000] {dagbag.py:541} INFO - Filling up the DagBag from /home/airflow/.local/lib/python3.7/site-packages/airflow/example_dags/example_trigger_target_dag.py
[2023-05-03T10:49:05.329+0000] {processor.py:809} INFO - DAG(s) dict_keys(['example_trigger_target_dag']) retrieved from /home/airflow/.local/lib/python3.7/site-packages/airflow/example_dags/example_trigger_target_dag.py
[2023-05-03T10:49:05.746+0000] {logging_mixin.py:149} INFO - [2023-05-03T10:49:05.742+0000] {dag.py:2726} INFO - Sync 1 DAGs
[2023-05-03T10:49:05.898+0000] {logging_mixin.py:149} INFO - [2023-05-03T10:49:05.898+0000] {dag.py:3490} INFO - Setting next_dagrun for example_trigger_target_dag to None, run_after=None
[2023-05-03T10:49:06.047+0000] {processor.py:178} INFO - Processing /home/airflow/.local/lib/python3.7/site-packages/airflow/example_dags/example_trigger_target_dag.py took 0.954 seconds
[2023-05-03T10:49:37.974+0000] {processor.py:156} INFO - Started process (PID=7691) to work on /home/airflow/.local/lib/python3.7/site-packages/airflow/example_dags/example_trigger_target_dag.py
[2023-05-03T10:49:37.977+0000] {processor.py:799} INFO - Processing file /home/airflow/.local/lib/python3.7/site-packages/airflow/example_dags/example_trigger_target_dag.py for tasks to queue
[2023-05-03T10:49:38.008+0000] {logging_mixin.py:149} INFO - [2023-05-03T10:49:38.008+0000] {dagbag.py:541} INFO - Filling up the DagBag from /home/airflow/.local/lib/python3.7/site-packages/airflow/example_dags/example_trigger_target_dag.py
[2023-05-03T10:49:38.032+0000] {processor.py:809} INFO - DAG(s) dict_keys(['example_trigger_target_dag']) retrieved from /home/airflow/.local/lib/python3.7/site-packages/airflow/example_dags/example_trigger_target_dag.py
[2023-05-03T10:49:38.100+0000] {logging_mixin.py:149} INFO - [2023-05-03T10:49:38.100+0000] {dag.py:2726} INFO - Sync 1 DAGs
[2023-05-03T10:49:38.181+0000] {logging_mixin.py:149} INFO - [2023-05-03T10:49:38.181+0000] {dag.py:3490} INFO - Setting next_dagrun for example_trigger_target_dag to None, run_after=None
[2023-05-03T10:49:38.329+0000] {processor.py:178} INFO - Processing /home/airflow/.local/lib/python3.7/site-packages/airflow/example_dags/example_trigger_target_dag.py took 0.374 seconds
[2023-05-03T10:50:09.005+0000] {processor.py:156} INFO - Started process (PID=7922) to work on /home/airflow/.local/lib/python3.7/site-packages/airflow/example_dags/example_trigger_target_dag.py
[2023-05-03T10:50:09.017+0000] {processor.py:799} INFO - Processing file /home/airflow/.local/lib/python3.7/site-packages/airflow/example_dags/example_trigger_target_dag.py for tasks to queue
[2023-05-03T10:50:09.019+0000] {logging_mixin.py:149} INFO - [2023-05-03T10:50:09.018+0000] {dagbag.py:541} INFO - Filling up the DagBag from /home/airflow/.local/lib/python3.7/site-packages/airflow/example_dags/example_trigger_target_dag.py
[2023-05-03T10:50:09.050+0000] {processor.py:809} INFO - DAG(s) dict_keys(['example_trigger_target_dag']) retrieved from /home/airflow/.local/lib/python3.7/site-packages/airflow/example_dags/example_trigger_target_dag.py
[2023-05-03T10:50:09.228+0000] {logging_mixin.py:149} INFO - [2023-05-03T10:50:09.228+0000] {dag.py:2726} INFO - Sync 1 DAGs
[2023-05-03T10:50:09.444+0000] {logging_mixin.py:149} INFO - [2023-05-03T10:50:09.422+0000] {dag.py:3490} INFO - Setting next_dagrun for example_trigger_target_dag to None, run_after=None
[2023-05-03T10:50:09.577+0000] {processor.py:178} INFO - Processing /home/airflow/.local/lib/python3.7/site-packages/airflow/example_dags/example_trigger_target_dag.py took 0.578 seconds
[2023-05-03T10:50:40.587+0000] {processor.py:156} INFO - Started process (PID=8154) to work on /home/airflow/.local/lib/python3.7/site-packages/airflow/example_dags/example_trigger_target_dag.py
[2023-05-03T10:50:40.590+0000] {processor.py:799} INFO - Processing file /home/airflow/.local/lib/python3.7/site-packages/airflow/example_dags/example_trigger_target_dag.py for tasks to queue
[2023-05-03T10:50:40.592+0000] {logging_mixin.py:149} INFO - [2023-05-03T10:50:40.592+0000] {dagbag.py:541} INFO - Filling up the DagBag from /home/airflow/.local/lib/python3.7/site-packages/airflow/example_dags/example_trigger_target_dag.py
[2023-05-03T10:50:40.607+0000] {processor.py:809} INFO - DAG(s) dict_keys(['example_trigger_target_dag']) retrieved from /home/airflow/.local/lib/python3.7/site-packages/airflow/example_dags/example_trigger_target_dag.py
[2023-05-03T10:50:40.678+0000] {logging_mixin.py:149} INFO - [2023-05-03T10:50:40.677+0000] {dag.py:2726} INFO - Sync 1 DAGs
[2023-05-03T10:50:40.771+0000] {logging_mixin.py:149} INFO - [2023-05-03T10:50:40.761+0000] {dag.py:3490} INFO - Setting next_dagrun for example_trigger_target_dag to None, run_after=None
[2023-05-03T10:50:40.854+0000] {processor.py:178} INFO - Processing /home/airflow/.local/lib/python3.7/site-packages/airflow/example_dags/example_trigger_target_dag.py took 0.271 seconds
[2023-05-03T10:51:11.756+0000] {processor.py:156} INFO - Started process (PID=8389) to work on /home/airflow/.local/lib/python3.7/site-packages/airflow/example_dags/example_trigger_target_dag.py
[2023-05-03T10:51:11.762+0000] {processor.py:799} INFO - Processing file /home/airflow/.local/lib/python3.7/site-packages/airflow/example_dags/example_trigger_target_dag.py for tasks to queue
[2023-05-03T10:51:11.763+0000] {logging_mixin.py:149} INFO - [2023-05-03T10:51:11.763+0000] {dagbag.py:541} INFO - Filling up the DagBag from /home/airflow/.local/lib/python3.7/site-packages/airflow/example_dags/example_trigger_target_dag.py
[2023-05-03T10:51:11.795+0000] {processor.py:809} INFO - DAG(s) dict_keys(['example_trigger_target_dag']) retrieved from /home/airflow/.local/lib/python3.7/site-packages/airflow/example_dags/example_trigger_target_dag.py
[2023-05-03T10:51:11.916+0000] {logging_mixin.py:149} INFO - [2023-05-03T10:51:11.916+0000] {dag.py:2726} INFO - Sync 1 DAGs
[2023-05-03T10:51:12.077+0000] {logging_mixin.py:149} INFO - [2023-05-03T10:51:12.077+0000] {dag.py:3490} INFO - Setting next_dagrun for example_trigger_target_dag to None, run_after=None
[2023-05-03T10:51:12.185+0000] {processor.py:178} INFO - Processing /home/airflow/.local/lib/python3.7/site-packages/airflow/example_dags/example_trigger_target_dag.py took 0.438 seconds
[2023-05-03T10:51:43.107+0000] {processor.py:156} INFO - Started process (PID=8625) to work on /home/airflow/.local/lib/python3.7/site-packages/airflow/example_dags/example_trigger_target_dag.py
[2023-05-03T10:51:43.114+0000] {processor.py:799} INFO - Processing file /home/airflow/.local/lib/python3.7/site-packages/airflow/example_dags/example_trigger_target_dag.py for tasks to queue
[2023-05-03T10:51:43.133+0000] {logging_mixin.py:149} INFO - [2023-05-03T10:51:43.133+0000] {dagbag.py:541} INFO - Filling up the DagBag from /home/airflow/.local/lib/python3.7/site-packages/airflow/example_dags/example_trigger_target_dag.py
[2023-05-03T10:51:43.160+0000] {processor.py:809} INFO - DAG(s) dict_keys(['example_trigger_target_dag']) retrieved from /home/airflow/.local/lib/python3.7/site-packages/airflow/example_dags/example_trigger_target_dag.py
[2023-05-03T10:51:43.237+0000] {logging_mixin.py:149} INFO - [2023-05-03T10:51:43.237+0000] {dag.py:2726} INFO - Sync 1 DAGs
[2023-05-03T10:51:43.357+0000] {logging_mixin.py:149} INFO - [2023-05-03T10:51:43.357+0000] {dag.py:3490} INFO - Setting next_dagrun for example_trigger_target_dag to None, run_after=None
[2023-05-03T10:51:43.457+0000] {processor.py:178} INFO - Processing /home/airflow/.local/lib/python3.7/site-packages/airflow/example_dags/example_trigger_target_dag.py took 0.371 seconds
[2023-05-03T10:52:13.872+0000] {processor.py:156} INFO - Started process (PID=8861) to work on /home/airflow/.local/lib/python3.7/site-packages/airflow/example_dags/example_trigger_target_dag.py
[2023-05-03T10:52:13.874+0000] {processor.py:799} INFO - Processing file /home/airflow/.local/lib/python3.7/site-packages/airflow/example_dags/example_trigger_target_dag.py for tasks to queue
[2023-05-03T10:52:13.876+0000] {logging_mixin.py:149} INFO - [2023-05-03T10:52:13.876+0000] {dagbag.py:541} INFO - Filling up the DagBag from /home/airflow/.local/lib/python3.7/site-packages/airflow/example_dags/example_trigger_target_dag.py
[2023-05-03T10:52:13.896+0000] {processor.py:809} INFO - DAG(s) dict_keys(['example_trigger_target_dag']) retrieved from /home/airflow/.local/lib/python3.7/site-packages/airflow/example_dags/example_trigger_target_dag.py
[2023-05-03T10:52:14.025+0000] {logging_mixin.py:149} INFO - [2023-05-03T10:52:14.025+0000] {dag.py:2726} INFO - Sync 1 DAGs
[2023-05-03T10:52:14.098+0000] {logging_mixin.py:149} INFO - [2023-05-03T10:52:14.098+0000] {dag.py:3490} INFO - Setting next_dagrun for example_trigger_target_dag to None, run_after=None
[2023-05-03T10:52:14.174+0000] {processor.py:178} INFO - Processing /home/airflow/.local/lib/python3.7/site-packages/airflow/example_dags/example_trigger_target_dag.py took 0.310 seconds
[2023-05-03T10:52:49.245+0000] {processor.py:156} INFO - Started process (PID=9097) to work on /home/airflow/.local/lib/python3.7/site-packages/airflow/example_dags/example_trigger_target_dag.py
[2023-05-03T10:52:49.249+0000] {processor.py:799} INFO - Processing file /home/airflow/.local/lib/python3.7/site-packages/airflow/example_dags/example_trigger_target_dag.py for tasks to queue
[2023-05-03T10:52:49.258+0000] {logging_mixin.py:149} INFO - [2023-05-03T10:52:49.258+0000] {dagbag.py:541} INFO - Filling up the DagBag from /home/airflow/.local/lib/python3.7/site-packages/airflow/example_dags/example_trigger_target_dag.py
[2023-05-03T10:52:49.276+0000] {processor.py:809} INFO - DAG(s) dict_keys(['example_trigger_target_dag']) retrieved from /home/airflow/.local/lib/python3.7/site-packages/airflow/example_dags/example_trigger_target_dag.py
[2023-05-03T10:52:49.419+0000] {logging_mixin.py:149} INFO - [2023-05-03T10:52:49.418+0000] {dag.py:2726} INFO - Sync 1 DAGs
[2023-05-03T10:52:50.228+0000] {logging_mixin.py:149} INFO - [2023-05-03T10:52:50.224+0000] {dag.py:3490} INFO - Setting next_dagrun for example_trigger_target_dag to None, run_after=None
[2023-05-03T10:52:50.637+0000] {processor.py:178} INFO - Processing /home/airflow/.local/lib/python3.7/site-packages/airflow/example_dags/example_trigger_target_dag.py took 1.396 seconds
[2023-05-03T10:53:24.404+0000] {processor.py:156} INFO - Started process (PID=9256) to work on /home/airflow/.local/lib/python3.7/site-packages/airflow/example_dags/example_trigger_target_dag.py
[2023-05-03T10:53:24.418+0000] {processor.py:799} INFO - Processing file /home/airflow/.local/lib/python3.7/site-packages/airflow/example_dags/example_trigger_target_dag.py for tasks to queue
[2023-05-03T10:53:24.420+0000] {logging_mixin.py:149} INFO - [2023-05-03T10:53:24.420+0000] {dagbag.py:541} INFO - Filling up the DagBag from /home/airflow/.local/lib/python3.7/site-packages/airflow/example_dags/example_trigger_target_dag.py
[2023-05-03T10:53:24.443+0000] {processor.py:809} INFO - DAG(s) dict_keys(['example_trigger_target_dag']) retrieved from /home/airflow/.local/lib/python3.7/site-packages/airflow/example_dags/example_trigger_target_dag.py
[2023-05-03T10:53:24.606+0000] {logging_mixin.py:149} INFO - [2023-05-03T10:53:24.606+0000] {dag.py:2726} INFO - Sync 1 DAGs
[2023-05-03T10:53:24.743+0000] {logging_mixin.py:149} INFO - [2023-05-03T10:53:24.743+0000] {dag.py:3490} INFO - Setting next_dagrun for example_trigger_target_dag to None, run_after=None
[2023-05-03T10:53:24.940+0000] {processor.py:178} INFO - Processing /home/airflow/.local/lib/python3.7/site-packages/airflow/example_dags/example_trigger_target_dag.py took 0.547 seconds
[2023-05-03T10:53:59.654+0000] {processor.py:156} INFO - Started process (PID=9492) to work on /home/airflow/.local/lib/python3.7/site-packages/airflow/example_dags/example_trigger_target_dag.py
[2023-05-03T10:53:59.656+0000] {processor.py:799} INFO - Processing file /home/airflow/.local/lib/python3.7/site-packages/airflow/example_dags/example_trigger_target_dag.py for tasks to queue
[2023-05-03T10:53:59.659+0000] {logging_mixin.py:149} INFO - [2023-05-03T10:53:59.658+0000] {dagbag.py:541} INFO - Filling up the DagBag from /home/airflow/.local/lib/python3.7/site-packages/airflow/example_dags/example_trigger_target_dag.py
[2023-05-03T10:53:59.696+0000] {processor.py:809} INFO - DAG(s) dict_keys(['example_trigger_target_dag']) retrieved from /home/airflow/.local/lib/python3.7/site-packages/airflow/example_dags/example_trigger_target_dag.py
[2023-05-03T10:54:00.413+0000] {logging_mixin.py:149} INFO - [2023-05-03T10:54:00.413+0000] {dag.py:2726} INFO - Sync 1 DAGs
[2023-05-03T10:54:00.611+0000] {logging_mixin.py:149} INFO - [2023-05-03T10:54:00.611+0000] {dag.py:3490} INFO - Setting next_dagrun for example_trigger_target_dag to None, run_after=None
[2023-05-03T10:54:00.732+0000] {processor.py:178} INFO - Processing /home/airflow/.local/lib/python3.7/site-packages/airflow/example_dags/example_trigger_target_dag.py took 1.094 seconds
[2023-05-03T10:54:31.106+0000] {processor.py:156} INFO - Started process (PID=9721) to work on /home/airflow/.local/lib/python3.7/site-packages/airflow/example_dags/example_trigger_target_dag.py
[2023-05-03T10:54:31.108+0000] {processor.py:799} INFO - Processing file /home/airflow/.local/lib/python3.7/site-packages/airflow/example_dags/example_trigger_target_dag.py for tasks to queue
[2023-05-03T10:54:31.110+0000] {logging_mixin.py:149} INFO - [2023-05-03T10:54:31.109+0000] {dagbag.py:541} INFO - Filling up the DagBag from /home/airflow/.local/lib/python3.7/site-packages/airflow/example_dags/example_trigger_target_dag.py
[2023-05-03T10:54:31.131+0000] {processor.py:809} INFO - DAG(s) dict_keys(['example_trigger_target_dag']) retrieved from /home/airflow/.local/lib/python3.7/site-packages/airflow/example_dags/example_trigger_target_dag.py
[2023-05-03T10:54:31.217+0000] {logging_mixin.py:149} INFO - [2023-05-03T10:54:31.216+0000] {dag.py:2726} INFO - Sync 1 DAGs
[2023-05-03T10:54:31.360+0000] {logging_mixin.py:149} INFO - [2023-05-03T10:54:31.359+0000] {dag.py:3490} INFO - Setting next_dagrun for example_trigger_target_dag to None, run_after=None
[2023-05-03T10:54:31.430+0000] {processor.py:178} INFO - Processing /home/airflow/.local/lib/python3.7/site-packages/airflow/example_dags/example_trigger_target_dag.py took 0.337 seconds
[2023-05-03T10:58:18.050+0000] {processor.py:156} INFO - Started process (PID=9956) to work on /home/airflow/.local/lib/python3.7/site-packages/airflow/example_dags/example_trigger_target_dag.py
[2023-05-03T10:58:18.095+0000] {processor.py:799} INFO - Processing file /home/airflow/.local/lib/python3.7/site-packages/airflow/example_dags/example_trigger_target_dag.py for tasks to queue
[2023-05-03T10:58:18.166+0000] {logging_mixin.py:149} INFO - [2023-05-03T10:58:18.156+0000] {dagbag.py:541} INFO - Filling up the DagBag from /home/airflow/.local/lib/python3.7/site-packages/airflow/example_dags/example_trigger_target_dag.py
[2023-05-03T10:58:18.825+0000] {processor.py:809} INFO - DAG(s) dict_keys(['example_trigger_target_dag']) retrieved from /home/airflow/.local/lib/python3.7/site-packages/airflow/example_dags/example_trigger_target_dag.py
[2023-05-03T10:58:20.933+0000] {logging_mixin.py:149} INFO - [2023-05-03T10:58:20.929+0000] {dag.py:2726} INFO - Sync 1 DAGs
[2023-05-03T10:58:21.861+0000] {logging_mixin.py:149} INFO - [2023-05-03T10:58:21.861+0000] {dag.py:3490} INFO - Setting next_dagrun for example_trigger_target_dag to None, run_after=None
[2023-05-03T10:58:22.119+0000] {processor.py:178} INFO - Processing /home/airflow/.local/lib/python3.7/site-packages/airflow/example_dags/example_trigger_target_dag.py took 4.194 seconds
