[2023-05-03T09:31:26.587+0000] {processor.py:156} INFO - Started process (PID=316) to work on /home/airflow/.local/lib/python3.7/site-packages/airflow/example_dags/example_xcom.py
[2023-05-03T09:31:26.591+0000] {processor.py:799} INFO - Processing file /home/airflow/.local/lib/python3.7/site-packages/airflow/example_dags/example_xcom.py for tasks to queue
[2023-05-03T09:31:26.601+0000] {logging_mixin.py:149} INFO - [2023-05-03T09:31:26.600+0000] {dagbag.py:541} INFO - Filling up the DagBag from /home/airflow/.local/lib/python3.7/site-packages/airflow/example_dags/example_xcom.py
[2023-05-03T09:31:26.630+0000] {processor.py:809} INFO - DAG(s) dict_keys(['example_xcom']) retrieved from /home/airflow/.local/lib/python3.7/site-packages/airflow/example_dags/example_xcom.py
[2023-05-03T09:31:26.772+0000] {logging_mixin.py:149} INFO - [2023-05-03T09:31:26.772+0000] {dag.py:2726} INFO - Sync 1 DAGs
[2023-05-03T09:31:26.859+0000] {logging_mixin.py:149} INFO - [2023-05-03T09:31:26.858+0000] {dag.py:3490} INFO - Setting next_dagrun for example_xcom to 2021-01-01T00:00:00+00:00, run_after=2021-01-01T00:00:00+00:00
[2023-05-03T09:31:26.948+0000] {processor.py:178} INFO - Processing /home/airflow/.local/lib/python3.7/site-packages/airflow/example_dags/example_xcom.py took 0.366 seconds
[2023-05-03T09:32:10.849+0000] {processor.py:156} INFO - Started process (PID=552) to work on /home/airflow/.local/lib/python3.7/site-packages/airflow/example_dags/example_xcom.py
[2023-05-03T09:32:10.852+0000] {processor.py:799} INFO - Processing file /home/airflow/.local/lib/python3.7/site-packages/airflow/example_dags/example_xcom.py for tasks to queue
[2023-05-03T09:32:10.854+0000] {logging_mixin.py:149} INFO - [2023-05-03T09:32:10.854+0000] {dagbag.py:541} INFO - Filling up the DagBag from /home/airflow/.local/lib/python3.7/site-packages/airflow/example_dags/example_xcom.py
[2023-05-03T09:32:10.873+0000] {processor.py:809} INFO - DAG(s) dict_keys(['example_xcom']) retrieved from /home/airflow/.local/lib/python3.7/site-packages/airflow/example_dags/example_xcom.py
[2023-05-03T09:32:11.718+0000] {logging_mixin.py:149} INFO - [2023-05-03T09:32:11.715+0000] {dag.py:2726} INFO - Sync 1 DAGs
[2023-05-03T09:32:12.070+0000] {logging_mixin.py:149} INFO - [2023-05-03T09:32:12.055+0000] {dag.py:3490} INFO - Setting next_dagrun for example_xcom to 2021-01-01T00:00:00+00:00, run_after=2021-01-01T00:00:00+00:00
[2023-05-03T09:32:12.344+0000] {processor.py:178} INFO - Processing /home/airflow/.local/lib/python3.7/site-packages/airflow/example_dags/example_xcom.py took 1.504 seconds
[2023-05-03T09:32:42.647+0000] {processor.py:156} INFO - Started process (PID=790) to work on /home/airflow/.local/lib/python3.7/site-packages/airflow/example_dags/example_xcom.py
[2023-05-03T09:32:42.649+0000] {processor.py:799} INFO - Processing file /home/airflow/.local/lib/python3.7/site-packages/airflow/example_dags/example_xcom.py for tasks to queue
[2023-05-03T09:32:42.651+0000] {logging_mixin.py:149} INFO - [2023-05-03T09:32:42.651+0000] {dagbag.py:541} INFO - Filling up the DagBag from /home/airflow/.local/lib/python3.7/site-packages/airflow/example_dags/example_xcom.py
[2023-05-03T09:32:42.663+0000] {processor.py:809} INFO - DAG(s) dict_keys(['example_xcom']) retrieved from /home/airflow/.local/lib/python3.7/site-packages/airflow/example_dags/example_xcom.py
[2023-05-03T09:32:42.705+0000] {logging_mixin.py:149} INFO - [2023-05-03T09:32:42.705+0000] {dag.py:2726} INFO - Sync 1 DAGs
[2023-05-03T09:32:42.749+0000] {logging_mixin.py:149} INFO - [2023-05-03T09:32:42.749+0000] {dag.py:3490} INFO - Setting next_dagrun for example_xcom to 2021-01-01T00:00:00+00:00, run_after=2021-01-01T00:00:00+00:00
[2023-05-03T09:32:42.791+0000] {processor.py:178} INFO - Processing /home/airflow/.local/lib/python3.7/site-packages/airflow/example_dags/example_xcom.py took 0.150 seconds
[2023-05-03T09:33:32.566+0000] {processor.py:156} INFO - Started process (PID=1015) to work on /home/airflow/.local/lib/python3.7/site-packages/airflow/example_dags/example_xcom.py
[2023-05-03T09:33:32.580+0000] {processor.py:799} INFO - Processing file /home/airflow/.local/lib/python3.7/site-packages/airflow/example_dags/example_xcom.py for tasks to queue
[2023-05-03T09:33:32.582+0000] {logging_mixin.py:149} INFO - [2023-05-03T09:33:32.582+0000] {dagbag.py:541} INFO - Filling up the DagBag from /home/airflow/.local/lib/python3.7/site-packages/airflow/example_dags/example_xcom.py
[2023-05-03T09:33:32.606+0000] {processor.py:809} INFO - DAG(s) dict_keys(['example_xcom']) retrieved from /home/airflow/.local/lib/python3.7/site-packages/airflow/example_dags/example_xcom.py
[2023-05-03T09:33:32.705+0000] {logging_mixin.py:149} INFO - [2023-05-03T09:33:32.705+0000] {dag.py:2726} INFO - Sync 1 DAGs
[2023-05-03T09:33:32.791+0000] {logging_mixin.py:149} INFO - [2023-05-03T09:33:32.790+0000] {dag.py:3490} INFO - Setting next_dagrun for example_xcom to 2021-01-01T00:00:00+00:00, run_after=2021-01-01T00:00:00+00:00
[2023-05-03T09:33:32.871+0000] {processor.py:178} INFO - Processing /home/airflow/.local/lib/python3.7/site-packages/airflow/example_dags/example_xcom.py took 0.311 seconds
[2023-05-03T09:34:06.351+0000] {processor.py:156} INFO - Started process (PID=1250) to work on /home/airflow/.local/lib/python3.7/site-packages/airflow/example_dags/example_xcom.py
[2023-05-03T09:34:06.353+0000] {processor.py:799} INFO - Processing file /home/airflow/.local/lib/python3.7/site-packages/airflow/example_dags/example_xcom.py for tasks to queue
[2023-05-03T09:34:06.355+0000] {logging_mixin.py:149} INFO - [2023-05-03T09:34:06.355+0000] {dagbag.py:541} INFO - Filling up the DagBag from /home/airflow/.local/lib/python3.7/site-packages/airflow/example_dags/example_xcom.py
[2023-05-03T09:34:06.381+0000] {processor.py:809} INFO - DAG(s) dict_keys(['example_xcom']) retrieved from /home/airflow/.local/lib/python3.7/site-packages/airflow/example_dags/example_xcom.py
[2023-05-03T09:34:06.473+0000] {logging_mixin.py:149} INFO - [2023-05-03T09:34:06.473+0000] {dag.py:2726} INFO - Sync 1 DAGs
[2023-05-03T09:34:06.575+0000] {logging_mixin.py:149} INFO - [2023-05-03T09:34:06.574+0000] {dag.py:3490} INFO - Setting next_dagrun for example_xcom to 2021-01-01T00:00:00+00:00, run_after=2021-01-01T00:00:00+00:00
[2023-05-03T09:34:06.642+0000] {processor.py:178} INFO - Processing /home/airflow/.local/lib/python3.7/site-packages/airflow/example_dags/example_xcom.py took 0.299 seconds
[2023-05-03T09:34:37.007+0000] {processor.py:156} INFO - Started process (PID=1486) to work on /home/airflow/.local/lib/python3.7/site-packages/airflow/example_dags/example_xcom.py
[2023-05-03T09:34:37.009+0000] {processor.py:799} INFO - Processing file /home/airflow/.local/lib/python3.7/site-packages/airflow/example_dags/example_xcom.py for tasks to queue
[2023-05-03T09:34:37.011+0000] {logging_mixin.py:149} INFO - [2023-05-03T09:34:37.010+0000] {dagbag.py:541} INFO - Filling up the DagBag from /home/airflow/.local/lib/python3.7/site-packages/airflow/example_dags/example_xcom.py
[2023-05-03T09:34:37.023+0000] {processor.py:809} INFO - DAG(s) dict_keys(['example_xcom']) retrieved from /home/airflow/.local/lib/python3.7/site-packages/airflow/example_dags/example_xcom.py
[2023-05-03T09:34:37.063+0000] {logging_mixin.py:149} INFO - [2023-05-03T09:34:37.062+0000] {dag.py:2726} INFO - Sync 1 DAGs
[2023-05-03T09:34:37.123+0000] {logging_mixin.py:149} INFO - [2023-05-03T09:34:37.123+0000] {dag.py:3490} INFO - Setting next_dagrun for example_xcom to 2021-01-01T00:00:00+00:00, run_after=2021-01-01T00:00:00+00:00
[2023-05-03T09:34:37.158+0000] {processor.py:178} INFO - Processing /home/airflow/.local/lib/python3.7/site-packages/airflow/example_dags/example_xcom.py took 0.156 seconds
[2023-05-03T09:35:09.077+0000] {processor.py:156} INFO - Started process (PID=1737) to work on /home/airflow/.local/lib/python3.7/site-packages/airflow/example_dags/example_xcom.py
[2023-05-03T09:35:09.080+0000] {processor.py:799} INFO - Processing file /home/airflow/.local/lib/python3.7/site-packages/airflow/example_dags/example_xcom.py for tasks to queue
[2023-05-03T09:35:09.082+0000] {logging_mixin.py:149} INFO - [2023-05-03T09:35:09.082+0000] {dagbag.py:541} INFO - Filling up the DagBag from /home/airflow/.local/lib/python3.7/site-packages/airflow/example_dags/example_xcom.py
[2023-05-03T09:35:09.100+0000] {processor.py:809} INFO - DAG(s) dict_keys(['example_xcom']) retrieved from /home/airflow/.local/lib/python3.7/site-packages/airflow/example_dags/example_xcom.py
[2023-05-03T09:35:09.168+0000] {logging_mixin.py:149} INFO - [2023-05-03T09:35:09.168+0000] {dag.py:2726} INFO - Sync 1 DAGs
[2023-05-03T09:35:09.232+0000] {logging_mixin.py:149} INFO - [2023-05-03T09:35:09.231+0000] {dag.py:3490} INFO - Setting next_dagrun for example_xcom to 2021-01-01T00:00:00+00:00, run_after=2021-01-01T00:00:00+00:00
[2023-05-03T09:35:09.304+0000] {processor.py:178} INFO - Processing /home/airflow/.local/lib/python3.7/site-packages/airflow/example_dags/example_xcom.py took 0.231 seconds
[2023-05-03T09:35:50.892+0000] {processor.py:156} INFO - Started process (PID=2003) to work on /home/airflow/.local/lib/python3.7/site-packages/airflow/example_dags/example_xcom.py
[2023-05-03T09:35:50.894+0000] {processor.py:799} INFO - Processing file /home/airflow/.local/lib/python3.7/site-packages/airflow/example_dags/example_xcom.py for tasks to queue
[2023-05-03T09:35:50.896+0000] {logging_mixin.py:149} INFO - [2023-05-03T09:35:50.896+0000] {dagbag.py:541} INFO - Filling up the DagBag from /home/airflow/.local/lib/python3.7/site-packages/airflow/example_dags/example_xcom.py
[2023-05-03T09:35:50.915+0000] {processor.py:809} INFO - DAG(s) dict_keys(['example_xcom']) retrieved from /home/airflow/.local/lib/python3.7/site-packages/airflow/example_dags/example_xcom.py
[2023-05-03T09:35:50.993+0000] {logging_mixin.py:149} INFO - [2023-05-03T09:35:50.993+0000] {dag.py:2726} INFO - Sync 1 DAGs
[2023-05-03T09:35:51.079+0000] {logging_mixin.py:149} INFO - [2023-05-03T09:35:51.078+0000] {dag.py:3490} INFO - Setting next_dagrun for example_xcom to 2021-01-01T00:00:00+00:00, run_after=2021-01-01T00:00:00+00:00
[2023-05-03T09:35:51.172+0000] {processor.py:178} INFO - Processing /home/airflow/.local/lib/python3.7/site-packages/airflow/example_dags/example_xcom.py took 0.288 seconds
[2023-05-03T09:36:22.679+0000] {processor.py:156} INFO - Started process (PID=2242) to work on /home/airflow/.local/lib/python3.7/site-packages/airflow/example_dags/example_xcom.py
[2023-05-03T09:36:22.682+0000] {processor.py:799} INFO - Processing file /home/airflow/.local/lib/python3.7/site-packages/airflow/example_dags/example_xcom.py for tasks to queue
[2023-05-03T09:36:22.686+0000] {logging_mixin.py:149} INFO - [2023-05-03T09:36:22.684+0000] {dagbag.py:541} INFO - Filling up the DagBag from /home/airflow/.local/lib/python3.7/site-packages/airflow/example_dags/example_xcom.py
[2023-05-03T09:36:22.709+0000] {processor.py:809} INFO - DAG(s) dict_keys(['example_xcom']) retrieved from /home/airflow/.local/lib/python3.7/site-packages/airflow/example_dags/example_xcom.py
[2023-05-03T09:36:22.766+0000] {logging_mixin.py:149} INFO - [2023-05-03T09:36:22.766+0000] {dag.py:2726} INFO - Sync 1 DAGs
[2023-05-03T09:36:22.810+0000] {logging_mixin.py:149} INFO - [2023-05-03T09:36:22.810+0000] {dag.py:3490} INFO - Setting next_dagrun for example_xcom to 2021-01-01T00:00:00+00:00, run_after=2021-01-01T00:00:00+00:00
[2023-05-03T09:36:22.843+0000] {processor.py:178} INFO - Processing /home/airflow/.local/lib/python3.7/site-packages/airflow/example_dags/example_xcom.py took 0.169 seconds
[2023-05-03T09:36:53.578+0000] {processor.py:156} INFO - Started process (PID=2476) to work on /home/airflow/.local/lib/python3.7/site-packages/airflow/example_dags/example_xcom.py
[2023-05-03T09:36:53.581+0000] {processor.py:799} INFO - Processing file /home/airflow/.local/lib/python3.7/site-packages/airflow/example_dags/example_xcom.py for tasks to queue
[2023-05-03T09:36:53.583+0000] {logging_mixin.py:149} INFO - [2023-05-03T09:36:53.583+0000] {dagbag.py:541} INFO - Filling up the DagBag from /home/airflow/.local/lib/python3.7/site-packages/airflow/example_dags/example_xcom.py
[2023-05-03T09:36:53.600+0000] {processor.py:809} INFO - DAG(s) dict_keys(['example_xcom']) retrieved from /home/airflow/.local/lib/python3.7/site-packages/airflow/example_dags/example_xcom.py
[2023-05-03T09:36:53.663+0000] {logging_mixin.py:149} INFO - [2023-05-03T09:36:53.663+0000] {dag.py:2726} INFO - Sync 1 DAGs
[2023-05-03T09:36:53.719+0000] {logging_mixin.py:149} INFO - [2023-05-03T09:36:53.718+0000] {dag.py:3490} INFO - Setting next_dagrun for example_xcom to 2021-01-01T00:00:00+00:00, run_after=2021-01-01T00:00:00+00:00
[2023-05-03T09:36:53.765+0000] {processor.py:178} INFO - Processing /home/airflow/.local/lib/python3.7/site-packages/airflow/example_dags/example_xcom.py took 0.195 seconds
[2023-05-03T09:37:25.748+0000] {processor.py:156} INFO - Started process (PID=2718) to work on /home/airflow/.local/lib/python3.7/site-packages/airflow/example_dags/example_xcom.py
[2023-05-03T09:37:25.750+0000] {processor.py:799} INFO - Processing file /home/airflow/.local/lib/python3.7/site-packages/airflow/example_dags/example_xcom.py for tasks to queue
[2023-05-03T09:37:25.752+0000] {logging_mixin.py:149} INFO - [2023-05-03T09:37:25.752+0000] {dagbag.py:541} INFO - Filling up the DagBag from /home/airflow/.local/lib/python3.7/site-packages/airflow/example_dags/example_xcom.py
[2023-05-03T09:37:25.763+0000] {processor.py:809} INFO - DAG(s) dict_keys(['example_xcom']) retrieved from /home/airflow/.local/lib/python3.7/site-packages/airflow/example_dags/example_xcom.py
[2023-05-03T09:37:25.805+0000] {logging_mixin.py:149} INFO - [2023-05-03T09:37:25.805+0000] {dag.py:2726} INFO - Sync 1 DAGs
[2023-05-03T09:37:25.847+0000] {logging_mixin.py:149} INFO - [2023-05-03T09:37:25.846+0000] {dag.py:3490} INFO - Setting next_dagrun for example_xcom to 2021-01-01T00:00:00+00:00, run_after=2021-01-01T00:00:00+00:00
[2023-05-03T09:37:25.881+0000] {processor.py:178} INFO - Processing /home/airflow/.local/lib/python3.7/site-packages/airflow/example_dags/example_xcom.py took 0.138 seconds
[2023-05-03T09:38:00.413+0000] {processor.py:156} INFO - Started process (PID=2964) to work on /home/airflow/.local/lib/python3.7/site-packages/airflow/example_dags/example_xcom.py
[2023-05-03T09:38:00.416+0000] {processor.py:799} INFO - Processing file /home/airflow/.local/lib/python3.7/site-packages/airflow/example_dags/example_xcom.py for tasks to queue
[2023-05-03T09:38:00.418+0000] {logging_mixin.py:149} INFO - [2023-05-03T09:38:00.417+0000] {dagbag.py:541} INFO - Filling up the DagBag from /home/airflow/.local/lib/python3.7/site-packages/airflow/example_dags/example_xcom.py
[2023-05-03T09:38:00.434+0000] {processor.py:809} INFO - DAG(s) dict_keys(['example_xcom']) retrieved from /home/airflow/.local/lib/python3.7/site-packages/airflow/example_dags/example_xcom.py
[2023-05-03T09:38:00.499+0000] {logging_mixin.py:149} INFO - [2023-05-03T09:38:00.499+0000] {dag.py:2726} INFO - Sync 1 DAGs
[2023-05-03T09:38:00.545+0000] {logging_mixin.py:149} INFO - [2023-05-03T09:38:00.544+0000] {dag.py:3490} INFO - Setting next_dagrun for example_xcom to 2021-01-01T00:00:00+00:00, run_after=2021-01-01T00:00:00+00:00
[2023-05-03T09:38:00.592+0000] {processor.py:178} INFO - Processing /home/airflow/.local/lib/python3.7/site-packages/airflow/example_dags/example_xcom.py took 0.184 seconds
[2023-05-03T09:38:34.592+0000] {processor.py:156} INFO - Started process (PID=3200) to work on /home/airflow/.local/lib/python3.7/site-packages/airflow/example_dags/example_xcom.py
[2023-05-03T09:38:34.595+0000] {processor.py:799} INFO - Processing file /home/airflow/.local/lib/python3.7/site-packages/airflow/example_dags/example_xcom.py for tasks to queue
[2023-05-03T09:38:34.598+0000] {logging_mixin.py:149} INFO - [2023-05-03T09:38:34.597+0000] {dagbag.py:541} INFO - Filling up the DagBag from /home/airflow/.local/lib/python3.7/site-packages/airflow/example_dags/example_xcom.py
[2023-05-03T09:38:34.612+0000] {processor.py:809} INFO - DAG(s) dict_keys(['example_xcom']) retrieved from /home/airflow/.local/lib/python3.7/site-packages/airflow/example_dags/example_xcom.py
[2023-05-03T09:38:34.667+0000] {logging_mixin.py:149} INFO - [2023-05-03T09:38:34.666+0000] {dag.py:2726} INFO - Sync 1 DAGs
[2023-05-03T09:38:34.711+0000] {logging_mixin.py:149} INFO - [2023-05-03T09:38:34.711+0000] {dag.py:3490} INFO - Setting next_dagrun for example_xcom to 2021-01-01T00:00:00+00:00, run_after=2021-01-01T00:00:00+00:00
[2023-05-03T09:38:34.753+0000] {processor.py:178} INFO - Processing /home/airflow/.local/lib/python3.7/site-packages/airflow/example_dags/example_xcom.py took 0.165 seconds
[2023-05-03T09:39:05.785+0000] {processor.py:156} INFO - Started process (PID=3436) to work on /home/airflow/.local/lib/python3.7/site-packages/airflow/example_dags/example_xcom.py
[2023-05-03T09:39:05.788+0000] {processor.py:799} INFO - Processing file /home/airflow/.local/lib/python3.7/site-packages/airflow/example_dags/example_xcom.py for tasks to queue
[2023-05-03T09:39:05.790+0000] {logging_mixin.py:149} INFO - [2023-05-03T09:39:05.789+0000] {dagbag.py:541} INFO - Filling up the DagBag from /home/airflow/.local/lib/python3.7/site-packages/airflow/example_dags/example_xcom.py
[2023-05-03T09:39:05.806+0000] {processor.py:809} INFO - DAG(s) dict_keys(['example_xcom']) retrieved from /home/airflow/.local/lib/python3.7/site-packages/airflow/example_dags/example_xcom.py
[2023-05-03T09:39:05.867+0000] {logging_mixin.py:149} INFO - [2023-05-03T09:39:05.866+0000] {dag.py:2726} INFO - Sync 1 DAGs
[2023-05-03T09:39:05.944+0000] {logging_mixin.py:149} INFO - [2023-05-03T09:39:05.942+0000] {dag.py:3490} INFO - Setting next_dagrun for example_xcom to 2021-01-01T00:00:00+00:00, run_after=2021-01-01T00:00:00+00:00
[2023-05-03T09:39:06.037+0000] {processor.py:178} INFO - Processing /home/airflow/.local/lib/python3.7/site-packages/airflow/example_dags/example_xcom.py took 0.258 seconds
[2023-05-03T09:39:37.610+0000] {processor.py:156} INFO - Started process (PID=3673) to work on /home/airflow/.local/lib/python3.7/site-packages/airflow/example_dags/example_xcom.py
[2023-05-03T09:39:37.613+0000] {processor.py:799} INFO - Processing file /home/airflow/.local/lib/python3.7/site-packages/airflow/example_dags/example_xcom.py for tasks to queue
[2023-05-03T09:39:37.616+0000] {logging_mixin.py:149} INFO - [2023-05-03T09:39:37.615+0000] {dagbag.py:541} INFO - Filling up the DagBag from /home/airflow/.local/lib/python3.7/site-packages/airflow/example_dags/example_xcom.py
[2023-05-03T09:39:37.634+0000] {processor.py:809} INFO - DAG(s) dict_keys(['example_xcom']) retrieved from /home/airflow/.local/lib/python3.7/site-packages/airflow/example_dags/example_xcom.py
[2023-05-03T09:39:37.693+0000] {logging_mixin.py:149} INFO - [2023-05-03T09:39:37.693+0000] {dag.py:2726} INFO - Sync 1 DAGs
[2023-05-03T09:39:37.745+0000] {logging_mixin.py:149} INFO - [2023-05-03T09:39:37.745+0000] {dag.py:3490} INFO - Setting next_dagrun for example_xcom to 2021-01-01T00:00:00+00:00, run_after=2021-01-01T00:00:00+00:00
[2023-05-03T09:39:37.814+0000] {processor.py:178} INFO - Processing /home/airflow/.local/lib/python3.7/site-packages/airflow/example_dags/example_xcom.py took 0.208 seconds
[2023-05-03T09:40:08.443+0000] {processor.py:156} INFO - Started process (PID=3909) to work on /home/airflow/.local/lib/python3.7/site-packages/airflow/example_dags/example_xcom.py
[2023-05-03T09:40:08.445+0000] {processor.py:799} INFO - Processing file /home/airflow/.local/lib/python3.7/site-packages/airflow/example_dags/example_xcom.py for tasks to queue
[2023-05-03T09:40:08.447+0000] {logging_mixin.py:149} INFO - [2023-05-03T09:40:08.446+0000] {dagbag.py:541} INFO - Filling up the DagBag from /home/airflow/.local/lib/python3.7/site-packages/airflow/example_dags/example_xcom.py
[2023-05-03T09:40:08.459+0000] {processor.py:809} INFO - DAG(s) dict_keys(['example_xcom']) retrieved from /home/airflow/.local/lib/python3.7/site-packages/airflow/example_dags/example_xcom.py
[2023-05-03T09:40:08.508+0000] {logging_mixin.py:149} INFO - [2023-05-03T09:40:08.508+0000] {dag.py:2726} INFO - Sync 1 DAGs
[2023-05-03T09:40:08.566+0000] {logging_mixin.py:149} INFO - [2023-05-03T09:40:08.565+0000] {dag.py:3490} INFO - Setting next_dagrun for example_xcom to 2021-01-01T00:00:00+00:00, run_after=2021-01-01T00:00:00+00:00
[2023-05-03T09:40:08.601+0000] {processor.py:178} INFO - Processing /home/airflow/.local/lib/python3.7/site-packages/airflow/example_dags/example_xcom.py took 0.165 seconds
[2023-05-03T09:40:39.906+0000] {processor.py:156} INFO - Started process (PID=4160) to work on /home/airflow/.local/lib/python3.7/site-packages/airflow/example_dags/example_xcom.py
[2023-05-03T09:40:39.910+0000] {processor.py:799} INFO - Processing file /home/airflow/.local/lib/python3.7/site-packages/airflow/example_dags/example_xcom.py for tasks to queue
[2023-05-03T09:40:39.912+0000] {logging_mixin.py:149} INFO - [2023-05-03T09:40:39.911+0000] {dagbag.py:541} INFO - Filling up the DagBag from /home/airflow/.local/lib/python3.7/site-packages/airflow/example_dags/example_xcom.py
[2023-05-03T09:40:39.932+0000] {processor.py:809} INFO - DAG(s) dict_keys(['example_xcom']) retrieved from /home/airflow/.local/lib/python3.7/site-packages/airflow/example_dags/example_xcom.py
[2023-05-03T09:40:39.991+0000] {logging_mixin.py:149} INFO - [2023-05-03T09:40:39.990+0000] {dag.py:2726} INFO - Sync 1 DAGs
[2023-05-03T09:40:40.041+0000] {logging_mixin.py:149} INFO - [2023-05-03T09:40:40.040+0000] {dag.py:3490} INFO - Setting next_dagrun for example_xcom to 2021-01-01T00:00:00+00:00, run_after=2021-01-01T00:00:00+00:00
[2023-05-03T09:40:40.088+0000] {processor.py:178} INFO - Processing /home/airflow/.local/lib/python3.7/site-packages/airflow/example_dags/example_xcom.py took 0.188 seconds
[2023-05-03T09:41:10.549+0000] {processor.py:156} INFO - Started process (PID=4396) to work on /home/airflow/.local/lib/python3.7/site-packages/airflow/example_dags/example_xcom.py
[2023-05-03T09:41:10.551+0000] {processor.py:799} INFO - Processing file /home/airflow/.local/lib/python3.7/site-packages/airflow/example_dags/example_xcom.py for tasks to queue
[2023-05-03T09:41:10.552+0000] {logging_mixin.py:149} INFO - [2023-05-03T09:41:10.552+0000] {dagbag.py:541} INFO - Filling up the DagBag from /home/airflow/.local/lib/python3.7/site-packages/airflow/example_dags/example_xcom.py
[2023-05-03T09:41:10.566+0000] {processor.py:809} INFO - DAG(s) dict_keys(['example_xcom']) retrieved from /home/airflow/.local/lib/python3.7/site-packages/airflow/example_dags/example_xcom.py
[2023-05-03T09:41:10.609+0000] {logging_mixin.py:149} INFO - [2023-05-03T09:41:10.608+0000] {dag.py:2726} INFO - Sync 1 DAGs
[2023-05-03T09:41:10.651+0000] {logging_mixin.py:149} INFO - [2023-05-03T09:41:10.650+0000] {dag.py:3490} INFO - Setting next_dagrun for example_xcom to 2021-01-01T00:00:00+00:00, run_after=2021-01-01T00:00:00+00:00
[2023-05-03T09:41:10.684+0000] {processor.py:178} INFO - Processing /home/airflow/.local/lib/python3.7/site-packages/airflow/example_dags/example_xcom.py took 0.140 seconds
[2023-05-03T09:41:42.187+0000] {processor.py:156} INFO - Started process (PID=4632) to work on /home/airflow/.local/lib/python3.7/site-packages/airflow/example_dags/example_xcom.py
[2023-05-03T09:41:42.211+0000] {processor.py:799} INFO - Processing file /home/airflow/.local/lib/python3.7/site-packages/airflow/example_dags/example_xcom.py for tasks to queue
[2023-05-03T09:41:42.214+0000] {logging_mixin.py:149} INFO - [2023-05-03T09:41:42.213+0000] {dagbag.py:541} INFO - Filling up the DagBag from /home/airflow/.local/lib/python3.7/site-packages/airflow/example_dags/example_xcom.py
[2023-05-03T09:41:42.233+0000] {processor.py:809} INFO - DAG(s) dict_keys(['example_xcom']) retrieved from /home/airflow/.local/lib/python3.7/site-packages/airflow/example_dags/example_xcom.py
[2023-05-03T09:41:42.300+0000] {logging_mixin.py:149} INFO - [2023-05-03T09:41:42.299+0000] {dag.py:2726} INFO - Sync 1 DAGs
[2023-05-03T09:41:42.416+0000] {logging_mixin.py:149} INFO - [2023-05-03T09:41:42.415+0000] {dag.py:3490} INFO - Setting next_dagrun for example_xcom to 2021-01-01T00:00:00+00:00, run_after=2021-01-01T00:00:00+00:00
[2023-05-03T09:41:42.450+0000] {processor.py:178} INFO - Processing /home/airflow/.local/lib/python3.7/site-packages/airflow/example_dags/example_xcom.py took 0.308 seconds
[2023-05-03T09:44:54.039+0000] {processor.py:156} INFO - Started process (PID=317) to work on /home/airflow/.local/lib/python3.7/site-packages/airflow/example_dags/example_xcom.py
[2023-05-03T09:44:54.045+0000] {processor.py:799} INFO - Processing file /home/airflow/.local/lib/python3.7/site-packages/airflow/example_dags/example_xcom.py for tasks to queue
[2023-05-03T09:44:54.053+0000] {logging_mixin.py:149} INFO - [2023-05-03T09:44:54.052+0000] {dagbag.py:541} INFO - Filling up the DagBag from /home/airflow/.local/lib/python3.7/site-packages/airflow/example_dags/example_xcom.py
[2023-05-03T09:44:54.092+0000] {processor.py:809} INFO - DAG(s) dict_keys(['example_xcom']) retrieved from /home/airflow/.local/lib/python3.7/site-packages/airflow/example_dags/example_xcom.py
[2023-05-03T09:44:54.469+0000] {logging_mixin.py:149} INFO - [2023-05-03T09:44:54.468+0000] {dag.py:2726} INFO - Sync 1 DAGs
[2023-05-03T09:44:54.627+0000] {logging_mixin.py:149} INFO - [2023-05-03T09:44:54.627+0000] {dag.py:3490} INFO - Setting next_dagrun for example_xcom to 2021-01-01T00:00:00+00:00, run_after=2021-01-01T00:00:00+00:00
[2023-05-03T09:44:54.804+0000] {processor.py:178} INFO - Processing /home/airflow/.local/lib/python3.7/site-packages/airflow/example_dags/example_xcom.py took 0.772 seconds
[2023-05-03T09:46:35.309+0000] {processor.py:156} INFO - Started process (PID=636) to work on /home/airflow/.local/lib/python3.7/site-packages/airflow/example_dags/example_xcom.py
[2023-05-03T09:46:35.318+0000] {processor.py:799} INFO - Processing file /home/airflow/.local/lib/python3.7/site-packages/airflow/example_dags/example_xcom.py for tasks to queue
[2023-05-03T09:46:35.324+0000] {logging_mixin.py:149} INFO - [2023-05-03T09:46:35.324+0000] {dagbag.py:541} INFO - Filling up the DagBag from /home/airflow/.local/lib/python3.7/site-packages/airflow/example_dags/example_xcom.py
[2023-05-03T09:46:35.367+0000] {processor.py:809} INFO - DAG(s) dict_keys(['example_xcom']) retrieved from /home/airflow/.local/lib/python3.7/site-packages/airflow/example_dags/example_xcom.py
[2023-05-03T09:46:35.533+0000] {logging_mixin.py:149} INFO - [2023-05-03T09:46:35.532+0000] {dag.py:2726} INFO - Sync 1 DAGs
[2023-05-03T09:46:35.664+0000] {logging_mixin.py:149} INFO - [2023-05-03T09:46:35.664+0000] {dag.py:3490} INFO - Setting next_dagrun for example_xcom to 2021-01-01T00:00:00+00:00, run_after=2021-01-01T00:00:00+00:00
[2023-05-03T09:46:35.752+0000] {processor.py:178} INFO - Processing /home/airflow/.local/lib/python3.7/site-packages/airflow/example_dags/example_xcom.py took 0.458 seconds
[2023-05-03T09:47:37.683+0000] {processor.py:156} INFO - Started process (PID=880) to work on /home/airflow/.local/lib/python3.7/site-packages/airflow/example_dags/example_xcom.py
[2023-05-03T09:47:37.686+0000] {processor.py:799} INFO - Processing file /home/airflow/.local/lib/python3.7/site-packages/airflow/example_dags/example_xcom.py for tasks to queue
[2023-05-03T09:47:37.688+0000] {logging_mixin.py:149} INFO - [2023-05-03T09:47:37.687+0000] {dagbag.py:541} INFO - Filling up the DagBag from /home/airflow/.local/lib/python3.7/site-packages/airflow/example_dags/example_xcom.py
[2023-05-03T09:47:37.741+0000] {processor.py:809} INFO - DAG(s) dict_keys(['example_xcom']) retrieved from /home/airflow/.local/lib/python3.7/site-packages/airflow/example_dags/example_xcom.py
[2023-05-03T09:47:37.848+0000] {logging_mixin.py:149} INFO - [2023-05-03T09:47:37.847+0000] {dag.py:2726} INFO - Sync 1 DAGs
[2023-05-03T09:47:37.967+0000] {logging_mixin.py:149} INFO - [2023-05-03T09:47:37.967+0000] {dag.py:3490} INFO - Setting next_dagrun for example_xcom to 2021-01-01T00:00:00+00:00, run_after=2021-01-01T00:00:00+00:00
[2023-05-03T09:47:38.035+0000] {processor.py:178} INFO - Processing /home/airflow/.local/lib/python3.7/site-packages/airflow/example_dags/example_xcom.py took 0.368 seconds
[2023-05-03T09:48:29.532+0000] {processor.py:156} INFO - Started process (PID=1116) to work on /home/airflow/.local/lib/python3.7/site-packages/airflow/example_dags/example_xcom.py
[2023-05-03T09:48:29.543+0000] {processor.py:799} INFO - Processing file /home/airflow/.local/lib/python3.7/site-packages/airflow/example_dags/example_xcom.py for tasks to queue
[2023-05-03T09:48:29.545+0000] {logging_mixin.py:149} INFO - [2023-05-03T09:48:29.545+0000] {dagbag.py:541} INFO - Filling up the DagBag from /home/airflow/.local/lib/python3.7/site-packages/airflow/example_dags/example_xcom.py
[2023-05-03T09:48:29.583+0000] {processor.py:809} INFO - DAG(s) dict_keys(['example_xcom']) retrieved from /home/airflow/.local/lib/python3.7/site-packages/airflow/example_dags/example_xcom.py
[2023-05-03T09:48:29.676+0000] {logging_mixin.py:149} INFO - [2023-05-03T09:48:29.675+0000] {dag.py:2726} INFO - Sync 1 DAGs
[2023-05-03T09:48:29.769+0000] {logging_mixin.py:149} INFO - [2023-05-03T09:48:29.758+0000] {dag.py:3490} INFO - Setting next_dagrun for example_xcom to 2021-01-01T00:00:00+00:00, run_after=2021-01-01T00:00:00+00:00
[2023-05-03T09:48:29.854+0000] {processor.py:178} INFO - Processing /home/airflow/.local/lib/python3.7/site-packages/airflow/example_dags/example_xcom.py took 0.328 seconds
[2023-05-03T09:49:05.581+0000] {processor.py:156} INFO - Started process (PID=1352) to work on /home/airflow/.local/lib/python3.7/site-packages/airflow/example_dags/example_xcom.py
[2023-05-03T09:49:05.587+0000] {processor.py:799} INFO - Processing file /home/airflow/.local/lib/python3.7/site-packages/airflow/example_dags/example_xcom.py for tasks to queue
[2023-05-03T09:49:05.589+0000] {logging_mixin.py:149} INFO - [2023-05-03T09:49:05.589+0000] {dagbag.py:541} INFO - Filling up the DagBag from /home/airflow/.local/lib/python3.7/site-packages/airflow/example_dags/example_xcom.py
[2023-05-03T09:49:05.618+0000] {processor.py:809} INFO - DAG(s) dict_keys(['example_xcom']) retrieved from /home/airflow/.local/lib/python3.7/site-packages/airflow/example_dags/example_xcom.py
[2023-05-03T09:49:05.727+0000] {logging_mixin.py:149} INFO - [2023-05-03T09:49:05.726+0000] {dag.py:2726} INFO - Sync 1 DAGs
[2023-05-03T09:49:05.976+0000] {logging_mixin.py:149} INFO - [2023-05-03T09:49:05.974+0000] {dag.py:3490} INFO - Setting next_dagrun for example_xcom to 2021-01-01T00:00:00+00:00, run_after=2021-01-01T00:00:00+00:00
[2023-05-03T09:49:06.305+0000] {processor.py:178} INFO - Processing /home/airflow/.local/lib/python3.7/site-packages/airflow/example_dags/example_xcom.py took 0.728 seconds
[2023-05-03T09:49:49.512+0000] {processor.py:156} INFO - Started process (PID=1573) to work on /home/airflow/.local/lib/python3.7/site-packages/airflow/example_dags/example_xcom.py
[2023-05-03T09:49:49.515+0000] {processor.py:799} INFO - Processing file /home/airflow/.local/lib/python3.7/site-packages/airflow/example_dags/example_xcom.py for tasks to queue
[2023-05-03T09:49:49.524+0000] {logging_mixin.py:149} INFO - [2023-05-03T09:49:49.523+0000] {dagbag.py:541} INFO - Filling up the DagBag from /home/airflow/.local/lib/python3.7/site-packages/airflow/example_dags/example_xcom.py
[2023-05-03T09:49:49.544+0000] {processor.py:809} INFO - DAG(s) dict_keys(['example_xcom']) retrieved from /home/airflow/.local/lib/python3.7/site-packages/airflow/example_dags/example_xcom.py
[2023-05-03T09:49:49.603+0000] {logging_mixin.py:149} INFO - [2023-05-03T09:49:49.603+0000] {dag.py:2726} INFO - Sync 1 DAGs
[2023-05-03T09:49:49.694+0000] {logging_mixin.py:149} INFO - [2023-05-03T09:49:49.683+0000] {dag.py:3490} INFO - Setting next_dagrun for example_xcom to 2021-01-01T00:00:00+00:00, run_after=2021-01-01T00:00:00+00:00
[2023-05-03T09:49:49.798+0000] {processor.py:178} INFO - Processing /home/airflow/.local/lib/python3.7/site-packages/airflow/example_dags/example_xcom.py took 0.290 seconds
[2023-05-03T09:50:21.558+0000] {processor.py:156} INFO - Started process (PID=1809) to work on /home/airflow/.local/lib/python3.7/site-packages/airflow/example_dags/example_xcom.py
[2023-05-03T09:50:21.561+0000] {processor.py:799} INFO - Processing file /home/airflow/.local/lib/python3.7/site-packages/airflow/example_dags/example_xcom.py for tasks to queue
[2023-05-03T09:50:21.562+0000] {logging_mixin.py:149} INFO - [2023-05-03T09:50:21.562+0000] {dagbag.py:541} INFO - Filling up the DagBag from /home/airflow/.local/lib/python3.7/site-packages/airflow/example_dags/example_xcom.py
[2023-05-03T09:50:21.592+0000] {processor.py:809} INFO - DAG(s) dict_keys(['example_xcom']) retrieved from /home/airflow/.local/lib/python3.7/site-packages/airflow/example_dags/example_xcom.py
[2023-05-03T09:50:21.661+0000] {logging_mixin.py:149} INFO - [2023-05-03T09:50:21.660+0000] {dag.py:2726} INFO - Sync 1 DAGs
[2023-05-03T09:50:21.752+0000] {logging_mixin.py:149} INFO - [2023-05-03T09:50:21.751+0000] {dag.py:3490} INFO - Setting next_dagrun for example_xcom to 2021-01-01T00:00:00+00:00, run_after=2021-01-01T00:00:00+00:00
[2023-05-03T09:50:22.142+0000] {processor.py:178} INFO - Processing /home/airflow/.local/lib/python3.7/site-packages/airflow/example_dags/example_xcom.py took 0.589 seconds
[2023-05-03T09:50:52.908+0000] {processor.py:156} INFO - Started process (PID=2045) to work on /home/airflow/.local/lib/python3.7/site-packages/airflow/example_dags/example_xcom.py
[2023-05-03T09:50:52.911+0000] {processor.py:799} INFO - Processing file /home/airflow/.local/lib/python3.7/site-packages/airflow/example_dags/example_xcom.py for tasks to queue
[2023-05-03T09:50:52.913+0000] {logging_mixin.py:149} INFO - [2023-05-03T09:50:52.912+0000] {dagbag.py:541} INFO - Filling up the DagBag from /home/airflow/.local/lib/python3.7/site-packages/airflow/example_dags/example_xcom.py
[2023-05-03T09:50:52.951+0000] {processor.py:809} INFO - DAG(s) dict_keys(['example_xcom']) retrieved from /home/airflow/.local/lib/python3.7/site-packages/airflow/example_dags/example_xcom.py
[2023-05-03T09:50:53.043+0000] {logging_mixin.py:149} INFO - [2023-05-03T09:50:53.042+0000] {dag.py:2726} INFO - Sync 1 DAGs
[2023-05-03T09:50:53.145+0000] {logging_mixin.py:149} INFO - [2023-05-03T09:50:53.144+0000] {dag.py:3490} INFO - Setting next_dagrun for example_xcom to 2021-01-01T00:00:00+00:00, run_after=2021-01-01T00:00:00+00:00
[2023-05-03T09:50:53.248+0000] {processor.py:178} INFO - Processing /home/airflow/.local/lib/python3.7/site-packages/airflow/example_dags/example_xcom.py took 0.345 seconds
[2023-05-03T09:52:10.424+0000] {processor.py:156} INFO - Started process (PID=2329) to work on /home/airflow/.local/lib/python3.7/site-packages/airflow/example_dags/example_xcom.py
[2023-05-03T09:52:10.426+0000] {processor.py:799} INFO - Processing file /home/airflow/.local/lib/python3.7/site-packages/airflow/example_dags/example_xcom.py for tasks to queue
[2023-05-03T09:52:10.433+0000] {logging_mixin.py:149} INFO - [2023-05-03T09:52:10.430+0000] {dagbag.py:541} INFO - Filling up the DagBag from /home/airflow/.local/lib/python3.7/site-packages/airflow/example_dags/example_xcom.py
[2023-05-03T09:52:10.458+0000] {processor.py:809} INFO - DAG(s) dict_keys(['example_xcom']) retrieved from /home/airflow/.local/lib/python3.7/site-packages/airflow/example_dags/example_xcom.py
[2023-05-03T09:52:10.557+0000] {logging_mixin.py:149} INFO - [2023-05-03T09:52:10.557+0000] {dag.py:2726} INFO - Sync 1 DAGs
[2023-05-03T09:52:10.661+0000] {logging_mixin.py:149} INFO - [2023-05-03T09:52:10.660+0000] {dag.py:3490} INFO - Setting next_dagrun for example_xcom to 2021-01-01T00:00:00+00:00, run_after=2021-01-01T00:00:00+00:00
[2023-05-03T09:52:10.793+0000] {processor.py:178} INFO - Processing /home/airflow/.local/lib/python3.7/site-packages/airflow/example_dags/example_xcom.py took 0.378 seconds
[2023-05-03T09:52:48.061+0000] {processor.py:156} INFO - Started process (PID=2581) to work on /home/airflow/.local/lib/python3.7/site-packages/airflow/example_dags/example_xcom.py
[2023-05-03T09:52:48.063+0000] {processor.py:799} INFO - Processing file /home/airflow/.local/lib/python3.7/site-packages/airflow/example_dags/example_xcom.py for tasks to queue
[2023-05-03T09:52:48.065+0000] {logging_mixin.py:149} INFO - [2023-05-03T09:52:48.065+0000] {dagbag.py:541} INFO - Filling up the DagBag from /home/airflow/.local/lib/python3.7/site-packages/airflow/example_dags/example_xcom.py
[2023-05-03T09:52:48.094+0000] {processor.py:809} INFO - DAG(s) dict_keys(['example_xcom']) retrieved from /home/airflow/.local/lib/python3.7/site-packages/airflow/example_dags/example_xcom.py
[2023-05-03T09:52:48.197+0000] {logging_mixin.py:149} INFO - [2023-05-03T09:52:48.197+0000] {dag.py:2726} INFO - Sync 1 DAGs
[2023-05-03T09:52:48.667+0000] {logging_mixin.py:149} INFO - [2023-05-03T09:52:48.666+0000] {dag.py:3490} INFO - Setting next_dagrun for example_xcom to 2021-01-01T00:00:00+00:00, run_after=2021-01-01T00:00:00+00:00
[2023-05-03T09:52:48.763+0000] {processor.py:178} INFO - Processing /home/airflow/.local/lib/python3.7/site-packages/airflow/example_dags/example_xcom.py took 0.707 seconds
[2023-05-03T09:53:19.882+0000] {processor.py:156} INFO - Started process (PID=2819) to work on /home/airflow/.local/lib/python3.7/site-packages/airflow/example_dags/example_xcom.py
[2023-05-03T09:53:19.884+0000] {processor.py:799} INFO - Processing file /home/airflow/.local/lib/python3.7/site-packages/airflow/example_dags/example_xcom.py for tasks to queue
[2023-05-03T09:53:19.909+0000] {logging_mixin.py:149} INFO - [2023-05-03T09:53:19.888+0000] {dagbag.py:541} INFO - Filling up the DagBag from /home/airflow/.local/lib/python3.7/site-packages/airflow/example_dags/example_xcom.py
[2023-05-03T09:53:19.925+0000] {processor.py:809} INFO - DAG(s) dict_keys(['example_xcom']) retrieved from /home/airflow/.local/lib/python3.7/site-packages/airflow/example_dags/example_xcom.py
[2023-05-03T09:53:19.967+0000] {logging_mixin.py:149} INFO - [2023-05-03T09:53:19.967+0000] {dag.py:2726} INFO - Sync 1 DAGs
[2023-05-03T09:53:20.011+0000] {logging_mixin.py:149} INFO - [2023-05-03T09:53:20.011+0000] {dag.py:3490} INFO - Setting next_dagrun for example_xcom to 2021-01-01T00:00:00+00:00, run_after=2021-01-01T00:00:00+00:00
[2023-05-03T09:53:20.048+0000] {processor.py:178} INFO - Processing /home/airflow/.local/lib/python3.7/site-packages/airflow/example_dags/example_xcom.py took 0.151 seconds
[2023-05-03T09:53:52.354+0000] {processor.py:156} INFO - Started process (PID=3054) to work on /home/airflow/.local/lib/python3.7/site-packages/airflow/example_dags/example_xcom.py
[2023-05-03T09:53:52.356+0000] {processor.py:799} INFO - Processing file /home/airflow/.local/lib/python3.7/site-packages/airflow/example_dags/example_xcom.py for tasks to queue
[2023-05-03T09:53:52.357+0000] {logging_mixin.py:149} INFO - [2023-05-03T09:53:52.357+0000] {dagbag.py:541} INFO - Filling up the DagBag from /home/airflow/.local/lib/python3.7/site-packages/airflow/example_dags/example_xcom.py
[2023-05-03T09:53:52.398+0000] {processor.py:809} INFO - DAG(s) dict_keys(['example_xcom']) retrieved from /home/airflow/.local/lib/python3.7/site-packages/airflow/example_dags/example_xcom.py
[2023-05-03T09:53:52.495+0000] {logging_mixin.py:149} INFO - [2023-05-03T09:53:52.495+0000] {dag.py:2726} INFO - Sync 1 DAGs
[2023-05-03T09:53:52.593+0000] {logging_mixin.py:149} INFO - [2023-05-03T09:53:52.593+0000] {dag.py:3490} INFO - Setting next_dagrun for example_xcom to 2021-01-01T00:00:00+00:00, run_after=2021-01-01T00:00:00+00:00
[2023-05-03T09:53:52.996+0000] {processor.py:178} INFO - Processing /home/airflow/.local/lib/python3.7/site-packages/airflow/example_dags/example_xcom.py took 0.657 seconds
[2023-05-03T09:54:55.131+0000] {processor.py:156} INFO - Started process (PID=3316) to work on /home/airflow/.local/lib/python3.7/site-packages/airflow/example_dags/example_xcom.py
[2023-05-03T09:54:55.139+0000] {processor.py:799} INFO - Processing file /home/airflow/.local/lib/python3.7/site-packages/airflow/example_dags/example_xcom.py for tasks to queue
[2023-05-03T09:54:55.142+0000] {logging_mixin.py:149} INFO - [2023-05-03T09:54:55.141+0000] {dagbag.py:541} INFO - Filling up the DagBag from /home/airflow/.local/lib/python3.7/site-packages/airflow/example_dags/example_xcom.py
[2023-05-03T09:54:55.162+0000] {processor.py:809} INFO - DAG(s) dict_keys(['example_xcom']) retrieved from /home/airflow/.local/lib/python3.7/site-packages/airflow/example_dags/example_xcom.py
[2023-05-03T09:54:55.278+0000] {logging_mixin.py:149} INFO - [2023-05-03T09:54:55.277+0000] {dag.py:2726} INFO - Sync 1 DAGs
[2023-05-03T09:54:55.815+0000] {logging_mixin.py:149} INFO - [2023-05-03T09:54:55.815+0000] {dag.py:3490} INFO - Setting next_dagrun for example_xcom to 2021-01-01T00:00:00+00:00, run_after=2021-01-01T00:00:00+00:00
[2023-05-03T09:54:56.304+0000] {processor.py:178} INFO - Processing /home/airflow/.local/lib/python3.7/site-packages/airflow/example_dags/example_xcom.py took 1.178 seconds
[2023-05-03T09:55:26.927+0000] {processor.py:156} INFO - Started process (PID=3554) to work on /home/airflow/.local/lib/python3.7/site-packages/airflow/example_dags/example_xcom.py
[2023-05-03T09:55:26.929+0000] {processor.py:799} INFO - Processing file /home/airflow/.local/lib/python3.7/site-packages/airflow/example_dags/example_xcom.py for tasks to queue
[2023-05-03T09:55:26.931+0000] {logging_mixin.py:149} INFO - [2023-05-03T09:55:26.931+0000] {dagbag.py:541} INFO - Filling up the DagBag from /home/airflow/.local/lib/python3.7/site-packages/airflow/example_dags/example_xcom.py
[2023-05-03T09:55:26.949+0000] {processor.py:809} INFO - DAG(s) dict_keys(['example_xcom']) retrieved from /home/airflow/.local/lib/python3.7/site-packages/airflow/example_dags/example_xcom.py
[2023-05-03T09:55:27.007+0000] {logging_mixin.py:149} INFO - [2023-05-03T09:55:27.007+0000] {dag.py:2726} INFO - Sync 1 DAGs
[2023-05-03T09:55:27.070+0000] {logging_mixin.py:149} INFO - [2023-05-03T09:55:27.069+0000] {dag.py:3490} INFO - Setting next_dagrun for example_xcom to 2021-01-01T00:00:00+00:00, run_after=2021-01-01T00:00:00+00:00
[2023-05-03T09:55:27.131+0000] {processor.py:178} INFO - Processing /home/airflow/.local/lib/python3.7/site-packages/airflow/example_dags/example_xcom.py took 0.208 seconds
[2023-05-03T09:56:02.595+0000] {processor.py:156} INFO - Started process (PID=3795) to work on /home/airflow/.local/lib/python3.7/site-packages/airflow/example_dags/example_xcom.py
[2023-05-03T09:56:02.609+0000] {processor.py:799} INFO - Processing file /home/airflow/.local/lib/python3.7/site-packages/airflow/example_dags/example_xcom.py for tasks to queue
[2023-05-03T09:56:02.612+0000] {logging_mixin.py:149} INFO - [2023-05-03T09:56:02.611+0000] {dagbag.py:541} INFO - Filling up the DagBag from /home/airflow/.local/lib/python3.7/site-packages/airflow/example_dags/example_xcom.py
[2023-05-03T09:56:02.637+0000] {processor.py:809} INFO - DAG(s) dict_keys(['example_xcom']) retrieved from /home/airflow/.local/lib/python3.7/site-packages/airflow/example_dags/example_xcom.py
[2023-05-03T09:56:03.094+0000] {logging_mixin.py:149} INFO - [2023-05-03T09:56:03.094+0000] {dag.py:2726} INFO - Sync 1 DAGs
[2023-05-03T09:56:03.193+0000] {logging_mixin.py:149} INFO - [2023-05-03T09:56:03.192+0000] {dag.py:3490} INFO - Setting next_dagrun for example_xcom to 2021-01-01T00:00:00+00:00, run_after=2021-01-01T00:00:00+00:00
[2023-05-03T09:56:03.255+0000] {processor.py:178} INFO - Processing /home/airflow/.local/lib/python3.7/site-packages/airflow/example_dags/example_xcom.py took 0.666 seconds
[2023-05-03T09:56:34.017+0000] {processor.py:156} INFO - Started process (PID=4030) to work on /home/airflow/.local/lib/python3.7/site-packages/airflow/example_dags/example_xcom.py
[2023-05-03T09:56:34.019+0000] {processor.py:799} INFO - Processing file /home/airflow/.local/lib/python3.7/site-packages/airflow/example_dags/example_xcom.py for tasks to queue
[2023-05-03T09:56:34.021+0000] {logging_mixin.py:149} INFO - [2023-05-03T09:56:34.021+0000] {dagbag.py:541} INFO - Filling up the DagBag from /home/airflow/.local/lib/python3.7/site-packages/airflow/example_dags/example_xcom.py
[2023-05-03T09:56:34.033+0000] {processor.py:809} INFO - DAG(s) dict_keys(['example_xcom']) retrieved from /home/airflow/.local/lib/python3.7/site-packages/airflow/example_dags/example_xcom.py
[2023-05-03T09:56:34.097+0000] {logging_mixin.py:149} INFO - [2023-05-03T09:56:34.097+0000] {dag.py:2726} INFO - Sync 1 DAGs
[2023-05-03T09:56:34.168+0000] {logging_mixin.py:149} INFO - [2023-05-03T09:56:34.165+0000] {dag.py:3490} INFO - Setting next_dagrun for example_xcom to 2021-01-01T00:00:00+00:00, run_after=2021-01-01T00:00:00+00:00
[2023-05-03T09:56:34.602+0000] {processor.py:178} INFO - Processing /home/airflow/.local/lib/python3.7/site-packages/airflow/example_dags/example_xcom.py took 0.589 seconds
[2023-05-03T09:57:06.041+0000] {processor.py:156} INFO - Started process (PID=4265) to work on /home/airflow/.local/lib/python3.7/site-packages/airflow/example_dags/example_xcom.py
[2023-05-03T09:57:06.047+0000] {processor.py:799} INFO - Processing file /home/airflow/.local/lib/python3.7/site-packages/airflow/example_dags/example_xcom.py for tasks to queue
[2023-05-03T09:57:06.049+0000] {logging_mixin.py:149} INFO - [2023-05-03T09:57:06.048+0000] {dagbag.py:541} INFO - Filling up the DagBag from /home/airflow/.local/lib/python3.7/site-packages/airflow/example_dags/example_xcom.py
[2023-05-03T09:57:06.072+0000] {processor.py:809} INFO - DAG(s) dict_keys(['example_xcom']) retrieved from /home/airflow/.local/lib/python3.7/site-packages/airflow/example_dags/example_xcom.py
[2023-05-03T09:57:06.166+0000] {logging_mixin.py:149} INFO - [2023-05-03T09:57:06.166+0000] {dag.py:2726} INFO - Sync 1 DAGs
[2023-05-03T09:57:06.256+0000] {logging_mixin.py:149} INFO - [2023-05-03T09:57:06.256+0000] {dag.py:3490} INFO - Setting next_dagrun for example_xcom to 2021-01-01T00:00:00+00:00, run_after=2021-01-01T00:00:00+00:00
[2023-05-03T09:57:06.327+0000] {processor.py:178} INFO - Processing /home/airflow/.local/lib/python3.7/site-packages/airflow/example_dags/example_xcom.py took 0.297 seconds
[2023-05-03T09:57:57.049+0000] {processor.py:156} INFO - Started process (PID=4541) to work on /home/airflow/.local/lib/python3.7/site-packages/airflow/example_dags/example_xcom.py
[2023-05-03T09:57:57.051+0000] {processor.py:799} INFO - Processing file /home/airflow/.local/lib/python3.7/site-packages/airflow/example_dags/example_xcom.py for tasks to queue
[2023-05-03T09:57:57.053+0000] {logging_mixin.py:149} INFO - [2023-05-03T09:57:57.053+0000] {dagbag.py:541} INFO - Filling up the DagBag from /home/airflow/.local/lib/python3.7/site-packages/airflow/example_dags/example_xcom.py
[2023-05-03T09:57:57.075+0000] {processor.py:809} INFO - DAG(s) dict_keys(['example_xcom']) retrieved from /home/airflow/.local/lib/python3.7/site-packages/airflow/example_dags/example_xcom.py
[2023-05-03T09:57:57.176+0000] {logging_mixin.py:149} INFO - [2023-05-03T09:57:57.170+0000] {dag.py:2726} INFO - Sync 1 DAGs
[2023-05-03T09:57:57.622+0000] {logging_mixin.py:149} INFO - [2023-05-03T09:57:57.622+0000] {dag.py:3490} INFO - Setting next_dagrun for example_xcom to 2021-01-01T00:00:00+00:00, run_after=2021-01-01T00:00:00+00:00
[2023-05-03T09:57:57.689+0000] {processor.py:178} INFO - Processing /home/airflow/.local/lib/python3.7/site-packages/airflow/example_dags/example_xcom.py took 0.644 seconds
[2023-05-03T09:58:27.869+0000] {processor.py:156} INFO - Started process (PID=4779) to work on /home/airflow/.local/lib/python3.7/site-packages/airflow/example_dags/example_xcom.py
[2023-05-03T09:58:27.873+0000] {processor.py:799} INFO - Processing file /home/airflow/.local/lib/python3.7/site-packages/airflow/example_dags/example_xcom.py for tasks to queue
[2023-05-03T09:58:27.874+0000] {logging_mixin.py:149} INFO - [2023-05-03T09:58:27.874+0000] {dagbag.py:541} INFO - Filling up the DagBag from /home/airflow/.local/lib/python3.7/site-packages/airflow/example_dags/example_xcom.py
[2023-05-03T09:58:27.891+0000] {processor.py:809} INFO - DAG(s) dict_keys(['example_xcom']) retrieved from /home/airflow/.local/lib/python3.7/site-packages/airflow/example_dags/example_xcom.py
[2023-05-03T09:58:27.935+0000] {logging_mixin.py:149} INFO - [2023-05-03T09:58:27.935+0000] {dag.py:2726} INFO - Sync 1 DAGs
[2023-05-03T09:58:27.976+0000] {logging_mixin.py:149} INFO - [2023-05-03T09:58:27.976+0000] {dag.py:3490} INFO - Setting next_dagrun for example_xcom to 2021-01-01T00:00:00+00:00, run_after=2021-01-01T00:00:00+00:00
[2023-05-03T09:58:28.034+0000] {processor.py:178} INFO - Processing /home/airflow/.local/lib/python3.7/site-packages/airflow/example_dags/example_xcom.py took 0.170 seconds
[2023-05-03T09:58:58.844+0000] {processor.py:156} INFO - Started process (PID=5014) to work on /home/airflow/.local/lib/python3.7/site-packages/airflow/example_dags/example_xcom.py
[2023-05-03T09:58:58.846+0000] {processor.py:799} INFO - Processing file /home/airflow/.local/lib/python3.7/site-packages/airflow/example_dags/example_xcom.py for tasks to queue
[2023-05-03T09:58:58.848+0000] {logging_mixin.py:149} INFO - [2023-05-03T09:58:58.847+0000] {dagbag.py:541} INFO - Filling up the DagBag from /home/airflow/.local/lib/python3.7/site-packages/airflow/example_dags/example_xcom.py
[2023-05-03T09:58:58.874+0000] {processor.py:809} INFO - DAG(s) dict_keys(['example_xcom']) retrieved from /home/airflow/.local/lib/python3.7/site-packages/airflow/example_dags/example_xcom.py
[2023-05-03T09:58:58.930+0000] {logging_mixin.py:149} INFO - [2023-05-03T09:58:58.929+0000] {dag.py:2726} INFO - Sync 1 DAGs
[2023-05-03T09:58:59.249+0000] {logging_mixin.py:149} INFO - [2023-05-03T09:58:59.249+0000] {dag.py:3490} INFO - Setting next_dagrun for example_xcom to 2021-01-01T00:00:00+00:00, run_after=2021-01-01T00:00:00+00:00
[2023-05-03T09:58:59.293+0000] {processor.py:178} INFO - Processing /home/airflow/.local/lib/python3.7/site-packages/airflow/example_dags/example_xcom.py took 0.457 seconds
[2023-05-03T09:59:30.169+0000] {processor.py:156} INFO - Started process (PID=5249) to work on /home/airflow/.local/lib/python3.7/site-packages/airflow/example_dags/example_xcom.py
[2023-05-03T09:59:30.181+0000] {processor.py:799} INFO - Processing file /home/airflow/.local/lib/python3.7/site-packages/airflow/example_dags/example_xcom.py for tasks to queue
[2023-05-03T09:59:30.199+0000] {logging_mixin.py:149} INFO - [2023-05-03T09:59:30.191+0000] {dagbag.py:541} INFO - Filling up the DagBag from /home/airflow/.local/lib/python3.7/site-packages/airflow/example_dags/example_xcom.py
[2023-05-03T09:59:30.221+0000] {processor.py:809} INFO - DAG(s) dict_keys(['example_xcom']) retrieved from /home/airflow/.local/lib/python3.7/site-packages/airflow/example_dags/example_xcom.py
[2023-05-03T09:59:30.296+0000] {logging_mixin.py:149} INFO - [2023-05-03T09:59:30.296+0000] {dag.py:2726} INFO - Sync 1 DAGs
[2023-05-03T09:59:30.376+0000] {logging_mixin.py:149} INFO - [2023-05-03T09:59:30.375+0000] {dag.py:3490} INFO - Setting next_dagrun for example_xcom to 2021-01-01T00:00:00+00:00, run_after=2021-01-01T00:00:00+00:00
[2023-05-03T09:59:30.446+0000] {processor.py:178} INFO - Processing /home/airflow/.local/lib/python3.7/site-packages/airflow/example_dags/example_xcom.py took 0.282 seconds
[2023-05-03T10:00:01.420+0000] {processor.py:156} INFO - Started process (PID=5486) to work on /home/airflow/.local/lib/python3.7/site-packages/airflow/example_dags/example_xcom.py
[2023-05-03T10:00:01.422+0000] {processor.py:799} INFO - Processing file /home/airflow/.local/lib/python3.7/site-packages/airflow/example_dags/example_xcom.py for tasks to queue
[2023-05-03T10:00:01.424+0000] {logging_mixin.py:149} INFO - [2023-05-03T10:00:01.424+0000] {dagbag.py:541} INFO - Filling up the DagBag from /home/airflow/.local/lib/python3.7/site-packages/airflow/example_dags/example_xcom.py
[2023-05-03T10:00:01.444+0000] {processor.py:809} INFO - DAG(s) dict_keys(['example_xcom']) retrieved from /home/airflow/.local/lib/python3.7/site-packages/airflow/example_dags/example_xcom.py
[2023-05-03T10:00:01.529+0000] {logging_mixin.py:149} INFO - [2023-05-03T10:00:01.529+0000] {dag.py:2726} INFO - Sync 1 DAGs
[2023-05-03T10:00:01.589+0000] {logging_mixin.py:149} INFO - [2023-05-03T10:00:01.588+0000] {dag.py:3490} INFO - Setting next_dagrun for example_xcom to 2021-01-01T00:00:00+00:00, run_after=2021-01-01T00:00:00+00:00
[2023-05-03T10:00:01.648+0000] {processor.py:178} INFO - Processing /home/airflow/.local/lib/python3.7/site-packages/airflow/example_dags/example_xcom.py took 0.235 seconds
[2023-05-03T10:00:32.692+0000] {processor.py:156} INFO - Started process (PID=5722) to work on /home/airflow/.local/lib/python3.7/site-packages/airflow/example_dags/example_xcom.py
[2023-05-03T10:00:32.694+0000] {processor.py:799} INFO - Processing file /home/airflow/.local/lib/python3.7/site-packages/airflow/example_dags/example_xcom.py for tasks to queue
[2023-05-03T10:00:32.697+0000] {logging_mixin.py:149} INFO - [2023-05-03T10:00:32.696+0000] {dagbag.py:541} INFO - Filling up the DagBag from /home/airflow/.local/lib/python3.7/site-packages/airflow/example_dags/example_xcom.py
[2023-05-03T10:00:32.714+0000] {processor.py:809} INFO - DAG(s) dict_keys(['example_xcom']) retrieved from /home/airflow/.local/lib/python3.7/site-packages/airflow/example_dags/example_xcom.py
[2023-05-03T10:00:32.784+0000] {logging_mixin.py:149} INFO - [2023-05-03T10:00:32.783+0000] {dag.py:2726} INFO - Sync 1 DAGs
[2023-05-03T10:00:32.847+0000] {logging_mixin.py:149} INFO - [2023-05-03T10:00:32.847+0000] {dag.py:3490} INFO - Setting next_dagrun for example_xcom to 2021-01-01T00:00:00+00:00, run_after=2021-01-01T00:00:00+00:00
[2023-05-03T10:00:32.921+0000] {processor.py:178} INFO - Processing /home/airflow/.local/lib/python3.7/site-packages/airflow/example_dags/example_xcom.py took 0.233 seconds
[2023-05-03T10:01:03.798+0000] {processor.py:156} INFO - Started process (PID=5958) to work on /home/airflow/.local/lib/python3.7/site-packages/airflow/example_dags/example_xcom.py
[2023-05-03T10:01:03.800+0000] {processor.py:799} INFO - Processing file /home/airflow/.local/lib/python3.7/site-packages/airflow/example_dags/example_xcom.py for tasks to queue
[2023-05-03T10:01:03.802+0000] {logging_mixin.py:149} INFO - [2023-05-03T10:01:03.801+0000] {dagbag.py:541} INFO - Filling up the DagBag from /home/airflow/.local/lib/python3.7/site-packages/airflow/example_dags/example_xcom.py
[2023-05-03T10:01:03.819+0000] {processor.py:809} INFO - DAG(s) dict_keys(['example_xcom']) retrieved from /home/airflow/.local/lib/python3.7/site-packages/airflow/example_dags/example_xcom.py
[2023-05-03T10:01:03.863+0000] {logging_mixin.py:149} INFO - [2023-05-03T10:01:03.863+0000] {dag.py:2726} INFO - Sync 1 DAGs
[2023-05-03T10:01:03.934+0000] {logging_mixin.py:149} INFO - [2023-05-03T10:01:03.933+0000] {dag.py:3490} INFO - Setting next_dagrun for example_xcom to 2021-01-01T00:00:00+00:00, run_after=2021-01-01T00:00:00+00:00
[2023-05-03T10:01:03.983+0000] {processor.py:178} INFO - Processing /home/airflow/.local/lib/python3.7/site-packages/airflow/example_dags/example_xcom.py took 0.190 seconds
[2023-05-03T10:01:34.284+0000] {processor.py:156} INFO - Started process (PID=6189) to work on /home/airflow/.local/lib/python3.7/site-packages/airflow/example_dags/example_xcom.py
[2023-05-03T10:01:34.285+0000] {processor.py:799} INFO - Processing file /home/airflow/.local/lib/python3.7/site-packages/airflow/example_dags/example_xcom.py for tasks to queue
[2023-05-03T10:01:34.287+0000] {logging_mixin.py:149} INFO - [2023-05-03T10:01:34.287+0000] {dagbag.py:541} INFO - Filling up the DagBag from /home/airflow/.local/lib/python3.7/site-packages/airflow/example_dags/example_xcom.py
[2023-05-03T10:01:34.302+0000] {processor.py:809} INFO - DAG(s) dict_keys(['example_xcom']) retrieved from /home/airflow/.local/lib/python3.7/site-packages/airflow/example_dags/example_xcom.py
[2023-05-03T10:01:34.359+0000] {logging_mixin.py:149} INFO - [2023-05-03T10:01:34.359+0000] {dag.py:2726} INFO - Sync 1 DAGs
[2023-05-03T10:01:34.420+0000] {logging_mixin.py:149} INFO - [2023-05-03T10:01:34.419+0000] {dag.py:3490} INFO - Setting next_dagrun for example_xcom to 2021-01-01T00:00:00+00:00, run_after=2021-01-01T00:00:00+00:00
[2023-05-03T10:01:34.478+0000] {processor.py:178} INFO - Processing /home/airflow/.local/lib/python3.7/site-packages/airflow/example_dags/example_xcom.py took 0.201 seconds
[2023-05-03T10:45:57.128+0000] {processor.py:156} INFO - Started process (PID=6508) to work on /home/airflow/.local/lib/python3.7/site-packages/airflow/example_dags/example_xcom.py
[2023-05-03T10:45:57.834+0000] {processor.py:799} INFO - Processing file /home/airflow/.local/lib/python3.7/site-packages/airflow/example_dags/example_xcom.py for tasks to queue
[2023-05-03T10:45:58.163+0000] {logging_mixin.py:149} INFO - [2023-05-03T10:45:58.162+0000] {dagbag.py:541} INFO - Filling up the DagBag from /home/airflow/.local/lib/python3.7/site-packages/airflow/example_dags/example_xcom.py
[2023-05-03T10:46:00.941+0000] {processor.py:809} INFO - DAG(s) dict_keys(['example_xcom']) retrieved from /home/airflow/.local/lib/python3.7/site-packages/airflow/example_dags/example_xcom.py
[2023-05-03T10:46:03.793+0000] {logging_mixin.py:149} INFO - [2023-05-03T10:46:03.788+0000] {dag.py:2726} INFO - Sync 1 DAGs
[2023-05-03T10:46:04.573+0000] {logging_mixin.py:149} INFO - [2023-05-03T10:46:04.572+0000] {dag.py:3490} INFO - Setting next_dagrun for example_xcom to 2021-01-01T00:00:00+00:00, run_after=2021-01-01T00:00:00+00:00
[2023-05-03T10:46:05.371+0000] {processor.py:178} INFO - Processing /home/airflow/.local/lib/python3.7/site-packages/airflow/example_dags/example_xcom.py took 9.878 seconds
[2023-05-03T10:47:50.581+0000] {processor.py:156} INFO - Started process (PID=6873) to work on /home/airflow/.local/lib/python3.7/site-packages/airflow/example_dags/example_xcom.py
[2023-05-03T10:47:50.592+0000] {processor.py:799} INFO - Processing file /home/airflow/.local/lib/python3.7/site-packages/airflow/example_dags/example_xcom.py for tasks to queue
[2023-05-03T10:47:50.593+0000] {logging_mixin.py:149} INFO - [2023-05-03T10:47:50.593+0000] {dagbag.py:541} INFO - Filling up the DagBag from /home/airflow/.local/lib/python3.7/site-packages/airflow/example_dags/example_xcom.py
[2023-05-03T10:47:50.616+0000] {processor.py:809} INFO - DAG(s) dict_keys(['example_xcom']) retrieved from /home/airflow/.local/lib/python3.7/site-packages/airflow/example_dags/example_xcom.py
[2023-05-03T10:47:50.729+0000] {logging_mixin.py:149} INFO - [2023-05-03T10:47:50.728+0000] {dag.py:2726} INFO - Sync 1 DAGs
[2023-05-03T10:47:50.863+0000] {logging_mixin.py:149} INFO - [2023-05-03T10:47:50.863+0000] {dag.py:3490} INFO - Setting next_dagrun for example_xcom to 2021-01-01T00:00:00+00:00, run_after=2021-01-01T00:00:00+00:00
[2023-05-03T10:47:51.046+0000] {processor.py:178} INFO - Processing /home/airflow/.local/lib/python3.7/site-packages/airflow/example_dags/example_xcom.py took 0.474 seconds
[2023-05-03T10:48:21.468+0000] {processor.py:156} INFO - Started process (PID=7107) to work on /home/airflow/.local/lib/python3.7/site-packages/airflow/example_dags/example_xcom.py
[2023-05-03T10:48:21.480+0000] {processor.py:799} INFO - Processing file /home/airflow/.local/lib/python3.7/site-packages/airflow/example_dags/example_xcom.py for tasks to queue
[2023-05-03T10:48:21.489+0000] {logging_mixin.py:149} INFO - [2023-05-03T10:48:21.488+0000] {dagbag.py:541} INFO - Filling up the DagBag from /home/airflow/.local/lib/python3.7/site-packages/airflow/example_dags/example_xcom.py
[2023-05-03T10:48:21.531+0000] {processor.py:809} INFO - DAG(s) dict_keys(['example_xcom']) retrieved from /home/airflow/.local/lib/python3.7/site-packages/airflow/example_dags/example_xcom.py
[2023-05-03T10:48:21.605+0000] {logging_mixin.py:149} INFO - [2023-05-03T10:48:21.605+0000] {dag.py:2726} INFO - Sync 1 DAGs
[2023-05-03T10:48:21.737+0000] {logging_mixin.py:149} INFO - [2023-05-03T10:48:21.737+0000] {dag.py:3490} INFO - Setting next_dagrun for example_xcom to 2021-01-01T00:00:00+00:00, run_after=2021-01-01T00:00:00+00:00
[2023-05-03T10:48:21.854+0000] {processor.py:178} INFO - Processing /home/airflow/.local/lib/python3.7/site-packages/airflow/example_dags/example_xcom.py took 0.396 seconds
[2023-05-03T10:48:52.221+0000] {processor.py:156} INFO - Started process (PID=7345) to work on /home/airflow/.local/lib/python3.7/site-packages/airflow/example_dags/example_xcom.py
[2023-05-03T10:48:52.234+0000] {processor.py:799} INFO - Processing file /home/airflow/.local/lib/python3.7/site-packages/airflow/example_dags/example_xcom.py for tasks to queue
[2023-05-03T10:48:52.235+0000] {logging_mixin.py:149} INFO - [2023-05-03T10:48:52.235+0000] {dagbag.py:541} INFO - Filling up the DagBag from /home/airflow/.local/lib/python3.7/site-packages/airflow/example_dags/example_xcom.py
[2023-05-03T10:48:52.260+0000] {processor.py:809} INFO - DAG(s) dict_keys(['example_xcom']) retrieved from /home/airflow/.local/lib/python3.7/site-packages/airflow/example_dags/example_xcom.py
[2023-05-03T10:48:52.323+0000] {logging_mixin.py:149} INFO - [2023-05-03T10:48:52.322+0000] {dag.py:2726} INFO - Sync 1 DAGs
[2023-05-03T10:48:52.416+0000] {logging_mixin.py:149} INFO - [2023-05-03T10:48:52.415+0000] {dag.py:3490} INFO - Setting next_dagrun for example_xcom to 2021-01-01T00:00:00+00:00, run_after=2021-01-01T00:00:00+00:00
[2023-05-03T10:48:52.505+0000] {processor.py:178} INFO - Processing /home/airflow/.local/lib/python3.7/site-packages/airflow/example_dags/example_xcom.py took 0.305 seconds
[2023-05-03T10:49:25.178+0000] {processor.py:156} INFO - Started process (PID=7581) to work on /home/airflow/.local/lib/python3.7/site-packages/airflow/example_dags/example_xcom.py
[2023-05-03T10:49:25.192+0000] {processor.py:799} INFO - Processing file /home/airflow/.local/lib/python3.7/site-packages/airflow/example_dags/example_xcom.py for tasks to queue
[2023-05-03T10:49:25.194+0000] {logging_mixin.py:149} INFO - [2023-05-03T10:49:25.194+0000] {dagbag.py:541} INFO - Filling up the DagBag from /home/airflow/.local/lib/python3.7/site-packages/airflow/example_dags/example_xcom.py
[2023-05-03T10:49:25.218+0000] {processor.py:809} INFO - DAG(s) dict_keys(['example_xcom']) retrieved from /home/airflow/.local/lib/python3.7/site-packages/airflow/example_dags/example_xcom.py
[2023-05-03T10:49:25.351+0000] {logging_mixin.py:149} INFO - [2023-05-03T10:49:25.348+0000] {dag.py:2726} INFO - Sync 1 DAGs
[2023-05-03T10:49:25.439+0000] {logging_mixin.py:149} INFO - [2023-05-03T10:49:25.439+0000] {dag.py:3490} INFO - Setting next_dagrun for example_xcom to 2021-01-01T00:00:00+00:00, run_after=2021-01-01T00:00:00+00:00
[2023-05-03T10:49:25.528+0000] {processor.py:178} INFO - Processing /home/airflow/.local/lib/python3.7/site-packages/airflow/example_dags/example_xcom.py took 0.356 seconds
[2023-05-03T10:50:01.498+0000] {processor.py:156} INFO - Started process (PID=7817) to work on /home/airflow/.local/lib/python3.7/site-packages/airflow/example_dags/example_xcom.py
[2023-05-03T10:50:01.500+0000] {processor.py:799} INFO - Processing file /home/airflow/.local/lib/python3.7/site-packages/airflow/example_dags/example_xcom.py for tasks to queue
[2023-05-03T10:50:01.510+0000] {logging_mixin.py:149} INFO - [2023-05-03T10:50:01.502+0000] {dagbag.py:541} INFO - Filling up the DagBag from /home/airflow/.local/lib/python3.7/site-packages/airflow/example_dags/example_xcom.py
[2023-05-03T10:50:01.533+0000] {processor.py:809} INFO - DAG(s) dict_keys(['example_xcom']) retrieved from /home/airflow/.local/lib/python3.7/site-packages/airflow/example_dags/example_xcom.py
[2023-05-03T10:50:01.636+0000] {logging_mixin.py:149} INFO - [2023-05-03T10:50:01.636+0000] {dag.py:2726} INFO - Sync 1 DAGs
[2023-05-03T10:50:01.773+0000] {logging_mixin.py:149} INFO - [2023-05-03T10:50:01.773+0000] {dag.py:3490} INFO - Setting next_dagrun for example_xcom to 2021-01-01T00:00:00+00:00, run_after=2021-01-01T00:00:00+00:00
[2023-05-03T10:50:01.884+0000] {processor.py:178} INFO - Processing /home/airflow/.local/lib/python3.7/site-packages/airflow/example_dags/example_xcom.py took 0.396 seconds
[2023-05-03T10:50:34.217+0000] {processor.py:156} INFO - Started process (PID=8052) to work on /home/airflow/.local/lib/python3.7/site-packages/airflow/example_dags/example_xcom.py
[2023-05-03T10:50:34.219+0000] {processor.py:799} INFO - Processing file /home/airflow/.local/lib/python3.7/site-packages/airflow/example_dags/example_xcom.py for tasks to queue
[2023-05-03T10:50:34.221+0000] {logging_mixin.py:149} INFO - [2023-05-03T10:50:34.221+0000] {dagbag.py:541} INFO - Filling up the DagBag from /home/airflow/.local/lib/python3.7/site-packages/airflow/example_dags/example_xcom.py
[2023-05-03T10:50:34.241+0000] {processor.py:809} INFO - DAG(s) dict_keys(['example_xcom']) retrieved from /home/airflow/.local/lib/python3.7/site-packages/airflow/example_dags/example_xcom.py
[2023-05-03T10:50:34.321+0000] {logging_mixin.py:149} INFO - [2023-05-03T10:50:34.320+0000] {dag.py:2726} INFO - Sync 1 DAGs
[2023-05-03T10:50:34.419+0000] {logging_mixin.py:149} INFO - [2023-05-03T10:50:34.419+0000] {dag.py:3490} INFO - Setting next_dagrun for example_xcom to 2021-01-01T00:00:00+00:00, run_after=2021-01-01T00:00:00+00:00
[2023-05-03T10:50:34.488+0000] {processor.py:178} INFO - Processing /home/airflow/.local/lib/python3.7/site-packages/airflow/example_dags/example_xcom.py took 0.281 seconds
[2023-05-03T10:51:05.153+0000] {processor.py:156} INFO - Started process (PID=8282) to work on /home/airflow/.local/lib/python3.7/site-packages/airflow/example_dags/example_xcom.py
[2023-05-03T10:51:05.155+0000] {processor.py:799} INFO - Processing file /home/airflow/.local/lib/python3.7/site-packages/airflow/example_dags/example_xcom.py for tasks to queue
[2023-05-03T10:51:05.160+0000] {logging_mixin.py:149} INFO - [2023-05-03T10:51:05.159+0000] {dagbag.py:541} INFO - Filling up the DagBag from /home/airflow/.local/lib/python3.7/site-packages/airflow/example_dags/example_xcom.py
[2023-05-03T10:51:05.195+0000] {processor.py:809} INFO - DAG(s) dict_keys(['example_xcom']) retrieved from /home/airflow/.local/lib/python3.7/site-packages/airflow/example_dags/example_xcom.py
[2023-05-03T10:51:05.314+0000] {logging_mixin.py:149} INFO - [2023-05-03T10:51:05.313+0000] {dag.py:2726} INFO - Sync 1 DAGs
[2023-05-03T10:51:05.451+0000] {logging_mixin.py:149} INFO - [2023-05-03T10:51:05.449+0000] {dag.py:3490} INFO - Setting next_dagrun for example_xcom to 2021-01-01T00:00:00+00:00, run_after=2021-01-01T00:00:00+00:00
[2023-05-03T10:51:05.529+0000] {processor.py:178} INFO - Processing /home/airflow/.local/lib/python3.7/site-packages/airflow/example_dags/example_xcom.py took 0.383 seconds
[2023-05-03T10:51:35.750+0000] {processor.py:156} INFO - Started process (PID=8518) to work on /home/airflow/.local/lib/python3.7/site-packages/airflow/example_dags/example_xcom.py
[2023-05-03T10:51:35.753+0000] {processor.py:799} INFO - Processing file /home/airflow/.local/lib/python3.7/site-packages/airflow/example_dags/example_xcom.py for tasks to queue
[2023-05-03T10:51:35.755+0000] {logging_mixin.py:149} INFO - [2023-05-03T10:51:35.755+0000] {dagbag.py:541} INFO - Filling up the DagBag from /home/airflow/.local/lib/python3.7/site-packages/airflow/example_dags/example_xcom.py
[2023-05-03T10:51:35.775+0000] {processor.py:809} INFO - DAG(s) dict_keys(['example_xcom']) retrieved from /home/airflow/.local/lib/python3.7/site-packages/airflow/example_dags/example_xcom.py
[2023-05-03T10:51:35.844+0000] {logging_mixin.py:149} INFO - [2023-05-03T10:51:35.844+0000] {dag.py:2726} INFO - Sync 1 DAGs
[2023-05-03T10:51:35.917+0000] {logging_mixin.py:149} INFO - [2023-05-03T10:51:35.917+0000] {dag.py:3490} INFO - Setting next_dagrun for example_xcom to 2021-01-01T00:00:00+00:00, run_after=2021-01-01T00:00:00+00:00
[2023-05-03T10:51:35.964+0000] {processor.py:178} INFO - Processing /home/airflow/.local/lib/python3.7/site-packages/airflow/example_dags/example_xcom.py took 0.223 seconds
[2023-05-03T10:52:07.918+0000] {processor.py:156} INFO - Started process (PID=8754) to work on /home/airflow/.local/lib/python3.7/site-packages/airflow/example_dags/example_xcom.py
[2023-05-03T10:52:07.924+0000] {processor.py:799} INFO - Processing file /home/airflow/.local/lib/python3.7/site-packages/airflow/example_dags/example_xcom.py for tasks to queue
[2023-05-03T10:52:07.932+0000] {logging_mixin.py:149} INFO - [2023-05-03T10:52:07.932+0000] {dagbag.py:541} INFO - Filling up the DagBag from /home/airflow/.local/lib/python3.7/site-packages/airflow/example_dags/example_xcom.py
[2023-05-03T10:52:07.958+0000] {processor.py:809} INFO - DAG(s) dict_keys(['example_xcom']) retrieved from /home/airflow/.local/lib/python3.7/site-packages/airflow/example_dags/example_xcom.py
[2023-05-03T10:52:08.041+0000] {logging_mixin.py:149} INFO - [2023-05-03T10:52:08.031+0000] {dag.py:2726} INFO - Sync 1 DAGs
[2023-05-03T10:52:08.138+0000] {logging_mixin.py:149} INFO - [2023-05-03T10:52:08.138+0000] {dag.py:3490} INFO - Setting next_dagrun for example_xcom to 2021-01-01T00:00:00+00:00, run_after=2021-01-01T00:00:00+00:00
[2023-05-03T10:52:08.218+0000] {processor.py:178} INFO - Processing /home/airflow/.local/lib/python3.7/site-packages/airflow/example_dags/example_xcom.py took 0.311 seconds
[2023-05-03T10:52:38.400+0000] {processor.py:156} INFO - Started process (PID=8981) to work on /home/airflow/.local/lib/python3.7/site-packages/airflow/example_dags/example_xcom.py
[2023-05-03T10:52:38.405+0000] {processor.py:799} INFO - Processing file /home/airflow/.local/lib/python3.7/site-packages/airflow/example_dags/example_xcom.py for tasks to queue
[2023-05-03T10:52:38.411+0000] {logging_mixin.py:149} INFO - [2023-05-03T10:52:38.411+0000] {dagbag.py:541} INFO - Filling up the DagBag from /home/airflow/.local/lib/python3.7/site-packages/airflow/example_dags/example_xcom.py
[2023-05-03T10:52:38.435+0000] {processor.py:809} INFO - DAG(s) dict_keys(['example_xcom']) retrieved from /home/airflow/.local/lib/python3.7/site-packages/airflow/example_dags/example_xcom.py
[2023-05-03T10:52:38.515+0000] {logging_mixin.py:149} INFO - [2023-05-03T10:52:38.515+0000] {dag.py:2726} INFO - Sync 1 DAGs
[2023-05-03T10:52:38.682+0000] {logging_mixin.py:149} INFO - [2023-05-03T10:52:38.679+0000] {dag.py:3490} INFO - Setting next_dagrun for example_xcom to 2021-01-01T00:00:00+00:00, run_after=2021-01-01T00:00:00+00:00
[2023-05-03T10:52:38.767+0000] {processor.py:178} INFO - Processing /home/airflow/.local/lib/python3.7/site-packages/airflow/example_dags/example_xcom.py took 0.372 seconds
[2023-05-03T10:53:11.148+0000] {processor.py:156} INFO - Started process (PID=9214) to work on /home/airflow/.local/lib/python3.7/site-packages/airflow/example_dags/example_xcom.py
[2023-05-03T10:53:11.149+0000] {processor.py:799} INFO - Processing file /home/airflow/.local/lib/python3.7/site-packages/airflow/example_dags/example_xcom.py for tasks to queue
[2023-05-03T10:53:11.151+0000] {logging_mixin.py:149} INFO - [2023-05-03T10:53:11.151+0000] {dagbag.py:541} INFO - Filling up the DagBag from /home/airflow/.local/lib/python3.7/site-packages/airflow/example_dags/example_xcom.py
[2023-05-03T10:53:11.171+0000] {processor.py:809} INFO - DAG(s) dict_keys(['example_xcom']) retrieved from /home/airflow/.local/lib/python3.7/site-packages/airflow/example_dags/example_xcom.py
[2023-05-03T10:53:11.247+0000] {logging_mixin.py:149} INFO - [2023-05-03T10:53:11.246+0000] {dag.py:2726} INFO - Sync 1 DAGs
[2023-05-03T10:53:11.314+0000] {logging_mixin.py:149} INFO - [2023-05-03T10:53:11.314+0000] {dag.py:3490} INFO - Setting next_dagrun for example_xcom to 2021-01-01T00:00:00+00:00, run_after=2021-01-01T00:00:00+00:00
[2023-05-03T10:53:11.376+0000] {processor.py:178} INFO - Processing /home/airflow/.local/lib/python3.7/site-packages/airflow/example_dags/example_xcom.py took 0.239 seconds
[2023-05-03T10:53:43.250+0000] {processor.py:156} INFO - Started process (PID=9450) to work on /home/airflow/.local/lib/python3.7/site-packages/airflow/example_dags/example_xcom.py
[2023-05-03T10:53:43.257+0000] {processor.py:799} INFO - Processing file /home/airflow/.local/lib/python3.7/site-packages/airflow/example_dags/example_xcom.py for tasks to queue
[2023-05-03T10:53:43.258+0000] {logging_mixin.py:149} INFO - [2023-05-03T10:53:43.258+0000] {dagbag.py:541} INFO - Filling up the DagBag from /home/airflow/.local/lib/python3.7/site-packages/airflow/example_dags/example_xcom.py
[2023-05-03T10:53:43.282+0000] {processor.py:809} INFO - DAG(s) dict_keys(['example_xcom']) retrieved from /home/airflow/.local/lib/python3.7/site-packages/airflow/example_dags/example_xcom.py
[2023-05-03T10:53:43.343+0000] {logging_mixin.py:149} INFO - [2023-05-03T10:53:43.343+0000] {dag.py:2726} INFO - Sync 1 DAGs
[2023-05-03T10:53:43.410+0000] {logging_mixin.py:149} INFO - [2023-05-03T10:53:43.410+0000] {dag.py:3490} INFO - Setting next_dagrun for example_xcom to 2021-01-01T00:00:00+00:00, run_after=2021-01-01T00:00:00+00:00
[2023-05-03T10:53:43.509+0000] {processor.py:178} INFO - Processing /home/airflow/.local/lib/python3.7/site-packages/airflow/example_dags/example_xcom.py took 0.268 seconds
[2023-05-03T10:54:13.663+0000] {processor.py:156} INFO - Started process (PID=9684) to work on /home/airflow/.local/lib/python3.7/site-packages/airflow/example_dags/example_xcom.py
[2023-05-03T10:54:13.668+0000] {processor.py:799} INFO - Processing file /home/airflow/.local/lib/python3.7/site-packages/airflow/example_dags/example_xcom.py for tasks to queue
[2023-05-03T10:54:13.676+0000] {logging_mixin.py:149} INFO - [2023-05-03T10:54:13.676+0000] {dagbag.py:541} INFO - Filling up the DagBag from /home/airflow/.local/lib/python3.7/site-packages/airflow/example_dags/example_xcom.py
[2023-05-03T10:54:13.700+0000] {processor.py:809} INFO - DAG(s) dict_keys(['example_xcom']) retrieved from /home/airflow/.local/lib/python3.7/site-packages/airflow/example_dags/example_xcom.py
[2023-05-03T10:54:13.797+0000] {logging_mixin.py:149} INFO - [2023-05-03T10:54:13.797+0000] {dag.py:2726} INFO - Sync 1 DAGs
[2023-05-03T10:54:13.908+0000] {logging_mixin.py:149} INFO - [2023-05-03T10:54:13.907+0000] {dag.py:3490} INFO - Setting next_dagrun for example_xcom to 2021-01-01T00:00:00+00:00, run_after=2021-01-01T00:00:00+00:00
[2023-05-03T10:54:13.976+0000] {processor.py:178} INFO - Processing /home/airflow/.local/lib/python3.7/site-packages/airflow/example_dags/example_xcom.py took 0.328 seconds
[2023-05-03T10:54:54.247+0000] {processor.py:156} INFO - Started process (PID=9921) to work on /home/airflow/.local/lib/python3.7/site-packages/airflow/example_dags/example_xcom.py
[2023-05-03T10:54:54.250+0000] {processor.py:799} INFO - Processing file /home/airflow/.local/lib/python3.7/site-packages/airflow/example_dags/example_xcom.py for tasks to queue
[2023-05-03T10:54:54.260+0000] {logging_mixin.py:149} INFO - [2023-05-03T10:54:54.251+0000] {dagbag.py:541} INFO - Filling up the DagBag from /home/airflow/.local/lib/python3.7/site-packages/airflow/example_dags/example_xcom.py
[2023-05-03T10:54:54.286+0000] {processor.py:809} INFO - DAG(s) dict_keys(['example_xcom']) retrieved from /home/airflow/.local/lib/python3.7/site-packages/airflow/example_dags/example_xcom.py
[2023-05-03T10:54:54.390+0000] {logging_mixin.py:149} INFO - [2023-05-03T10:54:54.389+0000] {dag.py:2726} INFO - Sync 1 DAGs
[2023-05-03T10:54:54.517+0000] {logging_mixin.py:149} INFO - [2023-05-03T10:54:54.516+0000] {dag.py:3490} INFO - Setting next_dagrun for example_xcom to 2021-01-01T00:00:00+00:00, run_after=2021-01-01T00:00:00+00:00
[2023-05-03T10:54:54.589+0000] {processor.py:178} INFO - Processing /home/airflow/.local/lib/python3.7/site-packages/airflow/example_dags/example_xcom.py took 0.347 seconds
