[2023-05-03T09:31:23.497+0000] {processor.py:156} INFO - Started process (PID=266) to work on /home/airflow/.local/lib/python3.7/site-packages/airflow/example_dags/example_latest_only.py
[2023-05-03T09:31:23.501+0000] {processor.py:799} INFO - Processing file /home/airflow/.local/lib/python3.7/site-packages/airflow/example_dags/example_latest_only.py for tasks to queue
[2023-05-03T09:31:23.502+0000] {logging_mixin.py:149} INFO - [2023-05-03T09:31:23.502+0000] {dagbag.py:541} INFO - Filling up the DagBag from /home/airflow/.local/lib/python3.7/site-packages/airflow/example_dags/example_latest_only.py
[2023-05-03T09:31:23.525+0000] {processor.py:809} INFO - DAG(s) dict_keys(['latest_only']) retrieved from /home/airflow/.local/lib/python3.7/site-packages/airflow/example_dags/example_latest_only.py
[2023-05-03T09:31:23.609+0000] {logging_mixin.py:149} INFO - [2023-05-03T09:31:23.609+0000] {dag.py:2726} INFO - Sync 1 DAGs
[2023-05-03T09:31:23.680+0000] {logging_mixin.py:149} INFO - [2023-05-03T09:31:23.679+0000] {dag.py:3490} INFO - Setting next_dagrun for latest_only to 2023-05-03T05:31:23.678028+00:00, run_after=2023-05-03T09:31:23.678028+00:00
[2023-05-03T09:31:23.744+0000] {processor.py:178} INFO - Processing /home/airflow/.local/lib/python3.7/site-packages/airflow/example_dags/example_latest_only.py took 0.256 seconds
[2023-05-03T09:32:05.982+0000] {processor.py:156} INFO - Started process (PID=502) to work on /home/airflow/.local/lib/python3.7/site-packages/airflow/example_dags/example_latest_only.py
[2023-05-03T09:32:05.988+0000] {processor.py:799} INFO - Processing file /home/airflow/.local/lib/python3.7/site-packages/airflow/example_dags/example_latest_only.py for tasks to queue
[2023-05-03T09:32:05.994+0000] {logging_mixin.py:149} INFO - [2023-05-03T09:32:05.994+0000] {dagbag.py:541} INFO - Filling up the DagBag from /home/airflow/.local/lib/python3.7/site-packages/airflow/example_dags/example_latest_only.py
[2023-05-03T09:32:06.012+0000] {processor.py:809} INFO - DAG(s) dict_keys(['latest_only']) retrieved from /home/airflow/.local/lib/python3.7/site-packages/airflow/example_dags/example_latest_only.py
[2023-05-03T09:32:06.089+0000] {logging_mixin.py:149} INFO - [2023-05-03T09:32:06.088+0000] {dag.py:2726} INFO - Sync 1 DAGs
[2023-05-03T09:32:06.803+0000] {logging_mixin.py:149} INFO - [2023-05-03T09:32:06.803+0000] {dag.py:3490} INFO - Setting next_dagrun for latest_only to 2023-05-03T05:32:06.802741+00:00, run_after=2023-05-03T09:32:06.802741+00:00
[2023-05-03T09:32:06.852+0000] {processor.py:178} INFO - Processing /home/airflow/.local/lib/python3.7/site-packages/airflow/example_dags/example_latest_only.py took 0.875 seconds
[2023-05-03T09:32:40.316+0000] {processor.py:156} INFO - Started process (PID=740) to work on /home/airflow/.local/lib/python3.7/site-packages/airflow/example_dags/example_latest_only.py
[2023-05-03T09:32:40.319+0000] {processor.py:799} INFO - Processing file /home/airflow/.local/lib/python3.7/site-packages/airflow/example_dags/example_latest_only.py for tasks to queue
[2023-05-03T09:32:40.321+0000] {logging_mixin.py:149} INFO - [2023-05-03T09:32:40.320+0000] {dagbag.py:541} INFO - Filling up the DagBag from /home/airflow/.local/lib/python3.7/site-packages/airflow/example_dags/example_latest_only.py
[2023-05-03T09:32:40.332+0000] {processor.py:809} INFO - DAG(s) dict_keys(['latest_only']) retrieved from /home/airflow/.local/lib/python3.7/site-packages/airflow/example_dags/example_latest_only.py
[2023-05-03T09:32:40.371+0000] {logging_mixin.py:149} INFO - [2023-05-03T09:32:40.370+0000] {dag.py:2726} INFO - Sync 1 DAGs
[2023-05-03T09:32:40.412+0000] {logging_mixin.py:149} INFO - [2023-05-03T09:32:40.411+0000] {dag.py:3490} INFO - Setting next_dagrun for latest_only to 2023-05-03T05:32:40.410177+00:00, run_after=2023-05-03T09:32:40.410177+00:00
[2023-05-03T09:32:40.446+0000] {processor.py:178} INFO - Processing /home/airflow/.local/lib/python3.7/site-packages/airflow/example_dags/example_latest_only.py took 0.134 seconds
[2023-05-03T09:33:28.808+0000] {processor.py:156} INFO - Started process (PID=965) to work on /home/airflow/.local/lib/python3.7/site-packages/airflow/example_dags/example_latest_only.py
[2023-05-03T09:33:28.834+0000] {processor.py:799} INFO - Processing file /home/airflow/.local/lib/python3.7/site-packages/airflow/example_dags/example_latest_only.py for tasks to queue
[2023-05-03T09:33:29.028+0000] {logging_mixin.py:149} INFO - [2023-05-03T09:33:29.028+0000] {dagbag.py:541} INFO - Filling up the DagBag from /home/airflow/.local/lib/python3.7/site-packages/airflow/example_dags/example_latest_only.py
[2023-05-03T09:33:29.181+0000] {processor.py:809} INFO - DAG(s) dict_keys(['latest_only']) retrieved from /home/airflow/.local/lib/python3.7/site-packages/airflow/example_dags/example_latest_only.py
[2023-05-03T09:33:29.492+0000] {logging_mixin.py:149} INFO - [2023-05-03T09:33:29.492+0000] {dag.py:2726} INFO - Sync 1 DAGs
[2023-05-03T09:33:29.647+0000] {logging_mixin.py:149} INFO - [2023-05-03T09:33:29.646+0000] {dag.py:3490} INFO - Setting next_dagrun for latest_only to 2023-05-03T05:33:29.645305+00:00, run_after=2023-05-03T09:33:29.645305+00:00
[2023-05-03T09:33:29.768+0000] {processor.py:178} INFO - Processing /home/airflow/.local/lib/python3.7/site-packages/airflow/example_dags/example_latest_only.py took 0.964 seconds
[2023-05-03T09:34:03.213+0000] {processor.py:156} INFO - Started process (PID=1200) to work on /home/airflow/.local/lib/python3.7/site-packages/airflow/example_dags/example_latest_only.py
[2023-05-03T09:34:03.225+0000] {processor.py:799} INFO - Processing file /home/airflow/.local/lib/python3.7/site-packages/airflow/example_dags/example_latest_only.py for tasks to queue
[2023-05-03T09:34:03.240+0000] {logging_mixin.py:149} INFO - [2023-05-03T09:34:03.239+0000] {dagbag.py:541} INFO - Filling up the DagBag from /home/airflow/.local/lib/python3.7/site-packages/airflow/example_dags/example_latest_only.py
[2023-05-03T09:34:03.272+0000] {processor.py:809} INFO - DAG(s) dict_keys(['latest_only']) retrieved from /home/airflow/.local/lib/python3.7/site-packages/airflow/example_dags/example_latest_only.py
[2023-05-03T09:34:03.442+0000] {logging_mixin.py:149} INFO - [2023-05-03T09:34:03.442+0000] {dag.py:2726} INFO - Sync 1 DAGs
[2023-05-03T09:34:03.598+0000] {logging_mixin.py:149} INFO - [2023-05-03T09:34:03.598+0000] {dag.py:3490} INFO - Setting next_dagrun for latest_only to 2023-05-03T05:34:03.596149+00:00, run_after=2023-05-03T09:34:03.596149+00:00
[2023-05-03T09:34:03.807+0000] {processor.py:178} INFO - Processing /home/airflow/.local/lib/python3.7/site-packages/airflow/example_dags/example_latest_only.py took 0.600 seconds
[2023-05-03T09:34:35.182+0000] {processor.py:156} INFO - Started process (PID=1436) to work on /home/airflow/.local/lib/python3.7/site-packages/airflow/example_dags/example_latest_only.py
[2023-05-03T09:34:35.184+0000] {processor.py:799} INFO - Processing file /home/airflow/.local/lib/python3.7/site-packages/airflow/example_dags/example_latest_only.py for tasks to queue
[2023-05-03T09:34:35.186+0000] {logging_mixin.py:149} INFO - [2023-05-03T09:34:35.185+0000] {dagbag.py:541} INFO - Filling up the DagBag from /home/airflow/.local/lib/python3.7/site-packages/airflow/example_dags/example_latest_only.py
[2023-05-03T09:34:35.198+0000] {processor.py:809} INFO - DAG(s) dict_keys(['latest_only']) retrieved from /home/airflow/.local/lib/python3.7/site-packages/airflow/example_dags/example_latest_only.py
[2023-05-03T09:34:35.246+0000] {logging_mixin.py:149} INFO - [2023-05-03T09:34:35.246+0000] {dag.py:2726} INFO - Sync 1 DAGs
[2023-05-03T09:34:35.329+0000] {logging_mixin.py:149} INFO - [2023-05-03T09:34:35.329+0000] {dag.py:3490} INFO - Setting next_dagrun for latest_only to 2023-05-03T05:34:35.328910+00:00, run_after=2023-05-03T09:34:35.328910+00:00
[2023-05-03T09:34:35.428+0000] {processor.py:178} INFO - Processing /home/airflow/.local/lib/python3.7/site-packages/airflow/example_dags/example_latest_only.py took 0.252 seconds
[2023-05-03T09:35:06.809+0000] {processor.py:156} INFO - Started process (PID=1669) to work on /home/airflow/.local/lib/python3.7/site-packages/airflow/example_dags/example_latest_only.py
[2023-05-03T09:35:06.814+0000] {processor.py:799} INFO - Processing file /home/airflow/.local/lib/python3.7/site-packages/airflow/example_dags/example_latest_only.py for tasks to queue
[2023-05-03T09:35:06.816+0000] {logging_mixin.py:149} INFO - [2023-05-03T09:35:06.816+0000] {dagbag.py:541} INFO - Filling up the DagBag from /home/airflow/.local/lib/python3.7/site-packages/airflow/example_dags/example_latest_only.py
[2023-05-03T09:35:06.831+0000] {processor.py:809} INFO - DAG(s) dict_keys(['latest_only']) retrieved from /home/airflow/.local/lib/python3.7/site-packages/airflow/example_dags/example_latest_only.py
[2023-05-03T09:35:06.880+0000] {logging_mixin.py:149} INFO - [2023-05-03T09:35:06.880+0000] {dag.py:2726} INFO - Sync 1 DAGs
[2023-05-03T09:35:06.940+0000] {logging_mixin.py:149} INFO - [2023-05-03T09:35:06.940+0000] {dag.py:3490} INFO - Setting next_dagrun for latest_only to 2023-05-03T05:35:06.939837+00:00, run_after=2023-05-03T09:35:06.939837+00:00
[2023-05-03T09:35:06.984+0000] {processor.py:178} INFO - Processing /home/airflow/.local/lib/python3.7/site-packages/airflow/example_dags/example_latest_only.py took 0.186 seconds
[2023-05-03T09:35:45.649+0000] {processor.py:156} INFO - Started process (PID=1905) to work on /home/airflow/.local/lib/python3.7/site-packages/airflow/example_dags/example_latest_only.py
[2023-05-03T09:35:45.660+0000] {processor.py:799} INFO - Processing file /home/airflow/.local/lib/python3.7/site-packages/airflow/example_dags/example_latest_only.py for tasks to queue
[2023-05-03T09:35:45.666+0000] {logging_mixin.py:149} INFO - [2023-05-03T09:35:45.665+0000] {dagbag.py:541} INFO - Filling up the DagBag from /home/airflow/.local/lib/python3.7/site-packages/airflow/example_dags/example_latest_only.py
[2023-05-03T09:35:45.687+0000] {processor.py:809} INFO - DAG(s) dict_keys(['latest_only']) retrieved from /home/airflow/.local/lib/python3.7/site-packages/airflow/example_dags/example_latest_only.py
[2023-05-03T09:35:45.809+0000] {logging_mixin.py:149} INFO - [2023-05-03T09:35:45.809+0000] {dag.py:2726} INFO - Sync 1 DAGs
[2023-05-03T09:35:45.996+0000] {logging_mixin.py:149} INFO - [2023-05-03T09:35:45.996+0000] {dag.py:3490} INFO - Setting next_dagrun for latest_only to 2023-05-03T05:35:45.994766+00:00, run_after=2023-05-03T09:35:45.994766+00:00
[2023-05-03T09:35:46.065+0000] {processor.py:178} INFO - Processing /home/airflow/.local/lib/python3.7/site-packages/airflow/example_dags/example_latest_only.py took 0.428 seconds
[2023-05-03T09:36:19.507+0000] {processor.py:156} INFO - Started process (PID=2165) to work on /home/airflow/.local/lib/python3.7/site-packages/airflow/example_dags/example_latest_only.py
[2023-05-03T09:36:19.510+0000] {processor.py:799} INFO - Processing file /home/airflow/.local/lib/python3.7/site-packages/airflow/example_dags/example_latest_only.py for tasks to queue
[2023-05-03T09:36:19.513+0000] {logging_mixin.py:149} INFO - [2023-05-03T09:36:19.513+0000] {dagbag.py:541} INFO - Filling up the DagBag from /home/airflow/.local/lib/python3.7/site-packages/airflow/example_dags/example_latest_only.py
[2023-05-03T09:36:19.533+0000] {processor.py:809} INFO - DAG(s) dict_keys(['latest_only']) retrieved from /home/airflow/.local/lib/python3.7/site-packages/airflow/example_dags/example_latest_only.py
[2023-05-03T09:36:19.635+0000] {logging_mixin.py:149} INFO - [2023-05-03T09:36:19.635+0000] {dag.py:2726} INFO - Sync 1 DAGs
[2023-05-03T09:36:19.713+0000] {logging_mixin.py:149} INFO - [2023-05-03T09:36:19.712+0000] {dag.py:3490} INFO - Setting next_dagrun for latest_only to 2023-05-03T05:36:19.712486+00:00, run_after=2023-05-03T09:36:19.712486+00:00
[2023-05-03T09:36:19.804+0000] {processor.py:178} INFO - Processing /home/airflow/.local/lib/python3.7/site-packages/airflow/example_dags/example_latest_only.py took 0.312 seconds
[2023-05-03T09:36:51.051+0000] {processor.py:156} INFO - Started process (PID=2401) to work on /home/airflow/.local/lib/python3.7/site-packages/airflow/example_dags/example_latest_only.py
[2023-05-03T09:36:51.063+0000] {processor.py:799} INFO - Processing file /home/airflow/.local/lib/python3.7/site-packages/airflow/example_dags/example_latest_only.py for tasks to queue
[2023-05-03T09:36:51.066+0000] {logging_mixin.py:149} INFO - [2023-05-03T09:36:51.066+0000] {dagbag.py:541} INFO - Filling up the DagBag from /home/airflow/.local/lib/python3.7/site-packages/airflow/example_dags/example_latest_only.py
[2023-05-03T09:36:51.076+0000] {processor.py:809} INFO - DAG(s) dict_keys(['latest_only']) retrieved from /home/airflow/.local/lib/python3.7/site-packages/airflow/example_dags/example_latest_only.py
[2023-05-03T09:36:51.124+0000] {logging_mixin.py:149} INFO - [2023-05-03T09:36:51.124+0000] {dag.py:2726} INFO - Sync 1 DAGs
[2023-05-03T09:36:51.202+0000] {logging_mixin.py:149} INFO - [2023-05-03T09:36:51.201+0000] {dag.py:3490} INFO - Setting next_dagrun for latest_only to 2023-05-03T05:36:51.201448+00:00, run_after=2023-05-03T09:36:51.201448+00:00
[2023-05-03T09:36:51.238+0000] {processor.py:178} INFO - Processing /home/airflow/.local/lib/python3.7/site-packages/airflow/example_dags/example_latest_only.py took 0.192 seconds
[2023-05-03T09:37:23.826+0000] {processor.py:156} INFO - Started process (PID=2661) to work on /home/airflow/.local/lib/python3.7/site-packages/airflow/example_dags/example_latest_only.py
[2023-05-03T09:37:23.829+0000] {processor.py:799} INFO - Processing file /home/airflow/.local/lib/python3.7/site-packages/airflow/example_dags/example_latest_only.py for tasks to queue
[2023-05-03T09:37:23.831+0000] {logging_mixin.py:149} INFO - [2023-05-03T09:37:23.831+0000] {dagbag.py:541} INFO - Filling up the DagBag from /home/airflow/.local/lib/python3.7/site-packages/airflow/example_dags/example_latest_only.py
[2023-05-03T09:37:23.846+0000] {processor.py:809} INFO - DAG(s) dict_keys(['latest_only']) retrieved from /home/airflow/.local/lib/python3.7/site-packages/airflow/example_dags/example_latest_only.py
[2023-05-03T09:37:23.902+0000] {logging_mixin.py:149} INFO - [2023-05-03T09:37:23.901+0000] {dag.py:2726} INFO - Sync 1 DAGs
[2023-05-03T09:37:23.982+0000] {logging_mixin.py:149} INFO - [2023-05-03T09:37:23.982+0000] {dag.py:3490} INFO - Setting next_dagrun for latest_only to 2023-05-03T05:37:23.982140+00:00, run_after=2023-05-03T09:37:23.982140+00:00
[2023-05-03T09:37:24.059+0000] {processor.py:178} INFO - Processing /home/airflow/.local/lib/python3.7/site-packages/airflow/example_dags/example_latest_only.py took 0.238 seconds
[2023-05-03T09:37:59.143+0000] {processor.py:156} INFO - Started process (PID=2914) to work on /home/airflow/.local/lib/python3.7/site-packages/airflow/example_dags/example_latest_only.py
[2023-05-03T09:37:59.147+0000] {processor.py:799} INFO - Processing file /home/airflow/.local/lib/python3.7/site-packages/airflow/example_dags/example_latest_only.py for tasks to queue
[2023-05-03T09:37:59.148+0000] {logging_mixin.py:149} INFO - [2023-05-03T09:37:59.148+0000] {dagbag.py:541} INFO - Filling up the DagBag from /home/airflow/.local/lib/python3.7/site-packages/airflow/example_dags/example_latest_only.py
[2023-05-03T09:37:59.159+0000] {processor.py:809} INFO - DAG(s) dict_keys(['latest_only']) retrieved from /home/airflow/.local/lib/python3.7/site-packages/airflow/example_dags/example_latest_only.py
[2023-05-03T09:37:59.214+0000] {logging_mixin.py:149} INFO - [2023-05-03T09:37:59.214+0000] {dag.py:2726} INFO - Sync 1 DAGs
[2023-05-03T09:37:59.251+0000] {logging_mixin.py:149} INFO - [2023-05-03T09:37:59.251+0000] {dag.py:3490} INFO - Setting next_dagrun for latest_only to 2023-05-03T05:37:59.251380+00:00, run_after=2023-05-03T09:37:59.251380+00:00
[2023-05-03T09:37:59.301+0000] {processor.py:178} INFO - Processing /home/airflow/.local/lib/python3.7/site-packages/airflow/example_dags/example_latest_only.py took 0.164 seconds
[2023-05-03T09:38:32.993+0000] {processor.py:156} INFO - Started process (PID=3150) to work on /home/airflow/.local/lib/python3.7/site-packages/airflow/example_dags/example_latest_only.py
[2023-05-03T09:38:32.995+0000] {processor.py:799} INFO - Processing file /home/airflow/.local/lib/python3.7/site-packages/airflow/example_dags/example_latest_only.py for tasks to queue
[2023-05-03T09:38:32.998+0000] {logging_mixin.py:149} INFO - [2023-05-03T09:38:32.997+0000] {dagbag.py:541} INFO - Filling up the DagBag from /home/airflow/.local/lib/python3.7/site-packages/airflow/example_dags/example_latest_only.py
[2023-05-03T09:38:33.016+0000] {processor.py:809} INFO - DAG(s) dict_keys(['latest_only']) retrieved from /home/airflow/.local/lib/python3.7/site-packages/airflow/example_dags/example_latest_only.py
[2023-05-03T09:38:33.077+0000] {logging_mixin.py:149} INFO - [2023-05-03T09:38:33.077+0000] {dag.py:2726} INFO - Sync 1 DAGs
[2023-05-03T09:38:33.125+0000] {logging_mixin.py:149} INFO - [2023-05-03T09:38:33.125+0000] {dag.py:3490} INFO - Setting next_dagrun for latest_only to 2023-05-03T05:38:33.124859+00:00, run_after=2023-05-03T09:38:33.124859+00:00
[2023-05-03T09:38:33.191+0000] {processor.py:178} INFO - Processing /home/airflow/.local/lib/python3.7/site-packages/airflow/example_dags/example_latest_only.py took 0.205 seconds
[2023-05-03T09:39:04.295+0000] {processor.py:156} INFO - Started process (PID=3386) to work on /home/airflow/.local/lib/python3.7/site-packages/airflow/example_dags/example_latest_only.py
[2023-05-03T09:39:04.300+0000] {processor.py:799} INFO - Processing file /home/airflow/.local/lib/python3.7/site-packages/airflow/example_dags/example_latest_only.py for tasks to queue
[2023-05-03T09:39:04.305+0000] {logging_mixin.py:149} INFO - [2023-05-03T09:39:04.304+0000] {dagbag.py:541} INFO - Filling up the DagBag from /home/airflow/.local/lib/python3.7/site-packages/airflow/example_dags/example_latest_only.py
[2023-05-03T09:39:04.317+0000] {processor.py:809} INFO - DAG(s) dict_keys(['latest_only']) retrieved from /home/airflow/.local/lib/python3.7/site-packages/airflow/example_dags/example_latest_only.py
[2023-05-03T09:39:04.363+0000] {logging_mixin.py:149} INFO - [2023-05-03T09:39:04.363+0000] {dag.py:2726} INFO - Sync 1 DAGs
[2023-05-03T09:39:04.420+0000] {logging_mixin.py:149} INFO - [2023-05-03T09:39:04.419+0000] {dag.py:3490} INFO - Setting next_dagrun for latest_only to 2023-05-03T05:39:04.419501+00:00, run_after=2023-05-03T09:39:04.419501+00:00
[2023-05-03T09:39:04.453+0000] {processor.py:178} INFO - Processing /home/airflow/.local/lib/python3.7/site-packages/airflow/example_dags/example_latest_only.py took 0.166 seconds
[2023-05-03T09:39:36.018+0000] {processor.py:156} INFO - Started process (PID=3623) to work on /home/airflow/.local/lib/python3.7/site-packages/airflow/example_dags/example_latest_only.py
[2023-05-03T09:39:36.019+0000] {processor.py:799} INFO - Processing file /home/airflow/.local/lib/python3.7/site-packages/airflow/example_dags/example_latest_only.py for tasks to queue
[2023-05-03T09:39:36.022+0000] {logging_mixin.py:149} INFO - [2023-05-03T09:39:36.022+0000] {dagbag.py:541} INFO - Filling up the DagBag from /home/airflow/.local/lib/python3.7/site-packages/airflow/example_dags/example_latest_only.py
[2023-05-03T09:39:36.035+0000] {processor.py:809} INFO - DAG(s) dict_keys(['latest_only']) retrieved from /home/airflow/.local/lib/python3.7/site-packages/airflow/example_dags/example_latest_only.py
[2023-05-03T09:39:36.177+0000] {logging_mixin.py:149} INFO - [2023-05-03T09:39:36.177+0000] {dag.py:2726} INFO - Sync 1 DAGs
[2023-05-03T09:39:36.242+0000] {logging_mixin.py:149} INFO - [2023-05-03T09:39:36.241+0000] {dag.py:3490} INFO - Setting next_dagrun for latest_only to 2023-05-03T05:39:36.241557+00:00, run_after=2023-05-03T09:39:36.241557+00:00
[2023-05-03T09:39:36.295+0000] {processor.py:178} INFO - Processing /home/airflow/.local/lib/python3.7/site-packages/airflow/example_dags/example_latest_only.py took 0.287 seconds
[2023-05-03T09:40:07.209+0000] {processor.py:156} INFO - Started process (PID=3859) to work on /home/airflow/.local/lib/python3.7/site-packages/airflow/example_dags/example_latest_only.py
[2023-05-03T09:40:07.211+0000] {processor.py:799} INFO - Processing file /home/airflow/.local/lib/python3.7/site-packages/airflow/example_dags/example_latest_only.py for tasks to queue
[2023-05-03T09:40:07.213+0000] {logging_mixin.py:149} INFO - [2023-05-03T09:40:07.212+0000] {dagbag.py:541} INFO - Filling up the DagBag from /home/airflow/.local/lib/python3.7/site-packages/airflow/example_dags/example_latest_only.py
[2023-05-03T09:40:07.221+0000] {processor.py:809} INFO - DAG(s) dict_keys(['latest_only']) retrieved from /home/airflow/.local/lib/python3.7/site-packages/airflow/example_dags/example_latest_only.py
[2023-05-03T09:40:07.257+0000] {logging_mixin.py:149} INFO - [2023-05-03T09:40:07.257+0000] {dag.py:2726} INFO - Sync 1 DAGs
[2023-05-03T09:40:07.299+0000] {logging_mixin.py:149} INFO - [2023-05-03T09:40:07.298+0000] {dag.py:3490} INFO - Setting next_dagrun for latest_only to 2023-05-03T05:40:07.298326+00:00, run_after=2023-05-03T09:40:07.298326+00:00
[2023-05-03T09:40:07.348+0000] {processor.py:178} INFO - Processing /home/airflow/.local/lib/python3.7/site-packages/airflow/example_dags/example_latest_only.py took 0.144 seconds
[2023-05-03T09:40:38.253+0000] {processor.py:156} INFO - Started process (PID=4095) to work on /home/airflow/.local/lib/python3.7/site-packages/airflow/example_dags/example_latest_only.py
[2023-05-03T09:40:38.256+0000] {processor.py:799} INFO - Processing file /home/airflow/.local/lib/python3.7/site-packages/airflow/example_dags/example_latest_only.py for tasks to queue
[2023-05-03T09:40:38.258+0000] {logging_mixin.py:149} INFO - [2023-05-03T09:40:38.257+0000] {dagbag.py:541} INFO - Filling up the DagBag from /home/airflow/.local/lib/python3.7/site-packages/airflow/example_dags/example_latest_only.py
[2023-05-03T09:40:38.267+0000] {processor.py:809} INFO - DAG(s) dict_keys(['latest_only']) retrieved from /home/airflow/.local/lib/python3.7/site-packages/airflow/example_dags/example_latest_only.py
[2023-05-03T09:40:38.304+0000] {logging_mixin.py:149} INFO - [2023-05-03T09:40:38.303+0000] {dag.py:2726} INFO - Sync 1 DAGs
[2023-05-03T09:40:38.343+0000] {logging_mixin.py:149} INFO - [2023-05-03T09:40:38.343+0000] {dag.py:3490} INFO - Setting next_dagrun for latest_only to 2023-05-03T05:40:38.342858+00:00, run_after=2023-05-03T09:40:38.342858+00:00
[2023-05-03T09:40:38.373+0000] {processor.py:178} INFO - Processing /home/airflow/.local/lib/python3.7/site-packages/airflow/example_dags/example_latest_only.py took 0.125 seconds
[2023-05-03T09:41:09.033+0000] {processor.py:156} INFO - Started process (PID=4331) to work on /home/airflow/.local/lib/python3.7/site-packages/airflow/example_dags/example_latest_only.py
[2023-05-03T09:41:09.035+0000] {processor.py:799} INFO - Processing file /home/airflow/.local/lib/python3.7/site-packages/airflow/example_dags/example_latest_only.py for tasks to queue
[2023-05-03T09:41:09.036+0000] {logging_mixin.py:149} INFO - [2023-05-03T09:41:09.036+0000] {dagbag.py:541} INFO - Filling up the DagBag from /home/airflow/.local/lib/python3.7/site-packages/airflow/example_dags/example_latest_only.py
[2023-05-03T09:41:09.047+0000] {processor.py:809} INFO - DAG(s) dict_keys(['latest_only']) retrieved from /home/airflow/.local/lib/python3.7/site-packages/airflow/example_dags/example_latest_only.py
[2023-05-03T09:41:09.082+0000] {logging_mixin.py:149} INFO - [2023-05-03T09:41:09.082+0000] {dag.py:2726} INFO - Sync 1 DAGs
[2023-05-03T09:41:09.120+0000] {logging_mixin.py:149} INFO - [2023-05-03T09:41:09.120+0000] {dag.py:3490} INFO - Setting next_dagrun for latest_only to 2023-05-03T05:41:09.119951+00:00, run_after=2023-05-03T09:41:09.119951+00:00
[2023-05-03T09:41:09.157+0000] {processor.py:178} INFO - Processing /home/airflow/.local/lib/python3.7/site-packages/airflow/example_dags/example_latest_only.py took 0.129 seconds
[2023-05-03T09:41:40.750+0000] {processor.py:156} INFO - Started process (PID=4577) to work on /home/airflow/.local/lib/python3.7/site-packages/airflow/example_dags/example_latest_only.py
[2023-05-03T09:41:40.752+0000] {processor.py:799} INFO - Processing file /home/airflow/.local/lib/python3.7/site-packages/airflow/example_dags/example_latest_only.py for tasks to queue
[2023-05-03T09:41:40.753+0000] {logging_mixin.py:149} INFO - [2023-05-03T09:41:40.753+0000] {dagbag.py:541} INFO - Filling up the DagBag from /home/airflow/.local/lib/python3.7/site-packages/airflow/example_dags/example_latest_only.py
[2023-05-03T09:41:40.765+0000] {processor.py:809} INFO - DAG(s) dict_keys(['latest_only']) retrieved from /home/airflow/.local/lib/python3.7/site-packages/airflow/example_dags/example_latest_only.py
[2023-05-03T09:41:40.808+0000] {logging_mixin.py:149} INFO - [2023-05-03T09:41:40.808+0000] {dag.py:2726} INFO - Sync 1 DAGs
[2023-05-03T09:41:40.857+0000] {logging_mixin.py:149} INFO - [2023-05-03T09:41:40.856+0000] {dag.py:3490} INFO - Setting next_dagrun for latest_only to 2023-05-03T05:41:40.856572+00:00, run_after=2023-05-03T09:41:40.856572+00:00
[2023-05-03T09:41:40.890+0000] {processor.py:178} INFO - Processing /home/airflow/.local/lib/python3.7/site-packages/airflow/example_dags/example_latest_only.py took 0.145 seconds
[2023-05-03T09:44:51.206+0000] {processor.py:156} INFO - Started process (PID=267) to work on /home/airflow/.local/lib/python3.7/site-packages/airflow/example_dags/example_latest_only.py
[2023-05-03T09:44:51.213+0000] {processor.py:799} INFO - Processing file /home/airflow/.local/lib/python3.7/site-packages/airflow/example_dags/example_latest_only.py for tasks to queue
[2023-05-03T09:44:51.216+0000] {logging_mixin.py:149} INFO - [2023-05-03T09:44:51.216+0000] {dagbag.py:541} INFO - Filling up the DagBag from /home/airflow/.local/lib/python3.7/site-packages/airflow/example_dags/example_latest_only.py
[2023-05-03T09:44:51.249+0000] {processor.py:809} INFO - DAG(s) dict_keys(['latest_only']) retrieved from /home/airflow/.local/lib/python3.7/site-packages/airflow/example_dags/example_latest_only.py
[2023-05-03T09:44:51.346+0000] {logging_mixin.py:149} INFO - [2023-05-03T09:44:51.345+0000] {dag.py:2726} INFO - Sync 1 DAGs
[2023-05-03T09:44:51.516+0000] {logging_mixin.py:149} INFO - [2023-05-03T09:44:51.516+0000] {dag.py:3490} INFO - Setting next_dagrun for latest_only to 2023-05-03T05:44:51.515612+00:00, run_after=2023-05-03T09:44:51.515612+00:00
[2023-05-03T09:44:51.590+0000] {processor.py:178} INFO - Processing /home/airflow/.local/lib/python3.7/site-packages/airflow/example_dags/example_latest_only.py took 0.391 seconds
[2023-05-03T09:46:16.187+0000] {processor.py:156} INFO - Started process (PID=511) to work on /home/airflow/.local/lib/python3.7/site-packages/airflow/example_dags/example_latest_only.py
[2023-05-03T09:46:16.221+0000] {processor.py:799} INFO - Processing file /home/airflow/.local/lib/python3.7/site-packages/airflow/example_dags/example_latest_only.py for tasks to queue
[2023-05-03T09:46:16.246+0000] {logging_mixin.py:149} INFO - [2023-05-03T09:46:16.245+0000] {dagbag.py:541} INFO - Filling up the DagBag from /home/airflow/.local/lib/python3.7/site-packages/airflow/example_dags/example_latest_only.py
[2023-05-03T09:46:16.390+0000] {processor.py:809} INFO - DAG(s) dict_keys(['latest_only']) retrieved from /home/airflow/.local/lib/python3.7/site-packages/airflow/example_dags/example_latest_only.py
[2023-05-03T09:46:17.058+0000] {logging_mixin.py:149} INFO - [2023-05-03T09:46:17.058+0000] {dag.py:2726} INFO - Sync 1 DAGs
[2023-05-03T09:46:17.712+0000] {logging_mixin.py:149} INFO - [2023-05-03T09:46:17.711+0000] {dag.py:3490} INFO - Setting next_dagrun for latest_only to 2023-05-03T05:46:17.675481+00:00, run_after=2023-05-03T09:46:17.675481+00:00
[2023-05-03T09:46:18.134+0000] {processor.py:178} INFO - Processing /home/airflow/.local/lib/python3.7/site-packages/airflow/example_dags/example_latest_only.py took 2.040 seconds
[2023-05-03T09:47:34.867+0000] {processor.py:156} INFO - Started process (PID=831) to work on /home/airflow/.local/lib/python3.7/site-packages/airflow/example_dags/example_latest_only.py
[2023-05-03T09:47:34.871+0000] {processor.py:799} INFO - Processing file /home/airflow/.local/lib/python3.7/site-packages/airflow/example_dags/example_latest_only.py for tasks to queue
[2023-05-03T09:47:34.873+0000] {logging_mixin.py:149} INFO - [2023-05-03T09:47:34.873+0000] {dagbag.py:541} INFO - Filling up the DagBag from /home/airflow/.local/lib/python3.7/site-packages/airflow/example_dags/example_latest_only.py
[2023-05-03T09:47:34.898+0000] {processor.py:809} INFO - DAG(s) dict_keys(['latest_only']) retrieved from /home/airflow/.local/lib/python3.7/site-packages/airflow/example_dags/example_latest_only.py
[2023-05-03T09:47:35.006+0000] {logging_mixin.py:149} INFO - [2023-05-03T09:47:35.006+0000] {dag.py:2726} INFO - Sync 1 DAGs
[2023-05-03T09:47:35.112+0000] {logging_mixin.py:149} INFO - [2023-05-03T09:47:35.101+0000] {dag.py:3490} INFO - Setting next_dagrun for latest_only to 2023-05-03T05:47:35.100892+00:00, run_after=2023-05-03T09:47:35.100892+00:00
[2023-05-03T09:47:35.192+0000] {processor.py:178} INFO - Processing /home/airflow/.local/lib/python3.7/site-packages/airflow/example_dags/example_latest_only.py took 0.341 seconds
[2023-05-03T09:48:24.599+0000] {processor.py:156} INFO - Started process (PID=1066) to work on /home/airflow/.local/lib/python3.7/site-packages/airflow/example_dags/example_latest_only.py
[2023-05-03T09:48:24.602+0000] {processor.py:799} INFO - Processing file /home/airflow/.local/lib/python3.7/site-packages/airflow/example_dags/example_latest_only.py for tasks to queue
[2023-05-03T09:48:24.605+0000] {logging_mixin.py:149} INFO - [2023-05-03T09:48:24.605+0000] {dagbag.py:541} INFO - Filling up the DagBag from /home/airflow/.local/lib/python3.7/site-packages/airflow/example_dags/example_latest_only.py
[2023-05-03T09:48:24.622+0000] {processor.py:809} INFO - DAG(s) dict_keys(['latest_only']) retrieved from /home/airflow/.local/lib/python3.7/site-packages/airflow/example_dags/example_latest_only.py
[2023-05-03T09:48:24.730+0000] {logging_mixin.py:149} INFO - [2023-05-03T09:48:24.730+0000] {dag.py:2726} INFO - Sync 1 DAGs
[2023-05-03T09:48:24.815+0000] {logging_mixin.py:149} INFO - [2023-05-03T09:48:24.815+0000] {dag.py:3490} INFO - Setting next_dagrun for latest_only to 2023-05-03T05:48:24.814945+00:00, run_after=2023-05-03T09:48:24.814945+00:00
[2023-05-03T09:48:24.918+0000] {processor.py:178} INFO - Processing /home/airflow/.local/lib/python3.7/site-packages/airflow/example_dags/example_latest_only.py took 0.325 seconds
[2023-05-03T09:48:55.261+0000] {processor.py:156} INFO - Started process (PID=1297) to work on /home/airflow/.local/lib/python3.7/site-packages/airflow/example_dags/example_latest_only.py
[2023-05-03T09:48:55.300+0000] {processor.py:799} INFO - Processing file /home/airflow/.local/lib/python3.7/site-packages/airflow/example_dags/example_latest_only.py for tasks to queue
[2023-05-03T09:48:55.302+0000] {logging_mixin.py:149} INFO - [2023-05-03T09:48:55.302+0000] {dagbag.py:541} INFO - Filling up the DagBag from /home/airflow/.local/lib/python3.7/site-packages/airflow/example_dags/example_latest_only.py
[2023-05-03T09:48:55.323+0000] {processor.py:809} INFO - DAG(s) dict_keys(['latest_only']) retrieved from /home/airflow/.local/lib/python3.7/site-packages/airflow/example_dags/example_latest_only.py
[2023-05-03T09:48:55.410+0000] {logging_mixin.py:149} INFO - [2023-05-03T09:48:55.410+0000] {dag.py:2726} INFO - Sync 1 DAGs
[2023-05-03T09:48:55.501+0000] {logging_mixin.py:149} INFO - [2023-05-03T09:48:55.501+0000] {dag.py:3490} INFO - Setting next_dagrun for latest_only to 2023-05-03T05:48:55.500703+00:00, run_after=2023-05-03T09:48:55.500703+00:00
[2023-05-03T09:48:55.638+0000] {processor.py:178} INFO - Processing /home/airflow/.local/lib/python3.7/site-packages/airflow/example_dags/example_latest_only.py took 0.382 seconds
[2023-05-03T09:49:47.797+0000] {processor.py:156} INFO - Started process (PID=1523) to work on /home/airflow/.local/lib/python3.7/site-packages/airflow/example_dags/example_latest_only.py
[2023-05-03T09:49:47.799+0000] {processor.py:799} INFO - Processing file /home/airflow/.local/lib/python3.7/site-packages/airflow/example_dags/example_latest_only.py for tasks to queue
[2023-05-03T09:49:47.801+0000] {logging_mixin.py:149} INFO - [2023-05-03T09:49:47.800+0000] {dagbag.py:541} INFO - Filling up the DagBag from /home/airflow/.local/lib/python3.7/site-packages/airflow/example_dags/example_latest_only.py
[2023-05-03T09:49:47.819+0000] {processor.py:809} INFO - DAG(s) dict_keys(['latest_only']) retrieved from /home/airflow/.local/lib/python3.7/site-packages/airflow/example_dags/example_latest_only.py
[2023-05-03T09:49:47.902+0000] {logging_mixin.py:149} INFO - [2023-05-03T09:49:47.902+0000] {dag.py:2726} INFO - Sync 1 DAGs
[2023-05-03T09:49:47.987+0000] {logging_mixin.py:149} INFO - [2023-05-03T09:49:47.987+0000] {dag.py:3490} INFO - Setting next_dagrun for latest_only to 2023-05-03T05:49:47.986574+00:00, run_after=2023-05-03T09:49:47.986574+00:00
[2023-05-03T09:49:48.064+0000] {processor.py:178} INFO - Processing /home/airflow/.local/lib/python3.7/site-packages/airflow/example_dags/example_latest_only.py took 0.280 seconds
[2023-05-03T09:50:18.920+0000] {processor.py:156} INFO - Started process (PID=1759) to work on /home/airflow/.local/lib/python3.7/site-packages/airflow/example_dags/example_latest_only.py
[2023-05-03T09:50:18.930+0000] {processor.py:799} INFO - Processing file /home/airflow/.local/lib/python3.7/site-packages/airflow/example_dags/example_latest_only.py for tasks to queue
[2023-05-03T09:50:18.932+0000] {logging_mixin.py:149} INFO - [2023-05-03T09:50:18.932+0000] {dagbag.py:541} INFO - Filling up the DagBag from /home/airflow/.local/lib/python3.7/site-packages/airflow/example_dags/example_latest_only.py
[2023-05-03T09:50:18.950+0000] {processor.py:809} INFO - DAG(s) dict_keys(['latest_only']) retrieved from /home/airflow/.local/lib/python3.7/site-packages/airflow/example_dags/example_latest_only.py
[2023-05-03T09:50:19.027+0000] {logging_mixin.py:149} INFO - [2023-05-03T09:50:19.026+0000] {dag.py:2726} INFO - Sync 1 DAGs
[2023-05-03T09:50:19.132+0000] {logging_mixin.py:149} INFO - [2023-05-03T09:50:19.132+0000] {dag.py:3490} INFO - Setting next_dagrun for latest_only to 2023-05-03T05:50:19.132077+00:00, run_after=2023-05-03T09:50:19.132077+00:00
[2023-05-03T09:50:19.213+0000] {processor.py:178} INFO - Processing /home/airflow/.local/lib/python3.7/site-packages/airflow/example_dags/example_latest_only.py took 0.283 seconds
[2023-05-03T09:50:49.407+0000] {processor.py:156} INFO - Started process (PID=1992) to work on /home/airflow/.local/lib/python3.7/site-packages/airflow/example_dags/example_latest_only.py
[2023-05-03T09:50:49.409+0000] {processor.py:799} INFO - Processing file /home/airflow/.local/lib/python3.7/site-packages/airflow/example_dags/example_latest_only.py for tasks to queue
[2023-05-03T09:50:49.411+0000] {logging_mixin.py:149} INFO - [2023-05-03T09:50:49.410+0000] {dagbag.py:541} INFO - Filling up the DagBag from /home/airflow/.local/lib/python3.7/site-packages/airflow/example_dags/example_latest_only.py
[2023-05-03T09:50:49.426+0000] {processor.py:809} INFO - DAG(s) dict_keys(['latest_only']) retrieved from /home/airflow/.local/lib/python3.7/site-packages/airflow/example_dags/example_latest_only.py
[2023-05-03T09:50:49.481+0000] {logging_mixin.py:149} INFO - [2023-05-03T09:50:49.481+0000] {dag.py:2726} INFO - Sync 1 DAGs
[2023-05-03T09:50:49.545+0000] {logging_mixin.py:149} INFO - [2023-05-03T09:50:49.545+0000] {dag.py:3490} INFO - Setting next_dagrun for latest_only to 2023-05-03T05:50:49.544624+00:00, run_after=2023-05-03T09:50:49.544624+00:00
[2023-05-03T09:50:49.584+0000] {processor.py:178} INFO - Processing /home/airflow/.local/lib/python3.7/site-packages/airflow/example_dags/example_latest_only.py took 0.182 seconds
[2023-05-03T09:51:59.096+0000] {processor.py:156} INFO - Started process (PID=2170) to work on /home/airflow/.local/lib/python3.7/site-packages/airflow/example_dags/example_latest_only.py
[2023-05-03T09:51:59.108+0000] {processor.py:799} INFO - Processing file /home/airflow/.local/lib/python3.7/site-packages/airflow/example_dags/example_latest_only.py for tasks to queue
[2023-05-03T09:51:59.111+0000] {logging_mixin.py:149} INFO - [2023-05-03T09:51:59.111+0000] {dagbag.py:541} INFO - Filling up the DagBag from /home/airflow/.local/lib/python3.7/site-packages/airflow/example_dags/example_latest_only.py
[2023-05-03T09:51:59.135+0000] {processor.py:809} INFO - DAG(s) dict_keys(['latest_only']) retrieved from /home/airflow/.local/lib/python3.7/site-packages/airflow/example_dags/example_latest_only.py
[2023-05-03T09:51:59.265+0000] {logging_mixin.py:149} INFO - [2023-05-03T09:51:59.265+0000] {dag.py:2726} INFO - Sync 1 DAGs
[2023-05-03T09:51:59.903+0000] {logging_mixin.py:149} INFO - [2023-05-03T09:51:59.903+0000] {dag.py:3490} INFO - Setting next_dagrun for latest_only to 2023-05-03T05:51:59.903219+00:00, run_after=2023-05-03T09:51:59.903219+00:00
[2023-05-03T09:51:59.967+0000] {processor.py:178} INFO - Processing /home/airflow/.local/lib/python3.7/site-packages/airflow/example_dags/example_latest_only.py took 0.885 seconds
[2023-05-03T09:52:30.337+0000] {processor.py:156} INFO - Started process (PID=2406) to work on /home/airflow/.local/lib/python3.7/site-packages/airflow/example_dags/example_latest_only.py
[2023-05-03T09:52:30.340+0000] {processor.py:799} INFO - Processing file /home/airflow/.local/lib/python3.7/site-packages/airflow/example_dags/example_latest_only.py for tasks to queue
[2023-05-03T09:52:30.342+0000] {logging_mixin.py:149} INFO - [2023-05-03T09:52:30.342+0000] {dagbag.py:541} INFO - Filling up the DagBag from /home/airflow/.local/lib/python3.7/site-packages/airflow/example_dags/example_latest_only.py
[2023-05-03T09:52:30.378+0000] {processor.py:809} INFO - DAG(s) dict_keys(['latest_only']) retrieved from /home/airflow/.local/lib/python3.7/site-packages/airflow/example_dags/example_latest_only.py
[2023-05-03T09:52:30.508+0000] {logging_mixin.py:149} INFO - [2023-05-03T09:52:30.507+0000] {dag.py:2726} INFO - Sync 1 DAGs
[2023-05-03T09:52:30.662+0000] {logging_mixin.py:149} INFO - [2023-05-03T09:52:30.662+0000] {dag.py:3490} INFO - Setting next_dagrun for latest_only to 2023-05-03T05:52:30.659697+00:00, run_after=2023-05-03T09:52:30.659697+00:00
[2023-05-03T09:52:30.831+0000] {processor.py:178} INFO - Processing /home/airflow/.local/lib/python3.7/site-packages/airflow/example_dags/example_latest_only.py took 0.509 seconds
[2023-05-03T09:53:01.350+0000] {processor.py:156} INFO - Started process (PID=2638) to work on /home/airflow/.local/lib/python3.7/site-packages/airflow/example_dags/example_latest_only.py
[2023-05-03T09:53:01.363+0000] {processor.py:799} INFO - Processing file /home/airflow/.local/lib/python3.7/site-packages/airflow/example_dags/example_latest_only.py for tasks to queue
[2023-05-03T09:53:01.365+0000] {logging_mixin.py:149} INFO - [2023-05-03T09:53:01.365+0000] {dagbag.py:541} INFO - Filling up the DagBag from /home/airflow/.local/lib/python3.7/site-packages/airflow/example_dags/example_latest_only.py
[2023-05-03T09:53:01.392+0000] {processor.py:809} INFO - DAG(s) dict_keys(['latest_only']) retrieved from /home/airflow/.local/lib/python3.7/site-packages/airflow/example_dags/example_latest_only.py
[2023-05-03T09:53:01.468+0000] {logging_mixin.py:149} INFO - [2023-05-03T09:53:01.468+0000] {dag.py:2726} INFO - Sync 1 DAGs
[2023-05-03T09:53:01.554+0000] {logging_mixin.py:149} INFO - [2023-05-03T09:53:01.553+0000] {dag.py:3490} INFO - Setting next_dagrun for latest_only to 2023-05-03T05:53:01.553146+00:00, run_after=2023-05-03T09:53:01.553146+00:00
[2023-05-03T09:53:01.635+0000] {processor.py:178} INFO - Processing /home/airflow/.local/lib/python3.7/site-packages/airflow/example_dags/example_latest_only.py took 0.290 seconds
[2023-05-03T09:53:31.940+0000] {processor.py:156} INFO - Started process (PID=2874) to work on /home/airflow/.local/lib/python3.7/site-packages/airflow/example_dags/example_latest_only.py
[2023-05-03T09:53:31.944+0000] {processor.py:799} INFO - Processing file /home/airflow/.local/lib/python3.7/site-packages/airflow/example_dags/example_latest_only.py for tasks to queue
[2023-05-03T09:53:31.947+0000] {logging_mixin.py:149} INFO - [2023-05-03T09:53:31.947+0000] {dagbag.py:541} INFO - Filling up the DagBag from /home/airflow/.local/lib/python3.7/site-packages/airflow/example_dags/example_latest_only.py
[2023-05-03T09:53:31.985+0000] {processor.py:809} INFO - DAG(s) dict_keys(['latest_only']) retrieved from /home/airflow/.local/lib/python3.7/site-packages/airflow/example_dags/example_latest_only.py
[2023-05-03T09:53:32.054+0000] {logging_mixin.py:149} INFO - [2023-05-03T09:53:32.054+0000] {dag.py:2726} INFO - Sync 1 DAGs
[2023-05-03T09:53:32.136+0000] {logging_mixin.py:149} INFO - [2023-05-03T09:53:32.136+0000] {dag.py:3490} INFO - Setting next_dagrun for latest_only to 2023-05-03T05:53:32.133778+00:00, run_after=2023-05-03T09:53:32.133778+00:00
[2023-05-03T09:53:32.588+0000] {processor.py:178} INFO - Processing /home/airflow/.local/lib/python3.7/site-packages/airflow/example_dags/example_latest_only.py took 0.668 seconds
[2023-05-03T09:54:03.105+0000] {processor.py:156} INFO - Started process (PID=3111) to work on /home/airflow/.local/lib/python3.7/site-packages/airflow/example_dags/example_latest_only.py
[2023-05-03T09:54:03.109+0000] {processor.py:799} INFO - Processing file /home/airflow/.local/lib/python3.7/site-packages/airflow/example_dags/example_latest_only.py for tasks to queue
[2023-05-03T09:54:03.112+0000] {logging_mixin.py:149} INFO - [2023-05-03T09:54:03.112+0000] {dagbag.py:541} INFO - Filling up the DagBag from /home/airflow/.local/lib/python3.7/site-packages/airflow/example_dags/example_latest_only.py
[2023-05-03T09:54:03.136+0000] {processor.py:809} INFO - DAG(s) dict_keys(['latest_only']) retrieved from /home/airflow/.local/lib/python3.7/site-packages/airflow/example_dags/example_latest_only.py
[2023-05-03T09:54:03.215+0000] {logging_mixin.py:149} INFO - [2023-05-03T09:54:03.214+0000] {dag.py:2726} INFO - Sync 1 DAGs
[2023-05-03T09:54:03.331+0000] {logging_mixin.py:149} INFO - [2023-05-03T09:54:03.330+0000] {dag.py:3490} INFO - Setting next_dagrun for latest_only to 2023-05-03T05:54:03.319773+00:00, run_after=2023-05-03T09:54:03.319773+00:00
[2023-05-03T09:54:03.517+0000] {processor.py:178} INFO - Processing /home/airflow/.local/lib/python3.7/site-packages/airflow/example_dags/example_latest_only.py took 0.419 seconds
[2023-05-03T09:54:51.972+0000] {processor.py:156} INFO - Started process (PID=3276) to work on /home/airflow/.local/lib/python3.7/site-packages/airflow/example_dags/example_latest_only.py
[2023-05-03T09:54:51.976+0000] {processor.py:799} INFO - Processing file /home/airflow/.local/lib/python3.7/site-packages/airflow/example_dags/example_latest_only.py for tasks to queue
[2023-05-03T09:54:51.978+0000] {logging_mixin.py:149} INFO - [2023-05-03T09:54:51.978+0000] {dagbag.py:541} INFO - Filling up the DagBag from /home/airflow/.local/lib/python3.7/site-packages/airflow/example_dags/example_latest_only.py
[2023-05-03T09:54:51.997+0000] {processor.py:809} INFO - DAG(s) dict_keys(['latest_only']) retrieved from /home/airflow/.local/lib/python3.7/site-packages/airflow/example_dags/example_latest_only.py
[2023-05-03T09:54:52.074+0000] {logging_mixin.py:149} INFO - [2023-05-03T09:54:52.074+0000] {dag.py:2726} INFO - Sync 1 DAGs
[2023-05-03T09:54:52.492+0000] {logging_mixin.py:149} INFO - [2023-05-03T09:54:52.492+0000] {dag.py:3490} INFO - Setting next_dagrun for latest_only to 2023-05-03T05:54:52.491645+00:00, run_after=2023-05-03T09:54:52.491645+00:00
[2023-05-03T09:54:52.575+0000] {processor.py:178} INFO - Processing /home/airflow/.local/lib/python3.7/site-packages/airflow/example_dags/example_latest_only.py took 0.620 seconds
[2023-05-03T09:55:22.756+0000] {processor.py:156} INFO - Started process (PID=3514) to work on /home/airflow/.local/lib/python3.7/site-packages/airflow/example_dags/example_latest_only.py
[2023-05-03T09:55:22.757+0000] {processor.py:799} INFO - Processing file /home/airflow/.local/lib/python3.7/site-packages/airflow/example_dags/example_latest_only.py for tasks to queue
[2023-05-03T09:55:22.759+0000] {logging_mixin.py:149} INFO - [2023-05-03T09:55:22.759+0000] {dagbag.py:541} INFO - Filling up the DagBag from /home/airflow/.local/lib/python3.7/site-packages/airflow/example_dags/example_latest_only.py
[2023-05-03T09:55:22.770+0000] {processor.py:809} INFO - DAG(s) dict_keys(['latest_only']) retrieved from /home/airflow/.local/lib/python3.7/site-packages/airflow/example_dags/example_latest_only.py
[2023-05-03T09:55:22.820+0000] {logging_mixin.py:149} INFO - [2023-05-03T09:55:22.819+0000] {dag.py:2726} INFO - Sync 1 DAGs
[2023-05-03T09:55:22.863+0000] {logging_mixin.py:149} INFO - [2023-05-03T09:55:22.863+0000] {dag.py:3490} INFO - Setting next_dagrun for latest_only to 2023-05-03T05:55:22.862778+00:00, run_after=2023-05-03T09:55:22.862778+00:00
[2023-05-03T09:55:22.911+0000] {processor.py:178} INFO - Processing /home/airflow/.local/lib/python3.7/site-packages/airflow/example_dags/example_latest_only.py took 0.160 seconds
[2023-05-03T09:55:56.738+0000] {processor.py:156} INFO - Started process (PID=3748) to work on /home/airflow/.local/lib/python3.7/site-packages/airflow/example_dags/example_latest_only.py
[2023-05-03T09:55:56.749+0000] {processor.py:799} INFO - Processing file /home/airflow/.local/lib/python3.7/site-packages/airflow/example_dags/example_latest_only.py for tasks to queue
[2023-05-03T09:55:56.763+0000] {logging_mixin.py:149} INFO - [2023-05-03T09:55:56.760+0000] {dagbag.py:541} INFO - Filling up the DagBag from /home/airflow/.local/lib/python3.7/site-packages/airflow/example_dags/example_latest_only.py
[2023-05-03T09:55:56.862+0000] {processor.py:809} INFO - DAG(s) dict_keys(['latest_only']) retrieved from /home/airflow/.local/lib/python3.7/site-packages/airflow/example_dags/example_latest_only.py
[2023-05-03T09:55:56.960+0000] {logging_mixin.py:149} INFO - [2023-05-03T09:55:56.960+0000] {dag.py:2726} INFO - Sync 1 DAGs
[2023-05-03T09:55:57.495+0000] {logging_mixin.py:149} INFO - [2023-05-03T09:55:57.495+0000] {dag.py:3490} INFO - Setting next_dagrun for latest_only to 2023-05-03T05:55:57.495279+00:00, run_after=2023-05-03T09:55:57.495279+00:00
[2023-05-03T09:55:57.588+0000] {processor.py:178} INFO - Processing /home/airflow/.local/lib/python3.7/site-packages/airflow/example_dags/example_latest_only.py took 0.858 seconds
[2023-05-03T09:56:28.353+0000] {processor.py:156} INFO - Started process (PID=3981) to work on /home/airflow/.local/lib/python3.7/site-packages/airflow/example_dags/example_latest_only.py
[2023-05-03T09:56:28.355+0000] {processor.py:799} INFO - Processing file /home/airflow/.local/lib/python3.7/site-packages/airflow/example_dags/example_latest_only.py for tasks to queue
[2023-05-03T09:56:28.356+0000] {logging_mixin.py:149} INFO - [2023-05-03T09:56:28.356+0000] {dagbag.py:541} INFO - Filling up the DagBag from /home/airflow/.local/lib/python3.7/site-packages/airflow/example_dags/example_latest_only.py
[2023-05-03T09:56:28.375+0000] {processor.py:809} INFO - DAG(s) dict_keys(['latest_only']) retrieved from /home/airflow/.local/lib/python3.7/site-packages/airflow/example_dags/example_latest_only.py
[2023-05-03T09:56:28.439+0000] {logging_mixin.py:149} INFO - [2023-05-03T09:56:28.438+0000] {dag.py:2726} INFO - Sync 1 DAGs
[2023-05-03T09:56:28.531+0000] {logging_mixin.py:149} INFO - [2023-05-03T09:56:28.530+0000] {dag.py:3490} INFO - Setting next_dagrun for latest_only to 2023-05-03T05:56:28.530311+00:00, run_after=2023-05-03T09:56:28.530311+00:00
[2023-05-03T09:56:29.058+0000] {processor.py:178} INFO - Processing /home/airflow/.local/lib/python3.7/site-packages/airflow/example_dags/example_latest_only.py took 0.709 seconds
[2023-05-03T09:57:00.012+0000] {processor.py:156} INFO - Started process (PID=4214) to work on /home/airflow/.local/lib/python3.7/site-packages/airflow/example_dags/example_latest_only.py
[2023-05-03T09:57:00.019+0000] {processor.py:799} INFO - Processing file /home/airflow/.local/lib/python3.7/site-packages/airflow/example_dags/example_latest_only.py for tasks to queue
[2023-05-03T09:57:00.021+0000] {logging_mixin.py:149} INFO - [2023-05-03T09:57:00.020+0000] {dagbag.py:541} INFO - Filling up the DagBag from /home/airflow/.local/lib/python3.7/site-packages/airflow/example_dags/example_latest_only.py
[2023-05-03T09:57:00.035+0000] {processor.py:809} INFO - DAG(s) dict_keys(['latest_only']) retrieved from /home/airflow/.local/lib/python3.7/site-packages/airflow/example_dags/example_latest_only.py
[2023-05-03T09:57:00.446+0000] {logging_mixin.py:149} INFO - [2023-05-03T09:57:00.444+0000] {dag.py:2726} INFO - Sync 1 DAGs
[2023-05-03T09:57:00.521+0000] {logging_mixin.py:149} INFO - [2023-05-03T09:57:00.520+0000] {dag.py:3490} INFO - Setting next_dagrun for latest_only to 2023-05-03T05:57:00.520650+00:00, run_after=2023-05-03T09:57:00.520650+00:00
[2023-05-03T09:57:00.581+0000] {processor.py:178} INFO - Processing /home/airflow/.local/lib/python3.7/site-packages/airflow/example_dags/example_latest_only.py took 0.578 seconds
[2023-05-03T09:57:40.204+0000] {processor.py:156} INFO - Started process (PID=4416) to work on /home/airflow/.local/lib/python3.7/site-packages/airflow/example_dags/example_latest_only.py
[2023-05-03T09:57:40.220+0000] {processor.py:799} INFO - Processing file /home/airflow/.local/lib/python3.7/site-packages/airflow/example_dags/example_latest_only.py for tasks to queue
[2023-05-03T09:57:40.236+0000] {logging_mixin.py:149} INFO - [2023-05-03T09:57:40.236+0000] {dagbag.py:541} INFO - Filling up the DagBag from /home/airflow/.local/lib/python3.7/site-packages/airflow/example_dags/example_latest_only.py
[2023-05-03T09:57:40.257+0000] {processor.py:809} INFO - DAG(s) dict_keys(['latest_only']) retrieved from /home/airflow/.local/lib/python3.7/site-packages/airflow/example_dags/example_latest_only.py
[2023-05-03T09:57:40.357+0000] {logging_mixin.py:149} INFO - [2023-05-03T09:57:40.356+0000] {dag.py:2726} INFO - Sync 1 DAGs
[2023-05-03T09:57:41.035+0000] {logging_mixin.py:149} INFO - [2023-05-03T09:57:41.034+0000] {dag.py:3490} INFO - Setting next_dagrun for latest_only to 2023-05-03T05:57:41.034639+00:00, run_after=2023-05-03T09:57:41.034639+00:00
[2023-05-03T09:57:41.123+0000] {processor.py:178} INFO - Processing /home/airflow/.local/lib/python3.7/site-packages/airflow/example_dags/example_latest_only.py took 0.934 seconds
[2023-05-03T09:58:11.390+0000] {processor.py:156} INFO - Started process (PID=4652) to work on /home/airflow/.local/lib/python3.7/site-packages/airflow/example_dags/example_latest_only.py
[2023-05-03T09:58:11.392+0000] {processor.py:799} INFO - Processing file /home/airflow/.local/lib/python3.7/site-packages/airflow/example_dags/example_latest_only.py for tasks to queue
[2023-05-03T09:58:11.393+0000] {logging_mixin.py:149} INFO - [2023-05-03T09:58:11.393+0000] {dagbag.py:541} INFO - Filling up the DagBag from /home/airflow/.local/lib/python3.7/site-packages/airflow/example_dags/example_latest_only.py
[2023-05-03T09:58:11.408+0000] {processor.py:809} INFO - DAG(s) dict_keys(['latest_only']) retrieved from /home/airflow/.local/lib/python3.7/site-packages/airflow/example_dags/example_latest_only.py
[2023-05-03T09:58:11.828+0000] {logging_mixin.py:149} INFO - [2023-05-03T09:58:11.827+0000] {dag.py:2726} INFO - Sync 1 DAGs
[2023-05-03T09:58:11.884+0000] {logging_mixin.py:149} INFO - [2023-05-03T09:58:11.883+0000] {dag.py:3490} INFO - Setting next_dagrun for latest_only to 2023-05-03T05:58:11.883142+00:00, run_after=2023-05-03T09:58:11.883142+00:00
[2023-05-03T09:58:11.937+0000] {processor.py:178} INFO - Processing /home/airflow/.local/lib/python3.7/site-packages/airflow/example_dags/example_latest_only.py took 0.551 seconds
[2023-05-03T09:58:42.153+0000] {processor.py:156} INFO - Started process (PID=4889) to work on /home/airflow/.local/lib/python3.7/site-packages/airflow/example_dags/example_latest_only.py
[2023-05-03T09:58:42.165+0000] {processor.py:799} INFO - Processing file /home/airflow/.local/lib/python3.7/site-packages/airflow/example_dags/example_latest_only.py for tasks to queue
[2023-05-03T09:58:42.172+0000] {logging_mixin.py:149} INFO - [2023-05-03T09:58:42.171+0000] {dagbag.py:541} INFO - Filling up the DagBag from /home/airflow/.local/lib/python3.7/site-packages/airflow/example_dags/example_latest_only.py
[2023-05-03T09:58:42.188+0000] {processor.py:809} INFO - DAG(s) dict_keys(['latest_only']) retrieved from /home/airflow/.local/lib/python3.7/site-packages/airflow/example_dags/example_latest_only.py
[2023-05-03T09:58:42.288+0000] {logging_mixin.py:149} INFO - [2023-05-03T09:58:42.287+0000] {dag.py:2726} INFO - Sync 1 DAGs
[2023-05-03T09:58:42.357+0000] {logging_mixin.py:149} INFO - [2023-05-03T09:58:42.357+0000] {dag.py:3490} INFO - Setting next_dagrun for latest_only to 2023-05-03T05:58:42.356925+00:00, run_after=2023-05-03T09:58:42.356925+00:00
[2023-05-03T09:58:42.661+0000] {processor.py:178} INFO - Processing /home/airflow/.local/lib/python3.7/site-packages/airflow/example_dags/example_latest_only.py took 0.512 seconds
[2023-05-03T09:59:12.750+0000] {processor.py:156} INFO - Started process (PID=5122) to work on /home/airflow/.local/lib/python3.7/site-packages/airflow/example_dags/example_latest_only.py
[2023-05-03T09:59:12.757+0000] {processor.py:799} INFO - Processing file /home/airflow/.local/lib/python3.7/site-packages/airflow/example_dags/example_latest_only.py for tasks to queue
[2023-05-03T09:59:12.758+0000] {logging_mixin.py:149} INFO - [2023-05-03T09:59:12.758+0000] {dagbag.py:541} INFO - Filling up the DagBag from /home/airflow/.local/lib/python3.7/site-packages/airflow/example_dags/example_latest_only.py
[2023-05-03T09:59:12.767+0000] {processor.py:809} INFO - DAG(s) dict_keys(['latest_only']) retrieved from /home/airflow/.local/lib/python3.7/site-packages/airflow/example_dags/example_latest_only.py
[2023-05-03T09:59:12.974+0000] {logging_mixin.py:149} INFO - [2023-05-03T09:59:12.974+0000] {dag.py:2726} INFO - Sync 1 DAGs
[2023-05-03T09:59:13.019+0000] {logging_mixin.py:149} INFO - [2023-05-03T09:59:13.015+0000] {dag.py:3490} INFO - Setting next_dagrun for latest_only to 2023-05-03T05:59:13.013574+00:00, run_after=2023-05-03T09:59:13.013574+00:00
[2023-05-03T09:59:13.075+0000] {processor.py:178} INFO - Processing /home/airflow/.local/lib/python3.7/site-packages/airflow/example_dags/example_latest_only.py took 0.330 seconds
[2023-05-03T09:59:43.781+0000] {processor.py:156} INFO - Started process (PID=5361) to work on /home/airflow/.local/lib/python3.7/site-packages/airflow/example_dags/example_latest_only.py
[2023-05-03T09:59:43.783+0000] {processor.py:799} INFO - Processing file /home/airflow/.local/lib/python3.7/site-packages/airflow/example_dags/example_latest_only.py for tasks to queue
[2023-05-03T09:59:43.787+0000] {logging_mixin.py:149} INFO - [2023-05-03T09:59:43.786+0000] {dagbag.py:541} INFO - Filling up the DagBag from /home/airflow/.local/lib/python3.7/site-packages/airflow/example_dags/example_latest_only.py
[2023-05-03T09:59:43.802+0000] {processor.py:809} INFO - DAG(s) dict_keys(['latest_only']) retrieved from /home/airflow/.local/lib/python3.7/site-packages/airflow/example_dags/example_latest_only.py
[2023-05-03T09:59:43.860+0000] {logging_mixin.py:149} INFO - [2023-05-03T09:59:43.858+0000] {dag.py:2726} INFO - Sync 1 DAGs
[2023-05-03T09:59:43.945+0000] {logging_mixin.py:149} INFO - [2023-05-03T09:59:43.944+0000] {dag.py:3490} INFO - Setting next_dagrun for latest_only to 2023-05-03T05:59:43.944345+00:00, run_after=2023-05-03T09:59:43.944345+00:00
[2023-05-03T09:59:43.999+0000] {processor.py:178} INFO - Processing /home/airflow/.local/lib/python3.7/site-packages/airflow/example_dags/example_latest_only.py took 0.224 seconds
[2023-05-03T10:00:14.178+0000] {processor.py:156} INFO - Started process (PID=5594) to work on /home/airflow/.local/lib/python3.7/site-packages/airflow/example_dags/example_latest_only.py
[2023-05-03T10:00:14.180+0000] {processor.py:799} INFO - Processing file /home/airflow/.local/lib/python3.7/site-packages/airflow/example_dags/example_latest_only.py for tasks to queue
[2023-05-03T10:00:14.181+0000] {logging_mixin.py:149} INFO - [2023-05-03T10:00:14.181+0000] {dagbag.py:541} INFO - Filling up the DagBag from /home/airflow/.local/lib/python3.7/site-packages/airflow/example_dags/example_latest_only.py
[2023-05-03T10:00:14.189+0000] {processor.py:809} INFO - DAG(s) dict_keys(['latest_only']) retrieved from /home/airflow/.local/lib/python3.7/site-packages/airflow/example_dags/example_latest_only.py
[2023-05-03T10:00:14.227+0000] {logging_mixin.py:149} INFO - [2023-05-03T10:00:14.227+0000] {dag.py:2726} INFO - Sync 1 DAGs
[2023-05-03T10:00:14.270+0000] {logging_mixin.py:149} INFO - [2023-05-03T10:00:14.270+0000] {dag.py:3490} INFO - Setting next_dagrun for latest_only to 2023-05-03T06:00:14.269865+00:00, run_after=2023-05-03T10:00:14.269865+00:00
[2023-05-03T10:00:14.304+0000] {processor.py:178} INFO - Processing /home/airflow/.local/lib/python3.7/site-packages/airflow/example_dags/example_latest_only.py took 0.131 seconds
[2023-05-03T10:00:45.203+0000] {processor.py:156} INFO - Started process (PID=5831) to work on /home/airflow/.local/lib/python3.7/site-packages/airflow/example_dags/example_latest_only.py
[2023-05-03T10:00:45.206+0000] {processor.py:799} INFO - Processing file /home/airflow/.local/lib/python3.7/site-packages/airflow/example_dags/example_latest_only.py for tasks to queue
[2023-05-03T10:00:45.210+0000] {logging_mixin.py:149} INFO - [2023-05-03T10:00:45.210+0000] {dagbag.py:541} INFO - Filling up the DagBag from /home/airflow/.local/lib/python3.7/site-packages/airflow/example_dags/example_latest_only.py
[2023-05-03T10:00:45.229+0000] {processor.py:809} INFO - DAG(s) dict_keys(['latest_only']) retrieved from /home/airflow/.local/lib/python3.7/site-packages/airflow/example_dags/example_latest_only.py
[2023-05-03T10:00:45.307+0000] {logging_mixin.py:149} INFO - [2023-05-03T10:00:45.307+0000] {dag.py:2726} INFO - Sync 1 DAGs
[2023-05-03T10:00:45.432+0000] {logging_mixin.py:149} INFO - [2023-05-03T10:00:45.431+0000] {dag.py:3490} INFO - Setting next_dagrun for latest_only to 2023-05-03T06:00:45.427982+00:00, run_after=2023-05-03T10:00:45.427982+00:00
[2023-05-03T10:00:45.500+0000] {processor.py:178} INFO - Processing /home/airflow/.local/lib/python3.7/site-packages/airflow/example_dags/example_latest_only.py took 0.301 seconds
[2023-05-03T10:01:16.312+0000] {processor.py:156} INFO - Started process (PID=6069) to work on /home/airflow/.local/lib/python3.7/site-packages/airflow/example_dags/example_latest_only.py
[2023-05-03T10:01:16.313+0000] {processor.py:799} INFO - Processing file /home/airflow/.local/lib/python3.7/site-packages/airflow/example_dags/example_latest_only.py for tasks to queue
[2023-05-03T10:01:16.321+0000] {logging_mixin.py:149} INFO - [2023-05-03T10:01:16.318+0000] {dagbag.py:541} INFO - Filling up the DagBag from /home/airflow/.local/lib/python3.7/site-packages/airflow/example_dags/example_latest_only.py
[2023-05-03T10:01:16.357+0000] {processor.py:809} INFO - DAG(s) dict_keys(['latest_only']) retrieved from /home/airflow/.local/lib/python3.7/site-packages/airflow/example_dags/example_latest_only.py
[2023-05-03T10:01:16.425+0000] {logging_mixin.py:149} INFO - [2023-05-03T10:01:16.425+0000] {dag.py:2726} INFO - Sync 1 DAGs
[2023-05-03T10:01:16.491+0000] {logging_mixin.py:149} INFO - [2023-05-03T10:01:16.490+0000] {dag.py:3490} INFO - Setting next_dagrun for latest_only to 2023-05-03T06:01:16.490607+00:00, run_after=2023-05-03T10:01:16.490607+00:00
[2023-05-03T10:01:16.542+0000] {processor.py:178} INFO - Processing /home/airflow/.local/lib/python3.7/site-packages/airflow/example_dags/example_latest_only.py took 0.235 seconds
[2023-05-03T10:01:47.507+0000] {processor.py:156} INFO - Started process (PID=6305) to work on /home/airflow/.local/lib/python3.7/site-packages/airflow/example_dags/example_latest_only.py
[2023-05-03T10:01:47.509+0000] {processor.py:799} INFO - Processing file /home/airflow/.local/lib/python3.7/site-packages/airflow/example_dags/example_latest_only.py for tasks to queue
[2023-05-03T10:01:47.511+0000] {logging_mixin.py:149} INFO - [2023-05-03T10:01:47.511+0000] {dagbag.py:541} INFO - Filling up the DagBag from /home/airflow/.local/lib/python3.7/site-packages/airflow/example_dags/example_latest_only.py
[2023-05-03T10:01:47.529+0000] {processor.py:809} INFO - DAG(s) dict_keys(['latest_only']) retrieved from /home/airflow/.local/lib/python3.7/site-packages/airflow/example_dags/example_latest_only.py
[2023-05-03T10:01:47.595+0000] {logging_mixin.py:149} INFO - [2023-05-03T10:01:47.595+0000] {dag.py:2726} INFO - Sync 1 DAGs
[2023-05-03T10:01:47.678+0000] {logging_mixin.py:149} INFO - [2023-05-03T10:01:47.678+0000] {dag.py:3490} INFO - Setting next_dagrun for latest_only to 2023-05-03T06:01:47.677593+00:00, run_after=2023-05-03T10:01:47.677593+00:00
[2023-05-03T10:01:47.737+0000] {processor.py:178} INFO - Processing /home/airflow/.local/lib/python3.7/site-packages/airflow/example_dags/example_latest_only.py took 0.250 seconds
[2023-05-03T10:45:47.710+0000] {processor.py:156} INFO - Started process (PID=6486) to work on /home/airflow/.local/lib/python3.7/site-packages/airflow/example_dags/example_latest_only.py
[2023-05-03T10:45:47.782+0000] {processor.py:799} INFO - Processing file /home/airflow/.local/lib/python3.7/site-packages/airflow/example_dags/example_latest_only.py for tasks to queue
[2023-05-03T10:45:47.838+0000] {logging_mixin.py:149} INFO - [2023-05-03T10:45:47.836+0000] {dagbag.py:541} INFO - Filling up the DagBag from /home/airflow/.local/lib/python3.7/site-packages/airflow/example_dags/example_latest_only.py
[2023-05-03T10:45:48.135+0000] {processor.py:809} INFO - DAG(s) dict_keys(['latest_only']) retrieved from /home/airflow/.local/lib/python3.7/site-packages/airflow/example_dags/example_latest_only.py
[2023-05-03T10:45:48.476+0000] {logging_mixin.py:149} INFO - [2023-05-03T10:45:48.475+0000] {dag.py:2726} INFO - Sync 1 DAGs
[2023-05-03T10:45:48.864+0000] {logging_mixin.py:149} INFO - [2023-05-03T10:45:48.864+0000] {dag.py:3490} INFO - Setting next_dagrun for latest_only to 2023-05-03T06:45:48.855881+00:00, run_after=2023-05-03T10:45:48.855881+00:00
[2023-05-03T10:45:49.058+0000] {processor.py:178} INFO - Processing /home/airflow/.local/lib/python3.7/site-packages/airflow/example_dags/example_latest_only.py took 1.461 seconds
[2023-05-03T10:46:23.706+0000] {processor.py:156} INFO - Started process (PID=6722) to work on /home/airflow/.local/lib/python3.7/site-packages/airflow/example_dags/example_latest_only.py
[2023-05-03T10:46:23.753+0000] {processor.py:799} INFO - Processing file /home/airflow/.local/lib/python3.7/site-packages/airflow/example_dags/example_latest_only.py for tasks to queue
[2023-05-03T10:46:23.767+0000] {logging_mixin.py:149} INFO - [2023-05-03T10:46:23.766+0000] {dagbag.py:541} INFO - Filling up the DagBag from /home/airflow/.local/lib/python3.7/site-packages/airflow/example_dags/example_latest_only.py
[2023-05-03T10:46:23.882+0000] {processor.py:809} INFO - DAG(s) dict_keys(['latest_only']) retrieved from /home/airflow/.local/lib/python3.7/site-packages/airflow/example_dags/example_latest_only.py
[2023-05-03T10:46:25.129+0000] {logging_mixin.py:149} INFO - [2023-05-03T10:46:25.128+0000] {dag.py:2726} INFO - Sync 1 DAGs
[2023-05-03T10:47:10.797+0000] {logging_mixin.py:149} INFO - [2023-05-03T10:47:10.649+0000] {dag.py:3490} INFO - Setting next_dagrun for latest_only to 2023-05-03T06:47:10.557097+00:00, run_after=2023-05-03T10:47:10.557097+00:00
[2023-05-03T10:47:54.943+0000] {processor.py:156} INFO - Started process (PID=6959) to work on /home/airflow/.local/lib/python3.7/site-packages/airflow/example_dags/example_latest_only.py
[2023-05-03T10:47:54.945+0000] {processor.py:799} INFO - Processing file /home/airflow/.local/lib/python3.7/site-packages/airflow/example_dags/example_latest_only.py for tasks to queue
[2023-05-03T10:47:54.947+0000] {logging_mixin.py:149} INFO - [2023-05-03T10:47:54.946+0000] {dagbag.py:541} INFO - Filling up the DagBag from /home/airflow/.local/lib/python3.7/site-packages/airflow/example_dags/example_latest_only.py
[2023-05-03T10:47:54.966+0000] {processor.py:809} INFO - DAG(s) dict_keys(['latest_only']) retrieved from /home/airflow/.local/lib/python3.7/site-packages/airflow/example_dags/example_latest_only.py
[2023-05-03T10:47:55.053+0000] {logging_mixin.py:149} INFO - [2023-05-03T10:47:55.051+0000] {dag.py:2726} INFO - Sync 1 DAGs
[2023-05-03T10:47:55.158+0000] {logging_mixin.py:149} INFO - [2023-05-03T10:47:55.158+0000] {dag.py:3490} INFO - Setting next_dagrun for latest_only to 2023-05-03T06:47:55.158305+00:00, run_after=2023-05-03T10:47:55.158305+00:00
[2023-05-03T10:47:55.239+0000] {processor.py:178} INFO - Processing /home/airflow/.local/lib/python3.7/site-packages/airflow/example_dags/example_latest_only.py took 0.311 seconds
[2023-05-03T10:48:25.375+0000] {processor.py:156} INFO - Started process (PID=7187) to work on /home/airflow/.local/lib/python3.7/site-packages/airflow/example_dags/example_latest_only.py
[2023-05-03T10:48:25.376+0000] {processor.py:799} INFO - Processing file /home/airflow/.local/lib/python3.7/site-packages/airflow/example_dags/example_latest_only.py for tasks to queue
[2023-05-03T10:48:25.382+0000] {logging_mixin.py:149} INFO - [2023-05-03T10:48:25.380+0000] {dagbag.py:541} INFO - Filling up the DagBag from /home/airflow/.local/lib/python3.7/site-packages/airflow/example_dags/example_latest_only.py
[2023-05-03T10:48:25.393+0000] {processor.py:809} INFO - DAG(s) dict_keys(['latest_only']) retrieved from /home/airflow/.local/lib/python3.7/site-packages/airflow/example_dags/example_latest_only.py
[2023-05-03T10:48:25.496+0000] {logging_mixin.py:149} INFO - [2023-05-03T10:48:25.496+0000] {dag.py:2726} INFO - Sync 1 DAGs
[2023-05-03T10:48:25.566+0000] {logging_mixin.py:149} INFO - [2023-05-03T10:48:25.566+0000] {dag.py:3490} INFO - Setting next_dagrun for latest_only to 2023-05-03T06:48:25.566109+00:00, run_after=2023-05-03T10:48:25.566109+00:00
[2023-05-03T10:48:25.617+0000] {processor.py:178} INFO - Processing /home/airflow/.local/lib/python3.7/site-packages/airflow/example_dags/example_latest_only.py took 0.247 seconds
[2023-05-03T10:48:56.359+0000] {processor.py:156} INFO - Started process (PID=7425) to work on /home/airflow/.local/lib/python3.7/site-packages/airflow/example_dags/example_latest_only.py
[2023-05-03T10:48:56.361+0000] {processor.py:799} INFO - Processing file /home/airflow/.local/lib/python3.7/site-packages/airflow/example_dags/example_latest_only.py for tasks to queue
[2023-05-03T10:48:56.363+0000] {logging_mixin.py:149} INFO - [2023-05-03T10:48:56.362+0000] {dagbag.py:541} INFO - Filling up the DagBag from /home/airflow/.local/lib/python3.7/site-packages/airflow/example_dags/example_latest_only.py
[2023-05-03T10:48:56.379+0000] {processor.py:809} INFO - DAG(s) dict_keys(['latest_only']) retrieved from /home/airflow/.local/lib/python3.7/site-packages/airflow/example_dags/example_latest_only.py
[2023-05-03T10:48:56.441+0000] {logging_mixin.py:149} INFO - [2023-05-03T10:48:56.441+0000] {dag.py:2726} INFO - Sync 1 DAGs
[2023-05-03T10:48:56.528+0000] {logging_mixin.py:149} INFO - [2023-05-03T10:48:56.528+0000] {dag.py:3490} INFO - Setting next_dagrun for latest_only to 2023-05-03T06:48:56.526518+00:00, run_after=2023-05-03T10:48:56.526518+00:00
[2023-05-03T10:48:56.626+0000] {processor.py:178} INFO - Processing /home/airflow/.local/lib/python3.7/site-packages/airflow/example_dags/example_latest_only.py took 0.273 seconds
[2023-05-03T10:49:29.290+0000] {processor.py:156} INFO - Started process (PID=7631) to work on /home/airflow/.local/lib/python3.7/site-packages/airflow/example_dags/example_latest_only.py
[2023-05-03T10:49:29.308+0000] {processor.py:799} INFO - Processing file /home/airflow/.local/lib/python3.7/site-packages/airflow/example_dags/example_latest_only.py for tasks to queue
[2023-05-03T10:49:29.313+0000] {logging_mixin.py:149} INFO - [2023-05-03T10:49:29.313+0000] {dagbag.py:541} INFO - Filling up the DagBag from /home/airflow/.local/lib/python3.7/site-packages/airflow/example_dags/example_latest_only.py
[2023-05-03T10:49:29.426+0000] {processor.py:809} INFO - DAG(s) dict_keys(['latest_only']) retrieved from /home/airflow/.local/lib/python3.7/site-packages/airflow/example_dags/example_latest_only.py
[2023-05-03T10:49:29.625+0000] {logging_mixin.py:149} INFO - [2023-05-03T10:49:29.625+0000] {dag.py:2726} INFO - Sync 1 DAGs
[2023-05-03T10:49:29.789+0000] {logging_mixin.py:149} INFO - [2023-05-03T10:49:29.787+0000] {dag.py:3490} INFO - Setting next_dagrun for latest_only to 2023-05-03T06:49:29.760787+00:00, run_after=2023-05-03T10:49:29.760787+00:00
[2023-05-03T10:49:30.043+0000] {processor.py:178} INFO - Processing /home/airflow/.local/lib/python3.7/site-packages/airflow/example_dags/example_latest_only.py took 0.785 seconds
[2023-05-03T10:50:03.442+0000] {processor.py:156} INFO - Started process (PID=7857) to work on /home/airflow/.local/lib/python3.7/site-packages/airflow/example_dags/example_latest_only.py
[2023-05-03T10:50:03.444+0000] {processor.py:799} INFO - Processing file /home/airflow/.local/lib/python3.7/site-packages/airflow/example_dags/example_latest_only.py for tasks to queue
[2023-05-03T10:50:03.448+0000] {logging_mixin.py:149} INFO - [2023-05-03T10:50:03.446+0000] {dagbag.py:541} INFO - Filling up the DagBag from /home/airflow/.local/lib/python3.7/site-packages/airflow/example_dags/example_latest_only.py
[2023-05-03T10:50:03.475+0000] {processor.py:809} INFO - DAG(s) dict_keys(['latest_only']) retrieved from /home/airflow/.local/lib/python3.7/site-packages/airflow/example_dags/example_latest_only.py
[2023-05-03T10:50:03.587+0000] {logging_mixin.py:149} INFO - [2023-05-03T10:50:03.587+0000] {dag.py:2726} INFO - Sync 1 DAGs
[2023-05-03T10:50:03.701+0000] {logging_mixin.py:149} INFO - [2023-05-03T10:50:03.701+0000] {dag.py:3490} INFO - Setting next_dagrun for latest_only to 2023-05-03T06:50:03.700654+00:00, run_after=2023-05-03T10:50:03.700654+00:00
[2023-05-03T10:50:03.810+0000] {processor.py:178} INFO - Processing /home/airflow/.local/lib/python3.7/site-packages/airflow/example_dags/example_latest_only.py took 0.374 seconds
[2023-05-03T10:50:36.062+0000] {processor.py:156} INFO - Started process (PID=8082) to work on /home/airflow/.local/lib/python3.7/site-packages/airflow/example_dags/example_latest_only.py
[2023-05-03T10:50:36.068+0000] {processor.py:799} INFO - Processing file /home/airflow/.local/lib/python3.7/site-packages/airflow/example_dags/example_latest_only.py for tasks to queue
[2023-05-03T10:50:36.071+0000] {logging_mixin.py:149} INFO - [2023-05-03T10:50:36.071+0000] {dagbag.py:541} INFO - Filling up the DagBag from /home/airflow/.local/lib/python3.7/site-packages/airflow/example_dags/example_latest_only.py
[2023-05-03T10:50:36.109+0000] {processor.py:809} INFO - DAG(s) dict_keys(['latest_only']) retrieved from /home/airflow/.local/lib/python3.7/site-packages/airflow/example_dags/example_latest_only.py
[2023-05-03T10:50:36.241+0000] {logging_mixin.py:149} INFO - [2023-05-03T10:50:36.241+0000] {dag.py:2726} INFO - Sync 1 DAGs
[2023-05-03T10:50:36.355+0000] {logging_mixin.py:149} INFO - [2023-05-03T10:50:36.355+0000] {dag.py:3490} INFO - Setting next_dagrun for latest_only to 2023-05-03T06:50:36.354597+00:00, run_after=2023-05-03T10:50:36.354597+00:00
[2023-05-03T10:50:36.436+0000] {processor.py:178} INFO - Processing /home/airflow/.local/lib/python3.7/site-packages/airflow/example_dags/example_latest_only.py took 0.382 seconds
[2023-05-03T10:51:07.349+0000] {processor.py:156} INFO - Started process (PID=8312) to work on /home/airflow/.local/lib/python3.7/site-packages/airflow/example_dags/example_latest_only.py
[2023-05-03T10:51:07.353+0000] {processor.py:799} INFO - Processing file /home/airflow/.local/lib/python3.7/site-packages/airflow/example_dags/example_latest_only.py for tasks to queue
[2023-05-03T10:51:07.365+0000] {logging_mixin.py:149} INFO - [2023-05-03T10:51:07.364+0000] {dagbag.py:541} INFO - Filling up the DagBag from /home/airflow/.local/lib/python3.7/site-packages/airflow/example_dags/example_latest_only.py
[2023-05-03T10:51:07.386+0000] {processor.py:809} INFO - DAG(s) dict_keys(['latest_only']) retrieved from /home/airflow/.local/lib/python3.7/site-packages/airflow/example_dags/example_latest_only.py
[2023-05-03T10:51:07.481+0000] {logging_mixin.py:149} INFO - [2023-05-03T10:51:07.480+0000] {dag.py:2726} INFO - Sync 1 DAGs
[2023-05-03T10:51:07.594+0000] {logging_mixin.py:149} INFO - [2023-05-03T10:51:07.594+0000] {dag.py:3490} INFO - Setting next_dagrun for latest_only to 2023-05-03T06:51:07.580037+00:00, run_after=2023-05-03T10:51:07.580037+00:00
[2023-05-03T10:51:07.683+0000] {processor.py:178} INFO - Processing /home/airflow/.local/lib/python3.7/site-packages/airflow/example_dags/example_latest_only.py took 0.339 seconds
[2023-05-03T10:51:38.162+0000] {processor.py:156} INFO - Started process (PID=8545) to work on /home/airflow/.local/lib/python3.7/site-packages/airflow/example_dags/example_latest_only.py
[2023-05-03T10:51:38.164+0000] {processor.py:799} INFO - Processing file /home/airflow/.local/lib/python3.7/site-packages/airflow/example_dags/example_latest_only.py for tasks to queue
[2023-05-03T10:51:38.166+0000] {logging_mixin.py:149} INFO - [2023-05-03T10:51:38.165+0000] {dagbag.py:541} INFO - Filling up the DagBag from /home/airflow/.local/lib/python3.7/site-packages/airflow/example_dags/example_latest_only.py
[2023-05-03T10:51:38.192+0000] {processor.py:809} INFO - DAG(s) dict_keys(['latest_only']) retrieved from /home/airflow/.local/lib/python3.7/site-packages/airflow/example_dags/example_latest_only.py
[2023-05-03T10:51:38.254+0000] {logging_mixin.py:149} INFO - [2023-05-03T10:51:38.254+0000] {dag.py:2726} INFO - Sync 1 DAGs
[2023-05-03T10:51:38.321+0000] {logging_mixin.py:149} INFO - [2023-05-03T10:51:38.321+0000] {dag.py:3490} INFO - Setting next_dagrun for latest_only to 2023-05-03T06:51:38.321264+00:00, run_after=2023-05-03T10:51:38.321264+00:00
[2023-05-03T10:51:38.372+0000] {processor.py:178} INFO - Processing /home/airflow/.local/lib/python3.7/site-packages/airflow/example_dags/example_latest_only.py took 0.215 seconds
[2023-05-03T10:52:09.485+0000] {processor.py:156} INFO - Started process (PID=8774) to work on /home/airflow/.local/lib/python3.7/site-packages/airflow/example_dags/example_latest_only.py
[2023-05-03T10:52:09.489+0000] {processor.py:799} INFO - Processing file /home/airflow/.local/lib/python3.7/site-packages/airflow/example_dags/example_latest_only.py for tasks to queue
[2023-05-03T10:52:09.493+0000] {logging_mixin.py:149} INFO - [2023-05-03T10:52:09.493+0000] {dagbag.py:541} INFO - Filling up the DagBag from /home/airflow/.local/lib/python3.7/site-packages/airflow/example_dags/example_latest_only.py
[2023-05-03T10:52:09.504+0000] {processor.py:809} INFO - DAG(s) dict_keys(['latest_only']) retrieved from /home/airflow/.local/lib/python3.7/site-packages/airflow/example_dags/example_latest_only.py
[2023-05-03T10:52:09.587+0000] {logging_mixin.py:149} INFO - [2023-05-03T10:52:09.586+0000] {dag.py:2726} INFO - Sync 1 DAGs
[2023-05-03T10:52:09.665+0000] {logging_mixin.py:149} INFO - [2023-05-03T10:52:09.665+0000] {dag.py:3490} INFO - Setting next_dagrun for latest_only to 2023-05-03T06:52:09.664782+00:00, run_after=2023-05-03T10:52:09.664782+00:00
[2023-05-03T10:52:09.746+0000] {processor.py:178} INFO - Processing /home/airflow/.local/lib/python3.7/site-packages/airflow/example_dags/example_latest_only.py took 0.265 seconds
[2023-05-03T10:52:42.460+0000] {processor.py:156} INFO - Started process (PID=9010) to work on /home/airflow/.local/lib/python3.7/site-packages/airflow/example_dags/example_latest_only.py
[2023-05-03T10:52:42.472+0000] {processor.py:799} INFO - Processing file /home/airflow/.local/lib/python3.7/site-packages/airflow/example_dags/example_latest_only.py for tasks to queue
[2023-05-03T10:52:42.476+0000] {logging_mixin.py:149} INFO - [2023-05-03T10:52:42.476+0000] {dagbag.py:541} INFO - Filling up the DagBag from /home/airflow/.local/lib/python3.7/site-packages/airflow/example_dags/example_latest_only.py
[2023-05-03T10:52:42.499+0000] {processor.py:809} INFO - DAG(s) dict_keys(['latest_only']) retrieved from /home/airflow/.local/lib/python3.7/site-packages/airflow/example_dags/example_latest_only.py
[2023-05-03T10:52:42.641+0000] {logging_mixin.py:149} INFO - [2023-05-03T10:52:42.641+0000] {dag.py:2726} INFO - Sync 1 DAGs
[2023-05-03T10:52:42.739+0000] {logging_mixin.py:149} INFO - [2023-05-03T10:52:42.739+0000] {dag.py:3490} INFO - Setting next_dagrun for latest_only to 2023-05-03T06:52:42.735821+00:00, run_after=2023-05-03T10:52:42.735821+00:00
[2023-05-03T10:52:42.933+0000] {processor.py:178} INFO - Processing /home/airflow/.local/lib/python3.7/site-packages/airflow/example_dags/example_latest_only.py took 0.469 seconds
[2023-05-03T10:53:22.784+0000] {processor.py:156} INFO - Started process (PID=9241) to work on /home/airflow/.local/lib/python3.7/site-packages/airflow/example_dags/example_latest_only.py
[2023-05-03T10:53:22.793+0000] {processor.py:799} INFO - Processing file /home/airflow/.local/lib/python3.7/site-packages/airflow/example_dags/example_latest_only.py for tasks to queue
[2023-05-03T10:53:22.795+0000] {logging_mixin.py:149} INFO - [2023-05-03T10:53:22.795+0000] {dagbag.py:541} INFO - Filling up the DagBag from /home/airflow/.local/lib/python3.7/site-packages/airflow/example_dags/example_latest_only.py
[2023-05-03T10:53:22.836+0000] {processor.py:809} INFO - DAG(s) dict_keys(['latest_only']) retrieved from /home/airflow/.local/lib/python3.7/site-packages/airflow/example_dags/example_latest_only.py
[2023-05-03T10:53:23.537+0000] {logging_mixin.py:149} INFO - [2023-05-03T10:53:23.530+0000] {dag.py:2726} INFO - Sync 1 DAGs
[2023-05-03T10:53:23.706+0000] {logging_mixin.py:149} INFO - [2023-05-03T10:53:23.705+0000] {dag.py:3490} INFO - Setting next_dagrun for latest_only to 2023-05-03T06:53:23.692596+00:00, run_after=2023-05-03T10:53:23.692596+00:00
[2023-05-03T10:53:23.859+0000] {processor.py:178} INFO - Processing /home/airflow/.local/lib/python3.7/site-packages/airflow/example_dags/example_latest_only.py took 1.106 seconds
[2023-05-03T10:53:54.140+0000] {processor.py:156} INFO - Started process (PID=9468) to work on /home/airflow/.local/lib/python3.7/site-packages/airflow/example_dags/example_latest_only.py
[2023-05-03T10:53:54.145+0000] {processor.py:799} INFO - Processing file /home/airflow/.local/lib/python3.7/site-packages/airflow/example_dags/example_latest_only.py for tasks to queue
[2023-05-03T10:53:54.151+0000] {logging_mixin.py:149} INFO - [2023-05-03T10:53:54.151+0000] {dagbag.py:541} INFO - Filling up the DagBag from /home/airflow/.local/lib/python3.7/site-packages/airflow/example_dags/example_latest_only.py
[2023-05-03T10:53:54.183+0000] {processor.py:809} INFO - DAG(s) dict_keys(['latest_only']) retrieved from /home/airflow/.local/lib/python3.7/site-packages/airflow/example_dags/example_latest_only.py
[2023-05-03T10:53:54.596+0000] {logging_mixin.py:149} INFO - [2023-05-03T10:53:54.595+0000] {dag.py:2726} INFO - Sync 1 DAGs
[2023-05-03T10:53:54.744+0000] {logging_mixin.py:149} INFO - [2023-05-03T10:53:54.744+0000] {dag.py:3490} INFO - Setting next_dagrun for latest_only to 2023-05-03T06:53:54.743227+00:00, run_after=2023-05-03T10:53:54.743227+00:00
[2023-05-03T10:53:54.848+0000] {processor.py:178} INFO - Processing /home/airflow/.local/lib/python3.7/site-packages/airflow/example_dags/example_latest_only.py took 0.750 seconds
[2023-05-03T10:54:25.650+0000] {processor.py:156} INFO - Started process (PID=9701) to work on /home/airflow/.local/lib/python3.7/site-packages/airflow/example_dags/example_latest_only.py
[2023-05-03T10:54:25.654+0000] {processor.py:799} INFO - Processing file /home/airflow/.local/lib/python3.7/site-packages/airflow/example_dags/example_latest_only.py for tasks to queue
[2023-05-03T10:54:25.657+0000] {logging_mixin.py:149} INFO - [2023-05-03T10:54:25.657+0000] {dagbag.py:541} INFO - Filling up the DagBag from /home/airflow/.local/lib/python3.7/site-packages/airflow/example_dags/example_latest_only.py
[2023-05-03T10:54:25.696+0000] {processor.py:809} INFO - DAG(s) dict_keys(['latest_only']) retrieved from /home/airflow/.local/lib/python3.7/site-packages/airflow/example_dags/example_latest_only.py
[2023-05-03T10:54:25.861+0000] {logging_mixin.py:149} INFO - [2023-05-03T10:54:25.861+0000] {dag.py:2726} INFO - Sync 1 DAGs
[2023-05-03T10:54:26.044+0000] {logging_mixin.py:149} INFO - [2023-05-03T10:54:26.044+0000] {dag.py:3490} INFO - Setting next_dagrun for latest_only to 2023-05-03T06:54:26.043786+00:00, run_after=2023-05-03T10:54:26.043786+00:00
[2023-05-03T10:54:26.319+0000] {processor.py:178} INFO - Processing /home/airflow/.local/lib/python3.7/site-packages/airflow/example_dags/example_latest_only.py took 0.673 seconds
[2023-05-03T10:54:56.873+0000] {processor.py:156} INFO - Started process (PID=9938) to work on /home/airflow/.local/lib/python3.7/site-packages/airflow/example_dags/example_latest_only.py
[2023-05-03T10:54:56.880+0000] {processor.py:799} INFO - Processing file /home/airflow/.local/lib/python3.7/site-packages/airflow/example_dags/example_latest_only.py for tasks to queue
[2023-05-03T10:54:56.893+0000] {logging_mixin.py:149} INFO - [2023-05-03T10:54:56.893+0000] {dagbag.py:541} INFO - Filling up the DagBag from /home/airflow/.local/lib/python3.7/site-packages/airflow/example_dags/example_latest_only.py
[2023-05-03T10:54:56.915+0000] {processor.py:809} INFO - DAG(s) dict_keys(['latest_only']) retrieved from /home/airflow/.local/lib/python3.7/site-packages/airflow/example_dags/example_latest_only.py
[2023-05-03T10:54:57.033+0000] {logging_mixin.py:149} INFO - [2023-05-03T10:54:57.032+0000] {dag.py:2726} INFO - Sync 1 DAGs
[2023-05-03T10:54:57.112+0000] {logging_mixin.py:149} INFO - [2023-05-03T10:54:57.112+0000] {dag.py:3490} INFO - Setting next_dagrun for latest_only to 2023-05-03T06:54:57.111955+00:00, run_after=2023-05-03T10:54:57.111955+00:00
[2023-05-03T10:54:57.205+0000] {processor.py:178} INFO - Processing /home/airflow/.local/lib/python3.7/site-packages/airflow/example_dags/example_latest_only.py took 0.344 seconds
