[2023-05-03T09:31:28.928+0000] {processor.py:156} INFO - Started process (PID=351) to work on /home/airflow/.local/lib/python3.7/site-packages/airflow/example_dags/example_sensor_decorator.py
[2023-05-03T09:31:28.940+0000] {processor.py:799} INFO - Processing file /home/airflow/.local/lib/python3.7/site-packages/airflow/example_dags/example_sensor_decorator.py for tasks to queue
[2023-05-03T09:31:28.943+0000] {logging_mixin.py:149} INFO - [2023-05-03T09:31:28.942+0000] {dagbag.py:541} INFO - Filling up the DagBag from /home/airflow/.local/lib/python3.7/site-packages/airflow/example_dags/example_sensor_decorator.py
[2023-05-03T09:31:28.971+0000] {processor.py:809} INFO - DAG(s) dict_keys(['example_sensor_decorator']) retrieved from /home/airflow/.local/lib/python3.7/site-packages/airflow/example_dags/example_sensor_decorator.py
[2023-05-03T09:31:29.077+0000] {logging_mixin.py:149} INFO - [2023-05-03T09:31:29.077+0000] {dag.py:2726} INFO - Sync 1 DAGs
[2023-05-03T09:31:29.234+0000] {logging_mixin.py:149} INFO - [2023-05-03T09:31:29.234+0000] {dag.py:3490} INFO - Setting next_dagrun for example_sensor_decorator to None, run_after=None
[2023-05-03T09:31:29.391+0000] {processor.py:178} INFO - Processing /home/airflow/.local/lib/python3.7/site-packages/airflow/example_dags/example_sensor_decorator.py took 0.468 seconds
[2023-05-03T09:32:16.651+0000] {processor.py:156} INFO - Started process (PID=587) to work on /home/airflow/.local/lib/python3.7/site-packages/airflow/example_dags/example_sensor_decorator.py
[2023-05-03T09:32:16.654+0000] {processor.py:799} INFO - Processing file /home/airflow/.local/lib/python3.7/site-packages/airflow/example_dags/example_sensor_decorator.py for tasks to queue
[2023-05-03T09:32:16.656+0000] {logging_mixin.py:149} INFO - [2023-05-03T09:32:16.655+0000] {dagbag.py:541} INFO - Filling up the DagBag from /home/airflow/.local/lib/python3.7/site-packages/airflow/example_dags/example_sensor_decorator.py
[2023-05-03T09:32:16.675+0000] {processor.py:809} INFO - DAG(s) dict_keys(['example_sensor_decorator']) retrieved from /home/airflow/.local/lib/python3.7/site-packages/airflow/example_dags/example_sensor_decorator.py
[2023-05-03T09:32:17.768+0000] {logging_mixin.py:149} INFO - [2023-05-03T09:32:17.767+0000] {dag.py:2726} INFO - Sync 1 DAGs
[2023-05-03T09:32:17.951+0000] {logging_mixin.py:149} INFO - [2023-05-03T09:32:17.951+0000] {dag.py:3490} INFO - Setting next_dagrun for example_sensor_decorator to None, run_after=None
[2023-05-03T09:32:18.016+0000] {processor.py:178} INFO - Processing /home/airflow/.local/lib/python3.7/site-packages/airflow/example_dags/example_sensor_decorator.py took 1.370 seconds
[2023-05-03T09:32:48.472+0000] {processor.py:156} INFO - Started process (PID=823) to work on /home/airflow/.local/lib/python3.7/site-packages/airflow/example_dags/example_sensor_decorator.py
[2023-05-03T09:32:48.476+0000] {processor.py:799} INFO - Processing file /home/airflow/.local/lib/python3.7/site-packages/airflow/example_dags/example_sensor_decorator.py for tasks to queue
[2023-05-03T09:32:48.480+0000] {logging_mixin.py:149} INFO - [2023-05-03T09:32:48.479+0000] {dagbag.py:541} INFO - Filling up the DagBag from /home/airflow/.local/lib/python3.7/site-packages/airflow/example_dags/example_sensor_decorator.py
[2023-05-03T09:32:48.494+0000] {processor.py:809} INFO - DAG(s) dict_keys(['example_sensor_decorator']) retrieved from /home/airflow/.local/lib/python3.7/site-packages/airflow/example_dags/example_sensor_decorator.py
[2023-05-03T09:32:48.547+0000] {logging_mixin.py:149} INFO - [2023-05-03T09:32:48.547+0000] {dag.py:2726} INFO - Sync 1 DAGs
[2023-05-03T09:32:48.627+0000] {logging_mixin.py:149} INFO - [2023-05-03T09:32:48.626+0000] {dag.py:3490} INFO - Setting next_dagrun for example_sensor_decorator to None, run_after=None
[2023-05-03T09:32:48.721+0000] {processor.py:178} INFO - Processing /home/airflow/.local/lib/python3.7/site-packages/airflow/example_dags/example_sensor_decorator.py took 0.254 seconds
[2023-05-03T09:33:37.394+0000] {processor.py:156} INFO - Started process (PID=1104) to work on /home/airflow/.local/lib/python3.7/site-packages/airflow/example_dags/example_sensor_decorator.py
[2023-05-03T09:33:37.397+0000] {processor.py:799} INFO - Processing file /home/airflow/.local/lib/python3.7/site-packages/airflow/example_dags/example_sensor_decorator.py for tasks to queue
[2023-05-03T09:33:37.405+0000] {logging_mixin.py:149} INFO - [2023-05-03T09:33:37.405+0000] {dagbag.py:541} INFO - Filling up the DagBag from /home/airflow/.local/lib/python3.7/site-packages/airflow/example_dags/example_sensor_decorator.py
[2023-05-03T09:33:37.439+0000] {processor.py:809} INFO - DAG(s) dict_keys(['example_sensor_decorator']) retrieved from /home/airflow/.local/lib/python3.7/site-packages/airflow/example_dags/example_sensor_decorator.py
[2023-05-03T09:33:37.501+0000] {logging_mixin.py:149} INFO - [2023-05-03T09:33:37.501+0000] {dag.py:2726} INFO - Sync 1 DAGs
[2023-05-03T09:33:37.599+0000] {logging_mixin.py:149} INFO - [2023-05-03T09:33:37.598+0000] {dag.py:3490} INFO - Setting next_dagrun for example_sensor_decorator to None, run_after=None
[2023-05-03T09:33:37.669+0000] {processor.py:178} INFO - Processing /home/airflow/.local/lib/python3.7/site-packages/airflow/example_dags/example_sensor_decorator.py took 0.280 seconds
[2023-05-03T09:34:09.496+0000] {processor.py:156} INFO - Started process (PID=1330) to work on /home/airflow/.local/lib/python3.7/site-packages/airflow/example_dags/example_sensor_decorator.py
[2023-05-03T09:34:09.500+0000] {processor.py:799} INFO - Processing file /home/airflow/.local/lib/python3.7/site-packages/airflow/example_dags/example_sensor_decorator.py for tasks to queue
[2023-05-03T09:34:09.507+0000] {logging_mixin.py:149} INFO - [2023-05-03T09:34:09.507+0000] {dagbag.py:541} INFO - Filling up the DagBag from /home/airflow/.local/lib/python3.7/site-packages/airflow/example_dags/example_sensor_decorator.py
[2023-05-03T09:34:09.517+0000] {processor.py:809} INFO - DAG(s) dict_keys(['example_sensor_decorator']) retrieved from /home/airflow/.local/lib/python3.7/site-packages/airflow/example_dags/example_sensor_decorator.py
[2023-05-03T09:34:09.588+0000] {logging_mixin.py:149} INFO - [2023-05-03T09:34:09.587+0000] {dag.py:2726} INFO - Sync 1 DAGs
[2023-05-03T09:34:09.673+0000] {logging_mixin.py:149} INFO - [2023-05-03T09:34:09.673+0000] {dag.py:3490} INFO - Setting next_dagrun for example_sensor_decorator to None, run_after=None
[2023-05-03T09:34:09.732+0000] {processor.py:178} INFO - Processing /home/airflow/.local/lib/python3.7/site-packages/airflow/example_dags/example_sensor_decorator.py took 0.241 seconds
[2023-05-03T09:34:40.428+0000] {processor.py:156} INFO - Started process (PID=1566) to work on /home/airflow/.local/lib/python3.7/site-packages/airflow/example_dags/example_sensor_decorator.py
[2023-05-03T09:34:40.432+0000] {processor.py:799} INFO - Processing file /home/airflow/.local/lib/python3.7/site-packages/airflow/example_dags/example_sensor_decorator.py for tasks to queue
[2023-05-03T09:34:40.434+0000] {logging_mixin.py:149} INFO - [2023-05-03T09:34:40.433+0000] {dagbag.py:541} INFO - Filling up the DagBag from /home/airflow/.local/lib/python3.7/site-packages/airflow/example_dags/example_sensor_decorator.py
[2023-05-03T09:34:40.454+0000] {processor.py:809} INFO - DAG(s) dict_keys(['example_sensor_decorator']) retrieved from /home/airflow/.local/lib/python3.7/site-packages/airflow/example_dags/example_sensor_decorator.py
[2023-05-03T09:34:40.510+0000] {logging_mixin.py:149} INFO - [2023-05-03T09:34:40.510+0000] {dag.py:2726} INFO - Sync 1 DAGs
[2023-05-03T09:34:40.577+0000] {logging_mixin.py:149} INFO - [2023-05-03T09:34:40.576+0000] {dag.py:3490} INFO - Setting next_dagrun for example_sensor_decorator to None, run_after=None
[2023-05-03T09:34:40.632+0000] {processor.py:178} INFO - Processing /home/airflow/.local/lib/python3.7/site-packages/airflow/example_dags/example_sensor_decorator.py took 0.214 seconds
[2023-05-03T09:35:11.356+0000] {processor.py:156} INFO - Started process (PID=1802) to work on /home/airflow/.local/lib/python3.7/site-packages/airflow/example_dags/example_sensor_decorator.py
[2023-05-03T09:35:11.382+0000] {processor.py:799} INFO - Processing file /home/airflow/.local/lib/python3.7/site-packages/airflow/example_dags/example_sensor_decorator.py for tasks to queue
[2023-05-03T09:35:11.384+0000] {logging_mixin.py:149} INFO - [2023-05-03T09:35:11.383+0000] {dagbag.py:541} INFO - Filling up the DagBag from /home/airflow/.local/lib/python3.7/site-packages/airflow/example_dags/example_sensor_decorator.py
[2023-05-03T09:35:11.401+0000] {processor.py:809} INFO - DAG(s) dict_keys(['example_sensor_decorator']) retrieved from /home/airflow/.local/lib/python3.7/site-packages/airflow/example_dags/example_sensor_decorator.py
[2023-05-03T09:35:11.475+0000] {logging_mixin.py:149} INFO - [2023-05-03T09:35:11.475+0000] {dag.py:2726} INFO - Sync 1 DAGs
[2023-05-03T09:35:11.536+0000] {logging_mixin.py:149} INFO - [2023-05-03T09:35:11.536+0000] {dag.py:3490} INFO - Setting next_dagrun for example_sensor_decorator to None, run_after=None
[2023-05-03T09:35:11.623+0000] {processor.py:178} INFO - Processing /home/airflow/.local/lib/python3.7/site-packages/airflow/example_dags/example_sensor_decorator.py took 0.272 seconds
[2023-05-03T09:35:52.334+0000] {processor.py:156} INFO - Started process (PID=2045) to work on /home/airflow/.local/lib/python3.7/site-packages/airflow/example_dags/example_sensor_decorator.py
[2023-05-03T09:35:52.342+0000] {processor.py:799} INFO - Processing file /home/airflow/.local/lib/python3.7/site-packages/airflow/example_dags/example_sensor_decorator.py for tasks to queue
[2023-05-03T09:35:52.344+0000] {logging_mixin.py:149} INFO - [2023-05-03T09:35:52.344+0000] {dagbag.py:541} INFO - Filling up the DagBag from /home/airflow/.local/lib/python3.7/site-packages/airflow/example_dags/example_sensor_decorator.py
[2023-05-03T09:35:52.361+0000] {processor.py:809} INFO - DAG(s) dict_keys(['example_sensor_decorator']) retrieved from /home/airflow/.local/lib/python3.7/site-packages/airflow/example_dags/example_sensor_decorator.py
[2023-05-03T09:35:52.426+0000] {logging_mixin.py:149} INFO - [2023-05-03T09:35:52.426+0000] {dag.py:2726} INFO - Sync 1 DAGs
[2023-05-03T09:35:52.465+0000] {logging_mixin.py:149} INFO - [2023-05-03T09:35:52.464+0000] {dag.py:3490} INFO - Setting next_dagrun for example_sensor_decorator to None, run_after=None
[2023-05-03T09:35:52.596+0000] {processor.py:178} INFO - Processing /home/airflow/.local/lib/python3.7/site-packages/airflow/example_dags/example_sensor_decorator.py took 0.267 seconds
[2023-05-03T09:36:23.917+0000] {processor.py:156} INFO - Started process (PID=2282) to work on /home/airflow/.local/lib/python3.7/site-packages/airflow/example_dags/example_sensor_decorator.py
[2023-05-03T09:36:23.920+0000] {processor.py:799} INFO - Processing file /home/airflow/.local/lib/python3.7/site-packages/airflow/example_dags/example_sensor_decorator.py for tasks to queue
[2023-05-03T09:36:23.923+0000] {logging_mixin.py:149} INFO - [2023-05-03T09:36:23.921+0000] {dagbag.py:541} INFO - Filling up the DagBag from /home/airflow/.local/lib/python3.7/site-packages/airflow/example_dags/example_sensor_decorator.py
[2023-05-03T09:36:23.944+0000] {processor.py:809} INFO - DAG(s) dict_keys(['example_sensor_decorator']) retrieved from /home/airflow/.local/lib/python3.7/site-packages/airflow/example_dags/example_sensor_decorator.py
[2023-05-03T09:36:23.993+0000] {logging_mixin.py:149} INFO - [2023-05-03T09:36:23.993+0000] {dag.py:2726} INFO - Sync 1 DAGs
[2023-05-03T09:36:24.045+0000] {logging_mixin.py:149} INFO - [2023-05-03T09:36:24.045+0000] {dag.py:3490} INFO - Setting next_dagrun for example_sensor_decorator to None, run_after=None
[2023-05-03T09:36:24.085+0000] {processor.py:178} INFO - Processing /home/airflow/.local/lib/python3.7/site-packages/airflow/example_dags/example_sensor_decorator.py took 0.173 seconds
[2023-05-03T09:36:54.980+0000] {processor.py:156} INFO - Started process (PID=2517) to work on /home/airflow/.local/lib/python3.7/site-packages/airflow/example_dags/example_sensor_decorator.py
[2023-05-03T09:36:54.985+0000] {processor.py:799} INFO - Processing file /home/airflow/.local/lib/python3.7/site-packages/airflow/example_dags/example_sensor_decorator.py for tasks to queue
[2023-05-03T09:36:54.993+0000] {logging_mixin.py:149} INFO - [2023-05-03T09:36:54.992+0000] {dagbag.py:541} INFO - Filling up the DagBag from /home/airflow/.local/lib/python3.7/site-packages/airflow/example_dags/example_sensor_decorator.py
[2023-05-03T09:36:55.018+0000] {processor.py:809} INFO - DAG(s) dict_keys(['example_sensor_decorator']) retrieved from /home/airflow/.local/lib/python3.7/site-packages/airflow/example_dags/example_sensor_decorator.py
[2023-05-03T09:36:55.092+0000] {logging_mixin.py:149} INFO - [2023-05-03T09:36:55.091+0000] {dag.py:2726} INFO - Sync 1 DAGs
[2023-05-03T09:36:55.169+0000] {logging_mixin.py:149} INFO - [2023-05-03T09:36:55.168+0000] {dag.py:3490} INFO - Setting next_dagrun for example_sensor_decorator to None, run_after=None
[2023-05-03T09:36:55.235+0000] {processor.py:178} INFO - Processing /home/airflow/.local/lib/python3.7/site-packages/airflow/example_dags/example_sensor_decorator.py took 0.267 seconds
[2023-05-03T09:37:26.841+0000] {processor.py:156} INFO - Started process (PID=2763) to work on /home/airflow/.local/lib/python3.7/site-packages/airflow/example_dags/example_sensor_decorator.py
[2023-05-03T09:37:26.843+0000] {processor.py:799} INFO - Processing file /home/airflow/.local/lib/python3.7/site-packages/airflow/example_dags/example_sensor_decorator.py for tasks to queue
[2023-05-03T09:37:26.845+0000] {logging_mixin.py:149} INFO - [2023-05-03T09:37:26.845+0000] {dagbag.py:541} INFO - Filling up the DagBag from /home/airflow/.local/lib/python3.7/site-packages/airflow/example_dags/example_sensor_decorator.py
[2023-05-03T09:37:26.859+0000] {processor.py:809} INFO - DAG(s) dict_keys(['example_sensor_decorator']) retrieved from /home/airflow/.local/lib/python3.7/site-packages/airflow/example_dags/example_sensor_decorator.py
[2023-05-03T09:37:26.913+0000] {logging_mixin.py:149} INFO - [2023-05-03T09:37:26.913+0000] {dag.py:2726} INFO - Sync 1 DAGs
[2023-05-03T09:37:26.955+0000] {logging_mixin.py:149} INFO - [2023-05-03T09:37:26.955+0000] {dag.py:3490} INFO - Setting next_dagrun for example_sensor_decorator to None, run_after=None
[2023-05-03T09:37:26.992+0000] {processor.py:178} INFO - Processing /home/airflow/.local/lib/python3.7/site-packages/airflow/example_dags/example_sensor_decorator.py took 0.158 seconds
[2023-05-03T09:38:01.199+0000] {processor.py:156} INFO - Started process (PID=2999) to work on /home/airflow/.local/lib/python3.7/site-packages/airflow/example_dags/example_sensor_decorator.py
[2023-05-03T09:38:01.215+0000] {processor.py:799} INFO - Processing file /home/airflow/.local/lib/python3.7/site-packages/airflow/example_dags/example_sensor_decorator.py for tasks to queue
[2023-05-03T09:38:01.224+0000] {logging_mixin.py:149} INFO - [2023-05-03T09:38:01.223+0000] {dagbag.py:541} INFO - Filling up the DagBag from /home/airflow/.local/lib/python3.7/site-packages/airflow/example_dags/example_sensor_decorator.py
[2023-05-03T09:38:01.245+0000] {processor.py:809} INFO - DAG(s) dict_keys(['example_sensor_decorator']) retrieved from /home/airflow/.local/lib/python3.7/site-packages/airflow/example_dags/example_sensor_decorator.py
[2023-05-03T09:38:01.326+0000] {logging_mixin.py:149} INFO - [2023-05-03T09:38:01.326+0000] {dag.py:2726} INFO - Sync 1 DAGs
[2023-05-03T09:38:01.386+0000] {logging_mixin.py:149} INFO - [2023-05-03T09:38:01.386+0000] {dag.py:3490} INFO - Setting next_dagrun for example_sensor_decorator to None, run_after=None
[2023-05-03T09:38:01.445+0000] {processor.py:178} INFO - Processing /home/airflow/.local/lib/python3.7/site-packages/airflow/example_dags/example_sensor_decorator.py took 0.258 seconds
[2023-05-03T09:38:35.389+0000] {processor.py:156} INFO - Started process (PID=3235) to work on /home/airflow/.local/lib/python3.7/site-packages/airflow/example_dags/example_sensor_decorator.py
[2023-05-03T09:38:35.391+0000] {processor.py:799} INFO - Processing file /home/airflow/.local/lib/python3.7/site-packages/airflow/example_dags/example_sensor_decorator.py for tasks to queue
[2023-05-03T09:38:35.394+0000] {logging_mixin.py:149} INFO - [2023-05-03T09:38:35.394+0000] {dagbag.py:541} INFO - Filling up the DagBag from /home/airflow/.local/lib/python3.7/site-packages/airflow/example_dags/example_sensor_decorator.py
[2023-05-03T09:38:35.406+0000] {processor.py:809} INFO - DAG(s) dict_keys(['example_sensor_decorator']) retrieved from /home/airflow/.local/lib/python3.7/site-packages/airflow/example_dags/example_sensor_decorator.py
[2023-05-03T09:38:35.462+0000] {logging_mixin.py:149} INFO - [2023-05-03T09:38:35.461+0000] {dag.py:2726} INFO - Sync 1 DAGs
[2023-05-03T09:38:35.511+0000] {logging_mixin.py:149} INFO - [2023-05-03T09:38:35.511+0000] {dag.py:3490} INFO - Setting next_dagrun for example_sensor_decorator to None, run_after=None
[2023-05-03T09:38:35.559+0000] {processor.py:178} INFO - Processing /home/airflow/.local/lib/python3.7/site-packages/airflow/example_dags/example_sensor_decorator.py took 0.176 seconds
[2023-05-03T09:39:06.804+0000] {processor.py:156} INFO - Started process (PID=3471) to work on /home/airflow/.local/lib/python3.7/site-packages/airflow/example_dags/example_sensor_decorator.py
[2023-05-03T09:39:06.807+0000] {processor.py:799} INFO - Processing file /home/airflow/.local/lib/python3.7/site-packages/airflow/example_dags/example_sensor_decorator.py for tasks to queue
[2023-05-03T09:39:06.812+0000] {logging_mixin.py:149} INFO - [2023-05-03T09:39:06.811+0000] {dagbag.py:541} INFO - Filling up the DagBag from /home/airflow/.local/lib/python3.7/site-packages/airflow/example_dags/example_sensor_decorator.py
[2023-05-03T09:39:06.833+0000] {processor.py:809} INFO - DAG(s) dict_keys(['example_sensor_decorator']) retrieved from /home/airflow/.local/lib/python3.7/site-packages/airflow/example_dags/example_sensor_decorator.py
[2023-05-03T09:39:06.906+0000] {logging_mixin.py:149} INFO - [2023-05-03T09:39:06.906+0000] {dag.py:2726} INFO - Sync 1 DAGs
[2023-05-03T09:39:06.978+0000] {logging_mixin.py:149} INFO - [2023-05-03T09:39:06.978+0000] {dag.py:3490} INFO - Setting next_dagrun for example_sensor_decorator to None, run_after=None
[2023-05-03T09:39:07.057+0000] {processor.py:178} INFO - Processing /home/airflow/.local/lib/python3.7/site-packages/airflow/example_dags/example_sensor_decorator.py took 0.257 seconds
[2023-05-03T09:39:39.019+0000] {processor.py:156} INFO - Started process (PID=3723) to work on /home/airflow/.local/lib/python3.7/site-packages/airflow/example_dags/example_sensor_decorator.py
[2023-05-03T09:39:39.022+0000] {processor.py:799} INFO - Processing file /home/airflow/.local/lib/python3.7/site-packages/airflow/example_dags/example_sensor_decorator.py for tasks to queue
[2023-05-03T09:39:39.026+0000] {logging_mixin.py:149} INFO - [2023-05-03T09:39:39.026+0000] {dagbag.py:541} INFO - Filling up the DagBag from /home/airflow/.local/lib/python3.7/site-packages/airflow/example_dags/example_sensor_decorator.py
[2023-05-03T09:39:39.049+0000] {processor.py:809} INFO - DAG(s) dict_keys(['example_sensor_decorator']) retrieved from /home/airflow/.local/lib/python3.7/site-packages/airflow/example_dags/example_sensor_decorator.py
[2023-05-03T09:39:39.102+0000] {logging_mixin.py:149} INFO - [2023-05-03T09:39:39.101+0000] {dag.py:2726} INFO - Sync 1 DAGs
[2023-05-03T09:39:39.159+0000] {logging_mixin.py:149} INFO - [2023-05-03T09:39:39.159+0000] {dag.py:3490} INFO - Setting next_dagrun for example_sensor_decorator to None, run_after=None
[2023-05-03T09:39:39.216+0000] {processor.py:178} INFO - Processing /home/airflow/.local/lib/python3.7/site-packages/airflow/example_dags/example_sensor_decorator.py took 0.202 seconds
[2023-05-03T09:40:09.528+0000] {processor.py:156} INFO - Started process (PID=3959) to work on /home/airflow/.local/lib/python3.7/site-packages/airflow/example_dags/example_sensor_decorator.py
[2023-05-03T09:40:09.530+0000] {processor.py:799} INFO - Processing file /home/airflow/.local/lib/python3.7/site-packages/airflow/example_dags/example_sensor_decorator.py for tasks to queue
[2023-05-03T09:40:09.532+0000] {logging_mixin.py:149} INFO - [2023-05-03T09:40:09.532+0000] {dagbag.py:541} INFO - Filling up the DagBag from /home/airflow/.local/lib/python3.7/site-packages/airflow/example_dags/example_sensor_decorator.py
[2023-05-03T09:40:09.547+0000] {processor.py:809} INFO - DAG(s) dict_keys(['example_sensor_decorator']) retrieved from /home/airflow/.local/lib/python3.7/site-packages/airflow/example_dags/example_sensor_decorator.py
[2023-05-03T09:40:09.598+0000] {logging_mixin.py:149} INFO - [2023-05-03T09:40:09.597+0000] {dag.py:2726} INFO - Sync 1 DAGs
[2023-05-03T09:40:09.640+0000] {logging_mixin.py:149} INFO - [2023-05-03T09:40:09.640+0000] {dag.py:3490} INFO - Setting next_dagrun for example_sensor_decorator to None, run_after=None
[2023-05-03T09:40:09.675+0000] {processor.py:178} INFO - Processing /home/airflow/.local/lib/python3.7/site-packages/airflow/example_dags/example_sensor_decorator.py took 0.151 seconds
[2023-05-03T09:40:40.672+0000] {processor.py:156} INFO - Started process (PID=4195) to work on /home/airflow/.local/lib/python3.7/site-packages/airflow/example_dags/example_sensor_decorator.py
[2023-05-03T09:40:40.675+0000] {processor.py:799} INFO - Processing file /home/airflow/.local/lib/python3.7/site-packages/airflow/example_dags/example_sensor_decorator.py for tasks to queue
[2023-05-03T09:40:40.676+0000] {logging_mixin.py:149} INFO - [2023-05-03T09:40:40.676+0000] {dagbag.py:541} INFO - Filling up the DagBag from /home/airflow/.local/lib/python3.7/site-packages/airflow/example_dags/example_sensor_decorator.py
[2023-05-03T09:40:40.687+0000] {processor.py:809} INFO - DAG(s) dict_keys(['example_sensor_decorator']) retrieved from /home/airflow/.local/lib/python3.7/site-packages/airflow/example_dags/example_sensor_decorator.py
[2023-05-03T09:40:40.738+0000] {logging_mixin.py:149} INFO - [2023-05-03T09:40:40.737+0000] {dag.py:2726} INFO - Sync 1 DAGs
[2023-05-03T09:40:40.781+0000] {logging_mixin.py:149} INFO - [2023-05-03T09:40:40.781+0000] {dag.py:3490} INFO - Setting next_dagrun for example_sensor_decorator to None, run_after=None
[2023-05-03T09:40:40.813+0000] {processor.py:178} INFO - Processing /home/airflow/.local/lib/python3.7/site-packages/airflow/example_dags/example_sensor_decorator.py took 0.145 seconds
[2023-05-03T09:41:11.247+0000] {processor.py:156} INFO - Started process (PID=4431) to work on /home/airflow/.local/lib/python3.7/site-packages/airflow/example_dags/example_sensor_decorator.py
[2023-05-03T09:41:11.249+0000] {processor.py:799} INFO - Processing file /home/airflow/.local/lib/python3.7/site-packages/airflow/example_dags/example_sensor_decorator.py for tasks to queue
[2023-05-03T09:41:11.250+0000] {logging_mixin.py:149} INFO - [2023-05-03T09:41:11.250+0000] {dagbag.py:541} INFO - Filling up the DagBag from /home/airflow/.local/lib/python3.7/site-packages/airflow/example_dags/example_sensor_decorator.py
[2023-05-03T09:41:11.259+0000] {processor.py:809} INFO - DAG(s) dict_keys(['example_sensor_decorator']) retrieved from /home/airflow/.local/lib/python3.7/site-packages/airflow/example_dags/example_sensor_decorator.py
[2023-05-03T09:41:11.298+0000] {logging_mixin.py:149} INFO - [2023-05-03T09:41:11.298+0000] {dag.py:2726} INFO - Sync 1 DAGs
[2023-05-03T09:41:11.368+0000] {logging_mixin.py:149} INFO - [2023-05-03T09:41:11.368+0000] {dag.py:3490} INFO - Setting next_dagrun for example_sensor_decorator to None, run_after=None
[2023-05-03T09:41:11.411+0000] {processor.py:178} INFO - Processing /home/airflow/.local/lib/python3.7/site-packages/airflow/example_dags/example_sensor_decorator.py took 0.169 seconds
[2023-05-03T09:41:43.712+0000] {processor.py:156} INFO - Started process (PID=4667) to work on /home/airflow/.local/lib/python3.7/site-packages/airflow/example_dags/example_sensor_decorator.py
[2023-05-03T09:41:43.714+0000] {processor.py:799} INFO - Processing file /home/airflow/.local/lib/python3.7/site-packages/airflow/example_dags/example_sensor_decorator.py for tasks to queue
[2023-05-03T09:41:43.716+0000] {logging_mixin.py:149} INFO - [2023-05-03T09:41:43.716+0000] {dagbag.py:541} INFO - Filling up the DagBag from /home/airflow/.local/lib/python3.7/site-packages/airflow/example_dags/example_sensor_decorator.py
[2023-05-03T09:41:43.730+0000] {processor.py:809} INFO - DAG(s) dict_keys(['example_sensor_decorator']) retrieved from /home/airflow/.local/lib/python3.7/site-packages/airflow/example_dags/example_sensor_decorator.py
[2023-05-03T09:41:43.792+0000] {logging_mixin.py:149} INFO - [2023-05-03T09:41:43.791+0000] {dag.py:2726} INFO - Sync 1 DAGs
[2023-05-03T09:41:43.841+0000] {logging_mixin.py:149} INFO - [2023-05-03T09:41:43.840+0000] {dag.py:3490} INFO - Setting next_dagrun for example_sensor_decorator to None, run_after=None
[2023-05-03T09:41:43.877+0000] {processor.py:178} INFO - Processing /home/airflow/.local/lib/python3.7/site-packages/airflow/example_dags/example_sensor_decorator.py took 0.173 seconds
[2023-05-03T09:44:57.238+0000] {processor.py:156} INFO - Started process (PID=354) to work on /home/airflow/.local/lib/python3.7/site-packages/airflow/example_dags/example_sensor_decorator.py
[2023-05-03T09:44:57.241+0000] {processor.py:799} INFO - Processing file /home/airflow/.local/lib/python3.7/site-packages/airflow/example_dags/example_sensor_decorator.py for tasks to queue
[2023-05-03T09:44:57.248+0000] {logging_mixin.py:149} INFO - [2023-05-03T09:44:57.248+0000] {dagbag.py:541} INFO - Filling up the DagBag from /home/airflow/.local/lib/python3.7/site-packages/airflow/example_dags/example_sensor_decorator.py
[2023-05-03T09:44:57.269+0000] {processor.py:809} INFO - DAG(s) dict_keys(['example_sensor_decorator']) retrieved from /home/airflow/.local/lib/python3.7/site-packages/airflow/example_dags/example_sensor_decorator.py
[2023-05-03T09:44:57.371+0000] {logging_mixin.py:149} INFO - [2023-05-03T09:44:57.371+0000] {dag.py:2726} INFO - Sync 1 DAGs
[2023-05-03T09:44:57.463+0000] {logging_mixin.py:149} INFO - [2023-05-03T09:44:57.462+0000] {dag.py:3490} INFO - Setting next_dagrun for example_sensor_decorator to None, run_after=None
[2023-05-03T09:44:57.535+0000] {processor.py:178} INFO - Processing /home/airflow/.local/lib/python3.7/site-packages/airflow/example_dags/example_sensor_decorator.py took 0.302 seconds
[2023-05-03T09:46:38.349+0000] {processor.py:156} INFO - Started process (PID=671) to work on /home/airflow/.local/lib/python3.7/site-packages/airflow/example_dags/example_sensor_decorator.py
[2023-05-03T09:46:38.374+0000] {processor.py:799} INFO - Processing file /home/airflow/.local/lib/python3.7/site-packages/airflow/example_dags/example_sensor_decorator.py for tasks to queue
[2023-05-03T09:46:38.386+0000] {logging_mixin.py:149} INFO - [2023-05-03T09:46:38.385+0000] {dagbag.py:541} INFO - Filling up the DagBag from /home/airflow/.local/lib/python3.7/site-packages/airflow/example_dags/example_sensor_decorator.py
[2023-05-03T09:46:38.519+0000] {processor.py:809} INFO - DAG(s) dict_keys(['example_sensor_decorator']) retrieved from /home/airflow/.local/lib/python3.7/site-packages/airflow/example_dags/example_sensor_decorator.py
[2023-05-03T09:46:38.655+0000] {logging_mixin.py:149} INFO - [2023-05-03T09:46:38.654+0000] {dag.py:2726} INFO - Sync 1 DAGs
[2023-05-03T09:46:38.763+0000] {logging_mixin.py:149} INFO - [2023-05-03T09:46:38.763+0000] {dag.py:3490} INFO - Setting next_dagrun for example_sensor_decorator to None, run_after=None
[2023-05-03T09:46:38.868+0000] {processor.py:178} INFO - Processing /home/airflow/.local/lib/python3.7/site-packages/airflow/example_dags/example_sensor_decorator.py took 0.539 seconds
[2023-05-03T09:47:39.105+0000] {processor.py:156} INFO - Started process (PID=915) to work on /home/airflow/.local/lib/python3.7/site-packages/airflow/example_dags/example_sensor_decorator.py
[2023-05-03T09:47:39.108+0000] {processor.py:799} INFO - Processing file /home/airflow/.local/lib/python3.7/site-packages/airflow/example_dags/example_sensor_decorator.py for tasks to queue
[2023-05-03T09:47:39.109+0000] {logging_mixin.py:149} INFO - [2023-05-03T09:47:39.109+0000] {dagbag.py:541} INFO - Filling up the DagBag from /home/airflow/.local/lib/python3.7/site-packages/airflow/example_dags/example_sensor_decorator.py
[2023-05-03T09:47:39.131+0000] {processor.py:809} INFO - DAG(s) dict_keys(['example_sensor_decorator']) retrieved from /home/airflow/.local/lib/python3.7/site-packages/airflow/example_dags/example_sensor_decorator.py
[2023-05-03T09:47:39.210+0000] {logging_mixin.py:149} INFO - [2023-05-03T09:47:39.210+0000] {dag.py:2726} INFO - Sync 1 DAGs
[2023-05-03T09:47:39.321+0000] {logging_mixin.py:149} INFO - [2023-05-03T09:47:39.321+0000] {dag.py:3490} INFO - Setting next_dagrun for example_sensor_decorator to None, run_after=None
[2023-05-03T09:47:39.399+0000] {processor.py:178} INFO - Processing /home/airflow/.local/lib/python3.7/site-packages/airflow/example_dags/example_sensor_decorator.py took 0.310 seconds
[2023-05-03T09:48:32.192+0000] {processor.py:156} INFO - Started process (PID=1151) to work on /home/airflow/.local/lib/python3.7/site-packages/airflow/example_dags/example_sensor_decorator.py
[2023-05-03T09:48:32.206+0000] {processor.py:799} INFO - Processing file /home/airflow/.local/lib/python3.7/site-packages/airflow/example_dags/example_sensor_decorator.py for tasks to queue
[2023-05-03T09:48:32.211+0000] {logging_mixin.py:149} INFO - [2023-05-03T09:48:32.210+0000] {dagbag.py:541} INFO - Filling up the DagBag from /home/airflow/.local/lib/python3.7/site-packages/airflow/example_dags/example_sensor_decorator.py
[2023-05-03T09:48:32.230+0000] {processor.py:809} INFO - DAG(s) dict_keys(['example_sensor_decorator']) retrieved from /home/airflow/.local/lib/python3.7/site-packages/airflow/example_dags/example_sensor_decorator.py
[2023-05-03T09:48:32.323+0000] {logging_mixin.py:149} INFO - [2023-05-03T09:48:32.323+0000] {dag.py:2726} INFO - Sync 1 DAGs
[2023-05-03T09:48:32.440+0000] {logging_mixin.py:149} INFO - [2023-05-03T09:48:32.440+0000] {dag.py:3490} INFO - Setting next_dagrun for example_sensor_decorator to None, run_after=None
[2023-05-03T09:48:32.533+0000] {processor.py:178} INFO - Processing /home/airflow/.local/lib/python3.7/site-packages/airflow/example_dags/example_sensor_decorator.py took 0.354 seconds
[2023-05-03T09:49:40.002+0000] {processor.py:156} INFO - Started process (PID=1410) to work on /home/airflow/.local/lib/python3.7/site-packages/airflow/example_dags/example_sensor_decorator.py
[2023-05-03T09:49:40.018+0000] {processor.py:799} INFO - Processing file /home/airflow/.local/lib/python3.7/site-packages/airflow/example_dags/example_sensor_decorator.py for tasks to queue
[2023-05-03T09:49:40.024+0000] {logging_mixin.py:149} INFO - [2023-05-03T09:49:40.024+0000] {dagbag.py:541} INFO - Filling up the DagBag from /home/airflow/.local/lib/python3.7/site-packages/airflow/example_dags/example_sensor_decorator.py
[2023-05-03T09:49:40.046+0000] {processor.py:809} INFO - DAG(s) dict_keys(['example_sensor_decorator']) retrieved from /home/airflow/.local/lib/python3.7/site-packages/airflow/example_dags/example_sensor_decorator.py
[2023-05-03T09:49:40.153+0000] {logging_mixin.py:149} INFO - [2023-05-03T09:49:40.152+0000] {dag.py:2726} INFO - Sync 1 DAGs
[2023-05-03T09:49:40.264+0000] {logging_mixin.py:149} INFO - [2023-05-03T09:49:40.254+0000] {dag.py:3490} INFO - Setting next_dagrun for example_sensor_decorator to None, run_after=None
[2023-05-03T09:49:40.374+0000] {processor.py:178} INFO - Processing /home/airflow/.local/lib/python3.7/site-packages/airflow/example_dags/example_sensor_decorator.py took 0.369 seconds
[2023-05-03T09:50:12.465+0000] {processor.py:156} INFO - Started process (PID=1646) to work on /home/airflow/.local/lib/python3.7/site-packages/airflow/example_dags/example_sensor_decorator.py
[2023-05-03T09:50:12.467+0000] {processor.py:799} INFO - Processing file /home/airflow/.local/lib/python3.7/site-packages/airflow/example_dags/example_sensor_decorator.py for tasks to queue
[2023-05-03T09:50:12.469+0000] {logging_mixin.py:149} INFO - [2023-05-03T09:50:12.469+0000] {dagbag.py:541} INFO - Filling up the DagBag from /home/airflow/.local/lib/python3.7/site-packages/airflow/example_dags/example_sensor_decorator.py
[2023-05-03T09:50:12.486+0000] {processor.py:809} INFO - DAG(s) dict_keys(['example_sensor_decorator']) retrieved from /home/airflow/.local/lib/python3.7/site-packages/airflow/example_dags/example_sensor_decorator.py
[2023-05-03T09:50:12.572+0000] {logging_mixin.py:149} INFO - [2023-05-03T09:50:12.572+0000] {dag.py:2726} INFO - Sync 1 DAGs
[2023-05-03T09:50:12.645+0000] {logging_mixin.py:149} INFO - [2023-05-03T09:50:12.645+0000] {dag.py:3490} INFO - Setting next_dagrun for example_sensor_decorator to None, run_after=None
[2023-05-03T09:50:12.726+0000] {processor.py:178} INFO - Processing /home/airflow/.local/lib/python3.7/site-packages/airflow/example_dags/example_sensor_decorator.py took 0.268 seconds
[2023-05-03T09:50:44.168+0000] {processor.py:156} INFO - Started process (PID=1882) to work on /home/airflow/.local/lib/python3.7/site-packages/airflow/example_dags/example_sensor_decorator.py
[2023-05-03T09:50:44.170+0000] {processor.py:799} INFO - Processing file /home/airflow/.local/lib/python3.7/site-packages/airflow/example_dags/example_sensor_decorator.py for tasks to queue
[2023-05-03T09:50:44.172+0000] {logging_mixin.py:149} INFO - [2023-05-03T09:50:44.171+0000] {dagbag.py:541} INFO - Filling up the DagBag from /home/airflow/.local/lib/python3.7/site-packages/airflow/example_dags/example_sensor_decorator.py
[2023-05-03T09:50:44.186+0000] {processor.py:809} INFO - DAG(s) dict_keys(['example_sensor_decorator']) retrieved from /home/airflow/.local/lib/python3.7/site-packages/airflow/example_dags/example_sensor_decorator.py
[2023-05-03T09:50:44.263+0000] {logging_mixin.py:149} INFO - [2023-05-03T09:50:44.262+0000] {dag.py:2726} INFO - Sync 1 DAGs
[2023-05-03T09:50:44.646+0000] {logging_mixin.py:149} INFO - [2023-05-03T09:50:44.646+0000] {dag.py:3490} INFO - Setting next_dagrun for example_sensor_decorator to None, run_after=None
[2023-05-03T09:50:44.721+0000] {processor.py:178} INFO - Processing /home/airflow/.local/lib/python3.7/site-packages/airflow/example_dags/example_sensor_decorator.py took 0.566 seconds
[2023-05-03T09:52:00.723+0000] {processor.py:156} INFO - Started process (PID=2185) to work on /home/airflow/.local/lib/python3.7/site-packages/airflow/example_dags/example_sensor_decorator.py
[2023-05-03T09:52:00.726+0000] {processor.py:799} INFO - Processing file /home/airflow/.local/lib/python3.7/site-packages/airflow/example_dags/example_sensor_decorator.py for tasks to queue
[2023-05-03T09:52:00.735+0000] {logging_mixin.py:149} INFO - [2023-05-03T09:52:00.734+0000] {dagbag.py:541} INFO - Filling up the DagBag from /home/airflow/.local/lib/python3.7/site-packages/airflow/example_dags/example_sensor_decorator.py
[2023-05-03T09:52:00.759+0000] {processor.py:809} INFO - DAG(s) dict_keys(['example_sensor_decorator']) retrieved from /home/airflow/.local/lib/python3.7/site-packages/airflow/example_dags/example_sensor_decorator.py
[2023-05-03T09:52:00.852+0000] {logging_mixin.py:149} INFO - [2023-05-03T09:52:00.852+0000] {dag.py:2726} INFO - Sync 1 DAGs
[2023-05-03T09:52:01.293+0000] {logging_mixin.py:149} INFO - [2023-05-03T09:52:01.293+0000] {dag.py:3490} INFO - Setting next_dagrun for example_sensor_decorator to None, run_after=None
[2023-05-03T09:52:01.428+0000] {processor.py:178} INFO - Processing /home/airflow/.local/lib/python3.7/site-packages/airflow/example_dags/example_sensor_decorator.py took 0.722 seconds
[2023-05-03T09:52:31.793+0000] {processor.py:156} INFO - Started process (PID=2421) to work on /home/airflow/.local/lib/python3.7/site-packages/airflow/example_dags/example_sensor_decorator.py
[2023-05-03T09:52:31.813+0000] {processor.py:799} INFO - Processing file /home/airflow/.local/lib/python3.7/site-packages/airflow/example_dags/example_sensor_decorator.py for tasks to queue
[2023-05-03T09:52:31.816+0000] {logging_mixin.py:149} INFO - [2023-05-03T09:52:31.816+0000] {dagbag.py:541} INFO - Filling up the DagBag from /home/airflow/.local/lib/python3.7/site-packages/airflow/example_dags/example_sensor_decorator.py
[2023-05-03T09:52:31.834+0000] {processor.py:809} INFO - DAG(s) dict_keys(['example_sensor_decorator']) retrieved from /home/airflow/.local/lib/python3.7/site-packages/airflow/example_dags/example_sensor_decorator.py
[2023-05-03T09:52:31.916+0000] {logging_mixin.py:149} INFO - [2023-05-03T09:52:31.915+0000] {dag.py:2726} INFO - Sync 1 DAGs
[2023-05-03T09:52:32.013+0000] {logging_mixin.py:149} INFO - [2023-05-03T09:52:32.012+0000] {dag.py:3490} INFO - Setting next_dagrun for example_sensor_decorator to None, run_after=None
[2023-05-03T09:52:32.086+0000] {processor.py:178} INFO - Processing /home/airflow/.local/lib/python3.7/site-packages/airflow/example_dags/example_sensor_decorator.py took 0.298 seconds
[2023-05-03T09:53:03.102+0000] {processor.py:156} INFO - Started process (PID=2658) to work on /home/airflow/.local/lib/python3.7/site-packages/airflow/example_dags/example_sensor_decorator.py
[2023-05-03T09:53:03.107+0000] {processor.py:799} INFO - Processing file /home/airflow/.local/lib/python3.7/site-packages/airflow/example_dags/example_sensor_decorator.py for tasks to queue
[2023-05-03T09:53:03.113+0000] {logging_mixin.py:149} INFO - [2023-05-03T09:53:03.113+0000] {dagbag.py:541} INFO - Filling up the DagBag from /home/airflow/.local/lib/python3.7/site-packages/airflow/example_dags/example_sensor_decorator.py
[2023-05-03T09:53:03.130+0000] {processor.py:809} INFO - DAG(s) dict_keys(['example_sensor_decorator']) retrieved from /home/airflow/.local/lib/python3.7/site-packages/airflow/example_dags/example_sensor_decorator.py
[2023-05-03T09:53:03.259+0000] {logging_mixin.py:149} INFO - [2023-05-03T09:53:03.259+0000] {dag.py:2726} INFO - Sync 1 DAGs
[2023-05-03T09:53:03.341+0000] {logging_mixin.py:149} INFO - [2023-05-03T09:53:03.340+0000] {dag.py:3490} INFO - Setting next_dagrun for example_sensor_decorator to None, run_after=None
[2023-05-03T09:53:03.410+0000] {processor.py:178} INFO - Processing /home/airflow/.local/lib/python3.7/site-packages/airflow/example_dags/example_sensor_decorator.py took 0.314 seconds
[2023-05-03T09:53:34.349+0000] {processor.py:156} INFO - Started process (PID=2892) to work on /home/airflow/.local/lib/python3.7/site-packages/airflow/example_dags/example_sensor_decorator.py
[2023-05-03T09:53:34.354+0000] {processor.py:799} INFO - Processing file /home/airflow/.local/lib/python3.7/site-packages/airflow/example_dags/example_sensor_decorator.py for tasks to queue
[2023-05-03T09:53:34.370+0000] {logging_mixin.py:149} INFO - [2023-05-03T09:53:34.369+0000] {dagbag.py:541} INFO - Filling up the DagBag from /home/airflow/.local/lib/python3.7/site-packages/airflow/example_dags/example_sensor_decorator.py
[2023-05-03T09:53:34.393+0000] {processor.py:809} INFO - DAG(s) dict_keys(['example_sensor_decorator']) retrieved from /home/airflow/.local/lib/python3.7/site-packages/airflow/example_dags/example_sensor_decorator.py
[2023-05-03T09:53:34.467+0000] {logging_mixin.py:149} INFO - [2023-05-03T09:53:34.466+0000] {dag.py:2726} INFO - Sync 1 DAGs
[2023-05-03T09:53:34.548+0000] {logging_mixin.py:149} INFO - [2023-05-03T09:53:34.547+0000] {dag.py:3490} INFO - Setting next_dagrun for example_sensor_decorator to None, run_after=None
[2023-05-03T09:53:34.905+0000] {processor.py:178} INFO - Processing /home/airflow/.local/lib/python3.7/site-packages/airflow/example_dags/example_sensor_decorator.py took 0.583 seconds
[2023-05-03T09:54:05.139+0000] {processor.py:156} INFO - Started process (PID=3126) to work on /home/airflow/.local/lib/python3.7/site-packages/airflow/example_dags/example_sensor_decorator.py
[2023-05-03T09:54:05.146+0000] {processor.py:799} INFO - Processing file /home/airflow/.local/lib/python3.7/site-packages/airflow/example_dags/example_sensor_decorator.py for tasks to queue
[2023-05-03T09:54:05.156+0000] {logging_mixin.py:149} INFO - [2023-05-03T09:54:05.151+0000] {dagbag.py:541} INFO - Filling up the DagBag from /home/airflow/.local/lib/python3.7/site-packages/airflow/example_dags/example_sensor_decorator.py
[2023-05-03T09:54:05.167+0000] {processor.py:809} INFO - DAG(s) dict_keys(['example_sensor_decorator']) retrieved from /home/airflow/.local/lib/python3.7/site-packages/airflow/example_dags/example_sensor_decorator.py
[2023-05-03T09:54:05.245+0000] {logging_mixin.py:149} INFO - [2023-05-03T09:54:05.244+0000] {dag.py:2726} INFO - Sync 1 DAGs
[2023-05-03T09:54:05.325+0000] {logging_mixin.py:149} INFO - [2023-05-03T09:54:05.325+0000] {dag.py:3490} INFO - Setting next_dagrun for example_sensor_decorator to None, run_after=None
[2023-05-03T09:54:05.413+0000] {processor.py:178} INFO - Processing /home/airflow/.local/lib/python3.7/site-packages/airflow/example_dags/example_sensor_decorator.py took 0.288 seconds
[2023-05-03T09:54:59.433+0000] {processor.py:156} INFO - Started process (PID=3358) to work on /home/airflow/.local/lib/python3.7/site-packages/airflow/example_dags/example_sensor_decorator.py
[2023-05-03T09:54:59.436+0000] {processor.py:799} INFO - Processing file /home/airflow/.local/lib/python3.7/site-packages/airflow/example_dags/example_sensor_decorator.py for tasks to queue
[2023-05-03T09:54:59.438+0000] {logging_mixin.py:149} INFO - [2023-05-03T09:54:59.438+0000] {dagbag.py:541} INFO - Filling up the DagBag from /home/airflow/.local/lib/python3.7/site-packages/airflow/example_dags/example_sensor_decorator.py
[2023-05-03T09:54:59.473+0000] {processor.py:809} INFO - DAG(s) dict_keys(['example_sensor_decorator']) retrieved from /home/airflow/.local/lib/python3.7/site-packages/airflow/example_dags/example_sensor_decorator.py
[2023-05-03T09:54:59.568+0000] {logging_mixin.py:149} INFO - [2023-05-03T09:54:59.568+0000] {dag.py:2726} INFO - Sync 1 DAGs
[2023-05-03T09:54:59.980+0000] {logging_mixin.py:149} INFO - [2023-05-03T09:54:59.980+0000] {dag.py:3490} INFO - Setting next_dagrun for example_sensor_decorator to None, run_after=None
[2023-05-03T09:55:00.083+0000] {processor.py:178} INFO - Processing /home/airflow/.local/lib/python3.7/site-packages/airflow/example_dags/example_sensor_decorator.py took 0.665 seconds
[2023-05-03T09:55:30.595+0000] {processor.py:156} INFO - Started process (PID=3594) to work on /home/airflow/.local/lib/python3.7/site-packages/airflow/example_dags/example_sensor_decorator.py
[2023-05-03T09:55:30.608+0000] {processor.py:799} INFO - Processing file /home/airflow/.local/lib/python3.7/site-packages/airflow/example_dags/example_sensor_decorator.py for tasks to queue
[2023-05-03T09:55:30.623+0000] {logging_mixin.py:149} INFO - [2023-05-03T09:55:30.623+0000] {dagbag.py:541} INFO - Filling up the DagBag from /home/airflow/.local/lib/python3.7/site-packages/airflow/example_dags/example_sensor_decorator.py
[2023-05-03T09:55:30.634+0000] {processor.py:809} INFO - DAG(s) dict_keys(['example_sensor_decorator']) retrieved from /home/airflow/.local/lib/python3.7/site-packages/airflow/example_dags/example_sensor_decorator.py
[2023-05-03T09:55:30.698+0000] {logging_mixin.py:149} INFO - [2023-05-03T09:55:30.698+0000] {dag.py:2726} INFO - Sync 1 DAGs
[2023-05-03T09:55:30.774+0000] {logging_mixin.py:149} INFO - [2023-05-03T09:55:30.774+0000] {dag.py:3490} INFO - Setting next_dagrun for example_sensor_decorator to None, run_after=None
[2023-05-03T09:55:30.882+0000] {processor.py:178} INFO - Processing /home/airflow/.local/lib/python3.7/site-packages/airflow/example_dags/example_sensor_decorator.py took 0.294 seconds
[2023-05-03T09:56:05.574+0000] {processor.py:156} INFO - Started process (PID=3830) to work on /home/airflow/.local/lib/python3.7/site-packages/airflow/example_dags/example_sensor_decorator.py
[2023-05-03T09:56:05.604+0000] {processor.py:799} INFO - Processing file /home/airflow/.local/lib/python3.7/site-packages/airflow/example_dags/example_sensor_decorator.py for tasks to queue
[2023-05-03T09:56:05.607+0000] {logging_mixin.py:149} INFO - [2023-05-03T09:56:05.606+0000] {dagbag.py:541} INFO - Filling up the DagBag from /home/airflow/.local/lib/python3.7/site-packages/airflow/example_dags/example_sensor_decorator.py
[2023-05-03T09:56:05.643+0000] {processor.py:809} INFO - DAG(s) dict_keys(['example_sensor_decorator']) retrieved from /home/airflow/.local/lib/python3.7/site-packages/airflow/example_dags/example_sensor_decorator.py
[2023-05-03T09:56:06.138+0000] {logging_mixin.py:149} INFO - [2023-05-03T09:56:06.138+0000] {dag.py:2726} INFO - Sync 1 DAGs
[2023-05-03T09:56:06.207+0000] {logging_mixin.py:149} INFO - [2023-05-03T09:56:06.207+0000] {dag.py:3490} INFO - Setting next_dagrun for example_sensor_decorator to None, run_after=None
[2023-05-03T09:56:06.266+0000] {processor.py:178} INFO - Processing /home/airflow/.local/lib/python3.7/site-packages/airflow/example_dags/example_sensor_decorator.py took 0.700 seconds
[2023-05-03T09:56:37.172+0000] {processor.py:156} INFO - Started process (PID=4065) to work on /home/airflow/.local/lib/python3.7/site-packages/airflow/example_dags/example_sensor_decorator.py
[2023-05-03T09:56:37.176+0000] {processor.py:799} INFO - Processing file /home/airflow/.local/lib/python3.7/site-packages/airflow/example_dags/example_sensor_decorator.py for tasks to queue
[2023-05-03T09:56:37.184+0000] {logging_mixin.py:149} INFO - [2023-05-03T09:56:37.184+0000] {dagbag.py:541} INFO - Filling up the DagBag from /home/airflow/.local/lib/python3.7/site-packages/airflow/example_dags/example_sensor_decorator.py
[2023-05-03T09:56:37.204+0000] {processor.py:809} INFO - DAG(s) dict_keys(['example_sensor_decorator']) retrieved from /home/airflow/.local/lib/python3.7/site-packages/airflow/example_dags/example_sensor_decorator.py
[2023-05-03T09:56:37.290+0000] {logging_mixin.py:149} INFO - [2023-05-03T09:56:37.290+0000] {dag.py:2726} INFO - Sync 1 DAGs
[2023-05-03T09:56:37.386+0000] {logging_mixin.py:149} INFO - [2023-05-03T09:56:37.386+0000] {dag.py:3490} INFO - Setting next_dagrun for example_sensor_decorator to None, run_after=None
[2023-05-03T09:56:37.803+0000] {processor.py:178} INFO - Processing /home/airflow/.local/lib/python3.7/site-packages/airflow/example_dags/example_sensor_decorator.py took 0.636 seconds
[2023-05-03T09:57:08.043+0000] {processor.py:156} INFO - Started process (PID=4302) to work on /home/airflow/.local/lib/python3.7/site-packages/airflow/example_dags/example_sensor_decorator.py
[2023-05-03T09:57:08.045+0000] {processor.py:799} INFO - Processing file /home/airflow/.local/lib/python3.7/site-packages/airflow/example_dags/example_sensor_decorator.py for tasks to queue
[2023-05-03T09:57:08.046+0000] {logging_mixin.py:149} INFO - [2023-05-03T09:57:08.046+0000] {dagbag.py:541} INFO - Filling up the DagBag from /home/airflow/.local/lib/python3.7/site-packages/airflow/example_dags/example_sensor_decorator.py
[2023-05-03T09:57:08.057+0000] {processor.py:809} INFO - DAG(s) dict_keys(['example_sensor_decorator']) retrieved from /home/airflow/.local/lib/python3.7/site-packages/airflow/example_dags/example_sensor_decorator.py
[2023-05-03T09:57:08.098+0000] {logging_mixin.py:149} INFO - [2023-05-03T09:57:08.098+0000] {dag.py:2726} INFO - Sync 1 DAGs
[2023-05-03T09:57:08.150+0000] {logging_mixin.py:149} INFO - [2023-05-03T09:57:08.149+0000] {dag.py:3490} INFO - Setting next_dagrun for example_sensor_decorator to None, run_after=None
[2023-05-03T09:57:08.228+0000] {processor.py:178} INFO - Processing /home/airflow/.local/lib/python3.7/site-packages/airflow/example_dags/example_sensor_decorator.py took 0.189 seconds
[2023-05-03T09:57:59.314+0000] {processor.py:156} INFO - Started process (PID=4576) to work on /home/airflow/.local/lib/python3.7/site-packages/airflow/example_dags/example_sensor_decorator.py
[2023-05-03T09:57:59.323+0000] {processor.py:799} INFO - Processing file /home/airflow/.local/lib/python3.7/site-packages/airflow/example_dags/example_sensor_decorator.py for tasks to queue
[2023-05-03T09:57:59.325+0000] {logging_mixin.py:149} INFO - [2023-05-03T09:57:59.325+0000] {dagbag.py:541} INFO - Filling up the DagBag from /home/airflow/.local/lib/python3.7/site-packages/airflow/example_dags/example_sensor_decorator.py
[2023-05-03T09:57:59.343+0000] {processor.py:809} INFO - DAG(s) dict_keys(['example_sensor_decorator']) retrieved from /home/airflow/.local/lib/python3.7/site-packages/airflow/example_dags/example_sensor_decorator.py
[2023-05-03T09:57:59.424+0000] {logging_mixin.py:149} INFO - [2023-05-03T09:57:59.423+0000] {dag.py:2726} INFO - Sync 1 DAGs
[2023-05-03T09:57:59.955+0000] {logging_mixin.py:149} INFO - [2023-05-03T09:57:59.955+0000] {dag.py:3490} INFO - Setting next_dagrun for example_sensor_decorator to None, run_after=None
[2023-05-03T09:58:00.030+0000] {processor.py:178} INFO - Processing /home/airflow/.local/lib/python3.7/site-packages/airflow/example_dags/example_sensor_decorator.py took 0.721 seconds
[2023-05-03T09:58:30.863+0000] {processor.py:156} INFO - Started process (PID=4814) to work on /home/airflow/.local/lib/python3.7/site-packages/airflow/example_dags/example_sensor_decorator.py
[2023-05-03T09:58:30.880+0000] {processor.py:799} INFO - Processing file /home/airflow/.local/lib/python3.7/site-packages/airflow/example_dags/example_sensor_decorator.py for tasks to queue
[2023-05-03T09:58:30.881+0000] {logging_mixin.py:149} INFO - [2023-05-03T09:58:30.881+0000] {dagbag.py:541} INFO - Filling up the DagBag from /home/airflow/.local/lib/python3.7/site-packages/airflow/example_dags/example_sensor_decorator.py
[2023-05-03T09:58:30.890+0000] {processor.py:809} INFO - DAG(s) dict_keys(['example_sensor_decorator']) retrieved from /home/airflow/.local/lib/python3.7/site-packages/airflow/example_dags/example_sensor_decorator.py
[2023-05-03T09:58:30.953+0000] {logging_mixin.py:149} INFO - [2023-05-03T09:58:30.952+0000] {dag.py:2726} INFO - Sync 1 DAGs
[2023-05-03T09:58:31.008+0000] {logging_mixin.py:149} INFO - [2023-05-03T09:58:31.007+0000] {dag.py:3490} INFO - Setting next_dagrun for example_sensor_decorator to None, run_after=None
[2023-05-03T09:58:31.049+0000] {processor.py:178} INFO - Processing /home/airflow/.local/lib/python3.7/site-packages/airflow/example_dags/example_sensor_decorator.py took 0.191 seconds
[2023-05-03T09:59:01.270+0000] {processor.py:156} INFO - Started process (PID=5051) to work on /home/airflow/.local/lib/python3.7/site-packages/airflow/example_dags/example_sensor_decorator.py
[2023-05-03T09:59:01.276+0000] {processor.py:799} INFO - Processing file /home/airflow/.local/lib/python3.7/site-packages/airflow/example_dags/example_sensor_decorator.py for tasks to queue
[2023-05-03T09:59:01.281+0000] {logging_mixin.py:149} INFO - [2023-05-03T09:59:01.281+0000] {dagbag.py:541} INFO - Filling up the DagBag from /home/airflow/.local/lib/python3.7/site-packages/airflow/example_dags/example_sensor_decorator.py
[2023-05-03T09:59:01.290+0000] {processor.py:809} INFO - DAG(s) dict_keys(['example_sensor_decorator']) retrieved from /home/airflow/.local/lib/python3.7/site-packages/airflow/example_dags/example_sensor_decorator.py
[2023-05-03T09:59:01.361+0000] {logging_mixin.py:149} INFO - [2023-05-03T09:59:01.361+0000] {dag.py:2726} INFO - Sync 1 DAGs
[2023-05-03T09:59:01.676+0000] {logging_mixin.py:149} INFO - [2023-05-03T09:59:01.676+0000] {dag.py:3490} INFO - Setting next_dagrun for example_sensor_decorator to None, run_after=None
[2023-05-03T09:59:01.729+0000] {processor.py:178} INFO - Processing /home/airflow/.local/lib/python3.7/site-packages/airflow/example_dags/example_sensor_decorator.py took 0.476 seconds
[2023-05-03T09:59:31.990+0000] {processor.py:156} INFO - Started process (PID=5287) to work on /home/airflow/.local/lib/python3.7/site-packages/airflow/example_dags/example_sensor_decorator.py
[2023-05-03T09:59:31.992+0000] {processor.py:799} INFO - Processing file /home/airflow/.local/lib/python3.7/site-packages/airflow/example_dags/example_sensor_decorator.py for tasks to queue
[2023-05-03T09:59:31.994+0000] {logging_mixin.py:149} INFO - [2023-05-03T09:59:31.994+0000] {dagbag.py:541} INFO - Filling up the DagBag from /home/airflow/.local/lib/python3.7/site-packages/airflow/example_dags/example_sensor_decorator.py
[2023-05-03T09:59:32.007+0000] {processor.py:809} INFO - DAG(s) dict_keys(['example_sensor_decorator']) retrieved from /home/airflow/.local/lib/python3.7/site-packages/airflow/example_dags/example_sensor_decorator.py
[2023-05-03T09:59:32.115+0000] {logging_mixin.py:149} INFO - [2023-05-03T09:59:32.115+0000] {dag.py:2726} INFO - Sync 1 DAGs
[2023-05-03T09:59:32.210+0000] {logging_mixin.py:149} INFO - [2023-05-03T09:59:32.210+0000] {dag.py:3490} INFO - Setting next_dagrun for example_sensor_decorator to None, run_after=None
[2023-05-03T09:59:32.330+0000] {processor.py:178} INFO - Processing /home/airflow/.local/lib/python3.7/site-packages/airflow/example_dags/example_sensor_decorator.py took 0.352 seconds
[2023-05-03T10:00:02.624+0000] {processor.py:156} INFO - Started process (PID=5521) to work on /home/airflow/.local/lib/python3.7/site-packages/airflow/example_dags/example_sensor_decorator.py
[2023-05-03T10:00:02.629+0000] {processor.py:799} INFO - Processing file /home/airflow/.local/lib/python3.7/site-packages/airflow/example_dags/example_sensor_decorator.py for tasks to queue
[2023-05-03T10:00:02.630+0000] {logging_mixin.py:149} INFO - [2023-05-03T10:00:02.630+0000] {dagbag.py:541} INFO - Filling up the DagBag from /home/airflow/.local/lib/python3.7/site-packages/airflow/example_dags/example_sensor_decorator.py
[2023-05-03T10:00:02.646+0000] {processor.py:809} INFO - DAG(s) dict_keys(['example_sensor_decorator']) retrieved from /home/airflow/.local/lib/python3.7/site-packages/airflow/example_dags/example_sensor_decorator.py
[2023-05-03T10:00:02.691+0000] {logging_mixin.py:149} INFO - [2023-05-03T10:00:02.691+0000] {dag.py:2726} INFO - Sync 1 DAGs
[2023-05-03T10:00:02.748+0000] {logging_mixin.py:149} INFO - [2023-05-03T10:00:02.748+0000] {dag.py:3490} INFO - Setting next_dagrun for example_sensor_decorator to None, run_after=None
[2023-05-03T10:00:02.804+0000] {processor.py:178} INFO - Processing /home/airflow/.local/lib/python3.7/site-packages/airflow/example_dags/example_sensor_decorator.py took 0.186 seconds
[2023-05-03T10:00:33.867+0000] {processor.py:156} INFO - Started process (PID=5757) to work on /home/airflow/.local/lib/python3.7/site-packages/airflow/example_dags/example_sensor_decorator.py
[2023-05-03T10:00:33.868+0000] {processor.py:799} INFO - Processing file /home/airflow/.local/lib/python3.7/site-packages/airflow/example_dags/example_sensor_decorator.py for tasks to queue
[2023-05-03T10:00:33.872+0000] {logging_mixin.py:149} INFO - [2023-05-03T10:00:33.871+0000] {dagbag.py:541} INFO - Filling up the DagBag from /home/airflow/.local/lib/python3.7/site-packages/airflow/example_dags/example_sensor_decorator.py
[2023-05-03T10:00:33.883+0000] {processor.py:809} INFO - DAG(s) dict_keys(['example_sensor_decorator']) retrieved from /home/airflow/.local/lib/python3.7/site-packages/airflow/example_dags/example_sensor_decorator.py
[2023-05-03T10:00:33.943+0000] {logging_mixin.py:149} INFO - [2023-05-03T10:00:33.941+0000] {dag.py:2726} INFO - Sync 1 DAGs
[2023-05-03T10:00:34.012+0000] {logging_mixin.py:149} INFO - [2023-05-03T10:00:34.011+0000] {dag.py:3490} INFO - Setting next_dagrun for example_sensor_decorator to None, run_after=None
[2023-05-03T10:00:34.063+0000] {processor.py:178} INFO - Processing /home/airflow/.local/lib/python3.7/site-packages/airflow/example_dags/example_sensor_decorator.py took 0.201 seconds
[2023-05-03T10:01:05.314+0000] {processor.py:156} INFO - Started process (PID=5995) to work on /home/airflow/.local/lib/python3.7/site-packages/airflow/example_dags/example_sensor_decorator.py
[2023-05-03T10:01:05.315+0000] {processor.py:799} INFO - Processing file /home/airflow/.local/lib/python3.7/site-packages/airflow/example_dags/example_sensor_decorator.py for tasks to queue
[2023-05-03T10:01:05.317+0000] {logging_mixin.py:149} INFO - [2023-05-03T10:01:05.316+0000] {dagbag.py:541} INFO - Filling up the DagBag from /home/airflow/.local/lib/python3.7/site-packages/airflow/example_dags/example_sensor_decorator.py
[2023-05-03T10:01:05.326+0000] {processor.py:809} INFO - DAG(s) dict_keys(['example_sensor_decorator']) retrieved from /home/airflow/.local/lib/python3.7/site-packages/airflow/example_dags/example_sensor_decorator.py
[2023-05-03T10:01:05.361+0000] {logging_mixin.py:149} INFO - [2023-05-03T10:01:05.361+0000] {dag.py:2726} INFO - Sync 1 DAGs
[2023-05-03T10:01:05.427+0000] {logging_mixin.py:149} INFO - [2023-05-03T10:01:05.426+0000] {dag.py:3490} INFO - Setting next_dagrun for example_sensor_decorator to None, run_after=None
[2023-05-03T10:01:05.459+0000] {processor.py:178} INFO - Processing /home/airflow/.local/lib/python3.7/site-packages/airflow/example_dags/example_sensor_decorator.py took 0.150 seconds
[2023-05-03T10:01:35.825+0000] {processor.py:156} INFO - Started process (PID=6229) to work on /home/airflow/.local/lib/python3.7/site-packages/airflow/example_dags/example_sensor_decorator.py
[2023-05-03T10:01:35.826+0000] {processor.py:799} INFO - Processing file /home/airflow/.local/lib/python3.7/site-packages/airflow/example_dags/example_sensor_decorator.py for tasks to queue
[2023-05-03T10:01:35.828+0000] {logging_mixin.py:149} INFO - [2023-05-03T10:01:35.828+0000] {dagbag.py:541} INFO - Filling up the DagBag from /home/airflow/.local/lib/python3.7/site-packages/airflow/example_dags/example_sensor_decorator.py
[2023-05-03T10:01:35.847+0000] {processor.py:809} INFO - DAG(s) dict_keys(['example_sensor_decorator']) retrieved from /home/airflow/.local/lib/python3.7/site-packages/airflow/example_dags/example_sensor_decorator.py
[2023-05-03T10:01:35.914+0000] {logging_mixin.py:149} INFO - [2023-05-03T10:01:35.914+0000] {dag.py:2726} INFO - Sync 1 DAGs
[2023-05-03T10:01:35.994+0000] {logging_mixin.py:149} INFO - [2023-05-03T10:01:35.994+0000] {dag.py:3490} INFO - Setting next_dagrun for example_sensor_decorator to None, run_after=None
[2023-05-03T10:01:36.082+0000] {processor.py:178} INFO - Processing /home/airflow/.local/lib/python3.7/site-packages/airflow/example_dags/example_sensor_decorator.py took 0.270 seconds
[2023-05-03T10:46:07.525+0000] {processor.py:156} INFO - Started process (PID=6548) to work on /home/airflow/.local/lib/python3.7/site-packages/airflow/example_dags/example_sensor_decorator.py
[2023-05-03T10:46:07.533+0000] {processor.py:799} INFO - Processing file /home/airflow/.local/lib/python3.7/site-packages/airflow/example_dags/example_sensor_decorator.py for tasks to queue
[2023-05-03T10:46:07.554+0000] {logging_mixin.py:149} INFO - [2023-05-03T10:46:07.554+0000] {dagbag.py:541} INFO - Filling up the DagBag from /home/airflow/.local/lib/python3.7/site-packages/airflow/example_dags/example_sensor_decorator.py
[2023-05-03T10:46:07.589+0000] {processor.py:809} INFO - DAG(s) dict_keys(['example_sensor_decorator']) retrieved from /home/airflow/.local/lib/python3.7/site-packages/airflow/example_dags/example_sensor_decorator.py
[2023-05-03T10:46:07.723+0000] {logging_mixin.py:149} INFO - [2023-05-03T10:46:07.722+0000] {dag.py:2726} INFO - Sync 1 DAGs
[2023-05-03T10:46:07.834+0000] {logging_mixin.py:149} INFO - [2023-05-03T10:46:07.834+0000] {dag.py:3490} INFO - Setting next_dagrun for example_sensor_decorator to None, run_after=None
[2023-05-03T10:46:07.942+0000] {processor.py:178} INFO - Processing /home/airflow/.local/lib/python3.7/site-packages/airflow/example_dags/example_sensor_decorator.py took 0.437 seconds
[2023-05-03T10:47:52.673+0000] {processor.py:156} INFO - Started process (PID=6908) to work on /home/airflow/.local/lib/python3.7/site-packages/airflow/example_dags/example_sensor_decorator.py
[2023-05-03T10:47:52.675+0000] {processor.py:799} INFO - Processing file /home/airflow/.local/lib/python3.7/site-packages/airflow/example_dags/example_sensor_decorator.py for tasks to queue
[2023-05-03T10:47:52.677+0000] {logging_mixin.py:149} INFO - [2023-05-03T10:47:52.677+0000] {dagbag.py:541} INFO - Filling up the DagBag from /home/airflow/.local/lib/python3.7/site-packages/airflow/example_dags/example_sensor_decorator.py
[2023-05-03T10:47:52.697+0000] {processor.py:809} INFO - DAG(s) dict_keys(['example_sensor_decorator']) retrieved from /home/airflow/.local/lib/python3.7/site-packages/airflow/example_dags/example_sensor_decorator.py
[2023-05-03T10:47:52.799+0000] {logging_mixin.py:149} INFO - [2023-05-03T10:47:52.799+0000] {dag.py:2726} INFO - Sync 1 DAGs
[2023-05-03T10:47:52.911+0000] {logging_mixin.py:149} INFO - [2023-05-03T10:47:52.911+0000] {dag.py:3490} INFO - Setting next_dagrun for example_sensor_decorator to None, run_after=None
[2023-05-03T10:47:52.988+0000] {processor.py:178} INFO - Processing /home/airflow/.local/lib/python3.7/site-packages/airflow/example_dags/example_sensor_decorator.py took 0.328 seconds
[2023-05-03T10:48:23.480+0000] {processor.py:156} INFO - Started process (PID=7142) to work on /home/airflow/.local/lib/python3.7/site-packages/airflow/example_dags/example_sensor_decorator.py
[2023-05-03T10:48:23.482+0000] {processor.py:799} INFO - Processing file /home/airflow/.local/lib/python3.7/site-packages/airflow/example_dags/example_sensor_decorator.py for tasks to queue
[2023-05-03T10:48:23.515+0000] {logging_mixin.py:149} INFO - [2023-05-03T10:48:23.515+0000] {dagbag.py:541} INFO - Filling up the DagBag from /home/airflow/.local/lib/python3.7/site-packages/airflow/example_dags/example_sensor_decorator.py
[2023-05-03T10:48:23.529+0000] {processor.py:809} INFO - DAG(s) dict_keys(['example_sensor_decorator']) retrieved from /home/airflow/.local/lib/python3.7/site-packages/airflow/example_dags/example_sensor_decorator.py
[2023-05-03T10:48:23.643+0000] {logging_mixin.py:149} INFO - [2023-05-03T10:48:23.643+0000] {dag.py:2726} INFO - Sync 1 DAGs
[2023-05-03T10:48:23.743+0000] {logging_mixin.py:149} INFO - [2023-05-03T10:48:23.743+0000] {dag.py:3490} INFO - Setting next_dagrun for example_sensor_decorator to None, run_after=None
[2023-05-03T10:48:23.854+0000] {processor.py:178} INFO - Processing /home/airflow/.local/lib/python3.7/site-packages/airflow/example_dags/example_sensor_decorator.py took 0.383 seconds
[2023-05-03T10:48:54.150+0000] {processor.py:156} INFO - Started process (PID=7378) to work on /home/airflow/.local/lib/python3.7/site-packages/airflow/example_dags/example_sensor_decorator.py
[2023-05-03T10:48:54.153+0000] {processor.py:799} INFO - Processing file /home/airflow/.local/lib/python3.7/site-packages/airflow/example_dags/example_sensor_decorator.py for tasks to queue
[2023-05-03T10:48:54.154+0000] {logging_mixin.py:149} INFO - [2023-05-03T10:48:54.154+0000] {dagbag.py:541} INFO - Filling up the DagBag from /home/airflow/.local/lib/python3.7/site-packages/airflow/example_dags/example_sensor_decorator.py
[2023-05-03T10:48:54.189+0000] {processor.py:809} INFO - DAG(s) dict_keys(['example_sensor_decorator']) retrieved from /home/airflow/.local/lib/python3.7/site-packages/airflow/example_dags/example_sensor_decorator.py
[2023-05-03T10:48:54.319+0000] {logging_mixin.py:149} INFO - [2023-05-03T10:48:54.319+0000] {dag.py:2726} INFO - Sync 1 DAGs
[2023-05-03T10:48:54.410+0000] {logging_mixin.py:149} INFO - [2023-05-03T10:48:54.409+0000] {dag.py:3490} INFO - Setting next_dagrun for example_sensor_decorator to None, run_after=None
[2023-05-03T10:48:54.512+0000] {processor.py:178} INFO - Processing /home/airflow/.local/lib/python3.7/site-packages/airflow/example_dags/example_sensor_decorator.py took 0.367 seconds
[2023-05-03T10:49:26.998+0000] {processor.py:156} INFO - Started process (PID=7616) to work on /home/airflow/.local/lib/python3.7/site-packages/airflow/example_dags/example_sensor_decorator.py
[2023-05-03T10:49:27.005+0000] {processor.py:799} INFO - Processing file /home/airflow/.local/lib/python3.7/site-packages/airflow/example_dags/example_sensor_decorator.py for tasks to queue
[2023-05-03T10:49:27.007+0000] {logging_mixin.py:149} INFO - [2023-05-03T10:49:27.007+0000] {dagbag.py:541} INFO - Filling up the DagBag from /home/airflow/.local/lib/python3.7/site-packages/airflow/example_dags/example_sensor_decorator.py
[2023-05-03T10:49:27.115+0000] {processor.py:809} INFO - DAG(s) dict_keys(['example_sensor_decorator']) retrieved from /home/airflow/.local/lib/python3.7/site-packages/airflow/example_dags/example_sensor_decorator.py
[2023-05-03T10:49:27.359+0000] {logging_mixin.py:149} INFO - [2023-05-03T10:49:27.358+0000] {dag.py:2726} INFO - Sync 1 DAGs
[2023-05-03T10:49:27.479+0000] {logging_mixin.py:149} INFO - [2023-05-03T10:49:27.479+0000] {dag.py:3490} INFO - Setting next_dagrun for example_sensor_decorator to None, run_after=None
[2023-05-03T10:49:27.596+0000] {processor.py:178} INFO - Processing /home/airflow/.local/lib/python3.7/site-packages/airflow/example_dags/example_sensor_decorator.py took 0.602 seconds
[2023-05-03T10:50:03.138+0000] {processor.py:156} INFO - Started process (PID=7852) to work on /home/airflow/.local/lib/python3.7/site-packages/airflow/example_dags/example_sensor_decorator.py
[2023-05-03T10:50:03.147+0000] {processor.py:799} INFO - Processing file /home/airflow/.local/lib/python3.7/site-packages/airflow/example_dags/example_sensor_decorator.py for tasks to queue
[2023-05-03T10:50:03.151+0000] {logging_mixin.py:149} INFO - [2023-05-03T10:50:03.150+0000] {dagbag.py:541} INFO - Filling up the DagBag from /home/airflow/.local/lib/python3.7/site-packages/airflow/example_dags/example_sensor_decorator.py
[2023-05-03T10:50:03.165+0000] {processor.py:809} INFO - DAG(s) dict_keys(['example_sensor_decorator']) retrieved from /home/airflow/.local/lib/python3.7/site-packages/airflow/example_dags/example_sensor_decorator.py
[2023-05-03T10:50:03.261+0000] {logging_mixin.py:149} INFO - [2023-05-03T10:50:03.260+0000] {dag.py:2726} INFO - Sync 1 DAGs
[2023-05-03T10:50:03.357+0000] {logging_mixin.py:149} INFO - [2023-05-03T10:50:03.357+0000] {dag.py:3490} INFO - Setting next_dagrun for example_sensor_decorator to None, run_after=None
[2023-05-03T10:50:03.448+0000] {processor.py:178} INFO - Processing /home/airflow/.local/lib/python3.7/site-packages/airflow/example_dags/example_sensor_decorator.py took 0.315 seconds
[2023-05-03T10:50:36.871+0000] {processor.py:156} INFO - Started process (PID=8097) to work on /home/airflow/.local/lib/python3.7/site-packages/airflow/example_dags/example_sensor_decorator.py
[2023-05-03T10:50:36.880+0000] {processor.py:799} INFO - Processing file /home/airflow/.local/lib/python3.7/site-packages/airflow/example_dags/example_sensor_decorator.py for tasks to queue
[2023-05-03T10:50:36.882+0000] {logging_mixin.py:149} INFO - [2023-05-03T10:50:36.882+0000] {dagbag.py:541} INFO - Filling up the DagBag from /home/airflow/.local/lib/python3.7/site-packages/airflow/example_dags/example_sensor_decorator.py
[2023-05-03T10:50:36.905+0000] {processor.py:809} INFO - DAG(s) dict_keys(['example_sensor_decorator']) retrieved from /home/airflow/.local/lib/python3.7/site-packages/airflow/example_dags/example_sensor_decorator.py
[2023-05-03T10:50:37.001+0000] {logging_mixin.py:149} INFO - [2023-05-03T10:50:37.000+0000] {dag.py:2726} INFO - Sync 1 DAGs
[2023-05-03T10:50:37.079+0000] {logging_mixin.py:149} INFO - [2023-05-03T10:50:37.079+0000] {dag.py:3490} INFO - Setting next_dagrun for example_sensor_decorator to None, run_after=None
[2023-05-03T10:50:37.183+0000] {processor.py:178} INFO - Processing /home/airflow/.local/lib/python3.7/site-packages/airflow/example_dags/example_sensor_decorator.py took 0.317 seconds
[2023-05-03T10:51:08.349+0000] {processor.py:156} INFO - Started process (PID=8332) to work on /home/airflow/.local/lib/python3.7/site-packages/airflow/example_dags/example_sensor_decorator.py
[2023-05-03T10:51:08.354+0000] {processor.py:799} INFO - Processing file /home/airflow/.local/lib/python3.7/site-packages/airflow/example_dags/example_sensor_decorator.py for tasks to queue
[2023-05-03T10:51:08.361+0000] {logging_mixin.py:149} INFO - [2023-05-03T10:51:08.360+0000] {dagbag.py:541} INFO - Filling up the DagBag from /home/airflow/.local/lib/python3.7/site-packages/airflow/example_dags/example_sensor_decorator.py
[2023-05-03T10:51:08.383+0000] {processor.py:809} INFO - DAG(s) dict_keys(['example_sensor_decorator']) retrieved from /home/airflow/.local/lib/python3.7/site-packages/airflow/example_dags/example_sensor_decorator.py
[2023-05-03T10:51:08.569+0000] {logging_mixin.py:149} INFO - [2023-05-03T10:51:08.569+0000] {dag.py:2726} INFO - Sync 1 DAGs
[2023-05-03T10:51:08.679+0000] {logging_mixin.py:149} INFO - [2023-05-03T10:51:08.678+0000] {dag.py:3490} INFO - Setting next_dagrun for example_sensor_decorator to None, run_after=None
[2023-05-03T10:51:08.775+0000] {processor.py:178} INFO - Processing /home/airflow/.local/lib/python3.7/site-packages/airflow/example_dags/example_sensor_decorator.py took 0.431 seconds
[2023-05-03T10:51:39.088+0000] {processor.py:156} INFO - Started process (PID=8570) to work on /home/airflow/.local/lib/python3.7/site-packages/airflow/example_dags/example_sensor_decorator.py
[2023-05-03T10:51:39.091+0000] {processor.py:799} INFO - Processing file /home/airflow/.local/lib/python3.7/site-packages/airflow/example_dags/example_sensor_decorator.py for tasks to queue
[2023-05-03T10:51:39.093+0000] {logging_mixin.py:149} INFO - [2023-05-03T10:51:39.093+0000] {dagbag.py:541} INFO - Filling up the DagBag from /home/airflow/.local/lib/python3.7/site-packages/airflow/example_dags/example_sensor_decorator.py
[2023-05-03T10:51:39.103+0000] {processor.py:809} INFO - DAG(s) dict_keys(['example_sensor_decorator']) retrieved from /home/airflow/.local/lib/python3.7/site-packages/airflow/example_dags/example_sensor_decorator.py
[2023-05-03T10:51:39.177+0000] {logging_mixin.py:149} INFO - [2023-05-03T10:51:39.168+0000] {dag.py:2726} INFO - Sync 1 DAGs
[2023-05-03T10:51:39.259+0000] {logging_mixin.py:149} INFO - [2023-05-03T10:51:39.258+0000] {dag.py:3490} INFO - Setting next_dagrun for example_sensor_decorator to None, run_after=None
[2023-05-03T10:51:39.336+0000] {processor.py:178} INFO - Processing /home/airflow/.local/lib/python3.7/site-packages/airflow/example_dags/example_sensor_decorator.py took 0.252 seconds
[2023-05-03T10:52:11.169+0000] {processor.py:156} INFO - Started process (PID=8814) to work on /home/airflow/.local/lib/python3.7/site-packages/airflow/example_dags/example_sensor_decorator.py
[2023-05-03T10:52:11.171+0000] {processor.py:799} INFO - Processing file /home/airflow/.local/lib/python3.7/site-packages/airflow/example_dags/example_sensor_decorator.py for tasks to queue
[2023-05-03T10:52:11.181+0000] {logging_mixin.py:149} INFO - [2023-05-03T10:52:11.173+0000] {dagbag.py:541} INFO - Filling up the DagBag from /home/airflow/.local/lib/python3.7/site-packages/airflow/example_dags/example_sensor_decorator.py
[2023-05-03T10:52:11.201+0000] {processor.py:809} INFO - DAG(s) dict_keys(['example_sensor_decorator']) retrieved from /home/airflow/.local/lib/python3.7/site-packages/airflow/example_dags/example_sensor_decorator.py
[2023-05-03T10:52:11.275+0000] {logging_mixin.py:149} INFO - [2023-05-03T10:52:11.275+0000] {dag.py:2726} INFO - Sync 1 DAGs
[2023-05-03T10:52:11.357+0000] {logging_mixin.py:149} INFO - [2023-05-03T10:52:11.357+0000] {dag.py:3490} INFO - Setting next_dagrun for example_sensor_decorator to None, run_after=None
[2023-05-03T10:52:11.468+0000] {processor.py:178} INFO - Processing /home/airflow/.local/lib/python3.7/site-packages/airflow/example_dags/example_sensor_decorator.py took 0.305 seconds
[2023-05-03T10:52:45.689+0000] {processor.py:156} INFO - Started process (PID=9050) to work on /home/airflow/.local/lib/python3.7/site-packages/airflow/example_dags/example_sensor_decorator.py
[2023-05-03T10:52:45.706+0000] {processor.py:799} INFO - Processing file /home/airflow/.local/lib/python3.7/site-packages/airflow/example_dags/example_sensor_decorator.py for tasks to queue
[2023-05-03T10:52:45.726+0000] {logging_mixin.py:149} INFO - [2023-05-03T10:52:45.725+0000] {dagbag.py:541} INFO - Filling up the DagBag from /home/airflow/.local/lib/python3.7/site-packages/airflow/example_dags/example_sensor_decorator.py
[2023-05-03T10:52:45.779+0000] {processor.py:809} INFO - DAG(s) dict_keys(['example_sensor_decorator']) retrieved from /home/airflow/.local/lib/python3.7/site-packages/airflow/example_dags/example_sensor_decorator.py
[2023-05-03T10:52:45.970+0000] {logging_mixin.py:149} INFO - [2023-05-03T10:52:45.970+0000] {dag.py:2726} INFO - Sync 1 DAGs
[2023-05-03T10:52:46.108+0000] {logging_mixin.py:149} INFO - [2023-05-03T10:52:46.107+0000] {dag.py:3490} INFO - Setting next_dagrun for example_sensor_decorator to None, run_after=None
[2023-05-03T10:52:46.244+0000] {processor.py:178} INFO - Processing /home/airflow/.local/lib/python3.7/site-packages/airflow/example_dags/example_sensor_decorator.py took 0.565 seconds
[2023-05-03T10:53:33.816+0000] {processor.py:156} INFO - Started process (PID=9308) to work on /home/airflow/.local/lib/python3.7/site-packages/airflow/example_dags/example_sensor_decorator.py
[2023-05-03T10:53:33.835+0000] {processor.py:799} INFO - Processing file /home/airflow/.local/lib/python3.7/site-packages/airflow/example_dags/example_sensor_decorator.py for tasks to queue
[2023-05-03T10:53:33.841+0000] {logging_mixin.py:149} INFO - [2023-05-03T10:53:33.841+0000] {dagbag.py:541} INFO - Filling up the DagBag from /home/airflow/.local/lib/python3.7/site-packages/airflow/example_dags/example_sensor_decorator.py
[2023-05-03T10:53:33.924+0000] {processor.py:809} INFO - DAG(s) dict_keys(['example_sensor_decorator']) retrieved from /home/airflow/.local/lib/python3.7/site-packages/airflow/example_dags/example_sensor_decorator.py
[2023-05-03T10:53:34.484+0000] {logging_mixin.py:149} INFO - [2023-05-03T10:53:34.484+0000] {dag.py:2726} INFO - Sync 1 DAGs
[2023-05-03T10:53:34.623+0000] {logging_mixin.py:149} INFO - [2023-05-03T10:53:34.622+0000] {dag.py:3490} INFO - Setting next_dagrun for example_sensor_decorator to None, run_after=None
[2023-05-03T10:53:34.798+0000] {processor.py:178} INFO - Processing /home/airflow/.local/lib/python3.7/site-packages/airflow/example_dags/example_sensor_decorator.py took 1.027 seconds
[2023-05-03T10:54:06.325+0000] {processor.py:156} INFO - Started process (PID=9542) to work on /home/airflow/.local/lib/python3.7/site-packages/airflow/example_dags/example_sensor_decorator.py
[2023-05-03T10:54:06.327+0000] {processor.py:799} INFO - Processing file /home/airflow/.local/lib/python3.7/site-packages/airflow/example_dags/example_sensor_decorator.py for tasks to queue
[2023-05-03T10:54:06.329+0000] {logging_mixin.py:149} INFO - [2023-05-03T10:54:06.329+0000] {dagbag.py:541} INFO - Filling up the DagBag from /home/airflow/.local/lib/python3.7/site-packages/airflow/example_dags/example_sensor_decorator.py
[2023-05-03T10:54:06.352+0000] {processor.py:809} INFO - DAG(s) dict_keys(['example_sensor_decorator']) retrieved from /home/airflow/.local/lib/python3.7/site-packages/airflow/example_dags/example_sensor_decorator.py
[2023-05-03T10:54:06.456+0000] {logging_mixin.py:149} INFO - [2023-05-03T10:54:06.454+0000] {dag.py:2726} INFO - Sync 1 DAGs
[2023-05-03T10:54:06.574+0000] {logging_mixin.py:149} INFO - [2023-05-03T10:54:06.574+0000] {dag.py:3490} INFO - Setting next_dagrun for example_sensor_decorator to None, run_after=None
[2023-05-03T10:54:06.658+0000] {processor.py:178} INFO - Processing /home/airflow/.local/lib/python3.7/site-packages/airflow/example_dags/example_sensor_decorator.py took 0.347 seconds
[2023-05-03T10:54:36.762+0000] {processor.py:156} INFO - Started process (PID=9775) to work on /home/airflow/.local/lib/python3.7/site-packages/airflow/example_dags/example_sensor_decorator.py
[2023-05-03T10:54:36.779+0000] {processor.py:799} INFO - Processing file /home/airflow/.local/lib/python3.7/site-packages/airflow/example_dags/example_sensor_decorator.py for tasks to queue
[2023-05-03T10:54:36.780+0000] {logging_mixin.py:149} INFO - [2023-05-03T10:54:36.780+0000] {dagbag.py:541} INFO - Filling up the DagBag from /home/airflow/.local/lib/python3.7/site-packages/airflow/example_dags/example_sensor_decorator.py
[2023-05-03T10:54:36.799+0000] {processor.py:809} INFO - DAG(s) dict_keys(['example_sensor_decorator']) retrieved from /home/airflow/.local/lib/python3.7/site-packages/airflow/example_dags/example_sensor_decorator.py
[2023-05-03T10:54:36.878+0000] {logging_mixin.py:149} INFO - [2023-05-03T10:54:36.877+0000] {dag.py:2726} INFO - Sync 1 DAGs
[2023-05-03T10:54:36.958+0000] {logging_mixin.py:149} INFO - [2023-05-03T10:54:36.958+0000] {dag.py:3490} INFO - Setting next_dagrun for example_sensor_decorator to None, run_after=None
[2023-05-03T10:54:37.041+0000] {processor.py:178} INFO - Processing /home/airflow/.local/lib/python3.7/site-packages/airflow/example_dags/example_sensor_decorator.py took 0.284 seconds
