[2023-05-03T09:31:30.840+0000] {processor.py:156} INFO - Started process (PID=371) to work on /home/airflow/.local/lib/python3.7/site-packages/airflow/example_dags/example_xcomargs.py
[2023-05-03T09:31:30.865+0000] {processor.py:799} INFO - Processing file /home/airflow/.local/lib/python3.7/site-packages/airflow/example_dags/example_xcomargs.py for tasks to queue
[2023-05-03T09:31:30.867+0000] {logging_mixin.py:149} INFO - [2023-05-03T09:31:30.866+0000] {dagbag.py:541} INFO - Filling up the DagBag from /home/airflow/.local/lib/python3.7/site-packages/airflow/example_dags/example_xcomargs.py
[2023-05-03T09:31:30.959+0000] {processor.py:809} INFO - DAG(s) dict_keys(['example_xcom_args_with_operators', 'example_xcom_args']) retrieved from /home/airflow/.local/lib/python3.7/site-packages/airflow/example_dags/example_xcomargs.py
[2023-05-03T09:31:31.091+0000] {logging_mixin.py:149} INFO - [2023-05-03T09:31:31.090+0000] {dag.py:2726} INFO - Sync 2 DAGs
[2023-05-03T09:31:31.167+0000] {logging_mixin.py:149} INFO - [2023-05-03T09:31:31.167+0000] {dag.py:3490} INFO - Setting next_dagrun for example_xcom_args to None, run_after=None
[2023-05-03T09:31:31.176+0000] {logging_mixin.py:149} INFO - [2023-05-03T09:31:31.176+0000] {dag.py:3490} INFO - Setting next_dagrun for example_xcom_args_with_operators to None, run_after=None
[2023-05-03T09:31:32.057+0000] {processor.py:178} INFO - Processing /home/airflow/.local/lib/python3.7/site-packages/airflow/example_dags/example_xcomargs.py took 1.223 seconds
[2023-05-03T09:32:20.207+0000] {processor.py:156} INFO - Started process (PID=609) to work on /home/airflow/.local/lib/python3.7/site-packages/airflow/example_dags/example_xcomargs.py
[2023-05-03T09:32:20.225+0000] {processor.py:799} INFO - Processing file /home/airflow/.local/lib/python3.7/site-packages/airflow/example_dags/example_xcomargs.py for tasks to queue
[2023-05-03T09:32:20.227+0000] {logging_mixin.py:149} INFO - [2023-05-03T09:32:20.227+0000] {dagbag.py:541} INFO - Filling up the DagBag from /home/airflow/.local/lib/python3.7/site-packages/airflow/example_dags/example_xcomargs.py
[2023-05-03T09:32:20.279+0000] {processor.py:809} INFO - DAG(s) dict_keys(['example_xcom_args_with_operators', 'example_xcom_args']) retrieved from /home/airflow/.local/lib/python3.7/site-packages/airflow/example_dags/example_xcomargs.py
[2023-05-03T09:32:21.617+0000] {logging_mixin.py:149} INFO - [2023-05-03T09:32:21.616+0000] {dag.py:2726} INFO - Sync 2 DAGs
[2023-05-03T09:32:21.738+0000] {logging_mixin.py:149} INFO - [2023-05-03T09:32:21.738+0000] {dag.py:3490} INFO - Setting next_dagrun for example_xcom_args to None, run_after=None
[2023-05-03T09:32:21.764+0000] {logging_mixin.py:149} INFO - [2023-05-03T09:32:21.764+0000] {dag.py:3490} INFO - Setting next_dagrun for example_xcom_args_with_operators to None, run_after=None
[2023-05-03T09:32:21.884+0000] {processor.py:178} INFO - Processing /home/airflow/.local/lib/python3.7/site-packages/airflow/example_dags/example_xcomargs.py took 1.705 seconds
[2023-05-03T09:32:53.031+0000] {processor.py:156} INFO - Started process (PID=850) to work on /home/airflow/.local/lib/python3.7/site-packages/airflow/example_dags/example_xcomargs.py
[2023-05-03T09:32:53.036+0000] {processor.py:799} INFO - Processing file /home/airflow/.local/lib/python3.7/site-packages/airflow/example_dags/example_xcomargs.py for tasks to queue
[2023-05-03T09:32:53.051+0000] {logging_mixin.py:149} INFO - [2023-05-03T09:32:53.048+0000] {dagbag.py:541} INFO - Filling up the DagBag from /home/airflow/.local/lib/python3.7/site-packages/airflow/example_dags/example_xcomargs.py
[2023-05-03T09:32:53.146+0000] {processor.py:809} INFO - DAG(s) dict_keys(['example_xcom_args_with_operators', 'example_xcom_args']) retrieved from /home/airflow/.local/lib/python3.7/site-packages/airflow/example_dags/example_xcomargs.py
[2023-05-03T09:32:53.406+0000] {logging_mixin.py:149} INFO - [2023-05-03T09:32:53.405+0000] {dag.py:2726} INFO - Sync 2 DAGs
[2023-05-03T09:32:53.576+0000] {logging_mixin.py:149} INFO - [2023-05-03T09:32:53.576+0000] {dag.py:3490} INFO - Setting next_dagrun for example_xcom_args to None, run_after=None
[2023-05-03T09:32:53.606+0000] {logging_mixin.py:149} INFO - [2023-05-03T09:32:53.595+0000] {dag.py:3490} INFO - Setting next_dagrun for example_xcom_args_with_operators to None, run_after=None
[2023-05-03T09:32:53.829+0000] {processor.py:178} INFO - Processing /home/airflow/.local/lib/python3.7/site-packages/airflow/example_dags/example_xcomargs.py took 0.944 seconds
[2023-05-03T09:33:38.439+0000] {processor.py:156} INFO - Started process (PID=1124) to work on /home/airflow/.local/lib/python3.7/site-packages/airflow/example_dags/example_xcomargs.py
[2023-05-03T09:33:38.442+0000] {processor.py:799} INFO - Processing file /home/airflow/.local/lib/python3.7/site-packages/airflow/example_dags/example_xcomargs.py for tasks to queue
[2023-05-03T09:33:38.451+0000] {logging_mixin.py:149} INFO - [2023-05-03T09:33:38.450+0000] {dagbag.py:541} INFO - Filling up the DagBag from /home/airflow/.local/lib/python3.7/site-packages/airflow/example_dags/example_xcomargs.py
[2023-05-03T09:33:38.474+0000] {processor.py:809} INFO - DAG(s) dict_keys(['example_xcom_args_with_operators', 'example_xcom_args']) retrieved from /home/airflow/.local/lib/python3.7/site-packages/airflow/example_dags/example_xcomargs.py
[2023-05-03T09:33:38.558+0000] {logging_mixin.py:149} INFO - [2023-05-03T09:33:38.555+0000] {dag.py:2726} INFO - Sync 2 DAGs
[2023-05-03T09:33:38.648+0000] {logging_mixin.py:149} INFO - [2023-05-03T09:33:38.647+0000] {dag.py:3490} INFO - Setting next_dagrun for example_xcom_args to None, run_after=None
[2023-05-03T09:33:38.668+0000] {logging_mixin.py:149} INFO - [2023-05-03T09:33:38.667+0000] {dag.py:3490} INFO - Setting next_dagrun for example_xcom_args_with_operators to None, run_after=None
[2023-05-03T09:33:38.738+0000] {processor.py:178} INFO - Processing /home/airflow/.local/lib/python3.7/site-packages/airflow/example_dags/example_xcomargs.py took 0.304 seconds
[2023-05-03T09:34:10.209+0000] {processor.py:156} INFO - Started process (PID=1350) to work on /home/airflow/.local/lib/python3.7/site-packages/airflow/example_dags/example_xcomargs.py
[2023-05-03T09:34:10.213+0000] {processor.py:799} INFO - Processing file /home/airflow/.local/lib/python3.7/site-packages/airflow/example_dags/example_xcomargs.py for tasks to queue
[2023-05-03T09:34:10.215+0000] {logging_mixin.py:149} INFO - [2023-05-03T09:34:10.214+0000] {dagbag.py:541} INFO - Filling up the DagBag from /home/airflow/.local/lib/python3.7/site-packages/airflow/example_dags/example_xcomargs.py
[2023-05-03T09:34:10.230+0000] {processor.py:809} INFO - DAG(s) dict_keys(['example_xcom_args_with_operators', 'example_xcom_args']) retrieved from /home/airflow/.local/lib/python3.7/site-packages/airflow/example_dags/example_xcomargs.py
[2023-05-03T09:34:10.363+0000] {logging_mixin.py:149} INFO - [2023-05-03T09:34:10.363+0000] {dag.py:2726} INFO - Sync 2 DAGs
[2023-05-03T09:34:10.450+0000] {logging_mixin.py:149} INFO - [2023-05-03T09:34:10.449+0000] {dag.py:3490} INFO - Setting next_dagrun for example_xcom_args to None, run_after=None
[2023-05-03T09:34:10.465+0000] {logging_mixin.py:149} INFO - [2023-05-03T09:34:10.465+0000] {dag.py:3490} INFO - Setting next_dagrun for example_xcom_args_with_operators to None, run_after=None
[2023-05-03T09:34:10.528+0000] {processor.py:178} INFO - Processing /home/airflow/.local/lib/python3.7/site-packages/airflow/example_dags/example_xcomargs.py took 0.327 seconds
[2023-05-03T09:34:41.080+0000] {processor.py:156} INFO - Started process (PID=1586) to work on /home/airflow/.local/lib/python3.7/site-packages/airflow/example_dags/example_xcomargs.py
[2023-05-03T09:34:41.082+0000] {processor.py:799} INFO - Processing file /home/airflow/.local/lib/python3.7/site-packages/airflow/example_dags/example_xcomargs.py for tasks to queue
[2023-05-03T09:34:41.084+0000] {logging_mixin.py:149} INFO - [2023-05-03T09:34:41.084+0000] {dagbag.py:541} INFO - Filling up the DagBag from /home/airflow/.local/lib/python3.7/site-packages/airflow/example_dags/example_xcomargs.py
[2023-05-03T09:34:41.105+0000] {processor.py:809} INFO - DAG(s) dict_keys(['example_xcom_args', 'example_xcom_args_with_operators']) retrieved from /home/airflow/.local/lib/python3.7/site-packages/airflow/example_dags/example_xcomargs.py
[2023-05-03T09:34:41.172+0000] {logging_mixin.py:149} INFO - [2023-05-03T09:34:41.171+0000] {dag.py:2726} INFO - Sync 2 DAGs
[2023-05-03T09:34:41.231+0000] {logging_mixin.py:149} INFO - [2023-05-03T09:34:41.229+0000] {dag.py:3490} INFO - Setting next_dagrun for example_xcom_args to None, run_after=None
[2023-05-03T09:34:41.254+0000] {logging_mixin.py:149} INFO - [2023-05-03T09:34:41.249+0000] {dag.py:3490} INFO - Setting next_dagrun for example_xcom_args_with_operators to None, run_after=None
[2023-05-03T09:34:41.309+0000] {processor.py:178} INFO - Processing /home/airflow/.local/lib/python3.7/site-packages/airflow/example_dags/example_xcomargs.py took 0.236 seconds
[2023-05-03T09:35:12.363+0000] {processor.py:156} INFO - Started process (PID=1824) to work on /home/airflow/.local/lib/python3.7/site-packages/airflow/example_dags/example_xcomargs.py
[2023-05-03T09:35:12.365+0000] {processor.py:799} INFO - Processing file /home/airflow/.local/lib/python3.7/site-packages/airflow/example_dags/example_xcomargs.py for tasks to queue
[2023-05-03T09:35:12.369+0000] {logging_mixin.py:149} INFO - [2023-05-03T09:35:12.368+0000] {dagbag.py:541} INFO - Filling up the DagBag from /home/airflow/.local/lib/python3.7/site-packages/airflow/example_dags/example_xcomargs.py
[2023-05-03T09:35:12.390+0000] {processor.py:809} INFO - DAG(s) dict_keys(['example_xcom_args_with_operators', 'example_xcom_args']) retrieved from /home/airflow/.local/lib/python3.7/site-packages/airflow/example_dags/example_xcomargs.py
[2023-05-03T09:35:12.456+0000] {logging_mixin.py:149} INFO - [2023-05-03T09:35:12.456+0000] {dag.py:2726} INFO - Sync 2 DAGs
[2023-05-03T09:35:12.501+0000] {logging_mixin.py:149} INFO - [2023-05-03T09:35:12.501+0000] {dag.py:3490} INFO - Setting next_dagrun for example_xcom_args to None, run_after=None
[2023-05-03T09:35:12.513+0000] {logging_mixin.py:149} INFO - [2023-05-03T09:35:12.513+0000] {dag.py:3490} INFO - Setting next_dagrun for example_xcom_args_with_operators to None, run_after=None
[2023-05-03T09:35:12.578+0000] {processor.py:178} INFO - Processing /home/airflow/.local/lib/python3.7/site-packages/airflow/example_dags/example_xcomargs.py took 0.218 seconds
[2023-05-03T09:35:53.714+0000] {processor.py:156} INFO - Started process (PID=2068) to work on /home/airflow/.local/lib/python3.7/site-packages/airflow/example_dags/example_xcomargs.py
[2023-05-03T09:35:53.732+0000] {processor.py:799} INFO - Processing file /home/airflow/.local/lib/python3.7/site-packages/airflow/example_dags/example_xcomargs.py for tasks to queue
[2023-05-03T09:35:53.734+0000] {logging_mixin.py:149} INFO - [2023-05-03T09:35:53.733+0000] {dagbag.py:541} INFO - Filling up the DagBag from /home/airflow/.local/lib/python3.7/site-packages/airflow/example_dags/example_xcomargs.py
[2023-05-03T09:35:53.755+0000] {processor.py:809} INFO - DAG(s) dict_keys(['example_xcom_args_with_operators', 'example_xcom_args']) retrieved from /home/airflow/.local/lib/python3.7/site-packages/airflow/example_dags/example_xcomargs.py
[2023-05-03T09:35:53.886+0000] {logging_mixin.py:149} INFO - [2023-05-03T09:35:53.886+0000] {dag.py:2726} INFO - Sync 2 DAGs
[2023-05-03T09:35:53.967+0000] {logging_mixin.py:149} INFO - [2023-05-03T09:35:53.966+0000] {dag.py:3490} INFO - Setting next_dagrun for example_xcom_args to None, run_after=None
[2023-05-03T09:35:53.973+0000] {logging_mixin.py:149} INFO - [2023-05-03T09:35:53.973+0000] {dag.py:3490} INFO - Setting next_dagrun for example_xcom_args_with_operators to None, run_after=None
[2023-05-03T09:35:54.024+0000] {processor.py:178} INFO - Processing /home/airflow/.local/lib/python3.7/site-packages/airflow/example_dags/example_xcomargs.py took 0.315 seconds
[2023-05-03T09:36:24.616+0000] {processor.py:156} INFO - Started process (PID=2309) to work on /home/airflow/.local/lib/python3.7/site-packages/airflow/example_dags/example_xcomargs.py
[2023-05-03T09:36:24.617+0000] {processor.py:799} INFO - Processing file /home/airflow/.local/lib/python3.7/site-packages/airflow/example_dags/example_xcomargs.py for tasks to queue
[2023-05-03T09:36:24.619+0000] {logging_mixin.py:149} INFO - [2023-05-03T09:36:24.619+0000] {dagbag.py:541} INFO - Filling up the DagBag from /home/airflow/.local/lib/python3.7/site-packages/airflow/example_dags/example_xcomargs.py
[2023-05-03T09:36:24.632+0000] {processor.py:809} INFO - DAG(s) dict_keys(['example_xcom_args', 'example_xcom_args_with_operators']) retrieved from /home/airflow/.local/lib/python3.7/site-packages/airflow/example_dags/example_xcomargs.py
[2023-05-03T09:36:24.676+0000] {logging_mixin.py:149} INFO - [2023-05-03T09:36:24.676+0000] {dag.py:2726} INFO - Sync 2 DAGs
[2023-05-03T09:36:24.717+0000] {logging_mixin.py:149} INFO - [2023-05-03T09:36:24.717+0000] {dag.py:3490} INFO - Setting next_dagrun for example_xcom_args to None, run_after=None
[2023-05-03T09:36:24.725+0000] {logging_mixin.py:149} INFO - [2023-05-03T09:36:24.724+0000] {dag.py:3490} INFO - Setting next_dagrun for example_xcom_args_with_operators to None, run_after=None
[2023-05-03T09:36:24.757+0000] {processor.py:178} INFO - Processing /home/airflow/.local/lib/python3.7/site-packages/airflow/example_dags/example_xcomargs.py took 0.146 seconds
[2023-05-03T09:36:56.195+0000] {processor.py:156} INFO - Started process (PID=2547) to work on /home/airflow/.local/lib/python3.7/site-packages/airflow/example_dags/example_xcomargs.py
[2023-05-03T09:36:56.200+0000] {processor.py:799} INFO - Processing file /home/airflow/.local/lib/python3.7/site-packages/airflow/example_dags/example_xcomargs.py for tasks to queue
[2023-05-03T09:36:56.202+0000] {logging_mixin.py:149} INFO - [2023-05-03T09:36:56.201+0000] {dagbag.py:541} INFO - Filling up the DagBag from /home/airflow/.local/lib/python3.7/site-packages/airflow/example_dags/example_xcomargs.py
[2023-05-03T09:36:56.221+0000] {processor.py:809} INFO - DAG(s) dict_keys(['example_xcom_args_with_operators', 'example_xcom_args']) retrieved from /home/airflow/.local/lib/python3.7/site-packages/airflow/example_dags/example_xcomargs.py
[2023-05-03T09:36:56.300+0000] {logging_mixin.py:149} INFO - [2023-05-03T09:36:56.299+0000] {dag.py:2726} INFO - Sync 2 DAGs
[2023-05-03T09:36:56.362+0000] {logging_mixin.py:149} INFO - [2023-05-03T09:36:56.361+0000] {dag.py:3490} INFO - Setting next_dagrun for example_xcom_args to None, run_after=None
[2023-05-03T09:36:56.372+0000] {logging_mixin.py:149} INFO - [2023-05-03T09:36:56.372+0000] {dag.py:3490} INFO - Setting next_dagrun for example_xcom_args_with_operators to None, run_after=None
[2023-05-03T09:36:56.415+0000] {processor.py:178} INFO - Processing /home/airflow/.local/lib/python3.7/site-packages/airflow/example_dags/example_xcomargs.py took 0.225 seconds
[2023-05-03T09:37:27.276+0000] {processor.py:156} INFO - Started process (PID=2783) to work on /home/airflow/.local/lib/python3.7/site-packages/airflow/example_dags/example_xcomargs.py
[2023-05-03T09:37:27.278+0000] {processor.py:799} INFO - Processing file /home/airflow/.local/lib/python3.7/site-packages/airflow/example_dags/example_xcomargs.py for tasks to queue
[2023-05-03T09:37:27.280+0000] {logging_mixin.py:149} INFO - [2023-05-03T09:37:27.280+0000] {dagbag.py:541} INFO - Filling up the DagBag from /home/airflow/.local/lib/python3.7/site-packages/airflow/example_dags/example_xcomargs.py
[2023-05-03T09:37:27.296+0000] {processor.py:809} INFO - DAG(s) dict_keys(['example_xcom_args', 'example_xcom_args_with_operators']) retrieved from /home/airflow/.local/lib/python3.7/site-packages/airflow/example_dags/example_xcomargs.py
[2023-05-03T09:37:27.340+0000] {logging_mixin.py:149} INFO - [2023-05-03T09:37:27.340+0000] {dag.py:2726} INFO - Sync 2 DAGs
[2023-05-03T09:37:27.382+0000] {logging_mixin.py:149} INFO - [2023-05-03T09:37:27.382+0000] {dag.py:3490} INFO - Setting next_dagrun for example_xcom_args to None, run_after=None
[2023-05-03T09:37:27.388+0000] {logging_mixin.py:149} INFO - [2023-05-03T09:37:27.388+0000] {dag.py:3490} INFO - Setting next_dagrun for example_xcom_args_with_operators to None, run_after=None
[2023-05-03T09:37:27.422+0000] {processor.py:178} INFO - Processing /home/airflow/.local/lib/python3.7/site-packages/airflow/example_dags/example_xcomargs.py took 0.150 seconds
[2023-05-03T09:38:01.880+0000] {processor.py:156} INFO - Started process (PID=3019) to work on /home/airflow/.local/lib/python3.7/site-packages/airflow/example_dags/example_xcomargs.py
[2023-05-03T09:38:01.886+0000] {processor.py:799} INFO - Processing file /home/airflow/.local/lib/python3.7/site-packages/airflow/example_dags/example_xcomargs.py for tasks to queue
[2023-05-03T09:38:01.888+0000] {logging_mixin.py:149} INFO - [2023-05-03T09:38:01.887+0000] {dagbag.py:541} INFO - Filling up the DagBag from /home/airflow/.local/lib/python3.7/site-packages/airflow/example_dags/example_xcomargs.py
[2023-05-03T09:38:01.913+0000] {processor.py:809} INFO - DAG(s) dict_keys(['example_xcom_args_with_operators', 'example_xcom_args']) retrieved from /home/airflow/.local/lib/python3.7/site-packages/airflow/example_dags/example_xcomargs.py
[2023-05-03T09:38:02.012+0000] {logging_mixin.py:149} INFO - [2023-05-03T09:38:02.012+0000] {dag.py:2726} INFO - Sync 2 DAGs
[2023-05-03T09:38:02.087+0000] {logging_mixin.py:149} INFO - [2023-05-03T09:38:02.086+0000] {dag.py:3490} INFO - Setting next_dagrun for example_xcom_args to None, run_after=None
[2023-05-03T09:38:02.097+0000] {logging_mixin.py:149} INFO - [2023-05-03T09:38:02.096+0000] {dag.py:3490} INFO - Setting next_dagrun for example_xcom_args_with_operators to None, run_after=None
[2023-05-03T09:38:02.168+0000] {processor.py:178} INFO - Processing /home/airflow/.local/lib/python3.7/site-packages/airflow/example_dags/example_xcomargs.py took 0.288 seconds
[2023-05-03T09:38:36.149+0000] {processor.py:156} INFO - Started process (PID=3270) to work on /home/airflow/.local/lib/python3.7/site-packages/airflow/example_dags/example_xcomargs.py
[2023-05-03T09:38:36.151+0000] {processor.py:799} INFO - Processing file /home/airflow/.local/lib/python3.7/site-packages/airflow/example_dags/example_xcomargs.py for tasks to queue
[2023-05-03T09:38:36.153+0000] {logging_mixin.py:149} INFO - [2023-05-03T09:38:36.153+0000] {dagbag.py:541} INFO - Filling up the DagBag from /home/airflow/.local/lib/python3.7/site-packages/airflow/example_dags/example_xcomargs.py
[2023-05-03T09:38:36.165+0000] {processor.py:809} INFO - DAG(s) dict_keys(['example_xcom_args_with_operators', 'example_xcom_args']) retrieved from /home/airflow/.local/lib/python3.7/site-packages/airflow/example_dags/example_xcomargs.py
[2023-05-03T09:38:36.212+0000] {logging_mixin.py:149} INFO - [2023-05-03T09:38:36.212+0000] {dag.py:2726} INFO - Sync 2 DAGs
[2023-05-03T09:38:36.276+0000] {logging_mixin.py:149} INFO - [2023-05-03T09:38:36.276+0000] {dag.py:3490} INFO - Setting next_dagrun for example_xcom_args to None, run_after=None
[2023-05-03T09:38:36.284+0000] {logging_mixin.py:149} INFO - [2023-05-03T09:38:36.283+0000] {dag.py:3490} INFO - Setting next_dagrun for example_xcom_args_with_operators to None, run_after=None
[2023-05-03T09:38:36.323+0000] {processor.py:178} INFO - Processing /home/airflow/.local/lib/python3.7/site-packages/airflow/example_dags/example_xcomargs.py took 0.179 seconds
[2023-05-03T09:39:07.782+0000] {processor.py:156} INFO - Started process (PID=3506) to work on /home/airflow/.local/lib/python3.7/site-packages/airflow/example_dags/example_xcomargs.py
[2023-05-03T09:39:07.784+0000] {processor.py:799} INFO - Processing file /home/airflow/.local/lib/python3.7/site-packages/airflow/example_dags/example_xcomargs.py for tasks to queue
[2023-05-03T09:39:07.786+0000] {logging_mixin.py:149} INFO - [2023-05-03T09:39:07.785+0000] {dagbag.py:541} INFO - Filling up the DagBag from /home/airflow/.local/lib/python3.7/site-packages/airflow/example_dags/example_xcomargs.py
[2023-05-03T09:39:07.801+0000] {processor.py:809} INFO - DAG(s) dict_keys(['example_xcom_args', 'example_xcom_args_with_operators']) retrieved from /home/airflow/.local/lib/python3.7/site-packages/airflow/example_dags/example_xcomargs.py
[2023-05-03T09:39:07.865+0000] {logging_mixin.py:149} INFO - [2023-05-03T09:39:07.865+0000] {dag.py:2726} INFO - Sync 2 DAGs
[2023-05-03T09:39:07.914+0000] {logging_mixin.py:149} INFO - [2023-05-03T09:39:07.914+0000] {dag.py:3490} INFO - Setting next_dagrun for example_xcom_args to None, run_after=None
[2023-05-03T09:39:07.921+0000] {logging_mixin.py:149} INFO - [2023-05-03T09:39:07.920+0000] {dag.py:3490} INFO - Setting next_dagrun for example_xcom_args_with_operators to None, run_after=None
[2023-05-03T09:39:07.951+0000] {processor.py:178} INFO - Processing /home/airflow/.local/lib/python3.7/site-packages/airflow/example_dags/example_xcomargs.py took 0.173 seconds
[2023-05-03T09:39:39.586+0000] {processor.py:156} INFO - Started process (PID=3743) to work on /home/airflow/.local/lib/python3.7/site-packages/airflow/example_dags/example_xcomargs.py
[2023-05-03T09:39:39.590+0000] {processor.py:799} INFO - Processing file /home/airflow/.local/lib/python3.7/site-packages/airflow/example_dags/example_xcomargs.py for tasks to queue
[2023-05-03T09:39:39.592+0000] {logging_mixin.py:149} INFO - [2023-05-03T09:39:39.592+0000] {dagbag.py:541} INFO - Filling up the DagBag from /home/airflow/.local/lib/python3.7/site-packages/airflow/example_dags/example_xcomargs.py
[2023-05-03T09:39:39.609+0000] {processor.py:809} INFO - DAG(s) dict_keys(['example_xcom_args', 'example_xcom_args_with_operators']) retrieved from /home/airflow/.local/lib/python3.7/site-packages/airflow/example_dags/example_xcomargs.py
[2023-05-03T09:39:39.685+0000] {logging_mixin.py:149} INFO - [2023-05-03T09:39:39.685+0000] {dag.py:2726} INFO - Sync 2 DAGs
[2023-05-03T09:39:39.751+0000] {logging_mixin.py:149} INFO - [2023-05-03T09:39:39.751+0000] {dag.py:3490} INFO - Setting next_dagrun for example_xcom_args to None, run_after=None
[2023-05-03T09:39:39.763+0000] {logging_mixin.py:149} INFO - [2023-05-03T09:39:39.762+0000] {dag.py:3490} INFO - Setting next_dagrun for example_xcom_args_with_operators to None, run_after=None
[2023-05-03T09:39:39.837+0000] {processor.py:178} INFO - Processing /home/airflow/.local/lib/python3.7/site-packages/airflow/example_dags/example_xcomargs.py took 0.257 seconds
[2023-05-03T09:40:10.058+0000] {processor.py:156} INFO - Started process (PID=3979) to work on /home/airflow/.local/lib/python3.7/site-packages/airflow/example_dags/example_xcomargs.py
[2023-05-03T09:40:10.061+0000] {processor.py:799} INFO - Processing file /home/airflow/.local/lib/python3.7/site-packages/airflow/example_dags/example_xcomargs.py for tasks to queue
[2023-05-03T09:40:10.062+0000] {logging_mixin.py:149} INFO - [2023-05-03T09:40:10.062+0000] {dagbag.py:541} INFO - Filling up the DagBag from /home/airflow/.local/lib/python3.7/site-packages/airflow/example_dags/example_xcomargs.py
[2023-05-03T09:40:10.075+0000] {processor.py:809} INFO - DAG(s) dict_keys(['example_xcom_args_with_operators', 'example_xcom_args']) retrieved from /home/airflow/.local/lib/python3.7/site-packages/airflow/example_dags/example_xcomargs.py
[2023-05-03T09:40:10.121+0000] {logging_mixin.py:149} INFO - [2023-05-03T09:40:10.121+0000] {dag.py:2726} INFO - Sync 2 DAGs
[2023-05-03T09:40:10.166+0000] {logging_mixin.py:149} INFO - [2023-05-03T09:40:10.166+0000] {dag.py:3490} INFO - Setting next_dagrun for example_xcom_args to None, run_after=None
[2023-05-03T09:40:10.178+0000] {logging_mixin.py:149} INFO - [2023-05-03T09:40:10.178+0000] {dag.py:3490} INFO - Setting next_dagrun for example_xcom_args_with_operators to None, run_after=None
[2023-05-03T09:40:10.213+0000] {processor.py:178} INFO - Processing /home/airflow/.local/lib/python3.7/site-packages/airflow/example_dags/example_xcomargs.py took 0.159 seconds
[2023-05-03T09:40:41.084+0000] {processor.py:156} INFO - Started process (PID=4215) to work on /home/airflow/.local/lib/python3.7/site-packages/airflow/example_dags/example_xcomargs.py
[2023-05-03T09:40:41.086+0000] {processor.py:799} INFO - Processing file /home/airflow/.local/lib/python3.7/site-packages/airflow/example_dags/example_xcomargs.py for tasks to queue
[2023-05-03T09:40:41.088+0000] {logging_mixin.py:149} INFO - [2023-05-03T09:40:41.087+0000] {dagbag.py:541} INFO - Filling up the DagBag from /home/airflow/.local/lib/python3.7/site-packages/airflow/example_dags/example_xcomargs.py
[2023-05-03T09:40:41.101+0000] {processor.py:809} INFO - DAG(s) dict_keys(['example_xcom_args_with_operators', 'example_xcom_args']) retrieved from /home/airflow/.local/lib/python3.7/site-packages/airflow/example_dags/example_xcomargs.py
[2023-05-03T09:40:41.165+0000] {logging_mixin.py:149} INFO - [2023-05-03T09:40:41.165+0000] {dag.py:2726} INFO - Sync 2 DAGs
[2023-05-03T09:40:41.213+0000] {logging_mixin.py:149} INFO - [2023-05-03T09:40:41.213+0000] {dag.py:3490} INFO - Setting next_dagrun for example_xcom_args to None, run_after=None
[2023-05-03T09:40:41.220+0000] {logging_mixin.py:149} INFO - [2023-05-03T09:40:41.220+0000] {dag.py:3490} INFO - Setting next_dagrun for example_xcom_args_with_operators to None, run_after=None
[2023-05-03T09:40:41.251+0000] {processor.py:178} INFO - Processing /home/airflow/.local/lib/python3.7/site-packages/airflow/example_dags/example_xcomargs.py took 0.171 seconds
[2023-05-03T09:41:11.678+0000] {processor.py:156} INFO - Started process (PID=4451) to work on /home/airflow/.local/lib/python3.7/site-packages/airflow/example_dags/example_xcomargs.py
[2023-05-03T09:41:11.680+0000] {processor.py:799} INFO - Processing file /home/airflow/.local/lib/python3.7/site-packages/airflow/example_dags/example_xcomargs.py for tasks to queue
[2023-05-03T09:41:11.682+0000] {logging_mixin.py:149} INFO - [2023-05-03T09:41:11.682+0000] {dagbag.py:541} INFO - Filling up the DagBag from /home/airflow/.local/lib/python3.7/site-packages/airflow/example_dags/example_xcomargs.py
[2023-05-03T09:41:11.701+0000] {processor.py:809} INFO - DAG(s) dict_keys(['example_xcom_args_with_operators', 'example_xcom_args']) retrieved from /home/airflow/.local/lib/python3.7/site-packages/airflow/example_dags/example_xcomargs.py
[2023-05-03T09:41:11.759+0000] {logging_mixin.py:149} INFO - [2023-05-03T09:41:11.759+0000] {dag.py:2726} INFO - Sync 2 DAGs
[2023-05-03T09:41:11.804+0000] {logging_mixin.py:149} INFO - [2023-05-03T09:41:11.803+0000] {dag.py:3490} INFO - Setting next_dagrun for example_xcom_args to None, run_after=None
[2023-05-03T09:41:11.810+0000] {logging_mixin.py:149} INFO - [2023-05-03T09:41:11.810+0000] {dag.py:3490} INFO - Setting next_dagrun for example_xcom_args_with_operators to None, run_after=None
[2023-05-03T09:41:11.845+0000] {processor.py:178} INFO - Processing /home/airflow/.local/lib/python3.7/site-packages/airflow/example_dags/example_xcomargs.py took 0.171 seconds
[2023-05-03T09:41:44.334+0000] {processor.py:156} INFO - Started process (PID=4687) to work on /home/airflow/.local/lib/python3.7/site-packages/airflow/example_dags/example_xcomargs.py
[2023-05-03T09:41:44.344+0000] {processor.py:799} INFO - Processing file /home/airflow/.local/lib/python3.7/site-packages/airflow/example_dags/example_xcomargs.py for tasks to queue
[2023-05-03T09:41:44.345+0000] {logging_mixin.py:149} INFO - [2023-05-03T09:41:44.345+0000] {dagbag.py:541} INFO - Filling up the DagBag from /home/airflow/.local/lib/python3.7/site-packages/airflow/example_dags/example_xcomargs.py
[2023-05-03T09:41:44.368+0000] {processor.py:809} INFO - DAG(s) dict_keys(['example_xcom_args', 'example_xcom_args_with_operators']) retrieved from /home/airflow/.local/lib/python3.7/site-packages/airflow/example_dags/example_xcomargs.py
[2023-05-03T09:41:44.460+0000] {logging_mixin.py:149} INFO - [2023-05-03T09:41:44.460+0000] {dag.py:2726} INFO - Sync 2 DAGs
[2023-05-03T09:41:44.507+0000] {logging_mixin.py:149} INFO - [2023-05-03T09:41:44.507+0000] {dag.py:3490} INFO - Setting next_dagrun for example_xcom_args to None, run_after=None
[2023-05-03T09:41:44.514+0000] {logging_mixin.py:149} INFO - [2023-05-03T09:41:44.513+0000] {dag.py:3490} INFO - Setting next_dagrun for example_xcom_args_with_operators to None, run_after=None
[2023-05-03T09:41:44.549+0000] {processor.py:178} INFO - Processing /home/airflow/.local/lib/python3.7/site-packages/airflow/example_dags/example_xcomargs.py took 0.221 seconds
[2023-05-03T09:44:58.325+0000] {processor.py:156} INFO - Started process (PID=372) to work on /home/airflow/.local/lib/python3.7/site-packages/airflow/example_dags/example_xcomargs.py
[2023-05-03T09:44:58.338+0000] {processor.py:799} INFO - Processing file /home/airflow/.local/lib/python3.7/site-packages/airflow/example_dags/example_xcomargs.py for tasks to queue
[2023-05-03T09:44:58.341+0000] {logging_mixin.py:149} INFO - [2023-05-03T09:44:58.340+0000] {dagbag.py:541} INFO - Filling up the DagBag from /home/airflow/.local/lib/python3.7/site-packages/airflow/example_dags/example_xcomargs.py
[2023-05-03T09:44:58.394+0000] {processor.py:809} INFO - DAG(s) dict_keys(['example_xcom_args_with_operators', 'example_xcom_args']) retrieved from /home/airflow/.local/lib/python3.7/site-packages/airflow/example_dags/example_xcomargs.py
[2023-05-03T09:44:58.595+0000] {logging_mixin.py:149} INFO - [2023-05-03T09:44:58.595+0000] {dag.py:2726} INFO - Sync 2 DAGs
[2023-05-03T09:44:58.733+0000] {logging_mixin.py:149} INFO - [2023-05-03T09:44:58.733+0000] {dag.py:3490} INFO - Setting next_dagrun for example_xcom_args to None, run_after=None
[2023-05-03T09:44:58.757+0000] {logging_mixin.py:149} INFO - [2023-05-03T09:44:58.754+0000] {dag.py:3490} INFO - Setting next_dagrun for example_xcom_args_with_operators to None, run_after=None
[2023-05-03T09:44:58.820+0000] {processor.py:178} INFO - Processing /home/airflow/.local/lib/python3.7/site-packages/airflow/example_dags/example_xcomargs.py took 0.510 seconds
[2023-05-03T09:46:39.999+0000] {processor.py:156} INFO - Started process (PID=691) to work on /home/airflow/.local/lib/python3.7/site-packages/airflow/example_dags/example_xcomargs.py
[2023-05-03T09:46:40.010+0000] {processor.py:799} INFO - Processing file /home/airflow/.local/lib/python3.7/site-packages/airflow/example_dags/example_xcomargs.py for tasks to queue
[2023-05-03T09:46:40.012+0000] {logging_mixin.py:149} INFO - [2023-05-03T09:46:40.012+0000] {dagbag.py:541} INFO - Filling up the DagBag from /home/airflow/.local/lib/python3.7/site-packages/airflow/example_dags/example_xcomargs.py
[2023-05-03T09:46:40.054+0000] {processor.py:809} INFO - DAG(s) dict_keys(['example_xcom_args', 'example_xcom_args_with_operators']) retrieved from /home/airflow/.local/lib/python3.7/site-packages/airflow/example_dags/example_xcomargs.py
[2023-05-03T09:46:40.317+0000] {logging_mixin.py:149} INFO - [2023-05-03T09:46:40.316+0000] {dag.py:2726} INFO - Sync 2 DAGs
[2023-05-03T09:46:40.468+0000] {logging_mixin.py:149} INFO - [2023-05-03T09:46:40.467+0000] {dag.py:3490} INFO - Setting next_dagrun for example_xcom_args to None, run_after=None
[2023-05-03T09:46:40.556+0000] {logging_mixin.py:149} INFO - [2023-05-03T09:46:40.556+0000] {dag.py:3490} INFO - Setting next_dagrun for example_xcom_args_with_operators to None, run_after=None
[2023-05-03T09:46:40.718+0000] {processor.py:178} INFO - Processing /home/airflow/.local/lib/python3.7/site-packages/airflow/example_dags/example_xcomargs.py took 0.726 seconds
[2023-05-03T09:47:40.006+0000] {processor.py:156} INFO - Started process (PID=935) to work on /home/airflow/.local/lib/python3.7/site-packages/airflow/example_dags/example_xcomargs.py
[2023-05-03T09:47:40.009+0000] {processor.py:799} INFO - Processing file /home/airflow/.local/lib/python3.7/site-packages/airflow/example_dags/example_xcomargs.py for tasks to queue
[2023-05-03T09:47:40.010+0000] {logging_mixin.py:149} INFO - [2023-05-03T09:47:40.010+0000] {dagbag.py:541} INFO - Filling up the DagBag from /home/airflow/.local/lib/python3.7/site-packages/airflow/example_dags/example_xcomargs.py
[2023-05-03T09:47:40.043+0000] {processor.py:809} INFO - DAG(s) dict_keys(['example_xcom_args_with_operators', 'example_xcom_args']) retrieved from /home/airflow/.local/lib/python3.7/site-packages/airflow/example_dags/example_xcomargs.py
[2023-05-03T09:47:40.143+0000] {logging_mixin.py:149} INFO - [2023-05-03T09:47:40.143+0000] {dag.py:2726} INFO - Sync 2 DAGs
[2023-05-03T09:47:40.256+0000] {logging_mixin.py:149} INFO - [2023-05-03T09:47:40.256+0000] {dag.py:3490} INFO - Setting next_dagrun for example_xcom_args to None, run_after=None
[2023-05-03T09:47:40.266+0000] {logging_mixin.py:149} INFO - [2023-05-03T09:47:40.266+0000] {dag.py:3490} INFO - Setting next_dagrun for example_xcom_args_with_operators to None, run_after=None
[2023-05-03T09:47:40.354+0000] {processor.py:178} INFO - Processing /home/airflow/.local/lib/python3.7/site-packages/airflow/example_dags/example_xcomargs.py took 0.356 seconds
[2023-05-03T09:48:34.218+0000] {processor.py:156} INFO - Started process (PID=1171) to work on /home/airflow/.local/lib/python3.7/site-packages/airflow/example_dags/example_xcomargs.py
[2023-05-03T09:48:34.221+0000] {processor.py:799} INFO - Processing file /home/airflow/.local/lib/python3.7/site-packages/airflow/example_dags/example_xcomargs.py for tasks to queue
[2023-05-03T09:48:34.223+0000] {logging_mixin.py:149} INFO - [2023-05-03T09:48:34.223+0000] {dagbag.py:541} INFO - Filling up the DagBag from /home/airflow/.local/lib/python3.7/site-packages/airflow/example_dags/example_xcomargs.py
[2023-05-03T09:48:34.245+0000] {processor.py:809} INFO - DAG(s) dict_keys(['example_xcom_args_with_operators', 'example_xcom_args']) retrieved from /home/airflow/.local/lib/python3.7/site-packages/airflow/example_dags/example_xcomargs.py
[2023-05-03T09:48:34.362+0000] {logging_mixin.py:149} INFO - [2023-05-03T09:48:34.361+0000] {dag.py:2726} INFO - Sync 2 DAGs
[2023-05-03T09:48:34.461+0000] {logging_mixin.py:149} INFO - [2023-05-03T09:48:34.461+0000] {dag.py:3490} INFO - Setting next_dagrun for example_xcom_args to None, run_after=None
[2023-05-03T09:48:34.482+0000] {logging_mixin.py:149} INFO - [2023-05-03T09:48:34.482+0000] {dag.py:3490} INFO - Setting next_dagrun for example_xcom_args_with_operators to None, run_after=None
[2023-05-03T09:48:35.077+0000] {processor.py:178} INFO - Processing /home/airflow/.local/lib/python3.7/site-packages/airflow/example_dags/example_xcomargs.py took 0.871 seconds
[2023-05-03T09:49:42.075+0000] {processor.py:156} INFO - Started process (PID=1428) to work on /home/airflow/.local/lib/python3.7/site-packages/airflow/example_dags/example_xcomargs.py
[2023-05-03T09:49:42.089+0000] {processor.py:799} INFO - Processing file /home/airflow/.local/lib/python3.7/site-packages/airflow/example_dags/example_xcomargs.py for tasks to queue
[2023-05-03T09:49:42.095+0000] {logging_mixin.py:149} INFO - [2023-05-03T09:49:42.094+0000] {dagbag.py:541} INFO - Filling up the DagBag from /home/airflow/.local/lib/python3.7/site-packages/airflow/example_dags/example_xcomargs.py
[2023-05-03T09:49:42.139+0000] {processor.py:809} INFO - DAG(s) dict_keys(['example_xcom_args_with_operators', 'example_xcom_args']) retrieved from /home/airflow/.local/lib/python3.7/site-packages/airflow/example_dags/example_xcomargs.py
[2023-05-03T09:49:42.304+0000] {logging_mixin.py:149} INFO - [2023-05-03T09:49:42.304+0000] {dag.py:2726} INFO - Sync 2 DAGs
[2023-05-03T09:49:42.396+0000] {logging_mixin.py:149} INFO - [2023-05-03T09:49:42.396+0000] {dag.py:3490} INFO - Setting next_dagrun for example_xcom_args to None, run_after=None
[2023-05-03T09:49:43.120+0000] {logging_mixin.py:149} INFO - [2023-05-03T09:49:43.119+0000] {dag.py:3490} INFO - Setting next_dagrun for example_xcom_args_with_operators to None, run_after=None
[2023-05-03T09:49:43.257+0000] {processor.py:178} INFO - Processing /home/airflow/.local/lib/python3.7/site-packages/airflow/example_dags/example_xcomargs.py took 1.188 seconds
[2023-05-03T09:50:13.851+0000] {processor.py:156} INFO - Started process (PID=1664) to work on /home/airflow/.local/lib/python3.7/site-packages/airflow/example_dags/example_xcomargs.py
[2023-05-03T09:50:13.852+0000] {processor.py:799} INFO - Processing file /home/airflow/.local/lib/python3.7/site-packages/airflow/example_dags/example_xcomargs.py for tasks to queue
[2023-05-03T09:50:13.861+0000] {logging_mixin.py:149} INFO - [2023-05-03T09:50:13.861+0000] {dagbag.py:541} INFO - Filling up the DagBag from /home/airflow/.local/lib/python3.7/site-packages/airflow/example_dags/example_xcomargs.py
[2023-05-03T09:50:13.885+0000] {processor.py:809} INFO - DAG(s) dict_keys(['example_xcom_args', 'example_xcom_args_with_operators']) retrieved from /home/airflow/.local/lib/python3.7/site-packages/airflow/example_dags/example_xcomargs.py
[2023-05-03T09:50:13.994+0000] {logging_mixin.py:149} INFO - [2023-05-03T09:50:13.994+0000] {dag.py:2726} INFO - Sync 2 DAGs
[2023-05-03T09:50:14.084+0000] {logging_mixin.py:149} INFO - [2023-05-03T09:50:14.084+0000] {dag.py:3490} INFO - Setting next_dagrun for example_xcom_args to None, run_after=None
[2023-05-03T09:50:14.100+0000] {logging_mixin.py:149} INFO - [2023-05-03T09:50:14.100+0000] {dag.py:3490} INFO - Setting next_dagrun for example_xcom_args_with_operators to None, run_after=None
[2023-05-03T09:50:14.152+0000] {processor.py:178} INFO - Processing /home/airflow/.local/lib/python3.7/site-packages/airflow/example_dags/example_xcomargs.py took 0.307 seconds
[2023-05-03T09:50:44.952+0000] {processor.py:156} INFO - Started process (PID=1900) to work on /home/airflow/.local/lib/python3.7/site-packages/airflow/example_dags/example_xcomargs.py
[2023-05-03T09:50:44.971+0000] {processor.py:799} INFO - Processing file /home/airflow/.local/lib/python3.7/site-packages/airflow/example_dags/example_xcomargs.py for tasks to queue
[2023-05-03T09:50:44.981+0000] {logging_mixin.py:149} INFO - [2023-05-03T09:50:44.980+0000] {dagbag.py:541} INFO - Filling up the DagBag from /home/airflow/.local/lib/python3.7/site-packages/airflow/example_dags/example_xcomargs.py
[2023-05-03T09:50:45.006+0000] {processor.py:809} INFO - DAG(s) dict_keys(['example_xcom_args_with_operators', 'example_xcom_args']) retrieved from /home/airflow/.local/lib/python3.7/site-packages/airflow/example_dags/example_xcomargs.py
[2023-05-03T09:50:45.094+0000] {logging_mixin.py:149} INFO - [2023-05-03T09:50:45.094+0000] {dag.py:2726} INFO - Sync 2 DAGs
[2023-05-03T09:50:45.194+0000] {logging_mixin.py:149} INFO - [2023-05-03T09:50:45.194+0000] {dag.py:3490} INFO - Setting next_dagrun for example_xcom_args to None, run_after=None
[2023-05-03T09:50:45.204+0000] {logging_mixin.py:149} INFO - [2023-05-03T09:50:45.203+0000] {dag.py:3490} INFO - Setting next_dagrun for example_xcom_args_with_operators to None, run_after=None
[2023-05-03T09:50:45.266+0000] {processor.py:178} INFO - Processing /home/airflow/.local/lib/python3.7/site-packages/airflow/example_dags/example_xcomargs.py took 0.320 seconds
[2023-05-03T09:52:02.462+0000] {processor.py:156} INFO - Started process (PID=2205) to work on /home/airflow/.local/lib/python3.7/site-packages/airflow/example_dags/example_xcomargs.py
[2023-05-03T09:52:02.465+0000] {processor.py:799} INFO - Processing file /home/airflow/.local/lib/python3.7/site-packages/airflow/example_dags/example_xcomargs.py for tasks to queue
[2023-05-03T09:52:02.471+0000] {logging_mixin.py:149} INFO - [2023-05-03T09:52:02.467+0000] {dagbag.py:541} INFO - Filling up the DagBag from /home/airflow/.local/lib/python3.7/site-packages/airflow/example_dags/example_xcomargs.py
[2023-05-03T09:52:02.503+0000] {processor.py:809} INFO - DAG(s) dict_keys(['example_xcom_args', 'example_xcom_args_with_operators']) retrieved from /home/airflow/.local/lib/python3.7/site-packages/airflow/example_dags/example_xcomargs.py
[2023-05-03T09:52:02.606+0000] {logging_mixin.py:149} INFO - [2023-05-03T09:52:02.605+0000] {dag.py:2726} INFO - Sync 2 DAGs
[2023-05-03T09:52:03.123+0000] {logging_mixin.py:149} INFO - [2023-05-03T09:52:03.122+0000] {dag.py:3490} INFO - Setting next_dagrun for example_xcom_args to None, run_after=None
[2023-05-03T09:52:03.138+0000] {logging_mixin.py:149} INFO - [2023-05-03T09:52:03.138+0000] {dag.py:3490} INFO - Setting next_dagrun for example_xcom_args_with_operators to None, run_after=None
[2023-05-03T09:52:03.241+0000] {processor.py:178} INFO - Processing /home/airflow/.local/lib/python3.7/site-packages/airflow/example_dags/example_xcomargs.py took 0.784 seconds
[2023-05-03T09:52:33.655+0000] {processor.py:156} INFO - Started process (PID=2441) to work on /home/airflow/.local/lib/python3.7/site-packages/airflow/example_dags/example_xcomargs.py
[2023-05-03T09:52:33.658+0000] {processor.py:799} INFO - Processing file /home/airflow/.local/lib/python3.7/site-packages/airflow/example_dags/example_xcomargs.py for tasks to queue
[2023-05-03T09:52:33.660+0000] {logging_mixin.py:149} INFO - [2023-05-03T09:52:33.659+0000] {dagbag.py:541} INFO - Filling up the DagBag from /home/airflow/.local/lib/python3.7/site-packages/airflow/example_dags/example_xcomargs.py
[2023-05-03T09:52:33.695+0000] {processor.py:809} INFO - DAG(s) dict_keys(['example_xcom_args_with_operators', 'example_xcom_args']) retrieved from /home/airflow/.local/lib/python3.7/site-packages/airflow/example_dags/example_xcomargs.py
[2023-05-03T09:52:33.774+0000] {logging_mixin.py:149} INFO - [2023-05-03T09:52:33.773+0000] {dag.py:2726} INFO - Sync 2 DAGs
[2023-05-03T09:52:33.852+0000] {logging_mixin.py:149} INFO - [2023-05-03T09:52:33.851+0000] {dag.py:3490} INFO - Setting next_dagrun for example_xcom_args to None, run_after=None
[2023-05-03T09:52:33.860+0000] {logging_mixin.py:149} INFO - [2023-05-03T09:52:33.860+0000] {dag.py:3490} INFO - Setting next_dagrun for example_xcom_args_with_operators to None, run_after=None
[2023-05-03T09:52:33.936+0000] {processor.py:178} INFO - Processing /home/airflow/.local/lib/python3.7/site-packages/airflow/example_dags/example_xcomargs.py took 0.294 seconds
[2023-05-03T09:53:04.681+0000] {processor.py:156} INFO - Started process (PID=2676) to work on /home/airflow/.local/lib/python3.7/site-packages/airflow/example_dags/example_xcomargs.py
[2023-05-03T09:53:04.683+0000] {processor.py:799} INFO - Processing file /home/airflow/.local/lib/python3.7/site-packages/airflow/example_dags/example_xcomargs.py for tasks to queue
[2023-05-03T09:53:04.685+0000] {logging_mixin.py:149} INFO - [2023-05-03T09:53:04.684+0000] {dagbag.py:541} INFO - Filling up the DagBag from /home/airflow/.local/lib/python3.7/site-packages/airflow/example_dags/example_xcomargs.py
[2023-05-03T09:53:04.705+0000] {processor.py:809} INFO - DAG(s) dict_keys(['example_xcom_args', 'example_xcom_args_with_operators']) retrieved from /home/airflow/.local/lib/python3.7/site-packages/airflow/example_dags/example_xcomargs.py
[2023-05-03T09:53:04.796+0000] {logging_mixin.py:149} INFO - [2023-05-03T09:53:04.796+0000] {dag.py:2726} INFO - Sync 2 DAGs
[2023-05-03T09:53:04.876+0000] {logging_mixin.py:149} INFO - [2023-05-03T09:53:04.876+0000] {dag.py:3490} INFO - Setting next_dagrun for example_xcom_args to None, run_after=None
[2023-05-03T09:53:04.886+0000] {logging_mixin.py:149} INFO - [2023-05-03T09:53:04.885+0000] {dag.py:3490} INFO - Setting next_dagrun for example_xcom_args_with_operators to None, run_after=None
[2023-05-03T09:53:04.944+0000] {processor.py:178} INFO - Processing /home/airflow/.local/lib/python3.7/site-packages/airflow/example_dags/example_xcomargs.py took 0.272 seconds
[2023-05-03T09:53:35.964+0000] {processor.py:156} INFO - Started process (PID=2912) to work on /home/airflow/.local/lib/python3.7/site-packages/airflow/example_dags/example_xcomargs.py
[2023-05-03T09:53:35.966+0000] {processor.py:799} INFO - Processing file /home/airflow/.local/lib/python3.7/site-packages/airflow/example_dags/example_xcomargs.py for tasks to queue
[2023-05-03T09:53:35.968+0000] {logging_mixin.py:149} INFO - [2023-05-03T09:53:35.968+0000] {dagbag.py:541} INFO - Filling up the DagBag from /home/airflow/.local/lib/python3.7/site-packages/airflow/example_dags/example_xcomargs.py
[2023-05-03T09:53:36.001+0000] {processor.py:809} INFO - DAG(s) dict_keys(['example_xcom_args', 'example_xcom_args_with_operators']) retrieved from /home/airflow/.local/lib/python3.7/site-packages/airflow/example_dags/example_xcomargs.py
[2023-05-03T09:53:36.125+0000] {logging_mixin.py:149} INFO - [2023-05-03T09:53:36.124+0000] {dag.py:2726} INFO - Sync 2 DAGs
[2023-05-03T09:53:36.201+0000] {logging_mixin.py:149} INFO - [2023-05-03T09:53:36.200+0000] {dag.py:3490} INFO - Setting next_dagrun for example_xcom_args to None, run_after=None
[2023-05-03T09:53:36.207+0000] {logging_mixin.py:149} INFO - [2023-05-03T09:53:36.207+0000] {dag.py:3490} INFO - Setting next_dagrun for example_xcom_args_with_operators to None, run_after=None
[2023-05-03T09:53:36.566+0000] {processor.py:178} INFO - Processing /home/airflow/.local/lib/python3.7/site-packages/airflow/example_dags/example_xcomargs.py took 0.613 seconds
[2023-05-03T09:54:40.683+0000] {processor.py:156} INFO - Started process (PID=3211) to work on /home/airflow/.local/lib/python3.7/site-packages/airflow/example_dags/example_xcomargs.py
[2023-05-03T09:54:40.686+0000] {processor.py:799} INFO - Processing file /home/airflow/.local/lib/python3.7/site-packages/airflow/example_dags/example_xcomargs.py for tasks to queue
[2023-05-03T09:54:40.689+0000] {logging_mixin.py:149} INFO - [2023-05-03T09:54:40.688+0000] {dagbag.py:541} INFO - Filling up the DagBag from /home/airflow/.local/lib/python3.7/site-packages/airflow/example_dags/example_xcomargs.py
[2023-05-03T09:54:40.794+0000] {processor.py:809} INFO - DAG(s) dict_keys(['example_xcom_args_with_operators', 'example_xcom_args']) retrieved from /home/airflow/.local/lib/python3.7/site-packages/airflow/example_dags/example_xcomargs.py
[2023-05-03T09:54:41.233+0000] {logging_mixin.py:149} INFO - [2023-05-03T09:54:41.232+0000] {dag.py:2726} INFO - Sync 2 DAGs
[2023-05-03T09:54:41.520+0000] {logging_mixin.py:149} INFO - [2023-05-03T09:54:41.519+0000] {dag.py:3490} INFO - Setting next_dagrun for example_xcom_args to None, run_after=None
[2023-05-03T09:54:41.532+0000] {logging_mixin.py:149} INFO - [2023-05-03T09:54:41.532+0000] {dag.py:3490} INFO - Setting next_dagrun for example_xcom_args_with_operators to None, run_after=None
[2023-05-03T09:54:42.801+0000] {processor.py:178} INFO - Processing /home/airflow/.local/lib/python3.7/site-packages/airflow/example_dags/example_xcomargs.py took 2.122 seconds
[2023-05-03T09:55:13.118+0000] {processor.py:156} INFO - Started process (PID=3447) to work on /home/airflow/.local/lib/python3.7/site-packages/airflow/example_dags/example_xcomargs.py
[2023-05-03T09:55:13.124+0000] {processor.py:799} INFO - Processing file /home/airflow/.local/lib/python3.7/site-packages/airflow/example_dags/example_xcomargs.py for tasks to queue
[2023-05-03T09:55:13.126+0000] {logging_mixin.py:149} INFO - [2023-05-03T09:55:13.125+0000] {dagbag.py:541} INFO - Filling up the DagBag from /home/airflow/.local/lib/python3.7/site-packages/airflow/example_dags/example_xcomargs.py
[2023-05-03T09:55:13.141+0000] {processor.py:809} INFO - DAG(s) dict_keys(['example_xcom_args_with_operators', 'example_xcom_args']) retrieved from /home/airflow/.local/lib/python3.7/site-packages/airflow/example_dags/example_xcomargs.py
[2023-05-03T09:55:13.212+0000] {logging_mixin.py:149} INFO - [2023-05-03T09:55:13.212+0000] {dag.py:2726} INFO - Sync 2 DAGs
[2023-05-03T09:55:13.268+0000] {logging_mixin.py:149} INFO - [2023-05-03T09:55:13.267+0000] {dag.py:3490} INFO - Setting next_dagrun for example_xcom_args to None, run_after=None
[2023-05-03T09:55:13.280+0000] {logging_mixin.py:149} INFO - [2023-05-03T09:55:13.280+0000] {dag.py:3490} INFO - Setting next_dagrun for example_xcom_args_with_operators to None, run_after=None
[2023-05-03T09:55:13.323+0000] {processor.py:178} INFO - Processing /home/airflow/.local/lib/python3.7/site-packages/airflow/example_dags/example_xcomargs.py took 0.210 seconds
[2023-05-03T09:55:45.179+0000] {processor.py:156} INFO - Started process (PID=3683) to work on /home/airflow/.local/lib/python3.7/site-packages/airflow/example_dags/example_xcomargs.py
[2023-05-03T09:55:45.192+0000] {processor.py:799} INFO - Processing file /home/airflow/.local/lib/python3.7/site-packages/airflow/example_dags/example_xcomargs.py for tasks to queue
[2023-05-03T09:55:45.206+0000] {logging_mixin.py:149} INFO - [2023-05-03T09:55:45.205+0000] {dagbag.py:541} INFO - Filling up the DagBag from /home/airflow/.local/lib/python3.7/site-packages/airflow/example_dags/example_xcomargs.py
[2023-05-03T09:55:45.257+0000] {processor.py:809} INFO - DAG(s) dict_keys(['example_xcom_args', 'example_xcom_args_with_operators']) retrieved from /home/airflow/.local/lib/python3.7/site-packages/airflow/example_dags/example_xcomargs.py
[2023-05-03T09:55:45.459+0000] {logging_mixin.py:149} INFO - [2023-05-03T09:55:45.458+0000] {dag.py:2726} INFO - Sync 2 DAGs
[2023-05-03T09:55:46.888+0000] {logging_mixin.py:149} INFO - [2023-05-03T09:55:46.888+0000] {dag.py:3490} INFO - Setting next_dagrun for example_xcom_args to None, run_after=None
[2023-05-03T09:55:46.915+0000] {logging_mixin.py:149} INFO - [2023-05-03T09:55:46.914+0000] {dag.py:3490} INFO - Setting next_dagrun for example_xcom_args_with_operators to None, run_after=None
[2023-05-03T09:55:47.149+0000] {processor.py:178} INFO - Processing /home/airflow/.local/lib/python3.7/site-packages/airflow/example_dags/example_xcomargs.py took 1.975 seconds
[2023-05-03T09:56:24.220+0000] {processor.py:156} INFO - Started process (PID=3934) to work on /home/airflow/.local/lib/python3.7/site-packages/airflow/example_dags/example_xcomargs.py
[2023-05-03T09:56:24.222+0000] {processor.py:799} INFO - Processing file /home/airflow/.local/lib/python3.7/site-packages/airflow/example_dags/example_xcomargs.py for tasks to queue
[2023-05-03T09:56:24.223+0000] {logging_mixin.py:149} INFO - [2023-05-03T09:56:24.223+0000] {dagbag.py:541} INFO - Filling up the DagBag from /home/airflow/.local/lib/python3.7/site-packages/airflow/example_dags/example_xcomargs.py
[2023-05-03T09:56:24.264+0000] {processor.py:809} INFO - DAG(s) dict_keys(['example_xcom_args', 'example_xcom_args_with_operators']) retrieved from /home/airflow/.local/lib/python3.7/site-packages/airflow/example_dags/example_xcomargs.py
[2023-05-03T09:56:24.381+0000] {logging_mixin.py:149} INFO - [2023-05-03T09:56:24.381+0000] {dag.py:2726} INFO - Sync 2 DAGs
[2023-05-03T09:56:24.483+0000] {logging_mixin.py:149} INFO - [2023-05-03T09:56:24.482+0000] {dag.py:3490} INFO - Setting next_dagrun for example_xcom_args to None, run_after=None
[2023-05-03T09:56:24.500+0000] {logging_mixin.py:149} INFO - [2023-05-03T09:56:24.500+0000] {dag.py:3490} INFO - Setting next_dagrun for example_xcom_args_with_operators to None, run_after=None
[2023-05-03T09:56:24.586+0000] {processor.py:178} INFO - Processing /home/airflow/.local/lib/python3.7/site-packages/airflow/example_dags/example_xcomargs.py took 0.378 seconds
[2023-05-03T09:56:57.620+0000] {processor.py:156} INFO - Started process (PID=4169) to work on /home/airflow/.local/lib/python3.7/site-packages/airflow/example_dags/example_xcomargs.py
[2023-05-03T09:56:57.622+0000] {processor.py:799} INFO - Processing file /home/airflow/.local/lib/python3.7/site-packages/airflow/example_dags/example_xcomargs.py for tasks to queue
[2023-05-03T09:56:57.624+0000] {logging_mixin.py:149} INFO - [2023-05-03T09:56:57.624+0000] {dagbag.py:541} INFO - Filling up the DagBag from /home/airflow/.local/lib/python3.7/site-packages/airflow/example_dags/example_xcomargs.py
[2023-05-03T09:56:57.650+0000] {processor.py:809} INFO - DAG(s) dict_keys(['example_xcom_args_with_operators', 'example_xcom_args']) retrieved from /home/airflow/.local/lib/python3.7/site-packages/airflow/example_dags/example_xcomargs.py
[2023-05-03T09:56:57.764+0000] {logging_mixin.py:149} INFO - [2023-05-03T09:56:57.758+0000] {dag.py:2726} INFO - Sync 2 DAGs
[2023-05-03T09:56:58.142+0000] {logging_mixin.py:149} INFO - [2023-05-03T09:56:58.142+0000] {dag.py:3490} INFO - Setting next_dagrun for example_xcom_args to None, run_after=None
[2023-05-03T09:56:58.155+0000] {logging_mixin.py:149} INFO - [2023-05-03T09:56:58.155+0000] {dag.py:3490} INFO - Setting next_dagrun for example_xcom_args_with_operators to None, run_after=None
[2023-05-03T09:56:58.272+0000] {processor.py:178} INFO - Processing /home/airflow/.local/lib/python3.7/site-packages/airflow/example_dags/example_xcomargs.py took 0.662 seconds
[2023-05-03T09:57:43.719+0000] {processor.py:156} INFO - Started process (PID=4436) to work on /home/airflow/.local/lib/python3.7/site-packages/airflow/example_dags/example_xcomargs.py
[2023-05-03T09:57:43.731+0000] {processor.py:799} INFO - Processing file /home/airflow/.local/lib/python3.7/site-packages/airflow/example_dags/example_xcomargs.py for tasks to queue
[2023-05-03T09:57:43.738+0000] {logging_mixin.py:149} INFO - [2023-05-03T09:57:43.737+0000] {dagbag.py:541} INFO - Filling up the DagBag from /home/airflow/.local/lib/python3.7/site-packages/airflow/example_dags/example_xcomargs.py
[2023-05-03T09:57:43.913+0000] {processor.py:809} INFO - DAG(s) dict_keys(['example_xcom_args_with_operators', 'example_xcom_args']) retrieved from /home/airflow/.local/lib/python3.7/site-packages/airflow/example_dags/example_xcomargs.py
[2023-05-03T09:57:44.216+0000] {logging_mixin.py:149} INFO - [2023-05-03T09:57:44.215+0000] {dag.py:2726} INFO - Sync 2 DAGs
[2023-05-03T09:57:45.370+0000] {logging_mixin.py:149} INFO - [2023-05-03T09:57:45.368+0000] {dag.py:3490} INFO - Setting next_dagrun for example_xcom_args to None, run_after=None
[2023-05-03T09:57:45.427+0000] {logging_mixin.py:149} INFO - [2023-05-03T09:57:45.427+0000] {dag.py:3490} INFO - Setting next_dagrun for example_xcom_args_with_operators to None, run_after=None
[2023-05-03T09:57:45.654+0000] {processor.py:178} INFO - Processing /home/airflow/.local/lib/python3.7/site-packages/airflow/example_dags/example_xcomargs.py took 1.941 seconds
[2023-05-03T09:58:16.236+0000] {processor.py:156} INFO - Started process (PID=4674) to work on /home/airflow/.local/lib/python3.7/site-packages/airflow/example_dags/example_xcomargs.py
[2023-05-03T09:58:16.238+0000] {processor.py:799} INFO - Processing file /home/airflow/.local/lib/python3.7/site-packages/airflow/example_dags/example_xcomargs.py for tasks to queue
[2023-05-03T09:58:16.239+0000] {logging_mixin.py:149} INFO - [2023-05-03T09:58:16.239+0000] {dagbag.py:541} INFO - Filling up the DagBag from /home/airflow/.local/lib/python3.7/site-packages/airflow/example_dags/example_xcomargs.py
[2023-05-03T09:58:16.258+0000] {processor.py:809} INFO - DAG(s) dict_keys(['example_xcom_args', 'example_xcom_args_with_operators']) retrieved from /home/airflow/.local/lib/python3.7/site-packages/airflow/example_dags/example_xcomargs.py
[2023-05-03T09:58:16.553+0000] {logging_mixin.py:149} INFO - [2023-05-03T09:58:16.553+0000] {dag.py:2726} INFO - Sync 2 DAGs
[2023-05-03T09:58:16.618+0000] {logging_mixin.py:149} INFO - [2023-05-03T09:58:16.618+0000] {dag.py:3490} INFO - Setting next_dagrun for example_xcom_args to None, run_after=None
[2023-05-03T09:58:16.625+0000] {logging_mixin.py:149} INFO - [2023-05-03T09:58:16.624+0000] {dag.py:3490} INFO - Setting next_dagrun for example_xcom_args_with_operators to None, run_after=None
[2023-05-03T09:58:16.710+0000] {processor.py:178} INFO - Processing /home/airflow/.local/lib/python3.7/site-packages/airflow/example_dags/example_xcomargs.py took 0.479 seconds
[2023-05-03T09:58:47.683+0000] {processor.py:156} INFO - Started process (PID=4911) to work on /home/airflow/.local/lib/python3.7/site-packages/airflow/example_dags/example_xcomargs.py
[2023-05-03T09:58:47.686+0000] {processor.py:799} INFO - Processing file /home/airflow/.local/lib/python3.7/site-packages/airflow/example_dags/example_xcomargs.py for tasks to queue
[2023-05-03T09:58:47.687+0000] {logging_mixin.py:149} INFO - [2023-05-03T09:58:47.687+0000] {dagbag.py:541} INFO - Filling up the DagBag from /home/airflow/.local/lib/python3.7/site-packages/airflow/example_dags/example_xcomargs.py
[2023-05-03T09:58:47.708+0000] {processor.py:809} INFO - DAG(s) dict_keys(['example_xcom_args_with_operators', 'example_xcom_args']) retrieved from /home/airflow/.local/lib/python3.7/site-packages/airflow/example_dags/example_xcomargs.py
[2023-05-03T09:58:47.826+0000] {logging_mixin.py:149} INFO - [2023-05-03T09:58:47.826+0000] {dag.py:2726} INFO - Sync 2 DAGs
[2023-05-03T09:58:47.891+0000] {logging_mixin.py:149} INFO - [2023-05-03T09:58:47.891+0000] {dag.py:3490} INFO - Setting next_dagrun for example_xcom_args to None, run_after=None
[2023-05-03T09:58:48.080+0000] {logging_mixin.py:149} INFO - [2023-05-03T09:58:48.079+0000] {dag.py:3490} INFO - Setting next_dagrun for example_xcom_args_with_operators to None, run_after=None
[2023-05-03T09:58:48.113+0000] {processor.py:178} INFO - Processing /home/airflow/.local/lib/python3.7/site-packages/airflow/example_dags/example_xcomargs.py took 0.435 seconds
[2023-05-03T09:59:18.373+0000] {processor.py:156} INFO - Started process (PID=5147) to work on /home/airflow/.local/lib/python3.7/site-packages/airflow/example_dags/example_xcomargs.py
[2023-05-03T09:59:18.375+0000] {processor.py:799} INFO - Processing file /home/airflow/.local/lib/python3.7/site-packages/airflow/example_dags/example_xcomargs.py for tasks to queue
[2023-05-03T09:59:18.385+0000] {logging_mixin.py:149} INFO - [2023-05-03T09:59:18.385+0000] {dagbag.py:541} INFO - Filling up the DagBag from /home/airflow/.local/lib/python3.7/site-packages/airflow/example_dags/example_xcomargs.py
[2023-05-03T09:59:18.408+0000] {processor.py:809} INFO - DAG(s) dict_keys(['example_xcom_args_with_operators', 'example_xcom_args']) retrieved from /home/airflow/.local/lib/python3.7/site-packages/airflow/example_dags/example_xcomargs.py
[2023-05-03T09:59:18.641+0000] {logging_mixin.py:149} INFO - [2023-05-03T09:59:18.641+0000] {dag.py:2726} INFO - Sync 2 DAGs
[2023-05-03T09:59:18.676+0000] {logging_mixin.py:149} INFO - [2023-05-03T09:59:18.675+0000] {dag.py:3490} INFO - Setting next_dagrun for example_xcom_args to None, run_after=None
[2023-05-03T09:59:18.681+0000] {logging_mixin.py:149} INFO - [2023-05-03T09:59:18.681+0000] {dag.py:3490} INFO - Setting next_dagrun for example_xcom_args_with_operators to None, run_after=None
[2023-05-03T09:59:18.708+0000] {processor.py:178} INFO - Processing /home/airflow/.local/lib/python3.7/site-packages/airflow/example_dags/example_xcomargs.py took 0.339 seconds
[2023-05-03T09:59:48.813+0000] {processor.py:156} INFO - Started process (PID=5383) to work on /home/airflow/.local/lib/python3.7/site-packages/airflow/example_dags/example_xcomargs.py
[2023-05-03T09:59:48.815+0000] {processor.py:799} INFO - Processing file /home/airflow/.local/lib/python3.7/site-packages/airflow/example_dags/example_xcomargs.py for tasks to queue
[2023-05-03T09:59:48.816+0000] {logging_mixin.py:149} INFO - [2023-05-03T09:59:48.816+0000] {dagbag.py:541} INFO - Filling up the DagBag from /home/airflow/.local/lib/python3.7/site-packages/airflow/example_dags/example_xcomargs.py
[2023-05-03T09:59:48.838+0000] {processor.py:809} INFO - DAG(s) dict_keys(['example_xcom_args', 'example_xcom_args_with_operators']) retrieved from /home/airflow/.local/lib/python3.7/site-packages/airflow/example_dags/example_xcomargs.py
[2023-05-03T09:59:48.896+0000] {logging_mixin.py:149} INFO - [2023-05-03T09:59:48.895+0000] {dag.py:2726} INFO - Sync 2 DAGs
[2023-05-03T09:59:48.933+0000] {logging_mixin.py:149} INFO - [2023-05-03T09:59:48.933+0000] {dag.py:3490} INFO - Setting next_dagrun for example_xcom_args to None, run_after=None
[2023-05-03T09:59:48.939+0000] {logging_mixin.py:149} INFO - [2023-05-03T09:59:48.939+0000] {dag.py:3490} INFO - Setting next_dagrun for example_xcom_args_with_operators to None, run_after=None
[2023-05-03T09:59:48.967+0000] {processor.py:178} INFO - Processing /home/airflow/.local/lib/python3.7/site-packages/airflow/example_dags/example_xcomargs.py took 0.162 seconds
[2023-05-03T10:00:19.321+0000] {processor.py:156} INFO - Started process (PID=5619) to work on /home/airflow/.local/lib/python3.7/site-packages/airflow/example_dags/example_xcomargs.py
[2023-05-03T10:00:19.323+0000] {processor.py:799} INFO - Processing file /home/airflow/.local/lib/python3.7/site-packages/airflow/example_dags/example_xcomargs.py for tasks to queue
[2023-05-03T10:00:19.324+0000] {logging_mixin.py:149} INFO - [2023-05-03T10:00:19.324+0000] {dagbag.py:541} INFO - Filling up the DagBag from /home/airflow/.local/lib/python3.7/site-packages/airflow/example_dags/example_xcomargs.py
[2023-05-03T10:00:19.338+0000] {processor.py:809} INFO - DAG(s) dict_keys(['example_xcom_args_with_operators', 'example_xcom_args']) retrieved from /home/airflow/.local/lib/python3.7/site-packages/airflow/example_dags/example_xcomargs.py
[2023-05-03T10:00:19.385+0000] {logging_mixin.py:149} INFO - [2023-05-03T10:00:19.385+0000] {dag.py:2726} INFO - Sync 2 DAGs
[2023-05-03T10:00:19.455+0000] {logging_mixin.py:149} INFO - [2023-05-03T10:00:19.455+0000] {dag.py:3490} INFO - Setting next_dagrun for example_xcom_args to None, run_after=None
[2023-05-03T10:00:19.461+0000] {logging_mixin.py:149} INFO - [2023-05-03T10:00:19.461+0000] {dag.py:3490} INFO - Setting next_dagrun for example_xcom_args_with_operators to None, run_after=None
[2023-05-03T10:00:19.493+0000] {processor.py:178} INFO - Processing /home/airflow/.local/lib/python3.7/site-packages/airflow/example_dags/example_xcomargs.py took 0.177 seconds
[2023-05-03T10:00:50.172+0000] {processor.py:156} INFO - Started process (PID=5855) to work on /home/airflow/.local/lib/python3.7/site-packages/airflow/example_dags/example_xcomargs.py
[2023-05-03T10:00:50.175+0000] {processor.py:799} INFO - Processing file /home/airflow/.local/lib/python3.7/site-packages/airflow/example_dags/example_xcomargs.py for tasks to queue
[2023-05-03T10:00:50.179+0000] {logging_mixin.py:149} INFO - [2023-05-03T10:00:50.178+0000] {dagbag.py:541} INFO - Filling up the DagBag from /home/airflow/.local/lib/python3.7/site-packages/airflow/example_dags/example_xcomargs.py
[2023-05-03T10:00:50.191+0000] {processor.py:809} INFO - DAG(s) dict_keys(['example_xcom_args', 'example_xcom_args_with_operators']) retrieved from /home/airflow/.local/lib/python3.7/site-packages/airflow/example_dags/example_xcomargs.py
[2023-05-03T10:00:50.239+0000] {logging_mixin.py:149} INFO - [2023-05-03T10:00:50.238+0000] {dag.py:2726} INFO - Sync 2 DAGs
[2023-05-03T10:00:50.279+0000] {logging_mixin.py:149} INFO - [2023-05-03T10:00:50.279+0000] {dag.py:3490} INFO - Setting next_dagrun for example_xcom_args to None, run_after=None
[2023-05-03T10:00:50.285+0000] {logging_mixin.py:149} INFO - [2023-05-03T10:00:50.285+0000] {dag.py:3490} INFO - Setting next_dagrun for example_xcom_args_with_operators to None, run_after=None
[2023-05-03T10:00:50.313+0000] {processor.py:178} INFO - Processing /home/airflow/.local/lib/python3.7/site-packages/airflow/example_dags/example_xcomargs.py took 0.145 seconds
[2023-05-03T10:01:21.130+0000] {processor.py:156} INFO - Started process (PID=6091) to work on /home/airflow/.local/lib/python3.7/site-packages/airflow/example_dags/example_xcomargs.py
[2023-05-03T10:01:21.133+0000] {processor.py:799} INFO - Processing file /home/airflow/.local/lib/python3.7/site-packages/airflow/example_dags/example_xcomargs.py for tasks to queue
[2023-05-03T10:01:21.138+0000] {logging_mixin.py:149} INFO - [2023-05-03T10:01:21.137+0000] {dagbag.py:541} INFO - Filling up the DagBag from /home/airflow/.local/lib/python3.7/site-packages/airflow/example_dags/example_xcomargs.py
[2023-05-03T10:01:21.157+0000] {processor.py:809} INFO - DAG(s) dict_keys(['example_xcom_args_with_operators', 'example_xcom_args']) retrieved from /home/airflow/.local/lib/python3.7/site-packages/airflow/example_dags/example_xcomargs.py
[2023-05-03T10:01:21.222+0000] {logging_mixin.py:149} INFO - [2023-05-03T10:01:21.220+0000] {dag.py:2726} INFO - Sync 2 DAGs
[2023-05-03T10:01:21.286+0000] {logging_mixin.py:149} INFO - [2023-05-03T10:01:21.286+0000] {dag.py:3490} INFO - Setting next_dagrun for example_xcom_args to None, run_after=None
[2023-05-03T10:01:21.295+0000] {logging_mixin.py:149} INFO - [2023-05-03T10:01:21.295+0000] {dag.py:3490} INFO - Setting next_dagrun for example_xcom_args_with_operators to None, run_after=None
[2023-05-03T10:01:21.342+0000] {processor.py:178} INFO - Processing /home/airflow/.local/lib/python3.7/site-packages/airflow/example_dags/example_xcomargs.py took 0.217 seconds
[2023-05-03T10:01:52.161+0000] {processor.py:156} INFO - Started process (PID=6327) to work on /home/airflow/.local/lib/python3.7/site-packages/airflow/example_dags/example_xcomargs.py
[2023-05-03T10:01:52.164+0000] {processor.py:799} INFO - Processing file /home/airflow/.local/lib/python3.7/site-packages/airflow/example_dags/example_xcomargs.py for tasks to queue
[2023-05-03T10:01:52.165+0000] {logging_mixin.py:149} INFO - [2023-05-03T10:01:52.165+0000] {dagbag.py:541} INFO - Filling up the DagBag from /home/airflow/.local/lib/python3.7/site-packages/airflow/example_dags/example_xcomargs.py
[2023-05-03T10:01:52.179+0000] {processor.py:809} INFO - DAG(s) dict_keys(['example_xcom_args', 'example_xcom_args_with_operators']) retrieved from /home/airflow/.local/lib/python3.7/site-packages/airflow/example_dags/example_xcomargs.py
[2023-05-03T10:01:52.247+0000] {logging_mixin.py:149} INFO - [2023-05-03T10:01:52.247+0000] {dag.py:2726} INFO - Sync 2 DAGs
[2023-05-03T10:01:52.307+0000] {logging_mixin.py:149} INFO - [2023-05-03T10:01:52.307+0000] {dag.py:3490} INFO - Setting next_dagrun for example_xcom_args to None, run_after=None
[2023-05-03T10:01:52.313+0000] {logging_mixin.py:149} INFO - [2023-05-03T10:01:52.313+0000] {dag.py:3490} INFO - Setting next_dagrun for example_xcom_args_with_operators to None, run_after=None
[2023-05-03T10:01:52.347+0000] {processor.py:178} INFO - Processing /home/airflow/.local/lib/python3.7/site-packages/airflow/example_dags/example_xcomargs.py took 0.191 seconds
[2023-05-03T10:46:08.779+0000] {processor.py:156} INFO - Started process (PID=6568) to work on /home/airflow/.local/lib/python3.7/site-packages/airflow/example_dags/example_xcomargs.py
[2023-05-03T10:46:08.788+0000] {processor.py:799} INFO - Processing file /home/airflow/.local/lib/python3.7/site-packages/airflow/example_dags/example_xcomargs.py for tasks to queue
[2023-05-03T10:46:08.794+0000] {logging_mixin.py:149} INFO - [2023-05-03T10:46:08.793+0000] {dagbag.py:541} INFO - Filling up the DagBag from /home/airflow/.local/lib/python3.7/site-packages/airflow/example_dags/example_xcomargs.py
[2023-05-03T10:46:08.840+0000] {processor.py:809} INFO - DAG(s) dict_keys(['example_xcom_args', 'example_xcom_args_with_operators']) retrieved from /home/airflow/.local/lib/python3.7/site-packages/airflow/example_dags/example_xcomargs.py
[2023-05-03T10:46:09.036+0000] {logging_mixin.py:149} INFO - [2023-05-03T10:46:09.025+0000] {dag.py:2726} INFO - Sync 2 DAGs
[2023-05-03T10:46:09.190+0000] {logging_mixin.py:149} INFO - [2023-05-03T10:46:09.189+0000] {dag.py:3490} INFO - Setting next_dagrun for example_xcom_args to None, run_after=None
[2023-05-03T10:46:09.210+0000] {logging_mixin.py:149} INFO - [2023-05-03T10:46:09.210+0000] {dag.py:3490} INFO - Setting next_dagrun for example_xcom_args_with_operators to None, run_after=None
[2023-05-03T10:46:09.338+0000] {processor.py:178} INFO - Processing /home/airflow/.local/lib/python3.7/site-packages/airflow/example_dags/example_xcomargs.py took 0.565 seconds
[2023-05-03T10:47:53.687+0000] {processor.py:156} INFO - Started process (PID=6926) to work on /home/airflow/.local/lib/python3.7/site-packages/airflow/example_dags/example_xcomargs.py
[2023-05-03T10:47:53.689+0000] {processor.py:799} INFO - Processing file /home/airflow/.local/lib/python3.7/site-packages/airflow/example_dags/example_xcomargs.py for tasks to queue
[2023-05-03T10:47:53.691+0000] {logging_mixin.py:149} INFO - [2023-05-03T10:47:53.691+0000] {dagbag.py:541} INFO - Filling up the DagBag from /home/airflow/.local/lib/python3.7/site-packages/airflow/example_dags/example_xcomargs.py
[2023-05-03T10:47:53.725+0000] {processor.py:809} INFO - DAG(s) dict_keys(['example_xcom_args_with_operators', 'example_xcom_args']) retrieved from /home/airflow/.local/lib/python3.7/site-packages/airflow/example_dags/example_xcomargs.py
[2023-05-03T10:47:53.869+0000] {logging_mixin.py:149} INFO - [2023-05-03T10:47:53.868+0000] {dag.py:2726} INFO - Sync 2 DAGs
[2023-05-03T10:47:53.990+0000] {logging_mixin.py:149} INFO - [2023-05-03T10:47:53.989+0000] {dag.py:3490} INFO - Setting next_dagrun for example_xcom_args to None, run_after=None
[2023-05-03T10:47:54.008+0000] {logging_mixin.py:149} INFO - [2023-05-03T10:47:54.007+0000] {dag.py:3490} INFO - Setting next_dagrun for example_xcom_args_with_operators to None, run_after=None
[2023-05-03T10:47:54.125+0000] {processor.py:178} INFO - Processing /home/airflow/.local/lib/python3.7/site-packages/airflow/example_dags/example_xcomargs.py took 0.446 seconds
[2023-05-03T10:48:24.555+0000] {processor.py:156} INFO - Started process (PID=7162) to work on /home/airflow/.local/lib/python3.7/site-packages/airflow/example_dags/example_xcomargs.py
[2023-05-03T10:48:24.568+0000] {processor.py:799} INFO - Processing file /home/airflow/.local/lib/python3.7/site-packages/airflow/example_dags/example_xcomargs.py for tasks to queue
[2023-05-03T10:48:24.570+0000] {logging_mixin.py:149} INFO - [2023-05-03T10:48:24.569+0000] {dagbag.py:541} INFO - Filling up the DagBag from /home/airflow/.local/lib/python3.7/site-packages/airflow/example_dags/example_xcomargs.py
[2023-05-03T10:48:24.609+0000] {processor.py:809} INFO - DAG(s) dict_keys(['example_xcom_args_with_operators', 'example_xcom_args']) retrieved from /home/airflow/.local/lib/python3.7/site-packages/airflow/example_dags/example_xcomargs.py
[2023-05-03T10:48:24.742+0000] {logging_mixin.py:149} INFO - [2023-05-03T10:48:24.741+0000] {dag.py:2726} INFO - Sync 2 DAGs
[2023-05-03T10:48:24.860+0000] {logging_mixin.py:149} INFO - [2023-05-03T10:48:24.859+0000] {dag.py:3490} INFO - Setting next_dagrun for example_xcom_args to None, run_after=None
[2023-05-03T10:48:24.877+0000] {logging_mixin.py:149} INFO - [2023-05-03T10:48:24.877+0000] {dag.py:3490} INFO - Setting next_dagrun for example_xcom_args_with_operators to None, run_after=None
[2023-05-03T10:48:24.943+0000] {processor.py:178} INFO - Processing /home/airflow/.local/lib/python3.7/site-packages/airflow/example_dags/example_xcomargs.py took 0.393 seconds
[2023-05-03T10:48:55.128+0000] {processor.py:156} INFO - Started process (PID=7398) to work on /home/airflow/.local/lib/python3.7/site-packages/airflow/example_dags/example_xcomargs.py
[2023-05-03T10:48:55.130+0000] {processor.py:799} INFO - Processing file /home/airflow/.local/lib/python3.7/site-packages/airflow/example_dags/example_xcomargs.py for tasks to queue
[2023-05-03T10:48:55.132+0000] {logging_mixin.py:149} INFO - [2023-05-03T10:48:55.132+0000] {dagbag.py:541} INFO - Filling up the DagBag from /home/airflow/.local/lib/python3.7/site-packages/airflow/example_dags/example_xcomargs.py
[2023-05-03T10:48:55.163+0000] {processor.py:809} INFO - DAG(s) dict_keys(['example_xcom_args', 'example_xcom_args_with_operators']) retrieved from /home/airflow/.local/lib/python3.7/site-packages/airflow/example_dags/example_xcomargs.py
[2023-05-03T10:48:55.283+0000] {logging_mixin.py:149} INFO - [2023-05-03T10:48:55.283+0000] {dag.py:2726} INFO - Sync 2 DAGs
[2023-05-03T10:48:55.382+0000] {logging_mixin.py:149} INFO - [2023-05-03T10:48:55.382+0000] {dag.py:3490} INFO - Setting next_dagrun for example_xcom_args to None, run_after=None
[2023-05-03T10:48:55.395+0000] {logging_mixin.py:149} INFO - [2023-05-03T10:48:55.395+0000] {dag.py:3490} INFO - Setting next_dagrun for example_xcom_args_with_operators to None, run_after=None
[2023-05-03T10:48:55.458+0000] {processor.py:178} INFO - Processing /home/airflow/.local/lib/python3.7/site-packages/airflow/example_dags/example_xcomargs.py took 0.341 seconds
[2023-05-03T10:49:31.311+0000] {processor.py:156} INFO - Started process (PID=7646) to work on /home/airflow/.local/lib/python3.7/site-packages/airflow/example_dags/example_xcomargs.py
[2023-05-03T10:49:31.437+0000] {processor.py:799} INFO - Processing file /home/airflow/.local/lib/python3.7/site-packages/airflow/example_dags/example_xcomargs.py for tasks to queue
[2023-05-03T10:49:31.470+0000] {logging_mixin.py:149} INFO - [2023-05-03T10:49:31.470+0000] {dagbag.py:541} INFO - Filling up the DagBag from /home/airflow/.local/lib/python3.7/site-packages/airflow/example_dags/example_xcomargs.py
[2023-05-03T10:49:31.604+0000] {processor.py:809} INFO - DAG(s) dict_keys(['example_xcom_args', 'example_xcom_args_with_operators']) retrieved from /home/airflow/.local/lib/python3.7/site-packages/airflow/example_dags/example_xcomargs.py
[2023-05-03T10:49:32.127+0000] {logging_mixin.py:149} INFO - [2023-05-03T10:49:32.126+0000] {dag.py:2726} INFO - Sync 2 DAGs
[2023-05-03T10:49:32.726+0000] {logging_mixin.py:149} INFO - [2023-05-03T10:49:32.725+0000] {dag.py:3490} INFO - Setting next_dagrun for example_xcom_args to None, run_after=None
[2023-05-03T10:49:32.844+0000] {logging_mixin.py:149} INFO - [2023-05-03T10:49:32.844+0000] {dag.py:3490} INFO - Setting next_dagrun for example_xcom_args_with_operators to None, run_after=None
[2023-05-03T10:49:33.353+0000] {processor.py:178} INFO - Processing /home/airflow/.local/lib/python3.7/site-packages/airflow/example_dags/example_xcomargs.py took 2.117 seconds
[2023-05-03T10:50:04.716+0000] {processor.py:156} INFO - Started process (PID=7882) to work on /home/airflow/.local/lib/python3.7/site-packages/airflow/example_dags/example_xcomargs.py
[2023-05-03T10:50:04.737+0000] {processor.py:799} INFO - Processing file /home/airflow/.local/lib/python3.7/site-packages/airflow/example_dags/example_xcomargs.py for tasks to queue
[2023-05-03T10:50:04.740+0000] {logging_mixin.py:149} INFO - [2023-05-03T10:50:04.740+0000] {dagbag.py:541} INFO - Filling up the DagBag from /home/airflow/.local/lib/python3.7/site-packages/airflow/example_dags/example_xcomargs.py
[2023-05-03T10:50:04.840+0000] {processor.py:809} INFO - DAG(s) dict_keys(['example_xcom_args', 'example_xcom_args_with_operators']) retrieved from /home/airflow/.local/lib/python3.7/site-packages/airflow/example_dags/example_xcomargs.py
[2023-05-03T10:50:04.963+0000] {logging_mixin.py:149} INFO - [2023-05-03T10:50:04.963+0000] {dag.py:2726} INFO - Sync 2 DAGs
[2023-05-03T10:50:05.080+0000] {logging_mixin.py:149} INFO - [2023-05-03T10:50:05.079+0000] {dag.py:3490} INFO - Setting next_dagrun for example_xcom_args to None, run_after=None
[2023-05-03T10:50:05.106+0000] {logging_mixin.py:149} INFO - [2023-05-03T10:50:05.099+0000] {dag.py:3490} INFO - Setting next_dagrun for example_xcom_args_with_operators to None, run_after=None
[2023-05-03T10:50:05.181+0000] {processor.py:178} INFO - Processing /home/airflow/.local/lib/python3.7/site-packages/airflow/example_dags/example_xcomargs.py took 0.484 seconds
[2023-05-03T10:50:37.571+0000] {processor.py:156} INFO - Started process (PID=8117) to work on /home/airflow/.local/lib/python3.7/site-packages/airflow/example_dags/example_xcomargs.py
[2023-05-03T10:50:37.574+0000] {processor.py:799} INFO - Processing file /home/airflow/.local/lib/python3.7/site-packages/airflow/example_dags/example_xcomargs.py for tasks to queue
[2023-05-03T10:50:37.575+0000] {logging_mixin.py:149} INFO - [2023-05-03T10:50:37.575+0000] {dagbag.py:541} INFO - Filling up the DagBag from /home/airflow/.local/lib/python3.7/site-packages/airflow/example_dags/example_xcomargs.py
[2023-05-03T10:50:37.606+0000] {processor.py:809} INFO - DAG(s) dict_keys(['example_xcom_args_with_operators', 'example_xcom_args']) retrieved from /home/airflow/.local/lib/python3.7/site-packages/airflow/example_dags/example_xcomargs.py
[2023-05-03T10:50:37.702+0000] {logging_mixin.py:149} INFO - [2023-05-03T10:50:37.701+0000] {dag.py:2726} INFO - Sync 2 DAGs
[2023-05-03T10:50:37.813+0000] {logging_mixin.py:149} INFO - [2023-05-03T10:50:37.813+0000] {dag.py:3490} INFO - Setting next_dagrun for example_xcom_args to None, run_after=None
[2023-05-03T10:50:37.822+0000] {logging_mixin.py:149} INFO - [2023-05-03T10:50:37.822+0000] {dag.py:3490} INFO - Setting next_dagrun for example_xcom_args_with_operators to None, run_after=None
[2023-05-03T10:50:37.868+0000] {processor.py:178} INFO - Processing /home/airflow/.local/lib/python3.7/site-packages/airflow/example_dags/example_xcomargs.py took 0.306 seconds
[2023-05-03T10:51:09.806+0000] {processor.py:156} INFO - Started process (PID=8362) to work on /home/airflow/.local/lib/python3.7/site-packages/airflow/example_dags/example_xcomargs.py
[2023-05-03T10:51:09.815+0000] {processor.py:799} INFO - Processing file /home/airflow/.local/lib/python3.7/site-packages/airflow/example_dags/example_xcomargs.py for tasks to queue
[2023-05-03T10:51:09.817+0000] {logging_mixin.py:149} INFO - [2023-05-03T10:51:09.817+0000] {dagbag.py:541} INFO - Filling up the DagBag from /home/airflow/.local/lib/python3.7/site-packages/airflow/example_dags/example_xcomargs.py
[2023-05-03T10:51:09.848+0000] {processor.py:809} INFO - DAG(s) dict_keys(['example_xcom_args_with_operators', 'example_xcom_args']) retrieved from /home/airflow/.local/lib/python3.7/site-packages/airflow/example_dags/example_xcomargs.py
[2023-05-03T10:51:09.947+0000] {logging_mixin.py:149} INFO - [2023-05-03T10:51:09.946+0000] {dag.py:2726} INFO - Sync 2 DAGs
[2023-05-03T10:51:10.044+0000] {logging_mixin.py:149} INFO - [2023-05-03T10:51:10.043+0000] {dag.py:3490} INFO - Setting next_dagrun for example_xcom_args to None, run_after=None
[2023-05-03T10:51:10.072+0000] {logging_mixin.py:149} INFO - [2023-05-03T10:51:10.072+0000] {dag.py:3490} INFO - Setting next_dagrun for example_xcom_args_with_operators to None, run_after=None
[2023-05-03T10:51:10.185+0000] {processor.py:178} INFO - Processing /home/airflow/.local/lib/python3.7/site-packages/airflow/example_dags/example_xcomargs.py took 0.394 seconds
[2023-05-03T10:51:41.167+0000] {processor.py:156} INFO - Started process (PID=8600) to work on /home/airflow/.local/lib/python3.7/site-packages/airflow/example_dags/example_xcomargs.py
[2023-05-03T10:51:41.179+0000] {processor.py:799} INFO - Processing file /home/airflow/.local/lib/python3.7/site-packages/airflow/example_dags/example_xcomargs.py for tasks to queue
[2023-05-03T10:51:41.186+0000] {logging_mixin.py:149} INFO - [2023-05-03T10:51:41.186+0000] {dagbag.py:541} INFO - Filling up the DagBag from /home/airflow/.local/lib/python3.7/site-packages/airflow/example_dags/example_xcomargs.py
[2023-05-03T10:51:41.213+0000] {processor.py:809} INFO - DAG(s) dict_keys(['example_xcom_args', 'example_xcom_args_with_operators']) retrieved from /home/airflow/.local/lib/python3.7/site-packages/airflow/example_dags/example_xcomargs.py
[2023-05-03T10:51:41.331+0000] {logging_mixin.py:149} INFO - [2023-05-03T10:51:41.331+0000] {dag.py:2726} INFO - Sync 2 DAGs
[2023-05-03T10:51:41.466+0000] {logging_mixin.py:149} INFO - [2023-05-03T10:51:41.465+0000] {dag.py:3490} INFO - Setting next_dagrun for example_xcom_args to None, run_after=None
[2023-05-03T10:51:41.485+0000] {logging_mixin.py:149} INFO - [2023-05-03T10:51:41.484+0000] {dag.py:3490} INFO - Setting next_dagrun for example_xcom_args_with_operators to None, run_after=None
[2023-05-03T10:51:41.571+0000] {processor.py:178} INFO - Processing /home/airflow/.local/lib/python3.7/site-packages/airflow/example_dags/example_xcomargs.py took 0.384 seconds
[2023-05-03T10:52:12.005+0000] {processor.py:156} INFO - Started process (PID=8834) to work on /home/airflow/.local/lib/python3.7/site-packages/airflow/example_dags/example_xcomargs.py
[2023-05-03T10:52:12.007+0000] {processor.py:799} INFO - Processing file /home/airflow/.local/lib/python3.7/site-packages/airflow/example_dags/example_xcomargs.py for tasks to queue
[2023-05-03T10:52:12.009+0000] {logging_mixin.py:149} INFO - [2023-05-03T10:52:12.008+0000] {dagbag.py:541} INFO - Filling up the DagBag from /home/airflow/.local/lib/python3.7/site-packages/airflow/example_dags/example_xcomargs.py
[2023-05-03T10:52:12.027+0000] {processor.py:809} INFO - DAG(s) dict_keys(['example_xcom_args', 'example_xcom_args_with_operators']) retrieved from /home/airflow/.local/lib/python3.7/site-packages/airflow/example_dags/example_xcomargs.py
[2023-05-03T10:52:12.099+0000] {logging_mixin.py:149} INFO - [2023-05-03T10:52:12.099+0000] {dag.py:2726} INFO - Sync 2 DAGs
[2023-05-03T10:52:12.169+0000] {logging_mixin.py:149} INFO - [2023-05-03T10:52:12.169+0000] {dag.py:3490} INFO - Setting next_dagrun for example_xcom_args to None, run_after=None
[2023-05-03T10:52:12.186+0000] {logging_mixin.py:149} INFO - [2023-05-03T10:52:12.185+0000] {dag.py:3490} INFO - Setting next_dagrun for example_xcom_args_with_operators to None, run_after=None
[2023-05-03T10:52:12.224+0000] {processor.py:178} INFO - Processing /home/airflow/.local/lib/python3.7/site-packages/airflow/example_dags/example_xcomargs.py took 0.224 seconds
[2023-05-03T10:52:47.313+0000] {processor.py:156} INFO - Started process (PID=9070) to work on /home/airflow/.local/lib/python3.7/site-packages/airflow/example_dags/example_xcomargs.py
[2023-05-03T10:52:47.330+0000] {processor.py:799} INFO - Processing file /home/airflow/.local/lib/python3.7/site-packages/airflow/example_dags/example_xcomargs.py for tasks to queue
[2023-05-03T10:52:47.351+0000] {logging_mixin.py:149} INFO - [2023-05-03T10:52:47.351+0000] {dagbag.py:541} INFO - Filling up the DagBag from /home/airflow/.local/lib/python3.7/site-packages/airflow/example_dags/example_xcomargs.py
[2023-05-03T10:52:47.380+0000] {processor.py:809} INFO - DAG(s) dict_keys(['example_xcom_args_with_operators', 'example_xcom_args']) retrieved from /home/airflow/.local/lib/python3.7/site-packages/airflow/example_dags/example_xcomargs.py
[2023-05-03T10:52:47.485+0000] {logging_mixin.py:149} INFO - [2023-05-03T10:52:47.484+0000] {dag.py:2726} INFO - Sync 2 DAGs
[2023-05-03T10:52:47.732+0000] {logging_mixin.py:149} INFO - [2023-05-03T10:52:47.732+0000] {dag.py:3490} INFO - Setting next_dagrun for example_xcom_args to None, run_after=None
[2023-05-03T10:52:47.760+0000] {logging_mixin.py:149} INFO - [2023-05-03T10:52:47.760+0000] {dag.py:3490} INFO - Setting next_dagrun for example_xcom_args_with_operators to None, run_after=None
[2023-05-03T10:52:47.951+0000] {processor.py:178} INFO - Processing /home/airflow/.local/lib/python3.7/site-packages/airflow/example_dags/example_xcomargs.py took 0.658 seconds
[2023-05-03T10:53:35.616+0000] {processor.py:156} INFO - Started process (PID=9333) to work on /home/airflow/.local/lib/python3.7/site-packages/airflow/example_dags/example_xcomargs.py
[2023-05-03T10:53:35.628+0000] {processor.py:799} INFO - Processing file /home/airflow/.local/lib/python3.7/site-packages/airflow/example_dags/example_xcomargs.py for tasks to queue
[2023-05-03T10:53:35.631+0000] {logging_mixin.py:149} INFO - [2023-05-03T10:53:35.631+0000] {dagbag.py:541} INFO - Filling up the DagBag from /home/airflow/.local/lib/python3.7/site-packages/airflow/example_dags/example_xcomargs.py
[2023-05-03T10:53:35.664+0000] {processor.py:809} INFO - DAG(s) dict_keys(['example_xcom_args', 'example_xcom_args_with_operators']) retrieved from /home/airflow/.local/lib/python3.7/site-packages/airflow/example_dags/example_xcomargs.py
[2023-05-03T10:53:35.777+0000] {logging_mixin.py:149} INFO - [2023-05-03T10:53:35.777+0000] {dag.py:2726} INFO - Sync 2 DAGs
[2023-05-03T10:53:35.948+0000] {logging_mixin.py:149} INFO - [2023-05-03T10:53:35.948+0000] {dag.py:3490} INFO - Setting next_dagrun for example_xcom_args to None, run_after=None
[2023-05-03T10:53:35.968+0000] {logging_mixin.py:149} INFO - [2023-05-03T10:53:35.968+0000] {dag.py:3490} INFO - Setting next_dagrun for example_xcom_args_with_operators to None, run_after=None
[2023-05-03T10:53:36.125+0000] {processor.py:178} INFO - Processing /home/airflow/.local/lib/python3.7/site-packages/airflow/example_dags/example_xcomargs.py took 0.518 seconds
[2023-05-03T10:54:07.466+0000] {processor.py:156} INFO - Started process (PID=9557) to work on /home/airflow/.local/lib/python3.7/site-packages/airflow/example_dags/example_xcomargs.py
[2023-05-03T10:54:07.468+0000] {processor.py:799} INFO - Processing file /home/airflow/.local/lib/python3.7/site-packages/airflow/example_dags/example_xcomargs.py for tasks to queue
[2023-05-03T10:54:07.470+0000] {logging_mixin.py:149} INFO - [2023-05-03T10:54:07.470+0000] {dagbag.py:541} INFO - Filling up the DagBag from /home/airflow/.local/lib/python3.7/site-packages/airflow/example_dags/example_xcomargs.py
[2023-05-03T10:54:07.500+0000] {processor.py:809} INFO - DAG(s) dict_keys(['example_xcom_args_with_operators', 'example_xcom_args']) retrieved from /home/airflow/.local/lib/python3.7/site-packages/airflow/example_dags/example_xcomargs.py
[2023-05-03T10:54:07.648+0000] {logging_mixin.py:149} INFO - [2023-05-03T10:54:07.648+0000] {dag.py:2726} INFO - Sync 2 DAGs
[2023-05-03T10:54:07.747+0000] {logging_mixin.py:149} INFO - [2023-05-03T10:54:07.746+0000] {dag.py:3490} INFO - Setting next_dagrun for example_xcom_args to None, run_after=None
[2023-05-03T10:54:07.787+0000] {logging_mixin.py:149} INFO - [2023-05-03T10:54:07.787+0000] {dag.py:3490} INFO - Setting next_dagrun for example_xcom_args_with_operators to None, run_after=None
[2023-05-03T10:54:07.919+0000] {processor.py:178} INFO - Processing /home/airflow/.local/lib/python3.7/site-packages/airflow/example_dags/example_xcomargs.py took 0.458 seconds
[2023-05-03T10:54:40.695+0000] {processor.py:156} INFO - Started process (PID=9803) to work on /home/airflow/.local/lib/python3.7/site-packages/airflow/example_dags/example_xcomargs.py
[2023-05-03T10:54:40.696+0000] {processor.py:799} INFO - Processing file /home/airflow/.local/lib/python3.7/site-packages/airflow/example_dags/example_xcomargs.py for tasks to queue
[2023-05-03T10:54:40.698+0000] {logging_mixin.py:149} INFO - [2023-05-03T10:54:40.698+0000] {dagbag.py:541} INFO - Filling up the DagBag from /home/airflow/.local/lib/python3.7/site-packages/airflow/example_dags/example_xcomargs.py
[2023-05-03T10:54:40.753+0000] {processor.py:809} INFO - DAG(s) dict_keys(['example_xcom_args_with_operators', 'example_xcom_args']) retrieved from /home/airflow/.local/lib/python3.7/site-packages/airflow/example_dags/example_xcomargs.py
[2023-05-03T10:54:41.412+0000] {logging_mixin.py:149} INFO - [2023-05-03T10:54:41.408+0000] {dag.py:2726} INFO - Sync 2 DAGs
[2023-05-03T10:54:41.538+0000] {logging_mixin.py:149} INFO - [2023-05-03T10:54:41.537+0000] {dag.py:3490} INFO - Setting next_dagrun for example_xcom_args to None, run_after=None
[2023-05-03T10:54:41.566+0000] {logging_mixin.py:149} INFO - [2023-05-03T10:54:41.566+0000] {dag.py:3490} INFO - Setting next_dagrun for example_xcom_args_with_operators to None, run_after=None
[2023-05-03T10:54:41.826+0000] {processor.py:178} INFO - Processing /home/airflow/.local/lib/python3.7/site-packages/airflow/example_dags/example_xcomargs.py took 1.138 seconds
