[2023-05-03T09:31:27.059+0000] {processor.py:156} INFO - Started process (PID=321) to work on /home/airflow/.local/lib/python3.7/site-packages/airflow/example_dags/example_branch_day_of_week_operator.py
[2023-05-03T09:31:27.062+0000] {processor.py:799} INFO - Processing file /home/airflow/.local/lib/python3.7/site-packages/airflow/example_dags/example_branch_day_of_week_operator.py for tasks to queue
[2023-05-03T09:31:27.064+0000] {logging_mixin.py:149} INFO - [2023-05-03T09:31:27.063+0000] {dagbag.py:541} INFO - Filling up the DagBag from /home/airflow/.local/lib/python3.7/site-packages/airflow/example_dags/example_branch_day_of_week_operator.py
[2023-05-03T09:31:27.102+0000] {processor.py:809} INFO - DAG(s) dict_keys(['example_weekday_branch_operator']) retrieved from /home/airflow/.local/lib/python3.7/site-packages/airflow/example_dags/example_branch_day_of_week_operator.py
[2023-05-03T09:31:27.197+0000] {logging_mixin.py:149} INFO - [2023-05-03T09:31:27.196+0000] {dag.py:2726} INFO - Sync 1 DAGs
[2023-05-03T09:31:27.344+0000] {logging_mixin.py:149} INFO - [2023-05-03T09:31:27.344+0000] {dag.py:3490} INFO - Setting next_dagrun for example_weekday_branch_operator to 2023-05-02T00:00:00+00:00, run_after=2023-05-03T00:00:00+00:00
[2023-05-03T09:31:27.417+0000] {processor.py:178} INFO - Processing /home/airflow/.local/lib/python3.7/site-packages/airflow/example_dags/example_branch_day_of_week_operator.py took 0.367 seconds
[2023-05-03T09:32:11.245+0000] {processor.py:156} INFO - Started process (PID=557) to work on /home/airflow/.local/lib/python3.7/site-packages/airflow/example_dags/example_branch_day_of_week_operator.py
[2023-05-03T09:32:11.248+0000] {processor.py:799} INFO - Processing file /home/airflow/.local/lib/python3.7/site-packages/airflow/example_dags/example_branch_day_of_week_operator.py for tasks to queue
[2023-05-03T09:32:11.254+0000] {logging_mixin.py:149} INFO - [2023-05-03T09:32:11.254+0000] {dagbag.py:541} INFO - Filling up the DagBag from /home/airflow/.local/lib/python3.7/site-packages/airflow/example_dags/example_branch_day_of_week_operator.py
[2023-05-03T09:32:11.439+0000] {processor.py:809} INFO - DAG(s) dict_keys(['example_weekday_branch_operator']) retrieved from /home/airflow/.local/lib/python3.7/site-packages/airflow/example_dags/example_branch_day_of_week_operator.py
[2023-05-03T09:32:12.939+0000] {logging_mixin.py:149} INFO - [2023-05-03T09:32:12.939+0000] {dag.py:2726} INFO - Sync 1 DAGs
[2023-05-03T09:32:13.075+0000] {logging_mixin.py:149} INFO - [2023-05-03T09:32:13.068+0000] {dag.py:3490} INFO - Setting next_dagrun for example_weekday_branch_operator to 2023-05-02T00:00:00+00:00, run_after=2023-05-03T00:00:00+00:00
[2023-05-03T09:32:13.152+0000] {processor.py:178} INFO - Processing /home/airflow/.local/lib/python3.7/site-packages/airflow/example_dags/example_branch_day_of_week_operator.py took 1.913 seconds
[2023-05-03T09:32:43.819+0000] {processor.py:156} INFO - Started process (PID=795) to work on /home/airflow/.local/lib/python3.7/site-packages/airflow/example_dags/example_branch_day_of_week_operator.py
[2023-05-03T09:32:43.821+0000] {processor.py:799} INFO - Processing file /home/airflow/.local/lib/python3.7/site-packages/airflow/example_dags/example_branch_day_of_week_operator.py for tasks to queue
[2023-05-03T09:32:43.823+0000] {logging_mixin.py:149} INFO - [2023-05-03T09:32:43.823+0000] {dagbag.py:541} INFO - Filling up the DagBag from /home/airflow/.local/lib/python3.7/site-packages/airflow/example_dags/example_branch_day_of_week_operator.py
[2023-05-03T09:32:43.837+0000] {processor.py:809} INFO - DAG(s) dict_keys(['example_weekday_branch_operator']) retrieved from /home/airflow/.local/lib/python3.7/site-packages/airflow/example_dags/example_branch_day_of_week_operator.py
[2023-05-03T09:32:43.886+0000] {logging_mixin.py:149} INFO - [2023-05-03T09:32:43.885+0000] {dag.py:2726} INFO - Sync 1 DAGs
[2023-05-03T09:32:43.964+0000] {logging_mixin.py:149} INFO - [2023-05-03T09:32:43.964+0000] {dag.py:3490} INFO - Setting next_dagrun for example_weekday_branch_operator to 2023-05-02T00:00:00+00:00, run_after=2023-05-03T00:00:00+00:00
[2023-05-03T09:32:43.998+0000] {processor.py:178} INFO - Processing /home/airflow/.local/lib/python3.7/site-packages/airflow/example_dags/example_branch_day_of_week_operator.py took 0.189 seconds
[2023-05-03T09:33:32.753+0000] {processor.py:156} INFO - Started process (PID=1020) to work on /home/airflow/.local/lib/python3.7/site-packages/airflow/example_dags/example_branch_day_of_week_operator.py
[2023-05-03T09:33:32.756+0000] {processor.py:799} INFO - Processing file /home/airflow/.local/lib/python3.7/site-packages/airflow/example_dags/example_branch_day_of_week_operator.py for tasks to queue
[2023-05-03T09:33:32.757+0000] {logging_mixin.py:149} INFO - [2023-05-03T09:33:32.757+0000] {dagbag.py:541} INFO - Filling up the DagBag from /home/airflow/.local/lib/python3.7/site-packages/airflow/example_dags/example_branch_day_of_week_operator.py
[2023-05-03T09:33:32.804+0000] {processor.py:809} INFO - DAG(s) dict_keys(['example_weekday_branch_operator']) retrieved from /home/airflow/.local/lib/python3.7/site-packages/airflow/example_dags/example_branch_day_of_week_operator.py
[2023-05-03T09:33:32.885+0000] {logging_mixin.py:149} INFO - [2023-05-03T09:33:32.885+0000] {dag.py:2726} INFO - Sync 1 DAGs
[2023-05-03T09:33:32.964+0000] {logging_mixin.py:149} INFO - [2023-05-03T09:33:32.963+0000] {dag.py:3490} INFO - Setting next_dagrun for example_weekday_branch_operator to 2023-05-02T00:00:00+00:00, run_after=2023-05-03T00:00:00+00:00
[2023-05-03T09:33:33.024+0000] {processor.py:178} INFO - Processing /home/airflow/.local/lib/python3.7/site-packages/airflow/example_dags/example_branch_day_of_week_operator.py took 0.276 seconds
[2023-05-03T09:34:06.807+0000] {processor.py:156} INFO - Started process (PID=1255) to work on /home/airflow/.local/lib/python3.7/site-packages/airflow/example_dags/example_branch_day_of_week_operator.py
[2023-05-03T09:34:06.810+0000] {processor.py:799} INFO - Processing file /home/airflow/.local/lib/python3.7/site-packages/airflow/example_dags/example_branch_day_of_week_operator.py for tasks to queue
[2023-05-03T09:34:06.811+0000] {logging_mixin.py:149} INFO - [2023-05-03T09:34:06.811+0000] {dagbag.py:541} INFO - Filling up the DagBag from /home/airflow/.local/lib/python3.7/site-packages/airflow/example_dags/example_branch_day_of_week_operator.py
[2023-05-03T09:34:06.826+0000] {processor.py:809} INFO - DAG(s) dict_keys(['example_weekday_branch_operator']) retrieved from /home/airflow/.local/lib/python3.7/site-packages/airflow/example_dags/example_branch_day_of_week_operator.py
[2023-05-03T09:34:06.888+0000] {logging_mixin.py:149} INFO - [2023-05-03T09:34:06.887+0000] {dag.py:2726} INFO - Sync 1 DAGs
[2023-05-03T09:34:06.958+0000] {logging_mixin.py:149} INFO - [2023-05-03T09:34:06.957+0000] {dag.py:3490} INFO - Setting next_dagrun for example_weekday_branch_operator to 2023-05-02T00:00:00+00:00, run_after=2023-05-03T00:00:00+00:00
[2023-05-03T09:34:07.024+0000] {processor.py:178} INFO - Processing /home/airflow/.local/lib/python3.7/site-packages/airflow/example_dags/example_branch_day_of_week_operator.py took 0.228 seconds
[2023-05-03T09:34:37.479+0000] {processor.py:156} INFO - Started process (PID=1498) to work on /home/airflow/.local/lib/python3.7/site-packages/airflow/example_dags/example_branch_day_of_week_operator.py
[2023-05-03T09:34:37.481+0000] {processor.py:799} INFO - Processing file /home/airflow/.local/lib/python3.7/site-packages/airflow/example_dags/example_branch_day_of_week_operator.py for tasks to queue
[2023-05-03T09:34:37.483+0000] {logging_mixin.py:149} INFO - [2023-05-03T09:34:37.483+0000] {dagbag.py:541} INFO - Filling up the DagBag from /home/airflow/.local/lib/python3.7/site-packages/airflow/example_dags/example_branch_day_of_week_operator.py
[2023-05-03T09:34:37.498+0000] {processor.py:809} INFO - DAG(s) dict_keys(['example_weekday_branch_operator']) retrieved from /home/airflow/.local/lib/python3.7/site-packages/airflow/example_dags/example_branch_day_of_week_operator.py
[2023-05-03T09:34:37.541+0000] {logging_mixin.py:149} INFO - [2023-05-03T09:34:37.540+0000] {dag.py:2726} INFO - Sync 1 DAGs
[2023-05-03T09:34:37.584+0000] {logging_mixin.py:149} INFO - [2023-05-03T09:34:37.583+0000] {dag.py:3490} INFO - Setting next_dagrun for example_weekday_branch_operator to 2023-05-02T00:00:00+00:00, run_after=2023-05-03T00:00:00+00:00
[2023-05-03T09:34:37.646+0000] {processor.py:178} INFO - Processing /home/airflow/.local/lib/python3.7/site-packages/airflow/example_dags/example_branch_day_of_week_operator.py took 0.171 seconds
[2023-05-03T09:35:09.290+0000] {processor.py:156} INFO - Started process (PID=1742) to work on /home/airflow/.local/lib/python3.7/site-packages/airflow/example_dags/example_branch_day_of_week_operator.py
[2023-05-03T09:35:09.292+0000] {processor.py:799} INFO - Processing file /home/airflow/.local/lib/python3.7/site-packages/airflow/example_dags/example_branch_day_of_week_operator.py for tasks to queue
[2023-05-03T09:35:09.293+0000] {logging_mixin.py:149} INFO - [2023-05-03T09:35:09.293+0000] {dagbag.py:541} INFO - Filling up the DagBag from /home/airflow/.local/lib/python3.7/site-packages/airflow/example_dags/example_branch_day_of_week_operator.py
[2023-05-03T09:35:09.313+0000] {processor.py:809} INFO - DAG(s) dict_keys(['example_weekday_branch_operator']) retrieved from /home/airflow/.local/lib/python3.7/site-packages/airflow/example_dags/example_branch_day_of_week_operator.py
[2023-05-03T09:35:09.380+0000] {logging_mixin.py:149} INFO - [2023-05-03T09:35:09.380+0000] {dag.py:2726} INFO - Sync 1 DAGs
[2023-05-03T09:35:09.469+0000] {logging_mixin.py:149} INFO - [2023-05-03T09:35:09.469+0000] {dag.py:3490} INFO - Setting next_dagrun for example_weekday_branch_operator to 2023-05-02T00:00:00+00:00, run_after=2023-05-03T00:00:00+00:00
[2023-05-03T09:35:09.551+0000] {processor.py:178} INFO - Processing /home/airflow/.local/lib/python3.7/site-packages/airflow/example_dags/example_branch_day_of_week_operator.py took 0.270 seconds
[2023-05-03T09:35:51.034+0000] {processor.py:156} INFO - Started process (PID=2008) to work on /home/airflow/.local/lib/python3.7/site-packages/airflow/example_dags/example_branch_day_of_week_operator.py
[2023-05-03T09:35:51.037+0000] {processor.py:799} INFO - Processing file /home/airflow/.local/lib/python3.7/site-packages/airflow/example_dags/example_branch_day_of_week_operator.py for tasks to queue
[2023-05-03T09:35:51.039+0000] {logging_mixin.py:149} INFO - [2023-05-03T09:35:51.039+0000] {dagbag.py:541} INFO - Filling up the DagBag from /home/airflow/.local/lib/python3.7/site-packages/airflow/example_dags/example_branch_day_of_week_operator.py
[2023-05-03T09:35:51.062+0000] {processor.py:809} INFO - DAG(s) dict_keys(['example_weekday_branch_operator']) retrieved from /home/airflow/.local/lib/python3.7/site-packages/airflow/example_dags/example_branch_day_of_week_operator.py
[2023-05-03T09:35:51.153+0000] {logging_mixin.py:149} INFO - [2023-05-03T09:35:51.153+0000] {dag.py:2726} INFO - Sync 1 DAGs
[2023-05-03T09:35:51.237+0000] {logging_mixin.py:149} INFO - [2023-05-03T09:35:51.237+0000] {dag.py:3490} INFO - Setting next_dagrun for example_weekday_branch_operator to 2023-05-02T00:00:00+00:00, run_after=2023-05-03T00:00:00+00:00
[2023-05-03T09:35:51.309+0000] {processor.py:178} INFO - Processing /home/airflow/.local/lib/python3.7/site-packages/airflow/example_dags/example_branch_day_of_week_operator.py took 0.281 seconds
[2023-05-03T09:36:22.955+0000] {processor.py:156} INFO - Started process (PID=2247) to work on /home/airflow/.local/lib/python3.7/site-packages/airflow/example_dags/example_branch_day_of_week_operator.py
[2023-05-03T09:36:22.956+0000] {processor.py:799} INFO - Processing file /home/airflow/.local/lib/python3.7/site-packages/airflow/example_dags/example_branch_day_of_week_operator.py for tasks to queue
[2023-05-03T09:36:22.958+0000] {logging_mixin.py:149} INFO - [2023-05-03T09:36:22.958+0000] {dagbag.py:541} INFO - Filling up the DagBag from /home/airflow/.local/lib/python3.7/site-packages/airflow/example_dags/example_branch_day_of_week_operator.py
[2023-05-03T09:36:22.972+0000] {processor.py:809} INFO - DAG(s) dict_keys(['example_weekday_branch_operator']) retrieved from /home/airflow/.local/lib/python3.7/site-packages/airflow/example_dags/example_branch_day_of_week_operator.py
[2023-05-03T09:36:23.033+0000] {logging_mixin.py:149} INFO - [2023-05-03T09:36:23.032+0000] {dag.py:2726} INFO - Sync 1 DAGs
[2023-05-03T09:36:23.066+0000] {logging_mixin.py:149} INFO - [2023-05-03T09:36:23.066+0000] {dag.py:3490} INFO - Setting next_dagrun for example_weekday_branch_operator to 2023-05-02T00:00:00+00:00, run_after=2023-05-03T00:00:00+00:00
[2023-05-03T09:36:23.091+0000] {processor.py:178} INFO - Processing /home/airflow/.local/lib/python3.7/site-packages/airflow/example_dags/example_branch_day_of_week_operator.py took 0.143 seconds
[2023-05-03T09:36:53.910+0000] {processor.py:156} INFO - Started process (PID=2483) to work on /home/airflow/.local/lib/python3.7/site-packages/airflow/example_dags/example_branch_day_of_week_operator.py
[2023-05-03T09:36:53.912+0000] {processor.py:799} INFO - Processing file /home/airflow/.local/lib/python3.7/site-packages/airflow/example_dags/example_branch_day_of_week_operator.py for tasks to queue
[2023-05-03T09:36:53.913+0000] {logging_mixin.py:149} INFO - [2023-05-03T09:36:53.913+0000] {dagbag.py:541} INFO - Filling up the DagBag from /home/airflow/.local/lib/python3.7/site-packages/airflow/example_dags/example_branch_day_of_week_operator.py
[2023-05-03T09:36:53.936+0000] {processor.py:809} INFO - DAG(s) dict_keys(['example_weekday_branch_operator']) retrieved from /home/airflow/.local/lib/python3.7/site-packages/airflow/example_dags/example_branch_day_of_week_operator.py
[2023-05-03T09:36:54.001+0000] {logging_mixin.py:149} INFO - [2023-05-03T09:36:54.000+0000] {dag.py:2726} INFO - Sync 1 DAGs
[2023-05-03T09:36:54.096+0000] {logging_mixin.py:149} INFO - [2023-05-03T09:36:54.096+0000] {dag.py:3490} INFO - Setting next_dagrun for example_weekday_branch_operator to 2023-05-02T00:00:00+00:00, run_after=2023-05-03T00:00:00+00:00
[2023-05-03T09:36:54.205+0000] {processor.py:178} INFO - Processing /home/airflow/.local/lib/python3.7/site-packages/airflow/example_dags/example_branch_day_of_week_operator.py took 0.300 seconds
[2023-05-03T09:37:25.945+0000] {processor.py:156} INFO - Started process (PID=2725) to work on /home/airflow/.local/lib/python3.7/site-packages/airflow/example_dags/example_branch_day_of_week_operator.py
[2023-05-03T09:37:25.946+0000] {processor.py:799} INFO - Processing file /home/airflow/.local/lib/python3.7/site-packages/airflow/example_dags/example_branch_day_of_week_operator.py for tasks to queue
[2023-05-03T09:37:25.948+0000] {logging_mixin.py:149} INFO - [2023-05-03T09:37:25.948+0000] {dagbag.py:541} INFO - Filling up the DagBag from /home/airflow/.local/lib/python3.7/site-packages/airflow/example_dags/example_branch_day_of_week_operator.py
[2023-05-03T09:37:25.962+0000] {processor.py:809} INFO - DAG(s) dict_keys(['example_weekday_branch_operator']) retrieved from /home/airflow/.local/lib/python3.7/site-packages/airflow/example_dags/example_branch_day_of_week_operator.py
[2023-05-03T09:37:26.003+0000] {logging_mixin.py:149} INFO - [2023-05-03T09:37:26.002+0000] {dag.py:2726} INFO - Sync 1 DAGs
[2023-05-03T09:37:26.041+0000] {logging_mixin.py:149} INFO - [2023-05-03T09:37:26.041+0000] {dag.py:3490} INFO - Setting next_dagrun for example_weekday_branch_operator to 2023-05-02T00:00:00+00:00, run_after=2023-05-03T00:00:00+00:00
[2023-05-03T09:37:26.073+0000] {processor.py:178} INFO - Processing /home/airflow/.local/lib/python3.7/site-packages/airflow/example_dags/example_branch_day_of_week_operator.py took 0.131 seconds
[2023-05-03T09:38:00.489+0000] {processor.py:156} INFO - Started process (PID=2969) to work on /home/airflow/.local/lib/python3.7/site-packages/airflow/example_dags/example_branch_day_of_week_operator.py
[2023-05-03T09:38:00.491+0000] {processor.py:799} INFO - Processing file /home/airflow/.local/lib/python3.7/site-packages/airflow/example_dags/example_branch_day_of_week_operator.py for tasks to queue
[2023-05-03T09:38:00.493+0000] {logging_mixin.py:149} INFO - [2023-05-03T09:38:00.493+0000] {dagbag.py:541} INFO - Filling up the DagBag from /home/airflow/.local/lib/python3.7/site-packages/airflow/example_dags/example_branch_day_of_week_operator.py
[2023-05-03T09:38:00.505+0000] {processor.py:809} INFO - DAG(s) dict_keys(['example_weekday_branch_operator']) retrieved from /home/airflow/.local/lib/python3.7/site-packages/airflow/example_dags/example_branch_day_of_week_operator.py
[2023-05-03T09:38:00.550+0000] {logging_mixin.py:149} INFO - [2023-05-03T09:38:00.550+0000] {dag.py:2726} INFO - Sync 1 DAGs
[2023-05-03T09:38:00.611+0000] {logging_mixin.py:149} INFO - [2023-05-03T09:38:00.610+0000] {dag.py:3490} INFO - Setting next_dagrun for example_weekday_branch_operator to 2023-05-02T00:00:00+00:00, run_after=2023-05-03T00:00:00+00:00
[2023-05-03T09:38:00.649+0000] {processor.py:178} INFO - Processing /home/airflow/.local/lib/python3.7/site-packages/airflow/example_dags/example_branch_day_of_week_operator.py took 0.165 seconds
[2023-05-03T09:38:34.673+0000] {processor.py:156} INFO - Started process (PID=3205) to work on /home/airflow/.local/lib/python3.7/site-packages/airflow/example_dags/example_branch_day_of_week_operator.py
[2023-05-03T09:38:34.675+0000] {processor.py:799} INFO - Processing file /home/airflow/.local/lib/python3.7/site-packages/airflow/example_dags/example_branch_day_of_week_operator.py for tasks to queue
[2023-05-03T09:38:34.678+0000] {logging_mixin.py:149} INFO - [2023-05-03T09:38:34.678+0000] {dagbag.py:541} INFO - Filling up the DagBag from /home/airflow/.local/lib/python3.7/site-packages/airflow/example_dags/example_branch_day_of_week_operator.py
[2023-05-03T09:38:34.693+0000] {processor.py:809} INFO - DAG(s) dict_keys(['example_weekday_branch_operator']) retrieved from /home/airflow/.local/lib/python3.7/site-packages/airflow/example_dags/example_branch_day_of_week_operator.py
[2023-05-03T09:38:34.732+0000] {logging_mixin.py:149} INFO - [2023-05-03T09:38:34.731+0000] {dag.py:2726} INFO - Sync 1 DAGs
[2023-05-03T09:38:34.809+0000] {logging_mixin.py:149} INFO - [2023-05-03T09:38:34.809+0000] {dag.py:3490} INFO - Setting next_dagrun for example_weekday_branch_operator to 2023-05-02T00:00:00+00:00, run_after=2023-05-03T00:00:00+00:00
[2023-05-03T09:38:34.847+0000] {processor.py:178} INFO - Processing /home/airflow/.local/lib/python3.7/site-packages/airflow/example_dags/example_branch_day_of_week_operator.py took 0.180 seconds
[2023-05-03T09:39:06.090+0000] {processor.py:156} INFO - Started process (PID=3441) to work on /home/airflow/.local/lib/python3.7/site-packages/airflow/example_dags/example_branch_day_of_week_operator.py
[2023-05-03T09:39:06.093+0000] {processor.py:799} INFO - Processing file /home/airflow/.local/lib/python3.7/site-packages/airflow/example_dags/example_branch_day_of_week_operator.py for tasks to queue
[2023-05-03T09:39:06.094+0000] {logging_mixin.py:149} INFO - [2023-05-03T09:39:06.094+0000] {dagbag.py:541} INFO - Filling up the DagBag from /home/airflow/.local/lib/python3.7/site-packages/airflow/example_dags/example_branch_day_of_week_operator.py
[2023-05-03T09:39:06.114+0000] {processor.py:809} INFO - DAG(s) dict_keys(['example_weekday_branch_operator']) retrieved from /home/airflow/.local/lib/python3.7/site-packages/airflow/example_dags/example_branch_day_of_week_operator.py
[2023-05-03T09:39:06.160+0000] {logging_mixin.py:149} INFO - [2023-05-03T09:39:06.160+0000] {dag.py:2726} INFO - Sync 1 DAGs
[2023-05-03T09:39:06.200+0000] {logging_mixin.py:149} INFO - [2023-05-03T09:39:06.200+0000] {dag.py:3490} INFO - Setting next_dagrun for example_weekday_branch_operator to 2023-05-02T00:00:00+00:00, run_after=2023-05-03T00:00:00+00:00
[2023-05-03T09:39:06.240+0000] {processor.py:178} INFO - Processing /home/airflow/.local/lib/python3.7/site-packages/airflow/example_dags/example_branch_day_of_week_operator.py took 0.157 seconds
[2023-05-03T09:39:37.815+0000] {processor.py:156} INFO - Started process (PID=3678) to work on /home/airflow/.local/lib/python3.7/site-packages/airflow/example_dags/example_branch_day_of_week_operator.py
[2023-05-03T09:39:37.820+0000] {processor.py:799} INFO - Processing file /home/airflow/.local/lib/python3.7/site-packages/airflow/example_dags/example_branch_day_of_week_operator.py for tasks to queue
[2023-05-03T09:39:37.824+0000] {logging_mixin.py:149} INFO - [2023-05-03T09:39:37.824+0000] {dagbag.py:541} INFO - Filling up the DagBag from /home/airflow/.local/lib/python3.7/site-packages/airflow/example_dags/example_branch_day_of_week_operator.py
[2023-05-03T09:39:37.848+0000] {processor.py:809} INFO - DAG(s) dict_keys(['example_weekday_branch_operator']) retrieved from /home/airflow/.local/lib/python3.7/site-packages/airflow/example_dags/example_branch_day_of_week_operator.py
[2023-05-03T09:39:37.910+0000] {logging_mixin.py:149} INFO - [2023-05-03T09:39:37.910+0000] {dag.py:2726} INFO - Sync 1 DAGs
[2023-05-03T09:39:37.964+0000] {logging_mixin.py:149} INFO - [2023-05-03T09:39:37.964+0000] {dag.py:3490} INFO - Setting next_dagrun for example_weekday_branch_operator to 2023-05-02T00:00:00+00:00, run_after=2023-05-03T00:00:00+00:00
[2023-05-03T09:39:38.019+0000] {processor.py:178} INFO - Processing /home/airflow/.local/lib/python3.7/site-packages/airflow/example_dags/example_branch_day_of_week_operator.py took 0.210 seconds
[2023-05-03T09:40:08.578+0000] {processor.py:156} INFO - Started process (PID=3914) to work on /home/airflow/.local/lib/python3.7/site-packages/airflow/example_dags/example_branch_day_of_week_operator.py
[2023-05-03T09:40:08.580+0000] {processor.py:799} INFO - Processing file /home/airflow/.local/lib/python3.7/site-packages/airflow/example_dags/example_branch_day_of_week_operator.py for tasks to queue
[2023-05-03T09:40:08.582+0000] {logging_mixin.py:149} INFO - [2023-05-03T09:40:08.581+0000] {dagbag.py:541} INFO - Filling up the DagBag from /home/airflow/.local/lib/python3.7/site-packages/airflow/example_dags/example_branch_day_of_week_operator.py
[2023-05-03T09:40:08.596+0000] {processor.py:809} INFO - DAG(s) dict_keys(['example_weekday_branch_operator']) retrieved from /home/airflow/.local/lib/python3.7/site-packages/airflow/example_dags/example_branch_day_of_week_operator.py
[2023-05-03T09:40:08.643+0000] {logging_mixin.py:149} INFO - [2023-05-03T09:40:08.642+0000] {dag.py:2726} INFO - Sync 1 DAGs
[2023-05-03T09:40:08.700+0000] {logging_mixin.py:149} INFO - [2023-05-03T09:40:08.700+0000] {dag.py:3490} INFO - Setting next_dagrun for example_weekday_branch_operator to 2023-05-02T00:00:00+00:00, run_after=2023-05-03T00:00:00+00:00
[2023-05-03T09:40:08.733+0000] {processor.py:178} INFO - Processing /home/airflow/.local/lib/python3.7/site-packages/airflow/example_dags/example_branch_day_of_week_operator.py took 0.159 seconds
[2023-05-03T09:40:40.060+0000] {processor.py:156} INFO - Started process (PID=4165) to work on /home/airflow/.local/lib/python3.7/site-packages/airflow/example_dags/example_branch_day_of_week_operator.py
[2023-05-03T09:40:40.063+0000] {processor.py:799} INFO - Processing file /home/airflow/.local/lib/python3.7/site-packages/airflow/example_dags/example_branch_day_of_week_operator.py for tasks to queue
[2023-05-03T09:40:40.065+0000] {logging_mixin.py:149} INFO - [2023-05-03T09:40:40.065+0000] {dagbag.py:541} INFO - Filling up the DagBag from /home/airflow/.local/lib/python3.7/site-packages/airflow/example_dags/example_branch_day_of_week_operator.py
[2023-05-03T09:40:40.079+0000] {processor.py:809} INFO - DAG(s) dict_keys(['example_weekday_branch_operator']) retrieved from /home/airflow/.local/lib/python3.7/site-packages/airflow/example_dags/example_branch_day_of_week_operator.py
[2023-05-03T09:40:40.133+0000] {logging_mixin.py:149} INFO - [2023-05-03T09:40:40.133+0000] {dag.py:2726} INFO - Sync 1 DAGs
[2023-05-03T09:40:40.175+0000] {logging_mixin.py:149} INFO - [2023-05-03T09:40:40.175+0000] {dag.py:3490} INFO - Setting next_dagrun for example_weekday_branch_operator to 2023-05-02T00:00:00+00:00, run_after=2023-05-03T00:00:00+00:00
[2023-05-03T09:40:40.207+0000] {processor.py:178} INFO - Processing /home/airflow/.local/lib/python3.7/site-packages/airflow/example_dags/example_branch_day_of_week_operator.py took 0.154 seconds
[2023-05-03T09:41:10.603+0000] {processor.py:156} INFO - Started process (PID=4401) to work on /home/airflow/.local/lib/python3.7/site-packages/airflow/example_dags/example_branch_day_of_week_operator.py
[2023-05-03T09:41:10.604+0000] {processor.py:799} INFO - Processing file /home/airflow/.local/lib/python3.7/site-packages/airflow/example_dags/example_branch_day_of_week_operator.py for tasks to queue
[2023-05-03T09:41:10.606+0000] {logging_mixin.py:149} INFO - [2023-05-03T09:41:10.606+0000] {dagbag.py:541} INFO - Filling up the DagBag from /home/airflow/.local/lib/python3.7/site-packages/airflow/example_dags/example_branch_day_of_week_operator.py
[2023-05-03T09:41:10.617+0000] {processor.py:809} INFO - DAG(s) dict_keys(['example_weekday_branch_operator']) retrieved from /home/airflow/.local/lib/python3.7/site-packages/airflow/example_dags/example_branch_day_of_week_operator.py
[2023-05-03T09:41:10.657+0000] {logging_mixin.py:149} INFO - [2023-05-03T09:41:10.656+0000] {dag.py:2726} INFO - Sync 1 DAGs
[2023-05-03T09:41:10.710+0000] {logging_mixin.py:149} INFO - [2023-05-03T09:41:10.709+0000] {dag.py:3490} INFO - Setting next_dagrun for example_weekday_branch_operator to 2023-05-02T00:00:00+00:00, run_after=2023-05-03T00:00:00+00:00
[2023-05-03T09:41:10.747+0000] {processor.py:178} INFO - Processing /home/airflow/.local/lib/python3.7/site-packages/airflow/example_dags/example_branch_day_of_week_operator.py took 0.149 seconds
[2023-05-03T09:41:42.365+0000] {processor.py:156} INFO - Started process (PID=4637) to work on /home/airflow/.local/lib/python3.7/site-packages/airflow/example_dags/example_branch_day_of_week_operator.py
[2023-05-03T09:41:42.373+0000] {processor.py:799} INFO - Processing file /home/airflow/.local/lib/python3.7/site-packages/airflow/example_dags/example_branch_day_of_week_operator.py for tasks to queue
[2023-05-03T09:41:42.403+0000] {logging_mixin.py:149} INFO - [2023-05-03T09:41:42.400+0000] {dagbag.py:541} INFO - Filling up the DagBag from /home/airflow/.local/lib/python3.7/site-packages/airflow/example_dags/example_branch_day_of_week_operator.py
[2023-05-03T09:41:42.400+0000] {processor.py:809} INFO - DAG(s) dict_keys(['example_weekday_branch_operator']) retrieved from /home/airflow/.local/lib/python3.7/site-packages/airflow/example_dags/example_branch_day_of_week_operator.py
[2023-05-03T09:41:42.515+0000] {logging_mixin.py:149} INFO - [2023-05-03T09:41:42.505+0000] {dag.py:2726} INFO - Sync 1 DAGs
[2023-05-03T09:41:42.640+0000] {logging_mixin.py:149} INFO - [2023-05-03T09:41:42.639+0000] {dag.py:3490} INFO - Setting next_dagrun for example_weekday_branch_operator to 2023-05-02T00:00:00+00:00, run_after=2023-05-03T00:00:00+00:00
[2023-05-03T09:41:42.728+0000] {processor.py:178} INFO - Processing /home/airflow/.local/lib/python3.7/site-packages/airflow/example_dags/example_branch_day_of_week_operator.py took 0.407 seconds
[2023-05-03T09:44:55.119+0000] {processor.py:156} INFO - Started process (PID=324) to work on /home/airflow/.local/lib/python3.7/site-packages/airflow/example_dags/example_branch_day_of_week_operator.py
[2023-05-03T09:44:55.122+0000] {processor.py:799} INFO - Processing file /home/airflow/.local/lib/python3.7/site-packages/airflow/example_dags/example_branch_day_of_week_operator.py for tasks to queue
[2023-05-03T09:44:55.125+0000] {logging_mixin.py:149} INFO - [2023-05-03T09:44:55.125+0000] {dagbag.py:541} INFO - Filling up the DagBag from /home/airflow/.local/lib/python3.7/site-packages/airflow/example_dags/example_branch_day_of_week_operator.py
[2023-05-03T09:44:55.170+0000] {processor.py:809} INFO - DAG(s) dict_keys(['example_weekday_branch_operator']) retrieved from /home/airflow/.local/lib/python3.7/site-packages/airflow/example_dags/example_branch_day_of_week_operator.py
[2023-05-03T09:44:55.336+0000] {logging_mixin.py:149} INFO - [2023-05-03T09:44:55.336+0000] {dag.py:2726} INFO - Sync 1 DAGs
[2023-05-03T09:44:55.521+0000] {logging_mixin.py:149} INFO - [2023-05-03T09:44:55.521+0000] {dag.py:3490} INFO - Setting next_dagrun for example_weekday_branch_operator to 2023-05-02T00:00:00+00:00, run_after=2023-05-03T00:00:00+00:00
[2023-05-03T09:44:55.755+0000] {processor.py:178} INFO - Processing /home/airflow/.local/lib/python3.7/site-packages/airflow/example_dags/example_branch_day_of_week_operator.py took 0.647 seconds
[2023-05-03T09:46:35.922+0000] {processor.py:156} INFO - Started process (PID=643) to work on /home/airflow/.local/lib/python3.7/site-packages/airflow/example_dags/example_branch_day_of_week_operator.py
[2023-05-03T09:46:35.924+0000] {processor.py:799} INFO - Processing file /home/airflow/.local/lib/python3.7/site-packages/airflow/example_dags/example_branch_day_of_week_operator.py for tasks to queue
[2023-05-03T09:46:35.936+0000] {logging_mixin.py:149} INFO - [2023-05-03T09:46:35.935+0000] {dagbag.py:541} INFO - Filling up the DagBag from /home/airflow/.local/lib/python3.7/site-packages/airflow/example_dags/example_branch_day_of_week_operator.py
[2023-05-03T09:46:35.964+0000] {processor.py:809} INFO - DAG(s) dict_keys(['example_weekday_branch_operator']) retrieved from /home/airflow/.local/lib/python3.7/site-packages/airflow/example_dags/example_branch_day_of_week_operator.py
[2023-05-03T09:46:36.042+0000] {logging_mixin.py:149} INFO - [2023-05-03T09:46:36.042+0000] {dag.py:2726} INFO - Sync 1 DAGs
[2023-05-03T09:46:36.145+0000] {logging_mixin.py:149} INFO - [2023-05-03T09:46:36.145+0000] {dag.py:3490} INFO - Setting next_dagrun for example_weekday_branch_operator to 2023-05-02T00:00:00+00:00, run_after=2023-05-03T00:00:00+00:00
[2023-05-03T09:46:36.262+0000] {processor.py:178} INFO - Processing /home/airflow/.local/lib/python3.7/site-packages/airflow/example_dags/example_branch_day_of_week_operator.py took 0.344 seconds
[2023-05-03T09:47:37.791+0000] {processor.py:156} INFO - Started process (PID=885) to work on /home/airflow/.local/lib/python3.7/site-packages/airflow/example_dags/example_branch_day_of_week_operator.py
[2023-05-03T09:47:37.795+0000] {processor.py:799} INFO - Processing file /home/airflow/.local/lib/python3.7/site-packages/airflow/example_dags/example_branch_day_of_week_operator.py for tasks to queue
[2023-05-03T09:47:37.798+0000] {logging_mixin.py:149} INFO - [2023-05-03T09:47:37.797+0000] {dagbag.py:541} INFO - Filling up the DagBag from /home/airflow/.local/lib/python3.7/site-packages/airflow/example_dags/example_branch_day_of_week_operator.py
[2023-05-03T09:47:37.842+0000] {processor.py:809} INFO - DAG(s) dict_keys(['example_weekday_branch_operator']) retrieved from /home/airflow/.local/lib/python3.7/site-packages/airflow/example_dags/example_branch_day_of_week_operator.py
[2023-05-03T09:47:37.942+0000] {logging_mixin.py:149} INFO - [2023-05-03T09:47:37.942+0000] {dag.py:2726} INFO - Sync 1 DAGs
[2023-05-03T09:47:38.041+0000] {logging_mixin.py:149} INFO - [2023-05-03T09:47:38.040+0000] {dag.py:3490} INFO - Setting next_dagrun for example_weekday_branch_operator to 2023-05-02T00:00:00+00:00, run_after=2023-05-03T00:00:00+00:00
[2023-05-03T09:47:38.125+0000] {processor.py:178} INFO - Processing /home/airflow/.local/lib/python3.7/site-packages/airflow/example_dags/example_branch_day_of_week_operator.py took 0.348 seconds
[2023-05-03T09:48:30.173+0000] {processor.py:156} INFO - Started process (PID=1121) to work on /home/airflow/.local/lib/python3.7/site-packages/airflow/example_dags/example_branch_day_of_week_operator.py
[2023-05-03T09:48:30.193+0000] {processor.py:799} INFO - Processing file /home/airflow/.local/lib/python3.7/site-packages/airflow/example_dags/example_branch_day_of_week_operator.py for tasks to queue
[2023-05-03T09:48:30.195+0000] {logging_mixin.py:149} INFO - [2023-05-03T09:48:30.194+0000] {dagbag.py:541} INFO - Filling up the DagBag from /home/airflow/.local/lib/python3.7/site-packages/airflow/example_dags/example_branch_day_of_week_operator.py
[2023-05-03T09:48:30.229+0000] {processor.py:809} INFO - DAG(s) dict_keys(['example_weekday_branch_operator']) retrieved from /home/airflow/.local/lib/python3.7/site-packages/airflow/example_dags/example_branch_day_of_week_operator.py
[2023-05-03T09:48:30.378+0000] {logging_mixin.py:149} INFO - [2023-05-03T09:48:30.377+0000] {dag.py:2726} INFO - Sync 1 DAGs
[2023-05-03T09:48:30.573+0000] {logging_mixin.py:149} INFO - [2023-05-03T09:48:30.573+0000] {dag.py:3490} INFO - Setting next_dagrun for example_weekday_branch_operator to 2023-05-02T00:00:00+00:00, run_after=2023-05-03T00:00:00+00:00
[2023-05-03T09:48:30.695+0000] {processor.py:178} INFO - Processing /home/airflow/.local/lib/python3.7/site-packages/airflow/example_dags/example_branch_day_of_week_operator.py took 0.529 seconds
[2023-05-03T09:49:06.430+0000] {processor.py:156} INFO - Started process (PID=1357) to work on /home/airflow/.local/lib/python3.7/site-packages/airflow/example_dags/example_branch_day_of_week_operator.py
[2023-05-03T09:49:06.437+0000] {processor.py:799} INFO - Processing file /home/airflow/.local/lib/python3.7/site-packages/airflow/example_dags/example_branch_day_of_week_operator.py for tasks to queue
[2023-05-03T09:49:06.439+0000] {logging_mixin.py:149} INFO - [2023-05-03T09:49:06.439+0000] {dagbag.py:541} INFO - Filling up the DagBag from /home/airflow/.local/lib/python3.7/site-packages/airflow/example_dags/example_branch_day_of_week_operator.py
[2023-05-03T09:49:06.470+0000] {processor.py:809} INFO - DAG(s) dict_keys(['example_weekday_branch_operator']) retrieved from /home/airflow/.local/lib/python3.7/site-packages/airflow/example_dags/example_branch_day_of_week_operator.py
[2023-05-03T09:49:06.549+0000] {logging_mixin.py:149} INFO - [2023-05-03T09:49:06.548+0000] {dag.py:2726} INFO - Sync 1 DAGs
[2023-05-03T09:49:06.947+0000] {logging_mixin.py:149} INFO - [2023-05-03T09:49:06.946+0000] {dag.py:3490} INFO - Setting next_dagrun for example_weekday_branch_operator to 2023-05-02T00:00:00+00:00, run_after=2023-05-03T00:00:00+00:00
[2023-05-03T09:49:07.088+0000] {processor.py:178} INFO - Processing /home/airflow/.local/lib/python3.7/site-packages/airflow/example_dags/example_branch_day_of_week_operator.py took 0.669 seconds
[2023-05-03T09:49:49.826+0000] {processor.py:156} INFO - Started process (PID=1578) to work on /home/airflow/.local/lib/python3.7/site-packages/airflow/example_dags/example_branch_day_of_week_operator.py
[2023-05-03T09:49:49.840+0000] {processor.py:799} INFO - Processing file /home/airflow/.local/lib/python3.7/site-packages/airflow/example_dags/example_branch_day_of_week_operator.py for tasks to queue
[2023-05-03T09:49:49.842+0000] {logging_mixin.py:149} INFO - [2023-05-03T09:49:49.841+0000] {dagbag.py:541} INFO - Filling up the DagBag from /home/airflow/.local/lib/python3.7/site-packages/airflow/example_dags/example_branch_day_of_week_operator.py
[2023-05-03T09:49:49.873+0000] {processor.py:809} INFO - DAG(s) dict_keys(['example_weekday_branch_operator']) retrieved from /home/airflow/.local/lib/python3.7/site-packages/airflow/example_dags/example_branch_day_of_week_operator.py
[2023-05-03T09:49:49.962+0000] {logging_mixin.py:149} INFO - [2023-05-03T09:49:49.961+0000] {dag.py:2726} INFO - Sync 1 DAGs
[2023-05-03T09:49:50.041+0000] {logging_mixin.py:149} INFO - [2023-05-03T09:49:50.040+0000] {dag.py:3490} INFO - Setting next_dagrun for example_weekday_branch_operator to 2023-05-02T00:00:00+00:00, run_after=2023-05-03T00:00:00+00:00
[2023-05-03T09:49:50.124+0000] {processor.py:178} INFO - Processing /home/airflow/.local/lib/python3.7/site-packages/airflow/example_dags/example_branch_day_of_week_operator.py took 0.304 seconds
[2023-05-03T09:50:22.324+0000] {processor.py:156} INFO - Started process (PID=1818) to work on /home/airflow/.local/lib/python3.7/site-packages/airflow/example_dags/example_branch_day_of_week_operator.py
[2023-05-03T09:50:22.327+0000] {processor.py:799} INFO - Processing file /home/airflow/.local/lib/python3.7/site-packages/airflow/example_dags/example_branch_day_of_week_operator.py for tasks to queue
[2023-05-03T09:50:22.328+0000] {logging_mixin.py:149} INFO - [2023-05-03T09:50:22.328+0000] {dagbag.py:541} INFO - Filling up the DagBag from /home/airflow/.local/lib/python3.7/site-packages/airflow/example_dags/example_branch_day_of_week_operator.py
[2023-05-03T09:50:22.347+0000] {processor.py:809} INFO - DAG(s) dict_keys(['example_weekday_branch_operator']) retrieved from /home/airflow/.local/lib/python3.7/site-packages/airflow/example_dags/example_branch_day_of_week_operator.py
[2023-05-03T09:50:22.413+0000] {logging_mixin.py:149} INFO - [2023-05-03T09:50:22.413+0000] {dag.py:2726} INFO - Sync 1 DAGs
[2023-05-03T09:50:22.480+0000] {logging_mixin.py:149} INFO - [2023-05-03T09:50:22.479+0000] {dag.py:3490} INFO - Setting next_dagrun for example_weekday_branch_operator to 2023-05-02T00:00:00+00:00, run_after=2023-05-03T00:00:00+00:00
[2023-05-03T09:50:22.545+0000] {processor.py:178} INFO - Processing /home/airflow/.local/lib/python3.7/site-packages/airflow/example_dags/example_branch_day_of_week_operator.py took 0.230 seconds
[2023-05-03T09:50:55.847+0000] {processor.py:156} INFO - Started process (PID=2059) to work on /home/airflow/.local/lib/python3.7/site-packages/airflow/example_dags/example_branch_day_of_week_operator.py
[2023-05-03T09:50:55.908+0000] {processor.py:799} INFO - Processing file /home/airflow/.local/lib/python3.7/site-packages/airflow/example_dags/example_branch_day_of_week_operator.py for tasks to queue
[2023-05-03T09:50:55.929+0000] {logging_mixin.py:149} INFO - [2023-05-03T09:50:55.926+0000] {dagbag.py:541} INFO - Filling up the DagBag from /home/airflow/.local/lib/python3.7/site-packages/airflow/example_dags/example_branch_day_of_week_operator.py
[2023-05-03T09:50:55.997+0000] {processor.py:809} INFO - DAG(s) dict_keys(['example_weekday_branch_operator']) retrieved from /home/airflow/.local/lib/python3.7/site-packages/airflow/example_dags/example_branch_day_of_week_operator.py
[2023-05-03T09:51:05.410+0000] {logging_mixin.py:149} INFO - [2023-05-03T09:51:05.410+0000] {dag.py:2726} INFO - Sync 1 DAGs
[2023-05-03T09:51:09.758+0000] {logging_mixin.py:149} INFO - [2023-05-03T09:51:09.693+0000] {dag.py:3490} INFO - Setting next_dagrun for example_weekday_branch_operator to 2023-05-02T00:00:00+00:00, run_after=2023-05-03T00:00:00+00:00
[2023-05-03T09:51:11.390+0000] {processor.py:178} INFO - Processing /home/airflow/.local/lib/python3.7/site-packages/airflow/example_dags/example_branch_day_of_week_operator.py took 15.533 seconds
[2023-05-03T09:52:10.932+0000] {processor.py:156} INFO - Started process (PID=2336) to work on /home/airflow/.local/lib/python3.7/site-packages/airflow/example_dags/example_branch_day_of_week_operator.py
[2023-05-03T09:52:10.935+0000] {processor.py:799} INFO - Processing file /home/airflow/.local/lib/python3.7/site-packages/airflow/example_dags/example_branch_day_of_week_operator.py for tasks to queue
[2023-05-03T09:52:10.948+0000] {logging_mixin.py:149} INFO - [2023-05-03T09:52:10.945+0000] {dagbag.py:541} INFO - Filling up the DagBag from /home/airflow/.local/lib/python3.7/site-packages/airflow/example_dags/example_branch_day_of_week_operator.py
[2023-05-03T09:52:10.973+0000] {processor.py:809} INFO - DAG(s) dict_keys(['example_weekday_branch_operator']) retrieved from /home/airflow/.local/lib/python3.7/site-packages/airflow/example_dags/example_branch_day_of_week_operator.py
[2023-05-03T09:52:11.056+0000] {logging_mixin.py:149} INFO - [2023-05-03T09:52:11.055+0000] {dag.py:2726} INFO - Sync 1 DAGs
[2023-05-03T09:52:11.146+0000] {logging_mixin.py:149} INFO - [2023-05-03T09:52:11.146+0000] {dag.py:3490} INFO - Setting next_dagrun for example_weekday_branch_operator to 2023-05-02T00:00:00+00:00, run_after=2023-05-03T00:00:00+00:00
[2023-05-03T09:52:11.289+0000] {processor.py:178} INFO - Processing /home/airflow/.local/lib/python3.7/site-packages/airflow/example_dags/example_branch_day_of_week_operator.py took 0.371 seconds
[2023-05-03T09:52:48.877+0000] {processor.py:156} INFO - Started process (PID=2588) to work on /home/airflow/.local/lib/python3.7/site-packages/airflow/example_dags/example_branch_day_of_week_operator.py
[2023-05-03T09:52:48.880+0000] {processor.py:799} INFO - Processing file /home/airflow/.local/lib/python3.7/site-packages/airflow/example_dags/example_branch_day_of_week_operator.py for tasks to queue
[2023-05-03T09:52:48.882+0000] {logging_mixin.py:149} INFO - [2023-05-03T09:52:48.882+0000] {dagbag.py:541} INFO - Filling up the DagBag from /home/airflow/.local/lib/python3.7/site-packages/airflow/example_dags/example_branch_day_of_week_operator.py
[2023-05-03T09:52:48.903+0000] {processor.py:809} INFO - DAG(s) dict_keys(['example_weekday_branch_operator']) retrieved from /home/airflow/.local/lib/python3.7/site-packages/airflow/example_dags/example_branch_day_of_week_operator.py
[2023-05-03T09:52:48.976+0000] {logging_mixin.py:149} INFO - [2023-05-03T09:52:48.976+0000] {dag.py:2726} INFO - Sync 1 DAGs
[2023-05-03T09:52:49.509+0000] {logging_mixin.py:149} INFO - [2023-05-03T09:52:49.508+0000] {dag.py:3490} INFO - Setting next_dagrun for example_weekday_branch_operator to 2023-05-02T00:00:00+00:00, run_after=2023-05-03T00:00:00+00:00
[2023-05-03T09:52:49.651+0000] {processor.py:178} INFO - Processing /home/airflow/.local/lib/python3.7/site-packages/airflow/example_dags/example_branch_day_of_week_operator.py took 0.783 seconds
[2023-05-03T09:53:20.122+0000] {processor.py:156} INFO - Started process (PID=2824) to work on /home/airflow/.local/lib/python3.7/site-packages/airflow/example_dags/example_branch_day_of_week_operator.py
[2023-05-03T09:53:20.128+0000] {processor.py:799} INFO - Processing file /home/airflow/.local/lib/python3.7/site-packages/airflow/example_dags/example_branch_day_of_week_operator.py for tasks to queue
[2023-05-03T09:53:20.134+0000] {logging_mixin.py:149} INFO - [2023-05-03T09:53:20.133+0000] {dagbag.py:541} INFO - Filling up the DagBag from /home/airflow/.local/lib/python3.7/site-packages/airflow/example_dags/example_branch_day_of_week_operator.py
[2023-05-03T09:53:20.156+0000] {processor.py:809} INFO - DAG(s) dict_keys(['example_weekday_branch_operator']) retrieved from /home/airflow/.local/lib/python3.7/site-packages/airflow/example_dags/example_branch_day_of_week_operator.py
[2023-05-03T09:53:20.256+0000] {logging_mixin.py:149} INFO - [2023-05-03T09:53:20.256+0000] {dag.py:2726} INFO - Sync 1 DAGs
[2023-05-03T09:53:20.361+0000] {logging_mixin.py:149} INFO - [2023-05-03T09:53:20.361+0000] {dag.py:3490} INFO - Setting next_dagrun for example_weekday_branch_operator to 2023-05-02T00:00:00+00:00, run_after=2023-05-03T00:00:00+00:00
[2023-05-03T09:53:20.446+0000] {processor.py:178} INFO - Processing /home/airflow/.local/lib/python3.7/site-packages/airflow/example_dags/example_branch_day_of_week_operator.py took 0.331 seconds
[2023-05-03T09:53:53.115+0000] {processor.py:156} INFO - Started process (PID=3061) to work on /home/airflow/.local/lib/python3.7/site-packages/airflow/example_dags/example_branch_day_of_week_operator.py
[2023-05-03T09:53:53.124+0000] {processor.py:799} INFO - Processing file /home/airflow/.local/lib/python3.7/site-packages/airflow/example_dags/example_branch_day_of_week_operator.py for tasks to queue
[2023-05-03T09:53:53.126+0000] {logging_mixin.py:149} INFO - [2023-05-03T09:53:53.126+0000] {dagbag.py:541} INFO - Filling up the DagBag from /home/airflow/.local/lib/python3.7/site-packages/airflow/example_dags/example_branch_day_of_week_operator.py
[2023-05-03T09:53:53.149+0000] {processor.py:809} INFO - DAG(s) dict_keys(['example_weekday_branch_operator']) retrieved from /home/airflow/.local/lib/python3.7/site-packages/airflow/example_dags/example_branch_day_of_week_operator.py
[2023-05-03T09:53:53.232+0000] {logging_mixin.py:149} INFO - [2023-05-03T09:53:53.232+0000] {dag.py:2726} INFO - Sync 1 DAGs
[2023-05-03T09:53:53.310+0000] {logging_mixin.py:149} INFO - [2023-05-03T09:53:53.310+0000] {dag.py:3490} INFO - Setting next_dagrun for example_weekday_branch_operator to 2023-05-02T00:00:00+00:00, run_after=2023-05-03T00:00:00+00:00
[2023-05-03T09:53:53.394+0000] {processor.py:178} INFO - Processing /home/airflow/.local/lib/python3.7/site-packages/airflow/example_dags/example_branch_day_of_week_operator.py took 0.284 seconds
[2023-05-03T09:54:55.385+0000] {processor.py:156} INFO - Started process (PID=3321) to work on /home/airflow/.local/lib/python3.7/site-packages/airflow/example_dags/example_branch_day_of_week_operator.py
[2023-05-03T09:54:55.394+0000] {processor.py:799} INFO - Processing file /home/airflow/.local/lib/python3.7/site-packages/airflow/example_dags/example_branch_day_of_week_operator.py for tasks to queue
[2023-05-03T09:54:55.396+0000] {logging_mixin.py:149} INFO - [2023-05-03T09:54:55.396+0000] {dagbag.py:541} INFO - Filling up the DagBag from /home/airflow/.local/lib/python3.7/site-packages/airflow/example_dags/example_branch_day_of_week_operator.py
[2023-05-03T09:54:55.419+0000] {processor.py:809} INFO - DAG(s) dict_keys(['example_weekday_branch_operator']) retrieved from /home/airflow/.local/lib/python3.7/site-packages/airflow/example_dags/example_branch_day_of_week_operator.py
[2023-05-03T09:54:55.518+0000] {logging_mixin.py:149} INFO - [2023-05-03T09:54:55.517+0000] {dag.py:2726} INFO - Sync 1 DAGs
[2023-05-03T09:54:56.471+0000] {logging_mixin.py:149} INFO - [2023-05-03T09:54:56.470+0000] {dag.py:3490} INFO - Setting next_dagrun for example_weekday_branch_operator to 2023-05-02T00:00:00+00:00, run_after=2023-05-03T00:00:00+00:00
[2023-05-03T09:54:56.573+0000] {processor.py:178} INFO - Processing /home/airflow/.local/lib/python3.7/site-packages/airflow/example_dags/example_branch_day_of_week_operator.py took 1.194 seconds
[2023-05-03T09:55:26.934+0000] {processor.py:156} INFO - Started process (PID=3556) to work on /home/airflow/.local/lib/python3.7/site-packages/airflow/example_dags/example_branch_day_of_week_operator.py
[2023-05-03T09:55:26.939+0000] {processor.py:799} INFO - Processing file /home/airflow/.local/lib/python3.7/site-packages/airflow/example_dags/example_branch_day_of_week_operator.py for tasks to queue
[2023-05-03T09:55:26.945+0000] {logging_mixin.py:149} INFO - [2023-05-03T09:55:26.943+0000] {dagbag.py:541} INFO - Filling up the DagBag from /home/airflow/.local/lib/python3.7/site-packages/airflow/example_dags/example_branch_day_of_week_operator.py
[2023-05-03T09:55:26.960+0000] {processor.py:809} INFO - DAG(s) dict_keys(['example_weekday_branch_operator']) retrieved from /home/airflow/.local/lib/python3.7/site-packages/airflow/example_dags/example_branch_day_of_week_operator.py
[2023-05-03T09:55:27.033+0000] {logging_mixin.py:149} INFO - [2023-05-03T09:55:27.030+0000] {dag.py:2726} INFO - Sync 1 DAGs
[2023-05-03T09:55:27.121+0000] {logging_mixin.py:149} INFO - [2023-05-03T09:55:27.120+0000] {dag.py:3490} INFO - Setting next_dagrun for example_weekday_branch_operator to 2023-05-02T00:00:00+00:00, run_after=2023-05-03T00:00:00+00:00
[2023-05-03T09:55:27.171+0000] {processor.py:178} INFO - Processing /home/airflow/.local/lib/python3.7/site-packages/airflow/example_dags/example_branch_day_of_week_operator.py took 0.247 seconds
[2023-05-03T09:56:02.765+0000] {processor.py:156} INFO - Started process (PID=3800) to work on /home/airflow/.local/lib/python3.7/site-packages/airflow/example_dags/example_branch_day_of_week_operator.py
[2023-05-03T09:56:02.786+0000] {processor.py:799} INFO - Processing file /home/airflow/.local/lib/python3.7/site-packages/airflow/example_dags/example_branch_day_of_week_operator.py for tasks to queue
[2023-05-03T09:56:02.804+0000] {logging_mixin.py:149} INFO - [2023-05-03T09:56:02.804+0000] {dagbag.py:541} INFO - Filling up the DagBag from /home/airflow/.local/lib/python3.7/site-packages/airflow/example_dags/example_branch_day_of_week_operator.py
[2023-05-03T09:56:02.830+0000] {processor.py:809} INFO - DAG(s) dict_keys(['example_weekday_branch_operator']) retrieved from /home/airflow/.local/lib/python3.7/site-packages/airflow/example_dags/example_branch_day_of_week_operator.py
[2023-05-03T09:56:02.932+0000] {logging_mixin.py:149} INFO - [2023-05-03T09:56:02.931+0000] {dag.py:2726} INFO - Sync 1 DAGs
[2023-05-03T09:56:03.395+0000] {logging_mixin.py:149} INFO - [2023-05-03T09:56:03.395+0000] {dag.py:3490} INFO - Setting next_dagrun for example_weekday_branch_operator to 2023-05-02T00:00:00+00:00, run_after=2023-05-03T00:00:00+00:00
[2023-05-03T09:56:03.497+0000] {processor.py:178} INFO - Processing /home/airflow/.local/lib/python3.7/site-packages/airflow/example_dags/example_branch_day_of_week_operator.py took 0.753 seconds
[2023-05-03T09:56:34.687+0000] {processor.py:156} INFO - Started process (PID=4037) to work on /home/airflow/.local/lib/python3.7/site-packages/airflow/example_dags/example_branch_day_of_week_operator.py
[2023-05-03T09:56:34.689+0000] {processor.py:799} INFO - Processing file /home/airflow/.local/lib/python3.7/site-packages/airflow/example_dags/example_branch_day_of_week_operator.py for tasks to queue
[2023-05-03T09:56:34.691+0000] {logging_mixin.py:149} INFO - [2023-05-03T09:56:34.691+0000] {dagbag.py:541} INFO - Filling up the DagBag from /home/airflow/.local/lib/python3.7/site-packages/airflow/example_dags/example_branch_day_of_week_operator.py
[2023-05-03T09:56:34.705+0000] {processor.py:809} INFO - DAG(s) dict_keys(['example_weekday_branch_operator']) retrieved from /home/airflow/.local/lib/python3.7/site-packages/airflow/example_dags/example_branch_day_of_week_operator.py
[2023-05-03T09:56:34.744+0000] {logging_mixin.py:149} INFO - [2023-05-03T09:56:34.744+0000] {dag.py:2726} INFO - Sync 1 DAGs
[2023-05-03T09:56:34.805+0000] {logging_mixin.py:149} INFO - [2023-05-03T09:56:34.805+0000] {dag.py:3490} INFO - Setting next_dagrun for example_weekday_branch_operator to 2023-05-02T00:00:00+00:00, run_after=2023-05-03T00:00:00+00:00
[2023-05-03T09:56:35.101+0000] {processor.py:178} INFO - Processing /home/airflow/.local/lib/python3.7/site-packages/airflow/example_dags/example_branch_day_of_week_operator.py took 0.418 seconds
[2023-05-03T09:57:06.416+0000] {processor.py:156} INFO - Started process (PID=4270) to work on /home/airflow/.local/lib/python3.7/site-packages/airflow/example_dags/example_branch_day_of_week_operator.py
[2023-05-03T09:57:06.431+0000] {processor.py:799} INFO - Processing file /home/airflow/.local/lib/python3.7/site-packages/airflow/example_dags/example_branch_day_of_week_operator.py for tasks to queue
[2023-05-03T09:57:06.433+0000] {logging_mixin.py:149} INFO - [2023-05-03T09:57:06.432+0000] {dagbag.py:541} INFO - Filling up the DagBag from /home/airflow/.local/lib/python3.7/site-packages/airflow/example_dags/example_branch_day_of_week_operator.py
[2023-05-03T09:57:06.458+0000] {processor.py:809} INFO - DAG(s) dict_keys(['example_weekday_branch_operator']) retrieved from /home/airflow/.local/lib/python3.7/site-packages/airflow/example_dags/example_branch_day_of_week_operator.py
[2023-05-03T09:57:06.553+0000] {logging_mixin.py:149} INFO - [2023-05-03T09:57:06.552+0000] {dag.py:2726} INFO - Sync 1 DAGs
[2023-05-03T09:57:06.638+0000] {logging_mixin.py:149} INFO - [2023-05-03T09:57:06.637+0000] {dag.py:3490} INFO - Setting next_dagrun for example_weekday_branch_operator to 2023-05-02T00:00:00+00:00, run_after=2023-05-03T00:00:00+00:00
[2023-05-03T09:57:06.719+0000] {processor.py:178} INFO - Processing /home/airflow/.local/lib/python3.7/site-packages/airflow/example_dags/example_branch_day_of_week_operator.py took 0.307 seconds
[2023-05-03T09:57:57.270+0000] {processor.py:156} INFO - Started process (PID=4546) to work on /home/airflow/.local/lib/python3.7/site-packages/airflow/example_dags/example_branch_day_of_week_operator.py
[2023-05-03T09:57:57.274+0000] {processor.py:799} INFO - Processing file /home/airflow/.local/lib/python3.7/site-packages/airflow/example_dags/example_branch_day_of_week_operator.py for tasks to queue
[2023-05-03T09:57:57.282+0000] {logging_mixin.py:149} INFO - [2023-05-03T09:57:57.282+0000] {dagbag.py:541} INFO - Filling up the DagBag from /home/airflow/.local/lib/python3.7/site-packages/airflow/example_dags/example_branch_day_of_week_operator.py
[2023-05-03T09:57:57.304+0000] {processor.py:809} INFO - DAG(s) dict_keys(['example_weekday_branch_operator']) retrieved from /home/airflow/.local/lib/python3.7/site-packages/airflow/example_dags/example_branch_day_of_week_operator.py
[2023-05-03T09:57:57.397+0000] {logging_mixin.py:149} INFO - [2023-05-03T09:57:57.397+0000] {dag.py:2726} INFO - Sync 1 DAGs
[2023-05-03T09:57:57.881+0000] {logging_mixin.py:149} INFO - [2023-05-03T09:57:57.881+0000] {dag.py:3490} INFO - Setting next_dagrun for example_weekday_branch_operator to 2023-05-02T00:00:00+00:00, run_after=2023-05-03T00:00:00+00:00
[2023-05-03T09:57:57.983+0000] {processor.py:178} INFO - Processing /home/airflow/.local/lib/python3.7/site-packages/airflow/example_dags/example_branch_day_of_week_operator.py took 0.718 seconds
[2023-05-03T09:58:28.101+0000] {processor.py:156} INFO - Started process (PID=4784) to work on /home/airflow/.local/lib/python3.7/site-packages/airflow/example_dags/example_branch_day_of_week_operator.py
[2023-05-03T09:58:28.103+0000] {processor.py:799} INFO - Processing file /home/airflow/.local/lib/python3.7/site-packages/airflow/example_dags/example_branch_day_of_week_operator.py for tasks to queue
[2023-05-03T09:58:28.105+0000] {logging_mixin.py:149} INFO - [2023-05-03T09:58:28.105+0000] {dagbag.py:541} INFO - Filling up the DagBag from /home/airflow/.local/lib/python3.7/site-packages/airflow/example_dags/example_branch_day_of_week_operator.py
[2023-05-03T09:58:28.125+0000] {processor.py:809} INFO - DAG(s) dict_keys(['example_weekday_branch_operator']) retrieved from /home/airflow/.local/lib/python3.7/site-packages/airflow/example_dags/example_branch_day_of_week_operator.py
[2023-05-03T09:58:28.171+0000] {logging_mixin.py:149} INFO - [2023-05-03T09:58:28.171+0000] {dag.py:2726} INFO - Sync 1 DAGs
[2023-05-03T09:58:28.215+0000] {logging_mixin.py:149} INFO - [2023-05-03T09:58:28.214+0000] {dag.py:3490} INFO - Setting next_dagrun for example_weekday_branch_operator to 2023-05-02T00:00:00+00:00, run_after=2023-05-03T00:00:00+00:00
[2023-05-03T09:58:28.255+0000] {processor.py:178} INFO - Processing /home/airflow/.local/lib/python3.7/site-packages/airflow/example_dags/example_branch_day_of_week_operator.py took 0.159 seconds
[2023-05-03T09:58:59.406+0000] {processor.py:156} INFO - Started process (PID=5021) to work on /home/airflow/.local/lib/python3.7/site-packages/airflow/example_dags/example_branch_day_of_week_operator.py
[2023-05-03T09:58:59.415+0000] {processor.py:799} INFO - Processing file /home/airflow/.local/lib/python3.7/site-packages/airflow/example_dags/example_branch_day_of_week_operator.py for tasks to queue
[2023-05-03T09:58:59.418+0000] {logging_mixin.py:149} INFO - [2023-05-03T09:58:59.418+0000] {dagbag.py:541} INFO - Filling up the DagBag from /home/airflow/.local/lib/python3.7/site-packages/airflow/example_dags/example_branch_day_of_week_operator.py
[2023-05-03T09:58:59.434+0000] {processor.py:809} INFO - DAG(s) dict_keys(['example_weekday_branch_operator']) retrieved from /home/airflow/.local/lib/python3.7/site-packages/airflow/example_dags/example_branch_day_of_week_operator.py
[2023-05-03T09:58:59.487+0000] {logging_mixin.py:149} INFO - [2023-05-03T09:58:59.486+0000] {dag.py:2726} INFO - Sync 1 DAGs
[2023-05-03T09:58:59.796+0000] {logging_mixin.py:149} INFO - [2023-05-03T09:58:59.796+0000] {dag.py:3490} INFO - Setting next_dagrun for example_weekday_branch_operator to 2023-05-02T00:00:00+00:00, run_after=2023-05-03T00:00:00+00:00
[2023-05-03T09:58:59.857+0000] {processor.py:178} INFO - Processing /home/airflow/.local/lib/python3.7/site-packages/airflow/example_dags/example_branch_day_of_week_operator.py took 0.458 seconds
[2023-05-03T09:59:30.526+0000] {processor.py:156} INFO - Started process (PID=5255) to work on /home/airflow/.local/lib/python3.7/site-packages/airflow/example_dags/example_branch_day_of_week_operator.py
[2023-05-03T09:59:30.532+0000] {processor.py:799} INFO - Processing file /home/airflow/.local/lib/python3.7/site-packages/airflow/example_dags/example_branch_day_of_week_operator.py for tasks to queue
[2023-05-03T09:59:30.540+0000] {logging_mixin.py:149} INFO - [2023-05-03T09:59:30.540+0000] {dagbag.py:541} INFO - Filling up the DagBag from /home/airflow/.local/lib/python3.7/site-packages/airflow/example_dags/example_branch_day_of_week_operator.py
[2023-05-03T09:59:30.578+0000] {processor.py:809} INFO - DAG(s) dict_keys(['example_weekday_branch_operator']) retrieved from /home/airflow/.local/lib/python3.7/site-packages/airflow/example_dags/example_branch_day_of_week_operator.py
[2023-05-03T09:59:30.692+0000] {logging_mixin.py:149} INFO - [2023-05-03T09:59:30.691+0000] {dag.py:2726} INFO - Sync 1 DAGs
[2023-05-03T09:59:30.793+0000] {logging_mixin.py:149} INFO - [2023-05-03T09:59:30.793+0000] {dag.py:3490} INFO - Setting next_dagrun for example_weekday_branch_operator to 2023-05-02T00:00:00+00:00, run_after=2023-05-03T00:00:00+00:00
[2023-05-03T09:59:30.904+0000] {processor.py:178} INFO - Processing /home/airflow/.local/lib/python3.7/site-packages/airflow/example_dags/example_branch_day_of_week_operator.py took 0.383 seconds
[2023-05-03T10:00:01.727+0000] {processor.py:156} INFO - Started process (PID=5491) to work on /home/airflow/.local/lib/python3.7/site-packages/airflow/example_dags/example_branch_day_of_week_operator.py
[2023-05-03T10:00:01.729+0000] {processor.py:799} INFO - Processing file /home/airflow/.local/lib/python3.7/site-packages/airflow/example_dags/example_branch_day_of_week_operator.py for tasks to queue
[2023-05-03T10:00:01.731+0000] {logging_mixin.py:149} INFO - [2023-05-03T10:00:01.731+0000] {dagbag.py:541} INFO - Filling up the DagBag from /home/airflow/.local/lib/python3.7/site-packages/airflow/example_dags/example_branch_day_of_week_operator.py
[2023-05-03T10:00:01.759+0000] {processor.py:809} INFO - DAG(s) dict_keys(['example_weekday_branch_operator']) retrieved from /home/airflow/.local/lib/python3.7/site-packages/airflow/example_dags/example_branch_day_of_week_operator.py
[2023-05-03T10:00:01.852+0000] {logging_mixin.py:149} INFO - [2023-05-03T10:00:01.851+0000] {dag.py:2726} INFO - Sync 1 DAGs
[2023-05-03T10:00:01.912+0000] {logging_mixin.py:149} INFO - [2023-05-03T10:00:01.912+0000] {dag.py:3490} INFO - Setting next_dagrun for example_weekday_branch_operator to 2023-05-02T00:00:00+00:00, run_after=2023-05-03T00:00:00+00:00
[2023-05-03T10:00:01.964+0000] {processor.py:178} INFO - Processing /home/airflow/.local/lib/python3.7/site-packages/airflow/example_dags/example_branch_day_of_week_operator.py took 0.242 seconds
[2023-05-03T10:00:32.993+0000] {processor.py:156} INFO - Started process (PID=5727) to work on /home/airflow/.local/lib/python3.7/site-packages/airflow/example_dags/example_branch_day_of_week_operator.py
[2023-05-03T10:00:32.995+0000] {processor.py:799} INFO - Processing file /home/airflow/.local/lib/python3.7/site-packages/airflow/example_dags/example_branch_day_of_week_operator.py for tasks to queue
[2023-05-03T10:00:32.996+0000] {logging_mixin.py:149} INFO - [2023-05-03T10:00:32.996+0000] {dagbag.py:541} INFO - Filling up the DagBag from /home/airflow/.local/lib/python3.7/site-packages/airflow/example_dags/example_branch_day_of_week_operator.py
[2023-05-03T10:00:33.018+0000] {processor.py:809} INFO - DAG(s) dict_keys(['example_weekday_branch_operator']) retrieved from /home/airflow/.local/lib/python3.7/site-packages/airflow/example_dags/example_branch_day_of_week_operator.py
[2023-05-03T10:00:33.098+0000] {logging_mixin.py:149} INFO - [2023-05-03T10:00:33.097+0000] {dag.py:2726} INFO - Sync 1 DAGs
[2023-05-03T10:00:33.171+0000] {logging_mixin.py:149} INFO - [2023-05-03T10:00:33.171+0000] {dag.py:3490} INFO - Setting next_dagrun for example_weekday_branch_operator to 2023-05-02T00:00:00+00:00, run_after=2023-05-03T00:00:00+00:00
[2023-05-03T10:00:33.229+0000] {processor.py:178} INFO - Processing /home/airflow/.local/lib/python3.7/site-packages/airflow/example_dags/example_branch_day_of_week_operator.py took 0.244 seconds
[2023-05-03T10:01:04.054+0000] {processor.py:156} INFO - Started process (PID=5963) to work on /home/airflow/.local/lib/python3.7/site-packages/airflow/example_dags/example_branch_day_of_week_operator.py
[2023-05-03T10:01:04.055+0000] {processor.py:799} INFO - Processing file /home/airflow/.local/lib/python3.7/site-packages/airflow/example_dags/example_branch_day_of_week_operator.py for tasks to queue
[2023-05-03T10:01:04.057+0000] {logging_mixin.py:149} INFO - [2023-05-03T10:01:04.057+0000] {dagbag.py:541} INFO - Filling up the DagBag from /home/airflow/.local/lib/python3.7/site-packages/airflow/example_dags/example_branch_day_of_week_operator.py
[2023-05-03T10:01:04.076+0000] {processor.py:809} INFO - DAG(s) dict_keys(['example_weekday_branch_operator']) retrieved from /home/airflow/.local/lib/python3.7/site-packages/airflow/example_dags/example_branch_day_of_week_operator.py
[2023-05-03T10:01:04.134+0000] {logging_mixin.py:149} INFO - [2023-05-03T10:01:04.134+0000] {dag.py:2726} INFO - Sync 1 DAGs
[2023-05-03T10:01:04.204+0000] {logging_mixin.py:149} INFO - [2023-05-03T10:01:04.204+0000] {dag.py:3490} INFO - Setting next_dagrun for example_weekday_branch_operator to 2023-05-02T00:00:00+00:00, run_after=2023-05-03T00:00:00+00:00
[2023-05-03T10:01:04.246+0000] {processor.py:178} INFO - Processing /home/airflow/.local/lib/python3.7/site-packages/airflow/example_dags/example_branch_day_of_week_operator.py took 0.199 seconds
[2023-05-03T10:01:34.545+0000] {processor.py:156} INFO - Started process (PID=6194) to work on /home/airflow/.local/lib/python3.7/site-packages/airflow/example_dags/example_branch_day_of_week_operator.py
[2023-05-03T10:01:34.547+0000] {processor.py:799} INFO - Processing file /home/airflow/.local/lib/python3.7/site-packages/airflow/example_dags/example_branch_day_of_week_operator.py for tasks to queue
[2023-05-03T10:01:34.550+0000] {logging_mixin.py:149} INFO - [2023-05-03T10:01:34.549+0000] {dagbag.py:541} INFO - Filling up the DagBag from /home/airflow/.local/lib/python3.7/site-packages/airflow/example_dags/example_branch_day_of_week_operator.py
[2023-05-03T10:01:34.567+0000] {processor.py:809} INFO - DAG(s) dict_keys(['example_weekday_branch_operator']) retrieved from /home/airflow/.local/lib/python3.7/site-packages/airflow/example_dags/example_branch_day_of_week_operator.py
[2023-05-03T10:01:34.621+0000] {logging_mixin.py:149} INFO - [2023-05-03T10:01:34.621+0000] {dag.py:2726} INFO - Sync 1 DAGs
[2023-05-03T10:01:34.693+0000] {logging_mixin.py:149} INFO - [2023-05-03T10:01:34.692+0000] {dag.py:3490} INFO - Setting next_dagrun for example_weekday_branch_operator to 2023-05-02T00:00:00+00:00, run_after=2023-05-03T00:00:00+00:00
[2023-05-03T10:01:34.745+0000] {processor.py:178} INFO - Processing /home/airflow/.local/lib/python3.7/site-packages/airflow/example_dags/example_branch_day_of_week_operator.py took 0.205 seconds
[2023-05-03T10:45:58.411+0000] {processor.py:156} INFO - Started process (PID=6511) to work on /home/airflow/.local/lib/python3.7/site-packages/airflow/example_dags/example_branch_day_of_week_operator.py
[2023-05-03T10:45:58.423+0000] {processor.py:799} INFO - Processing file /home/airflow/.local/lib/python3.7/site-packages/airflow/example_dags/example_branch_day_of_week_operator.py for tasks to queue
[2023-05-03T10:45:58.437+0000] {logging_mixin.py:149} INFO - [2023-05-03T10:45:58.434+0000] {dagbag.py:541} INFO - Filling up the DagBag from /home/airflow/.local/lib/python3.7/site-packages/airflow/example_dags/example_branch_day_of_week_operator.py
[2023-05-03T10:45:59.792+0000] {processor.py:809} INFO - DAG(s) dict_keys(['example_weekday_branch_operator']) retrieved from /home/airflow/.local/lib/python3.7/site-packages/airflow/example_dags/example_branch_day_of_week_operator.py
[2023-05-03T10:46:03.730+0000] {logging_mixin.py:149} INFO - [2023-05-03T10:46:03.725+0000] {dag.py:2726} INFO - Sync 1 DAGs
[2023-05-03T10:46:04.658+0000] {logging_mixin.py:149} INFO - [2023-05-03T10:46:04.657+0000] {dag.py:3490} INFO - Setting next_dagrun for example_weekday_branch_operator to 2023-05-02T00:00:00+00:00, run_after=2023-05-03T00:00:00+00:00
[2023-05-03T10:46:05.328+0000] {processor.py:178} INFO - Processing /home/airflow/.local/lib/python3.7/site-packages/airflow/example_dags/example_branch_day_of_week_operator.py took 7.063 seconds
[2023-05-03T10:47:50.629+0000] {processor.py:156} INFO - Started process (PID=6876) to work on /home/airflow/.local/lib/python3.7/site-packages/airflow/example_dags/example_branch_day_of_week_operator.py
[2023-05-03T10:47:50.637+0000] {processor.py:799} INFO - Processing file /home/airflow/.local/lib/python3.7/site-packages/airflow/example_dags/example_branch_day_of_week_operator.py for tasks to queue
[2023-05-03T10:47:50.644+0000] {logging_mixin.py:149} INFO - [2023-05-03T10:47:50.643+0000] {dagbag.py:541} INFO - Filling up the DagBag from /home/airflow/.local/lib/python3.7/site-packages/airflow/example_dags/example_branch_day_of_week_operator.py
[2023-05-03T10:47:50.683+0000] {processor.py:809} INFO - DAG(s) dict_keys(['example_weekday_branch_operator']) retrieved from /home/airflow/.local/lib/python3.7/site-packages/airflow/example_dags/example_branch_day_of_week_operator.py
[2023-05-03T10:47:50.845+0000] {logging_mixin.py:149} INFO - [2023-05-03T10:47:50.845+0000] {dag.py:2726} INFO - Sync 1 DAGs
[2023-05-03T10:47:50.955+0000] {logging_mixin.py:149} INFO - [2023-05-03T10:47:50.955+0000] {dag.py:3490} INFO - Setting next_dagrun for example_weekday_branch_operator to 2023-05-02T00:00:00+00:00, run_after=2023-05-03T00:00:00+00:00
[2023-05-03T10:47:51.063+0000] {processor.py:178} INFO - Processing /home/airflow/.local/lib/python3.7/site-packages/airflow/example_dags/example_branch_day_of_week_operator.py took 0.439 seconds
[2023-05-03T10:48:21.578+0000] {processor.py:156} INFO - Started process (PID=7112) to work on /home/airflow/.local/lib/python3.7/site-packages/airflow/example_dags/example_branch_day_of_week_operator.py
[2023-05-03T10:48:21.580+0000] {processor.py:799} INFO - Processing file /home/airflow/.local/lib/python3.7/site-packages/airflow/example_dags/example_branch_day_of_week_operator.py for tasks to queue
[2023-05-03T10:48:21.581+0000] {logging_mixin.py:149} INFO - [2023-05-03T10:48:21.581+0000] {dagbag.py:541} INFO - Filling up the DagBag from /home/airflow/.local/lib/python3.7/site-packages/airflow/example_dags/example_branch_day_of_week_operator.py
[2023-05-03T10:48:21.603+0000] {processor.py:809} INFO - DAG(s) dict_keys(['example_weekday_branch_operator']) retrieved from /home/airflow/.local/lib/python3.7/site-packages/airflow/example_dags/example_branch_day_of_week_operator.py
[2023-05-03T10:48:21.699+0000] {logging_mixin.py:149} INFO - [2023-05-03T10:48:21.698+0000] {dag.py:2726} INFO - Sync 1 DAGs
[2023-05-03T10:48:21.857+0000] {logging_mixin.py:149} INFO - [2023-05-03T10:48:21.857+0000] {dag.py:3490} INFO - Setting next_dagrun for example_weekday_branch_operator to 2023-05-02T00:00:00+00:00, run_after=2023-05-03T00:00:00+00:00
[2023-05-03T10:48:22.055+0000] {processor.py:178} INFO - Processing /home/airflow/.local/lib/python3.7/site-packages/airflow/example_dags/example_branch_day_of_week_operator.py took 0.488 seconds
[2023-05-03T10:48:52.232+0000] {processor.py:156} INFO - Started process (PID=7348) to work on /home/airflow/.local/lib/python3.7/site-packages/airflow/example_dags/example_branch_day_of_week_operator.py
[2023-05-03T10:48:52.236+0000] {processor.py:799} INFO - Processing file /home/airflow/.local/lib/python3.7/site-packages/airflow/example_dags/example_branch_day_of_week_operator.py for tasks to queue
[2023-05-03T10:48:52.239+0000] {logging_mixin.py:149} INFO - [2023-05-03T10:48:52.239+0000] {dagbag.py:541} INFO - Filling up the DagBag from /home/airflow/.local/lib/python3.7/site-packages/airflow/example_dags/example_branch_day_of_week_operator.py
[2023-05-03T10:48:52.258+0000] {processor.py:809} INFO - DAG(s) dict_keys(['example_weekday_branch_operator']) retrieved from /home/airflow/.local/lib/python3.7/site-packages/airflow/example_dags/example_branch_day_of_week_operator.py
[2023-05-03T10:48:52.340+0000] {logging_mixin.py:149} INFO - [2023-05-03T10:48:52.339+0000] {dag.py:2726} INFO - Sync 1 DAGs
[2023-05-03T10:48:52.451+0000] {logging_mixin.py:149} INFO - [2023-05-03T10:48:52.450+0000] {dag.py:3490} INFO - Setting next_dagrun for example_weekday_branch_operator to 2023-05-02T00:00:00+00:00, run_after=2023-05-03T00:00:00+00:00
[2023-05-03T10:48:52.548+0000] {processor.py:178} INFO - Processing /home/airflow/.local/lib/python3.7/site-packages/airflow/example_dags/example_branch_day_of_week_operator.py took 0.324 seconds
[2023-05-03T10:49:25.413+0000] {processor.py:156} INFO - Started process (PID=7586) to work on /home/airflow/.local/lib/python3.7/site-packages/airflow/example_dags/example_branch_day_of_week_operator.py
[2023-05-03T10:49:25.416+0000] {processor.py:799} INFO - Processing file /home/airflow/.local/lib/python3.7/site-packages/airflow/example_dags/example_branch_day_of_week_operator.py for tasks to queue
[2023-05-03T10:49:25.427+0000] {logging_mixin.py:149} INFO - [2023-05-03T10:49:25.427+0000] {dagbag.py:541} INFO - Filling up the DagBag from /home/airflow/.local/lib/python3.7/site-packages/airflow/example_dags/example_branch_day_of_week_operator.py
[2023-05-03T10:49:25.456+0000] {processor.py:809} INFO - DAG(s) dict_keys(['example_weekday_branch_operator']) retrieved from /home/airflow/.local/lib/python3.7/site-packages/airflow/example_dags/example_branch_day_of_week_operator.py
[2023-05-03T10:49:25.572+0000] {logging_mixin.py:149} INFO - [2023-05-03T10:49:25.571+0000] {dag.py:2726} INFO - Sync 1 DAGs
[2023-05-03T10:49:25.664+0000] {logging_mixin.py:149} INFO - [2023-05-03T10:49:25.664+0000] {dag.py:3490} INFO - Setting next_dagrun for example_weekday_branch_operator to 2023-05-02T00:00:00+00:00, run_after=2023-05-03T00:00:00+00:00
[2023-05-03T10:49:25.748+0000] {processor.py:178} INFO - Processing /home/airflow/.local/lib/python3.7/site-packages/airflow/example_dags/example_branch_day_of_week_operator.py took 0.341 seconds
[2023-05-03T10:50:01.559+0000] {processor.py:156} INFO - Started process (PID=7822) to work on /home/airflow/.local/lib/python3.7/site-packages/airflow/example_dags/example_branch_day_of_week_operator.py
[2023-05-03T10:50:01.561+0000] {processor.py:799} INFO - Processing file /home/airflow/.local/lib/python3.7/site-packages/airflow/example_dags/example_branch_day_of_week_operator.py for tasks to queue
[2023-05-03T10:50:01.563+0000] {logging_mixin.py:149} INFO - [2023-05-03T10:50:01.563+0000] {dagbag.py:541} INFO - Filling up the DagBag from /home/airflow/.local/lib/python3.7/site-packages/airflow/example_dags/example_branch_day_of_week_operator.py
[2023-05-03T10:50:01.609+0000] {processor.py:809} INFO - DAG(s) dict_keys(['example_weekday_branch_operator']) retrieved from /home/airflow/.local/lib/python3.7/site-packages/airflow/example_dags/example_branch_day_of_week_operator.py
[2023-05-03T10:50:01.741+0000] {logging_mixin.py:149} INFO - [2023-05-03T10:50:01.730+0000] {dag.py:2726} INFO - Sync 1 DAGs
[2023-05-03T10:50:01.881+0000] {logging_mixin.py:149} INFO - [2023-05-03T10:50:01.881+0000] {dag.py:3490} INFO - Setting next_dagrun for example_weekday_branch_operator to 2023-05-02T00:00:00+00:00, run_after=2023-05-03T00:00:00+00:00
[2023-05-03T10:50:02.018+0000] {processor.py:178} INFO - Processing /home/airflow/.local/lib/python3.7/site-packages/airflow/example_dags/example_branch_day_of_week_operator.py took 0.471 seconds
[2023-05-03T10:50:34.607+0000] {processor.py:156} INFO - Started process (PID=8057) to work on /home/airflow/.local/lib/python3.7/site-packages/airflow/example_dags/example_branch_day_of_week_operator.py
[2023-05-03T10:50:34.609+0000] {processor.py:799} INFO - Processing file /home/airflow/.local/lib/python3.7/site-packages/airflow/example_dags/example_branch_day_of_week_operator.py for tasks to queue
[2023-05-03T10:50:34.620+0000] {logging_mixin.py:149} INFO - [2023-05-03T10:50:34.619+0000] {dagbag.py:541} INFO - Filling up the DagBag from /home/airflow/.local/lib/python3.7/site-packages/airflow/example_dags/example_branch_day_of_week_operator.py
[2023-05-03T10:50:34.647+0000] {processor.py:809} INFO - DAG(s) dict_keys(['example_weekday_branch_operator']) retrieved from /home/airflow/.local/lib/python3.7/site-packages/airflow/example_dags/example_branch_day_of_week_operator.py
[2023-05-03T10:50:34.728+0000] {logging_mixin.py:149} INFO - [2023-05-03T10:50:34.728+0000] {dag.py:2726} INFO - Sync 1 DAGs
[2023-05-03T10:50:34.818+0000] {logging_mixin.py:149} INFO - [2023-05-03T10:50:34.817+0000] {dag.py:3490} INFO - Setting next_dagrun for example_weekday_branch_operator to 2023-05-02T00:00:00+00:00, run_after=2023-05-03T00:00:00+00:00
[2023-05-03T10:50:34.868+0000] {processor.py:178} INFO - Processing /home/airflow/.local/lib/python3.7/site-packages/airflow/example_dags/example_branch_day_of_week_operator.py took 0.268 seconds
[2023-05-03T10:51:05.663+0000] {processor.py:156} INFO - Started process (PID=8289) to work on /home/airflow/.local/lib/python3.7/site-packages/airflow/example_dags/example_branch_day_of_week_operator.py
[2023-05-03T10:51:05.666+0000] {processor.py:799} INFO - Processing file /home/airflow/.local/lib/python3.7/site-packages/airflow/example_dags/example_branch_day_of_week_operator.py for tasks to queue
[2023-05-03T10:51:05.669+0000] {logging_mixin.py:149} INFO - [2023-05-03T10:51:05.668+0000] {dagbag.py:541} INFO - Filling up the DagBag from /home/airflow/.local/lib/python3.7/site-packages/airflow/example_dags/example_branch_day_of_week_operator.py
[2023-05-03T10:51:05.695+0000] {processor.py:809} INFO - DAG(s) dict_keys(['example_weekday_branch_operator']) retrieved from /home/airflow/.local/lib/python3.7/site-packages/airflow/example_dags/example_branch_day_of_week_operator.py
[2023-05-03T10:51:05.785+0000] {logging_mixin.py:149} INFO - [2023-05-03T10:51:05.785+0000] {dag.py:2726} INFO - Sync 1 DAGs
[2023-05-03T10:51:05.905+0000] {logging_mixin.py:149} INFO - [2023-05-03T10:51:05.904+0000] {dag.py:3490} INFO - Setting next_dagrun for example_weekday_branch_operator to 2023-05-02T00:00:00+00:00, run_after=2023-05-03T00:00:00+00:00
[2023-05-03T10:51:05.961+0000] {processor.py:178} INFO - Processing /home/airflow/.local/lib/python3.7/site-packages/airflow/example_dags/example_branch_day_of_week_operator.py took 0.314 seconds
[2023-05-03T10:51:36.037+0000] {processor.py:156} INFO - Started process (PID=8523) to work on /home/airflow/.local/lib/python3.7/site-packages/airflow/example_dags/example_branch_day_of_week_operator.py
[2023-05-03T10:51:36.039+0000] {processor.py:799} INFO - Processing file /home/airflow/.local/lib/python3.7/site-packages/airflow/example_dags/example_branch_day_of_week_operator.py for tasks to queue
[2023-05-03T10:51:36.041+0000] {logging_mixin.py:149} INFO - [2023-05-03T10:51:36.040+0000] {dagbag.py:541} INFO - Filling up the DagBag from /home/airflow/.local/lib/python3.7/site-packages/airflow/example_dags/example_branch_day_of_week_operator.py
[2023-05-03T10:51:36.060+0000] {processor.py:809} INFO - DAG(s) dict_keys(['example_weekday_branch_operator']) retrieved from /home/airflow/.local/lib/python3.7/site-packages/airflow/example_dags/example_branch_day_of_week_operator.py
[2023-05-03T10:51:36.122+0000] {logging_mixin.py:149} INFO - [2023-05-03T10:51:36.121+0000] {dag.py:2726} INFO - Sync 1 DAGs
[2023-05-03T10:51:36.200+0000] {logging_mixin.py:149} INFO - [2023-05-03T10:51:36.199+0000] {dag.py:3490} INFO - Setting next_dagrun for example_weekday_branch_operator to 2023-05-02T00:00:00+00:00, run_after=2023-05-03T00:00:00+00:00
[2023-05-03T10:51:36.253+0000] {processor.py:178} INFO - Processing /home/airflow/.local/lib/python3.7/site-packages/airflow/example_dags/example_branch_day_of_week_operator.py took 0.223 seconds
[2023-05-03T10:52:08.318+0000] {processor.py:156} INFO - Started process (PID=8759) to work on /home/airflow/.local/lib/python3.7/site-packages/airflow/example_dags/example_branch_day_of_week_operator.py
[2023-05-03T10:52:08.322+0000] {processor.py:799} INFO - Processing file /home/airflow/.local/lib/python3.7/site-packages/airflow/example_dags/example_branch_day_of_week_operator.py for tasks to queue
[2023-05-03T10:52:08.326+0000] {logging_mixin.py:149} INFO - [2023-05-03T10:52:08.325+0000] {dagbag.py:541} INFO - Filling up the DagBag from /home/airflow/.local/lib/python3.7/site-packages/airflow/example_dags/example_branch_day_of_week_operator.py
[2023-05-03T10:52:08.354+0000] {processor.py:809} INFO - DAG(s) dict_keys(['example_weekday_branch_operator']) retrieved from /home/airflow/.local/lib/python3.7/site-packages/airflow/example_dags/example_branch_day_of_week_operator.py
[2023-05-03T10:52:08.457+0000] {logging_mixin.py:149} INFO - [2023-05-03T10:52:08.457+0000] {dag.py:2726} INFO - Sync 1 DAGs
[2023-05-03T10:52:08.557+0000] {logging_mixin.py:149} INFO - [2023-05-03T10:52:08.557+0000] {dag.py:3490} INFO - Setting next_dagrun for example_weekday_branch_operator to 2023-05-02T00:00:00+00:00, run_after=2023-05-03T00:00:00+00:00
[2023-05-03T10:52:08.623+0000] {processor.py:178} INFO - Processing /home/airflow/.local/lib/python3.7/site-packages/airflow/example_dags/example_branch_day_of_week_operator.py took 0.311 seconds
[2023-05-03T10:52:38.917+0000] {processor.py:156} INFO - Started process (PID=8989) to work on /home/airflow/.local/lib/python3.7/site-packages/airflow/example_dags/example_branch_day_of_week_operator.py
[2023-05-03T10:52:38.931+0000] {processor.py:799} INFO - Processing file /home/airflow/.local/lib/python3.7/site-packages/airflow/example_dags/example_branch_day_of_week_operator.py for tasks to queue
[2023-05-03T10:52:38.933+0000] {logging_mixin.py:149} INFO - [2023-05-03T10:52:38.933+0000] {dagbag.py:541} INFO - Filling up the DagBag from /home/airflow/.local/lib/python3.7/site-packages/airflow/example_dags/example_branch_day_of_week_operator.py
[2023-05-03T10:52:38.956+0000] {processor.py:809} INFO - DAG(s) dict_keys(['example_weekday_branch_operator']) retrieved from /home/airflow/.local/lib/python3.7/site-packages/airflow/example_dags/example_branch_day_of_week_operator.py
[2023-05-03T10:52:39.034+0000] {logging_mixin.py:149} INFO - [2023-05-03T10:52:39.033+0000] {dag.py:2726} INFO - Sync 1 DAGs
[2023-05-03T10:52:39.119+0000] {logging_mixin.py:149} INFO - [2023-05-03T10:52:39.119+0000] {dag.py:3490} INFO - Setting next_dagrun for example_weekday_branch_operator to 2023-05-02T00:00:00+00:00, run_after=2023-05-03T00:00:00+00:00
[2023-05-03T10:52:39.244+0000] {processor.py:178} INFO - Processing /home/airflow/.local/lib/python3.7/site-packages/airflow/example_dags/example_branch_day_of_week_operator.py took 0.331 seconds
[2023-05-03T10:53:11.567+0000] {processor.py:156} INFO - Started process (PID=9219) to work on /home/airflow/.local/lib/python3.7/site-packages/airflow/example_dags/example_branch_day_of_week_operator.py
[2023-05-03T10:53:11.575+0000] {processor.py:799} INFO - Processing file /home/airflow/.local/lib/python3.7/site-packages/airflow/example_dags/example_branch_day_of_week_operator.py for tasks to queue
[2023-05-03T10:53:11.582+0000] {logging_mixin.py:149} INFO - [2023-05-03T10:53:11.582+0000] {dagbag.py:541} INFO - Filling up the DagBag from /home/airflow/.local/lib/python3.7/site-packages/airflow/example_dags/example_branch_day_of_week_operator.py
[2023-05-03T10:53:11.611+0000] {processor.py:809} INFO - DAG(s) dict_keys(['example_weekday_branch_operator']) retrieved from /home/airflow/.local/lib/python3.7/site-packages/airflow/example_dags/example_branch_day_of_week_operator.py
[2023-05-03T10:53:11.900+0000] {logging_mixin.py:149} INFO - [2023-05-03T10:53:11.889+0000] {dag.py:2726} INFO - Sync 1 DAGs
[2023-05-03T10:53:12.055+0000] {logging_mixin.py:149} INFO - [2023-05-03T10:53:12.055+0000] {dag.py:3490} INFO - Setting next_dagrun for example_weekday_branch_operator to 2023-05-02T00:00:00+00:00, run_after=2023-05-03T00:00:00+00:00
[2023-05-03T10:53:12.150+0000] {processor.py:178} INFO - Processing /home/airflow/.local/lib/python3.7/site-packages/airflow/example_dags/example_branch_day_of_week_operator.py took 0.515 seconds
[2023-05-03T10:53:43.625+0000] {processor.py:156} INFO - Started process (PID=9455) to work on /home/airflow/.local/lib/python3.7/site-packages/airflow/example_dags/example_branch_day_of_week_operator.py
[2023-05-03T10:53:43.629+0000] {processor.py:799} INFO - Processing file /home/airflow/.local/lib/python3.7/site-packages/airflow/example_dags/example_branch_day_of_week_operator.py for tasks to queue
[2023-05-03T10:53:43.632+0000] {logging_mixin.py:149} INFO - [2023-05-03T10:53:43.630+0000] {dagbag.py:541} INFO - Filling up the DagBag from /home/airflow/.local/lib/python3.7/site-packages/airflow/example_dags/example_branch_day_of_week_operator.py
[2023-05-03T10:53:43.654+0000] {processor.py:809} INFO - DAG(s) dict_keys(['example_weekday_branch_operator']) retrieved from /home/airflow/.local/lib/python3.7/site-packages/airflow/example_dags/example_branch_day_of_week_operator.py
[2023-05-03T10:53:43.772+0000] {logging_mixin.py:149} INFO - [2023-05-03T10:53:43.772+0000] {dag.py:2726} INFO - Sync 1 DAGs
[2023-05-03T10:53:43.868+0000] {logging_mixin.py:149} INFO - [2023-05-03T10:53:43.868+0000] {dag.py:3490} INFO - Setting next_dagrun for example_weekday_branch_operator to 2023-05-02T00:00:00+00:00, run_after=2023-05-03T00:00:00+00:00
[2023-05-03T10:53:44.004+0000] {processor.py:178} INFO - Processing /home/airflow/.local/lib/python3.7/site-packages/airflow/example_dags/example_branch_day_of_week_operator.py took 0.392 seconds
[2023-05-03T10:54:14.138+0000] {processor.py:156} INFO - Started process (PID=9691) to work on /home/airflow/.local/lib/python3.7/site-packages/airflow/example_dags/example_branch_day_of_week_operator.py
[2023-05-03T10:54:14.142+0000] {processor.py:799} INFO - Processing file /home/airflow/.local/lib/python3.7/site-packages/airflow/example_dags/example_branch_day_of_week_operator.py for tasks to queue
[2023-05-03T10:54:14.143+0000] {logging_mixin.py:149} INFO - [2023-05-03T10:54:14.143+0000] {dagbag.py:541} INFO - Filling up the DagBag from /home/airflow/.local/lib/python3.7/site-packages/airflow/example_dags/example_branch_day_of_week_operator.py
[2023-05-03T10:54:14.161+0000] {processor.py:809} INFO - DAG(s) dict_keys(['example_weekday_branch_operator']) retrieved from /home/airflow/.local/lib/python3.7/site-packages/airflow/example_dags/example_branch_day_of_week_operator.py
[2023-05-03T10:54:14.229+0000] {logging_mixin.py:149} INFO - [2023-05-03T10:54:14.229+0000] {dag.py:2726} INFO - Sync 1 DAGs
[2023-05-03T10:54:14.314+0000] {logging_mixin.py:149} INFO - [2023-05-03T10:54:14.314+0000] {dag.py:3490} INFO - Setting next_dagrun for example_weekday_branch_operator to 2023-05-02T00:00:00+00:00, run_after=2023-05-03T00:00:00+00:00
[2023-05-03T10:54:14.374+0000] {processor.py:178} INFO - Processing /home/airflow/.local/lib/python3.7/site-packages/airflow/example_dags/example_branch_day_of_week_operator.py took 0.250 seconds
[2023-05-03T10:54:54.351+0000] {processor.py:156} INFO - Started process (PID=9926) to work on /home/airflow/.local/lib/python3.7/site-packages/airflow/example_dags/example_branch_day_of_week_operator.py
[2023-05-03T10:54:54.364+0000] {processor.py:799} INFO - Processing file /home/airflow/.local/lib/python3.7/site-packages/airflow/example_dags/example_branch_day_of_week_operator.py for tasks to queue
[2023-05-03T10:54:54.365+0000] {logging_mixin.py:149} INFO - [2023-05-03T10:54:54.365+0000] {dagbag.py:541} INFO - Filling up the DagBag from /home/airflow/.local/lib/python3.7/site-packages/airflow/example_dags/example_branch_day_of_week_operator.py
[2023-05-03T10:54:54.397+0000] {processor.py:809} INFO - DAG(s) dict_keys(['example_weekday_branch_operator']) retrieved from /home/airflow/.local/lib/python3.7/site-packages/airflow/example_dags/example_branch_day_of_week_operator.py
[2023-05-03T10:54:54.544+0000] {logging_mixin.py:149} INFO - [2023-05-03T10:54:54.544+0000] {dag.py:2726} INFO - Sync 1 DAGs
[2023-05-03T10:54:54.653+0000] {logging_mixin.py:149} INFO - [2023-05-03T10:54:54.653+0000] {dag.py:3490} INFO - Setting next_dagrun for example_weekday_branch_operator to 2023-05-02T00:00:00+00:00, run_after=2023-05-03T00:00:00+00:00
[2023-05-03T10:54:54.733+0000] {processor.py:178} INFO - Processing /home/airflow/.local/lib/python3.7/site-packages/airflow/example_dags/example_branch_day_of_week_operator.py took 0.388 seconds
