[2023-05-03T09:31:27.844+0000] {processor.py:156} INFO - Started process (PID=333) to work on /home/airflow/.local/lib/python3.7/site-packages/airflow/example_dags/example_task_group_decorator.py
[2023-05-03T09:31:27.846+0000] {processor.py:799} INFO - Processing file /home/airflow/.local/lib/python3.7/site-packages/airflow/example_dags/example_task_group_decorator.py for tasks to queue
[2023-05-03T09:31:27.852+0000] {logging_mixin.py:149} INFO - [2023-05-03T09:31:27.851+0000] {dagbag.py:541} INFO - Filling up the DagBag from /home/airflow/.local/lib/python3.7/site-packages/airflow/example_dags/example_task_group_decorator.py
[2023-05-03T09:31:27.906+0000] {processor.py:809} INFO - DAG(s) dict_keys(['example_task_group_decorator']) retrieved from /home/airflow/.local/lib/python3.7/site-packages/airflow/example_dags/example_task_group_decorator.py
[2023-05-03T09:31:28.074+0000] {logging_mixin.py:149} INFO - [2023-05-03T09:31:28.071+0000] {dag.py:2726} INFO - Sync 1 DAGs
[2023-05-03T09:31:28.152+0000] {logging_mixin.py:149} INFO - [2023-05-03T09:31:28.151+0000] {dag.py:3490} INFO - Setting next_dagrun for example_task_group_decorator to 2023-05-02T09:31:28.151036+00:00, run_after=2023-05-03T09:31:28.151036+00:00
[2023-05-03T09:31:28.251+0000] {processor.py:178} INFO - Processing /home/airflow/.local/lib/python3.7/site-packages/airflow/example_dags/example_task_group_decorator.py took 0.418 seconds
[2023-05-03T09:32:13.230+0000] {processor.py:156} INFO - Started process (PID=567) to work on /home/airflow/.local/lib/python3.7/site-packages/airflow/example_dags/example_task_group_decorator.py
[2023-05-03T09:32:13.234+0000] {processor.py:799} INFO - Processing file /home/airflow/.local/lib/python3.7/site-packages/airflow/example_dags/example_task_group_decorator.py for tasks to queue
[2023-05-03T09:32:13.240+0000] {logging_mixin.py:149} INFO - [2023-05-03T09:32:13.240+0000] {dagbag.py:541} INFO - Filling up the DagBag from /home/airflow/.local/lib/python3.7/site-packages/airflow/example_dags/example_task_group_decorator.py
[2023-05-03T09:32:13.288+0000] {processor.py:809} INFO - DAG(s) dict_keys(['example_task_group_decorator']) retrieved from /home/airflow/.local/lib/python3.7/site-packages/airflow/example_dags/example_task_group_decorator.py
[2023-05-03T09:32:14.221+0000] {logging_mixin.py:149} INFO - [2023-05-03T09:32:14.221+0000] {dag.py:2726} INFO - Sync 1 DAGs
[2023-05-03T09:32:14.419+0000] {logging_mixin.py:149} INFO - [2023-05-03T09:32:14.418+0000] {dag.py:3490} INFO - Setting next_dagrun for example_task_group_decorator to 2023-05-02T09:32:14.418233+00:00, run_after=2023-05-03T09:32:14.418233+00:00
[2023-05-03T09:32:14.554+0000] {processor.py:178} INFO - Processing /home/airflow/.local/lib/python3.7/site-packages/airflow/example_dags/example_task_group_decorator.py took 1.331 seconds
[2023-05-03T09:32:44.946+0000] {processor.py:156} INFO - Started process (PID=803) to work on /home/airflow/.local/lib/python3.7/site-packages/airflow/example_dags/example_task_group_decorator.py
[2023-05-03T09:32:44.952+0000] {processor.py:799} INFO - Processing file /home/airflow/.local/lib/python3.7/site-packages/airflow/example_dags/example_task_group_decorator.py for tasks to queue
[2023-05-03T09:32:44.965+0000] {logging_mixin.py:149} INFO - [2023-05-03T09:32:44.959+0000] {dagbag.py:541} INFO - Filling up the DagBag from /home/airflow/.local/lib/python3.7/site-packages/airflow/example_dags/example_task_group_decorator.py
[2023-05-03T09:32:45.035+0000] {processor.py:809} INFO - DAG(s) dict_keys(['example_task_group_decorator']) retrieved from /home/airflow/.local/lib/python3.7/site-packages/airflow/example_dags/example_task_group_decorator.py
[2023-05-03T09:32:45.129+0000] {logging_mixin.py:149} INFO - [2023-05-03T09:32:45.129+0000] {dag.py:2726} INFO - Sync 1 DAGs
[2023-05-03T09:32:45.200+0000] {logging_mixin.py:149} INFO - [2023-05-03T09:32:45.198+0000] {dag.py:3490} INFO - Setting next_dagrun for example_task_group_decorator to 2023-05-02T09:32:45.198010+00:00, run_after=2023-05-03T09:32:45.198010+00:00
[2023-05-03T09:32:45.255+0000] {processor.py:178} INFO - Processing /home/airflow/.local/lib/python3.7/site-packages/airflow/example_dags/example_task_group_decorator.py took 0.317 seconds
[2023-05-03T09:33:33.111+0000] {processor.py:156} INFO - Started process (PID=1030) to work on /home/airflow/.local/lib/python3.7/site-packages/airflow/example_dags/example_task_group_decorator.py
[2023-05-03T09:33:33.115+0000] {processor.py:799} INFO - Processing file /home/airflow/.local/lib/python3.7/site-packages/airflow/example_dags/example_task_group_decorator.py for tasks to queue
[2023-05-03T09:33:33.116+0000] {logging_mixin.py:149} INFO - [2023-05-03T09:33:33.116+0000] {dagbag.py:541} INFO - Filling up the DagBag from /home/airflow/.local/lib/python3.7/site-packages/airflow/example_dags/example_task_group_decorator.py
[2023-05-03T09:33:33.185+0000] {processor.py:809} INFO - DAG(s) dict_keys(['example_task_group_decorator']) retrieved from /home/airflow/.local/lib/python3.7/site-packages/airflow/example_dags/example_task_group_decorator.py
[2023-05-03T09:33:33.277+0000] {logging_mixin.py:149} INFO - [2023-05-03T09:33:33.276+0000] {dag.py:2726} INFO - Sync 1 DAGs
[2023-05-03T09:33:33.339+0000] {logging_mixin.py:149} INFO - [2023-05-03T09:33:33.338+0000] {dag.py:3490} INFO - Setting next_dagrun for example_task_group_decorator to 2023-05-02T09:33:33.338470+00:00, run_after=2023-05-03T09:33:33.338470+00:00
[2023-05-03T09:33:33.395+0000] {processor.py:178} INFO - Processing /home/airflow/.local/lib/python3.7/site-packages/airflow/example_dags/example_task_group_decorator.py took 0.295 seconds
[2023-05-03T09:34:08.720+0000] {processor.py:156} INFO - Started process (PID=1305) to work on /home/airflow/.local/lib/python3.7/site-packages/airflow/example_dags/example_task_group_decorator.py
[2023-05-03T09:34:08.723+0000] {processor.py:799} INFO - Processing file /home/airflow/.local/lib/python3.7/site-packages/airflow/example_dags/example_task_group_decorator.py for tasks to queue
[2023-05-03T09:34:08.733+0000] {logging_mixin.py:149} INFO - [2023-05-03T09:34:08.733+0000] {dagbag.py:541} INFO - Filling up the DagBag from /home/airflow/.local/lib/python3.7/site-packages/airflow/example_dags/example_task_group_decorator.py
[2023-05-03T09:34:08.792+0000] {processor.py:809} INFO - DAG(s) dict_keys(['example_task_group_decorator']) retrieved from /home/airflow/.local/lib/python3.7/site-packages/airflow/example_dags/example_task_group_decorator.py
[2023-05-03T09:34:08.881+0000] {logging_mixin.py:149} INFO - [2023-05-03T09:34:08.880+0000] {dag.py:2726} INFO - Sync 1 DAGs
[2023-05-03T09:34:08.948+0000] {logging_mixin.py:149} INFO - [2023-05-03T09:34:08.948+0000] {dag.py:3490} INFO - Setting next_dagrun for example_task_group_decorator to 2023-05-02T09:34:08.947871+00:00, run_after=2023-05-03T09:34:08.947871+00:00
[2023-05-03T09:34:09.004+0000] {processor.py:178} INFO - Processing /home/airflow/.local/lib/python3.7/site-packages/airflow/example_dags/example_task_group_decorator.py took 0.289 seconds
[2023-05-03T09:34:39.774+0000] {processor.py:156} INFO - Started process (PID=1546) to work on /home/airflow/.local/lib/python3.7/site-packages/airflow/example_dags/example_task_group_decorator.py
[2023-05-03T09:34:39.776+0000] {processor.py:799} INFO - Processing file /home/airflow/.local/lib/python3.7/site-packages/airflow/example_dags/example_task_group_decorator.py for tasks to queue
[2023-05-03T09:34:39.778+0000] {logging_mixin.py:149} INFO - [2023-05-03T09:34:39.778+0000] {dagbag.py:541} INFO - Filling up the DagBag from /home/airflow/.local/lib/python3.7/site-packages/airflow/example_dags/example_task_group_decorator.py
[2023-05-03T09:34:39.814+0000] {processor.py:809} INFO - DAG(s) dict_keys(['example_task_group_decorator']) retrieved from /home/airflow/.local/lib/python3.7/site-packages/airflow/example_dags/example_task_group_decorator.py
[2023-05-03T09:34:39.921+0000] {logging_mixin.py:149} INFO - [2023-05-03T09:34:39.920+0000] {dag.py:2726} INFO - Sync 1 DAGs
[2023-05-03T09:34:40.001+0000] {logging_mixin.py:149} INFO - [2023-05-03T09:34:40.000+0000] {dag.py:3490} INFO - Setting next_dagrun for example_task_group_decorator to 2023-05-02T09:34:40.000359+00:00, run_after=2023-05-03T09:34:40.000359+00:00
[2023-05-03T09:34:40.067+0000] {processor.py:178} INFO - Processing /home/airflow/.local/lib/python3.7/site-packages/airflow/example_dags/example_task_group_decorator.py took 0.298 seconds
[2023-05-03T09:35:10.733+0000] {processor.py:156} INFO - Started process (PID=1784) to work on /home/airflow/.local/lib/python3.7/site-packages/airflow/example_dags/example_task_group_decorator.py
[2023-05-03T09:35:10.744+0000] {processor.py:799} INFO - Processing file /home/airflow/.local/lib/python3.7/site-packages/airflow/example_dags/example_task_group_decorator.py for tasks to queue
[2023-05-03T09:35:10.745+0000] {logging_mixin.py:149} INFO - [2023-05-03T09:35:10.745+0000] {dagbag.py:541} INFO - Filling up the DagBag from /home/airflow/.local/lib/python3.7/site-packages/airflow/example_dags/example_task_group_decorator.py
[2023-05-03T09:35:10.770+0000] {processor.py:809} INFO - DAG(s) dict_keys(['example_task_group_decorator']) retrieved from /home/airflow/.local/lib/python3.7/site-packages/airflow/example_dags/example_task_group_decorator.py
[2023-05-03T09:35:10.850+0000] {logging_mixin.py:149} INFO - [2023-05-03T09:35:10.850+0000] {dag.py:2726} INFO - Sync 1 DAGs
[2023-05-03T09:35:10.911+0000] {logging_mixin.py:149} INFO - [2023-05-03T09:35:10.911+0000] {dag.py:3490} INFO - Setting next_dagrun for example_task_group_decorator to 2023-05-02T09:35:10.910994+00:00, run_after=2023-05-03T09:35:10.910994+00:00
[2023-05-03T09:35:10.975+0000] {processor.py:178} INFO - Processing /home/airflow/.local/lib/python3.7/site-packages/airflow/example_dags/example_task_group_decorator.py took 0.248 seconds
[2023-05-03T09:35:51.393+0000] {processor.py:156} INFO - Started process (PID=2018) to work on /home/airflow/.local/lib/python3.7/site-packages/airflow/example_dags/example_task_group_decorator.py
[2023-05-03T09:35:51.396+0000] {processor.py:799} INFO - Processing file /home/airflow/.local/lib/python3.7/site-packages/airflow/example_dags/example_task_group_decorator.py for tasks to queue
[2023-05-03T09:35:51.399+0000] {logging_mixin.py:149} INFO - [2023-05-03T09:35:51.398+0000] {dagbag.py:541} INFO - Filling up the DagBag from /home/airflow/.local/lib/python3.7/site-packages/airflow/example_dags/example_task_group_decorator.py
[2023-05-03T09:35:51.454+0000] {processor.py:809} INFO - DAG(s) dict_keys(['example_task_group_decorator']) retrieved from /home/airflow/.local/lib/python3.7/site-packages/airflow/example_dags/example_task_group_decorator.py
[2023-05-03T09:35:51.518+0000] {logging_mixin.py:149} INFO - [2023-05-03T09:35:51.517+0000] {dag.py:2726} INFO - Sync 1 DAGs
[2023-05-03T09:35:51.572+0000] {logging_mixin.py:149} INFO - [2023-05-03T09:35:51.572+0000] {dag.py:3490} INFO - Setting next_dagrun for example_task_group_decorator to 2023-05-02T09:35:51.571889+00:00, run_after=2023-05-03T09:35:51.571889+00:00
[2023-05-03T09:35:51.617+0000] {processor.py:178} INFO - Processing /home/airflow/.local/lib/python3.7/site-packages/airflow/example_dags/example_task_group_decorator.py took 0.230 seconds
[2023-05-03T09:36:23.161+0000] {processor.py:156} INFO - Started process (PID=2255) to work on /home/airflow/.local/lib/python3.7/site-packages/airflow/example_dags/example_task_group_decorator.py
[2023-05-03T09:36:23.163+0000] {processor.py:799} INFO - Processing file /home/airflow/.local/lib/python3.7/site-packages/airflow/example_dags/example_task_group_decorator.py for tasks to queue
[2023-05-03T09:36:23.165+0000] {logging_mixin.py:149} INFO - [2023-05-03T09:36:23.165+0000] {dagbag.py:541} INFO - Filling up the DagBag from /home/airflow/.local/lib/python3.7/site-packages/airflow/example_dags/example_task_group_decorator.py
[2023-05-03T09:36:23.189+0000] {processor.py:809} INFO - DAG(s) dict_keys(['example_task_group_decorator']) retrieved from /home/airflow/.local/lib/python3.7/site-packages/airflow/example_dags/example_task_group_decorator.py
[2023-05-03T09:36:23.286+0000] {logging_mixin.py:149} INFO - [2023-05-03T09:36:23.285+0000] {dag.py:2726} INFO - Sync 1 DAGs
[2023-05-03T09:36:23.369+0000] {logging_mixin.py:149} INFO - [2023-05-03T09:36:23.369+0000] {dag.py:3490} INFO - Setting next_dagrun for example_task_group_decorator to 2023-05-02T09:36:23.368459+00:00, run_after=2023-05-03T09:36:23.368459+00:00
[2023-05-03T09:36:23.434+0000] {processor.py:178} INFO - Processing /home/airflow/.local/lib/python3.7/site-packages/airflow/example_dags/example_task_group_decorator.py took 0.277 seconds
[2023-05-03T09:36:54.316+0000] {processor.py:156} INFO - Started process (PID=2499) to work on /home/airflow/.local/lib/python3.7/site-packages/airflow/example_dags/example_task_group_decorator.py
[2023-05-03T09:36:54.318+0000] {processor.py:799} INFO - Processing file /home/airflow/.local/lib/python3.7/site-packages/airflow/example_dags/example_task_group_decorator.py for tasks to queue
[2023-05-03T09:36:54.320+0000] {logging_mixin.py:149} INFO - [2023-05-03T09:36:54.320+0000] {dagbag.py:541} INFO - Filling up the DagBag from /home/airflow/.local/lib/python3.7/site-packages/airflow/example_dags/example_task_group_decorator.py
[2023-05-03T09:36:54.345+0000] {processor.py:809} INFO - DAG(s) dict_keys(['example_task_group_decorator']) retrieved from /home/airflow/.local/lib/python3.7/site-packages/airflow/example_dags/example_task_group_decorator.py
[2023-05-03T09:36:54.393+0000] {logging_mixin.py:149} INFO - [2023-05-03T09:36:54.393+0000] {dag.py:2726} INFO - Sync 1 DAGs
[2023-05-03T09:36:54.444+0000] {logging_mixin.py:149} INFO - [2023-05-03T09:36:54.444+0000] {dag.py:3490} INFO - Setting next_dagrun for example_task_group_decorator to 2023-05-02T09:36:54.443921+00:00, run_after=2023-05-03T09:36:54.443921+00:00
[2023-05-03T09:36:54.478+0000] {processor.py:178} INFO - Processing /home/airflow/.local/lib/python3.7/site-packages/airflow/example_dags/example_task_group_decorator.py took 0.166 seconds
[2023-05-03T09:37:26.139+0000] {processor.py:156} INFO - Started process (PID=2733) to work on /home/airflow/.local/lib/python3.7/site-packages/airflow/example_dags/example_task_group_decorator.py
[2023-05-03T09:37:26.142+0000] {processor.py:799} INFO - Processing file /home/airflow/.local/lib/python3.7/site-packages/airflow/example_dags/example_task_group_decorator.py for tasks to queue
[2023-05-03T09:37:26.143+0000] {logging_mixin.py:149} INFO - [2023-05-03T09:37:26.143+0000] {dagbag.py:541} INFO - Filling up the DagBag from /home/airflow/.local/lib/python3.7/site-packages/airflow/example_dags/example_task_group_decorator.py
[2023-05-03T09:37:26.172+0000] {processor.py:809} INFO - DAG(s) dict_keys(['example_task_group_decorator']) retrieved from /home/airflow/.local/lib/python3.7/site-packages/airflow/example_dags/example_task_group_decorator.py
[2023-05-03T09:37:26.234+0000] {logging_mixin.py:149} INFO - [2023-05-03T09:37:26.233+0000] {dag.py:2726} INFO - Sync 1 DAGs
[2023-05-03T09:37:26.275+0000] {logging_mixin.py:149} INFO - [2023-05-03T09:37:26.274+0000] {dag.py:3490} INFO - Setting next_dagrun for example_task_group_decorator to 2023-05-02T09:37:26.274357+00:00, run_after=2023-05-03T09:37:26.274357+00:00
[2023-05-03T09:37:26.317+0000] {processor.py:178} INFO - Processing /home/airflow/.local/lib/python3.7/site-packages/airflow/example_dags/example_task_group_decorator.py took 0.185 seconds
[2023-05-03T09:38:00.700+0000] {processor.py:156} INFO - Started process (PID=2979) to work on /home/airflow/.local/lib/python3.7/site-packages/airflow/example_dags/example_task_group_decorator.py
[2023-05-03T09:38:00.702+0000] {processor.py:799} INFO - Processing file /home/airflow/.local/lib/python3.7/site-packages/airflow/example_dags/example_task_group_decorator.py for tasks to queue
[2023-05-03T09:38:00.704+0000] {logging_mixin.py:149} INFO - [2023-05-03T09:38:00.704+0000] {dagbag.py:541} INFO - Filling up the DagBag from /home/airflow/.local/lib/python3.7/site-packages/airflow/example_dags/example_task_group_decorator.py
[2023-05-03T09:38:00.731+0000] {processor.py:809} INFO - DAG(s) dict_keys(['example_task_group_decorator']) retrieved from /home/airflow/.local/lib/python3.7/site-packages/airflow/example_dags/example_task_group_decorator.py
[2023-05-03T09:38:00.779+0000] {logging_mixin.py:149} INFO - [2023-05-03T09:38:00.778+0000] {dag.py:2726} INFO - Sync 1 DAGs
[2023-05-03T09:38:00.828+0000] {logging_mixin.py:149} INFO - [2023-05-03T09:38:00.828+0000] {dag.py:3490} INFO - Setting next_dagrun for example_task_group_decorator to 2023-05-02T09:38:00.828321+00:00, run_after=2023-05-03T09:38:00.828321+00:00
[2023-05-03T09:38:00.862+0000] {processor.py:178} INFO - Processing /home/airflow/.local/lib/python3.7/site-packages/airflow/example_dags/example_task_group_decorator.py took 0.166 seconds
[2023-05-03T09:38:34.899+0000] {processor.py:156} INFO - Started process (PID=3215) to work on /home/airflow/.local/lib/python3.7/site-packages/airflow/example_dags/example_task_group_decorator.py
[2023-05-03T09:38:34.902+0000] {processor.py:799} INFO - Processing file /home/airflow/.local/lib/python3.7/site-packages/airflow/example_dags/example_task_group_decorator.py for tasks to queue
[2023-05-03T09:38:34.904+0000] {logging_mixin.py:149} INFO - [2023-05-03T09:38:34.903+0000] {dagbag.py:541} INFO - Filling up the DagBag from /home/airflow/.local/lib/python3.7/site-packages/airflow/example_dags/example_task_group_decorator.py
[2023-05-03T09:38:34.930+0000] {processor.py:809} INFO - DAG(s) dict_keys(['example_task_group_decorator']) retrieved from /home/airflow/.local/lib/python3.7/site-packages/airflow/example_dags/example_task_group_decorator.py
[2023-05-03T09:38:34.983+0000] {logging_mixin.py:149} INFO - [2023-05-03T09:38:34.982+0000] {dag.py:2726} INFO - Sync 1 DAGs
[2023-05-03T09:38:35.029+0000] {logging_mixin.py:149} INFO - [2023-05-03T09:38:35.029+0000] {dag.py:3490} INFO - Setting next_dagrun for example_task_group_decorator to 2023-05-02T09:38:35.029037+00:00, run_after=2023-05-03T09:38:35.029037+00:00
[2023-05-03T09:38:35.073+0000] {processor.py:178} INFO - Processing /home/airflow/.local/lib/python3.7/site-packages/airflow/example_dags/example_task_group_decorator.py took 0.178 seconds
[2023-05-03T09:39:06.320+0000] {processor.py:156} INFO - Started process (PID=3453) to work on /home/airflow/.local/lib/python3.7/site-packages/airflow/example_dags/example_task_group_decorator.py
[2023-05-03T09:39:06.325+0000] {processor.py:799} INFO - Processing file /home/airflow/.local/lib/python3.7/site-packages/airflow/example_dags/example_task_group_decorator.py for tasks to queue
[2023-05-03T09:39:06.327+0000] {logging_mixin.py:149} INFO - [2023-05-03T09:39:06.326+0000] {dagbag.py:541} INFO - Filling up the DagBag from /home/airflow/.local/lib/python3.7/site-packages/airflow/example_dags/example_task_group_decorator.py
[2023-05-03T09:39:06.358+0000] {processor.py:809} INFO - DAG(s) dict_keys(['example_task_group_decorator']) retrieved from /home/airflow/.local/lib/python3.7/site-packages/airflow/example_dags/example_task_group_decorator.py
[2023-05-03T09:39:06.402+0000] {logging_mixin.py:149} INFO - [2023-05-03T09:39:06.401+0000] {dag.py:2726} INFO - Sync 1 DAGs
[2023-05-03T09:39:06.459+0000] {logging_mixin.py:149} INFO - [2023-05-03T09:39:06.458+0000] {dag.py:3490} INFO - Setting next_dagrun for example_task_group_decorator to 2023-05-02T09:39:06.458563+00:00, run_after=2023-05-03T09:39:06.458563+00:00
[2023-05-03T09:39:06.504+0000] {processor.py:178} INFO - Processing /home/airflow/.local/lib/python3.7/site-packages/airflow/example_dags/example_task_group_decorator.py took 0.191 seconds
[2023-05-03T09:39:38.092+0000] {processor.py:156} INFO - Started process (PID=3688) to work on /home/airflow/.local/lib/python3.7/site-packages/airflow/example_dags/example_task_group_decorator.py
[2023-05-03T09:39:38.094+0000] {processor.py:799} INFO - Processing file /home/airflow/.local/lib/python3.7/site-packages/airflow/example_dags/example_task_group_decorator.py for tasks to queue
[2023-05-03T09:39:38.097+0000] {logging_mixin.py:149} INFO - [2023-05-03T09:39:38.096+0000] {dagbag.py:541} INFO - Filling up the DagBag from /home/airflow/.local/lib/python3.7/site-packages/airflow/example_dags/example_task_group_decorator.py
[2023-05-03T09:39:38.141+0000] {processor.py:809} INFO - DAG(s) dict_keys(['example_task_group_decorator']) retrieved from /home/airflow/.local/lib/python3.7/site-packages/airflow/example_dags/example_task_group_decorator.py
[2023-05-03T09:39:38.211+0000] {logging_mixin.py:149} INFO - [2023-05-03T09:39:38.211+0000] {dag.py:2726} INFO - Sync 1 DAGs
[2023-05-03T09:39:38.279+0000] {logging_mixin.py:149} INFO - [2023-05-03T09:39:38.278+0000] {dag.py:3490} INFO - Setting next_dagrun for example_task_group_decorator to 2023-05-02T09:39:38.278410+00:00, run_after=2023-05-03T09:39:38.278410+00:00
[2023-05-03T09:39:38.322+0000] {processor.py:178} INFO - Processing /home/airflow/.local/lib/python3.7/site-packages/airflow/example_dags/example_task_group_decorator.py took 0.241 seconds
[2023-05-03T09:40:08.881+0000] {processor.py:156} INFO - Started process (PID=3929) to work on /home/airflow/.local/lib/python3.7/site-packages/airflow/example_dags/example_task_group_decorator.py
[2023-05-03T09:40:08.883+0000] {processor.py:799} INFO - Processing file /home/airflow/.local/lib/python3.7/site-packages/airflow/example_dags/example_task_group_decorator.py for tasks to queue
[2023-05-03T09:40:08.884+0000] {logging_mixin.py:149} INFO - [2023-05-03T09:40:08.884+0000] {dagbag.py:541} INFO - Filling up the DagBag from /home/airflow/.local/lib/python3.7/site-packages/airflow/example_dags/example_task_group_decorator.py
[2023-05-03T09:40:08.907+0000] {processor.py:809} INFO - DAG(s) dict_keys(['example_task_group_decorator']) retrieved from /home/airflow/.local/lib/python3.7/site-packages/airflow/example_dags/example_task_group_decorator.py
[2023-05-03T09:40:08.969+0000] {logging_mixin.py:149} INFO - [2023-05-03T09:40:08.969+0000] {dag.py:2726} INFO - Sync 1 DAGs
[2023-05-03T09:40:09.017+0000] {logging_mixin.py:149} INFO - [2023-05-03T09:40:09.017+0000] {dag.py:3490} INFO - Setting next_dagrun for example_task_group_decorator to 2023-05-02T09:40:09.016749+00:00, run_after=2023-05-03T09:40:09.016749+00:00
[2023-05-03T09:40:09.053+0000] {processor.py:178} INFO - Processing /home/airflow/.local/lib/python3.7/site-packages/airflow/example_dags/example_task_group_decorator.py took 0.177 seconds
[2023-05-03T09:40:40.254+0000] {processor.py:156} INFO - Started process (PID=4175) to work on /home/airflow/.local/lib/python3.7/site-packages/airflow/example_dags/example_task_group_decorator.py
[2023-05-03T09:40:40.256+0000] {processor.py:799} INFO - Processing file /home/airflow/.local/lib/python3.7/site-packages/airflow/example_dags/example_task_group_decorator.py for tasks to queue
[2023-05-03T09:40:40.258+0000] {logging_mixin.py:149} INFO - [2023-05-03T09:40:40.258+0000] {dagbag.py:541} INFO - Filling up the DagBag from /home/airflow/.local/lib/python3.7/site-packages/airflow/example_dags/example_task_group_decorator.py
[2023-05-03T09:40:40.282+0000] {processor.py:809} INFO - DAG(s) dict_keys(['example_task_group_decorator']) retrieved from /home/airflow/.local/lib/python3.7/site-packages/airflow/example_dags/example_task_group_decorator.py
[2023-05-03T09:40:40.334+0000] {logging_mixin.py:149} INFO - [2023-05-03T09:40:40.334+0000] {dag.py:2726} INFO - Sync 1 DAGs
[2023-05-03T09:40:40.380+0000] {logging_mixin.py:149} INFO - [2023-05-03T09:40:40.379+0000] {dag.py:3490} INFO - Setting next_dagrun for example_task_group_decorator to 2023-05-02T09:40:40.379459+00:00, run_after=2023-05-03T09:40:40.379459+00:00
[2023-05-03T09:40:40.424+0000] {processor.py:178} INFO - Processing /home/airflow/.local/lib/python3.7/site-packages/airflow/example_dags/example_task_group_decorator.py took 0.176 seconds
[2023-05-03T09:41:10.813+0000] {processor.py:156} INFO - Started process (PID=4411) to work on /home/airflow/.local/lib/python3.7/site-packages/airflow/example_dags/example_task_group_decorator.py
[2023-05-03T09:41:10.815+0000] {processor.py:799} INFO - Processing file /home/airflow/.local/lib/python3.7/site-packages/airflow/example_dags/example_task_group_decorator.py for tasks to queue
[2023-05-03T09:41:10.817+0000] {logging_mixin.py:149} INFO - [2023-05-03T09:41:10.817+0000] {dagbag.py:541} INFO - Filling up the DagBag from /home/airflow/.local/lib/python3.7/site-packages/airflow/example_dags/example_task_group_decorator.py
[2023-05-03T09:41:10.838+0000] {processor.py:809} INFO - DAG(s) dict_keys(['example_task_group_decorator']) retrieved from /home/airflow/.local/lib/python3.7/site-packages/airflow/example_dags/example_task_group_decorator.py
[2023-05-03T09:41:10.885+0000] {logging_mixin.py:149} INFO - [2023-05-03T09:41:10.884+0000] {dag.py:2726} INFO - Sync 1 DAGs
[2023-05-03T09:41:10.952+0000] {logging_mixin.py:149} INFO - [2023-05-03T09:41:10.952+0000] {dag.py:3490} INFO - Setting next_dagrun for example_task_group_decorator to 2023-05-02T09:41:10.952153+00:00, run_after=2023-05-03T09:41:10.952153+00:00
[2023-05-03T09:41:10.985+0000] {processor.py:178} INFO - Processing /home/airflow/.local/lib/python3.7/site-packages/airflow/example_dags/example_task_group_decorator.py took 0.178 seconds
[2023-05-03T09:41:42.812+0000] {processor.py:156} INFO - Started process (PID=4647) to work on /home/airflow/.local/lib/python3.7/site-packages/airflow/example_dags/example_task_group_decorator.py
[2023-05-03T09:41:42.814+0000] {processor.py:799} INFO - Processing file /home/airflow/.local/lib/python3.7/site-packages/airflow/example_dags/example_task_group_decorator.py for tasks to queue
[2023-05-03T09:41:42.816+0000] {logging_mixin.py:149} INFO - [2023-05-03T09:41:42.816+0000] {dagbag.py:541} INFO - Filling up the DagBag from /home/airflow/.local/lib/python3.7/site-packages/airflow/example_dags/example_task_group_decorator.py
[2023-05-03T09:41:42.872+0000] {processor.py:809} INFO - DAG(s) dict_keys(['example_task_group_decorator']) retrieved from /home/airflow/.local/lib/python3.7/site-packages/airflow/example_dags/example_task_group_decorator.py
[2023-05-03T09:41:42.967+0000] {logging_mixin.py:149} INFO - [2023-05-03T09:41:42.967+0000] {dag.py:2726} INFO - Sync 1 DAGs
[2023-05-03T09:41:43.067+0000] {logging_mixin.py:149} INFO - [2023-05-03T09:41:43.066+0000] {dag.py:3490} INFO - Setting next_dagrun for example_task_group_decorator to 2023-05-02T09:41:43.066440+00:00, run_after=2023-05-03T09:41:43.066440+00:00
[2023-05-03T09:41:43.143+0000] {processor.py:178} INFO - Processing /home/airflow/.local/lib/python3.7/site-packages/airflow/example_dags/example_task_group_decorator.py took 0.336 seconds
[2023-05-03T09:44:55.859+0000] {processor.py:156} INFO - Started process (PID=333) to work on /home/airflow/.local/lib/python3.7/site-packages/airflow/example_dags/example_task_group_decorator.py
[2023-05-03T09:44:55.866+0000] {processor.py:799} INFO - Processing file /home/airflow/.local/lib/python3.7/site-packages/airflow/example_dags/example_task_group_decorator.py for tasks to queue
[2023-05-03T09:44:55.870+0000] {logging_mixin.py:149} INFO - [2023-05-03T09:44:55.868+0000] {dagbag.py:541} INFO - Filling up the DagBag from /home/airflow/.local/lib/python3.7/site-packages/airflow/example_dags/example_task_group_decorator.py
[2023-05-03T09:44:55.998+0000] {processor.py:809} INFO - DAG(s) dict_keys(['example_task_group_decorator']) retrieved from /home/airflow/.local/lib/python3.7/site-packages/airflow/example_dags/example_task_group_decorator.py
[2023-05-03T09:44:56.108+0000] {logging_mixin.py:149} INFO - [2023-05-03T09:44:56.107+0000] {dag.py:2726} INFO - Sync 1 DAGs
[2023-05-03T09:44:56.281+0000] {logging_mixin.py:149} INFO - [2023-05-03T09:44:56.281+0000] {dag.py:3490} INFO - Setting next_dagrun for example_task_group_decorator to 2023-05-02T09:44:56.269457+00:00, run_after=2023-05-03T09:44:56.269457+00:00
[2023-05-03T09:44:56.571+0000] {processor.py:178} INFO - Processing /home/airflow/.local/lib/python3.7/site-packages/airflow/example_dags/example_task_group_decorator.py took 0.721 seconds
[2023-05-03T09:46:36.419+0000] {processor.py:156} INFO - Started process (PID=651) to work on /home/airflow/.local/lib/python3.7/site-packages/airflow/example_dags/example_task_group_decorator.py
[2023-05-03T09:46:36.439+0000] {processor.py:799} INFO - Processing file /home/airflow/.local/lib/python3.7/site-packages/airflow/example_dags/example_task_group_decorator.py for tasks to queue
[2023-05-03T09:46:36.442+0000] {logging_mixin.py:149} INFO - [2023-05-03T09:46:36.442+0000] {dagbag.py:541} INFO - Filling up the DagBag from /home/airflow/.local/lib/python3.7/site-packages/airflow/example_dags/example_task_group_decorator.py
[2023-05-03T09:46:36.498+0000] {processor.py:809} INFO - DAG(s) dict_keys(['example_task_group_decorator']) retrieved from /home/airflow/.local/lib/python3.7/site-packages/airflow/example_dags/example_task_group_decorator.py
[2023-05-03T09:46:36.654+0000] {logging_mixin.py:149} INFO - [2023-05-03T09:46:36.654+0000] {dag.py:2726} INFO - Sync 1 DAGs
[2023-05-03T09:46:36.786+0000] {logging_mixin.py:149} INFO - [2023-05-03T09:46:36.786+0000] {dag.py:3490} INFO - Setting next_dagrun for example_task_group_decorator to 2023-05-02T09:46:36.786032+00:00, run_after=2023-05-03T09:46:36.786032+00:00
[2023-05-03T09:46:36.988+0000] {processor.py:178} INFO - Processing /home/airflow/.local/lib/python3.7/site-packages/airflow/example_dags/example_task_group_decorator.py took 0.587 seconds
[2023-05-03T09:47:38.215+0000] {processor.py:156} INFO - Started process (PID=895) to work on /home/airflow/.local/lib/python3.7/site-packages/airflow/example_dags/example_task_group_decorator.py
[2023-05-03T09:47:38.218+0000] {processor.py:799} INFO - Processing file /home/airflow/.local/lib/python3.7/site-packages/airflow/example_dags/example_task_group_decorator.py for tasks to queue
[2023-05-03T09:47:38.229+0000] {logging_mixin.py:149} INFO - [2023-05-03T09:47:38.229+0000] {dagbag.py:541} INFO - Filling up the DagBag from /home/airflow/.local/lib/python3.7/site-packages/airflow/example_dags/example_task_group_decorator.py
[2023-05-03T09:47:38.299+0000] {processor.py:809} INFO - DAG(s) dict_keys(['example_task_group_decorator']) retrieved from /home/airflow/.local/lib/python3.7/site-packages/airflow/example_dags/example_task_group_decorator.py
[2023-05-03T09:47:38.405+0000] {logging_mixin.py:149} INFO - [2023-05-03T09:47:38.404+0000] {dag.py:2726} INFO - Sync 1 DAGs
[2023-05-03T09:47:38.522+0000] {logging_mixin.py:149} INFO - [2023-05-03T09:47:38.522+0000] {dag.py:3490} INFO - Setting next_dagrun for example_task_group_decorator to 2023-05-02T09:47:38.521970+00:00, run_after=2023-05-03T09:47:38.521970+00:00
[2023-05-03T09:47:38.619+0000] {processor.py:178} INFO - Processing /home/airflow/.local/lib/python3.7/site-packages/airflow/example_dags/example_task_group_decorator.py took 0.410 seconds
[2023-05-03T09:48:30.883+0000] {processor.py:156} INFO - Started process (PID=1131) to work on /home/airflow/.local/lib/python3.7/site-packages/airflow/example_dags/example_task_group_decorator.py
[2023-05-03T09:48:30.886+0000] {processor.py:799} INFO - Processing file /home/airflow/.local/lib/python3.7/site-packages/airflow/example_dags/example_task_group_decorator.py for tasks to queue
[2023-05-03T09:48:30.888+0000] {logging_mixin.py:149} INFO - [2023-05-03T09:48:30.888+0000] {dagbag.py:541} INFO - Filling up the DagBag from /home/airflow/.local/lib/python3.7/site-packages/airflow/example_dags/example_task_group_decorator.py
[2023-05-03T09:48:30.943+0000] {processor.py:809} INFO - DAG(s) dict_keys(['example_task_group_decorator']) retrieved from /home/airflow/.local/lib/python3.7/site-packages/airflow/example_dags/example_task_group_decorator.py
[2023-05-03T09:48:31.036+0000] {logging_mixin.py:149} INFO - [2023-05-03T09:48:31.036+0000] {dag.py:2726} INFO - Sync 1 DAGs
[2023-05-03T09:48:31.126+0000] {logging_mixin.py:149} INFO - [2023-05-03T09:48:31.126+0000] {dag.py:3490} INFO - Setting next_dagrun for example_task_group_decorator to 2023-05-02T09:48:31.126258+00:00, run_after=2023-05-03T09:48:31.126258+00:00
[2023-05-03T09:48:31.595+0000] {processor.py:178} INFO - Processing /home/airflow/.local/lib/python3.7/site-packages/airflow/example_dags/example_task_group_decorator.py took 0.717 seconds
[2023-05-03T09:49:07.913+0000] {processor.py:156} INFO - Started process (PID=1367) to work on /home/airflow/.local/lib/python3.7/site-packages/airflow/example_dags/example_task_group_decorator.py
[2023-05-03T09:49:07.924+0000] {processor.py:799} INFO - Processing file /home/airflow/.local/lib/python3.7/site-packages/airflow/example_dags/example_task_group_decorator.py for tasks to queue
[2023-05-03T09:49:07.927+0000] {logging_mixin.py:149} INFO - [2023-05-03T09:49:07.927+0000] {dagbag.py:541} INFO - Filling up the DagBag from /home/airflow/.local/lib/python3.7/site-packages/airflow/example_dags/example_task_group_decorator.py
[2023-05-03T09:49:07.996+0000] {processor.py:809} INFO - DAG(s) dict_keys(['example_task_group_decorator']) retrieved from /home/airflow/.local/lib/python3.7/site-packages/airflow/example_dags/example_task_group_decorator.py
[2023-05-03T09:49:08.134+0000] {logging_mixin.py:149} INFO - [2023-05-03T09:49:08.133+0000] {dag.py:2726} INFO - Sync 1 DAGs
[2023-05-03T09:49:08.261+0000] {logging_mixin.py:149} INFO - [2023-05-03T09:49:08.260+0000] {dag.py:3490} INFO - Setting next_dagrun for example_task_group_decorator to 2023-05-02T09:49:08.258288+00:00, run_after=2023-05-03T09:49:08.258288+00:00
[2023-05-03T09:49:08.357+0000] {processor.py:178} INFO - Processing /home/airflow/.local/lib/python3.7/site-packages/airflow/example_dags/example_task_group_decorator.py took 0.450 seconds
[2023-05-03T09:49:50.189+0000] {processor.py:156} INFO - Started process (PID=1588) to work on /home/airflow/.local/lib/python3.7/site-packages/airflow/example_dags/example_task_group_decorator.py
[2023-05-03T09:49:50.194+0000] {processor.py:799} INFO - Processing file /home/airflow/.local/lib/python3.7/site-packages/airflow/example_dags/example_task_group_decorator.py for tasks to queue
[2023-05-03T09:49:50.199+0000] {logging_mixin.py:149} INFO - [2023-05-03T09:49:50.199+0000] {dagbag.py:541} INFO - Filling up the DagBag from /home/airflow/.local/lib/python3.7/site-packages/airflow/example_dags/example_task_group_decorator.py
[2023-05-03T09:49:50.244+0000] {processor.py:809} INFO - DAG(s) dict_keys(['example_task_group_decorator']) retrieved from /home/airflow/.local/lib/python3.7/site-packages/airflow/example_dags/example_task_group_decorator.py
[2023-05-03T09:49:50.326+0000] {logging_mixin.py:149} INFO - [2023-05-03T09:49:50.326+0000] {dag.py:2726} INFO - Sync 1 DAGs
[2023-05-03T09:49:50.437+0000] {logging_mixin.py:149} INFO - [2023-05-03T09:49:50.437+0000] {dag.py:3490} INFO - Setting next_dagrun for example_task_group_decorator to 2023-05-02T09:49:50.430666+00:00, run_after=2023-05-03T09:49:50.430666+00:00
[2023-05-03T09:49:50.494+0000] {processor.py:178} INFO - Processing /home/airflow/.local/lib/python3.7/site-packages/airflow/example_dags/example_task_group_decorator.py took 0.310 seconds
[2023-05-03T09:50:23.002+0000] {processor.py:156} INFO - Started process (PID=1836) to work on /home/airflow/.local/lib/python3.7/site-packages/airflow/example_dags/example_task_group_decorator.py
[2023-05-03T09:50:23.004+0000] {processor.py:799} INFO - Processing file /home/airflow/.local/lib/python3.7/site-packages/airflow/example_dags/example_task_group_decorator.py for tasks to queue
[2023-05-03T09:50:23.006+0000] {logging_mixin.py:149} INFO - [2023-05-03T09:50:23.006+0000] {dagbag.py:541} INFO - Filling up the DagBag from /home/airflow/.local/lib/python3.7/site-packages/airflow/example_dags/example_task_group_decorator.py
[2023-05-03T09:50:23.049+0000] {processor.py:809} INFO - DAG(s) dict_keys(['example_task_group_decorator']) retrieved from /home/airflow/.local/lib/python3.7/site-packages/airflow/example_dags/example_task_group_decorator.py
[2023-05-03T09:50:23.156+0000] {logging_mixin.py:149} INFO - [2023-05-03T09:50:23.156+0000] {dag.py:2726} INFO - Sync 1 DAGs
[2023-05-03T09:50:23.237+0000] {logging_mixin.py:149} INFO - [2023-05-03T09:50:23.237+0000] {dag.py:3490} INFO - Setting next_dagrun for example_task_group_decorator to 2023-05-02T09:50:23.234859+00:00, run_after=2023-05-03T09:50:23.234859+00:00
[2023-05-03T09:50:23.712+0000] {processor.py:178} INFO - Processing /home/airflow/.local/lib/python3.7/site-packages/airflow/example_dags/example_task_group_decorator.py took 0.727 seconds
[2023-05-03T09:51:16.913+0000] {processor.py:156} INFO - Started process (PID=2072) to work on /home/airflow/.local/lib/python3.7/site-packages/airflow/example_dags/example_task_group_decorator.py
[2023-05-03T09:51:16.940+0000] {processor.py:799} INFO - Processing file /home/airflow/.local/lib/python3.7/site-packages/airflow/example_dags/example_task_group_decorator.py for tasks to queue
[2023-05-03T09:51:16.961+0000] {logging_mixin.py:149} INFO - [2023-05-03T09:51:16.959+0000] {dagbag.py:541} INFO - Filling up the DagBag from /home/airflow/.local/lib/python3.7/site-packages/airflow/example_dags/example_task_group_decorator.py
[2023-05-03T09:51:18.023+0000] {processor.py:809} INFO - DAG(s) dict_keys(['example_task_group_decorator']) retrieved from /home/airflow/.local/lib/python3.7/site-packages/airflow/example_dags/example_task_group_decorator.py
[2023-05-03T09:51:18.667+0000] {logging_mixin.py:149} INFO - [2023-05-03T09:51:18.667+0000] {dag.py:2726} INFO - Sync 1 DAGs
[2023-05-03T09:51:18.959+0000] {logging_mixin.py:149} INFO - [2023-05-03T09:51:18.959+0000] {dag.py:3490} INFO - Setting next_dagrun for example_task_group_decorator to 2023-05-02T09:51:18.951841+00:00, run_after=2023-05-03T09:51:18.951841+00:00
[2023-05-03T09:51:19.058+0000] {processor.py:178} INFO - Processing /home/airflow/.local/lib/python3.7/site-packages/airflow/example_dags/example_task_group_decorator.py took 2.311 seconds
[2023-05-03T09:52:11.399+0000] {processor.py:156} INFO - Started process (PID=2344) to work on /home/airflow/.local/lib/python3.7/site-packages/airflow/example_dags/example_task_group_decorator.py
[2023-05-03T09:52:11.402+0000] {processor.py:799} INFO - Processing file /home/airflow/.local/lib/python3.7/site-packages/airflow/example_dags/example_task_group_decorator.py for tasks to queue
[2023-05-03T09:52:11.411+0000] {logging_mixin.py:149} INFO - [2023-05-03T09:52:11.411+0000] {dagbag.py:541} INFO - Filling up the DagBag from /home/airflow/.local/lib/python3.7/site-packages/airflow/example_dags/example_task_group_decorator.py
[2023-05-03T09:52:11.472+0000] {processor.py:809} INFO - DAG(s) dict_keys(['example_task_group_decorator']) retrieved from /home/airflow/.local/lib/python3.7/site-packages/airflow/example_dags/example_task_group_decorator.py
[2023-05-03T09:52:11.566+0000] {logging_mixin.py:149} INFO - [2023-05-03T09:52:11.565+0000] {dag.py:2726} INFO - Sync 1 DAGs
[2023-05-03T09:52:11.663+0000] {logging_mixin.py:149} INFO - [2023-05-03T09:52:11.663+0000] {dag.py:3490} INFO - Setting next_dagrun for example_task_group_decorator to 2023-05-02T09:52:11.663075+00:00, run_after=2023-05-03T09:52:11.663075+00:00
[2023-05-03T09:52:11.726+0000] {processor.py:178} INFO - Processing /home/airflow/.local/lib/python3.7/site-packages/airflow/example_dags/example_task_group_decorator.py took 0.332 seconds
[2023-05-03T09:52:49.847+0000] {processor.py:156} INFO - Started process (PID=2596) to work on /home/airflow/.local/lib/python3.7/site-packages/airflow/example_dags/example_task_group_decorator.py
[2023-05-03T09:52:49.856+0000] {processor.py:799} INFO - Processing file /home/airflow/.local/lib/python3.7/site-packages/airflow/example_dags/example_task_group_decorator.py for tasks to queue
[2023-05-03T09:52:49.858+0000] {logging_mixin.py:149} INFO - [2023-05-03T09:52:49.858+0000] {dagbag.py:541} INFO - Filling up the DagBag from /home/airflow/.local/lib/python3.7/site-packages/airflow/example_dags/example_task_group_decorator.py
[2023-05-03T09:52:49.910+0000] {processor.py:809} INFO - DAG(s) dict_keys(['example_task_group_decorator']) retrieved from /home/airflow/.local/lib/python3.7/site-packages/airflow/example_dags/example_task_group_decorator.py
[2023-05-03T09:52:50.009+0000] {logging_mixin.py:149} INFO - [2023-05-03T09:52:50.009+0000] {dag.py:2726} INFO - Sync 1 DAGs
[2023-05-03T09:52:50.438+0000] {logging_mixin.py:149} INFO - [2023-05-03T09:52:50.438+0000] {dag.py:3490} INFO - Setting next_dagrun for example_task_group_decorator to 2023-05-02T09:52:50.438223+00:00, run_after=2023-05-03T09:52:50.438223+00:00
[2023-05-03T09:52:50.562+0000] {processor.py:178} INFO - Processing /home/airflow/.local/lib/python3.7/site-packages/airflow/example_dags/example_task_group_decorator.py took 0.735 seconds
[2023-05-03T09:53:21.509+0000] {processor.py:156} INFO - Started process (PID=2834) to work on /home/airflow/.local/lib/python3.7/site-packages/airflow/example_dags/example_task_group_decorator.py
[2023-05-03T09:53:21.512+0000] {processor.py:799} INFO - Processing file /home/airflow/.local/lib/python3.7/site-packages/airflow/example_dags/example_task_group_decorator.py for tasks to queue
[2023-05-03T09:53:21.521+0000] {logging_mixin.py:149} INFO - [2023-05-03T09:53:21.521+0000] {dagbag.py:541} INFO - Filling up the DagBag from /home/airflow/.local/lib/python3.7/site-packages/airflow/example_dags/example_task_group_decorator.py
[2023-05-03T09:53:21.573+0000] {processor.py:809} INFO - DAG(s) dict_keys(['example_task_group_decorator']) retrieved from /home/airflow/.local/lib/python3.7/site-packages/airflow/example_dags/example_task_group_decorator.py
[2023-05-03T09:53:21.674+0000] {logging_mixin.py:149} INFO - [2023-05-03T09:53:21.674+0000] {dag.py:2726} INFO - Sync 1 DAGs
[2023-05-03T09:53:21.775+0000] {logging_mixin.py:149} INFO - [2023-05-03T09:53:21.774+0000] {dag.py:3490} INFO - Setting next_dagrun for example_task_group_decorator to 2023-05-02T09:53:21.774301+00:00, run_after=2023-05-03T09:53:21.774301+00:00
[2023-05-03T09:53:21.881+0000] {processor.py:178} INFO - Processing /home/airflow/.local/lib/python3.7/site-packages/airflow/example_dags/example_task_group_decorator.py took 0.376 seconds
[2023-05-03T09:53:53.838+0000] {processor.py:156} INFO - Started process (PID=3074) to work on /home/airflow/.local/lib/python3.7/site-packages/airflow/example_dags/example_task_group_decorator.py
[2023-05-03T09:53:53.840+0000] {processor.py:799} INFO - Processing file /home/airflow/.local/lib/python3.7/site-packages/airflow/example_dags/example_task_group_decorator.py for tasks to queue
[2023-05-03T09:53:53.842+0000] {logging_mixin.py:149} INFO - [2023-05-03T09:53:53.842+0000] {dagbag.py:541} INFO - Filling up the DagBag from /home/airflow/.local/lib/python3.7/site-packages/airflow/example_dags/example_task_group_decorator.py
[2023-05-03T09:53:53.885+0000] {processor.py:809} INFO - DAG(s) dict_keys(['example_task_group_decorator']) retrieved from /home/airflow/.local/lib/python3.7/site-packages/airflow/example_dags/example_task_group_decorator.py
[2023-05-03T09:53:53.987+0000] {logging_mixin.py:149} INFO - [2023-05-03T09:53:53.987+0000] {dag.py:2726} INFO - Sync 1 DAGs
[2023-05-03T09:53:54.066+0000] {logging_mixin.py:149} INFO - [2023-05-03T09:53:54.066+0000] {dag.py:3490} INFO - Setting next_dagrun for example_task_group_decorator to 2023-05-02T09:53:54.065881+00:00, run_after=2023-05-03T09:53:54.065881+00:00
[2023-05-03T09:53:54.130+0000] {processor.py:178} INFO - Processing /home/airflow/.local/lib/python3.7/site-packages/airflow/example_dags/example_task_group_decorator.py took 0.301 seconds
[2023-05-03T09:54:56.770+0000] {processor.py:156} INFO - Started process (PID=3331) to work on /home/airflow/.local/lib/python3.7/site-packages/airflow/example_dags/example_task_group_decorator.py
[2023-05-03T09:54:56.775+0000] {processor.py:799} INFO - Processing file /home/airflow/.local/lib/python3.7/site-packages/airflow/example_dags/example_task_group_decorator.py for tasks to queue
[2023-05-03T09:54:56.777+0000] {logging_mixin.py:149} INFO - [2023-05-03T09:54:56.777+0000] {dagbag.py:541} INFO - Filling up the DagBag from /home/airflow/.local/lib/python3.7/site-packages/airflow/example_dags/example_task_group_decorator.py
[2023-05-03T09:54:56.863+0000] {processor.py:809} INFO - DAG(s) dict_keys(['example_task_group_decorator']) retrieved from /home/airflow/.local/lib/python3.7/site-packages/airflow/example_dags/example_task_group_decorator.py
[2023-05-03T09:54:57.154+0000] {logging_mixin.py:149} INFO - [2023-05-03T09:54:57.154+0000] {dag.py:2726} INFO - Sync 1 DAGs
[2023-05-03T09:54:58.183+0000] {logging_mixin.py:149} INFO - [2023-05-03T09:54:58.183+0000] {dag.py:3490} INFO - Setting next_dagrun for example_task_group_decorator to 2023-05-02T09:54:58.182688+00:00, run_after=2023-05-03T09:54:58.182688+00:00
[2023-05-03T09:54:58.264+0000] {processor.py:178} INFO - Processing /home/airflow/.local/lib/python3.7/site-packages/airflow/example_dags/example_task_group_decorator.py took 1.510 seconds
[2023-05-03T09:55:28.822+0000] {processor.py:156} INFO - Started process (PID=3576) to work on /home/airflow/.local/lib/python3.7/site-packages/airflow/example_dags/example_task_group_decorator.py
[2023-05-03T09:55:28.824+0000] {processor.py:799} INFO - Processing file /home/airflow/.local/lib/python3.7/site-packages/airflow/example_dags/example_task_group_decorator.py for tasks to queue
[2023-05-03T09:55:28.825+0000] {logging_mixin.py:149} INFO - [2023-05-03T09:55:28.825+0000] {dagbag.py:541} INFO - Filling up the DagBag from /home/airflow/.local/lib/python3.7/site-packages/airflow/example_dags/example_task_group_decorator.py
[2023-05-03T09:55:28.874+0000] {processor.py:809} INFO - DAG(s) dict_keys(['example_task_group_decorator']) retrieved from /home/airflow/.local/lib/python3.7/site-packages/airflow/example_dags/example_task_group_decorator.py
[2023-05-03T09:55:28.995+0000] {logging_mixin.py:149} INFO - [2023-05-03T09:55:28.994+0000] {dag.py:2726} INFO - Sync 1 DAGs
[2023-05-03T09:55:29.059+0000] {logging_mixin.py:149} INFO - [2023-05-03T09:55:29.057+0000] {dag.py:3490} INFO - Setting next_dagrun for example_task_group_decorator to 2023-05-02T09:55:29.054382+00:00, run_after=2023-05-03T09:55:29.054382+00:00
[2023-05-03T09:55:29.118+0000] {processor.py:178} INFO - Processing /home/airflow/.local/lib/python3.7/site-packages/airflow/example_dags/example_task_group_decorator.py took 0.302 seconds
[2023-05-03T09:56:03.636+0000] {processor.py:156} INFO - Started process (PID=3810) to work on /home/airflow/.local/lib/python3.7/site-packages/airflow/example_dags/example_task_group_decorator.py
[2023-05-03T09:56:03.642+0000] {processor.py:799} INFO - Processing file /home/airflow/.local/lib/python3.7/site-packages/airflow/example_dags/example_task_group_decorator.py for tasks to queue
[2023-05-03T09:56:03.645+0000] {logging_mixin.py:149} INFO - [2023-05-03T09:56:03.644+0000] {dagbag.py:541} INFO - Filling up the DagBag from /home/airflow/.local/lib/python3.7/site-packages/airflow/example_dags/example_task_group_decorator.py
[2023-05-03T09:56:03.708+0000] {processor.py:809} INFO - DAG(s) dict_keys(['example_task_group_decorator']) retrieved from /home/airflow/.local/lib/python3.7/site-packages/airflow/example_dags/example_task_group_decorator.py
[2023-05-03T09:56:04.243+0000] {logging_mixin.py:149} INFO - [2023-05-03T09:56:04.242+0000] {dag.py:2726} INFO - Sync 1 DAGs
[2023-05-03T09:56:04.362+0000] {logging_mixin.py:149} INFO - [2023-05-03T09:56:04.361+0000] {dag.py:3490} INFO - Setting next_dagrun for example_task_group_decorator to 2023-05-02T09:56:04.361565+00:00, run_after=2023-05-03T09:56:04.361565+00:00
[2023-05-03T09:56:04.443+0000] {processor.py:178} INFO - Processing /home/airflow/.local/lib/python3.7/site-packages/airflow/example_dags/example_task_group_decorator.py took 0.813 seconds
[2023-05-03T09:56:35.227+0000] {processor.py:156} INFO - Started process (PID=4045) to work on /home/airflow/.local/lib/python3.7/site-packages/airflow/example_dags/example_task_group_decorator.py
[2023-05-03T09:56:35.229+0000] {processor.py:799} INFO - Processing file /home/airflow/.local/lib/python3.7/site-packages/airflow/example_dags/example_task_group_decorator.py for tasks to queue
[2023-05-03T09:56:35.231+0000] {logging_mixin.py:149} INFO - [2023-05-03T09:56:35.230+0000] {dagbag.py:541} INFO - Filling up the DagBag from /home/airflow/.local/lib/python3.7/site-packages/airflow/example_dags/example_task_group_decorator.py
[2023-05-03T09:56:35.270+0000] {processor.py:809} INFO - DAG(s) dict_keys(['example_task_group_decorator']) retrieved from /home/airflow/.local/lib/python3.7/site-packages/airflow/example_dags/example_task_group_decorator.py
[2023-05-03T09:56:35.339+0000] {logging_mixin.py:149} INFO - [2023-05-03T09:56:35.337+0000] {dag.py:2726} INFO - Sync 1 DAGs
[2023-05-03T09:56:35.765+0000] {logging_mixin.py:149} INFO - [2023-05-03T09:56:35.765+0000] {dag.py:3490} INFO - Setting next_dagrun for example_task_group_decorator to 2023-05-02T09:56:35.764858+00:00, run_after=2023-05-03T09:56:35.764858+00:00
[2023-05-03T09:56:35.844+0000] {processor.py:178} INFO - Processing /home/airflow/.local/lib/python3.7/site-packages/airflow/example_dags/example_task_group_decorator.py took 0.630 seconds
[2023-05-03T09:57:07.116+0000] {processor.py:156} INFO - Started process (PID=4280) to work on /home/airflow/.local/lib/python3.7/site-packages/airflow/example_dags/example_task_group_decorator.py
[2023-05-03T09:57:07.118+0000] {processor.py:799} INFO - Processing file /home/airflow/.local/lib/python3.7/site-packages/airflow/example_dags/example_task_group_decorator.py for tasks to queue
[2023-05-03T09:57:07.120+0000] {logging_mixin.py:149} INFO - [2023-05-03T09:57:07.119+0000] {dagbag.py:541} INFO - Filling up the DagBag from /home/airflow/.local/lib/python3.7/site-packages/airflow/example_dags/example_task_group_decorator.py
[2023-05-03T09:57:07.162+0000] {processor.py:809} INFO - DAG(s) dict_keys(['example_task_group_decorator']) retrieved from /home/airflow/.local/lib/python3.7/site-packages/airflow/example_dags/example_task_group_decorator.py
[2023-05-03T09:57:07.231+0000] {logging_mixin.py:149} INFO - [2023-05-03T09:57:07.231+0000] {dag.py:2726} INFO - Sync 1 DAGs
[2023-05-03T09:57:07.302+0000] {logging_mixin.py:149} INFO - [2023-05-03T09:57:07.302+0000] {dag.py:3490} INFO - Setting next_dagrun for example_task_group_decorator to 2023-05-02T09:57:07.301823+00:00, run_after=2023-05-03T09:57:07.301823+00:00
[2023-05-03T09:57:07.366+0000] {processor.py:178} INFO - Processing /home/airflow/.local/lib/python3.7/site-packages/airflow/example_dags/example_task_group_decorator.py took 0.263 seconds
[2023-05-03T09:57:58.082+0000] {processor.py:156} INFO - Started process (PID=4556) to work on /home/airflow/.local/lib/python3.7/site-packages/airflow/example_dags/example_task_group_decorator.py
[2023-05-03T09:57:58.084+0000] {processor.py:799} INFO - Processing file /home/airflow/.local/lib/python3.7/site-packages/airflow/example_dags/example_task_group_decorator.py for tasks to queue
[2023-05-03T09:57:58.086+0000] {logging_mixin.py:149} INFO - [2023-05-03T09:57:58.086+0000] {dagbag.py:541} INFO - Filling up the DagBag from /home/airflow/.local/lib/python3.7/site-packages/airflow/example_dags/example_task_group_decorator.py
[2023-05-03T09:57:58.122+0000] {processor.py:809} INFO - DAG(s) dict_keys(['example_task_group_decorator']) retrieved from /home/airflow/.local/lib/python3.7/site-packages/airflow/example_dags/example_task_group_decorator.py
[2023-05-03T09:57:58.222+0000] {logging_mixin.py:149} INFO - [2023-05-03T09:57:58.221+0000] {dag.py:2726} INFO - Sync 1 DAGs
[2023-05-03T09:57:58.604+0000] {logging_mixin.py:149} INFO - [2023-05-03T09:57:58.603+0000] {dag.py:3490} INFO - Setting next_dagrun for example_task_group_decorator to 2023-05-02T09:57:58.603565+00:00, run_after=2023-05-03T09:57:58.603565+00:00
[2023-05-03T09:57:58.672+0000] {processor.py:178} INFO - Processing /home/airflow/.local/lib/python3.7/site-packages/airflow/example_dags/example_task_group_decorator.py took 0.607 seconds
[2023-05-03T09:58:29.124+0000] {processor.py:156} INFO - Started process (PID=4791) to work on /home/airflow/.local/lib/python3.7/site-packages/airflow/example_dags/example_task_group_decorator.py
[2023-05-03T09:58:29.126+0000] {processor.py:799} INFO - Processing file /home/airflow/.local/lib/python3.7/site-packages/airflow/example_dags/example_task_group_decorator.py for tasks to queue
[2023-05-03T09:58:29.128+0000] {logging_mixin.py:149} INFO - [2023-05-03T09:58:29.127+0000] {dagbag.py:541} INFO - Filling up the DagBag from /home/airflow/.local/lib/python3.7/site-packages/airflow/example_dags/example_task_group_decorator.py
[2023-05-03T09:58:29.162+0000] {processor.py:809} INFO - DAG(s) dict_keys(['example_task_group_decorator']) retrieved from /home/airflow/.local/lib/python3.7/site-packages/airflow/example_dags/example_task_group_decorator.py
[2023-05-03T09:58:29.233+0000] {logging_mixin.py:149} INFO - [2023-05-03T09:58:29.232+0000] {dag.py:2726} INFO - Sync 1 DAGs
[2023-05-03T09:58:29.298+0000] {logging_mixin.py:149} INFO - [2023-05-03T09:58:29.298+0000] {dag.py:3490} INFO - Setting next_dagrun for example_task_group_decorator to 2023-05-02T09:58:29.297680+00:00, run_after=2023-05-03T09:58:29.297680+00:00
[2023-05-03T09:58:29.370+0000] {processor.py:178} INFO - Processing /home/airflow/.local/lib/python3.7/site-packages/airflow/example_dags/example_task_group_decorator.py took 0.252 seconds
[2023-05-03T09:58:59.937+0000] {processor.py:156} INFO - Started process (PID=5031) to work on /home/airflow/.local/lib/python3.7/site-packages/airflow/example_dags/example_task_group_decorator.py
[2023-05-03T09:58:59.939+0000] {processor.py:799} INFO - Processing file /home/airflow/.local/lib/python3.7/site-packages/airflow/example_dags/example_task_group_decorator.py for tasks to queue
[2023-05-03T09:58:59.941+0000] {logging_mixin.py:149} INFO - [2023-05-03T09:58:59.941+0000] {dagbag.py:541} INFO - Filling up the DagBag from /home/airflow/.local/lib/python3.7/site-packages/airflow/example_dags/example_task_group_decorator.py
[2023-05-03T09:58:59.964+0000] {processor.py:809} INFO - DAG(s) dict_keys(['example_task_group_decorator']) retrieved from /home/airflow/.local/lib/python3.7/site-packages/airflow/example_dags/example_task_group_decorator.py
[2023-05-03T09:59:00.016+0000] {logging_mixin.py:149} INFO - [2023-05-03T09:59:00.015+0000] {dag.py:2726} INFO - Sync 1 DAGs
[2023-05-03T09:59:00.235+0000] {logging_mixin.py:149} INFO - [2023-05-03T09:59:00.234+0000] {dag.py:3490} INFO - Setting next_dagrun for example_task_group_decorator to 2023-05-02T09:59:00.234508+00:00, run_after=2023-05-03T09:59:00.234508+00:00
[2023-05-03T09:59:00.283+0000] {processor.py:178} INFO - Processing /home/airflow/.local/lib/python3.7/site-packages/airflow/example_dags/example_task_group_decorator.py took 0.351 seconds
[2023-05-03T09:59:31.018+0000] {processor.py:156} INFO - Started process (PID=5265) to work on /home/airflow/.local/lib/python3.7/site-packages/airflow/example_dags/example_task_group_decorator.py
[2023-05-03T09:59:31.027+0000] {processor.py:799} INFO - Processing file /home/airflow/.local/lib/python3.7/site-packages/airflow/example_dags/example_task_group_decorator.py for tasks to queue
[2023-05-03T09:59:31.029+0000] {logging_mixin.py:149} INFO - [2023-05-03T09:59:31.028+0000] {dagbag.py:541} INFO - Filling up the DagBag from /home/airflow/.local/lib/python3.7/site-packages/airflow/example_dags/example_task_group_decorator.py
[2023-05-03T09:59:31.068+0000] {processor.py:809} INFO - DAG(s) dict_keys(['example_task_group_decorator']) retrieved from /home/airflow/.local/lib/python3.7/site-packages/airflow/example_dags/example_task_group_decorator.py
[2023-05-03T09:59:31.139+0000] {logging_mixin.py:149} INFO - [2023-05-03T09:59:31.139+0000] {dag.py:2726} INFO - Sync 1 DAGs
[2023-05-03T09:59:31.212+0000] {logging_mixin.py:149} INFO - [2023-05-03T09:59:31.212+0000] {dag.py:3490} INFO - Setting next_dagrun for example_task_group_decorator to 2023-05-02T09:59:31.211774+00:00, run_after=2023-05-03T09:59:31.211774+00:00
[2023-05-03T09:59:31.290+0000] {processor.py:178} INFO - Processing /home/airflow/.local/lib/python3.7/site-packages/airflow/example_dags/example_task_group_decorator.py took 0.276 seconds
[2023-05-03T10:00:02.065+0000] {processor.py:156} INFO - Started process (PID=5501) to work on /home/airflow/.local/lib/python3.7/site-packages/airflow/example_dags/example_task_group_decorator.py
[2023-05-03T10:00:02.068+0000] {processor.py:799} INFO - Processing file /home/airflow/.local/lib/python3.7/site-packages/airflow/example_dags/example_task_group_decorator.py for tasks to queue
[2023-05-03T10:00:02.071+0000] {logging_mixin.py:149} INFO - [2023-05-03T10:00:02.070+0000] {dagbag.py:541} INFO - Filling up the DagBag from /home/airflow/.local/lib/python3.7/site-packages/airflow/example_dags/example_task_group_decorator.py
[2023-05-03T10:00:02.110+0000] {processor.py:809} INFO - DAG(s) dict_keys(['example_task_group_decorator']) retrieved from /home/airflow/.local/lib/python3.7/site-packages/airflow/example_dags/example_task_group_decorator.py
[2023-05-03T10:00:02.172+0000] {logging_mixin.py:149} INFO - [2023-05-03T10:00:02.172+0000] {dag.py:2726} INFO - Sync 1 DAGs
[2023-05-03T10:00:02.220+0000] {logging_mixin.py:149} INFO - [2023-05-03T10:00:02.220+0000] {dag.py:3490} INFO - Setting next_dagrun for example_task_group_decorator to 2023-05-02T10:00:02.220271+00:00, run_after=2023-05-03T10:00:02.220271+00:00
[2023-05-03T10:00:02.265+0000] {processor.py:178} INFO - Processing /home/airflow/.local/lib/python3.7/site-packages/airflow/example_dags/example_task_group_decorator.py took 0.204 seconds
[2023-05-03T10:00:33.293+0000] {processor.py:156} INFO - Started process (PID=5737) to work on /home/airflow/.local/lib/python3.7/site-packages/airflow/example_dags/example_task_group_decorator.py
[2023-05-03T10:00:33.295+0000] {processor.py:799} INFO - Processing file /home/airflow/.local/lib/python3.7/site-packages/airflow/example_dags/example_task_group_decorator.py for tasks to queue
[2023-05-03T10:00:33.297+0000] {logging_mixin.py:149} INFO - [2023-05-03T10:00:33.297+0000] {dagbag.py:541} INFO - Filling up the DagBag from /home/airflow/.local/lib/python3.7/site-packages/airflow/example_dags/example_task_group_decorator.py
[2023-05-03T10:00:33.341+0000] {processor.py:809} INFO - DAG(s) dict_keys(['example_task_group_decorator']) retrieved from /home/airflow/.local/lib/python3.7/site-packages/airflow/example_dags/example_task_group_decorator.py
[2023-05-03T10:00:33.412+0000] {logging_mixin.py:149} INFO - [2023-05-03T10:00:33.410+0000] {dag.py:2726} INFO - Sync 1 DAGs
[2023-05-03T10:00:33.479+0000] {logging_mixin.py:149} INFO - [2023-05-03T10:00:33.478+0000] {dag.py:3490} INFO - Setting next_dagrun for example_task_group_decorator to 2023-05-02T10:00:33.478442+00:00, run_after=2023-05-03T10:00:33.478442+00:00
[2023-05-03T10:00:33.546+0000] {processor.py:178} INFO - Processing /home/airflow/.local/lib/python3.7/site-packages/airflow/example_dags/example_task_group_decorator.py took 0.261 seconds
[2023-05-03T10:01:04.601+0000] {processor.py:156} INFO - Started process (PID=5975) to work on /home/airflow/.local/lib/python3.7/site-packages/airflow/example_dags/example_task_group_decorator.py
[2023-05-03T10:01:04.603+0000] {processor.py:799} INFO - Processing file /home/airflow/.local/lib/python3.7/site-packages/airflow/example_dags/example_task_group_decorator.py for tasks to queue
[2023-05-03T10:01:04.605+0000] {logging_mixin.py:149} INFO - [2023-05-03T10:01:04.605+0000] {dagbag.py:541} INFO - Filling up the DagBag from /home/airflow/.local/lib/python3.7/site-packages/airflow/example_dags/example_task_group_decorator.py
[2023-05-03T10:01:04.627+0000] {processor.py:809} INFO - DAG(s) dict_keys(['example_task_group_decorator']) retrieved from /home/airflow/.local/lib/python3.7/site-packages/airflow/example_dags/example_task_group_decorator.py
[2023-05-03T10:01:04.672+0000] {logging_mixin.py:149} INFO - [2023-05-03T10:01:04.672+0000] {dag.py:2726} INFO - Sync 1 DAGs
[2023-05-03T10:01:04.711+0000] {logging_mixin.py:149} INFO - [2023-05-03T10:01:04.711+0000] {dag.py:3490} INFO - Setting next_dagrun for example_task_group_decorator to 2023-05-02T10:01:04.710740+00:00, run_after=2023-05-03T10:01:04.710740+00:00
[2023-05-03T10:01:04.742+0000] {processor.py:178} INFO - Processing /home/airflow/.local/lib/python3.7/site-packages/airflow/example_dags/example_task_group_decorator.py took 0.145 seconds
[2023-05-03T10:01:35.093+0000] {processor.py:156} INFO - Started process (PID=6209) to work on /home/airflow/.local/lib/python3.7/site-packages/airflow/example_dags/example_task_group_decorator.py
[2023-05-03T10:01:35.095+0000] {processor.py:799} INFO - Processing file /home/airflow/.local/lib/python3.7/site-packages/airflow/example_dags/example_task_group_decorator.py for tasks to queue
[2023-05-03T10:01:35.097+0000] {logging_mixin.py:149} INFO - [2023-05-03T10:01:35.096+0000] {dagbag.py:541} INFO - Filling up the DagBag from /home/airflow/.local/lib/python3.7/site-packages/airflow/example_dags/example_task_group_decorator.py
[2023-05-03T10:01:35.134+0000] {processor.py:809} INFO - DAG(s) dict_keys(['example_task_group_decorator']) retrieved from /home/airflow/.local/lib/python3.7/site-packages/airflow/example_dags/example_task_group_decorator.py
[2023-05-03T10:01:35.207+0000] {logging_mixin.py:149} INFO - [2023-05-03T10:01:35.206+0000] {dag.py:2726} INFO - Sync 1 DAGs
[2023-05-03T10:01:35.294+0000] {logging_mixin.py:149} INFO - [2023-05-03T10:01:35.293+0000] {dag.py:3490} INFO - Setting next_dagrun for example_task_group_decorator to 2023-05-02T10:01:35.293191+00:00, run_after=2023-05-03T10:01:35.293191+00:00
[2023-05-03T10:01:35.336+0000] {processor.py:178} INFO - Processing /home/airflow/.local/lib/python3.7/site-packages/airflow/example_dags/example_task_group_decorator.py took 0.252 seconds
[2023-05-03T10:46:06.058+0000] {processor.py:156} INFO - Started process (PID=6528) to work on /home/airflow/.local/lib/python3.7/site-packages/airflow/example_dags/example_task_group_decorator.py
[2023-05-03T10:46:06.077+0000] {processor.py:799} INFO - Processing file /home/airflow/.local/lib/python3.7/site-packages/airflow/example_dags/example_task_group_decorator.py for tasks to queue
[2023-05-03T10:46:06.096+0000] {logging_mixin.py:149} INFO - [2023-05-03T10:46:06.095+0000] {dagbag.py:541} INFO - Filling up the DagBag from /home/airflow/.local/lib/python3.7/site-packages/airflow/example_dags/example_task_group_decorator.py
[2023-05-03T10:46:06.261+0000] {processor.py:809} INFO - DAG(s) dict_keys(['example_task_group_decorator']) retrieved from /home/airflow/.local/lib/python3.7/site-packages/airflow/example_dags/example_task_group_decorator.py
[2023-05-03T10:46:06.489+0000] {logging_mixin.py:149} INFO - [2023-05-03T10:46:06.489+0000] {dag.py:2726} INFO - Sync 1 DAGs
[2023-05-03T10:46:06.558+0000] {logging_mixin.py:149} INFO - [2023-05-03T10:46:06.557+0000] {dag.py:3490} INFO - Setting next_dagrun for example_task_group_decorator to 2023-05-02T10:46:06.553446+00:00, run_after=2023-05-03T10:46:06.553446+00:00
[2023-05-03T10:46:06.628+0000] {processor.py:178} INFO - Processing /home/airflow/.local/lib/python3.7/site-packages/airflow/example_dags/example_task_group_decorator.py took 0.611 seconds
[2023-05-03T10:47:51.660+0000] {processor.py:156} INFO - Started process (PID=6888) to work on /home/airflow/.local/lib/python3.7/site-packages/airflow/example_dags/example_task_group_decorator.py
[2023-05-03T10:47:51.662+0000] {processor.py:799} INFO - Processing file /home/airflow/.local/lib/python3.7/site-packages/airflow/example_dags/example_task_group_decorator.py for tasks to queue
[2023-05-03T10:47:51.663+0000] {logging_mixin.py:149} INFO - [2023-05-03T10:47:51.663+0000] {dagbag.py:541} INFO - Filling up the DagBag from /home/airflow/.local/lib/python3.7/site-packages/airflow/example_dags/example_task_group_decorator.py
[2023-05-03T10:47:51.724+0000] {processor.py:809} INFO - DAG(s) dict_keys(['example_task_group_decorator']) retrieved from /home/airflow/.local/lib/python3.7/site-packages/airflow/example_dags/example_task_group_decorator.py
[2023-05-03T10:47:51.849+0000] {logging_mixin.py:149} INFO - [2023-05-03T10:47:51.848+0000] {dag.py:2726} INFO - Sync 1 DAGs
[2023-05-03T10:47:51.941+0000] {logging_mixin.py:149} INFO - [2023-05-03T10:47:51.941+0000] {dag.py:3490} INFO - Setting next_dagrun for example_task_group_decorator to 2023-05-02T10:47:51.941119+00:00, run_after=2023-05-03T10:47:51.941119+00:00
[2023-05-03T10:47:52.014+0000] {processor.py:178} INFO - Processing /home/airflow/.local/lib/python3.7/site-packages/airflow/example_dags/example_task_group_decorator.py took 0.360 seconds
[2023-05-03T10:48:22.249+0000] {processor.py:156} INFO - Started process (PID=7122) to work on /home/airflow/.local/lib/python3.7/site-packages/airflow/example_dags/example_task_group_decorator.py
[2023-05-03T10:48:22.251+0000] {processor.py:799} INFO - Processing file /home/airflow/.local/lib/python3.7/site-packages/airflow/example_dags/example_task_group_decorator.py for tasks to queue
[2023-05-03T10:48:22.262+0000] {logging_mixin.py:149} INFO - [2023-05-03T10:48:22.261+0000] {dagbag.py:541} INFO - Filling up the DagBag from /home/airflow/.local/lib/python3.7/site-packages/airflow/example_dags/example_task_group_decorator.py
[2023-05-03T10:48:22.317+0000] {processor.py:809} INFO - DAG(s) dict_keys(['example_task_group_decorator']) retrieved from /home/airflow/.local/lib/python3.7/site-packages/airflow/example_dags/example_task_group_decorator.py
[2023-05-03T10:48:22.516+0000] {logging_mixin.py:149} INFO - [2023-05-03T10:48:22.515+0000] {dag.py:2726} INFO - Sync 1 DAGs
[2023-05-03T10:48:22.688+0000] {logging_mixin.py:149} INFO - [2023-05-03T10:48:22.688+0000] {dag.py:3490} INFO - Setting next_dagrun for example_task_group_decorator to 2023-05-02T10:48:22.687678+00:00, run_after=2023-05-03T10:48:22.687678+00:00
[2023-05-03T10:48:22.820+0000] {processor.py:178} INFO - Processing /home/airflow/.local/lib/python3.7/site-packages/airflow/example_dags/example_task_group_decorator.py took 0.575 seconds
[2023-05-03T10:48:53.136+0000] {processor.py:156} INFO - Started process (PID=7360) to work on /home/airflow/.local/lib/python3.7/site-packages/airflow/example_dags/example_task_group_decorator.py
[2023-05-03T10:48:53.139+0000] {processor.py:799} INFO - Processing file /home/airflow/.local/lib/python3.7/site-packages/airflow/example_dags/example_task_group_decorator.py for tasks to queue
[2023-05-03T10:48:53.141+0000] {logging_mixin.py:149} INFO - [2023-05-03T10:48:53.140+0000] {dagbag.py:541} INFO - Filling up the DagBag from /home/airflow/.local/lib/python3.7/site-packages/airflow/example_dags/example_task_group_decorator.py
[2023-05-03T10:48:53.204+0000] {processor.py:809} INFO - DAG(s) dict_keys(['example_task_group_decorator']) retrieved from /home/airflow/.local/lib/python3.7/site-packages/airflow/example_dags/example_task_group_decorator.py
[2023-05-03T10:48:53.307+0000] {logging_mixin.py:149} INFO - [2023-05-03T10:48:53.307+0000] {dag.py:2726} INFO - Sync 1 DAGs
[2023-05-03T10:48:53.391+0000] {logging_mixin.py:149} INFO - [2023-05-03T10:48:53.390+0000] {dag.py:3490} INFO - Setting next_dagrun for example_task_group_decorator to 2023-05-02T10:48:53.390265+00:00, run_after=2023-05-03T10:48:53.390265+00:00
[2023-05-03T10:48:53.468+0000] {processor.py:178} INFO - Processing /home/airflow/.local/lib/python3.7/site-packages/airflow/example_dags/example_task_group_decorator.py took 0.337 seconds
[2023-05-03T10:49:25.840+0000] {processor.py:156} INFO - Started process (PID=7596) to work on /home/airflow/.local/lib/python3.7/site-packages/airflow/example_dags/example_task_group_decorator.py
[2023-05-03T10:49:25.853+0000] {processor.py:799} INFO - Processing file /home/airflow/.local/lib/python3.7/site-packages/airflow/example_dags/example_task_group_decorator.py for tasks to queue
[2023-05-03T10:49:25.855+0000] {logging_mixin.py:149} INFO - [2023-05-03T10:49:25.855+0000] {dagbag.py:541} INFO - Filling up the DagBag from /home/airflow/.local/lib/python3.7/site-packages/airflow/example_dags/example_task_group_decorator.py
[2023-05-03T10:49:25.914+0000] {processor.py:809} INFO - DAG(s) dict_keys(['example_task_group_decorator']) retrieved from /home/airflow/.local/lib/python3.7/site-packages/airflow/example_dags/example_task_group_decorator.py
[2023-05-03T10:49:25.999+0000] {logging_mixin.py:149} INFO - [2023-05-03T10:49:25.999+0000] {dag.py:2726} INFO - Sync 1 DAGs
[2023-05-03T10:49:26.106+0000] {logging_mixin.py:149} INFO - [2023-05-03T10:49:26.106+0000] {dag.py:3490} INFO - Setting next_dagrun for example_task_group_decorator to 2023-05-02T10:49:26.106229+00:00, run_after=2023-05-03T10:49:26.106229+00:00
[2023-05-03T10:49:26.220+0000] {processor.py:178} INFO - Processing /home/airflow/.local/lib/python3.7/site-packages/airflow/example_dags/example_task_group_decorator.py took 0.385 seconds
[2023-05-03T10:50:02.146+0000] {processor.py:156} INFO - Started process (PID=7832) to work on /home/airflow/.local/lib/python3.7/site-packages/airflow/example_dags/example_task_group_decorator.py
[2023-05-03T10:50:02.148+0000] {processor.py:799} INFO - Processing file /home/airflow/.local/lib/python3.7/site-packages/airflow/example_dags/example_task_group_decorator.py for tasks to queue
[2023-05-03T10:50:02.150+0000] {logging_mixin.py:149} INFO - [2023-05-03T10:50:02.150+0000] {dagbag.py:541} INFO - Filling up the DagBag from /home/airflow/.local/lib/python3.7/site-packages/airflow/example_dags/example_task_group_decorator.py
[2023-05-03T10:50:02.204+0000] {processor.py:809} INFO - DAG(s) dict_keys(['example_task_group_decorator']) retrieved from /home/airflow/.local/lib/python3.7/site-packages/airflow/example_dags/example_task_group_decorator.py
[2023-05-03T10:50:02.302+0000] {logging_mixin.py:149} INFO - [2023-05-03T10:50:02.302+0000] {dag.py:2726} INFO - Sync 1 DAGs
[2023-05-03T10:50:02.384+0000] {logging_mixin.py:149} INFO - [2023-05-03T10:50:02.383+0000] {dag.py:3490} INFO - Setting next_dagrun for example_task_group_decorator to 2023-05-02T10:50:02.383468+00:00, run_after=2023-05-03T10:50:02.383468+00:00
[2023-05-03T10:50:02.475+0000] {processor.py:178} INFO - Processing /home/airflow/.local/lib/python3.7/site-packages/airflow/example_dags/example_task_group_decorator.py took 0.348 seconds
[2023-05-03T10:50:35.451+0000] {processor.py:156} INFO - Started process (PID=8067) to work on /home/airflow/.local/lib/python3.7/site-packages/airflow/example_dags/example_task_group_decorator.py
[2023-05-03T10:50:35.454+0000] {processor.py:799} INFO - Processing file /home/airflow/.local/lib/python3.7/site-packages/airflow/example_dags/example_task_group_decorator.py for tasks to queue
[2023-05-03T10:50:35.465+0000] {logging_mixin.py:149} INFO - [2023-05-03T10:50:35.465+0000] {dagbag.py:541} INFO - Filling up the DagBag from /home/airflow/.local/lib/python3.7/site-packages/airflow/example_dags/example_task_group_decorator.py
[2023-05-03T10:50:35.528+0000] {processor.py:809} INFO - DAG(s) dict_keys(['example_task_group_decorator']) retrieved from /home/airflow/.local/lib/python3.7/site-packages/airflow/example_dags/example_task_group_decorator.py
[2023-05-03T10:50:35.636+0000] {logging_mixin.py:149} INFO - [2023-05-03T10:50:35.636+0000] {dag.py:2726} INFO - Sync 1 DAGs
[2023-05-03T10:50:35.722+0000] {logging_mixin.py:149} INFO - [2023-05-03T10:50:35.720+0000] {dag.py:3490} INFO - Setting next_dagrun for example_task_group_decorator to 2023-05-02T10:50:35.719221+00:00, run_after=2023-05-03T10:50:35.719221+00:00
[2023-05-03T10:50:35.802+0000] {processor.py:178} INFO - Processing /home/airflow/.local/lib/python3.7/site-packages/airflow/example_dags/example_task_group_decorator.py took 0.356 seconds
[2023-05-03T10:51:06.619+0000] {processor.py:156} INFO - Started process (PID=8302) to work on /home/airflow/.local/lib/python3.7/site-packages/airflow/example_dags/example_task_group_decorator.py
[2023-05-03T10:51:06.630+0000] {processor.py:799} INFO - Processing file /home/airflow/.local/lib/python3.7/site-packages/airflow/example_dags/example_task_group_decorator.py for tasks to queue
[2023-05-03T10:51:06.648+0000] {logging_mixin.py:149} INFO - [2023-05-03T10:51:06.647+0000] {dagbag.py:541} INFO - Filling up the DagBag from /home/airflow/.local/lib/python3.7/site-packages/airflow/example_dags/example_task_group_decorator.py
[2023-05-03T10:51:06.765+0000] {processor.py:809} INFO - DAG(s) dict_keys(['example_task_group_decorator']) retrieved from /home/airflow/.local/lib/python3.7/site-packages/airflow/example_dags/example_task_group_decorator.py
[2023-05-03T10:51:06.871+0000] {logging_mixin.py:149} INFO - [2023-05-03T10:51:06.870+0000] {dag.py:2726} INFO - Sync 1 DAGs
[2023-05-03T10:51:06.967+0000] {logging_mixin.py:149} INFO - [2023-05-03T10:51:06.967+0000] {dag.py:3490} INFO - Setting next_dagrun for example_task_group_decorator to 2023-05-02T10:51:06.966692+00:00, run_after=2023-05-03T10:51:06.966692+00:00
[2023-05-03T10:51:07.081+0000] {processor.py:178} INFO - Processing /home/airflow/.local/lib/python3.7/site-packages/airflow/example_dags/example_task_group_decorator.py took 0.467 seconds
[2023-05-03T10:51:37.254+0000] {processor.py:156} INFO - Started process (PID=8535) to work on /home/airflow/.local/lib/python3.7/site-packages/airflow/example_dags/example_task_group_decorator.py
[2023-05-03T10:51:37.257+0000] {processor.py:799} INFO - Processing file /home/airflow/.local/lib/python3.7/site-packages/airflow/example_dags/example_task_group_decorator.py for tasks to queue
[2023-05-03T10:51:37.259+0000] {logging_mixin.py:149} INFO - [2023-05-03T10:51:37.259+0000] {dagbag.py:541} INFO - Filling up the DagBag from /home/airflow/.local/lib/python3.7/site-packages/airflow/example_dags/example_task_group_decorator.py
[2023-05-03T10:51:37.294+0000] {processor.py:809} INFO - DAG(s) dict_keys(['example_task_group_decorator']) retrieved from /home/airflow/.local/lib/python3.7/site-packages/airflow/example_dags/example_task_group_decorator.py
[2023-05-03T10:51:37.337+0000] {logging_mixin.py:149} INFO - [2023-05-03T10:51:37.337+0000] {dag.py:2726} INFO - Sync 1 DAGs
[2023-05-03T10:51:37.378+0000] {logging_mixin.py:149} INFO - [2023-05-03T10:51:37.378+0000] {dag.py:3490} INFO - Setting next_dagrun for example_task_group_decorator to 2023-05-02T10:51:37.378332+00:00, run_after=2023-05-03T10:51:37.378332+00:00
[2023-05-03T10:51:37.416+0000] {processor.py:178} INFO - Processing /home/airflow/.local/lib/python3.7/site-packages/airflow/example_dags/example_task_group_decorator.py took 0.167 seconds
[2023-05-03T10:52:10.091+0000] {processor.py:156} INFO - Started process (PID=8784) to work on /home/airflow/.local/lib/python3.7/site-packages/airflow/example_dags/example_task_group_decorator.py
[2023-05-03T10:52:10.093+0000] {processor.py:799} INFO - Processing file /home/airflow/.local/lib/python3.7/site-packages/airflow/example_dags/example_task_group_decorator.py for tasks to queue
[2023-05-03T10:52:10.095+0000] {logging_mixin.py:149} INFO - [2023-05-03T10:52:10.095+0000] {dagbag.py:541} INFO - Filling up the DagBag from /home/airflow/.local/lib/python3.7/site-packages/airflow/example_dags/example_task_group_decorator.py
[2023-05-03T10:52:10.130+0000] {processor.py:809} INFO - DAG(s) dict_keys(['example_task_group_decorator']) retrieved from /home/airflow/.local/lib/python3.7/site-packages/airflow/example_dags/example_task_group_decorator.py
[2023-05-03T10:52:10.229+0000] {logging_mixin.py:149} INFO - [2023-05-03T10:52:10.229+0000] {dag.py:2726} INFO - Sync 1 DAGs
[2023-05-03T10:52:10.293+0000] {logging_mixin.py:149} INFO - [2023-05-03T10:52:10.293+0000] {dag.py:3490} INFO - Setting next_dagrun for example_task_group_decorator to 2023-05-02T10:52:10.293334+00:00, run_after=2023-05-03T10:52:10.293334+00:00
[2023-05-03T10:52:10.363+0000] {processor.py:178} INFO - Processing /home/airflow/.local/lib/python3.7/site-packages/airflow/example_dags/example_task_group_decorator.py took 0.279 seconds
[2023-05-03T10:52:44.498+0000] {processor.py:156} INFO - Started process (PID=9030) to work on /home/airflow/.local/lib/python3.7/site-packages/airflow/example_dags/example_task_group_decorator.py
[2023-05-03T10:52:44.509+0000] {processor.py:799} INFO - Processing file /home/airflow/.local/lib/python3.7/site-packages/airflow/example_dags/example_task_group_decorator.py for tasks to queue
[2023-05-03T10:52:44.511+0000] {logging_mixin.py:149} INFO - [2023-05-03T10:52:44.511+0000] {dagbag.py:541} INFO - Filling up the DagBag from /home/airflow/.local/lib/python3.7/site-packages/airflow/example_dags/example_task_group_decorator.py
[2023-05-03T10:52:44.585+0000] {processor.py:809} INFO - DAG(s) dict_keys(['example_task_group_decorator']) retrieved from /home/airflow/.local/lib/python3.7/site-packages/airflow/example_dags/example_task_group_decorator.py
[2023-05-03T10:52:44.706+0000] {logging_mixin.py:149} INFO - [2023-05-03T10:52:44.706+0000] {dag.py:2726} INFO - Sync 1 DAGs
[2023-05-03T10:52:44.803+0000] {logging_mixin.py:149} INFO - [2023-05-03T10:52:44.793+0000] {dag.py:3490} INFO - Setting next_dagrun for example_task_group_decorator to 2023-05-02T10:52:44.792956+00:00, run_after=2023-05-03T10:52:44.792956+00:00
[2023-05-03T10:52:44.927+0000] {processor.py:178} INFO - Processing /home/airflow/.local/lib/python3.7/site-packages/airflow/example_dags/example_task_group_decorator.py took 0.435 seconds
[2023-05-03T10:53:27.098+0000] {processor.py:156} INFO - Started process (PID=9286) to work on /home/airflow/.local/lib/python3.7/site-packages/airflow/example_dags/example_task_group_decorator.py
[2023-05-03T10:53:27.113+0000] {processor.py:799} INFO - Processing file /home/airflow/.local/lib/python3.7/site-packages/airflow/example_dags/example_task_group_decorator.py for tasks to queue
[2023-05-03T10:53:27.115+0000] {logging_mixin.py:149} INFO - [2023-05-03T10:53:27.115+0000] {dagbag.py:541} INFO - Filling up the DagBag from /home/airflow/.local/lib/python3.7/site-packages/airflow/example_dags/example_task_group_decorator.py
[2023-05-03T10:53:27.162+0000] {processor.py:809} INFO - DAG(s) dict_keys(['example_task_group_decorator']) retrieved from /home/airflow/.local/lib/python3.7/site-packages/airflow/example_dags/example_task_group_decorator.py
[2023-05-03T10:53:27.363+0000] {logging_mixin.py:149} INFO - [2023-05-03T10:53:27.363+0000] {dag.py:2726} INFO - Sync 1 DAGs
[2023-05-03T10:53:27.500+0000] {logging_mixin.py:149} INFO - [2023-05-03T10:53:27.500+0000] {dag.py:3490} INFO - Setting next_dagrun for example_task_group_decorator to 2023-05-02T10:53:27.494257+00:00, run_after=2023-05-03T10:53:27.494257+00:00
[2023-05-03T10:53:27.676+0000] {processor.py:178} INFO - Processing /home/airflow/.local/lib/python3.7/site-packages/airflow/example_dags/example_task_group_decorator.py took 0.582 seconds
[2023-05-03T10:54:03.852+0000] {processor.py:156} INFO - Started process (PID=9519) to work on /home/airflow/.local/lib/python3.7/site-packages/airflow/example_dags/example_task_group_decorator.py
[2023-05-03T10:54:03.855+0000] {processor.py:799} INFO - Processing file /home/airflow/.local/lib/python3.7/site-packages/airflow/example_dags/example_task_group_decorator.py for tasks to queue
[2023-05-03T10:54:03.863+0000] {logging_mixin.py:149} INFO - [2023-05-03T10:54:03.859+0000] {dagbag.py:541} INFO - Filling up the DagBag from /home/airflow/.local/lib/python3.7/site-packages/airflow/example_dags/example_task_group_decorator.py
[2023-05-03T10:54:03.926+0000] {processor.py:809} INFO - DAG(s) dict_keys(['example_task_group_decorator']) retrieved from /home/airflow/.local/lib/python3.7/site-packages/airflow/example_dags/example_task_group_decorator.py
[2023-05-03T10:54:04.085+0000] {logging_mixin.py:149} INFO - [2023-05-03T10:54:04.085+0000] {dag.py:2726} INFO - Sync 1 DAGs
[2023-05-03T10:54:04.198+0000] {logging_mixin.py:149} INFO - [2023-05-03T10:54:04.197+0000] {dag.py:3490} INFO - Setting next_dagrun for example_task_group_decorator to 2023-05-02T10:54:04.188979+00:00, run_after=2023-05-03T10:54:04.188979+00:00
[2023-05-03T10:54:04.319+0000] {processor.py:178} INFO - Processing /home/airflow/.local/lib/python3.7/site-packages/airflow/example_dags/example_task_group_decorator.py took 0.472 seconds
[2023-05-03T10:54:35.050+0000] {processor.py:156} INFO - Started process (PID=9755) to work on /home/airflow/.local/lib/python3.7/site-packages/airflow/example_dags/example_task_group_decorator.py
[2023-05-03T10:54:35.065+0000] {processor.py:799} INFO - Processing file /home/airflow/.local/lib/python3.7/site-packages/airflow/example_dags/example_task_group_decorator.py for tasks to queue
[2023-05-03T10:54:35.070+0000] {logging_mixin.py:149} INFO - [2023-05-03T10:54:35.068+0000] {dagbag.py:541} INFO - Filling up the DagBag from /home/airflow/.local/lib/python3.7/site-packages/airflow/example_dags/example_task_group_decorator.py
[2023-05-03T10:54:35.160+0000] {processor.py:809} INFO - DAG(s) dict_keys(['example_task_group_decorator']) retrieved from /home/airflow/.local/lib/python3.7/site-packages/airflow/example_dags/example_task_group_decorator.py
[2023-05-03T10:54:35.262+0000] {logging_mixin.py:149} INFO - [2023-05-03T10:54:35.262+0000] {dag.py:2726} INFO - Sync 1 DAGs
[2023-05-03T10:54:35.332+0000] {logging_mixin.py:149} INFO - [2023-05-03T10:54:35.332+0000] {dag.py:3490} INFO - Setting next_dagrun for example_task_group_decorator to 2023-05-02T10:54:35.331790+00:00, run_after=2023-05-03T10:54:35.331790+00:00
[2023-05-03T10:54:35.417+0000] {processor.py:178} INFO - Processing /home/airflow/.local/lib/python3.7/site-packages/airflow/example_dags/example_task_group_decorator.py took 0.403 seconds
