[2023-05-03T09:31:24.169+0000] {processor.py:156} INFO - Started process (PID=278) to work on /home/airflow/.local/lib/python3.7/site-packages/airflow/example_dags/example_params_ui_tutorial.py
[2023-05-03T09:31:24.173+0000] {processor.py:799} INFO - Processing file /home/airflow/.local/lib/python3.7/site-packages/airflow/example_dags/example_params_ui_tutorial.py for tasks to queue
[2023-05-03T09:31:24.175+0000] {logging_mixin.py:149} INFO - [2023-05-03T09:31:24.175+0000] {dagbag.py:541} INFO - Filling up the DagBag from /home/airflow/.local/lib/python3.7/site-packages/airflow/example_dags/example_params_ui_tutorial.py
[2023-05-03T09:31:24.381+0000] {processor.py:809} INFO - DAG(s) dict_keys(['example_params_ui_tutorial']) retrieved from /home/airflow/.local/lib/python3.7/site-packages/airflow/example_dags/example_params_ui_tutorial.py
[2023-05-03T09:31:24.644+0000] {logging_mixin.py:149} INFO - [2023-05-03T09:31:24.644+0000] {dag.py:2726} INFO - Sync 1 DAGs
[2023-05-03T09:31:25.268+0000] {logging_mixin.py:149} INFO - [2023-05-03T09:31:25.268+0000] {dag.py:3490} INFO - Setting next_dagrun for example_params_ui_tutorial to None, run_after=None
[2023-05-03T09:31:25.347+0000] {processor.py:178} INFO - Processing /home/airflow/.local/lib/python3.7/site-packages/airflow/example_dags/example_params_ui_tutorial.py took 1.192 seconds
[2023-05-03T09:32:07.177+0000] {processor.py:156} INFO - Started process (PID=512) to work on /home/airflow/.local/lib/python3.7/site-packages/airflow/example_dags/example_params_ui_tutorial.py
[2023-05-03T09:32:07.180+0000] {processor.py:799} INFO - Processing file /home/airflow/.local/lib/python3.7/site-packages/airflow/example_dags/example_params_ui_tutorial.py for tasks to queue
[2023-05-03T09:32:07.185+0000] {logging_mixin.py:149} INFO - [2023-05-03T09:32:07.184+0000] {dagbag.py:541} INFO - Filling up the DagBag from /home/airflow/.local/lib/python3.7/site-packages/airflow/example_dags/example_params_ui_tutorial.py
[2023-05-03T09:32:07.301+0000] {processor.py:809} INFO - DAG(s) dict_keys(['example_params_ui_tutorial']) retrieved from /home/airflow/.local/lib/python3.7/site-packages/airflow/example_dags/example_params_ui_tutorial.py
[2023-05-03T09:32:07.698+0000] {logging_mixin.py:149} INFO - [2023-05-03T09:32:07.698+0000] {dag.py:2726} INFO - Sync 1 DAGs
[2023-05-03T09:32:07.762+0000] {logging_mixin.py:149} INFO - [2023-05-03T09:32:07.761+0000] {dag.py:3490} INFO - Setting next_dagrun for example_params_ui_tutorial to None, run_after=None
[2023-05-03T09:32:07.816+0000] {processor.py:178} INFO - Processing /home/airflow/.local/lib/python3.7/site-packages/airflow/example_dags/example_params_ui_tutorial.py took 0.644 seconds
[2023-05-03T09:32:40.516+0000] {processor.py:156} INFO - Started process (PID=748) to work on /home/airflow/.local/lib/python3.7/site-packages/airflow/example_dags/example_params_ui_tutorial.py
[2023-05-03T09:32:40.519+0000] {processor.py:799} INFO - Processing file /home/airflow/.local/lib/python3.7/site-packages/airflow/example_dags/example_params_ui_tutorial.py for tasks to queue
[2023-05-03T09:32:40.520+0000] {logging_mixin.py:149} INFO - [2023-05-03T09:32:40.520+0000] {dagbag.py:541} INFO - Filling up the DagBag from /home/airflow/.local/lib/python3.7/site-packages/airflow/example_dags/example_params_ui_tutorial.py
[2023-05-03T09:32:40.588+0000] {processor.py:809} INFO - DAG(s) dict_keys(['example_params_ui_tutorial']) retrieved from /home/airflow/.local/lib/python3.7/site-packages/airflow/example_dags/example_params_ui_tutorial.py
[2023-05-03T09:32:40.727+0000] {logging_mixin.py:149} INFO - [2023-05-03T09:32:40.727+0000] {dag.py:2726} INFO - Sync 1 DAGs
[2023-05-03T09:32:40.776+0000] {logging_mixin.py:149} INFO - [2023-05-03T09:32:40.776+0000] {dag.py:3490} INFO - Setting next_dagrun for example_params_ui_tutorial to None, run_after=None
[2023-05-03T09:32:40.816+0000] {processor.py:178} INFO - Processing /home/airflow/.local/lib/python3.7/site-packages/airflow/example_dags/example_params_ui_tutorial.py took 0.304 seconds
[2023-05-03T09:33:30.558+0000] {processor.py:156} INFO - Started process (PID=975) to work on /home/airflow/.local/lib/python3.7/site-packages/airflow/example_dags/example_params_ui_tutorial.py
[2023-05-03T09:33:30.570+0000] {processor.py:799} INFO - Processing file /home/airflow/.local/lib/python3.7/site-packages/airflow/example_dags/example_params_ui_tutorial.py for tasks to queue
[2023-05-03T09:33:30.572+0000] {logging_mixin.py:149} INFO - [2023-05-03T09:33:30.572+0000] {dagbag.py:541} INFO - Filling up the DagBag from /home/airflow/.local/lib/python3.7/site-packages/airflow/example_dags/example_params_ui_tutorial.py
[2023-05-03T09:33:30.701+0000] {processor.py:809} INFO - DAG(s) dict_keys(['example_params_ui_tutorial']) retrieved from /home/airflow/.local/lib/python3.7/site-packages/airflow/example_dags/example_params_ui_tutorial.py
[2023-05-03T09:33:30.888+0000] {logging_mixin.py:149} INFO - [2023-05-03T09:33:30.888+0000] {dag.py:2726} INFO - Sync 1 DAGs
[2023-05-03T09:33:30.957+0000] {logging_mixin.py:149} INFO - [2023-05-03T09:33:30.956+0000] {dag.py:3490} INFO - Setting next_dagrun for example_params_ui_tutorial to None, run_after=None
[2023-05-03T09:33:31.014+0000] {processor.py:178} INFO - Processing /home/airflow/.local/lib/python3.7/site-packages/airflow/example_dags/example_params_ui_tutorial.py took 0.467 seconds
[2023-05-03T09:34:04.361+0000] {processor.py:156} INFO - Started process (PID=1210) to work on /home/airflow/.local/lib/python3.7/site-packages/airflow/example_dags/example_params_ui_tutorial.py
[2023-05-03T09:34:04.365+0000] {processor.py:799} INFO - Processing file /home/airflow/.local/lib/python3.7/site-packages/airflow/example_dags/example_params_ui_tutorial.py for tasks to queue
[2023-05-03T09:34:04.367+0000] {logging_mixin.py:149} INFO - [2023-05-03T09:34:04.367+0000] {dagbag.py:541} INFO - Filling up the DagBag from /home/airflow/.local/lib/python3.7/site-packages/airflow/example_dags/example_params_ui_tutorial.py
[2023-05-03T09:34:04.501+0000] {processor.py:809} INFO - DAG(s) dict_keys(['example_params_ui_tutorial']) retrieved from /home/airflow/.local/lib/python3.7/site-packages/airflow/example_dags/example_params_ui_tutorial.py
[2023-05-03T09:34:04.770+0000] {logging_mixin.py:149} INFO - [2023-05-03T09:34:04.770+0000] {dag.py:2726} INFO - Sync 1 DAGs
[2023-05-03T09:34:04.895+0000] {logging_mixin.py:149} INFO - [2023-05-03T09:34:04.894+0000] {dag.py:3490} INFO - Setting next_dagrun for example_params_ui_tutorial to None, run_after=None
[2023-05-03T09:34:05.013+0000] {processor.py:178} INFO - Processing /home/airflow/.local/lib/python3.7/site-packages/airflow/example_dags/example_params_ui_tutorial.py took 0.657 seconds
[2023-05-03T09:34:35.831+0000] {processor.py:156} INFO - Started process (PID=1446) to work on /home/airflow/.local/lib/python3.7/site-packages/airflow/example_dags/example_params_ui_tutorial.py
[2023-05-03T09:34:35.834+0000] {processor.py:799} INFO - Processing file /home/airflow/.local/lib/python3.7/site-packages/airflow/example_dags/example_params_ui_tutorial.py for tasks to queue
[2023-05-03T09:34:35.836+0000] {logging_mixin.py:149} INFO - [2023-05-03T09:34:35.836+0000] {dagbag.py:541} INFO - Filling up the DagBag from /home/airflow/.local/lib/python3.7/site-packages/airflow/example_dags/example_params_ui_tutorial.py
[2023-05-03T09:34:35.919+0000] {processor.py:809} INFO - DAG(s) dict_keys(['example_params_ui_tutorial']) retrieved from /home/airflow/.local/lib/python3.7/site-packages/airflow/example_dags/example_params_ui_tutorial.py
[2023-05-03T09:34:36.031+0000] {logging_mixin.py:149} INFO - [2023-05-03T09:34:36.030+0000] {dag.py:2726} INFO - Sync 1 DAGs
[2023-05-03T09:34:36.084+0000] {logging_mixin.py:149} INFO - [2023-05-03T09:34:36.083+0000] {dag.py:3490} INFO - Setting next_dagrun for example_params_ui_tutorial to None, run_after=None
[2023-05-03T09:34:36.124+0000] {processor.py:178} INFO - Processing /home/airflow/.local/lib/python3.7/site-packages/airflow/example_dags/example_params_ui_tutorial.py took 0.298 seconds
[2023-05-03T09:35:07.326+0000] {processor.py:156} INFO - Started process (PID=1682) to work on /home/airflow/.local/lib/python3.7/site-packages/airflow/example_dags/example_params_ui_tutorial.py
[2023-05-03T09:35:07.329+0000] {processor.py:799} INFO - Processing file /home/airflow/.local/lib/python3.7/site-packages/airflow/example_dags/example_params_ui_tutorial.py for tasks to queue
[2023-05-03T09:35:07.332+0000] {logging_mixin.py:149} INFO - [2023-05-03T09:35:07.331+0000] {dagbag.py:541} INFO - Filling up the DagBag from /home/airflow/.local/lib/python3.7/site-packages/airflow/example_dags/example_params_ui_tutorial.py
[2023-05-03T09:35:07.432+0000] {processor.py:809} INFO - DAG(s) dict_keys(['example_params_ui_tutorial']) retrieved from /home/airflow/.local/lib/python3.7/site-packages/airflow/example_dags/example_params_ui_tutorial.py
[2023-05-03T09:35:07.604+0000] {logging_mixin.py:149} INFO - [2023-05-03T09:35:07.604+0000] {dag.py:2726} INFO - Sync 1 DAGs
[2023-05-03T09:35:07.665+0000] {logging_mixin.py:149} INFO - [2023-05-03T09:35:07.665+0000] {dag.py:3490} INFO - Setting next_dagrun for example_params_ui_tutorial to None, run_after=None
[2023-05-03T09:35:07.712+0000] {processor.py:178} INFO - Processing /home/airflow/.local/lib/python3.7/site-packages/airflow/example_dags/example_params_ui_tutorial.py took 0.390 seconds
[2023-05-03T09:35:48.794+0000] {processor.py:156} INFO - Started process (PID=1963) to work on /home/airflow/.local/lib/python3.7/site-packages/airflow/example_dags/example_params_ui_tutorial.py
[2023-05-03T09:35:48.797+0000] {processor.py:799} INFO - Processing file /home/airflow/.local/lib/python3.7/site-packages/airflow/example_dags/example_params_ui_tutorial.py for tasks to queue
[2023-05-03T09:35:48.813+0000] {logging_mixin.py:149} INFO - [2023-05-03T09:35:48.813+0000] {dagbag.py:541} INFO - Filling up the DagBag from /home/airflow/.local/lib/python3.7/site-packages/airflow/example_dags/example_params_ui_tutorial.py
[2023-05-03T09:35:49.017+0000] {processor.py:809} INFO - DAG(s) dict_keys(['example_params_ui_tutorial']) retrieved from /home/airflow/.local/lib/python3.7/site-packages/airflow/example_dags/example_params_ui_tutorial.py
[2023-05-03T09:35:49.230+0000] {logging_mixin.py:149} INFO - [2023-05-03T09:35:49.230+0000] {dag.py:2726} INFO - Sync 1 DAGs
[2023-05-03T09:35:49.304+0000] {logging_mixin.py:149} INFO - [2023-05-03T09:35:49.304+0000] {dag.py:3490} INFO - Setting next_dagrun for example_params_ui_tutorial to None, run_after=None
[2023-05-03T09:35:49.368+0000] {processor.py:178} INFO - Processing /home/airflow/.local/lib/python3.7/site-packages/airflow/example_dags/example_params_ui_tutorial.py took 0.582 seconds
[2023-05-03T09:36:20.960+0000] {processor.py:156} INFO - Started process (PID=2200) to work on /home/airflow/.local/lib/python3.7/site-packages/airflow/example_dags/example_params_ui_tutorial.py
[2023-05-03T09:36:20.962+0000] {processor.py:799} INFO - Processing file /home/airflow/.local/lib/python3.7/site-packages/airflow/example_dags/example_params_ui_tutorial.py for tasks to queue
[2023-05-03T09:36:20.964+0000] {logging_mixin.py:149} INFO - [2023-05-03T09:36:20.964+0000] {dagbag.py:541} INFO - Filling up the DagBag from /home/airflow/.local/lib/python3.7/site-packages/airflow/example_dags/example_params_ui_tutorial.py
[2023-05-03T09:36:21.134+0000] {processor.py:809} INFO - DAG(s) dict_keys(['example_params_ui_tutorial']) retrieved from /home/airflow/.local/lib/python3.7/site-packages/airflow/example_dags/example_params_ui_tutorial.py
[2023-05-03T09:36:21.311+0000] {logging_mixin.py:149} INFO - [2023-05-03T09:36:21.311+0000] {dag.py:2726} INFO - Sync 1 DAGs
[2023-05-03T09:36:21.366+0000] {logging_mixin.py:149} INFO - [2023-05-03T09:36:21.366+0000] {dag.py:3490} INFO - Setting next_dagrun for example_params_ui_tutorial to None, run_after=None
[2023-05-03T09:36:21.414+0000] {processor.py:178} INFO - Processing /home/airflow/.local/lib/python3.7/site-packages/airflow/example_dags/example_params_ui_tutorial.py took 0.464 seconds
[2023-05-03T09:36:52.024+0000] {processor.py:156} INFO - Started process (PID=2436) to work on /home/airflow/.local/lib/python3.7/site-packages/airflow/example_dags/example_params_ui_tutorial.py
[2023-05-03T09:36:52.035+0000] {processor.py:799} INFO - Processing file /home/airflow/.local/lib/python3.7/site-packages/airflow/example_dags/example_params_ui_tutorial.py for tasks to queue
[2023-05-03T09:36:52.037+0000] {logging_mixin.py:149} INFO - [2023-05-03T09:36:52.037+0000] {dagbag.py:541} INFO - Filling up the DagBag from /home/airflow/.local/lib/python3.7/site-packages/airflow/example_dags/example_params_ui_tutorial.py
[2023-05-03T09:36:52.170+0000] {processor.py:809} INFO - DAG(s) dict_keys(['example_params_ui_tutorial']) retrieved from /home/airflow/.local/lib/python3.7/site-packages/airflow/example_dags/example_params_ui_tutorial.py
[2023-05-03T09:36:52.285+0000] {logging_mixin.py:149} INFO - [2023-05-03T09:36:52.285+0000] {dag.py:2726} INFO - Sync 1 DAGs
[2023-05-03T09:36:52.329+0000] {logging_mixin.py:149} INFO - [2023-05-03T09:36:52.329+0000] {dag.py:3490} INFO - Setting next_dagrun for example_params_ui_tutorial to None, run_after=None
[2023-05-03T09:36:52.366+0000] {processor.py:178} INFO - Processing /home/airflow/.local/lib/python3.7/site-packages/airflow/example_dags/example_params_ui_tutorial.py took 0.347 seconds
[2023-05-03T09:37:24.374+0000] {processor.py:156} INFO - Started process (PID=2671) to work on /home/airflow/.local/lib/python3.7/site-packages/airflow/example_dags/example_params_ui_tutorial.py
[2023-05-03T09:37:24.377+0000] {processor.py:799} INFO - Processing file /home/airflow/.local/lib/python3.7/site-packages/airflow/example_dags/example_params_ui_tutorial.py for tasks to queue
[2023-05-03T09:37:24.379+0000] {logging_mixin.py:149} INFO - [2023-05-03T09:37:24.378+0000] {dagbag.py:541} INFO - Filling up the DagBag from /home/airflow/.local/lib/python3.7/site-packages/airflow/example_dags/example_params_ui_tutorial.py
[2023-05-03T09:37:24.510+0000] {processor.py:809} INFO - DAG(s) dict_keys(['example_params_ui_tutorial']) retrieved from /home/airflow/.local/lib/python3.7/site-packages/airflow/example_dags/example_params_ui_tutorial.py
[2023-05-03T09:37:24.734+0000] {logging_mixin.py:149} INFO - [2023-05-03T09:37:24.733+0000] {dag.py:2726} INFO - Sync 1 DAGs
[2023-05-03T09:37:24.782+0000] {logging_mixin.py:149} INFO - [2023-05-03T09:37:24.781+0000] {dag.py:3490} INFO - Setting next_dagrun for example_params_ui_tutorial to None, run_after=None
[2023-05-03T09:37:24.957+0000] {processor.py:178} INFO - Processing /home/airflow/.local/lib/python3.7/site-packages/airflow/example_dags/example_params_ui_tutorial.py took 0.596 seconds
[2023-05-03T09:37:59.357+0000] {processor.py:156} INFO - Started process (PID=2924) to work on /home/airflow/.local/lib/python3.7/site-packages/airflow/example_dags/example_params_ui_tutorial.py
[2023-05-03T09:37:59.359+0000] {processor.py:799} INFO - Processing file /home/airflow/.local/lib/python3.7/site-packages/airflow/example_dags/example_params_ui_tutorial.py for tasks to queue
[2023-05-03T09:37:59.362+0000] {logging_mixin.py:149} INFO - [2023-05-03T09:37:59.361+0000] {dagbag.py:541} INFO - Filling up the DagBag from /home/airflow/.local/lib/python3.7/site-packages/airflow/example_dags/example_params_ui_tutorial.py
[2023-05-03T09:37:59.429+0000] {processor.py:809} INFO - DAG(s) dict_keys(['example_params_ui_tutorial']) retrieved from /home/airflow/.local/lib/python3.7/site-packages/airflow/example_dags/example_params_ui_tutorial.py
[2023-05-03T09:37:59.580+0000] {logging_mixin.py:149} INFO - [2023-05-03T09:37:59.580+0000] {dag.py:2726} INFO - Sync 1 DAGs
[2023-05-03T09:37:59.620+0000] {logging_mixin.py:149} INFO - [2023-05-03T09:37:59.620+0000] {dag.py:3490} INFO - Setting next_dagrun for example_params_ui_tutorial to None, run_after=None
[2023-05-03T09:37:59.653+0000] {processor.py:178} INFO - Processing /home/airflow/.local/lib/python3.7/site-packages/airflow/example_dags/example_params_ui_tutorial.py took 0.300 seconds
[2023-05-03T09:38:33.372+0000] {processor.py:156} INFO - Started process (PID=3160) to work on /home/airflow/.local/lib/python3.7/site-packages/airflow/example_dags/example_params_ui_tutorial.py
[2023-05-03T09:38:33.375+0000] {processor.py:799} INFO - Processing file /home/airflow/.local/lib/python3.7/site-packages/airflow/example_dags/example_params_ui_tutorial.py for tasks to queue
[2023-05-03T09:38:33.376+0000] {logging_mixin.py:149} INFO - [2023-05-03T09:38:33.376+0000] {dagbag.py:541} INFO - Filling up the DagBag from /home/airflow/.local/lib/python3.7/site-packages/airflow/example_dags/example_params_ui_tutorial.py
[2023-05-03T09:38:33.488+0000] {processor.py:809} INFO - DAG(s) dict_keys(['example_params_ui_tutorial']) retrieved from /home/airflow/.local/lib/python3.7/site-packages/airflow/example_dags/example_params_ui_tutorial.py
[2023-05-03T09:38:33.635+0000] {logging_mixin.py:149} INFO - [2023-05-03T09:38:33.635+0000] {dag.py:2726} INFO - Sync 1 DAGs
[2023-05-03T09:38:33.677+0000] {logging_mixin.py:149} INFO - [2023-05-03T09:38:33.677+0000] {dag.py:3490} INFO - Setting next_dagrun for example_params_ui_tutorial to None, run_after=None
[2023-05-03T09:38:33.845+0000] {processor.py:178} INFO - Processing /home/airflow/.local/lib/python3.7/site-packages/airflow/example_dags/example_params_ui_tutorial.py took 0.477 seconds
[2023-05-03T09:39:04.574+0000] {processor.py:156} INFO - Started process (PID=3396) to work on /home/airflow/.local/lib/python3.7/site-packages/airflow/example_dags/example_params_ui_tutorial.py
[2023-05-03T09:39:04.577+0000] {processor.py:799} INFO - Processing file /home/airflow/.local/lib/python3.7/site-packages/airflow/example_dags/example_params_ui_tutorial.py for tasks to queue
[2023-05-03T09:39:04.579+0000] {logging_mixin.py:149} INFO - [2023-05-03T09:39:04.579+0000] {dagbag.py:541} INFO - Filling up the DagBag from /home/airflow/.local/lib/python3.7/site-packages/airflow/example_dags/example_params_ui_tutorial.py
[2023-05-03T09:39:04.666+0000] {processor.py:809} INFO - DAG(s) dict_keys(['example_params_ui_tutorial']) retrieved from /home/airflow/.local/lib/python3.7/site-packages/airflow/example_dags/example_params_ui_tutorial.py
[2023-05-03T09:39:04.848+0000] {logging_mixin.py:149} INFO - [2023-05-03T09:39:04.847+0000] {dag.py:2726} INFO - Sync 1 DAGs
[2023-05-03T09:39:04.932+0000] {logging_mixin.py:149} INFO - [2023-05-03T09:39:04.932+0000] {dag.py:3490} INFO - Setting next_dagrun for example_params_ui_tutorial to None, run_after=None
[2023-05-03T09:39:04.987+0000] {processor.py:178} INFO - Processing /home/airflow/.local/lib/python3.7/site-packages/airflow/example_dags/example_params_ui_tutorial.py took 0.418 seconds
[2023-05-03T09:39:36.427+0000] {processor.py:156} INFO - Started process (PID=3633) to work on /home/airflow/.local/lib/python3.7/site-packages/airflow/example_dags/example_params_ui_tutorial.py
[2023-05-03T09:39:36.429+0000] {processor.py:799} INFO - Processing file /home/airflow/.local/lib/python3.7/site-packages/airflow/example_dags/example_params_ui_tutorial.py for tasks to queue
[2023-05-03T09:39:36.431+0000] {logging_mixin.py:149} INFO - [2023-05-03T09:39:36.431+0000] {dagbag.py:541} INFO - Filling up the DagBag from /home/airflow/.local/lib/python3.7/site-packages/airflow/example_dags/example_params_ui_tutorial.py
[2023-05-03T09:39:36.526+0000] {processor.py:809} INFO - DAG(s) dict_keys(['example_params_ui_tutorial']) retrieved from /home/airflow/.local/lib/python3.7/site-packages/airflow/example_dags/example_params_ui_tutorial.py
[2023-05-03T09:39:36.680+0000] {logging_mixin.py:149} INFO - [2023-05-03T09:39:36.680+0000] {dag.py:2726} INFO - Sync 1 DAGs
[2023-05-03T09:39:36.743+0000] {logging_mixin.py:149} INFO - [2023-05-03T09:39:36.743+0000] {dag.py:3490} INFO - Setting next_dagrun for example_params_ui_tutorial to None, run_after=None
[2023-05-03T09:39:36.827+0000] {processor.py:178} INFO - Processing /home/airflow/.local/lib/python3.7/site-packages/airflow/example_dags/example_params_ui_tutorial.py took 0.407 seconds
[2023-05-03T09:40:07.604+0000] {processor.py:156} INFO - Started process (PID=3871) to work on /home/airflow/.local/lib/python3.7/site-packages/airflow/example_dags/example_params_ui_tutorial.py
[2023-05-03T09:40:07.606+0000] {processor.py:799} INFO - Processing file /home/airflow/.local/lib/python3.7/site-packages/airflow/example_dags/example_params_ui_tutorial.py for tasks to queue
[2023-05-03T09:40:07.608+0000] {logging_mixin.py:149} INFO - [2023-05-03T09:40:07.608+0000] {dagbag.py:541} INFO - Filling up the DagBag from /home/airflow/.local/lib/python3.7/site-packages/airflow/example_dags/example_params_ui_tutorial.py
[2023-05-03T09:40:07.683+0000] {processor.py:809} INFO - DAG(s) dict_keys(['example_params_ui_tutorial']) retrieved from /home/airflow/.local/lib/python3.7/site-packages/airflow/example_dags/example_params_ui_tutorial.py
[2023-05-03T09:40:07.795+0000] {logging_mixin.py:149} INFO - [2023-05-03T09:40:07.795+0000] {dag.py:2726} INFO - Sync 1 DAGs
[2023-05-03T09:40:07.860+0000] {logging_mixin.py:149} INFO - [2023-05-03T09:40:07.860+0000] {dag.py:3490} INFO - Setting next_dagrun for example_params_ui_tutorial to None, run_after=None
[2023-05-03T09:40:07.901+0000] {processor.py:178} INFO - Processing /home/airflow/.local/lib/python3.7/site-packages/airflow/example_dags/example_params_ui_tutorial.py took 0.302 seconds
[2023-05-03T09:40:38.639+0000] {processor.py:156} INFO - Started process (PID=4110) to work on /home/airflow/.local/lib/python3.7/site-packages/airflow/example_dags/example_params_ui_tutorial.py
[2023-05-03T09:40:38.641+0000] {processor.py:799} INFO - Processing file /home/airflow/.local/lib/python3.7/site-packages/airflow/example_dags/example_params_ui_tutorial.py for tasks to queue
[2023-05-03T09:40:38.643+0000] {logging_mixin.py:149} INFO - [2023-05-03T09:40:38.643+0000] {dagbag.py:541} INFO - Filling up the DagBag from /home/airflow/.local/lib/python3.7/site-packages/airflow/example_dags/example_params_ui_tutorial.py
[2023-05-03T09:40:38.722+0000] {processor.py:809} INFO - DAG(s) dict_keys(['example_params_ui_tutorial']) retrieved from /home/airflow/.local/lib/python3.7/site-packages/airflow/example_dags/example_params_ui_tutorial.py
[2023-05-03T09:40:38.823+0000] {logging_mixin.py:149} INFO - [2023-05-03T09:40:38.822+0000] {dag.py:2726} INFO - Sync 1 DAGs
[2023-05-03T09:40:38.858+0000] {logging_mixin.py:149} INFO - [2023-05-03T09:40:38.858+0000] {dag.py:3490} INFO - Setting next_dagrun for example_params_ui_tutorial to None, run_after=None
[2023-05-03T09:40:38.891+0000] {processor.py:178} INFO - Processing /home/airflow/.local/lib/python3.7/site-packages/airflow/example_dags/example_params_ui_tutorial.py took 0.257 seconds
[2023-05-03T09:41:09.374+0000] {processor.py:156} INFO - Started process (PID=4343) to work on /home/airflow/.local/lib/python3.7/site-packages/airflow/example_dags/example_params_ui_tutorial.py
[2023-05-03T09:41:09.377+0000] {processor.py:799} INFO - Processing file /home/airflow/.local/lib/python3.7/site-packages/airflow/example_dags/example_params_ui_tutorial.py for tasks to queue
[2023-05-03T09:41:09.380+0000] {logging_mixin.py:149} INFO - [2023-05-03T09:41:09.380+0000] {dagbag.py:541} INFO - Filling up the DagBag from /home/airflow/.local/lib/python3.7/site-packages/airflow/example_dags/example_params_ui_tutorial.py
[2023-05-03T09:41:09.448+0000] {processor.py:809} INFO - DAG(s) dict_keys(['example_params_ui_tutorial']) retrieved from /home/airflow/.local/lib/python3.7/site-packages/airflow/example_dags/example_params_ui_tutorial.py
[2023-05-03T09:41:09.567+0000] {logging_mixin.py:149} INFO - [2023-05-03T09:41:09.567+0000] {dag.py:2726} INFO - Sync 1 DAGs
[2023-05-03T09:41:09.611+0000] {logging_mixin.py:149} INFO - [2023-05-03T09:41:09.611+0000] {dag.py:3490} INFO - Setting next_dagrun for example_params_ui_tutorial to None, run_after=None
[2023-05-03T09:41:09.642+0000] {processor.py:178} INFO - Processing /home/airflow/.local/lib/python3.7/site-packages/airflow/example_dags/example_params_ui_tutorial.py took 0.273 seconds
[2023-05-03T09:41:41.070+0000] {processor.py:156} INFO - Started process (PID=4587) to work on /home/airflow/.local/lib/python3.7/site-packages/airflow/example_dags/example_params_ui_tutorial.py
[2023-05-03T09:41:41.073+0000] {processor.py:799} INFO - Processing file /home/airflow/.local/lib/python3.7/site-packages/airflow/example_dags/example_params_ui_tutorial.py for tasks to queue
[2023-05-03T09:41:41.076+0000] {logging_mixin.py:149} INFO - [2023-05-03T09:41:41.076+0000] {dagbag.py:541} INFO - Filling up the DagBag from /home/airflow/.local/lib/python3.7/site-packages/airflow/example_dags/example_params_ui_tutorial.py
[2023-05-03T09:41:41.169+0000] {processor.py:809} INFO - DAG(s) dict_keys(['example_params_ui_tutorial']) retrieved from /home/airflow/.local/lib/python3.7/site-packages/airflow/example_dags/example_params_ui_tutorial.py
[2023-05-03T09:41:41.290+0000] {logging_mixin.py:149} INFO - [2023-05-03T09:41:41.290+0000] {dag.py:2726} INFO - Sync 1 DAGs
[2023-05-03T09:41:41.342+0000] {logging_mixin.py:149} INFO - [2023-05-03T09:41:41.341+0000] {dag.py:3490} INFO - Setting next_dagrun for example_params_ui_tutorial to None, run_after=None
[2023-05-03T09:41:41.378+0000] {processor.py:178} INFO - Processing /home/airflow/.local/lib/python3.7/site-packages/airflow/example_dags/example_params_ui_tutorial.py took 0.312 seconds
[2023-05-03T09:44:51.772+0000] {processor.py:156} INFO - Started process (PID=279) to work on /home/airflow/.local/lib/python3.7/site-packages/airflow/example_dags/example_params_ui_tutorial.py
[2023-05-03T09:44:51.774+0000] {processor.py:799} INFO - Processing file /home/airflow/.local/lib/python3.7/site-packages/airflow/example_dags/example_params_ui_tutorial.py for tasks to queue
[2023-05-03T09:44:51.776+0000] {logging_mixin.py:149} INFO - [2023-05-03T09:44:51.775+0000] {dagbag.py:541} INFO - Filling up the DagBag from /home/airflow/.local/lib/python3.7/site-packages/airflow/example_dags/example_params_ui_tutorial.py
[2023-05-03T09:44:51.867+0000] {processor.py:809} INFO - DAG(s) dict_keys(['example_params_ui_tutorial']) retrieved from /home/airflow/.local/lib/python3.7/site-packages/airflow/example_dags/example_params_ui_tutorial.py
[2023-05-03T09:44:52.053+0000] {logging_mixin.py:149} INFO - [2023-05-03T09:44:52.052+0000] {dag.py:2726} INFO - Sync 1 DAGs
[2023-05-03T09:44:52.123+0000] {logging_mixin.py:149} INFO - [2023-05-03T09:44:52.123+0000] {dag.py:3490} INFO - Setting next_dagrun for example_params_ui_tutorial to None, run_after=None
[2023-05-03T09:44:52.185+0000] {processor.py:178} INFO - Processing /home/airflow/.local/lib/python3.7/site-packages/airflow/example_dags/example_params_ui_tutorial.py took 0.425 seconds
[2023-05-03T09:46:32.789+0000] {processor.py:156} INFO - Started process (PID=596) to work on /home/airflow/.local/lib/python3.7/site-packages/airflow/example_dags/example_params_ui_tutorial.py
[2023-05-03T09:46:32.791+0000] {processor.py:799} INFO - Processing file /home/airflow/.local/lib/python3.7/site-packages/airflow/example_dags/example_params_ui_tutorial.py for tasks to queue
[2023-05-03T09:46:32.794+0000] {logging_mixin.py:149} INFO - [2023-05-03T09:46:32.794+0000] {dagbag.py:541} INFO - Filling up the DagBag from /home/airflow/.local/lib/python3.7/site-packages/airflow/example_dags/example_params_ui_tutorial.py
[2023-05-03T09:46:33.214+0000] {processor.py:809} INFO - DAG(s) dict_keys(['example_params_ui_tutorial']) retrieved from /home/airflow/.local/lib/python3.7/site-packages/airflow/example_dags/example_params_ui_tutorial.py
[2023-05-03T09:46:33.674+0000] {logging_mixin.py:149} INFO - [2023-05-03T09:46:33.672+0000] {dag.py:2726} INFO - Sync 1 DAGs
[2023-05-03T09:46:33.783+0000] {logging_mixin.py:149} INFO - [2023-05-03T09:46:33.782+0000] {dag.py:3490} INFO - Setting next_dagrun for example_params_ui_tutorial to None, run_after=None
[2023-05-03T09:46:33.869+0000] {processor.py:178} INFO - Processing /home/airflow/.local/lib/python3.7/site-packages/airflow/example_dags/example_params_ui_tutorial.py took 1.090 seconds
[2023-05-03T09:47:35.299+0000] {processor.py:156} INFO - Started process (PID=840) to work on /home/airflow/.local/lib/python3.7/site-packages/airflow/example_dags/example_params_ui_tutorial.py
[2023-05-03T09:47:35.302+0000] {processor.py:799} INFO - Processing file /home/airflow/.local/lib/python3.7/site-packages/airflow/example_dags/example_params_ui_tutorial.py for tasks to queue
[2023-05-03T09:47:35.316+0000] {logging_mixin.py:149} INFO - [2023-05-03T09:47:35.315+0000] {dagbag.py:541} INFO - Filling up the DagBag from /home/airflow/.local/lib/python3.7/site-packages/airflow/example_dags/example_params_ui_tutorial.py
[2023-05-03T09:47:35.510+0000] {processor.py:809} INFO - DAG(s) dict_keys(['example_params_ui_tutorial']) retrieved from /home/airflow/.local/lib/python3.7/site-packages/airflow/example_dags/example_params_ui_tutorial.py
[2023-05-03T09:47:35.767+0000] {logging_mixin.py:149} INFO - [2023-05-03T09:47:35.766+0000] {dag.py:2726} INFO - Sync 1 DAGs
[2023-05-03T09:47:35.884+0000] {logging_mixin.py:149} INFO - [2023-05-03T09:47:35.884+0000] {dag.py:3490} INFO - Setting next_dagrun for example_params_ui_tutorial to None, run_after=None
[2023-05-03T09:47:35.969+0000] {processor.py:178} INFO - Processing /home/airflow/.local/lib/python3.7/site-packages/airflow/example_dags/example_params_ui_tutorial.py took 0.682 seconds
[2023-05-03T09:48:25.489+0000] {processor.py:156} INFO - Started process (PID=1076) to work on /home/airflow/.local/lib/python3.7/site-packages/airflow/example_dags/example_params_ui_tutorial.py
[2023-05-03T09:48:25.493+0000] {processor.py:799} INFO - Processing file /home/airflow/.local/lib/python3.7/site-packages/airflow/example_dags/example_params_ui_tutorial.py for tasks to queue
[2023-05-03T09:48:25.496+0000] {logging_mixin.py:149} INFO - [2023-05-03T09:48:25.496+0000] {dagbag.py:541} INFO - Filling up the DagBag from /home/airflow/.local/lib/python3.7/site-packages/airflow/example_dags/example_params_ui_tutorial.py
[2023-05-03T09:48:25.633+0000] {processor.py:809} INFO - DAG(s) dict_keys(['example_params_ui_tutorial']) retrieved from /home/airflow/.local/lib/python3.7/site-packages/airflow/example_dags/example_params_ui_tutorial.py
[2023-05-03T09:48:25.892+0000] {logging_mixin.py:149} INFO - [2023-05-03T09:48:25.892+0000] {dag.py:2726} INFO - Sync 1 DAGs
[2023-05-03T09:48:27.263+0000] {logging_mixin.py:149} INFO - [2023-05-03T09:48:27.262+0000] {dag.py:3490} INFO - Setting next_dagrun for example_params_ui_tutorial to None, run_after=None
[2023-05-03T09:48:27.357+0000] {processor.py:178} INFO - Processing /home/airflow/.local/lib/python3.7/site-packages/airflow/example_dags/example_params_ui_tutorial.py took 1.879 seconds
[2023-05-03T09:48:57.935+0000] {processor.py:156} INFO - Started process (PID=1312) to work on /home/airflow/.local/lib/python3.7/site-packages/airflow/example_dags/example_params_ui_tutorial.py
[2023-05-03T09:48:57.938+0000] {processor.py:799} INFO - Processing file /home/airflow/.local/lib/python3.7/site-packages/airflow/example_dags/example_params_ui_tutorial.py for tasks to queue
[2023-05-03T09:48:57.941+0000] {logging_mixin.py:149} INFO - [2023-05-03T09:48:57.941+0000] {dagbag.py:541} INFO - Filling up the DagBag from /home/airflow/.local/lib/python3.7/site-packages/airflow/example_dags/example_params_ui_tutorial.py
[2023-05-03T09:48:58.277+0000] {processor.py:809} INFO - DAG(s) dict_keys(['example_params_ui_tutorial']) retrieved from /home/airflow/.local/lib/python3.7/site-packages/airflow/example_dags/example_params_ui_tutorial.py
[2023-05-03T09:48:58.647+0000] {logging_mixin.py:149} INFO - [2023-05-03T09:48:58.647+0000] {dag.py:2726} INFO - Sync 1 DAGs
[2023-05-03T09:48:58.933+0000] {logging_mixin.py:149} INFO - [2023-05-03T09:48:58.933+0000] {dag.py:3490} INFO - Setting next_dagrun for example_params_ui_tutorial to None, run_after=None
[2023-05-03T09:48:59.029+0000] {processor.py:178} INFO - Processing /home/airflow/.local/lib/python3.7/site-packages/airflow/example_dags/example_params_ui_tutorial.py took 1.106 seconds
[2023-05-03T09:49:48.189+0000] {processor.py:156} INFO - Started process (PID=1533) to work on /home/airflow/.local/lib/python3.7/site-packages/airflow/example_dags/example_params_ui_tutorial.py
[2023-05-03T09:49:48.193+0000] {processor.py:799} INFO - Processing file /home/airflow/.local/lib/python3.7/site-packages/airflow/example_dags/example_params_ui_tutorial.py for tasks to queue
[2023-05-03T09:49:48.200+0000] {logging_mixin.py:149} INFO - [2023-05-03T09:49:48.198+0000] {dagbag.py:541} INFO - Filling up the DagBag from /home/airflow/.local/lib/python3.7/site-packages/airflow/example_dags/example_params_ui_tutorial.py
[2023-05-03T09:49:48.316+0000] {processor.py:809} INFO - DAG(s) dict_keys(['example_params_ui_tutorial']) retrieved from /home/airflow/.local/lib/python3.7/site-packages/airflow/example_dags/example_params_ui_tutorial.py
[2023-05-03T09:49:48.497+0000] {logging_mixin.py:149} INFO - [2023-05-03T09:49:48.497+0000] {dag.py:2726} INFO - Sync 1 DAGs
[2023-05-03T09:49:48.593+0000] {logging_mixin.py:149} INFO - [2023-05-03T09:49:48.592+0000] {dag.py:3490} INFO - Setting next_dagrun for example_params_ui_tutorial to None, run_after=None
[2023-05-03T09:49:48.654+0000] {processor.py:178} INFO - Processing /home/airflow/.local/lib/python3.7/site-packages/airflow/example_dags/example_params_ui_tutorial.py took 0.470 seconds
[2023-05-03T09:50:19.644+0000] {processor.py:156} INFO - Started process (PID=1769) to work on /home/airflow/.local/lib/python3.7/site-packages/airflow/example_dags/example_params_ui_tutorial.py
[2023-05-03T09:50:19.646+0000] {processor.py:799} INFO - Processing file /home/airflow/.local/lib/python3.7/site-packages/airflow/example_dags/example_params_ui_tutorial.py for tasks to queue
[2023-05-03T09:50:19.652+0000] {logging_mixin.py:149} INFO - [2023-05-03T09:50:19.651+0000] {dagbag.py:541} INFO - Filling up the DagBag from /home/airflow/.local/lib/python3.7/site-packages/airflow/example_dags/example_params_ui_tutorial.py
[2023-05-03T09:50:19.760+0000] {processor.py:809} INFO - DAG(s) dict_keys(['example_params_ui_tutorial']) retrieved from /home/airflow/.local/lib/python3.7/site-packages/airflow/example_dags/example_params_ui_tutorial.py
[2023-05-03T09:50:20.007+0000] {logging_mixin.py:149} INFO - [2023-05-03T09:50:20.007+0000] {dag.py:2726} INFO - Sync 1 DAGs
[2023-05-03T09:50:20.419+0000] {logging_mixin.py:149} INFO - [2023-05-03T09:50:20.418+0000] {dag.py:3490} INFO - Setting next_dagrun for example_params_ui_tutorial to None, run_after=None
[2023-05-03T09:50:20.515+0000] {processor.py:178} INFO - Processing /home/airflow/.local/lib/python3.7/site-packages/airflow/example_dags/example_params_ui_tutorial.py took 0.877 seconds
[2023-05-03T09:50:50.688+0000] {processor.py:156} INFO - Started process (PID=2005) to work on /home/airflow/.local/lib/python3.7/site-packages/airflow/example_dags/example_params_ui_tutorial.py
[2023-05-03T09:50:50.701+0000] {processor.py:799} INFO - Processing file /home/airflow/.local/lib/python3.7/site-packages/airflow/example_dags/example_params_ui_tutorial.py for tasks to queue
[2023-05-03T09:50:50.703+0000] {logging_mixin.py:149} INFO - [2023-05-03T09:50:50.703+0000] {dagbag.py:541} INFO - Filling up the DagBag from /home/airflow/.local/lib/python3.7/site-packages/airflow/example_dags/example_params_ui_tutorial.py
[2023-05-03T09:50:50.810+0000] {processor.py:809} INFO - DAG(s) dict_keys(['example_params_ui_tutorial']) retrieved from /home/airflow/.local/lib/python3.7/site-packages/airflow/example_dags/example_params_ui_tutorial.py
[2023-05-03T09:50:51.008+0000] {logging_mixin.py:149} INFO - [2023-05-03T09:50:51.007+0000] {dag.py:2726} INFO - Sync 1 DAGs
[2023-05-03T09:50:51.073+0000] {logging_mixin.py:149} INFO - [2023-05-03T09:50:51.073+0000] {dag.py:3490} INFO - Setting next_dagrun for example_params_ui_tutorial to None, run_after=None
[2023-05-03T09:50:51.129+0000] {processor.py:178} INFO - Processing /home/airflow/.local/lib/python3.7/site-packages/airflow/example_dags/example_params_ui_tutorial.py took 0.445 seconds
[2023-05-03T09:52:08.706+0000] {processor.py:156} INFO - Started process (PID=2289) to work on /home/airflow/.local/lib/python3.7/site-packages/airflow/example_dags/example_params_ui_tutorial.py
[2023-05-03T09:52:08.709+0000] {processor.py:799} INFO - Processing file /home/airflow/.local/lib/python3.7/site-packages/airflow/example_dags/example_params_ui_tutorial.py for tasks to queue
[2023-05-03T09:52:08.711+0000] {logging_mixin.py:149} INFO - [2023-05-03T09:52:08.710+0000] {dagbag.py:541} INFO - Filling up the DagBag from /home/airflow/.local/lib/python3.7/site-packages/airflow/example_dags/example_params_ui_tutorial.py
[2023-05-03T09:52:08.848+0000] {processor.py:809} INFO - DAG(s) dict_keys(['example_params_ui_tutorial']) retrieved from /home/airflow/.local/lib/python3.7/site-packages/airflow/example_dags/example_params_ui_tutorial.py
[2023-05-03T09:52:09.093+0000] {logging_mixin.py:149} INFO - [2023-05-03T09:52:09.093+0000] {dag.py:2726} INFO - Sync 1 DAGs
[2023-05-03T09:52:09.206+0000] {logging_mixin.py:149} INFO - [2023-05-03T09:52:09.206+0000] {dag.py:3490} INFO - Setting next_dagrun for example_params_ui_tutorial to None, run_after=None
[2023-05-03T09:52:09.295+0000] {processor.py:178} INFO - Processing /home/airflow/.local/lib/python3.7/site-packages/airflow/example_dags/example_params_ui_tutorial.py took 0.602 seconds
[2023-05-03T09:52:40.113+0000] {processor.py:156} INFO - Started process (PID=2524) to work on /home/airflow/.local/lib/python3.7/site-packages/airflow/example_dags/example_params_ui_tutorial.py
[2023-05-03T09:52:40.126+0000] {processor.py:799} INFO - Processing file /home/airflow/.local/lib/python3.7/site-packages/airflow/example_dags/example_params_ui_tutorial.py for tasks to queue
[2023-05-03T09:52:40.130+0000] {logging_mixin.py:149} INFO - [2023-05-03T09:52:40.129+0000] {dagbag.py:541} INFO - Filling up the DagBag from /home/airflow/.local/lib/python3.7/site-packages/airflow/example_dags/example_params_ui_tutorial.py
[2023-05-03T09:52:40.317+0000] {processor.py:809} INFO - DAG(s) dict_keys(['example_params_ui_tutorial']) retrieved from /home/airflow/.local/lib/python3.7/site-packages/airflow/example_dags/example_params_ui_tutorial.py
[2023-05-03T09:52:40.552+0000] {logging_mixin.py:149} INFO - [2023-05-03T09:52:40.551+0000] {dag.py:2726} INFO - Sync 1 DAGs
[2023-05-03T09:52:42.544+0000] {logging_mixin.py:149} INFO - [2023-05-03T09:52:42.544+0000] {dag.py:3490} INFO - Setting next_dagrun for example_params_ui_tutorial to None, run_after=None
[2023-05-03T09:52:42.647+0000] {processor.py:178} INFO - Processing /home/airflow/.local/lib/python3.7/site-packages/airflow/example_dags/example_params_ui_tutorial.py took 2.534 seconds
[2023-05-03T09:53:13.223+0000] {processor.py:156} INFO - Started process (PID=2753) to work on /home/airflow/.local/lib/python3.7/site-packages/airflow/example_dags/example_params_ui_tutorial.py
[2023-05-03T09:53:13.225+0000] {processor.py:799} INFO - Processing file /home/airflow/.local/lib/python3.7/site-packages/airflow/example_dags/example_params_ui_tutorial.py for tasks to queue
[2023-05-03T09:53:13.227+0000] {logging_mixin.py:149} INFO - [2023-05-03T09:53:13.227+0000] {dagbag.py:541} INFO - Filling up the DagBag from /home/airflow/.local/lib/python3.7/site-packages/airflow/example_dags/example_params_ui_tutorial.py
[2023-05-03T09:53:13.388+0000] {processor.py:809} INFO - DAG(s) dict_keys(['example_params_ui_tutorial']) retrieved from /home/airflow/.local/lib/python3.7/site-packages/airflow/example_dags/example_params_ui_tutorial.py
[2023-05-03T09:53:13.603+0000] {logging_mixin.py:149} INFO - [2023-05-03T09:53:13.603+0000] {dag.py:2726} INFO - Sync 1 DAGs
[2023-05-03T09:53:13.648+0000] {logging_mixin.py:149} INFO - [2023-05-03T09:53:13.648+0000] {dag.py:3490} INFO - Setting next_dagrun for example_params_ui_tutorial to None, run_after=None
[2023-05-03T09:53:13.953+0000] {processor.py:178} INFO - Processing /home/airflow/.local/lib/python3.7/site-packages/airflow/example_dags/example_params_ui_tutorial.py took 0.737 seconds
[2023-05-03T09:53:44.078+0000] {processor.py:156} INFO - Started process (PID=2989) to work on /home/airflow/.local/lib/python3.7/site-packages/airflow/example_dags/example_params_ui_tutorial.py
[2023-05-03T09:53:44.080+0000] {processor.py:799} INFO - Processing file /home/airflow/.local/lib/python3.7/site-packages/airflow/example_dags/example_params_ui_tutorial.py for tasks to queue
[2023-05-03T09:53:44.082+0000] {logging_mixin.py:149} INFO - [2023-05-03T09:53:44.082+0000] {dagbag.py:541} INFO - Filling up the DagBag from /home/airflow/.local/lib/python3.7/site-packages/airflow/example_dags/example_params_ui_tutorial.py
[2023-05-03T09:53:44.160+0000] {processor.py:809} INFO - DAG(s) dict_keys(['example_params_ui_tutorial']) retrieved from /home/airflow/.local/lib/python3.7/site-packages/airflow/example_dags/example_params_ui_tutorial.py
[2023-05-03T09:53:44.518+0000] {logging_mixin.py:149} INFO - [2023-05-03T09:53:44.518+0000] {dag.py:2726} INFO - Sync 1 DAGs
[2023-05-03T09:53:44.589+0000] {logging_mixin.py:149} INFO - [2023-05-03T09:53:44.589+0000] {dag.py:3490} INFO - Setting next_dagrun for example_params_ui_tutorial to None, run_after=None
[2023-05-03T09:53:44.651+0000] {processor.py:178} INFO - Processing /home/airflow/.local/lib/python3.7/site-packages/airflow/example_dags/example_params_ui_tutorial.py took 0.577 seconds
[2023-05-03T09:54:28.130+0000] {processor.py:156} INFO - Started process (PID=3201) to work on /home/airflow/.local/lib/python3.7/site-packages/airflow/example_dags/example_params_ui_tutorial.py
[2023-05-03T09:54:28.142+0000] {processor.py:799} INFO - Processing file /home/airflow/.local/lib/python3.7/site-packages/airflow/example_dags/example_params_ui_tutorial.py for tasks to queue
[2023-05-03T09:54:28.145+0000] {logging_mixin.py:149} INFO - [2023-05-03T09:54:28.145+0000] {dagbag.py:541} INFO - Filling up the DagBag from /home/airflow/.local/lib/python3.7/site-packages/airflow/example_dags/example_params_ui_tutorial.py
[2023-05-03T09:54:28.511+0000] {processor.py:809} INFO - DAG(s) dict_keys(['example_params_ui_tutorial']) retrieved from /home/airflow/.local/lib/python3.7/site-packages/airflow/example_dags/example_params_ui_tutorial.py
[2023-05-03T09:54:29.071+0000] {logging_mixin.py:149} INFO - [2023-05-03T09:54:29.070+0000] {dag.py:2726} INFO - Sync 1 DAGs
[2023-05-03T09:54:39.592+0000] {logging_mixin.py:149} INFO - [2023-05-03T09:54:39.590+0000] {dag.py:3490} INFO - Setting next_dagrun for example_params_ui_tutorial to None, run_after=None
[2023-05-03T09:54:39.783+0000] {processor.py:178} INFO - Processing /home/airflow/.local/lib/python3.7/site-packages/airflow/example_dags/example_params_ui_tutorial.py took 11.663 seconds
[2023-05-03T09:55:10.794+0000] {processor.py:156} INFO - Started process (PID=3439) to work on /home/airflow/.local/lib/python3.7/site-packages/airflow/example_dags/example_params_ui_tutorial.py
[2023-05-03T09:55:10.797+0000] {processor.py:799} INFO - Processing file /home/airflow/.local/lib/python3.7/site-packages/airflow/example_dags/example_params_ui_tutorial.py for tasks to queue
[2023-05-03T09:55:10.798+0000] {logging_mixin.py:149} INFO - [2023-05-03T09:55:10.798+0000] {dagbag.py:541} INFO - Filling up the DagBag from /home/airflow/.local/lib/python3.7/site-packages/airflow/example_dags/example_params_ui_tutorial.py
[2023-05-03T09:55:10.886+0000] {processor.py:809} INFO - DAG(s) dict_keys(['example_params_ui_tutorial']) retrieved from /home/airflow/.local/lib/python3.7/site-packages/airflow/example_dags/example_params_ui_tutorial.py
[2023-05-03T09:55:10.995+0000] {logging_mixin.py:149} INFO - [2023-05-03T09:55:10.994+0000] {dag.py:2726} INFO - Sync 1 DAGs
[2023-05-03T09:55:11.034+0000] {logging_mixin.py:149} INFO - [2023-05-03T09:55:11.033+0000] {dag.py:3490} INFO - Setting next_dagrun for example_params_ui_tutorial to None, run_after=None
[2023-05-03T09:55:11.071+0000] {processor.py:178} INFO - Processing /home/airflow/.local/lib/python3.7/site-packages/airflow/example_dags/example_params_ui_tutorial.py took 0.282 seconds
[2023-05-03T09:55:42.772+0000] {processor.py:156} INFO - Started process (PID=3673) to work on /home/airflow/.local/lib/python3.7/site-packages/airflow/example_dags/example_params_ui_tutorial.py
[2023-05-03T09:55:42.786+0000] {processor.py:799} INFO - Processing file /home/airflow/.local/lib/python3.7/site-packages/airflow/example_dags/example_params_ui_tutorial.py for tasks to queue
[2023-05-03T09:55:42.789+0000] {logging_mixin.py:149} INFO - [2023-05-03T09:55:42.789+0000] {dagbag.py:541} INFO - Filling up the DagBag from /home/airflow/.local/lib/python3.7/site-packages/airflow/example_dags/example_params_ui_tutorial.py
[2023-05-03T09:55:43.023+0000] {processor.py:809} INFO - DAG(s) dict_keys(['example_params_ui_tutorial']) retrieved from /home/airflow/.local/lib/python3.7/site-packages/airflow/example_dags/example_params_ui_tutorial.py
[2023-05-03T09:55:44.379+0000] {logging_mixin.py:149} INFO - [2023-05-03T09:55:44.378+0000] {dag.py:2726} INFO - Sync 1 DAGs
[2023-05-03T09:55:44.507+0000] {logging_mixin.py:149} INFO - [2023-05-03T09:55:44.506+0000] {dag.py:3490} INFO - Setting next_dagrun for example_params_ui_tutorial to None, run_after=None
[2023-05-03T09:55:44.713+0000] {processor.py:178} INFO - Processing /home/airflow/.local/lib/python3.7/site-packages/airflow/example_dags/example_params_ui_tutorial.py took 1.946 seconds
[2023-05-03T09:56:22.776+0000] {processor.py:156} INFO - Started process (PID=3919) to work on /home/airflow/.local/lib/python3.7/site-packages/airflow/example_dags/example_params_ui_tutorial.py
[2023-05-03T09:56:22.778+0000] {processor.py:799} INFO - Processing file /home/airflow/.local/lib/python3.7/site-packages/airflow/example_dags/example_params_ui_tutorial.py for tasks to queue
[2023-05-03T09:56:22.783+0000] {logging_mixin.py:149} INFO - [2023-05-03T09:56:22.783+0000] {dagbag.py:541} INFO - Filling up the DagBag from /home/airflow/.local/lib/python3.7/site-packages/airflow/example_dags/example_params_ui_tutorial.py
[2023-05-03T09:56:22.942+0000] {processor.py:809} INFO - DAG(s) dict_keys(['example_params_ui_tutorial']) retrieved from /home/airflow/.local/lib/python3.7/site-packages/airflow/example_dags/example_params_ui_tutorial.py
[2023-05-03T09:56:23.164+0000] {logging_mixin.py:149} INFO - [2023-05-03T09:56:23.163+0000] {dag.py:2726} INFO - Sync 1 DAGs
[2023-05-03T09:56:23.741+0000] {logging_mixin.py:149} INFO - [2023-05-03T09:56:23.741+0000] {dag.py:3490} INFO - Setting next_dagrun for example_params_ui_tutorial to None, run_after=None
[2023-05-03T09:56:23.855+0000] {processor.py:178} INFO - Processing /home/airflow/.local/lib/python3.7/site-packages/airflow/example_dags/example_params_ui_tutorial.py took 1.083 seconds
[2023-05-03T09:56:56.350+0000] {processor.py:156} INFO - Started process (PID=4154) to work on /home/airflow/.local/lib/python3.7/site-packages/airflow/example_dags/example_params_ui_tutorial.py
[2023-05-03T09:56:56.352+0000] {processor.py:799} INFO - Processing file /home/airflow/.local/lib/python3.7/site-packages/airflow/example_dags/example_params_ui_tutorial.py for tasks to queue
[2023-05-03T09:56:56.355+0000] {logging_mixin.py:149} INFO - [2023-05-03T09:56:56.354+0000] {dagbag.py:541} INFO - Filling up the DagBag from /home/airflow/.local/lib/python3.7/site-packages/airflow/example_dags/example_params_ui_tutorial.py
[2023-05-03T09:56:56.497+0000] {processor.py:809} INFO - DAG(s) dict_keys(['example_params_ui_tutorial']) retrieved from /home/airflow/.local/lib/python3.7/site-packages/airflow/example_dags/example_params_ui_tutorial.py
[2023-05-03T09:56:57.040+0000] {logging_mixin.py:149} INFO - [2023-05-03T09:56:57.039+0000] {dag.py:2726} INFO - Sync 1 DAGs
[2023-05-03T09:56:57.112+0000] {logging_mixin.py:149} INFO - [2023-05-03T09:56:57.111+0000] {dag.py:3490} INFO - Setting next_dagrun for example_params_ui_tutorial to None, run_after=None
[2023-05-03T09:56:57.177+0000] {processor.py:178} INFO - Processing /home/airflow/.local/lib/python3.7/site-packages/airflow/example_dags/example_params_ui_tutorial.py took 0.832 seconds
[2023-05-03T09:57:40.871+0000] {processor.py:156} INFO - Started process (PID=4421) to work on /home/airflow/.local/lib/python3.7/site-packages/airflow/example_dags/example_params_ui_tutorial.py
[2023-05-03T09:57:40.876+0000] {processor.py:799} INFO - Processing file /home/airflow/.local/lib/python3.7/site-packages/airflow/example_dags/example_params_ui_tutorial.py for tasks to queue
[2023-05-03T09:57:40.885+0000] {logging_mixin.py:149} INFO - [2023-05-03T09:57:40.884+0000] {dagbag.py:541} INFO - Filling up the DagBag from /home/airflow/.local/lib/python3.7/site-packages/airflow/example_dags/example_params_ui_tutorial.py
[2023-05-03T09:57:41.095+0000] {processor.py:809} INFO - DAG(s) dict_keys(['example_params_ui_tutorial']) retrieved from /home/airflow/.local/lib/python3.7/site-packages/airflow/example_dags/example_params_ui_tutorial.py
[2023-05-03T09:57:42.353+0000] {logging_mixin.py:149} INFO - [2023-05-03T09:57:42.353+0000] {dag.py:2726} INFO - Sync 1 DAGs
[2023-05-03T09:57:42.461+0000] {logging_mixin.py:149} INFO - [2023-05-03T09:57:42.451+0000] {dag.py:3490} INFO - Setting next_dagrun for example_params_ui_tutorial to None, run_after=None
[2023-05-03T09:57:42.782+0000] {processor.py:178} INFO - Processing /home/airflow/.local/lib/python3.7/site-packages/airflow/example_dags/example_params_ui_tutorial.py took 1.929 seconds
[2023-05-03T09:58:13.150+0000] {processor.py:156} INFO - Started process (PID=4659) to work on /home/airflow/.local/lib/python3.7/site-packages/airflow/example_dags/example_params_ui_tutorial.py
[2023-05-03T09:58:13.152+0000] {processor.py:799} INFO - Processing file /home/airflow/.local/lib/python3.7/site-packages/airflow/example_dags/example_params_ui_tutorial.py for tasks to queue
[2023-05-03T09:58:13.155+0000] {logging_mixin.py:149} INFO - [2023-05-03T09:58:13.155+0000] {dagbag.py:541} INFO - Filling up the DagBag from /home/airflow/.local/lib/python3.7/site-packages/airflow/example_dags/example_params_ui_tutorial.py
[2023-05-03T09:58:13.400+0000] {processor.py:809} INFO - DAG(s) dict_keys(['example_params_ui_tutorial']) retrieved from /home/airflow/.local/lib/python3.7/site-packages/airflow/example_dags/example_params_ui_tutorial.py
[2023-05-03T09:58:13.551+0000] {logging_mixin.py:149} INFO - [2023-05-03T09:58:13.551+0000] {dag.py:2726} INFO - Sync 1 DAGs
[2023-05-03T09:58:13.588+0000] {logging_mixin.py:149} INFO - [2023-05-03T09:58:13.588+0000] {dag.py:3490} INFO - Setting next_dagrun for example_params_ui_tutorial to None, run_after=None
[2023-05-03T09:58:13.621+0000] {processor.py:178} INFO - Processing /home/airflow/.local/lib/python3.7/site-packages/airflow/example_dags/example_params_ui_tutorial.py took 0.476 seconds
[2023-05-03T09:58:43.738+0000] {processor.py:156} INFO - Started process (PID=4896) to work on /home/airflow/.local/lib/python3.7/site-packages/airflow/example_dags/example_params_ui_tutorial.py
[2023-05-03T09:58:43.740+0000] {processor.py:799} INFO - Processing file /home/airflow/.local/lib/python3.7/site-packages/airflow/example_dags/example_params_ui_tutorial.py for tasks to queue
[2023-05-03T09:58:43.741+0000] {logging_mixin.py:149} INFO - [2023-05-03T09:58:43.741+0000] {dagbag.py:541} INFO - Filling up the DagBag from /home/airflow/.local/lib/python3.7/site-packages/airflow/example_dags/example_params_ui_tutorial.py
[2023-05-03T09:58:43.807+0000] {processor.py:809} INFO - DAG(s) dict_keys(['example_params_ui_tutorial']) retrieved from /home/airflow/.local/lib/python3.7/site-packages/airflow/example_dags/example_params_ui_tutorial.py
[2023-05-03T09:58:43.943+0000] {logging_mixin.py:149} INFO - [2023-05-03T09:58:43.943+0000] {dag.py:2726} INFO - Sync 1 DAGs
[2023-05-03T09:58:44.174+0000] {logging_mixin.py:149} INFO - [2023-05-03T09:58:44.174+0000] {dag.py:3490} INFO - Setting next_dagrun for example_params_ui_tutorial to None, run_after=None
[2023-05-03T09:58:44.206+0000] {processor.py:178} INFO - Processing /home/airflow/.local/lib/python3.7/site-packages/airflow/example_dags/example_params_ui_tutorial.py took 0.472 seconds
[2023-05-03T09:59:14.705+0000] {processor.py:156} INFO - Started process (PID=5132) to work on /home/airflow/.local/lib/python3.7/site-packages/airflow/example_dags/example_params_ui_tutorial.py
[2023-05-03T09:59:14.707+0000] {processor.py:799} INFO - Processing file /home/airflow/.local/lib/python3.7/site-packages/airflow/example_dags/example_params_ui_tutorial.py for tasks to queue
[2023-05-03T09:59:14.709+0000] {logging_mixin.py:149} INFO - [2023-05-03T09:59:14.709+0000] {dagbag.py:541} INFO - Filling up the DagBag from /home/airflow/.local/lib/python3.7/site-packages/airflow/example_dags/example_params_ui_tutorial.py
[2023-05-03T09:59:15.033+0000] {processor.py:809} INFO - DAG(s) dict_keys(['example_params_ui_tutorial']) retrieved from /home/airflow/.local/lib/python3.7/site-packages/airflow/example_dags/example_params_ui_tutorial.py
[2023-05-03T09:59:15.214+0000] {logging_mixin.py:149} INFO - [2023-05-03T09:59:15.214+0000] {dag.py:2726} INFO - Sync 1 DAGs
[2023-05-03T09:59:15.249+0000] {logging_mixin.py:149} INFO - [2023-05-03T09:59:15.249+0000] {dag.py:3490} INFO - Setting next_dagrun for example_params_ui_tutorial to None, run_after=None
[2023-05-03T09:59:15.279+0000] {processor.py:178} INFO - Processing /home/airflow/.local/lib/python3.7/site-packages/airflow/example_dags/example_params_ui_tutorial.py took 0.584 seconds
[2023-05-03T09:59:45.474+0000] {processor.py:156} INFO - Started process (PID=5373) to work on /home/airflow/.local/lib/python3.7/site-packages/airflow/example_dags/example_params_ui_tutorial.py
[2023-05-03T09:59:45.476+0000] {processor.py:799} INFO - Processing file /home/airflow/.local/lib/python3.7/site-packages/airflow/example_dags/example_params_ui_tutorial.py for tasks to queue
[2023-05-03T09:59:45.479+0000] {logging_mixin.py:149} INFO - [2023-05-03T09:59:45.478+0000] {dagbag.py:541} INFO - Filling up the DagBag from /home/airflow/.local/lib/python3.7/site-packages/airflow/example_dags/example_params_ui_tutorial.py
[2023-05-03T09:59:45.545+0000] {processor.py:809} INFO - DAG(s) dict_keys(['example_params_ui_tutorial']) retrieved from /home/airflow/.local/lib/python3.7/site-packages/airflow/example_dags/example_params_ui_tutorial.py
[2023-05-03T09:59:45.649+0000] {logging_mixin.py:149} INFO - [2023-05-03T09:59:45.648+0000] {dag.py:2726} INFO - Sync 1 DAGs
[2023-05-03T09:59:45.690+0000] {logging_mixin.py:149} INFO - [2023-05-03T09:59:45.690+0000] {dag.py:3490} INFO - Setting next_dagrun for example_params_ui_tutorial to None, run_after=None
[2023-05-03T09:59:45.720+0000] {processor.py:178} INFO - Processing /home/airflow/.local/lib/python3.7/site-packages/airflow/example_dags/example_params_ui_tutorial.py took 0.250 seconds
[2023-05-03T10:00:15.969+0000] {processor.py:156} INFO - Started process (PID=5609) to work on /home/airflow/.local/lib/python3.7/site-packages/airflow/example_dags/example_params_ui_tutorial.py
[2023-05-03T10:00:15.971+0000] {processor.py:799} INFO - Processing file /home/airflow/.local/lib/python3.7/site-packages/airflow/example_dags/example_params_ui_tutorial.py for tasks to queue
[2023-05-03T10:00:15.973+0000] {logging_mixin.py:149} INFO - [2023-05-03T10:00:15.973+0000] {dagbag.py:541} INFO - Filling up the DagBag from /home/airflow/.local/lib/python3.7/site-packages/airflow/example_dags/example_params_ui_tutorial.py
[2023-05-03T10:00:16.047+0000] {processor.py:809} INFO - DAG(s) dict_keys(['example_params_ui_tutorial']) retrieved from /home/airflow/.local/lib/python3.7/site-packages/airflow/example_dags/example_params_ui_tutorial.py
[2023-05-03T10:00:16.153+0000] {logging_mixin.py:149} INFO - [2023-05-03T10:00:16.153+0000] {dag.py:2726} INFO - Sync 1 DAGs
[2023-05-03T10:00:16.194+0000] {logging_mixin.py:149} INFO - [2023-05-03T10:00:16.194+0000] {dag.py:3490} INFO - Setting next_dagrun for example_params_ui_tutorial to None, run_after=None
[2023-05-03T10:00:16.227+0000] {processor.py:178} INFO - Processing /home/airflow/.local/lib/python3.7/site-packages/airflow/example_dags/example_params_ui_tutorial.py took 0.263 seconds
[2023-05-03T10:00:46.633+0000] {processor.py:156} INFO - Started process (PID=5840) to work on /home/airflow/.local/lib/python3.7/site-packages/airflow/example_dags/example_params_ui_tutorial.py
[2023-05-03T10:00:46.635+0000] {processor.py:799} INFO - Processing file /home/airflow/.local/lib/python3.7/site-packages/airflow/example_dags/example_params_ui_tutorial.py for tasks to queue
[2023-05-03T10:00:46.645+0000] {logging_mixin.py:149} INFO - [2023-05-03T10:00:46.645+0000] {dagbag.py:541} INFO - Filling up the DagBag from /home/airflow/.local/lib/python3.7/site-packages/airflow/example_dags/example_params_ui_tutorial.py
[2023-05-03T10:00:46.758+0000] {processor.py:809} INFO - DAG(s) dict_keys(['example_params_ui_tutorial']) retrieved from /home/airflow/.local/lib/python3.7/site-packages/airflow/example_dags/example_params_ui_tutorial.py
[2023-05-03T10:00:46.950+0000] {logging_mixin.py:149} INFO - [2023-05-03T10:00:46.950+0000] {dag.py:2726} INFO - Sync 1 DAGs
[2023-05-03T10:00:47.026+0000] {logging_mixin.py:149} INFO - [2023-05-03T10:00:47.026+0000] {dag.py:3490} INFO - Setting next_dagrun for example_params_ui_tutorial to None, run_after=None
[2023-05-03T10:00:47.086+0000] {processor.py:178} INFO - Processing /home/airflow/.local/lib/python3.7/site-packages/airflow/example_dags/example_params_ui_tutorial.py took 0.457 seconds
[2023-05-03T10:01:17.627+0000] {processor.py:156} INFO - Started process (PID=6076) to work on /home/airflow/.local/lib/python3.7/site-packages/airflow/example_dags/example_params_ui_tutorial.py
[2023-05-03T10:01:17.628+0000] {processor.py:799} INFO - Processing file /home/airflow/.local/lib/python3.7/site-packages/airflow/example_dags/example_params_ui_tutorial.py for tasks to queue
[2023-05-03T10:01:17.630+0000] {logging_mixin.py:149} INFO - [2023-05-03T10:01:17.630+0000] {dagbag.py:541} INFO - Filling up the DagBag from /home/airflow/.local/lib/python3.7/site-packages/airflow/example_dags/example_params_ui_tutorial.py
[2023-05-03T10:01:17.737+0000] {processor.py:809} INFO - DAG(s) dict_keys(['example_params_ui_tutorial']) retrieved from /home/airflow/.local/lib/python3.7/site-packages/airflow/example_dags/example_params_ui_tutorial.py
[2023-05-03T10:01:17.904+0000] {logging_mixin.py:149} INFO - [2023-05-03T10:01:17.904+0000] {dag.py:2726} INFO - Sync 1 DAGs
[2023-05-03T10:01:17.944+0000] {logging_mixin.py:149} INFO - [2023-05-03T10:01:17.943+0000] {dag.py:3490} INFO - Setting next_dagrun for example_params_ui_tutorial to None, run_after=None
[2023-05-03T10:01:18.007+0000] {processor.py:178} INFO - Processing /home/airflow/.local/lib/python3.7/site-packages/airflow/example_dags/example_params_ui_tutorial.py took 0.386 seconds
[2023-05-03T10:01:48.496+0000] {processor.py:156} INFO - Started process (PID=6317) to work on /home/airflow/.local/lib/python3.7/site-packages/airflow/example_dags/example_params_ui_tutorial.py
[2023-05-03T10:01:48.498+0000] {processor.py:799} INFO - Processing file /home/airflow/.local/lib/python3.7/site-packages/airflow/example_dags/example_params_ui_tutorial.py for tasks to queue
[2023-05-03T10:01:48.500+0000] {logging_mixin.py:149} INFO - [2023-05-03T10:01:48.500+0000] {dagbag.py:541} INFO - Filling up the DagBag from /home/airflow/.local/lib/python3.7/site-packages/airflow/example_dags/example_params_ui_tutorial.py
[2023-05-03T10:01:48.631+0000] {processor.py:809} INFO - DAG(s) dict_keys(['example_params_ui_tutorial']) retrieved from /home/airflow/.local/lib/python3.7/site-packages/airflow/example_dags/example_params_ui_tutorial.py
[2023-05-03T10:01:48.839+0000] {logging_mixin.py:149} INFO - [2023-05-03T10:01:48.839+0000] {dag.py:2726} INFO - Sync 1 DAGs
[2023-05-03T10:01:48.925+0000] {logging_mixin.py:149} INFO - [2023-05-03T10:01:48.925+0000] {dag.py:3490} INFO - Setting next_dagrun for example_params_ui_tutorial to None, run_after=None
[2023-05-03T10:01:49.040+0000] {processor.py:178} INFO - Processing /home/airflow/.local/lib/python3.7/site-packages/airflow/example_dags/example_params_ui_tutorial.py took 0.553 seconds
[2023-05-03T10:45:49.479+0000] {processor.py:156} INFO - Started process (PID=6496) to work on /home/airflow/.local/lib/python3.7/site-packages/airflow/example_dags/example_params_ui_tutorial.py
[2023-05-03T10:45:49.483+0000] {processor.py:799} INFO - Processing file /home/airflow/.local/lib/python3.7/site-packages/airflow/example_dags/example_params_ui_tutorial.py for tasks to queue
[2023-05-03T10:45:49.487+0000] {logging_mixin.py:149} INFO - [2023-05-03T10:45:49.487+0000] {dagbag.py:541} INFO - Filling up the DagBag from /home/airflow/.local/lib/python3.7/site-packages/airflow/example_dags/example_params_ui_tutorial.py
[2023-05-03T10:45:49.768+0000] {processor.py:809} INFO - DAG(s) dict_keys(['example_params_ui_tutorial']) retrieved from /home/airflow/.local/lib/python3.7/site-packages/airflow/example_dags/example_params_ui_tutorial.py
[2023-05-03T10:45:50.303+0000] {logging_mixin.py:149} INFO - [2023-05-03T10:45:50.302+0000] {dag.py:2726} INFO - Sync 1 DAGs
[2023-05-03T10:45:50.773+0000] {logging_mixin.py:149} INFO - [2023-05-03T10:45:50.773+0000] {dag.py:3490} INFO - Setting next_dagrun for example_params_ui_tutorial to None, run_after=None
[2023-05-03T10:45:51.395+0000] {processor.py:178} INFO - Processing /home/airflow/.local/lib/python3.7/site-packages/airflow/example_dags/example_params_ui_tutorial.py took 1.917 seconds
[2023-05-03T10:47:23.473+0000] {processor.py:156} INFO - Started process (PID=6737) to work on /home/airflow/.local/lib/python3.7/site-packages/airflow/example_dags/example_params_ui_tutorial.py
[2023-05-03T10:47:25.726+0000] {processor.py:799} INFO - Processing file /home/airflow/.local/lib/python3.7/site-packages/airflow/example_dags/example_params_ui_tutorial.py for tasks to queue
[2023-05-03T10:47:25.786+0000] {logging_mixin.py:149} INFO - [2023-05-03T10:47:25.785+0000] {dagbag.py:541} INFO - Filling up the DagBag from /home/airflow/.local/lib/python3.7/site-packages/airflow/example_dags/example_params_ui_tutorial.py
[2023-05-03T10:47:27.116+0000] {processor.py:809} INFO - DAG(s) dict_keys(['example_params_ui_tutorial']) retrieved from /home/airflow/.local/lib/python3.7/site-packages/airflow/example_dags/example_params_ui_tutorial.py
[2023-05-03T10:47:27.611+0000] {logging_mixin.py:149} INFO - [2023-05-03T10:47:27.610+0000] {dag.py:2726} INFO - Sync 1 DAGs
[2023-05-03T10:47:27.853+0000] {logging_mixin.py:149} INFO - [2023-05-03T10:47:27.853+0000] {dag.py:3490} INFO - Setting next_dagrun for example_params_ui_tutorial to None, run_after=None
[2023-05-03T10:47:27.993+0000] {processor.py:178} INFO - Processing /home/airflow/.local/lib/python3.7/site-packages/airflow/example_dags/example_params_ui_tutorial.py took 4.919 seconds
[2023-05-03T10:47:58.400+0000] {processor.py:156} INFO - Started process (PID=6972) to work on /home/airflow/.local/lib/python3.7/site-packages/airflow/example_dags/example_params_ui_tutorial.py
[2023-05-03T10:47:58.408+0000] {processor.py:799} INFO - Processing file /home/airflow/.local/lib/python3.7/site-packages/airflow/example_dags/example_params_ui_tutorial.py for tasks to queue
[2023-05-03T10:47:58.413+0000] {logging_mixin.py:149} INFO - [2023-05-03T10:47:58.412+0000] {dagbag.py:541} INFO - Filling up the DagBag from /home/airflow/.local/lib/python3.7/site-packages/airflow/example_dags/example_params_ui_tutorial.py
[2023-05-03T10:47:58.557+0000] {processor.py:809} INFO - DAG(s) dict_keys(['example_params_ui_tutorial']) retrieved from /home/airflow/.local/lib/python3.7/site-packages/airflow/example_dags/example_params_ui_tutorial.py
[2023-05-03T10:47:58.746+0000] {logging_mixin.py:149} INFO - [2023-05-03T10:47:58.746+0000] {dag.py:2726} INFO - Sync 1 DAGs
[2023-05-03T10:47:58.824+0000] {logging_mixin.py:149} INFO - [2023-05-03T10:47:58.824+0000] {dag.py:3490} INFO - Setting next_dagrun for example_params_ui_tutorial to None, run_after=None
[2023-05-03T10:47:58.892+0000] {processor.py:178} INFO - Processing /home/airflow/.local/lib/python3.7/site-packages/airflow/example_dags/example_params_ui_tutorial.py took 0.496 seconds
[2023-05-03T10:48:29.101+0000] {processor.py:156} INFO - Started process (PID=7211) to work on /home/airflow/.local/lib/python3.7/site-packages/airflow/example_dags/example_params_ui_tutorial.py
[2023-05-03T10:48:29.103+0000] {processor.py:799} INFO - Processing file /home/airflow/.local/lib/python3.7/site-packages/airflow/example_dags/example_params_ui_tutorial.py for tasks to queue
[2023-05-03T10:48:29.105+0000] {logging_mixin.py:149} INFO - [2023-05-03T10:48:29.105+0000] {dagbag.py:541} INFO - Filling up the DagBag from /home/airflow/.local/lib/python3.7/site-packages/airflow/example_dags/example_params_ui_tutorial.py
[2023-05-03T10:48:29.240+0000] {processor.py:809} INFO - DAG(s) dict_keys(['example_params_ui_tutorial']) retrieved from /home/airflow/.local/lib/python3.7/site-packages/airflow/example_dags/example_params_ui_tutorial.py
[2023-05-03T10:48:29.451+0000] {logging_mixin.py:149} INFO - [2023-05-03T10:48:29.450+0000] {dag.py:2726} INFO - Sync 1 DAGs
[2023-05-03T10:48:29.538+0000] {logging_mixin.py:149} INFO - [2023-05-03T10:48:29.537+0000] {dag.py:3490} INFO - Setting next_dagrun for example_params_ui_tutorial to None, run_after=None
[2023-05-03T10:48:29.588+0000] {processor.py:178} INFO - Processing /home/airflow/.local/lib/python3.7/site-packages/airflow/example_dags/example_params_ui_tutorial.py took 0.495 seconds
[2023-05-03T10:49:00.022+0000] {processor.py:156} INFO - Started process (PID=7435) to work on /home/airflow/.local/lib/python3.7/site-packages/airflow/example_dags/example_params_ui_tutorial.py
[2023-05-03T10:49:00.036+0000] {processor.py:799} INFO - Processing file /home/airflow/.local/lib/python3.7/site-packages/airflow/example_dags/example_params_ui_tutorial.py for tasks to queue
[2023-05-03T10:49:00.041+0000] {logging_mixin.py:149} INFO - [2023-05-03T10:49:00.041+0000] {dagbag.py:541} INFO - Filling up the DagBag from /home/airflow/.local/lib/python3.7/site-packages/airflow/example_dags/example_params_ui_tutorial.py
[2023-05-03T10:49:00.298+0000] {processor.py:809} INFO - DAG(s) dict_keys(['example_params_ui_tutorial']) retrieved from /home/airflow/.local/lib/python3.7/site-packages/airflow/example_dags/example_params_ui_tutorial.py
[2023-05-03T10:49:00.585+0000] {logging_mixin.py:149} INFO - [2023-05-03T10:49:00.585+0000] {dag.py:2726} INFO - Sync 1 DAGs
[2023-05-03T10:49:00.712+0000] {logging_mixin.py:149} INFO - [2023-05-03T10:49:00.712+0000] {dag.py:3490} INFO - Setting next_dagrun for example_params_ui_tutorial to None, run_after=None
[2023-05-03T10:49:00.824+0000] {processor.py:178} INFO - Processing /home/airflow/.local/lib/python3.7/site-packages/airflow/example_dags/example_params_ui_tutorial.py took 0.914 seconds
[2023-05-03T10:49:36.676+0000] {processor.py:156} INFO - Started process (PID=7681) to work on /home/airflow/.local/lib/python3.7/site-packages/airflow/example_dags/example_params_ui_tutorial.py
[2023-05-03T10:49:36.689+0000] {processor.py:799} INFO - Processing file /home/airflow/.local/lib/python3.7/site-packages/airflow/example_dags/example_params_ui_tutorial.py for tasks to queue
[2023-05-03T10:49:36.697+0000] {logging_mixin.py:149} INFO - [2023-05-03T10:49:36.696+0000] {dagbag.py:541} INFO - Filling up the DagBag from /home/airflow/.local/lib/python3.7/site-packages/airflow/example_dags/example_params_ui_tutorial.py
[2023-05-03T10:49:37.531+0000] {processor.py:809} INFO - DAG(s) dict_keys(['example_params_ui_tutorial']) retrieved from /home/airflow/.local/lib/python3.7/site-packages/airflow/example_dags/example_params_ui_tutorial.py
[2023-05-03T10:49:37.852+0000] {logging_mixin.py:149} INFO - [2023-05-03T10:49:37.852+0000] {dag.py:2726} INFO - Sync 1 DAGs
[2023-05-03T10:49:37.975+0000] {logging_mixin.py:149} INFO - [2023-05-03T10:49:37.975+0000] {dag.py:3490} INFO - Setting next_dagrun for example_params_ui_tutorial to None, run_after=None
[2023-05-03T10:49:38.220+0000] {processor.py:178} INFO - Processing /home/airflow/.local/lib/python3.7/site-packages/airflow/example_dags/example_params_ui_tutorial.py took 1.559 seconds
[2023-05-03T10:50:10.084+0000] {processor.py:156} INFO - Started process (PID=7929) to work on /home/airflow/.local/lib/python3.7/site-packages/airflow/example_dags/example_params_ui_tutorial.py
[2023-05-03T10:50:10.099+0000] {processor.py:799} INFO - Processing file /home/airflow/.local/lib/python3.7/site-packages/airflow/example_dags/example_params_ui_tutorial.py for tasks to queue
[2023-05-03T10:50:10.102+0000] {logging_mixin.py:149} INFO - [2023-05-03T10:50:10.101+0000] {dagbag.py:541} INFO - Filling up the DagBag from /home/airflow/.local/lib/python3.7/site-packages/airflow/example_dags/example_params_ui_tutorial.py
[2023-05-03T10:50:10.380+0000] {processor.py:809} INFO - DAG(s) dict_keys(['example_params_ui_tutorial']) retrieved from /home/airflow/.local/lib/python3.7/site-packages/airflow/example_dags/example_params_ui_tutorial.py
[2023-05-03T10:50:10.619+0000] {logging_mixin.py:149} INFO - [2023-05-03T10:50:10.619+0000] {dag.py:2726} INFO - Sync 1 DAGs
[2023-05-03T10:50:10.741+0000] {logging_mixin.py:149} INFO - [2023-05-03T10:50:10.740+0000] {dag.py:3490} INFO - Setting next_dagrun for example_params_ui_tutorial to None, run_after=None
[2023-05-03T10:50:11.030+0000] {processor.py:178} INFO - Processing /home/airflow/.local/lib/python3.7/site-packages/airflow/example_dags/example_params_ui_tutorial.py took 0.963 seconds
[2023-05-03T10:50:42.295+0000] {processor.py:156} INFO - Started process (PID=8174) to work on /home/airflow/.local/lib/python3.7/site-packages/airflow/example_dags/example_params_ui_tutorial.py
[2023-05-03T10:50:42.297+0000] {processor.py:799} INFO - Processing file /home/airflow/.local/lib/python3.7/site-packages/airflow/example_dags/example_params_ui_tutorial.py for tasks to queue
[2023-05-03T10:50:42.299+0000] {logging_mixin.py:149} INFO - [2023-05-03T10:50:42.299+0000] {dagbag.py:541} INFO - Filling up the DagBag from /home/airflow/.local/lib/python3.7/site-packages/airflow/example_dags/example_params_ui_tutorial.py
[2023-05-03T10:50:42.376+0000] {processor.py:809} INFO - DAG(s) dict_keys(['example_params_ui_tutorial']) retrieved from /home/airflow/.local/lib/python3.7/site-packages/airflow/example_dags/example_params_ui_tutorial.py
[2023-05-03T10:50:42.492+0000] {logging_mixin.py:149} INFO - [2023-05-03T10:50:42.492+0000] {dag.py:2726} INFO - Sync 1 DAGs
[2023-05-03T10:50:42.536+0000] {logging_mixin.py:149} INFO - [2023-05-03T10:50:42.536+0000] {dag.py:3490} INFO - Setting next_dagrun for example_params_ui_tutorial to None, run_after=None
[2023-05-03T10:50:42.570+0000] {processor.py:178} INFO - Processing /home/airflow/.local/lib/python3.7/site-packages/airflow/example_dags/example_params_ui_tutorial.py took 0.279 seconds
[2023-05-03T10:51:12.975+0000] {processor.py:156} INFO - Started process (PID=8407) to work on /home/airflow/.local/lib/python3.7/site-packages/airflow/example_dags/example_params_ui_tutorial.py
[2023-05-03T10:51:12.988+0000] {processor.py:799} INFO - Processing file /home/airflow/.local/lib/python3.7/site-packages/airflow/example_dags/example_params_ui_tutorial.py for tasks to queue
[2023-05-03T10:51:12.990+0000] {logging_mixin.py:149} INFO - [2023-05-03T10:51:12.990+0000] {dagbag.py:541} INFO - Filling up the DagBag from /home/airflow/.local/lib/python3.7/site-packages/airflow/example_dags/example_params_ui_tutorial.py
[2023-05-03T10:51:13.178+0000] {processor.py:809} INFO - DAG(s) dict_keys(['example_params_ui_tutorial']) retrieved from /home/airflow/.local/lib/python3.7/site-packages/airflow/example_dags/example_params_ui_tutorial.py
[2023-05-03T10:51:13.342+0000] {logging_mixin.py:149} INFO - [2023-05-03T10:51:13.342+0000] {dag.py:2726} INFO - Sync 1 DAGs
[2023-05-03T10:51:13.408+0000] {logging_mixin.py:149} INFO - [2023-05-03T10:51:13.408+0000] {dag.py:3490} INFO - Setting next_dagrun for example_params_ui_tutorial to None, run_after=None
[2023-05-03T10:51:13.503+0000] {processor.py:178} INFO - Processing /home/airflow/.local/lib/python3.7/site-packages/airflow/example_dags/example_params_ui_tutorial.py took 0.532 seconds
[2023-05-03T10:51:44.695+0000] {processor.py:156} INFO - Started process (PID=8643) to work on /home/airflow/.local/lib/python3.7/site-packages/airflow/example_dags/example_params_ui_tutorial.py
[2023-05-03T10:51:44.699+0000] {processor.py:799} INFO - Processing file /home/airflow/.local/lib/python3.7/site-packages/airflow/example_dags/example_params_ui_tutorial.py for tasks to queue
[2023-05-03T10:51:44.706+0000] {logging_mixin.py:149} INFO - [2023-05-03T10:51:44.706+0000] {dagbag.py:541} INFO - Filling up the DagBag from /home/airflow/.local/lib/python3.7/site-packages/airflow/example_dags/example_params_ui_tutorial.py
[2023-05-03T10:51:44.962+0000] {processor.py:809} INFO - DAG(s) dict_keys(['example_params_ui_tutorial']) retrieved from /home/airflow/.local/lib/python3.7/site-packages/airflow/example_dags/example_params_ui_tutorial.py
[2023-05-03T10:51:45.720+0000] {logging_mixin.py:149} INFO - [2023-05-03T10:51:45.720+0000] {dag.py:2726} INFO - Sync 1 DAGs
[2023-05-03T10:51:45.936+0000] {logging_mixin.py:149} INFO - [2023-05-03T10:51:45.923+0000] {dag.py:3490} INFO - Setting next_dagrun for example_params_ui_tutorial to None, run_after=None
[2023-05-03T10:51:46.087+0000] {processor.py:178} INFO - Processing /home/airflow/.local/lib/python3.7/site-packages/airflow/example_dags/example_params_ui_tutorial.py took 1.409 seconds
[2023-05-03T10:52:16.399+0000] {processor.py:156} INFO - Started process (PID=8889) to work on /home/airflow/.local/lib/python3.7/site-packages/airflow/example_dags/example_params_ui_tutorial.py
[2023-05-03T10:52:16.401+0000] {processor.py:799} INFO - Processing file /home/airflow/.local/lib/python3.7/site-packages/airflow/example_dags/example_params_ui_tutorial.py for tasks to queue
[2023-05-03T10:52:16.403+0000] {logging_mixin.py:149} INFO - [2023-05-03T10:52:16.403+0000] {dagbag.py:541} INFO - Filling up the DagBag from /home/airflow/.local/lib/python3.7/site-packages/airflow/example_dags/example_params_ui_tutorial.py
[2023-05-03T10:52:16.517+0000] {processor.py:809} INFO - DAG(s) dict_keys(['example_params_ui_tutorial']) retrieved from /home/airflow/.local/lib/python3.7/site-packages/airflow/example_dags/example_params_ui_tutorial.py
[2023-05-03T10:52:16.646+0000] {logging_mixin.py:149} INFO - [2023-05-03T10:52:16.646+0000] {dag.py:2726} INFO - Sync 1 DAGs
[2023-05-03T10:52:16.684+0000] {logging_mixin.py:149} INFO - [2023-05-03T10:52:16.684+0000] {dag.py:3490} INFO - Setting next_dagrun for example_params_ui_tutorial to None, run_after=None
[2023-05-03T10:52:16.719+0000] {processor.py:178} INFO - Processing /home/airflow/.local/lib/python3.7/site-packages/airflow/example_dags/example_params_ui_tutorial.py took 0.324 seconds
[2023-05-03T10:52:53.931+0000] {processor.py:156} INFO - Started process (PID=9125) to work on /home/airflow/.local/lib/python3.7/site-packages/airflow/example_dags/example_params_ui_tutorial.py
[2023-05-03T10:52:53.948+0000] {processor.py:799} INFO - Processing file /home/airflow/.local/lib/python3.7/site-packages/airflow/example_dags/example_params_ui_tutorial.py for tasks to queue
[2023-05-03T10:52:53.962+0000] {logging_mixin.py:149} INFO - [2023-05-03T10:52:53.962+0000] {dagbag.py:541} INFO - Filling up the DagBag from /home/airflow/.local/lib/python3.7/site-packages/airflow/example_dags/example_params_ui_tutorial.py
[2023-05-03T10:52:55.126+0000] {processor.py:809} INFO - DAG(s) dict_keys(['example_params_ui_tutorial']) retrieved from /home/airflow/.local/lib/python3.7/site-packages/airflow/example_dags/example_params_ui_tutorial.py
[2023-05-03T10:52:55.524+0000] {logging_mixin.py:149} INFO - [2023-05-03T10:52:55.523+0000] {dag.py:2726} INFO - Sync 1 DAGs
[2023-05-03T10:52:56.165+0000] {logging_mixin.py:149} INFO - [2023-05-03T10:52:56.164+0000] {dag.py:3490} INFO - Setting next_dagrun for example_params_ui_tutorial to None, run_after=None
[2023-05-03T10:52:56.394+0000] {processor.py:178} INFO - Processing /home/airflow/.local/lib/python3.7/site-packages/airflow/example_dags/example_params_ui_tutorial.py took 2.485 seconds
[2023-05-03T10:53:38.579+0000] {processor.py:156} INFO - Started process (PID=9388) to work on /home/airflow/.local/lib/python3.7/site-packages/airflow/example_dags/example_params_ui_tutorial.py
[2023-05-03T10:53:38.591+0000] {processor.py:799} INFO - Processing file /home/airflow/.local/lib/python3.7/site-packages/airflow/example_dags/example_params_ui_tutorial.py for tasks to queue
[2023-05-03T10:53:38.594+0000] {logging_mixin.py:149} INFO - [2023-05-03T10:53:38.593+0000] {dagbag.py:541} INFO - Filling up the DagBag from /home/airflow/.local/lib/python3.7/site-packages/airflow/example_dags/example_params_ui_tutorial.py
[2023-05-03T10:53:39.090+0000] {processor.py:809} INFO - DAG(s) dict_keys(['example_params_ui_tutorial']) retrieved from /home/airflow/.local/lib/python3.7/site-packages/airflow/example_dags/example_params_ui_tutorial.py
[2023-05-03T10:53:39.394+0000] {logging_mixin.py:149} INFO - [2023-05-03T10:53:39.394+0000] {dag.py:2726} INFO - Sync 1 DAGs
[2023-05-03T10:53:39.495+0000] {logging_mixin.py:149} INFO - [2023-05-03T10:53:39.495+0000] {dag.py:3490} INFO - Setting next_dagrun for example_params_ui_tutorial to None, run_after=None
[2023-05-03T10:53:39.567+0000] {processor.py:178} INFO - Processing /home/airflow/.local/lib/python3.7/site-packages/airflow/example_dags/example_params_ui_tutorial.py took 0.993 seconds
[2023-05-03T10:54:10.794+0000] {processor.py:156} INFO - Started process (PID=9634) to work on /home/airflow/.local/lib/python3.7/site-packages/airflow/example_dags/example_params_ui_tutorial.py
[2023-05-03T10:54:10.799+0000] {processor.py:799} INFO - Processing file /home/airflow/.local/lib/python3.7/site-packages/airflow/example_dags/example_params_ui_tutorial.py for tasks to queue
[2023-05-03T10:54:10.807+0000] {logging_mixin.py:149} INFO - [2023-05-03T10:54:10.807+0000] {dagbag.py:541} INFO - Filling up the DagBag from /home/airflow/.local/lib/python3.7/site-packages/airflow/example_dags/example_params_ui_tutorial.py
[2023-05-03T10:54:10.957+0000] {processor.py:809} INFO - DAG(s) dict_keys(['example_params_ui_tutorial']) retrieved from /home/airflow/.local/lib/python3.7/site-packages/airflow/example_dags/example_params_ui_tutorial.py
[2023-05-03T10:54:11.184+0000] {logging_mixin.py:149} INFO - [2023-05-03T10:54:11.184+0000] {dag.py:2726} INFO - Sync 1 DAGs
[2023-05-03T10:54:11.266+0000] {logging_mixin.py:149} INFO - [2023-05-03T10:54:11.266+0000] {dag.py:3490} INFO - Setting next_dagrun for example_params_ui_tutorial to None, run_after=None
[2023-05-03T10:54:11.361+0000] {processor.py:178} INFO - Processing /home/airflow/.local/lib/python3.7/site-packages/airflow/example_dags/example_params_ui_tutorial.py took 0.572 seconds
[2023-05-03T10:54:46.648+0000] {processor.py:156} INFO - Started process (PID=9845) to work on /home/airflow/.local/lib/python3.7/site-packages/airflow/example_dags/example_params_ui_tutorial.py
[2023-05-03T10:54:46.650+0000] {processor.py:799} INFO - Processing file /home/airflow/.local/lib/python3.7/site-packages/airflow/example_dags/example_params_ui_tutorial.py for tasks to queue
[2023-05-03T10:54:46.652+0000] {logging_mixin.py:149} INFO - [2023-05-03T10:54:46.652+0000] {dagbag.py:541} INFO - Filling up the DagBag from /home/airflow/.local/lib/python3.7/site-packages/airflow/example_dags/example_params_ui_tutorial.py
[2023-05-03T10:54:47.125+0000] {processor.py:809} INFO - DAG(s) dict_keys(['example_params_ui_tutorial']) retrieved from /home/airflow/.local/lib/python3.7/site-packages/airflow/example_dags/example_params_ui_tutorial.py
[2023-05-03T10:54:49.036+0000] {logging_mixin.py:149} INFO - [2023-05-03T10:54:49.035+0000] {dag.py:2726} INFO - Sync 1 DAGs
[2023-05-03T10:54:49.536+0000] {logging_mixin.py:149} INFO - [2023-05-03T10:54:49.536+0000] {dag.py:3490} INFO - Setting next_dagrun for example_params_ui_tutorial to None, run_after=None
[2023-05-03T10:54:49.749+0000] {processor.py:178} INFO - Processing /home/airflow/.local/lib/python3.7/site-packages/airflow/example_dags/example_params_ui_tutorial.py took 3.117 seconds
