[2023-05-03T09:31:29.573+0000] {processor.py:156} INFO - Started process (PID=361) to work on /home/airflow/.local/lib/python3.7/site-packages/airflow/example_dags/example_external_task_marker_dag.py
[2023-05-03T09:31:29.574+0000] {processor.py:799} INFO - Processing file /home/airflow/.local/lib/python3.7/site-packages/airflow/example_dags/example_external_task_marker_dag.py for tasks to queue
[2023-05-03T09:31:29.576+0000] {logging_mixin.py:149} INFO - [2023-05-03T09:31:29.576+0000] {dagbag.py:541} INFO - Filling up the DagBag from /home/airflow/.local/lib/python3.7/site-packages/airflow/example_dags/example_external_task_marker_dag.py
[2023-05-03T09:31:29.615+0000] {processor.py:809} INFO - DAG(s) dict_keys(['example_external_task_marker_child', 'example_external_task_marker_parent']) retrieved from /home/airflow/.local/lib/python3.7/site-packages/airflow/example_dags/example_external_task_marker_dag.py
[2023-05-03T09:31:29.954+0000] {logging_mixin.py:149} INFO - [2023-05-03T09:31:29.953+0000] {dag.py:2726} INFO - Sync 2 DAGs
[2023-05-03T09:31:30.622+0000] {logging_mixin.py:149} INFO - [2023-05-03T09:31:30.621+0000] {dag.py:3490} INFO - Setting next_dagrun for example_external_task_marker_child to None, run_after=None
[2023-05-03T09:31:30.637+0000] {logging_mixin.py:149} INFO - [2023-05-03T09:31:30.637+0000] {dag.py:3490} INFO - Setting next_dagrun for example_external_task_marker_parent to None, run_after=None
[2023-05-03T09:31:30.752+0000] {processor.py:178} INFO - Processing /home/airflow/.local/lib/python3.7/site-packages/airflow/example_dags/example_external_task_marker_dag.py took 1.184 seconds
[2023-05-03T09:32:18.170+0000] {processor.py:156} INFO - Started process (PID=597) to work on /home/airflow/.local/lib/python3.7/site-packages/airflow/example_dags/example_external_task_marker_dag.py
[2023-05-03T09:32:18.173+0000] {processor.py:799} INFO - Processing file /home/airflow/.local/lib/python3.7/site-packages/airflow/example_dags/example_external_task_marker_dag.py for tasks to queue
[2023-05-03T09:32:18.175+0000] {logging_mixin.py:149} INFO - [2023-05-03T09:32:18.175+0000] {dagbag.py:541} INFO - Filling up the DagBag from /home/airflow/.local/lib/python3.7/site-packages/airflow/example_dags/example_external_task_marker_dag.py
[2023-05-03T09:32:18.198+0000] {processor.py:809} INFO - DAG(s) dict_keys(['example_external_task_marker_parent', 'example_external_task_marker_child']) retrieved from /home/airflow/.local/lib/python3.7/site-packages/airflow/example_dags/example_external_task_marker_dag.py
[2023-05-03T09:32:18.825+0000] {logging_mixin.py:149} INFO - [2023-05-03T09:32:18.824+0000] {dag.py:2726} INFO - Sync 2 DAGs
[2023-05-03T09:32:18.929+0000] {logging_mixin.py:149} INFO - [2023-05-03T09:32:18.929+0000] {dag.py:3490} INFO - Setting next_dagrun for example_external_task_marker_child to None, run_after=None
[2023-05-03T09:32:18.944+0000] {logging_mixin.py:149} INFO - [2023-05-03T09:32:18.944+0000] {dag.py:3490} INFO - Setting next_dagrun for example_external_task_marker_parent to None, run_after=None
[2023-05-03T09:32:19.035+0000] {processor.py:178} INFO - Processing /home/airflow/.local/lib/python3.7/site-packages/airflow/example_dags/example_external_task_marker_dag.py took 0.884 seconds
[2023-05-03T09:32:49.793+0000] {processor.py:156} INFO - Started process (PID=832) to work on /home/airflow/.local/lib/python3.7/site-packages/airflow/example_dags/example_external_task_marker_dag.py
[2023-05-03T09:32:49.799+0000] {processor.py:799} INFO - Processing file /home/airflow/.local/lib/python3.7/site-packages/airflow/example_dags/example_external_task_marker_dag.py for tasks to queue
[2023-05-03T09:32:49.804+0000] {logging_mixin.py:149} INFO - [2023-05-03T09:32:49.804+0000] {dagbag.py:541} INFO - Filling up the DagBag from /home/airflow/.local/lib/python3.7/site-packages/airflow/example_dags/example_external_task_marker_dag.py
[2023-05-03T09:32:49.825+0000] {processor.py:809} INFO - DAG(s) dict_keys(['example_external_task_marker_parent', 'example_external_task_marker_child']) retrieved from /home/airflow/.local/lib/python3.7/site-packages/airflow/example_dags/example_external_task_marker_dag.py
[2023-05-03T09:32:49.957+0000] {logging_mixin.py:149} INFO - [2023-05-03T09:32:49.956+0000] {dag.py:2726} INFO - Sync 2 DAGs
[2023-05-03T09:32:50.049+0000] {logging_mixin.py:149} INFO - [2023-05-03T09:32:50.049+0000] {dag.py:3490} INFO - Setting next_dagrun for example_external_task_marker_child to None, run_after=None
[2023-05-03T09:32:50.061+0000] {logging_mixin.py:149} INFO - [2023-05-03T09:32:50.061+0000] {dag.py:3490} INFO - Setting next_dagrun for example_external_task_marker_parent to None, run_after=None
[2023-05-03T09:32:50.158+0000] {processor.py:178} INFO - Processing /home/airflow/.local/lib/python3.7/site-packages/airflow/example_dags/example_external_task_marker_dag.py took 0.368 seconds
[2023-05-03T09:33:38.073+0000] {processor.py:156} INFO - Started process (PID=1116) to work on /home/airflow/.local/lib/python3.7/site-packages/airflow/example_dags/example_external_task_marker_dag.py
[2023-05-03T09:33:38.075+0000] {processor.py:799} INFO - Processing file /home/airflow/.local/lib/python3.7/site-packages/airflow/example_dags/example_external_task_marker_dag.py for tasks to queue
[2023-05-03T09:33:38.077+0000] {logging_mixin.py:149} INFO - [2023-05-03T09:33:38.077+0000] {dagbag.py:541} INFO - Filling up the DagBag from /home/airflow/.local/lib/python3.7/site-packages/airflow/example_dags/example_external_task_marker_dag.py
[2023-05-03T09:33:38.098+0000] {processor.py:809} INFO - DAG(s) dict_keys(['example_external_task_marker_child', 'example_external_task_marker_parent']) retrieved from /home/airflow/.local/lib/python3.7/site-packages/airflow/example_dags/example_external_task_marker_dag.py
[2023-05-03T09:33:38.193+0000] {logging_mixin.py:149} INFO - [2023-05-03T09:33:38.192+0000] {dag.py:2726} INFO - Sync 2 DAGs
[2023-05-03T09:33:38.236+0000] {logging_mixin.py:149} INFO - [2023-05-03T09:33:38.236+0000] {dag.py:3490} INFO - Setting next_dagrun for example_external_task_marker_child to None, run_after=None
[2023-05-03T09:33:38.245+0000] {logging_mixin.py:149} INFO - [2023-05-03T09:33:38.244+0000] {dag.py:3490} INFO - Setting next_dagrun for example_external_task_marker_parent to None, run_after=None
[2023-05-03T09:33:38.302+0000] {processor.py:178} INFO - Processing /home/airflow/.local/lib/python3.7/site-packages/airflow/example_dags/example_external_task_marker_dag.py took 0.236 seconds
[2023-05-03T09:34:10.152+0000] {processor.py:156} INFO - Started process (PID=1342) to work on /home/airflow/.local/lib/python3.7/site-packages/airflow/example_dags/example_external_task_marker_dag.py
[2023-05-03T09:34:10.155+0000] {processor.py:799} INFO - Processing file /home/airflow/.local/lib/python3.7/site-packages/airflow/example_dags/example_external_task_marker_dag.py for tasks to queue
[2023-05-03T09:34:10.157+0000] {logging_mixin.py:149} INFO - [2023-05-03T09:34:10.157+0000] {dagbag.py:541} INFO - Filling up the DagBag from /home/airflow/.local/lib/python3.7/site-packages/airflow/example_dags/example_external_task_marker_dag.py
[2023-05-03T09:34:10.173+0000] {processor.py:809} INFO - DAG(s) dict_keys(['example_external_task_marker_parent', 'example_external_task_marker_child']) retrieved from /home/airflow/.local/lib/python3.7/site-packages/airflow/example_dags/example_external_task_marker_dag.py
[2023-05-03T09:34:10.231+0000] {logging_mixin.py:149} INFO - [2023-05-03T09:34:10.231+0000] {dag.py:2726} INFO - Sync 2 DAGs
[2023-05-03T09:34:10.289+0000] {logging_mixin.py:149} INFO - [2023-05-03T09:34:10.288+0000] {dag.py:3490} INFO - Setting next_dagrun for example_external_task_marker_child to None, run_after=None
[2023-05-03T09:34:10.299+0000] {logging_mixin.py:149} INFO - [2023-05-03T09:34:10.298+0000] {dag.py:3490} INFO - Setting next_dagrun for example_external_task_marker_parent to None, run_after=None
[2023-05-03T09:34:10.152+0000] {processor.py:178} INFO - Processing /home/airflow/.local/lib/python3.7/site-packages/airflow/example_dags/example_external_task_marker_dag.py took 0.207 seconds
[2023-05-03T09:34:40.739+0000] {processor.py:156} INFO - Started process (PID=1576) to work on /home/airflow/.local/lib/python3.7/site-packages/airflow/example_dags/example_external_task_marker_dag.py
[2023-05-03T09:34:40.741+0000] {processor.py:799} INFO - Processing file /home/airflow/.local/lib/python3.7/site-packages/airflow/example_dags/example_external_task_marker_dag.py for tasks to queue
[2023-05-03T09:34:40.743+0000] {logging_mixin.py:149} INFO - [2023-05-03T09:34:40.743+0000] {dagbag.py:541} INFO - Filling up the DagBag from /home/airflow/.local/lib/python3.7/site-packages/airflow/example_dags/example_external_task_marker_dag.py
[2023-05-03T09:34:40.759+0000] {processor.py:809} INFO - DAG(s) dict_keys(['example_external_task_marker_parent', 'example_external_task_marker_child']) retrieved from /home/airflow/.local/lib/python3.7/site-packages/airflow/example_dags/example_external_task_marker_dag.py
[2023-05-03T09:34:40.830+0000] {logging_mixin.py:149} INFO - [2023-05-03T09:34:40.830+0000] {dag.py:2726} INFO - Sync 2 DAGs
[2023-05-03T09:34:40.927+0000] {logging_mixin.py:149} INFO - [2023-05-03T09:34:40.927+0000] {dag.py:3490} INFO - Setting next_dagrun for example_external_task_marker_child to None, run_after=None
[2023-05-03T09:34:40.934+0000] {logging_mixin.py:149} INFO - [2023-05-03T09:34:40.934+0000] {dag.py:3490} INFO - Setting next_dagrun for example_external_task_marker_parent to None, run_after=None
[2023-05-03T09:34:41.008+0000] {processor.py:178} INFO - Processing /home/airflow/.local/lib/python3.7/site-packages/airflow/example_dags/example_external_task_marker_dag.py took 0.274 seconds
[2023-05-03T09:35:11.722+0000] {processor.py:156} INFO - Started process (PID=1812) to work on /home/airflow/.local/lib/python3.7/site-packages/airflow/example_dags/example_external_task_marker_dag.py
[2023-05-03T09:35:11.727+0000] {processor.py:799} INFO - Processing file /home/airflow/.local/lib/python3.7/site-packages/airflow/example_dags/example_external_task_marker_dag.py for tasks to queue
[2023-05-03T09:35:11.733+0000] {logging_mixin.py:149} INFO - [2023-05-03T09:35:11.733+0000] {dagbag.py:541} INFO - Filling up the DagBag from /home/airflow/.local/lib/python3.7/site-packages/airflow/example_dags/example_external_task_marker_dag.py
[2023-05-03T09:35:11.750+0000] {processor.py:809} INFO - DAG(s) dict_keys(['example_external_task_marker_parent', 'example_external_task_marker_child']) retrieved from /home/airflow/.local/lib/python3.7/site-packages/airflow/example_dags/example_external_task_marker_dag.py
[2023-05-03T09:35:11.832+0000] {logging_mixin.py:149} INFO - [2023-05-03T09:35:11.832+0000] {dag.py:2726} INFO - Sync 2 DAGs
[2023-05-03T09:35:11.917+0000] {logging_mixin.py:149} INFO - [2023-05-03T09:35:11.916+0000] {dag.py:3490} INFO - Setting next_dagrun for example_external_task_marker_child to None, run_after=None
[2023-05-03T09:35:11.927+0000] {logging_mixin.py:149} INFO - [2023-05-03T09:35:11.927+0000] {dag.py:3490} INFO - Setting next_dagrun for example_external_task_marker_parent to None, run_after=None
[2023-05-03T09:35:11.989+0000] {processor.py:178} INFO - Processing /home/airflow/.local/lib/python3.7/site-packages/airflow/example_dags/example_external_task_marker_dag.py took 0.270 seconds
[2023-05-03T09:35:52.735+0000] {processor.py:156} INFO - Started process (PID=2056) to work on /home/airflow/.local/lib/python3.7/site-packages/airflow/example_dags/example_external_task_marker_dag.py
[2023-05-03T09:35:52.737+0000] {processor.py:799} INFO - Processing file /home/airflow/.local/lib/python3.7/site-packages/airflow/example_dags/example_external_task_marker_dag.py for tasks to queue
[2023-05-03T09:35:52.739+0000] {logging_mixin.py:149} INFO - [2023-05-03T09:35:52.739+0000] {dagbag.py:541} INFO - Filling up the DagBag from /home/airflow/.local/lib/python3.7/site-packages/airflow/example_dags/example_external_task_marker_dag.py
[2023-05-03T09:35:52.761+0000] {processor.py:809} INFO - DAG(s) dict_keys(['example_external_task_marker_child', 'example_external_task_marker_parent']) retrieved from /home/airflow/.local/lib/python3.7/site-packages/airflow/example_dags/example_external_task_marker_dag.py
[2023-05-03T09:35:52.874+0000] {logging_mixin.py:149} INFO - [2023-05-03T09:35:52.874+0000] {dag.py:2726} INFO - Sync 2 DAGs
[2023-05-03T09:35:52.982+0000] {logging_mixin.py:149} INFO - [2023-05-03T09:35:52.982+0000] {dag.py:3490} INFO - Setting next_dagrun for example_external_task_marker_child to None, run_after=None
[2023-05-03T09:35:52.998+0000] {logging_mixin.py:149} INFO - [2023-05-03T09:35:52.997+0000] {dag.py:3490} INFO - Setting next_dagrun for example_external_task_marker_parent to None, run_after=None
[2023-05-03T09:35:53.098+0000] {processor.py:178} INFO - Processing /home/airflow/.local/lib/python3.7/site-packages/airflow/example_dags/example_external_task_marker_dag.py took 0.372 seconds
[2023-05-03T09:36:24.136+0000] {processor.py:156} INFO - Started process (PID=2292) to work on /home/airflow/.local/lib/python3.7/site-packages/airflow/example_dags/example_external_task_marker_dag.py
[2023-05-03T09:36:24.138+0000] {processor.py:799} INFO - Processing file /home/airflow/.local/lib/python3.7/site-packages/airflow/example_dags/example_external_task_marker_dag.py for tasks to queue
[2023-05-03T09:36:24.140+0000] {logging_mixin.py:149} INFO - [2023-05-03T09:36:24.139+0000] {dagbag.py:541} INFO - Filling up the DagBag from /home/airflow/.local/lib/python3.7/site-packages/airflow/example_dags/example_external_task_marker_dag.py
[2023-05-03T09:36:24.149+0000] {processor.py:809} INFO - DAG(s) dict_keys(['example_external_task_marker_parent', 'example_external_task_marker_child']) retrieved from /home/airflow/.local/lib/python3.7/site-packages/airflow/example_dags/example_external_task_marker_dag.py
[2023-05-03T09:36:24.194+0000] {logging_mixin.py:149} INFO - [2023-05-03T09:36:24.193+0000] {dag.py:2726} INFO - Sync 2 DAGs
[2023-05-03T09:36:24.238+0000] {logging_mixin.py:149} INFO - [2023-05-03T09:36:24.238+0000] {dag.py:3490} INFO - Setting next_dagrun for example_external_task_marker_child to None, run_after=None
[2023-05-03T09:36:24.253+0000] {logging_mixin.py:149} INFO - [2023-05-03T09:36:24.252+0000] {dag.py:3490} INFO - Setting next_dagrun for example_external_task_marker_parent to None, run_after=None
[2023-05-03T09:36:24.294+0000] {processor.py:178} INFO - Processing /home/airflow/.local/lib/python3.7/site-packages/airflow/example_dags/example_external_task_marker_dag.py took 0.162 seconds
[2023-05-03T09:36:55.329+0000] {processor.py:156} INFO - Started process (PID=2527) to work on /home/airflow/.local/lib/python3.7/site-packages/airflow/example_dags/example_external_task_marker_dag.py
[2023-05-03T09:36:55.331+0000] {processor.py:799} INFO - Processing file /home/airflow/.local/lib/python3.7/site-packages/airflow/example_dags/example_external_task_marker_dag.py for tasks to queue
[2023-05-03T09:36:55.333+0000] {logging_mixin.py:149} INFO - [2023-05-03T09:36:55.333+0000] {dagbag.py:541} INFO - Filling up the DagBag from /home/airflow/.local/lib/python3.7/site-packages/airflow/example_dags/example_external_task_marker_dag.py
[2023-05-03T09:36:55.345+0000] {processor.py:809} INFO - DAG(s) dict_keys(['example_external_task_marker_child', 'example_external_task_marker_parent']) retrieved from /home/airflow/.local/lib/python3.7/site-packages/airflow/example_dags/example_external_task_marker_dag.py
[2023-05-03T09:36:55.430+0000] {logging_mixin.py:149} INFO - [2023-05-03T09:36:55.429+0000] {dag.py:2726} INFO - Sync 2 DAGs
[2023-05-03T09:36:55.494+0000] {logging_mixin.py:149} INFO - [2023-05-03T09:36:55.494+0000] {dag.py:3490} INFO - Setting next_dagrun for example_external_task_marker_child to None, run_after=None
[2023-05-03T09:36:55.503+0000] {logging_mixin.py:149} INFO - [2023-05-03T09:36:55.503+0000] {dag.py:3490} INFO - Setting next_dagrun for example_external_task_marker_parent to None, run_after=None
[2023-05-03T09:36:55.569+0000] {processor.py:178} INFO - Processing /home/airflow/.local/lib/python3.7/site-packages/airflow/example_dags/example_external_task_marker_dag.py took 0.247 seconds
[2023-05-03T09:37:27.052+0000] {processor.py:156} INFO - Started process (PID=2773) to work on /home/airflow/.local/lib/python3.7/site-packages/airflow/example_dags/example_external_task_marker_dag.py
[2023-05-03T09:37:27.055+0000] {processor.py:799} INFO - Processing file /home/airflow/.local/lib/python3.7/site-packages/airflow/example_dags/example_external_task_marker_dag.py for tasks to queue
[2023-05-03T09:37:27.056+0000] {logging_mixin.py:149} INFO - [2023-05-03T09:37:27.056+0000] {dagbag.py:541} INFO - Filling up the DagBag from /home/airflow/.local/lib/python3.7/site-packages/airflow/example_dags/example_external_task_marker_dag.py
[2023-05-03T09:37:27.067+0000] {processor.py:809} INFO - DAG(s) dict_keys(['example_external_task_marker_parent', 'example_external_task_marker_child']) retrieved from /home/airflow/.local/lib/python3.7/site-packages/airflow/example_dags/example_external_task_marker_dag.py
[2023-05-03T09:37:27.120+0000] {logging_mixin.py:149} INFO - [2023-05-03T09:37:27.120+0000] {dag.py:2726} INFO - Sync 2 DAGs
[2023-05-03T09:37:27.160+0000] {logging_mixin.py:149} INFO - [2023-05-03T09:37:27.160+0000] {dag.py:3490} INFO - Setting next_dagrun for example_external_task_marker_child to None, run_after=None
[2023-05-03T09:37:27.166+0000] {logging_mixin.py:149} INFO - [2023-05-03T09:37:27.166+0000] {dag.py:3490} INFO - Setting next_dagrun for example_external_task_marker_parent to None, run_after=None
[2023-05-03T09:37:27.211+0000] {processor.py:178} INFO - Processing /home/airflow/.local/lib/python3.7/site-packages/airflow/example_dags/example_external_task_marker_dag.py took 0.164 seconds
[2023-05-03T09:38:01.538+0000] {processor.py:156} INFO - Started process (PID=3009) to work on /home/airflow/.local/lib/python3.7/site-packages/airflow/example_dags/example_external_task_marker_dag.py
[2023-05-03T09:38:01.541+0000] {processor.py:799} INFO - Processing file /home/airflow/.local/lib/python3.7/site-packages/airflow/example_dags/example_external_task_marker_dag.py for tasks to queue
[2023-05-03T09:38:01.549+0000] {logging_mixin.py:149} INFO - [2023-05-03T09:38:01.548+0000] {dagbag.py:541} INFO - Filling up the DagBag from /home/airflow/.local/lib/python3.7/site-packages/airflow/example_dags/example_external_task_marker_dag.py
[2023-05-03T09:38:01.568+0000] {processor.py:809} INFO - DAG(s) dict_keys(['example_external_task_marker_child', 'example_external_task_marker_parent']) retrieved from /home/airflow/.local/lib/python3.7/site-packages/airflow/example_dags/example_external_task_marker_dag.py
[2023-05-03T09:38:01.637+0000] {logging_mixin.py:149} INFO - [2023-05-03T09:38:01.636+0000] {dag.py:2726} INFO - Sync 2 DAGs
[2023-05-03T09:38:01.725+0000] {logging_mixin.py:149} INFO - [2023-05-03T09:38:01.725+0000] {dag.py:3490} INFO - Setting next_dagrun for example_external_task_marker_child to None, run_after=None
[2023-05-03T09:38:01.740+0000] {logging_mixin.py:149} INFO - [2023-05-03T09:38:01.740+0000] {dag.py:3490} INFO - Setting next_dagrun for example_external_task_marker_parent to None, run_after=None
[2023-05-03T09:38:01.798+0000] {processor.py:178} INFO - Processing /home/airflow/.local/lib/python3.7/site-packages/airflow/example_dags/example_external_task_marker_dag.py took 0.266 seconds
[2023-05-03T09:38:35.948+0000] {processor.py:156} INFO - Started process (PID=3260) to work on /home/airflow/.local/lib/python3.7/site-packages/airflow/example_dags/example_external_task_marker_dag.py
[2023-05-03T09:38:35.951+0000] {processor.py:799} INFO - Processing file /home/airflow/.local/lib/python3.7/site-packages/airflow/example_dags/example_external_task_marker_dag.py for tasks to queue
[2023-05-03T09:38:35.953+0000] {logging_mixin.py:149} INFO - [2023-05-03T09:38:35.952+0000] {dagbag.py:541} INFO - Filling up the DagBag from /home/airflow/.local/lib/python3.7/site-packages/airflow/example_dags/example_external_task_marker_dag.py
[2023-05-03T09:38:35.963+0000] {processor.py:809} INFO - DAG(s) dict_keys(['example_external_task_marker_child', 'example_external_task_marker_parent']) retrieved from /home/airflow/.local/lib/python3.7/site-packages/airflow/example_dags/example_external_task_marker_dag.py
[2023-05-03T09:38:36.016+0000] {logging_mixin.py:149} INFO - [2023-05-03T09:38:36.015+0000] {dag.py:2726} INFO - Sync 2 DAGs
[2023-05-03T09:38:36.065+0000] {logging_mixin.py:149} INFO - [2023-05-03T09:38:36.064+0000] {dag.py:3490} INFO - Setting next_dagrun for example_external_task_marker_child to None, run_after=None
[2023-05-03T09:38:36.071+0000] {logging_mixin.py:149} INFO - [2023-05-03T09:38:36.071+0000] {dag.py:3490} INFO - Setting next_dagrun for example_external_task_marker_parent to None, run_after=None
[2023-05-03T09:38:36.102+0000] {processor.py:178} INFO - Processing /home/airflow/.local/lib/python3.7/site-packages/airflow/example_dags/example_external_task_marker_dag.py took 0.158 seconds
[2023-05-03T09:39:07.565+0000] {processor.py:156} INFO - Started process (PID=3496) to work on /home/airflow/.local/lib/python3.7/site-packages/airflow/example_dags/example_external_task_marker_dag.py
[2023-05-03T09:39:07.567+0000] {processor.py:799} INFO - Processing file /home/airflow/.local/lib/python3.7/site-packages/airflow/example_dags/example_external_task_marker_dag.py for tasks to queue
[2023-05-03T09:39:07.569+0000] {logging_mixin.py:149} INFO - [2023-05-03T09:39:07.569+0000] {dagbag.py:541} INFO - Filling up the DagBag from /home/airflow/.local/lib/python3.7/site-packages/airflow/example_dags/example_external_task_marker_dag.py
[2023-05-03T09:39:07.579+0000] {processor.py:809} INFO - DAG(s) dict_keys(['example_external_task_marker_parent', 'example_external_task_marker_child']) retrieved from /home/airflow/.local/lib/python3.7/site-packages/airflow/example_dags/example_external_task_marker_dag.py
[2023-05-03T09:39:07.635+0000] {logging_mixin.py:149} INFO - [2023-05-03T09:39:07.634+0000] {dag.py:2726} INFO - Sync 2 DAGs
[2023-05-03T09:39:07.688+0000] {logging_mixin.py:149} INFO - [2023-05-03T09:39:07.688+0000] {dag.py:3490} INFO - Setting next_dagrun for example_external_task_marker_child to None, run_after=None
[2023-05-03T09:39:07.698+0000] {logging_mixin.py:149} INFO - [2023-05-03T09:39:07.697+0000] {dag.py:3490} INFO - Setting next_dagrun for example_external_task_marker_parent to None, run_after=None
[2023-05-03T09:39:07.735+0000] {processor.py:178} INFO - Processing /home/airflow/.local/lib/python3.7/site-packages/airflow/example_dags/example_external_task_marker_dag.py took 0.174 seconds
[2023-05-03T09:39:39.290+0000] {processor.py:156} INFO - Started process (PID=3733) to work on /home/airflow/.local/lib/python3.7/site-packages/airflow/example_dags/example_external_task_marker_dag.py
[2023-05-03T09:39:39.292+0000] {processor.py:799} INFO - Processing file /home/airflow/.local/lib/python3.7/site-packages/airflow/example_dags/example_external_task_marker_dag.py for tasks to queue
[2023-05-03T09:39:39.294+0000] {logging_mixin.py:149} INFO - [2023-05-03T09:39:39.293+0000] {dagbag.py:541} INFO - Filling up the DagBag from /home/airflow/.local/lib/python3.7/site-packages/airflow/example_dags/example_external_task_marker_dag.py
[2023-05-03T09:39:39.312+0000] {processor.py:809} INFO - DAG(s) dict_keys(['example_external_task_marker_parent', 'example_external_task_marker_child']) retrieved from /home/airflow/.local/lib/python3.7/site-packages/airflow/example_dags/example_external_task_marker_dag.py
[2023-05-03T09:39:39.397+0000] {logging_mixin.py:149} INFO - [2023-05-03T09:39:39.396+0000] {dag.py:2726} INFO - Sync 2 DAGs
[2023-05-03T09:39:39.467+0000] {logging_mixin.py:149} INFO - [2023-05-03T09:39:39.466+0000] {dag.py:3490} INFO - Setting next_dagrun for example_external_task_marker_child to None, run_after=None
[2023-05-03T09:39:39.475+0000] {logging_mixin.py:149} INFO - [2023-05-03T09:39:39.474+0000] {dag.py:3490} INFO - Setting next_dagrun for example_external_task_marker_parent to None, run_after=None
[2023-05-03T09:39:39.521+0000] {processor.py:178} INFO - Processing /home/airflow/.local/lib/python3.7/site-packages/airflow/example_dags/example_external_task_marker_dag.py took 0.242 seconds
[2023-05-03T09:40:09.739+0000] {processor.py:156} INFO - Started process (PID=3969) to work on /home/airflow/.local/lib/python3.7/site-packages/airflow/example_dags/example_external_task_marker_dag.py
[2023-05-03T09:40:09.741+0000] {processor.py:799} INFO - Processing file /home/airflow/.local/lib/python3.7/site-packages/airflow/example_dags/example_external_task_marker_dag.py for tasks to queue
[2023-05-03T09:40:09.744+0000] {logging_mixin.py:149} INFO - [2023-05-03T09:40:09.743+0000] {dagbag.py:541} INFO - Filling up the DagBag from /home/airflow/.local/lib/python3.7/site-packages/airflow/example_dags/example_external_task_marker_dag.py
[2023-05-03T09:40:09.756+0000] {processor.py:809} INFO - DAG(s) dict_keys(['example_external_task_marker_child', 'example_external_task_marker_parent']) retrieved from /home/airflow/.local/lib/python3.7/site-packages/airflow/example_dags/example_external_task_marker_dag.py
[2023-05-03T09:40:09.820+0000] {logging_mixin.py:149} INFO - [2023-05-03T09:40:09.820+0000] {dag.py:2726} INFO - Sync 2 DAGs
[2023-05-03T09:40:09.917+0000] {logging_mixin.py:149} INFO - [2023-05-03T09:40:09.917+0000] {dag.py:3490} INFO - Setting next_dagrun for example_external_task_marker_child to None, run_after=None
[2023-05-03T09:40:09.934+0000] {logging_mixin.py:149} INFO - [2023-05-03T09:40:09.933+0000] {dag.py:3490} INFO - Setting next_dagrun for example_external_task_marker_parent to None, run_after=None
[2023-05-03T09:40:09.985+0000] {processor.py:178} INFO - Processing /home/airflow/.local/lib/python3.7/site-packages/airflow/example_dags/example_external_task_marker_dag.py took 0.251 seconds
[2023-05-03T09:40:40.863+0000] {processor.py:156} INFO - Started process (PID=4205) to work on /home/airflow/.local/lib/python3.7/site-packages/airflow/example_dags/example_external_task_marker_dag.py
[2023-05-03T09:40:40.866+0000] {processor.py:799} INFO - Processing file /home/airflow/.local/lib/python3.7/site-packages/airflow/example_dags/example_external_task_marker_dag.py for tasks to queue
[2023-05-03T09:40:40.867+0000] {logging_mixin.py:149} INFO - [2023-05-03T09:40:40.867+0000] {dagbag.py:541} INFO - Filling up the DagBag from /home/airflow/.local/lib/python3.7/site-packages/airflow/example_dags/example_external_task_marker_dag.py
[2023-05-03T09:40:40.876+0000] {processor.py:809} INFO - DAG(s) dict_keys(['example_external_task_marker_parent', 'example_external_task_marker_child']) retrieved from /home/airflow/.local/lib/python3.7/site-packages/airflow/example_dags/example_external_task_marker_dag.py
[2023-05-03T09:40:40.941+0000] {logging_mixin.py:149} INFO - [2023-05-03T09:40:40.940+0000] {dag.py:2726} INFO - Sync 2 DAGs
[2023-05-03T09:40:40.990+0000] {logging_mixin.py:149} INFO - [2023-05-03T09:40:40.990+0000] {dag.py:3490} INFO - Setting next_dagrun for example_external_task_marker_child to None, run_after=None
[2023-05-03T09:40:40.996+0000] {logging_mixin.py:149} INFO - [2023-05-03T09:40:40.996+0000] {dag.py:3490} INFO - Setting next_dagrun for example_external_task_marker_parent to None, run_after=None
[2023-05-03T09:40:41.025+0000] {processor.py:178} INFO - Processing /home/airflow/.local/lib/python3.7/site-packages/airflow/example_dags/example_external_task_marker_dag.py took 0.167 seconds
[2023-05-03T09:41:11.457+0000] {processor.py:156} INFO - Started process (PID=4441) to work on /home/airflow/.local/lib/python3.7/site-packages/airflow/example_dags/example_external_task_marker_dag.py
[2023-05-03T09:41:11.458+0000] {processor.py:799} INFO - Processing file /home/airflow/.local/lib/python3.7/site-packages/airflow/example_dags/example_external_task_marker_dag.py for tasks to queue
[2023-05-03T09:41:11.460+0000] {logging_mixin.py:149} INFO - [2023-05-03T09:41:11.460+0000] {dagbag.py:541} INFO - Filling up the DagBag from /home/airflow/.local/lib/python3.7/site-packages/airflow/example_dags/example_external_task_marker_dag.py
[2023-05-03T09:41:11.470+0000] {processor.py:809} INFO - DAG(s) dict_keys(['example_external_task_marker_child', 'example_external_task_marker_parent']) retrieved from /home/airflow/.local/lib/python3.7/site-packages/airflow/example_dags/example_external_task_marker_dag.py
[2023-05-03T09:41:11.516+0000] {logging_mixin.py:149} INFO - [2023-05-03T09:41:11.516+0000] {dag.py:2726} INFO - Sync 2 DAGs
[2023-05-03T09:41:11.582+0000] {logging_mixin.py:149} INFO - [2023-05-03T09:41:11.582+0000] {dag.py:3490} INFO - Setting next_dagrun for example_external_task_marker_child to None, run_after=None
[2023-05-03T09:41:11.588+0000] {logging_mixin.py:149} INFO - [2023-05-03T09:41:11.588+0000] {dag.py:3490} INFO - Setting next_dagrun for example_external_task_marker_parent to None, run_after=None
[2023-05-03T09:41:11.630+0000] {processor.py:178} INFO - Processing /home/airflow/.local/lib/python3.7/site-packages/airflow/example_dags/example_external_task_marker_dag.py took 0.178 seconds
[2023-05-03T09:41:43.945+0000] {processor.py:156} INFO - Started process (PID=4677) to work on /home/airflow/.local/lib/python3.7/site-packages/airflow/example_dags/example_external_task_marker_dag.py
[2023-05-03T09:41:43.947+0000] {processor.py:799} INFO - Processing file /home/airflow/.local/lib/python3.7/site-packages/airflow/example_dags/example_external_task_marker_dag.py for tasks to queue
[2023-05-03T09:41:43.949+0000] {logging_mixin.py:149} INFO - [2023-05-03T09:41:43.948+0000] {dagbag.py:541} INFO - Filling up the DagBag from /home/airflow/.local/lib/python3.7/site-packages/airflow/example_dags/example_external_task_marker_dag.py
[2023-05-03T09:41:43.959+0000] {processor.py:809} INFO - DAG(s) dict_keys(['example_external_task_marker_parent', 'example_external_task_marker_child']) retrieved from /home/airflow/.local/lib/python3.7/site-packages/airflow/example_dags/example_external_task_marker_dag.py
[2023-05-03T09:41:44.009+0000] {logging_mixin.py:149} INFO - [2023-05-03T09:41:44.009+0000] {dag.py:2726} INFO - Sync 2 DAGs
[2023-05-03T09:41:44.082+0000] {logging_mixin.py:149} INFO - [2023-05-03T09:41:44.082+0000] {dag.py:3490} INFO - Setting next_dagrun for example_external_task_marker_child to None, run_after=None
[2023-05-03T09:41:44.124+0000] {logging_mixin.py:149} INFO - [2023-05-03T09:41:44.124+0000] {dag.py:3490} INFO - Setting next_dagrun for example_external_task_marker_parent to None, run_after=None
[2023-05-03T09:41:44.240+0000] {processor.py:178} INFO - Processing /home/airflow/.local/lib/python3.7/site-packages/airflow/example_dags/example_external_task_marker_dag.py took 0.296 seconds
[2023-05-03T09:44:57.631+0000] {processor.py:156} INFO - Started process (PID=362) to work on /home/airflow/.local/lib/python3.7/site-packages/airflow/example_dags/example_external_task_marker_dag.py
[2023-05-03T09:44:57.635+0000] {processor.py:799} INFO - Processing file /home/airflow/.local/lib/python3.7/site-packages/airflow/example_dags/example_external_task_marker_dag.py for tasks to queue
[2023-05-03T09:44:57.638+0000] {logging_mixin.py:149} INFO - [2023-05-03T09:44:57.638+0000] {dagbag.py:541} INFO - Filling up the DagBag from /home/airflow/.local/lib/python3.7/site-packages/airflow/example_dags/example_external_task_marker_dag.py
[2023-05-03T09:44:57.667+0000] {processor.py:809} INFO - DAG(s) dict_keys(['example_external_task_marker_parent', 'example_external_task_marker_child']) retrieved from /home/airflow/.local/lib/python3.7/site-packages/airflow/example_dags/example_external_task_marker_dag.py
[2023-05-03T09:44:57.784+0000] {logging_mixin.py:149} INFO - [2023-05-03T09:44:57.784+0000] {dag.py:2726} INFO - Sync 2 DAGs
[2023-05-03T09:44:57.901+0000] {logging_mixin.py:149} INFO - [2023-05-03T09:44:57.901+0000] {dag.py:3490} INFO - Setting next_dagrun for example_external_task_marker_child to None, run_after=None
[2023-05-03T09:44:57.913+0000] {logging_mixin.py:149} INFO - [2023-05-03T09:44:57.912+0000] {dag.py:3490} INFO - Setting next_dagrun for example_external_task_marker_parent to None, run_after=None
[2023-05-03T09:44:57.984+0000] {processor.py:178} INFO - Processing /home/airflow/.local/lib/python3.7/site-packages/airflow/example_dags/example_external_task_marker_dag.py took 0.362 seconds
[2023-05-03T09:46:39.220+0000] {processor.py:156} INFO - Started process (PID=681) to work on /home/airflow/.local/lib/python3.7/site-packages/airflow/example_dags/example_external_task_marker_dag.py
[2023-05-03T09:46:39.300+0000] {processor.py:799} INFO - Processing file /home/airflow/.local/lib/python3.7/site-packages/airflow/example_dags/example_external_task_marker_dag.py for tasks to queue
[2023-05-03T09:46:39.311+0000] {logging_mixin.py:149} INFO - [2023-05-03T09:46:39.311+0000] {dagbag.py:541} INFO - Filling up the DagBag from /home/airflow/.local/lib/python3.7/site-packages/airflow/example_dags/example_external_task_marker_dag.py
[2023-05-03T09:46:39.354+0000] {processor.py:809} INFO - DAG(s) dict_keys(['example_external_task_marker_parent', 'example_external_task_marker_child']) retrieved from /home/airflow/.local/lib/python3.7/site-packages/airflow/example_dags/example_external_task_marker_dag.py
[2023-05-03T09:46:39.633+0000] {logging_mixin.py:149} INFO - [2023-05-03T09:46:39.633+0000] {dag.py:2726} INFO - Sync 2 DAGs
[2023-05-03T09:46:39.735+0000] {logging_mixin.py:149} INFO - [2023-05-03T09:46:39.729+0000] {dag.py:3490} INFO - Setting next_dagrun for example_external_task_marker_child to None, run_after=None
[2023-05-03T09:46:39.747+0000] {logging_mixin.py:149} INFO - [2023-05-03T09:46:39.747+0000] {dag.py:3490} INFO - Setting next_dagrun for example_external_task_marker_parent to None, run_after=None
[2023-05-03T09:46:39.880+0000] {processor.py:178} INFO - Processing /home/airflow/.local/lib/python3.7/site-packages/airflow/example_dags/example_external_task_marker_dag.py took 0.748 seconds
[2023-05-03T09:47:39.520+0000] {processor.py:156} INFO - Started process (PID=925) to work on /home/airflow/.local/lib/python3.7/site-packages/airflow/example_dags/example_external_task_marker_dag.py
[2023-05-03T09:47:39.529+0000] {processor.py:799} INFO - Processing file /home/airflow/.local/lib/python3.7/site-packages/airflow/example_dags/example_external_task_marker_dag.py for tasks to queue
[2023-05-03T09:47:39.542+0000] {logging_mixin.py:149} INFO - [2023-05-03T09:47:39.542+0000] {dagbag.py:541} INFO - Filling up the DagBag from /home/airflow/.local/lib/python3.7/site-packages/airflow/example_dags/example_external_task_marker_dag.py
[2023-05-03T09:47:39.569+0000] {processor.py:809} INFO - DAG(s) dict_keys(['example_external_task_marker_child', 'example_external_task_marker_parent']) retrieved from /home/airflow/.local/lib/python3.7/site-packages/airflow/example_dags/example_external_task_marker_dag.py
[2023-05-03T09:47:39.710+0000] {logging_mixin.py:149} INFO - [2023-05-03T09:47:39.709+0000] {dag.py:2726} INFO - Sync 2 DAGs
[2023-05-03T09:47:39.811+0000] {logging_mixin.py:149} INFO - [2023-05-03T09:47:39.811+0000] {dag.py:3490} INFO - Setting next_dagrun for example_external_task_marker_child to None, run_after=None
[2023-05-03T09:47:39.828+0000] {logging_mixin.py:149} INFO - [2023-05-03T09:47:39.828+0000] {dag.py:3490} INFO - Setting next_dagrun for example_external_task_marker_parent to None, run_after=None
[2023-05-03T09:47:39.932+0000] {processor.py:178} INFO - Processing /home/airflow/.local/lib/python3.7/site-packages/airflow/example_dags/example_external_task_marker_dag.py took 0.417 seconds
[2023-05-03T09:48:32.883+0000] {processor.py:156} INFO - Started process (PID=1161) to work on /home/airflow/.local/lib/python3.7/site-packages/airflow/example_dags/example_external_task_marker_dag.py
[2023-05-03T09:48:32.892+0000] {processor.py:799} INFO - Processing file /home/airflow/.local/lib/python3.7/site-packages/airflow/example_dags/example_external_task_marker_dag.py for tasks to queue
[2023-05-03T09:48:32.894+0000] {logging_mixin.py:149} INFO - [2023-05-03T09:48:32.893+0000] {dagbag.py:541} INFO - Filling up the DagBag from /home/airflow/.local/lib/python3.7/site-packages/airflow/example_dags/example_external_task_marker_dag.py
[2023-05-03T09:48:32.930+0000] {processor.py:809} INFO - DAG(s) dict_keys(['example_external_task_marker_parent', 'example_external_task_marker_child']) retrieved from /home/airflow/.local/lib/python3.7/site-packages/airflow/example_dags/example_external_task_marker_dag.py
[2023-05-03T09:48:33.033+0000] {logging_mixin.py:149} INFO - [2023-05-03T09:48:33.032+0000] {dag.py:2726} INFO - Sync 2 DAGs
[2023-05-03T09:48:33.145+0000] {logging_mixin.py:149} INFO - [2023-05-03T09:48:33.145+0000] {dag.py:3490} INFO - Setting next_dagrun for example_external_task_marker_child to None, run_after=None
[2023-05-03T09:48:33.163+0000] {logging_mixin.py:149} INFO - [2023-05-03T09:48:33.162+0000] {dag.py:3490} INFO - Setting next_dagrun for example_external_task_marker_parent to None, run_after=None
[2023-05-03T09:48:33.910+0000] {processor.py:178} INFO - Processing /home/airflow/.local/lib/python3.7/site-packages/airflow/example_dags/example_external_task_marker_dag.py took 1.033 seconds
[2023-05-03T09:49:40.872+0000] {processor.py:156} INFO - Started process (PID=1418) to work on /home/airflow/.local/lib/python3.7/site-packages/airflow/example_dags/example_external_task_marker_dag.py
[2023-05-03T09:49:40.885+0000] {processor.py:799} INFO - Processing file /home/airflow/.local/lib/python3.7/site-packages/airflow/example_dags/example_external_task_marker_dag.py for tasks to queue
[2023-05-03T09:49:40.889+0000] {logging_mixin.py:149} INFO - [2023-05-03T09:49:40.889+0000] {dagbag.py:541} INFO - Filling up the DagBag from /home/airflow/.local/lib/python3.7/site-packages/airflow/example_dags/example_external_task_marker_dag.py
[2023-05-03T09:49:40.916+0000] {processor.py:809} INFO - DAG(s) dict_keys(['example_external_task_marker_child', 'example_external_task_marker_parent']) retrieved from /home/airflow/.local/lib/python3.7/site-packages/airflow/example_dags/example_external_task_marker_dag.py
[2023-05-03T09:49:41.010+0000] {logging_mixin.py:149} INFO - [2023-05-03T09:49:41.009+0000] {dag.py:2726} INFO - Sync 2 DAGs
[2023-05-03T09:49:41.111+0000] {logging_mixin.py:149} INFO - [2023-05-03T09:49:41.111+0000] {dag.py:3490} INFO - Setting next_dagrun for example_external_task_marker_child to None, run_after=None
[2023-05-03T09:49:41.127+0000] {logging_mixin.py:149} INFO - [2023-05-03T09:49:41.126+0000] {dag.py:3490} INFO - Setting next_dagrun for example_external_task_marker_parent to None, run_after=None
[2023-05-03T09:49:41.695+0000] {processor.py:178} INFO - Processing /home/airflow/.local/lib/python3.7/site-packages/airflow/example_dags/example_external_task_marker_dag.py took 0.827 seconds
[2023-05-03T09:50:12.812+0000] {processor.py:156} INFO - Started process (PID=1656) to work on /home/airflow/.local/lib/python3.7/site-packages/airflow/example_dags/example_external_task_marker_dag.py
[2023-05-03T09:50:12.815+0000] {processor.py:799} INFO - Processing file /home/airflow/.local/lib/python3.7/site-packages/airflow/example_dags/example_external_task_marker_dag.py for tasks to queue
[2023-05-03T09:50:12.817+0000] {logging_mixin.py:149} INFO - [2023-05-03T09:50:12.816+0000] {dagbag.py:541} INFO - Filling up the DagBag from /home/airflow/.local/lib/python3.7/site-packages/airflow/example_dags/example_external_task_marker_dag.py
[2023-05-03T09:50:12.827+0000] {processor.py:809} INFO - DAG(s) dict_keys(['example_external_task_marker_parent', 'example_external_task_marker_child']) retrieved from /home/airflow/.local/lib/python3.7/site-packages/airflow/example_dags/example_external_task_marker_dag.py
[2023-05-03T09:50:12.878+0000] {logging_mixin.py:149} INFO - [2023-05-03T09:50:12.877+0000] {dag.py:2726} INFO - Sync 2 DAGs
[2023-05-03T09:50:12.921+0000] {logging_mixin.py:149} INFO - [2023-05-03T09:50:12.921+0000] {dag.py:3490} INFO - Setting next_dagrun for example_external_task_marker_child to None, run_after=None
[2023-05-03T09:50:12.927+0000] {logging_mixin.py:149} INFO - [2023-05-03T09:50:12.927+0000] {dag.py:3490} INFO - Setting next_dagrun for example_external_task_marker_parent to None, run_after=None
[2023-05-03T09:50:12.959+0000] {processor.py:178} INFO - Processing /home/airflow/.local/lib/python3.7/site-packages/airflow/example_dags/example_external_task_marker_dag.py took 0.151 seconds
[2023-05-03T09:50:44.525+0000] {processor.py:156} INFO - Started process (PID=1890) to work on /home/airflow/.local/lib/python3.7/site-packages/airflow/example_dags/example_external_task_marker_dag.py
[2023-05-03T09:50:44.527+0000] {processor.py:799} INFO - Processing file /home/airflow/.local/lib/python3.7/site-packages/airflow/example_dags/example_external_task_marker_dag.py for tasks to queue
[2023-05-03T09:50:44.529+0000] {logging_mixin.py:149} INFO - [2023-05-03T09:50:44.529+0000] {dagbag.py:541} INFO - Filling up the DagBag from /home/airflow/.local/lib/python3.7/site-packages/airflow/example_dags/example_external_task_marker_dag.py
[2023-05-03T09:50:44.545+0000] {processor.py:809} INFO - DAG(s) dict_keys(['example_external_task_marker_child', 'example_external_task_marker_parent']) retrieved from /home/airflow/.local/lib/python3.7/site-packages/airflow/example_dags/example_external_task_marker_dag.py
[2023-05-03T09:50:44.625+0000] {logging_mixin.py:149} INFO - [2023-05-03T09:50:44.625+0000] {dag.py:2726} INFO - Sync 2 DAGs
[2023-05-03T09:50:44.704+0000] {logging_mixin.py:149} INFO - [2023-05-03T09:50:44.703+0000] {dag.py:3490} INFO - Setting next_dagrun for example_external_task_marker_child to None, run_after=None
[2023-05-03T09:50:44.734+0000] {logging_mixin.py:149} INFO - [2023-05-03T09:50:44.734+0000] {dag.py:3490} INFO - Setting next_dagrun for example_external_task_marker_parent to None, run_after=None
[2023-05-03T09:50:44.818+0000] {processor.py:178} INFO - Processing /home/airflow/.local/lib/python3.7/site-packages/airflow/example_dags/example_external_task_marker_dag.py took 0.299 seconds
[2023-05-03T09:52:01.575+0000] {processor.py:156} INFO - Started process (PID=2195) to work on /home/airflow/.local/lib/python3.7/site-packages/airflow/example_dags/example_external_task_marker_dag.py
[2023-05-03T09:52:01.579+0000] {processor.py:799} INFO - Processing file /home/airflow/.local/lib/python3.7/site-packages/airflow/example_dags/example_external_task_marker_dag.py for tasks to queue
[2023-05-03T09:52:01.582+0000] {logging_mixin.py:149} INFO - [2023-05-03T09:52:01.581+0000] {dagbag.py:541} INFO - Filling up the DagBag from /home/airflow/.local/lib/python3.7/site-packages/airflow/example_dags/example_external_task_marker_dag.py
[2023-05-03T09:52:01.600+0000] {processor.py:809} INFO - DAG(s) dict_keys(['example_external_task_marker_child', 'example_external_task_marker_parent']) retrieved from /home/airflow/.local/lib/python3.7/site-packages/airflow/example_dags/example_external_task_marker_dag.py
[2023-05-03T09:52:01.705+0000] {logging_mixin.py:149} INFO - [2023-05-03T09:52:01.704+0000] {dag.py:2726} INFO - Sync 2 DAGs
[2023-05-03T09:52:02.222+0000] {logging_mixin.py:149} INFO - [2023-05-03T09:52:02.222+0000] {dag.py:3490} INFO - Setting next_dagrun for example_external_task_marker_child to None, run_after=None
[2023-05-03T09:52:02.243+0000] {logging_mixin.py:149} INFO - [2023-05-03T09:52:02.242+0000] {dag.py:3490} INFO - Setting next_dagrun for example_external_task_marker_parent to None, run_after=None
[2023-05-03T09:52:02.322+0000] {processor.py:178} INFO - Processing /home/airflow/.local/lib/python3.7/site-packages/airflow/example_dags/example_external_task_marker_dag.py took 0.760 seconds
[2023-05-03T09:52:32.626+0000] {processor.py:156} INFO - Started process (PID=2433) to work on /home/airflow/.local/lib/python3.7/site-packages/airflow/example_dags/example_external_task_marker_dag.py
[2023-05-03T09:52:32.629+0000] {processor.py:799} INFO - Processing file /home/airflow/.local/lib/python3.7/site-packages/airflow/example_dags/example_external_task_marker_dag.py for tasks to queue
[2023-05-03T09:52:32.631+0000] {logging_mixin.py:149} INFO - [2023-05-03T09:52:32.630+0000] {dagbag.py:541} INFO - Filling up the DagBag from /home/airflow/.local/lib/python3.7/site-packages/airflow/example_dags/example_external_task_marker_dag.py
[2023-05-03T09:52:32.650+0000] {processor.py:809} INFO - DAG(s) dict_keys(['example_external_task_marker_parent', 'example_external_task_marker_child']) retrieved from /home/airflow/.local/lib/python3.7/site-packages/airflow/example_dags/example_external_task_marker_dag.py
[2023-05-03T09:52:32.713+0000] {logging_mixin.py:149} INFO - [2023-05-03T09:52:32.712+0000] {dag.py:2726} INFO - Sync 2 DAGs
[2023-05-03T09:52:32.771+0000] {logging_mixin.py:149} INFO - [2023-05-03T09:52:32.770+0000] {dag.py:3490} INFO - Setting next_dagrun for example_external_task_marker_child to None, run_after=None
[2023-05-03T09:52:32.780+0000] {logging_mixin.py:149} INFO - [2023-05-03T09:52:32.780+0000] {dag.py:3490} INFO - Setting next_dagrun for example_external_task_marker_parent to None, run_after=None
[2023-05-03T09:52:32.831+0000] {processor.py:178} INFO - Processing /home/airflow/.local/lib/python3.7/site-packages/airflow/example_dags/example_external_task_marker_dag.py took 0.213 seconds
[2023-05-03T09:53:03.566+0000] {processor.py:156} INFO - Started process (PID=2666) to work on /home/airflow/.local/lib/python3.7/site-packages/airflow/example_dags/example_external_task_marker_dag.py
[2023-05-03T09:53:03.569+0000] {processor.py:799} INFO - Processing file /home/airflow/.local/lib/python3.7/site-packages/airflow/example_dags/example_external_task_marker_dag.py for tasks to queue
[2023-05-03T09:53:03.571+0000] {logging_mixin.py:149} INFO - [2023-05-03T09:53:03.570+0000] {dagbag.py:541} INFO - Filling up the DagBag from /home/airflow/.local/lib/python3.7/site-packages/airflow/example_dags/example_external_task_marker_dag.py
[2023-05-03T09:53:03.587+0000] {processor.py:809} INFO - DAG(s) dict_keys(['example_external_task_marker_parent', 'example_external_task_marker_child']) retrieved from /home/airflow/.local/lib/python3.7/site-packages/airflow/example_dags/example_external_task_marker_dag.py
[2023-05-03T09:53:03.660+0000] {logging_mixin.py:149} INFO - [2023-05-03T09:53:03.656+0000] {dag.py:2726} INFO - Sync 2 DAGs
[2023-05-03T09:53:03.750+0000] {logging_mixin.py:149} INFO - [2023-05-03T09:53:03.750+0000] {dag.py:3490} INFO - Setting next_dagrun for example_external_task_marker_child to None, run_after=None
[2023-05-03T09:53:03.757+0000] {logging_mixin.py:149} INFO - [2023-05-03T09:53:03.757+0000] {dag.py:3490} INFO - Setting next_dagrun for example_external_task_marker_parent to None, run_after=None
[2023-05-03T09:53:03.805+0000] {processor.py:178} INFO - Processing /home/airflow/.local/lib/python3.7/site-packages/airflow/example_dags/example_external_task_marker_dag.py took 0.245 seconds
[2023-05-03T09:53:35.293+0000] {processor.py:156} INFO - Started process (PID=2902) to work on /home/airflow/.local/lib/python3.7/site-packages/airflow/example_dags/example_external_task_marker_dag.py
[2023-05-03T09:53:35.298+0000] {processor.py:799} INFO - Processing file /home/airflow/.local/lib/python3.7/site-packages/airflow/example_dags/example_external_task_marker_dag.py for tasks to queue
[2023-05-03T09:53:35.300+0000] {logging_mixin.py:149} INFO - [2023-05-03T09:53:35.300+0000] {dagbag.py:541} INFO - Filling up the DagBag from /home/airflow/.local/lib/python3.7/site-packages/airflow/example_dags/example_external_task_marker_dag.py
[2023-05-03T09:53:35.333+0000] {processor.py:809} INFO - DAG(s) dict_keys(['example_external_task_marker_parent', 'example_external_task_marker_child']) retrieved from /home/airflow/.local/lib/python3.7/site-packages/airflow/example_dags/example_external_task_marker_dag.py
[2023-05-03T09:53:35.413+0000] {logging_mixin.py:149} INFO - [2023-05-03T09:53:35.412+0000] {dag.py:2726} INFO - Sync 2 DAGs
[2023-05-03T09:53:35.479+0000] {logging_mixin.py:149} INFO - [2023-05-03T09:53:35.479+0000] {dag.py:3490} INFO - Setting next_dagrun for example_external_task_marker_child to None, run_after=None
[2023-05-03T09:53:35.493+0000] {logging_mixin.py:149} INFO - [2023-05-03T09:53:35.493+0000] {dag.py:3490} INFO - Setting next_dagrun for example_external_task_marker_parent to None, run_after=None
[2023-05-03T09:53:35.853+0000] {processor.py:178} INFO - Processing /home/airflow/.local/lib/python3.7/site-packages/airflow/example_dags/example_external_task_marker_dag.py took 0.573 seconds
[2023-05-03T09:54:14.689+0000] {processor.py:156} INFO - Started process (PID=3139) to work on /home/airflow/.local/lib/python3.7/site-packages/airflow/example_dags/example_external_task_marker_dag.py
[2023-05-03T09:54:14.740+0000] {processor.py:799} INFO - Processing file /home/airflow/.local/lib/python3.7/site-packages/airflow/example_dags/example_external_task_marker_dag.py for tasks to queue
[2023-05-03T09:54:14.751+0000] {logging_mixin.py:149} INFO - [2023-05-03T09:54:14.751+0000] {dagbag.py:541} INFO - Filling up the DagBag from /home/airflow/.local/lib/python3.7/site-packages/airflow/example_dags/example_external_task_marker_dag.py
[2023-05-03T09:54:14.852+0000] {processor.py:809} INFO - DAG(s) dict_keys(['example_external_task_marker_child', 'example_external_task_marker_parent']) retrieved from /home/airflow/.local/lib/python3.7/site-packages/airflow/example_dags/example_external_task_marker_dag.py
[2023-05-03T09:54:16.191+0000] {logging_mixin.py:149} INFO - [2023-05-03T09:54:16.191+0000] {dag.py:2726} INFO - Sync 2 DAGs
[2023-05-03T09:54:17.613+0000] {logging_mixin.py:149} INFO - [2023-05-03T09:54:17.613+0000] {dag.py:3490} INFO - Setting next_dagrun for example_external_task_marker_child to None, run_after=None
[2023-05-03T09:54:17.657+0000] {logging_mixin.py:149} INFO - [2023-05-03T09:54:17.657+0000] {dag.py:3490} INFO - Setting next_dagrun for example_external_task_marker_parent to None, run_after=None
[2023-05-03T09:54:18.527+0000] {processor.py:178} INFO - Processing /home/airflow/.local/lib/python3.7/site-packages/airflow/example_dags/example_external_task_marker_dag.py took 3.837 seconds
[2023-05-03T09:55:04.553+0000] {processor.py:156} INFO - Started process (PID=3427) to work on /home/airflow/.local/lib/python3.7/site-packages/airflow/example_dags/example_external_task_marker_dag.py
[2023-05-03T09:55:04.556+0000] {processor.py:799} INFO - Processing file /home/airflow/.local/lib/python3.7/site-packages/airflow/example_dags/example_external_task_marker_dag.py for tasks to queue
[2023-05-03T09:55:04.558+0000] {logging_mixin.py:149} INFO - [2023-05-03T09:55:04.557+0000] {dagbag.py:541} INFO - Filling up the DagBag from /home/airflow/.local/lib/python3.7/site-packages/airflow/example_dags/example_external_task_marker_dag.py
[2023-05-03T09:55:04.576+0000] {processor.py:809} INFO - DAG(s) dict_keys(['example_external_task_marker_parent', 'example_external_task_marker_child']) retrieved from /home/airflow/.local/lib/python3.7/site-packages/airflow/example_dags/example_external_task_marker_dag.py
[2023-05-03T09:55:04.717+0000] {logging_mixin.py:149} INFO - [2023-05-03T09:55:04.717+0000] {dag.py:2726} INFO - Sync 2 DAGs
[2023-05-03T09:55:04.787+0000] {logging_mixin.py:149} INFO - [2023-05-03T09:55:04.787+0000] {dag.py:3490} INFO - Setting next_dagrun for example_external_task_marker_child to None, run_after=None
[2023-05-03T09:55:04.803+0000] {logging_mixin.py:149} INFO - [2023-05-03T09:55:04.802+0000] {dag.py:3490} INFO - Setting next_dagrun for example_external_task_marker_parent to None, run_after=None
[2023-05-03T09:55:04.878+0000] {processor.py:178} INFO - Processing /home/airflow/.local/lib/python3.7/site-packages/airflow/example_dags/example_external_task_marker_dag.py took 0.347 seconds
[2023-05-03T09:55:41.506+0000] {processor.py:156} INFO - Started process (PID=3663) to work on /home/airflow/.local/lib/python3.7/site-packages/airflow/example_dags/example_external_task_marker_dag.py
[2023-05-03T09:55:41.511+0000] {processor.py:799} INFO - Processing file /home/airflow/.local/lib/python3.7/site-packages/airflow/example_dags/example_external_task_marker_dag.py for tasks to queue
[2023-05-03T09:55:41.528+0000] {logging_mixin.py:149} INFO - [2023-05-03T09:55:41.528+0000] {dagbag.py:541} INFO - Filling up the DagBag from /home/airflow/.local/lib/python3.7/site-packages/airflow/example_dags/example_external_task_marker_dag.py
[2023-05-03T09:55:41.562+0000] {processor.py:809} INFO - DAG(s) dict_keys(['example_external_task_marker_parent', 'example_external_task_marker_child']) retrieved from /home/airflow/.local/lib/python3.7/site-packages/airflow/example_dags/example_external_task_marker_dag.py
[2023-05-03T09:55:41.730+0000] {logging_mixin.py:149} INFO - [2023-05-03T09:55:41.729+0000] {dag.py:2726} INFO - Sync 2 DAGs
[2023-05-03T09:55:41.873+0000] {logging_mixin.py:149} INFO - [2023-05-03T09:55:41.870+0000] {dag.py:3490} INFO - Setting next_dagrun for example_external_task_marker_child to None, run_after=None
[2023-05-03T09:55:42.362+0000] {logging_mixin.py:149} INFO - [2023-05-03T09:55:42.362+0000] {dag.py:3490} INFO - Setting next_dagrun for example_external_task_marker_parent to None, run_after=None
[2023-05-03T09:55:42.435+0000] {processor.py:178} INFO - Processing /home/airflow/.local/lib/python3.7/site-packages/airflow/example_dags/example_external_task_marker_dag.py took 0.935 seconds
[2023-05-03T09:56:23.795+0000] {processor.py:156} INFO - Started process (PID=3924) to work on /home/airflow/.local/lib/python3.7/site-packages/airflow/example_dags/example_external_task_marker_dag.py
[2023-05-03T09:56:23.797+0000] {processor.py:799} INFO - Processing file /home/airflow/.local/lib/python3.7/site-packages/airflow/example_dags/example_external_task_marker_dag.py for tasks to queue
[2023-05-03T09:56:23.799+0000] {logging_mixin.py:149} INFO - [2023-05-03T09:56:23.799+0000] {dagbag.py:541} INFO - Filling up the DagBag from /home/airflow/.local/lib/python3.7/site-packages/airflow/example_dags/example_external_task_marker_dag.py
[2023-05-03T09:56:23.821+0000] {processor.py:809} INFO - DAG(s) dict_keys(['example_external_task_marker_parent', 'example_external_task_marker_child']) retrieved from /home/airflow/.local/lib/python3.7/site-packages/airflow/example_dags/example_external_task_marker_dag.py
[2023-05-03T09:56:23.948+0000] {logging_mixin.py:149} INFO - [2023-05-03T09:56:23.948+0000] {dag.py:2726} INFO - Sync 2 DAGs
[2023-05-03T09:56:24.021+0000] {logging_mixin.py:149} INFO - [2023-05-03T09:56:24.020+0000] {dag.py:3490} INFO - Setting next_dagrun for example_external_task_marker_child to None, run_after=None
[2023-05-03T09:56:24.041+0000] {logging_mixin.py:149} INFO - [2023-05-03T09:56:24.041+0000] {dag.py:3490} INFO - Setting next_dagrun for example_external_task_marker_parent to None, run_after=None
[2023-05-03T09:56:24.125+0000] {processor.py:178} INFO - Processing /home/airflow/.local/lib/python3.7/site-packages/airflow/example_dags/example_external_task_marker_dag.py took 0.335 seconds
[2023-05-03T09:56:56.606+0000] {processor.py:156} INFO - Started process (PID=4159) to work on /home/airflow/.local/lib/python3.7/site-packages/airflow/example_dags/example_external_task_marker_dag.py
[2023-05-03T09:56:56.608+0000] {processor.py:799} INFO - Processing file /home/airflow/.local/lib/python3.7/site-packages/airflow/example_dags/example_external_task_marker_dag.py for tasks to queue
[2023-05-03T09:56:56.610+0000] {logging_mixin.py:149} INFO - [2023-05-03T09:56:56.610+0000] {dagbag.py:541} INFO - Filling up the DagBag from /home/airflow/.local/lib/python3.7/site-packages/airflow/example_dags/example_external_task_marker_dag.py
[2023-05-03T09:56:56.627+0000] {processor.py:809} INFO - DAG(s) dict_keys(['example_external_task_marker_parent', 'example_external_task_marker_child']) retrieved from /home/airflow/.local/lib/python3.7/site-packages/airflow/example_dags/example_external_task_marker_dag.py
[2023-05-03T09:56:56.731+0000] {logging_mixin.py:149} INFO - [2023-05-03T09:56:56.731+0000] {dag.py:2726} INFO - Sync 2 DAGs
[2023-05-03T09:56:57.093+0000] {logging_mixin.py:149} INFO - [2023-05-03T09:56:57.093+0000] {dag.py:3490} INFO - Setting next_dagrun for example_external_task_marker_child to None, run_after=None
[2023-05-03T09:56:57.107+0000] {logging_mixin.py:149} INFO - [2023-05-03T09:56:57.103+0000] {dag.py:3490} INFO - Setting next_dagrun for example_external_task_marker_parent to None, run_after=None
[2023-05-03T09:56:57.191+0000] {processor.py:178} INFO - Processing /home/airflow/.local/lib/python3.7/site-packages/airflow/example_dags/example_external_task_marker_dag.py took 0.593 seconds
[2023-05-03T09:57:41.887+0000] {processor.py:156} INFO - Started process (PID=4426) to work on /home/airflow/.local/lib/python3.7/site-packages/airflow/example_dags/example_external_task_marker_dag.py
[2023-05-03T09:57:41.898+0000] {processor.py:799} INFO - Processing file /home/airflow/.local/lib/python3.7/site-packages/airflow/example_dags/example_external_task_marker_dag.py for tasks to queue
[2023-05-03T09:57:41.908+0000] {logging_mixin.py:149} INFO - [2023-05-03T09:57:41.908+0000] {dagbag.py:541} INFO - Filling up the DagBag from /home/airflow/.local/lib/python3.7/site-packages/airflow/example_dags/example_external_task_marker_dag.py
[2023-05-03T09:57:41.940+0000] {processor.py:809} INFO - DAG(s) dict_keys(['example_external_task_marker_child', 'example_external_task_marker_parent']) retrieved from /home/airflow/.local/lib/python3.7/site-packages/airflow/example_dags/example_external_task_marker_dag.py
[2023-05-03T09:57:42.451+0000] {logging_mixin.py:149} INFO - [2023-05-03T09:57:42.451+0000] {dag.py:2726} INFO - Sync 2 DAGs
[2023-05-03T09:57:43.343+0000] {logging_mixin.py:149} INFO - [2023-05-03T09:57:43.342+0000] {dag.py:3490} INFO - Setting next_dagrun for example_external_task_marker_child to None, run_after=None
[2023-05-03T09:57:43.358+0000] {logging_mixin.py:149} INFO - [2023-05-03T09:57:43.358+0000] {dag.py:3490} INFO - Setting next_dagrun for example_external_task_marker_parent to None, run_after=None
[2023-05-03T09:57:43.515+0000] {processor.py:178} INFO - Processing /home/airflow/.local/lib/python3.7/site-packages/airflow/example_dags/example_external_task_marker_dag.py took 1.638 seconds
[2023-05-03T09:58:13.695+0000] {processor.py:156} INFO - Started process (PID=4664) to work on /home/airflow/.local/lib/python3.7/site-packages/airflow/example_dags/example_external_task_marker_dag.py
[2023-05-03T09:58:13.698+0000] {processor.py:799} INFO - Processing file /home/airflow/.local/lib/python3.7/site-packages/airflow/example_dags/example_external_task_marker_dag.py for tasks to queue
[2023-05-03T09:58:13.699+0000] {logging_mixin.py:149} INFO - [2023-05-03T09:58:13.699+0000] {dagbag.py:541} INFO - Filling up the DagBag from /home/airflow/.local/lib/python3.7/site-packages/airflow/example_dags/example_external_task_marker_dag.py
[2023-05-03T09:58:13.708+0000] {processor.py:809} INFO - DAG(s) dict_keys(['example_external_task_marker_parent', 'example_external_task_marker_child']) retrieved from /home/airflow/.local/lib/python3.7/site-packages/airflow/example_dags/example_external_task_marker_dag.py
[2023-05-03T09:58:13.991+0000] {logging_mixin.py:149} INFO - [2023-05-03T09:58:13.991+0000] {dag.py:2726} INFO - Sync 2 DAGs
[2023-05-03T09:58:14.039+0000] {logging_mixin.py:149} INFO - [2023-05-03T09:58:14.039+0000] {dag.py:3490} INFO - Setting next_dagrun for example_external_task_marker_child to None, run_after=None
[2023-05-03T09:58:14.045+0000] {logging_mixin.py:149} INFO - [2023-05-03T09:58:14.045+0000] {dag.py:3490} INFO - Setting next_dagrun for example_external_task_marker_parent to None, run_after=None
[2023-05-03T09:58:14.098+0000] {processor.py:178} INFO - Processing /home/airflow/.local/lib/python3.7/site-packages/airflow/example_dags/example_external_task_marker_dag.py took 0.407 seconds
[2023-05-03T09:58:44.273+0000] {processor.py:156} INFO - Started process (PID=4901) to work on /home/airflow/.local/lib/python3.7/site-packages/airflow/example_dags/example_external_task_marker_dag.py
[2023-05-03T09:58:44.274+0000] {processor.py:799} INFO - Processing file /home/airflow/.local/lib/python3.7/site-packages/airflow/example_dags/example_external_task_marker_dag.py for tasks to queue
[2023-05-03T09:58:44.276+0000] {logging_mixin.py:149} INFO - [2023-05-03T09:58:44.276+0000] {dagbag.py:541} INFO - Filling up the DagBag from /home/airflow/.local/lib/python3.7/site-packages/airflow/example_dags/example_external_task_marker_dag.py
[2023-05-03T09:58:44.285+0000] {processor.py:809} INFO - DAG(s) dict_keys(['example_external_task_marker_parent', 'example_external_task_marker_child']) retrieved from /home/airflow/.local/lib/python3.7/site-packages/airflow/example_dags/example_external_task_marker_dag.py
[2023-05-03T09:58:44.328+0000] {logging_mixin.py:149} INFO - [2023-05-03T09:58:44.328+0000] {dag.py:2726} INFO - Sync 2 DAGs
[2023-05-03T09:58:44.368+0000] {logging_mixin.py:149} INFO - [2023-05-03T09:58:44.368+0000] {dag.py:3490} INFO - Setting next_dagrun for example_external_task_marker_child to None, run_after=None
[2023-05-03T09:58:44.375+0000] {logging_mixin.py:149} INFO - [2023-05-03T09:58:44.374+0000] {dag.py:3490} INFO - Setting next_dagrun for example_external_task_marker_parent to None, run_after=None
[2023-05-03T09:58:44.572+0000] {processor.py:178} INFO - Processing /home/airflow/.local/lib/python3.7/site-packages/airflow/example_dags/example_external_task_marker_dag.py took 0.304 seconds
[2023-05-03T09:59:14.698+0000] {processor.py:156} INFO - Started process (PID=5135) to work on /home/airflow/.local/lib/python3.7/site-packages/airflow/example_dags/example_external_task_marker_dag.py
[2023-05-03T09:59:14.700+0000] {processor.py:799} INFO - Processing file /home/airflow/.local/lib/python3.7/site-packages/airflow/example_dags/example_external_task_marker_dag.py for tasks to queue
[2023-05-03T09:59:14.702+0000] {logging_mixin.py:149} INFO - [2023-05-03T09:59:14.702+0000] {dagbag.py:541} INFO - Filling up the DagBag from /home/airflow/.local/lib/python3.7/site-packages/airflow/example_dags/example_external_task_marker_dag.py
[2023-05-03T09:59:14.716+0000] {processor.py:809} INFO - DAG(s) dict_keys(['example_external_task_marker_parent', 'example_external_task_marker_child']) retrieved from /home/airflow/.local/lib/python3.7/site-packages/airflow/example_dags/example_external_task_marker_dag.py
[2023-05-03T09:59:15.050+0000] {logging_mixin.py:149} INFO - [2023-05-03T09:59:15.050+0000] {dag.py:2726} INFO - Sync 2 DAGs
[2023-05-03T09:59:15.113+0000] {logging_mixin.py:149} INFO - [2023-05-03T09:59:15.113+0000] {dag.py:3490} INFO - Setting next_dagrun for example_external_task_marker_child to None, run_after=None
[2023-05-03T09:59:15.120+0000] {logging_mixin.py:149} INFO - [2023-05-03T09:59:15.120+0000] {dag.py:3490} INFO - Setting next_dagrun for example_external_task_marker_parent to None, run_after=None
[2023-05-03T09:59:15.170+0000] {processor.py:178} INFO - Processing /home/airflow/.local/lib/python3.7/site-packages/airflow/example_dags/example_external_task_marker_dag.py took 0.475 seconds
[2023-05-03T09:59:45.273+0000] {processor.py:156} INFO - Started process (PID=5368) to work on /home/airflow/.local/lib/python3.7/site-packages/airflow/example_dags/example_external_task_marker_dag.py
[2023-05-03T09:59:45.275+0000] {processor.py:799} INFO - Processing file /home/airflow/.local/lib/python3.7/site-packages/airflow/example_dags/example_external_task_marker_dag.py for tasks to queue
[2023-05-03T09:59:45.277+0000] {logging_mixin.py:149} INFO - [2023-05-03T09:59:45.276+0000] {dagbag.py:541} INFO - Filling up the DagBag from /home/airflow/.local/lib/python3.7/site-packages/airflow/example_dags/example_external_task_marker_dag.py
[2023-05-03T09:59:45.287+0000] {processor.py:809} INFO - DAG(s) dict_keys(['example_external_task_marker_parent', 'example_external_task_marker_child']) retrieved from /home/airflow/.local/lib/python3.7/site-packages/airflow/example_dags/example_external_task_marker_dag.py
[2023-05-03T09:59:45.332+0000] {logging_mixin.py:149} INFO - [2023-05-03T09:59:45.331+0000] {dag.py:2726} INFO - Sync 2 DAGs
[2023-05-03T09:59:45.372+0000] {logging_mixin.py:149} INFO - [2023-05-03T09:59:45.372+0000] {dag.py:3490} INFO - Setting next_dagrun for example_external_task_marker_child to None, run_after=None
[2023-05-03T09:59:45.378+0000] {logging_mixin.py:149} INFO - [2023-05-03T09:59:45.377+0000] {dag.py:3490} INFO - Setting next_dagrun for example_external_task_marker_parent to None, run_after=None
[2023-05-03T09:59:45.407+0000] {processor.py:178} INFO - Processing /home/airflow/.local/lib/python3.7/site-packages/airflow/example_dags/example_external_task_marker_dag.py took 0.138 seconds
[2023-05-03T10:00:15.756+0000] {processor.py:156} INFO - Started process (PID=5604) to work on /home/airflow/.local/lib/python3.7/site-packages/airflow/example_dags/example_external_task_marker_dag.py
[2023-05-03T10:00:15.757+0000] {processor.py:799} INFO - Processing file /home/airflow/.local/lib/python3.7/site-packages/airflow/example_dags/example_external_task_marker_dag.py for tasks to queue
[2023-05-03T10:00:15.759+0000] {logging_mixin.py:149} INFO - [2023-05-03T10:00:15.759+0000] {dagbag.py:541} INFO - Filling up the DagBag from /home/airflow/.local/lib/python3.7/site-packages/airflow/example_dags/example_external_task_marker_dag.py
[2023-05-03T10:00:15.768+0000] {processor.py:809} INFO - DAG(s) dict_keys(['example_external_task_marker_child', 'example_external_task_marker_parent']) retrieved from /home/airflow/.local/lib/python3.7/site-packages/airflow/example_dags/example_external_task_marker_dag.py
[2023-05-03T10:00:15.817+0000] {logging_mixin.py:149} INFO - [2023-05-03T10:00:15.817+0000] {dag.py:2726} INFO - Sync 2 DAGs
[2023-05-03T10:00:15.859+0000] {logging_mixin.py:149} INFO - [2023-05-03T10:00:15.859+0000] {dag.py:3490} INFO - Setting next_dagrun for example_external_task_marker_child to None, run_after=None
[2023-05-03T10:00:15.866+0000] {logging_mixin.py:149} INFO - [2023-05-03T10:00:15.866+0000] {dag.py:3490} INFO - Setting next_dagrun for example_external_task_marker_parent to None, run_after=None
[2023-05-03T10:00:15.897+0000] {processor.py:178} INFO - Processing /home/airflow/.local/lib/python3.7/site-packages/airflow/example_dags/example_external_task_marker_dag.py took 0.146 seconds
[2023-05-03T10:00:46.669+0000] {processor.py:156} INFO - Started process (PID=5843) to work on /home/airflow/.local/lib/python3.7/site-packages/airflow/example_dags/example_external_task_marker_dag.py
[2023-05-03T10:00:46.671+0000] {processor.py:799} INFO - Processing file /home/airflow/.local/lib/python3.7/site-packages/airflow/example_dags/example_external_task_marker_dag.py for tasks to queue
[2023-05-03T10:00:46.676+0000] {logging_mixin.py:149} INFO - [2023-05-03T10:00:46.675+0000] {dagbag.py:541} INFO - Filling up the DagBag from /home/airflow/.local/lib/python3.7/site-packages/airflow/example_dags/example_external_task_marker_dag.py
[2023-05-03T10:00:46.687+0000] {processor.py:809} INFO - DAG(s) dict_keys(['example_external_task_marker_parent', 'example_external_task_marker_child']) retrieved from /home/airflow/.local/lib/python3.7/site-packages/airflow/example_dags/example_external_task_marker_dag.py
[2023-05-03T10:00:46.794+0000] {logging_mixin.py:149} INFO - [2023-05-03T10:00:46.794+0000] {dag.py:2726} INFO - Sync 2 DAGs
[2023-05-03T10:00:46.872+0000] {logging_mixin.py:149} INFO - [2023-05-03T10:00:46.872+0000] {dag.py:3490} INFO - Setting next_dagrun for example_external_task_marker_child to None, run_after=None
[2023-05-03T10:00:46.883+0000] {logging_mixin.py:149} INFO - [2023-05-03T10:00:46.882+0000] {dag.py:3490} INFO - Setting next_dagrun for example_external_task_marker_parent to None, run_after=None
[2023-05-03T10:00:46.934+0000] {processor.py:178} INFO - Processing /home/airflow/.local/lib/python3.7/site-packages/airflow/example_dags/example_external_task_marker_dag.py took 0.270 seconds
[2023-05-03T10:01:17.636+0000] {processor.py:156} INFO - Started process (PID=6079) to work on /home/airflow/.local/lib/python3.7/site-packages/airflow/example_dags/example_external_task_marker_dag.py
[2023-05-03T10:01:17.638+0000] {processor.py:799} INFO - Processing file /home/airflow/.local/lib/python3.7/site-packages/airflow/example_dags/example_external_task_marker_dag.py for tasks to queue
[2023-05-03T10:01:17.640+0000] {logging_mixin.py:149} INFO - [2023-05-03T10:01:17.639+0000] {dagbag.py:541} INFO - Filling up the DagBag from /home/airflow/.local/lib/python3.7/site-packages/airflow/example_dags/example_external_task_marker_dag.py
[2023-05-03T10:01:17.651+0000] {processor.py:809} INFO - DAG(s) dict_keys(['example_external_task_marker_child', 'example_external_task_marker_parent']) retrieved from /home/airflow/.local/lib/python3.7/site-packages/airflow/example_dags/example_external_task_marker_dag.py
[2023-05-03T10:01:17.707+0000] {logging_mixin.py:149} INFO - [2023-05-03T10:01:17.707+0000] {dag.py:2726} INFO - Sync 2 DAGs
[2023-05-03T10:01:17.783+0000] {logging_mixin.py:149} INFO - [2023-05-03T10:01:17.782+0000] {dag.py:3490} INFO - Setting next_dagrun for example_external_task_marker_child to None, run_after=None
[2023-05-03T10:01:17.800+0000] {logging_mixin.py:149} INFO - [2023-05-03T10:01:17.799+0000] {dag.py:3490} INFO - Setting next_dagrun for example_external_task_marker_parent to None, run_after=None
[2023-05-03T10:01:17.858+0000] {processor.py:178} INFO - Processing /home/airflow/.local/lib/python3.7/site-packages/airflow/example_dags/example_external_task_marker_dag.py took 0.231 seconds
[2023-05-03T10:01:48.091+0000] {processor.py:156} INFO - Started process (PID=6312) to work on /home/airflow/.local/lib/python3.7/site-packages/airflow/example_dags/example_external_task_marker_dag.py
[2023-05-03T10:01:48.095+0000] {processor.py:799} INFO - Processing file /home/airflow/.local/lib/python3.7/site-packages/airflow/example_dags/example_external_task_marker_dag.py for tasks to queue
[2023-05-03T10:01:48.099+0000] {logging_mixin.py:149} INFO - [2023-05-03T10:01:48.098+0000] {dagbag.py:541} INFO - Filling up the DagBag from /home/airflow/.local/lib/python3.7/site-packages/airflow/example_dags/example_external_task_marker_dag.py
[2023-05-03T10:01:48.118+0000] {processor.py:809} INFO - DAG(s) dict_keys(['example_external_task_marker_parent', 'example_external_task_marker_child']) retrieved from /home/airflow/.local/lib/python3.7/site-packages/airflow/example_dags/example_external_task_marker_dag.py
[2023-05-03T10:01:48.198+0000] {logging_mixin.py:149} INFO - [2023-05-03T10:01:48.198+0000] {dag.py:2726} INFO - Sync 2 DAGs
[2023-05-03T10:01:48.274+0000] {logging_mixin.py:149} INFO - [2023-05-03T10:01:48.274+0000] {dag.py:3490} INFO - Setting next_dagrun for example_external_task_marker_child to None, run_after=None
[2023-05-03T10:01:48.305+0000] {logging_mixin.py:149} INFO - [2023-05-03T10:01:48.305+0000] {dag.py:3490} INFO - Setting next_dagrun for example_external_task_marker_parent to None, run_after=None
[2023-05-03T10:01:48.378+0000] {processor.py:178} INFO - Processing /home/airflow/.local/lib/python3.7/site-packages/airflow/example_dags/example_external_task_marker_dag.py took 0.291 seconds
[2023-05-03T10:46:08.085+0000] {processor.py:156} INFO - Started process (PID=6558) to work on /home/airflow/.local/lib/python3.7/site-packages/airflow/example_dags/example_external_task_marker_dag.py
[2023-05-03T10:46:08.088+0000] {processor.py:799} INFO - Processing file /home/airflow/.local/lib/python3.7/site-packages/airflow/example_dags/example_external_task_marker_dag.py for tasks to queue
[2023-05-03T10:46:08.090+0000] {logging_mixin.py:149} INFO - [2023-05-03T10:46:08.090+0000] {dagbag.py:541} INFO - Filling up the DagBag from /home/airflow/.local/lib/python3.7/site-packages/airflow/example_dags/example_external_task_marker_dag.py
[2023-05-03T10:46:08.123+0000] {processor.py:809} INFO - DAG(s) dict_keys(['example_external_task_marker_parent', 'example_external_task_marker_child']) retrieved from /home/airflow/.local/lib/python3.7/site-packages/airflow/example_dags/example_external_task_marker_dag.py
[2023-05-03T10:46:08.260+0000] {logging_mixin.py:149} INFO - [2023-05-03T10:46:08.260+0000] {dag.py:2726} INFO - Sync 2 DAGs
[2023-05-03T10:46:08.423+0000] {logging_mixin.py:149} INFO - [2023-05-03T10:46:08.423+0000] {dag.py:3490} INFO - Setting next_dagrun for example_external_task_marker_child to None, run_after=None
[2023-05-03T10:46:08.444+0000] {logging_mixin.py:149} INFO - [2023-05-03T10:46:08.444+0000] {dag.py:3490} INFO - Setting next_dagrun for example_external_task_marker_parent to None, run_after=None
[2023-05-03T10:46:08.574+0000] {processor.py:178} INFO - Processing /home/airflow/.local/lib/python3.7/site-packages/airflow/example_dags/example_external_task_marker_dag.py took 0.505 seconds
[2023-05-03T10:47:53.143+0000] {processor.py:156} INFO - Started process (PID=6916) to work on /home/airflow/.local/lib/python3.7/site-packages/airflow/example_dags/example_external_task_marker_dag.py
[2023-05-03T10:47:53.150+0000] {processor.py:799} INFO - Processing file /home/airflow/.local/lib/python3.7/site-packages/airflow/example_dags/example_external_task_marker_dag.py for tasks to queue
[2023-05-03T10:47:53.155+0000] {logging_mixin.py:149} INFO - [2023-05-03T10:47:53.155+0000] {dagbag.py:541} INFO - Filling up the DagBag from /home/airflow/.local/lib/python3.7/site-packages/airflow/example_dags/example_external_task_marker_dag.py
[2023-05-03T10:47:53.188+0000] {processor.py:809} INFO - DAG(s) dict_keys(['example_external_task_marker_parent', 'example_external_task_marker_child']) retrieved from /home/airflow/.local/lib/python3.7/site-packages/airflow/example_dags/example_external_task_marker_dag.py
[2023-05-03T10:47:53.253+0000] {logging_mixin.py:149} INFO - [2023-05-03T10:47:53.253+0000] {dag.py:2726} INFO - Sync 2 DAGs
[2023-05-03T10:47:53.347+0000] {logging_mixin.py:149} INFO - [2023-05-03T10:47:53.347+0000] {dag.py:3490} INFO - Setting next_dagrun for example_external_task_marker_child to None, run_after=None
[2023-05-03T10:47:53.369+0000] {logging_mixin.py:149} INFO - [2023-05-03T10:47:53.369+0000] {dag.py:3490} INFO - Setting next_dagrun for example_external_task_marker_parent to None, run_after=None
[2023-05-03T10:47:53.427+0000] {processor.py:178} INFO - Processing /home/airflow/.local/lib/python3.7/site-packages/airflow/example_dags/example_external_task_marker_dag.py took 0.289 seconds
[2023-05-03T10:48:23.591+0000] {processor.py:156} INFO - Started process (PID=7147) to work on /home/airflow/.local/lib/python3.7/site-packages/airflow/example_dags/example_external_task_marker_dag.py
[2023-05-03T10:48:23.597+0000] {processor.py:799} INFO - Processing file /home/airflow/.local/lib/python3.7/site-packages/airflow/example_dags/example_external_task_marker_dag.py for tasks to queue
[2023-05-03T10:48:23.618+0000] {logging_mixin.py:149} INFO - [2023-05-03T10:48:23.614+0000] {dagbag.py:541} INFO - Filling up the DagBag from /home/airflow/.local/lib/python3.7/site-packages/airflow/example_dags/example_external_task_marker_dag.py
[2023-05-03T10:48:23.658+0000] {processor.py:809} INFO - DAG(s) dict_keys(['example_external_task_marker_child', 'example_external_task_marker_parent']) retrieved from /home/airflow/.local/lib/python3.7/site-packages/airflow/example_dags/example_external_task_marker_dag.py
[2023-05-03T10:48:23.777+0000] {logging_mixin.py:149} INFO - [2023-05-03T10:48:23.777+0000] {dag.py:2726} INFO - Sync 2 DAGs
[2023-05-03T10:48:23.900+0000] {logging_mixin.py:149} INFO - [2023-05-03T10:48:23.900+0000] {dag.py:3490} INFO - Setting next_dagrun for example_external_task_marker_child to None, run_after=None
[2023-05-03T10:48:23.912+0000] {logging_mixin.py:149} INFO - [2023-05-03T10:48:23.911+0000] {dag.py:3490} INFO - Setting next_dagrun for example_external_task_marker_parent to None, run_after=None
[2023-05-03T10:48:23.994+0000] {processor.py:178} INFO - Processing /home/airflow/.local/lib/python3.7/site-packages/airflow/example_dags/example_external_task_marker_dag.py took 0.408 seconds
[2023-05-03T10:48:54.264+0000] {processor.py:156} INFO - Started process (PID=7383) to work on /home/airflow/.local/lib/python3.7/site-packages/airflow/example_dags/example_external_task_marker_dag.py
[2023-05-03T10:48:54.269+0000] {processor.py:799} INFO - Processing file /home/airflow/.local/lib/python3.7/site-packages/airflow/example_dags/example_external_task_marker_dag.py for tasks to queue
[2023-05-03T10:48:54.278+0000] {logging_mixin.py:149} INFO - [2023-05-03T10:48:54.278+0000] {dagbag.py:541} INFO - Filling up the DagBag from /home/airflow/.local/lib/python3.7/site-packages/airflow/example_dags/example_external_task_marker_dag.py
[2023-05-03T10:48:54.319+0000] {processor.py:809} INFO - DAG(s) dict_keys(['example_external_task_marker_parent', 'example_external_task_marker_child']) retrieved from /home/airflow/.local/lib/python3.7/site-packages/airflow/example_dags/example_external_task_marker_dag.py
[2023-05-03T10:48:54.408+0000] {logging_mixin.py:149} INFO - [2023-05-03T10:48:54.408+0000] {dag.py:2726} INFO - Sync 2 DAGs
[2023-05-03T10:48:54.499+0000] {logging_mixin.py:149} INFO - [2023-05-03T10:48:54.499+0000] {dag.py:3490} INFO - Setting next_dagrun for example_external_task_marker_child to None, run_after=None
[2023-05-03T10:48:54.516+0000] {logging_mixin.py:149} INFO - [2023-05-03T10:48:54.515+0000] {dag.py:3490} INFO - Setting next_dagrun for example_external_task_marker_parent to None, run_after=None
[2023-05-03T10:48:54.624+0000] {processor.py:178} INFO - Processing /home/airflow/.local/lib/python3.7/site-packages/airflow/example_dags/example_external_task_marker_dag.py took 0.368 seconds
[2023-05-03T10:49:27.777+0000] {processor.py:156} INFO - Started process (PID=7626) to work on /home/airflow/.local/lib/python3.7/site-packages/airflow/example_dags/example_external_task_marker_dag.py
[2023-05-03T10:49:27.789+0000] {processor.py:799} INFO - Processing file /home/airflow/.local/lib/python3.7/site-packages/airflow/example_dags/example_external_task_marker_dag.py for tasks to queue
[2023-05-03T10:49:27.803+0000] {logging_mixin.py:149} INFO - [2023-05-03T10:49:27.803+0000] {dagbag.py:541} INFO - Filling up the DagBag from /home/airflow/.local/lib/python3.7/site-packages/airflow/example_dags/example_external_task_marker_dag.py
[2023-05-03T10:49:27.834+0000] {processor.py:809} INFO - DAG(s) dict_keys(['example_external_task_marker_child', 'example_external_task_marker_parent']) retrieved from /home/airflow/.local/lib/python3.7/site-packages/airflow/example_dags/example_external_task_marker_dag.py
[2023-05-03T10:49:28.068+0000] {logging_mixin.py:149} INFO - [2023-05-03T10:49:28.068+0000] {dag.py:2726} INFO - Sync 2 DAGs
[2023-05-03T10:49:28.716+0000] {logging_mixin.py:149} INFO - [2023-05-03T10:49:28.710+0000] {dag.py:3490} INFO - Setting next_dagrun for example_external_task_marker_child to None, run_after=None
[2023-05-03T10:49:28.732+0000] {logging_mixin.py:149} INFO - [2023-05-03T10:49:28.732+0000] {dag.py:3490} INFO - Setting next_dagrun for example_external_task_marker_parent to None, run_after=None
[2023-05-03T10:49:28.845+0000] {processor.py:178} INFO - Processing /home/airflow/.local/lib/python3.7/site-packages/airflow/example_dags/example_external_task_marker_dag.py took 1.071 seconds
[2023-05-03T10:50:04.101+0000] {processor.py:156} INFO - Started process (PID=7872) to work on /home/airflow/.local/lib/python3.7/site-packages/airflow/example_dags/example_external_task_marker_dag.py
[2023-05-03T10:50:04.104+0000] {processor.py:799} INFO - Processing file /home/airflow/.local/lib/python3.7/site-packages/airflow/example_dags/example_external_task_marker_dag.py for tasks to queue
[2023-05-03T10:50:04.115+0000] {logging_mixin.py:149} INFO - [2023-05-03T10:50:04.114+0000] {dagbag.py:541} INFO - Filling up the DagBag from /home/airflow/.local/lib/python3.7/site-packages/airflow/example_dags/example_external_task_marker_dag.py
[2023-05-03T10:50:04.137+0000] {processor.py:809} INFO - DAG(s) dict_keys(['example_external_task_marker_parent', 'example_external_task_marker_child']) retrieved from /home/airflow/.local/lib/python3.7/site-packages/airflow/example_dags/example_external_task_marker_dag.py
[2023-05-03T10:50:04.258+0000] {logging_mixin.py:149} INFO - [2023-05-03T10:50:04.258+0000] {dag.py:2726} INFO - Sync 2 DAGs
[2023-05-03T10:50:04.361+0000] {logging_mixin.py:149} INFO - [2023-05-03T10:50:04.361+0000] {dag.py:3490} INFO - Setting next_dagrun for example_external_task_marker_child to None, run_after=None
[2023-05-03T10:50:04.382+0000] {logging_mixin.py:149} INFO - [2023-05-03T10:50:04.381+0000] {dag.py:3490} INFO - Setting next_dagrun for example_external_task_marker_parent to None, run_after=None
[2023-05-03T10:50:04.502+0000] {processor.py:178} INFO - Processing /home/airflow/.local/lib/python3.7/site-packages/airflow/example_dags/example_external_task_marker_dag.py took 0.406 seconds
[2023-05-03T10:50:37.252+0000] {processor.py:156} INFO - Started process (PID=8107) to work on /home/airflow/.local/lib/python3.7/site-packages/airflow/example_dags/example_external_task_marker_dag.py
[2023-05-03T10:50:37.255+0000] {processor.py:799} INFO - Processing file /home/airflow/.local/lib/python3.7/site-packages/airflow/example_dags/example_external_task_marker_dag.py for tasks to queue
[2023-05-03T10:50:37.257+0000] {logging_mixin.py:149} INFO - [2023-05-03T10:50:37.256+0000] {dagbag.py:541} INFO - Filling up the DagBag from /home/airflow/.local/lib/python3.7/site-packages/airflow/example_dags/example_external_task_marker_dag.py
[2023-05-03T10:50:37.275+0000] {processor.py:809} INFO - DAG(s) dict_keys(['example_external_task_marker_parent', 'example_external_task_marker_child']) retrieved from /home/airflow/.local/lib/python3.7/site-packages/airflow/example_dags/example_external_task_marker_dag.py
[2023-05-03T10:50:37.358+0000] {logging_mixin.py:149} INFO - [2023-05-03T10:50:37.357+0000] {dag.py:2726} INFO - Sync 2 DAGs
[2023-05-03T10:50:37.430+0000] {logging_mixin.py:149} INFO - [2023-05-03T10:50:37.430+0000] {dag.py:3490} INFO - Setting next_dagrun for example_external_task_marker_child to None, run_after=None
[2023-05-03T10:50:37.445+0000] {logging_mixin.py:149} INFO - [2023-05-03T10:50:37.445+0000] {dag.py:3490} INFO - Setting next_dagrun for example_external_task_marker_parent to None, run_after=None
[2023-05-03T10:50:37.493+0000] {processor.py:178} INFO - Processing /home/airflow/.local/lib/python3.7/site-packages/airflow/example_dags/example_external_task_marker_dag.py took 0.256 seconds
[2023-05-03T10:51:09.335+0000] {processor.py:156} INFO - Started process (PID=8352) to work on /home/airflow/.local/lib/python3.7/site-packages/airflow/example_dags/example_external_task_marker_dag.py
[2023-05-03T10:51:09.340+0000] {processor.py:799} INFO - Processing file /home/airflow/.local/lib/python3.7/site-packages/airflow/example_dags/example_external_task_marker_dag.py for tasks to queue
[2023-05-03T10:51:09.342+0000] {logging_mixin.py:149} INFO - [2023-05-03T10:51:09.341+0000] {dagbag.py:541} INFO - Filling up the DagBag from /home/airflow/.local/lib/python3.7/site-packages/airflow/example_dags/example_external_task_marker_dag.py
[2023-05-03T10:51:09.360+0000] {processor.py:809} INFO - DAG(s) dict_keys(['example_external_task_marker_parent', 'example_external_task_marker_child']) retrieved from /home/airflow/.local/lib/python3.7/site-packages/airflow/example_dags/example_external_task_marker_dag.py
[2023-05-03T10:51:09.505+0000] {logging_mixin.py:149} INFO - [2023-05-03T10:51:09.503+0000] {dag.py:2726} INFO - Sync 2 DAGs
[2023-05-03T10:51:09.576+0000] {logging_mixin.py:149} INFO - [2023-05-03T10:51:09.576+0000] {dag.py:3490} INFO - Setting next_dagrun for example_external_task_marker_child to None, run_after=None
[2023-05-03T10:51:09.592+0000] {logging_mixin.py:149} INFO - [2023-05-03T10:51:09.592+0000] {dag.py:3490} INFO - Setting next_dagrun for example_external_task_marker_parent to None, run_after=None
[2023-05-03T10:51:09.670+0000] {processor.py:178} INFO - Processing /home/airflow/.local/lib/python3.7/site-packages/airflow/example_dags/example_external_task_marker_dag.py took 0.345 seconds
[2023-05-03T10:51:40.082+0000] {processor.py:156} INFO - Started process (PID=8588) to work on /home/airflow/.local/lib/python3.7/site-packages/airflow/example_dags/example_external_task_marker_dag.py
[2023-05-03T10:51:40.092+0000] {processor.py:799} INFO - Processing file /home/airflow/.local/lib/python3.7/site-packages/airflow/example_dags/example_external_task_marker_dag.py for tasks to queue
[2023-05-03T10:51:40.110+0000] {logging_mixin.py:149} INFO - [2023-05-03T10:51:40.110+0000] {dagbag.py:541} INFO - Filling up the DagBag from /home/airflow/.local/lib/python3.7/site-packages/airflow/example_dags/example_external_task_marker_dag.py
[2023-05-03T10:51:40.121+0000] {processor.py:809} INFO - DAG(s) dict_keys(['example_external_task_marker_child', 'example_external_task_marker_parent']) retrieved from /home/airflow/.local/lib/python3.7/site-packages/airflow/example_dags/example_external_task_marker_dag.py
[2023-05-03T10:51:40.255+0000] {logging_mixin.py:149} INFO - [2023-05-03T10:51:40.254+0000] {dag.py:2726} INFO - Sync 2 DAGs
[2023-05-03T10:51:40.341+0000] {logging_mixin.py:149} INFO - [2023-05-03T10:51:40.340+0000] {dag.py:3490} INFO - Setting next_dagrun for example_external_task_marker_child to None, run_after=None
[2023-05-03T10:51:40.353+0000] {logging_mixin.py:149} INFO - [2023-05-03T10:51:40.352+0000] {dag.py:3490} INFO - Setting next_dagrun for example_external_task_marker_parent to None, run_after=None
[2023-05-03T10:51:40.413+0000] {processor.py:178} INFO - Processing /home/airflow/.local/lib/python3.7/site-packages/airflow/example_dags/example_external_task_marker_dag.py took 0.336 seconds
[2023-05-03T10:52:11.627+0000] {processor.py:156} INFO - Started process (PID=8824) to work on /home/airflow/.local/lib/python3.7/site-packages/airflow/example_dags/example_external_task_marker_dag.py
[2023-05-03T10:52:11.630+0000] {processor.py:799} INFO - Processing file /home/airflow/.local/lib/python3.7/site-packages/airflow/example_dags/example_external_task_marker_dag.py for tasks to queue
[2023-05-03T10:52:11.633+0000] {logging_mixin.py:149} INFO - [2023-05-03T10:52:11.633+0000] {dagbag.py:541} INFO - Filling up the DagBag from /home/airflow/.local/lib/python3.7/site-packages/airflow/example_dags/example_external_task_marker_dag.py
[2023-05-03T10:52:11.654+0000] {processor.py:809} INFO - DAG(s) dict_keys(['example_external_task_marker_parent', 'example_external_task_marker_child']) retrieved from /home/airflow/.local/lib/python3.7/site-packages/airflow/example_dags/example_external_task_marker_dag.py
[2023-05-03T10:52:11.739+0000] {logging_mixin.py:149} INFO - [2023-05-03T10:52:11.738+0000] {dag.py:2726} INFO - Sync 2 DAGs
[2023-05-03T10:52:11.839+0000] {logging_mixin.py:149} INFO - [2023-05-03T10:52:11.839+0000] {dag.py:3490} INFO - Setting next_dagrun for example_external_task_marker_child to None, run_after=None
[2023-05-03T10:52:11.855+0000] {logging_mixin.py:149} INFO - [2023-05-03T10:52:11.855+0000] {dag.py:3490} INFO - Setting next_dagrun for example_external_task_marker_parent to None, run_after=None
[2023-05-03T10:52:11.938+0000] {processor.py:178} INFO - Processing /home/airflow/.local/lib/python3.7/site-packages/airflow/example_dags/example_external_task_marker_dag.py took 0.327 seconds
[2023-05-03T10:52:46.407+0000] {processor.py:156} INFO - Started process (PID=9060) to work on /home/airflow/.local/lib/python3.7/site-packages/airflow/example_dags/example_external_task_marker_dag.py
[2023-05-03T10:52:46.417+0000] {processor.py:799} INFO - Processing file /home/airflow/.local/lib/python3.7/site-packages/airflow/example_dags/example_external_task_marker_dag.py for tasks to queue
[2023-05-03T10:52:46.420+0000] {logging_mixin.py:149} INFO - [2023-05-03T10:52:46.420+0000] {dagbag.py:541} INFO - Filling up the DagBag from /home/airflow/.local/lib/python3.7/site-packages/airflow/example_dags/example_external_task_marker_dag.py
[2023-05-03T10:52:46.458+0000] {processor.py:809} INFO - DAG(s) dict_keys(['example_external_task_marker_child', 'example_external_task_marker_parent']) retrieved from /home/airflow/.local/lib/python3.7/site-packages/airflow/example_dags/example_external_task_marker_dag.py
[2023-05-03T10:52:46.742+0000] {logging_mixin.py:149} INFO - [2023-05-03T10:52:46.742+0000] {dag.py:2726} INFO - Sync 2 DAGs
[2023-05-03T10:52:46.996+0000] {logging_mixin.py:149} INFO - [2023-05-03T10:52:46.995+0000] {dag.py:3490} INFO - Setting next_dagrun for example_external_task_marker_child to None, run_after=None
[2023-05-03T10:52:47.014+0000] {logging_mixin.py:149} INFO - [2023-05-03T10:52:47.013+0000] {dag.py:3490} INFO - Setting next_dagrun for example_external_task_marker_parent to None, run_after=None
[2023-05-03T10:52:47.170+0000] {processor.py:178} INFO - Processing /home/airflow/.local/lib/python3.7/site-packages/airflow/example_dags/example_external_task_marker_dag.py took 0.779 seconds
[2023-05-03T10:53:34.976+0000] {processor.py:156} INFO - Started process (PID=9318) to work on /home/airflow/.local/lib/python3.7/site-packages/airflow/example_dags/example_external_task_marker_dag.py
[2023-05-03T10:53:34.979+0000] {processor.py:799} INFO - Processing file /home/airflow/.local/lib/python3.7/site-packages/airflow/example_dags/example_external_task_marker_dag.py for tasks to queue
[2023-05-03T10:53:34.982+0000] {logging_mixin.py:149} INFO - [2023-05-03T10:53:34.981+0000] {dagbag.py:541} INFO - Filling up the DagBag from /home/airflow/.local/lib/python3.7/site-packages/airflow/example_dags/example_external_task_marker_dag.py
[2023-05-03T10:53:35.011+0000] {processor.py:809} INFO - DAG(s) dict_keys(['example_external_task_marker_child', 'example_external_task_marker_parent']) retrieved from /home/airflow/.local/lib/python3.7/site-packages/airflow/example_dags/example_external_task_marker_dag.py
[2023-05-03T10:53:35.240+0000] {logging_mixin.py:149} INFO - [2023-05-03T10:53:35.240+0000] {dag.py:2726} INFO - Sync 2 DAGs
[2023-05-03T10:53:35.346+0000] {logging_mixin.py:149} INFO - [2023-05-03T10:53:35.345+0000] {dag.py:3490} INFO - Setting next_dagrun for example_external_task_marker_child to None, run_after=None
[2023-05-03T10:53:35.365+0000] {logging_mixin.py:149} INFO - [2023-05-03T10:53:35.365+0000] {dag.py:3490} INFO - Setting next_dagrun for example_external_task_marker_parent to None, run_after=None
[2023-05-03T10:53:35.462+0000] {processor.py:178} INFO - Processing /home/airflow/.local/lib/python3.7/site-packages/airflow/example_dags/example_external_task_marker_dag.py took 0.501 seconds
[2023-05-03T10:54:07.373+0000] {processor.py:156} INFO - Started process (PID=9554) to work on /home/airflow/.local/lib/python3.7/site-packages/airflow/example_dags/example_external_task_marker_dag.py
[2023-05-03T10:54:07.383+0000] {processor.py:799} INFO - Processing file /home/airflow/.local/lib/python3.7/site-packages/airflow/example_dags/example_external_task_marker_dag.py for tasks to queue
[2023-05-03T10:54:07.384+0000] {logging_mixin.py:149} INFO - [2023-05-03T10:54:07.384+0000] {dagbag.py:541} INFO - Filling up the DagBag from /home/airflow/.local/lib/python3.7/site-packages/airflow/example_dags/example_external_task_marker_dag.py
[2023-05-03T10:54:07.394+0000] {processor.py:809} INFO - DAG(s) dict_keys(['example_external_task_marker_parent', 'example_external_task_marker_child']) retrieved from /home/airflow/.local/lib/python3.7/site-packages/airflow/example_dags/example_external_task_marker_dag.py
[2023-05-03T10:54:07.499+0000] {logging_mixin.py:149} INFO - [2023-05-03T10:54:07.496+0000] {dag.py:2726} INFO - Sync 2 DAGs
[2023-05-03T10:54:07.623+0000] {logging_mixin.py:149} INFO - [2023-05-03T10:54:07.622+0000] {dag.py:3490} INFO - Setting next_dagrun for example_external_task_marker_child to None, run_after=None
[2023-05-03T10:54:07.629+0000] {logging_mixin.py:149} INFO - [2023-05-03T10:54:07.629+0000] {dag.py:3490} INFO - Setting next_dagrun for example_external_task_marker_parent to None, run_after=None
[2023-05-03T10:54:07.719+0000] {processor.py:178} INFO - Processing /home/airflow/.local/lib/python3.7/site-packages/airflow/example_dags/example_external_task_marker_dag.py took 0.352 seconds
[2023-05-03T10:54:38.416+0000] {processor.py:156} INFO - Started process (PID=9788) to work on /home/airflow/.local/lib/python3.7/site-packages/airflow/example_dags/example_external_task_marker_dag.py
[2023-05-03T10:54:38.418+0000] {processor.py:799} INFO - Processing file /home/airflow/.local/lib/python3.7/site-packages/airflow/example_dags/example_external_task_marker_dag.py for tasks to queue
[2023-05-03T10:54:38.421+0000] {logging_mixin.py:149} INFO - [2023-05-03T10:54:38.420+0000] {dagbag.py:541} INFO - Filling up the DagBag from /home/airflow/.local/lib/python3.7/site-packages/airflow/example_dags/example_external_task_marker_dag.py
[2023-05-03T10:54:38.439+0000] {processor.py:809} INFO - DAG(s) dict_keys(['example_external_task_marker_parent', 'example_external_task_marker_child']) retrieved from /home/airflow/.local/lib/python3.7/site-packages/airflow/example_dags/example_external_task_marker_dag.py
[2023-05-03T10:54:38.656+0000] {logging_mixin.py:149} INFO - [2023-05-03T10:54:38.656+0000] {dag.py:2726} INFO - Sync 2 DAGs
[2023-05-03T10:54:38.758+0000] {logging_mixin.py:149} INFO - [2023-05-03T10:54:38.758+0000] {dag.py:3490} INFO - Setting next_dagrun for example_external_task_marker_child to None, run_after=None
[2023-05-03T10:54:38.781+0000] {logging_mixin.py:149} INFO - [2023-05-03T10:54:38.781+0000] {dag.py:3490} INFO - Setting next_dagrun for example_external_task_marker_parent to None, run_after=None
[2023-05-03T10:54:38.873+0000] {processor.py:178} INFO - Processing /home/airflow/.local/lib/python3.7/site-packages/airflow/example_dags/example_external_task_marker_dag.py took 0.463 seconds
