[2023-05-03T09:31:19.182+0000] {processor.py:156} INFO - Started process (PID=251) to work on /home/airflow/.local/lib/python3.7/site-packages/airflow/example_dags/example_local_kubernetes_executor.py
[2023-05-03T09:31:19.189+0000] {processor.py:799} INFO - Processing file /home/airflow/.local/lib/python3.7/site-packages/airflow/example_dags/example_local_kubernetes_executor.py for tasks to queue
[2023-05-03T09:31:19.193+0000] {logging_mixin.py:149} INFO - [2023-05-03T09:31:19.192+0000] {dagbag.py:541} INFO - Filling up the DagBag from /home/airflow/.local/lib/python3.7/site-packages/airflow/example_dags/example_local_kubernetes_executor.py
[2023-05-03T09:31:23.503+0000] {processor.py:809} INFO - DAG(s) dict_keys(['example_local_kubernetes_executor']) retrieved from /home/airflow/.local/lib/python3.7/site-packages/airflow/example_dags/example_local_kubernetes_executor.py
[2023-05-03T09:31:23.617+0000] {logging_mixin.py:149} INFO - [2023-05-03T09:31:23.617+0000] {dag.py:2726} INFO - Sync 1 DAGs
[2023-05-03T09:31:23.684+0000] {logging_mixin.py:149} INFO - [2023-05-03T09:31:23.684+0000] {dag.py:3490} INFO - Setting next_dagrun for example_local_kubernetes_executor to None, run_after=None
[2023-05-03T09:31:23.726+0000] {processor.py:178} INFO - Processing /home/airflow/.local/lib/python3.7/site-packages/airflow/example_dags/example_local_kubernetes_executor.py took 4.550 seconds
[2023-05-03T09:32:02.671+0000] {processor.py:156} INFO - Started process (PID=492) to work on /home/airflow/.local/lib/python3.7/site-packages/airflow/example_dags/example_local_kubernetes_executor.py
[2023-05-03T09:32:02.677+0000] {processor.py:799} INFO - Processing file /home/airflow/.local/lib/python3.7/site-packages/airflow/example_dags/example_local_kubernetes_executor.py for tasks to queue
[2023-05-03T09:32:02.681+0000] {logging_mixin.py:149} INFO - [2023-05-03T09:32:02.681+0000] {dagbag.py:541} INFO - Filling up the DagBag from /home/airflow/.local/lib/python3.7/site-packages/airflow/example_dags/example_local_kubernetes_executor.py
[2023-05-03T09:32:04.819+0000] {processor.py:809} INFO - DAG(s) dict_keys(['example_local_kubernetes_executor']) retrieved from /home/airflow/.local/lib/python3.7/site-packages/airflow/example_dags/example_local_kubernetes_executor.py
[2023-05-03T09:32:05.176+0000] {logging_mixin.py:149} INFO - [2023-05-03T09:32:05.175+0000] {dag.py:2726} INFO - Sync 1 DAGs
[2023-05-03T09:32:05.308+0000] {logging_mixin.py:149} INFO - [2023-05-03T09:32:05.307+0000] {dag.py:3490} INFO - Setting next_dagrun for example_local_kubernetes_executor to None, run_after=None
[2023-05-03T09:32:05.449+0000] {processor.py:178} INFO - Processing /home/airflow/.local/lib/python3.7/site-packages/airflow/example_dags/example_local_kubernetes_executor.py took 2.786 seconds
[2023-05-03T09:32:35.696+0000] {processor.py:156} INFO - Started process (PID=728) to work on /home/airflow/.local/lib/python3.7/site-packages/airflow/example_dags/example_local_kubernetes_executor.py
[2023-05-03T09:32:35.698+0000] {processor.py:799} INFO - Processing file /home/airflow/.local/lib/python3.7/site-packages/airflow/example_dags/example_local_kubernetes_executor.py for tasks to queue
[2023-05-03T09:32:35.702+0000] {logging_mixin.py:149} INFO - [2023-05-03T09:32:35.700+0000] {dagbag.py:541} INFO - Filling up the DagBag from /home/airflow/.local/lib/python3.7/site-packages/airflow/example_dags/example_local_kubernetes_executor.py
[2023-05-03T09:32:39.315+0000] {processor.py:809} INFO - DAG(s) dict_keys(['example_local_kubernetes_executor']) retrieved from /home/airflow/.local/lib/python3.7/site-packages/airflow/example_dags/example_local_kubernetes_executor.py
[2023-05-03T09:32:39.638+0000] {logging_mixin.py:149} INFO - [2023-05-03T09:32:39.638+0000] {dag.py:2726} INFO - Sync 1 DAGs
[2023-05-03T09:32:39.750+0000] {logging_mixin.py:149} INFO - [2023-05-03T09:32:39.750+0000] {dag.py:3490} INFO - Setting next_dagrun for example_local_kubernetes_executor to None, run_after=None
[2023-05-03T09:32:39.819+0000] {processor.py:178} INFO - Processing /home/airflow/.local/lib/python3.7/site-packages/airflow/example_dags/example_local_kubernetes_executor.py took 4.020 seconds
[2023-05-03T09:33:18.763+0000] {processor.py:156} INFO - Started process (PID=950) to work on /home/airflow/.local/lib/python3.7/site-packages/airflow/example_dags/example_local_kubernetes_executor.py
[2023-05-03T09:33:18.768+0000] {processor.py:799} INFO - Processing file /home/airflow/.local/lib/python3.7/site-packages/airflow/example_dags/example_local_kubernetes_executor.py for tasks to queue
[2023-05-03T09:33:18.773+0000] {logging_mixin.py:149} INFO - [2023-05-03T09:33:18.772+0000] {dagbag.py:541} INFO - Filling up the DagBag from /home/airflow/.local/lib/python3.7/site-packages/airflow/example_dags/example_local_kubernetes_executor.py
[2023-05-03T09:33:21.657+0000] {processor.py:809} INFO - DAG(s) dict_keys(['example_local_kubernetes_executor']) retrieved from /home/airflow/.local/lib/python3.7/site-packages/airflow/example_dags/example_local_kubernetes_executor.py
[2023-05-03T09:33:23.639+0000] {logging_mixin.py:149} INFO - [2023-05-03T09:33:23.635+0000] {dag.py:2726} INFO - Sync 1 DAGs
[2023-05-03T09:33:26.539+0000] {logging_mixin.py:149} INFO - [2023-05-03T09:33:26.538+0000] {dag.py:3490} INFO - Setting next_dagrun for example_local_kubernetes_executor to None, run_after=None
[2023-05-03T09:33:26.876+0000] {processor.py:178} INFO - Processing /home/airflow/.local/lib/python3.7/site-packages/airflow/example_dags/example_local_kubernetes_executor.py took 8.141 seconds
[2023-05-03T09:33:57.304+0000] {processor.py:156} INFO - Started process (PID=1184) to work on /home/airflow/.local/lib/python3.7/site-packages/airflow/example_dags/example_local_kubernetes_executor.py
[2023-05-03T09:33:57.307+0000] {processor.py:799} INFO - Processing file /home/airflow/.local/lib/python3.7/site-packages/airflow/example_dags/example_local_kubernetes_executor.py for tasks to queue
[2023-05-03T09:33:57.309+0000] {logging_mixin.py:149} INFO - [2023-05-03T09:33:57.308+0000] {dagbag.py:541} INFO - Filling up the DagBag from /home/airflow/.local/lib/python3.7/site-packages/airflow/example_dags/example_local_kubernetes_executor.py
[2023-05-03T09:34:00.386+0000] {processor.py:809} INFO - DAG(s) dict_keys(['example_local_kubernetes_executor']) retrieved from /home/airflow/.local/lib/python3.7/site-packages/airflow/example_dags/example_local_kubernetes_executor.py
[2023-05-03T09:34:01.705+0000] {logging_mixin.py:149} INFO - [2023-05-03T09:34:01.704+0000] {dag.py:2726} INFO - Sync 1 DAGs
[2023-05-03T09:34:02.028+0000] {logging_mixin.py:149} INFO - [2023-05-03T09:34:02.027+0000] {dag.py:3490} INFO - Setting next_dagrun for example_local_kubernetes_executor to None, run_after=None
[2023-05-03T09:34:02.276+0000] {processor.py:178} INFO - Processing /home/airflow/.local/lib/python3.7/site-packages/airflow/example_dags/example_local_kubernetes_executor.py took 4.978 seconds
[2023-05-03T09:34:33.368+0000] {processor.py:156} INFO - Started process (PID=1421) to work on /home/airflow/.local/lib/python3.7/site-packages/airflow/example_dags/example_local_kubernetes_executor.py
[2023-05-03T09:34:33.370+0000] {processor.py:799} INFO - Processing file /home/airflow/.local/lib/python3.7/site-packages/airflow/example_dags/example_local_kubernetes_executor.py for tasks to queue
[2023-05-03T09:34:33.371+0000] {logging_mixin.py:149} INFO - [2023-05-03T09:34:33.371+0000] {dagbag.py:541} INFO - Filling up the DagBag from /home/airflow/.local/lib/python3.7/site-packages/airflow/example_dags/example_local_kubernetes_executor.py
[2023-05-03T09:34:34.262+0000] {processor.py:809} INFO - DAG(s) dict_keys(['example_local_kubernetes_executor']) retrieved from /home/airflow/.local/lib/python3.7/site-packages/airflow/example_dags/example_local_kubernetes_executor.py
[2023-05-03T09:34:34.570+0000] {logging_mixin.py:149} INFO - [2023-05-03T09:34:34.569+0000] {dag.py:2726} INFO - Sync 1 DAGs
[2023-05-03T09:34:34.802+0000] {logging_mixin.py:149} INFO - [2023-05-03T09:34:34.801+0000] {dag.py:3490} INFO - Setting next_dagrun for example_local_kubernetes_executor to None, run_after=None
[2023-05-03T09:34:34.842+0000] {processor.py:178} INFO - Processing /home/airflow/.local/lib/python3.7/site-packages/airflow/example_dags/example_local_kubernetes_executor.py took 1.488 seconds
[2023-05-03T09:35:05.732+0000] {processor.py:156} INFO - Started process (PID=1657) to work on /home/airflow/.local/lib/python3.7/site-packages/airflow/example_dags/example_local_kubernetes_executor.py
[2023-05-03T09:35:05.734+0000] {processor.py:799} INFO - Processing file /home/airflow/.local/lib/python3.7/site-packages/airflow/example_dags/example_local_kubernetes_executor.py for tasks to queue
[2023-05-03T09:35:05.737+0000] {logging_mixin.py:149} INFO - [2023-05-03T09:35:05.736+0000] {dagbag.py:541} INFO - Filling up the DagBag from /home/airflow/.local/lib/python3.7/site-packages/airflow/example_dags/example_local_kubernetes_executor.py
[2023-05-03T09:35:06.545+0000] {processor.py:809} INFO - DAG(s) dict_keys(['example_local_kubernetes_executor']) retrieved from /home/airflow/.local/lib/python3.7/site-packages/airflow/example_dags/example_local_kubernetes_executor.py
[2023-05-03T09:35:06.621+0000] {logging_mixin.py:149} INFO - [2023-05-03T09:35:06.621+0000] {dag.py:2726} INFO - Sync 1 DAGs
[2023-05-03T09:35:06.668+0000] {logging_mixin.py:149} INFO - [2023-05-03T09:35:06.668+0000] {dag.py:3490} INFO - Setting next_dagrun for example_local_kubernetes_executor to None, run_after=None
[2023-05-03T09:35:06.768+0000] {processor.py:178} INFO - Processing /home/airflow/.local/lib/python3.7/site-packages/airflow/example_dags/example_local_kubernetes_executor.py took 1.050 seconds
[2023-05-03T09:35:37.700+0000] {processor.py:156} INFO - Started process (PID=1893) to work on /home/airflow/.local/lib/python3.7/site-packages/airflow/example_dags/example_local_kubernetes_executor.py
[2023-05-03T09:35:37.713+0000] {processor.py:799} INFO - Processing file /home/airflow/.local/lib/python3.7/site-packages/airflow/example_dags/example_local_kubernetes_executor.py for tasks to queue
[2023-05-03T09:35:37.719+0000] {logging_mixin.py:149} INFO - [2023-05-03T09:35:37.718+0000] {dagbag.py:541} INFO - Filling up the DagBag from /home/airflow/.local/lib/python3.7/site-packages/airflow/example_dags/example_local_kubernetes_executor.py
[2023-05-03T09:35:44.083+0000] {processor.py:809} INFO - DAG(s) dict_keys(['example_local_kubernetes_executor']) retrieved from /home/airflow/.local/lib/python3.7/site-packages/airflow/example_dags/example_local_kubernetes_executor.py
[2023-05-03T09:35:44.673+0000] {logging_mixin.py:149} INFO - [2023-05-03T09:35:44.673+0000] {dag.py:2726} INFO - Sync 1 DAGs
[2023-05-03T09:35:44.925+0000] {logging_mixin.py:149} INFO - [2023-05-03T09:35:44.925+0000] {dag.py:3490} INFO - Setting next_dagrun for example_local_kubernetes_executor to None, run_after=None
[2023-05-03T09:35:45.087+0000] {processor.py:178} INFO - Processing /home/airflow/.local/lib/python3.7/site-packages/airflow/example_dags/example_local_kubernetes_executor.py took 7.197 seconds
[2023-05-03T09:36:16.006+0000] {processor.py:156} INFO - Started process (PID=2130) to work on /home/airflow/.local/lib/python3.7/site-packages/airflow/example_dags/example_local_kubernetes_executor.py
[2023-05-03T09:36:16.017+0000] {processor.py:799} INFO - Processing file /home/airflow/.local/lib/python3.7/site-packages/airflow/example_dags/example_local_kubernetes_executor.py for tasks to queue
[2023-05-03T09:36:16.020+0000] {logging_mixin.py:149} INFO - [2023-05-03T09:36:16.020+0000] {dagbag.py:541} INFO - Filling up the DagBag from /home/airflow/.local/lib/python3.7/site-packages/airflow/example_dags/example_local_kubernetes_executor.py
[2023-05-03T09:36:17.237+0000] {processor.py:809} INFO - DAG(s) dict_keys(['example_local_kubernetes_executor']) retrieved from /home/airflow/.local/lib/python3.7/site-packages/airflow/example_dags/example_local_kubernetes_executor.py
[2023-05-03T09:36:17.416+0000] {logging_mixin.py:149} INFO - [2023-05-03T09:36:17.415+0000] {dag.py:2726} INFO - Sync 1 DAGs
[2023-05-03T09:36:17.497+0000] {logging_mixin.py:149} INFO - [2023-05-03T09:36:17.497+0000] {dag.py:3490} INFO - Setting next_dagrun for example_local_kubernetes_executor to None, run_after=None
[2023-05-03T09:36:17.627+0000] {processor.py:178} INFO - Processing /home/airflow/.local/lib/python3.7/site-packages/airflow/example_dags/example_local_kubernetes_executor.py took 1.648 seconds
[2023-05-03T09:36:48.161+0000] {processor.py:156} INFO - Started process (PID=2366) to work on /home/airflow/.local/lib/python3.7/site-packages/airflow/example_dags/example_local_kubernetes_executor.py
[2023-05-03T09:36:48.163+0000] {processor.py:799} INFO - Processing file /home/airflow/.local/lib/python3.7/site-packages/airflow/example_dags/example_local_kubernetes_executor.py for tasks to queue
[2023-05-03T09:36:48.165+0000] {logging_mixin.py:149} INFO - [2023-05-03T09:36:48.164+0000] {dagbag.py:541} INFO - Filling up the DagBag from /home/airflow/.local/lib/python3.7/site-packages/airflow/example_dags/example_local_kubernetes_executor.py
[2023-05-03T09:36:49.088+0000] {processor.py:809} INFO - DAG(s) dict_keys(['example_local_kubernetes_executor']) retrieved from /home/airflow/.local/lib/python3.7/site-packages/airflow/example_dags/example_local_kubernetes_executor.py
[2023-05-03T09:36:49.349+0000] {logging_mixin.py:149} INFO - [2023-05-03T09:36:49.348+0000] {dag.py:2726} INFO - Sync 1 DAGs
[2023-05-03T09:36:49.463+0000] {logging_mixin.py:149} INFO - [2023-05-03T09:36:49.463+0000] {dag.py:3490} INFO - Setting next_dagrun for example_local_kubernetes_executor to None, run_after=None
[2023-05-03T09:36:49.524+0000] {processor.py:178} INFO - Processing /home/airflow/.local/lib/python3.7/site-packages/airflow/example_dags/example_local_kubernetes_executor.py took 1.369 seconds
[2023-05-03T09:37:19.763+0000] {processor.py:156} INFO - Started process (PID=2601) to work on /home/airflow/.local/lib/python3.7/site-packages/airflow/example_dags/example_local_kubernetes_executor.py
[2023-05-03T09:37:19.768+0000] {processor.py:799} INFO - Processing file /home/airflow/.local/lib/python3.7/site-packages/airflow/example_dags/example_local_kubernetes_executor.py for tasks to queue
[2023-05-03T09:37:19.772+0000] {logging_mixin.py:149} INFO - [2023-05-03T09:37:19.771+0000] {dagbag.py:541} INFO - Filling up the DagBag from /home/airflow/.local/lib/python3.7/site-packages/airflow/example_dags/example_local_kubernetes_executor.py
[2023-05-03T09:37:21.503+0000] {processor.py:809} INFO - DAG(s) dict_keys(['example_local_kubernetes_executor']) retrieved from /home/airflow/.local/lib/python3.7/site-packages/airflow/example_dags/example_local_kubernetes_executor.py
[2023-05-03T09:37:21.875+0000] {logging_mixin.py:149} INFO - [2023-05-03T09:37:21.874+0000] {dag.py:2726} INFO - Sync 1 DAGs
[2023-05-03T09:37:22.087+0000] {logging_mixin.py:149} INFO - [2023-05-03T09:37:22.086+0000] {dag.py:3490} INFO - Setting next_dagrun for example_local_kubernetes_executor to None, run_after=None
[2023-05-03T09:37:22.191+0000] {processor.py:178} INFO - Processing /home/airflow/.local/lib/python3.7/site-packages/airflow/example_dags/example_local_kubernetes_executor.py took 2.434 seconds
[2023-05-03T09:37:55.668+0000] {processor.py:156} INFO - Started process (PID=2847) to work on /home/airflow/.local/lib/python3.7/site-packages/airflow/example_dags/example_local_kubernetes_executor.py
[2023-05-03T09:37:55.672+0000] {processor.py:799} INFO - Processing file /home/airflow/.local/lib/python3.7/site-packages/airflow/example_dags/example_local_kubernetes_executor.py for tasks to queue
[2023-05-03T09:37:55.676+0000] {logging_mixin.py:149} INFO - [2023-05-03T09:37:55.675+0000] {dagbag.py:541} INFO - Filling up the DagBag from /home/airflow/.local/lib/python3.7/site-packages/airflow/example_dags/example_local_kubernetes_executor.py
[2023-05-03T09:37:56.718+0000] {processor.py:809} INFO - DAG(s) dict_keys(['example_local_kubernetes_executor']) retrieved from /home/airflow/.local/lib/python3.7/site-packages/airflow/example_dags/example_local_kubernetes_executor.py
[2023-05-03T09:37:57.042+0000] {logging_mixin.py:149} INFO - [2023-05-03T09:37:57.042+0000] {dag.py:2726} INFO - Sync 1 DAGs
[2023-05-03T09:37:57.291+0000] {logging_mixin.py:149} INFO - [2023-05-03T09:37:57.291+0000] {dag.py:3490} INFO - Setting next_dagrun for example_local_kubernetes_executor to None, run_after=None
[2023-05-03T09:37:57.389+0000] {processor.py:178} INFO - Processing /home/airflow/.local/lib/python3.7/site-packages/airflow/example_dags/example_local_kubernetes_executor.py took 1.727 seconds
[2023-05-03T09:38:30.468+0000] {processor.py:156} INFO - Started process (PID=3110) to work on /home/airflow/.local/lib/python3.7/site-packages/airflow/example_dags/example_local_kubernetes_executor.py
[2023-05-03T09:38:30.472+0000] {processor.py:799} INFO - Processing file /home/airflow/.local/lib/python3.7/site-packages/airflow/example_dags/example_local_kubernetes_executor.py for tasks to queue
[2023-05-03T09:38:30.475+0000] {logging_mixin.py:149} INFO - [2023-05-03T09:38:30.475+0000] {dagbag.py:541} INFO - Filling up the DagBag from /home/airflow/.local/lib/python3.7/site-packages/airflow/example_dags/example_local_kubernetes_executor.py
[2023-05-03T09:38:31.279+0000] {processor.py:809} INFO - DAG(s) dict_keys(['example_local_kubernetes_executor']) retrieved from /home/airflow/.local/lib/python3.7/site-packages/airflow/example_dags/example_local_kubernetes_executor.py
[2023-05-03T09:38:31.398+0000] {logging_mixin.py:149} INFO - [2023-05-03T09:38:31.397+0000] {dag.py:2726} INFO - Sync 1 DAGs
[2023-05-03T09:38:31.470+0000] {logging_mixin.py:149} INFO - [2023-05-03T09:38:31.469+0000] {dag.py:3490} INFO - Setting next_dagrun for example_local_kubernetes_executor to None, run_after=None
[2023-05-03T09:38:31.517+0000] {processor.py:178} INFO - Processing /home/airflow/.local/lib/python3.7/site-packages/airflow/example_dags/example_local_kubernetes_executor.py took 1.055 seconds
[2023-05-03T09:39:01.668+0000] {processor.py:156} INFO - Started process (PID=3346) to work on /home/airflow/.local/lib/python3.7/site-packages/airflow/example_dags/example_local_kubernetes_executor.py
[2023-05-03T09:39:01.670+0000] {processor.py:799} INFO - Processing file /home/airflow/.local/lib/python3.7/site-packages/airflow/example_dags/example_local_kubernetes_executor.py for tasks to queue
[2023-05-03T09:39:01.672+0000] {logging_mixin.py:149} INFO - [2023-05-03T09:39:01.671+0000] {dagbag.py:541} INFO - Filling up the DagBag from /home/airflow/.local/lib/python3.7/site-packages/airflow/example_dags/example_local_kubernetes_executor.py
[2023-05-03T09:39:02.509+0000] {processor.py:809} INFO - DAG(s) dict_keys(['example_local_kubernetes_executor']) retrieved from /home/airflow/.local/lib/python3.7/site-packages/airflow/example_dags/example_local_kubernetes_executor.py
[2023-05-03T09:39:02.651+0000] {logging_mixin.py:149} INFO - [2023-05-03T09:39:02.650+0000] {dag.py:2726} INFO - Sync 1 DAGs
[2023-05-03T09:39:02.765+0000] {logging_mixin.py:149} INFO - [2023-05-03T09:39:02.764+0000] {dag.py:3490} INFO - Setting next_dagrun for example_local_kubernetes_executor to None, run_after=None
[2023-05-03T09:39:02.868+0000] {processor.py:178} INFO - Processing /home/airflow/.local/lib/python3.7/site-packages/airflow/example_dags/example_local_kubernetes_executor.py took 1.208 seconds
[2023-05-03T09:39:34.078+0000] {processor.py:156} INFO - Started process (PID=3588) to work on /home/airflow/.local/lib/python3.7/site-packages/airflow/example_dags/example_local_kubernetes_executor.py
[2023-05-03T09:39:34.084+0000] {processor.py:799} INFO - Processing file /home/airflow/.local/lib/python3.7/site-packages/airflow/example_dags/example_local_kubernetes_executor.py for tasks to queue
[2023-05-03T09:39:34.087+0000] {logging_mixin.py:149} INFO - [2023-05-03T09:39:34.086+0000] {dagbag.py:541} INFO - Filling up the DagBag from /home/airflow/.local/lib/python3.7/site-packages/airflow/example_dags/example_local_kubernetes_executor.py
[2023-05-03T09:39:34.667+0000] {processor.py:809} INFO - DAG(s) dict_keys(['example_local_kubernetes_executor']) retrieved from /home/airflow/.local/lib/python3.7/site-packages/airflow/example_dags/example_local_kubernetes_executor.py
[2023-05-03T09:39:34.792+0000] {logging_mixin.py:149} INFO - [2023-05-03T09:39:34.791+0000] {dag.py:2726} INFO - Sync 1 DAGs
[2023-05-03T09:39:34.861+0000] {logging_mixin.py:149} INFO - [2023-05-03T09:39:34.861+0000] {dag.py:3490} INFO - Setting next_dagrun for example_local_kubernetes_executor to None, run_after=None
[2023-05-03T09:39:34.929+0000] {processor.py:178} INFO - Processing /home/airflow/.local/lib/python3.7/site-packages/airflow/example_dags/example_local_kubernetes_executor.py took 0.856 seconds
[2023-05-03T09:40:05.437+0000] {processor.py:156} INFO - Started process (PID=3824) to work on /home/airflow/.local/lib/python3.7/site-packages/airflow/example_dags/example_local_kubernetes_executor.py
[2023-05-03T09:40:05.439+0000] {processor.py:799} INFO - Processing file /home/airflow/.local/lib/python3.7/site-packages/airflow/example_dags/example_local_kubernetes_executor.py for tasks to queue
[2023-05-03T09:40:05.441+0000] {logging_mixin.py:149} INFO - [2023-05-03T09:40:05.440+0000] {dagbag.py:541} INFO - Filling up the DagBag from /home/airflow/.local/lib/python3.7/site-packages/airflow/example_dags/example_local_kubernetes_executor.py
[2023-05-03T09:40:06.165+0000] {processor.py:809} INFO - DAG(s) dict_keys(['example_local_kubernetes_executor']) retrieved from /home/airflow/.local/lib/python3.7/site-packages/airflow/example_dags/example_local_kubernetes_executor.py
[2023-05-03T09:40:06.266+0000] {logging_mixin.py:149} INFO - [2023-05-03T09:40:06.265+0000] {dag.py:2726} INFO - Sync 1 DAGs
[2023-05-03T09:40:06.317+0000] {logging_mixin.py:149} INFO - [2023-05-03T09:40:06.316+0000] {dag.py:3490} INFO - Setting next_dagrun for example_local_kubernetes_executor to None, run_after=None
[2023-05-03T09:40:06.354+0000] {processor.py:178} INFO - Processing /home/airflow/.local/lib/python3.7/site-packages/airflow/example_dags/example_local_kubernetes_executor.py took 0.923 seconds
[2023-05-03T09:40:37.461+0000] {processor.py:156} INFO - Started process (PID=4070) to work on /home/airflow/.local/lib/python3.7/site-packages/airflow/example_dags/example_local_kubernetes_executor.py
[2023-05-03T09:40:37.466+0000] {processor.py:799} INFO - Processing file /home/airflow/.local/lib/python3.7/site-packages/airflow/example_dags/example_local_kubernetes_executor.py for tasks to queue
[2023-05-03T09:40:37.468+0000] {logging_mixin.py:149} INFO - [2023-05-03T09:40:37.468+0000] {dagbag.py:541} INFO - Filling up the DagBag from /home/airflow/.local/lib/python3.7/site-packages/airflow/example_dags/example_local_kubernetes_executor.py
[2023-05-03T09:40:37.821+0000] {processor.py:809} INFO - DAG(s) dict_keys(['example_local_kubernetes_executor']) retrieved from /home/airflow/.local/lib/python3.7/site-packages/airflow/example_dags/example_local_kubernetes_executor.py
[2023-05-03T09:40:37.883+0000] {logging_mixin.py:149} INFO - [2023-05-03T09:40:37.882+0000] {dag.py:2726} INFO - Sync 1 DAGs
[2023-05-03T09:40:37.941+0000] {logging_mixin.py:149} INFO - [2023-05-03T09:40:37.941+0000] {dag.py:3490} INFO - Setting next_dagrun for example_local_kubernetes_executor to None, run_after=None
[2023-05-03T09:40:38.010+0000] {processor.py:178} INFO - Processing /home/airflow/.local/lib/python3.7/site-packages/airflow/example_dags/example_local_kubernetes_executor.py took 0.553 seconds
[2023-05-03T09:41:08.204+0000] {processor.py:156} INFO - Started process (PID=4311) to work on /home/airflow/.local/lib/python3.7/site-packages/airflow/example_dags/example_local_kubernetes_executor.py
[2023-05-03T09:41:08.205+0000] {processor.py:799} INFO - Processing file /home/airflow/.local/lib/python3.7/site-packages/airflow/example_dags/example_local_kubernetes_executor.py for tasks to queue
[2023-05-03T09:41:08.207+0000] {logging_mixin.py:149} INFO - [2023-05-03T09:41:08.207+0000] {dagbag.py:541} INFO - Filling up the DagBag from /home/airflow/.local/lib/python3.7/site-packages/airflow/example_dags/example_local_kubernetes_executor.py
[2023-05-03T09:41:08.523+0000] {processor.py:809} INFO - DAG(s) dict_keys(['example_local_kubernetes_executor']) retrieved from /home/airflow/.local/lib/python3.7/site-packages/airflow/example_dags/example_local_kubernetes_executor.py
[2023-05-03T09:41:08.584+0000] {logging_mixin.py:149} INFO - [2023-05-03T09:41:08.584+0000] {dag.py:2726} INFO - Sync 1 DAGs
[2023-05-03T09:41:08.645+0000] {logging_mixin.py:149} INFO - [2023-05-03T09:41:08.645+0000] {dag.py:3490} INFO - Setting next_dagrun for example_local_kubernetes_executor to None, run_after=None
[2023-05-03T09:41:08.690+0000] {processor.py:178} INFO - Processing /home/airflow/.local/lib/python3.7/site-packages/airflow/example_dags/example_local_kubernetes_executor.py took 0.490 seconds
[2023-05-03T09:41:39.349+0000] {processor.py:156} INFO - Started process (PID=4547) to work on /home/airflow/.local/lib/python3.7/site-packages/airflow/example_dags/example_local_kubernetes_executor.py
[2023-05-03T09:41:39.351+0000] {processor.py:799} INFO - Processing file /home/airflow/.local/lib/python3.7/site-packages/airflow/example_dags/example_local_kubernetes_executor.py for tasks to queue
[2023-05-03T09:41:39.353+0000] {logging_mixin.py:149} INFO - [2023-05-03T09:41:39.353+0000] {dagbag.py:541} INFO - Filling up the DagBag from /home/airflow/.local/lib/python3.7/site-packages/airflow/example_dags/example_local_kubernetes_executor.py
[2023-05-03T09:41:39.857+0000] {processor.py:809} INFO - DAG(s) dict_keys(['example_local_kubernetes_executor']) retrieved from /home/airflow/.local/lib/python3.7/site-packages/airflow/example_dags/example_local_kubernetes_executor.py
[2023-05-03T09:41:40.125+0000] {logging_mixin.py:149} INFO - [2023-05-03T09:41:40.125+0000] {dag.py:2726} INFO - Sync 1 DAGs
[2023-05-03T09:41:40.210+0000] {logging_mixin.py:149} INFO - [2023-05-03T09:41:40.210+0000] {dag.py:3490} INFO - Setting next_dagrun for example_local_kubernetes_executor to None, run_after=None
[2023-05-03T09:41:40.273+0000] {processor.py:178} INFO - Processing /home/airflow/.local/lib/python3.7/site-packages/airflow/example_dags/example_local_kubernetes_executor.py took 0.935 seconds
[2023-05-03T09:44:39.207+0000] {processor.py:156} INFO - Started process (PID=244) to work on /home/airflow/.local/lib/python3.7/site-packages/airflow/example_dags/example_local_kubernetes_executor.py
[2023-05-03T09:44:39.218+0000] {processor.py:799} INFO - Processing file /home/airflow/.local/lib/python3.7/site-packages/airflow/example_dags/example_local_kubernetes_executor.py for tasks to queue
[2023-05-03T09:44:39.220+0000] {logging_mixin.py:149} INFO - [2023-05-03T09:44:39.220+0000] {dagbag.py:541} INFO - Filling up the DagBag from /home/airflow/.local/lib/python3.7/site-packages/airflow/example_dags/example_local_kubernetes_executor.py
[2023-05-03T09:44:47.560+0000] {processor.py:809} INFO - DAG(s) dict_keys(['example_local_kubernetes_executor']) retrieved from /home/airflow/.local/lib/python3.7/site-packages/airflow/example_dags/example_local_kubernetes_executor.py
[2023-05-03T09:44:48.268+0000] {logging_mixin.py:149} INFO - [2023-05-03T09:44:48.268+0000] {dag.py:2726} INFO - Sync 1 DAGs
[2023-05-03T09:44:48.504+0000] {logging_mixin.py:149} INFO - [2023-05-03T09:44:48.504+0000] {dag.py:3490} INFO - Setting next_dagrun for example_local_kubernetes_executor to None, run_after=None
[2023-05-03T09:44:48.939+0000] {processor.py:178} INFO - Processing /home/airflow/.local/lib/python3.7/site-packages/airflow/example_dags/example_local_kubernetes_executor.py took 9.730 seconds
[2023-05-03T09:45:20.712+0000] {processor.py:156} INFO - Started process (PID=480) to work on /home/airflow/.local/lib/python3.7/site-packages/airflow/example_dags/example_local_kubernetes_executor.py
[2023-05-03T09:45:20.848+0000] {processor.py:799} INFO - Processing file /home/airflow/.local/lib/python3.7/site-packages/airflow/example_dags/example_local_kubernetes_executor.py for tasks to queue
[2023-05-03T09:45:20.880+0000] {logging_mixin.py:149} INFO - [2023-05-03T09:45:20.879+0000] {dagbag.py:541} INFO - Filling up the DagBag from /home/airflow/.local/lib/python3.7/site-packages/airflow/example_dags/example_local_kubernetes_executor.py
[2023-05-03T09:45:52.173+0000] {logging_mixin.py:149} INFO - [2023-05-03T09:45:52.168+0000] {timeout.py:68} ERROR - Process timed out, PID: 480
[2023-05-03T09:45:52.182+0000] {logging_mixin.py:149} WARNING - Exception ignored in: <function WeakKeyDictionary.__init__.<locals>.remove at 0x7fb6617079e0>
[2023-05-03T09:45:52.193+0000] {logging_mixin.py:149} WARNING - Traceback (most recent call last):
[2023-05-03T09:45:52.208+0000] {logging_mixin.py:149} WARNING -   File "/usr/local/lib/python3.7/weakref.py", line 358, in remove
[2023-05-03T09:45:52.251+0000] {logging_mixin.py:149} WARNING -     def remove(k, selfref=ref(self)):
[2023-05-03T09:45:52.300+0000] {logging_mixin.py:149} WARNING -   File "/home/airflow/.local/lib/python3.7/site-packages/airflow/utils/timeout.py", line 69, in handle_timeout
[2023-05-03T09:45:52.314+0000] {logging_mixin.py:149} WARNING -     raise AirflowTaskTimeout(self.error_message)
[2023-05-03T09:45:52.317+0000] {logging_mixin.py:149} WARNING - airflow.exceptions.AirflowTaskTimeout: DagBag import timeout for /home/airflow/.local/lib/python3.7/site-packages/airflow/example_dags/example_local_kubernetes_executor.py after 30.0s.
Please take a look at these docs to improve your DAG import time:
* https://airflow.apache.org/docs/apache-airflow/2.6.0/best-practices.html#top-level-python-code
* https://airflow.apache.org/docs/apache-airflow/2.6.0/best-practices.html#reducing-dag-complexity, PID: 480
[2023-05-03T09:46:00.932+0000] {processor.py:809} INFO - DAG(s) dict_keys(['example_local_kubernetes_executor']) retrieved from /home/airflow/.local/lib/python3.7/site-packages/airflow/example_dags/example_local_kubernetes_executor.py
[2023-05-03T09:46:01.858+0000] {logging_mixin.py:149} INFO - [2023-05-03T09:46:01.857+0000] {dag.py:2726} INFO - Sync 1 DAGs
[2023-05-03T09:46:02.262+0000] {logging_mixin.py:149} INFO - [2023-05-03T09:46:02.262+0000] {dag.py:3490} INFO - Setting next_dagrun for example_local_kubernetes_executor to None, run_after=None
[2023-05-03T09:46:02.534+0000] {processor.py:178} INFO - Processing /home/airflow/.local/lib/python3.7/site-packages/airflow/example_dags/example_local_kubernetes_executor.py took 42.454 seconds
[2023-05-03T09:47:16.797+0000] {processor.py:156} INFO - Started process (PID=737) to work on /home/airflow/.local/lib/python3.7/site-packages/airflow/example_dags/example_local_kubernetes_executor.py
[2023-05-03T09:47:17.103+0000] {processor.py:799} INFO - Processing file /home/airflow/.local/lib/python3.7/site-packages/airflow/example_dags/example_local_kubernetes_executor.py for tasks to queue
[2023-05-03T09:47:17.500+0000] {logging_mixin.py:149} INFO - [2023-05-03T09:47:17.499+0000] {dagbag.py:541} INFO - Filling up the DagBag from /home/airflow/.local/lib/python3.7/site-packages/airflow/example_dags/example_local_kubernetes_executor.py
[2023-05-03T09:47:32.441+0000] {processor.py:809} INFO - DAG(s) dict_keys(['example_local_kubernetes_executor']) retrieved from /home/airflow/.local/lib/python3.7/site-packages/airflow/example_dags/example_local_kubernetes_executor.py
[2023-05-03T09:47:32.767+0000] {logging_mixin.py:149} INFO - [2023-05-03T09:47:32.766+0000] {dag.py:2726} INFO - Sync 1 DAGs
[2023-05-03T09:47:32.922+0000] {logging_mixin.py:149} INFO - [2023-05-03T09:47:32.922+0000] {dag.py:3490} INFO - Setting next_dagrun for example_local_kubernetes_executor to None, run_after=None
[2023-05-03T09:47:33.034+0000] {processor.py:178} INFO - Processing /home/airflow/.local/lib/python3.7/site-packages/airflow/example_dags/example_local_kubernetes_executor.py took 17.133 seconds
[2023-05-03T09:48:22.053+0000] {processor.py:156} INFO - Started process (PID=1056) to work on /home/airflow/.local/lib/python3.7/site-packages/airflow/example_dags/example_local_kubernetes_executor.py
[2023-05-03T09:48:22.063+0000] {processor.py:799} INFO - Processing file /home/airflow/.local/lib/python3.7/site-packages/airflow/example_dags/example_local_kubernetes_executor.py for tasks to queue
[2023-05-03T09:48:22.067+0000] {logging_mixin.py:149} INFO - [2023-05-03T09:48:22.066+0000] {dagbag.py:541} INFO - Filling up the DagBag from /home/airflow/.local/lib/python3.7/site-packages/airflow/example_dags/example_local_kubernetes_executor.py
[2023-05-03T09:48:25.868+0000] {processor.py:809} INFO - DAG(s) dict_keys(['example_local_kubernetes_executor']) retrieved from /home/airflow/.local/lib/python3.7/site-packages/airflow/example_dags/example_local_kubernetes_executor.py
[2023-05-03T09:48:26.385+0000] {logging_mixin.py:149} INFO - [2023-05-03T09:48:26.385+0000] {dag.py:2726} INFO - Sync 1 DAGs
[2023-05-03T09:48:26.572+0000] {logging_mixin.py:149} INFO - [2023-05-03T09:48:26.572+0000] {dag.py:3490} INFO - Setting next_dagrun for example_local_kubernetes_executor to None, run_after=None
[2023-05-03T09:48:26.718+0000] {processor.py:178} INFO - Processing /home/airflow/.local/lib/python3.7/site-packages/airflow/example_dags/example_local_kubernetes_executor.py took 4.686 seconds
[2023-05-03T09:48:57.322+0000] {processor.py:156} INFO - Started process (PID=1309) to work on /home/airflow/.local/lib/python3.7/site-packages/airflow/example_dags/example_local_kubernetes_executor.py
[2023-05-03T09:48:57.353+0000] {processor.py:799} INFO - Processing file /home/airflow/.local/lib/python3.7/site-packages/airflow/example_dags/example_local_kubernetes_executor.py for tasks to queue
[2023-05-03T09:48:57.366+0000] {logging_mixin.py:149} INFO - [2023-05-03T09:48:57.366+0000] {dagbag.py:541} INFO - Filling up the DagBag from /home/airflow/.local/lib/python3.7/site-packages/airflow/example_dags/example_local_kubernetes_executor.py
[2023-05-03T09:49:33.401+0000] {logging_mixin.py:149} INFO - [2023-05-03T09:49:33.368+0000] {timeout.py:68} ERROR - Process timed out, PID: 1309
[2023-05-03T09:49:33.426+0000] {logging_mixin.py:149} WARNING - Exception ignored in: <function WeakKeyDictionary.__init__.<locals>.remove at 0x7fb6617079e0>
[2023-05-03T09:49:33.428+0000] {logging_mixin.py:149} WARNING - Traceback (most recent call last):
[2023-05-03T09:49:33.430+0000] {logging_mixin.py:149} WARNING -   File "/usr/local/lib/python3.7/weakref.py", line 358, in remove
[2023-05-03T09:49:33.446+0000] {logging_mixin.py:149} WARNING -     def remove(k, selfref=ref(self)):
[2023-05-03T09:49:33.448+0000] {logging_mixin.py:149} WARNING -   File "/home/airflow/.local/lib/python3.7/site-packages/airflow/utils/timeout.py", line 69, in handle_timeout
[2023-05-03T09:49:33.467+0000] {logging_mixin.py:149} WARNING -     raise AirflowTaskTimeout(self.error_message)
[2023-05-03T09:49:33.478+0000] {logging_mixin.py:149} WARNING - airflow.exceptions.AirflowTaskTimeout: DagBag import timeout for /home/airflow/.local/lib/python3.7/site-packages/airflow/example_dags/example_local_kubernetes_executor.py after 30.0s.
Please take a look at these docs to improve your DAG import time:
* https://airflow.apache.org/docs/apache-airflow/2.6.0/best-practices.html#top-level-python-code
* https://airflow.apache.org/docs/apache-airflow/2.6.0/best-practices.html#reducing-dag-complexity, PID: 1309
[2023-05-03T09:49:37.263+0000] {processor.py:809} INFO - DAG(s) dict_keys(['example_local_kubernetes_executor']) retrieved from /home/airflow/.local/lib/python3.7/site-packages/airflow/example_dags/example_local_kubernetes_executor.py
[2023-05-03T09:49:37.811+0000] {logging_mixin.py:149} INFO - [2023-05-03T09:49:37.810+0000] {dag.py:2726} INFO - Sync 1 DAGs
[2023-05-03T09:49:37.959+0000] {logging_mixin.py:149} INFO - [2023-05-03T09:49:37.958+0000] {dag.py:3490} INFO - Setting next_dagrun for example_local_kubernetes_executor to None, run_after=None
[2023-05-03T09:49:38.085+0000] {processor.py:178} INFO - Processing /home/airflow/.local/lib/python3.7/site-packages/airflow/example_dags/example_local_kubernetes_executor.py took 40.514 seconds
[2023-05-03T09:50:08.750+0000] {processor.py:156} INFO - Started process (PID=1629) to work on /home/airflow/.local/lib/python3.7/site-packages/airflow/example_dags/example_local_kubernetes_executor.py
[2023-05-03T09:50:08.753+0000] {processor.py:799} INFO - Processing file /home/airflow/.local/lib/python3.7/site-packages/airflow/example_dags/example_local_kubernetes_executor.py for tasks to queue
[2023-05-03T09:50:08.757+0000] {logging_mixin.py:149} INFO - [2023-05-03T09:50:08.757+0000] {dagbag.py:541} INFO - Filling up the DagBag from /home/airflow/.local/lib/python3.7/site-packages/airflow/example_dags/example_local_kubernetes_executor.py
[2023-05-03T09:50:11.361+0000] {processor.py:809} INFO - DAG(s) dict_keys(['example_local_kubernetes_executor']) retrieved from /home/airflow/.local/lib/python3.7/site-packages/airflow/example_dags/example_local_kubernetes_executor.py
[2023-05-03T09:50:11.548+0000] {logging_mixin.py:149} INFO - [2023-05-03T09:50:11.546+0000] {dag.py:2726} INFO - Sync 1 DAGs
[2023-05-03T09:50:11.624+0000] {logging_mixin.py:149} INFO - [2023-05-03T09:50:11.624+0000] {dag.py:3490} INFO - Setting next_dagrun for example_local_kubernetes_executor to None, run_after=None
[2023-05-03T09:50:11.683+0000] {processor.py:178} INFO - Processing /home/airflow/.local/lib/python3.7/site-packages/airflow/example_dags/example_local_kubernetes_executor.py took 2.953 seconds
[2023-05-03T09:50:41.866+0000] {processor.py:156} INFO - Started process (PID=1865) to work on /home/airflow/.local/lib/python3.7/site-packages/airflow/example_dags/example_local_kubernetes_executor.py
[2023-05-03T09:50:41.869+0000] {processor.py:799} INFO - Processing file /home/airflow/.local/lib/python3.7/site-packages/airflow/example_dags/example_local_kubernetes_executor.py for tasks to queue
[2023-05-03T09:50:41.877+0000] {logging_mixin.py:149} INFO - [2023-05-03T09:50:41.877+0000] {dagbag.py:541} INFO - Filling up the DagBag from /home/airflow/.local/lib/python3.7/site-packages/airflow/example_dags/example_local_kubernetes_executor.py
[2023-05-03T09:50:43.241+0000] {processor.py:809} INFO - DAG(s) dict_keys(['example_local_kubernetes_executor']) retrieved from /home/airflow/.local/lib/python3.7/site-packages/airflow/example_dags/example_local_kubernetes_executor.py
[2023-05-03T09:50:43.376+0000] {logging_mixin.py:149} INFO - [2023-05-03T09:50:43.375+0000] {dag.py:2726} INFO - Sync 1 DAGs
[2023-05-03T09:50:43.448+0000] {logging_mixin.py:149} INFO - [2023-05-03T09:50:43.447+0000] {dag.py:3490} INFO - Setting next_dagrun for example_local_kubernetes_executor to None, run_after=None
[2023-05-03T09:50:43.517+0000] {processor.py:178} INFO - Processing /home/airflow/.local/lib/python3.7/site-packages/airflow/example_dags/example_local_kubernetes_executor.py took 1.657 seconds
[2023-05-03T09:51:52.787+0000] {processor.py:156} INFO - Started process (PID=2160) to work on /home/airflow/.local/lib/python3.7/site-packages/airflow/example_dags/example_local_kubernetes_executor.py
[2023-05-03T09:51:52.790+0000] {processor.py:799} INFO - Processing file /home/airflow/.local/lib/python3.7/site-packages/airflow/example_dags/example_local_kubernetes_executor.py for tasks to queue
[2023-05-03T09:51:52.792+0000] {logging_mixin.py:149} INFO - [2023-05-03T09:51:52.792+0000] {dagbag.py:541} INFO - Filling up the DagBag from /home/airflow/.local/lib/python3.7/site-packages/airflow/example_dags/example_local_kubernetes_executor.py
[2023-05-03T09:51:58.864+0000] {processor.py:809} INFO - DAG(s) dict_keys(['example_local_kubernetes_executor']) retrieved from /home/airflow/.local/lib/python3.7/site-packages/airflow/example_dags/example_local_kubernetes_executor.py
[2023-05-03T09:51:59.106+0000] {logging_mixin.py:149} INFO - [2023-05-03T09:51:59.105+0000] {dag.py:2726} INFO - Sync 1 DAGs
[2023-05-03T09:51:59.218+0000] {logging_mixin.py:149} INFO - [2023-05-03T09:51:59.217+0000] {dag.py:3490} INFO - Setting next_dagrun for example_local_kubernetes_executor to None, run_after=None
[2023-05-03T09:51:59.393+0000] {processor.py:178} INFO - Processing /home/airflow/.local/lib/python3.7/site-packages/airflow/example_dags/example_local_kubernetes_executor.py took 6.621 seconds
[2023-05-03T09:52:30.042+0000] {processor.py:156} INFO - Started process (PID=2403) to work on /home/airflow/.local/lib/python3.7/site-packages/airflow/example_dags/example_local_kubernetes_executor.py
[2023-05-03T09:52:30.045+0000] {processor.py:799} INFO - Processing file /home/airflow/.local/lib/python3.7/site-packages/airflow/example_dags/example_local_kubernetes_executor.py for tasks to queue
[2023-05-03T09:52:30.046+0000] {logging_mixin.py:149} INFO - [2023-05-03T09:52:30.046+0000] {dagbag.py:541} INFO - Filling up the DagBag from /home/airflow/.local/lib/python3.7/site-packages/airflow/example_dags/example_local_kubernetes_executor.py
[2023-05-03T09:52:31.165+0000] {processor.py:809} INFO - DAG(s) dict_keys(['example_local_kubernetes_executor']) retrieved from /home/airflow/.local/lib/python3.7/site-packages/airflow/example_dags/example_local_kubernetes_executor.py
[2023-05-03T09:52:31.415+0000] {logging_mixin.py:149} INFO - [2023-05-03T09:52:31.415+0000] {dag.py:2726} INFO - Sync 1 DAGs
[2023-05-03T09:52:31.509+0000] {logging_mixin.py:149} INFO - [2023-05-03T09:52:31.508+0000] {dag.py:3490} INFO - Setting next_dagrun for example_local_kubernetes_executor to None, run_after=None
[2023-05-03T09:52:31.576+0000] {processor.py:178} INFO - Processing /home/airflow/.local/lib/python3.7/site-packages/airflow/example_dags/example_local_kubernetes_executor.py took 1.540 seconds
[2023-05-03T09:53:01.719+0000] {processor.py:156} INFO - Started process (PID=2646) to work on /home/airflow/.local/lib/python3.7/site-packages/airflow/example_dags/example_local_kubernetes_executor.py
[2023-05-03T09:53:01.730+0000] {processor.py:799} INFO - Processing file /home/airflow/.local/lib/python3.7/site-packages/airflow/example_dags/example_local_kubernetes_executor.py for tasks to queue
[2023-05-03T09:53:01.731+0000] {logging_mixin.py:149} INFO - [2023-05-03T09:53:01.731+0000] {dagbag.py:541} INFO - Filling up the DagBag from /home/airflow/.local/lib/python3.7/site-packages/airflow/example_dags/example_local_kubernetes_executor.py
[2023-05-03T09:53:02.802+0000] {processor.py:809} INFO - DAG(s) dict_keys(['example_local_kubernetes_executor']) retrieved from /home/airflow/.local/lib/python3.7/site-packages/airflow/example_dags/example_local_kubernetes_executor.py
[2023-05-03T09:53:02.910+0000] {logging_mixin.py:149} INFO - [2023-05-03T09:53:02.910+0000] {dag.py:2726} INFO - Sync 1 DAGs
[2023-05-03T09:53:02.980+0000] {logging_mixin.py:149} INFO - [2023-05-03T09:53:02.980+0000] {dag.py:3490} INFO - Setting next_dagrun for example_local_kubernetes_executor to None, run_after=None
[2023-05-03T09:53:03.057+0000] {processor.py:178} INFO - Processing /home/airflow/.local/lib/python3.7/site-packages/airflow/example_dags/example_local_kubernetes_executor.py took 1.343 seconds
[2023-05-03T09:53:33.257+0000] {processor.py:156} INFO - Started process (PID=2884) to work on /home/airflow/.local/lib/python3.7/site-packages/airflow/example_dags/example_local_kubernetes_executor.py
[2023-05-03T09:53:33.266+0000] {processor.py:799} INFO - Processing file /home/airflow/.local/lib/python3.7/site-packages/airflow/example_dags/example_local_kubernetes_executor.py for tasks to queue
[2023-05-03T09:53:33.280+0000] {logging_mixin.py:149} INFO - [2023-05-03T09:53:33.280+0000] {dagbag.py:541} INFO - Filling up the DagBag from /home/airflow/.local/lib/python3.7/site-packages/airflow/example_dags/example_local_kubernetes_executor.py
[2023-05-03T09:53:34.978+0000] {processor.py:809} INFO - DAG(s) dict_keys(['example_local_kubernetes_executor']) retrieved from /home/airflow/.local/lib/python3.7/site-packages/airflow/example_dags/example_local_kubernetes_executor.py
[2023-05-03T09:53:35.063+0000] {logging_mixin.py:149} INFO - [2023-05-03T09:53:35.063+0000] {dag.py:2726} INFO - Sync 1 DAGs
[2023-05-03T09:53:35.126+0000] {logging_mixin.py:149} INFO - [2023-05-03T09:53:35.125+0000] {dag.py:3490} INFO - Setting next_dagrun for example_local_kubernetes_executor to None, run_after=None
[2023-05-03T09:53:35.191+0000] {processor.py:178} INFO - Processing /home/airflow/.local/lib/python3.7/site-packages/airflow/example_dags/example_local_kubernetes_executor.py took 1.939 seconds
[2023-05-03T09:54:05.562+0000] {processor.py:156} INFO - Started process (PID=3131) to work on /home/airflow/.local/lib/python3.7/site-packages/airflow/example_dags/example_local_kubernetes_executor.py
[2023-05-03T09:54:05.564+0000] {processor.py:799} INFO - Processing file /home/airflow/.local/lib/python3.7/site-packages/airflow/example_dags/example_local_kubernetes_executor.py for tasks to queue
[2023-05-03T09:54:05.566+0000] {logging_mixin.py:149} INFO - [2023-05-03T09:54:05.566+0000] {dagbag.py:541} INFO - Filling up the DagBag from /home/airflow/.local/lib/python3.7/site-packages/airflow/example_dags/example_local_kubernetes_executor.py
[2023-05-03T09:54:14.481+0000] {processor.py:809} INFO - DAG(s) dict_keys(['example_local_kubernetes_executor']) retrieved from /home/airflow/.local/lib/python3.7/site-packages/airflow/example_dags/example_local_kubernetes_executor.py
[2023-05-03T09:54:14.893+0000] {logging_mixin.py:149} INFO - [2023-05-03T09:54:14.893+0000] {dag.py:2726} INFO - Sync 1 DAGs
[2023-05-03T09:54:15.176+0000] {logging_mixin.py:149} INFO - [2023-05-03T09:54:15.176+0000] {dag.py:3490} INFO - Setting next_dagrun for example_local_kubernetes_executor to None, run_after=None
[2023-05-03T09:54:15.716+0000] {processor.py:178} INFO - Processing /home/airflow/.local/lib/python3.7/site-packages/airflow/example_dags/example_local_kubernetes_executor.py took 10.167 seconds
[2023-05-03T09:55:03.598+0000] {processor.py:156} INFO - Started process (PID=3417) to work on /home/airflow/.local/lib/python3.7/site-packages/airflow/example_dags/example_local_kubernetes_executor.py
[2023-05-03T09:55:03.610+0000] {processor.py:799} INFO - Processing file /home/airflow/.local/lib/python3.7/site-packages/airflow/example_dags/example_local_kubernetes_executor.py for tasks to queue
[2023-05-03T09:55:03.612+0000] {logging_mixin.py:149} INFO - [2023-05-03T09:55:03.612+0000] {dagbag.py:541} INFO - Filling up the DagBag from /home/airflow/.local/lib/python3.7/site-packages/airflow/example_dags/example_local_kubernetes_executor.py
[2023-05-03T09:55:05.658+0000] {processor.py:809} INFO - DAG(s) dict_keys(['example_local_kubernetes_executor']) retrieved from /home/airflow/.local/lib/python3.7/site-packages/airflow/example_dags/example_local_kubernetes_executor.py
[2023-05-03T09:55:05.787+0000] {logging_mixin.py:149} INFO - [2023-05-03T09:55:05.787+0000] {dag.py:2726} INFO - Sync 1 DAGs
[2023-05-03T09:55:05.858+0000] {logging_mixin.py:149} INFO - [2023-05-03T09:55:05.857+0000] {dag.py:3490} INFO - Setting next_dagrun for example_local_kubernetes_executor to None, run_after=None
[2023-05-03T09:55:05.927+0000] {processor.py:178} INFO - Processing /home/airflow/.local/lib/python3.7/site-packages/airflow/example_dags/example_local_kubernetes_executor.py took 2.336 seconds
[2023-05-03T09:55:36.767+0000] {processor.py:156} INFO - Started process (PID=3652) to work on /home/airflow/.local/lib/python3.7/site-packages/airflow/example_dags/example_local_kubernetes_executor.py
[2023-05-03T09:55:36.769+0000] {processor.py:799} INFO - Processing file /home/airflow/.local/lib/python3.7/site-packages/airflow/example_dags/example_local_kubernetes_executor.py for tasks to queue
[2023-05-03T09:55:36.781+0000] {logging_mixin.py:149} INFO - [2023-05-03T09:55:36.773+0000] {dagbag.py:541} INFO - Filling up the DagBag from /home/airflow/.local/lib/python3.7/site-packages/airflow/example_dags/example_local_kubernetes_executor.py
[2023-05-03T09:55:40.036+0000] {processor.py:809} INFO - DAG(s) dict_keys(['example_local_kubernetes_executor']) retrieved from /home/airflow/.local/lib/python3.7/site-packages/airflow/example_dags/example_local_kubernetes_executor.py
[2023-05-03T09:55:41.034+0000] {logging_mixin.py:149} INFO - [2023-05-03T09:55:41.033+0000] {dag.py:2726} INFO - Sync 1 DAGs
[2023-05-03T09:55:41.164+0000] {logging_mixin.py:149} INFO - [2023-05-03T09:55:41.164+0000] {dag.py:3490} INFO - Setting next_dagrun for example_local_kubernetes_executor to None, run_after=None
[2023-05-03T09:55:41.282+0000] {processor.py:178} INFO - Processing /home/airflow/.local/lib/python3.7/site-packages/airflow/example_dags/example_local_kubernetes_executor.py took 4.521 seconds
[2023-05-03T09:56:11.782+0000] {processor.py:156} INFO - Started process (PID=3888) to work on /home/airflow/.local/lib/python3.7/site-packages/airflow/example_dags/example_local_kubernetes_executor.py
[2023-05-03T09:56:11.792+0000] {processor.py:799} INFO - Processing file /home/airflow/.local/lib/python3.7/site-packages/airflow/example_dags/example_local_kubernetes_executor.py for tasks to queue
[2023-05-03T09:56:11.795+0000] {logging_mixin.py:149} INFO - [2023-05-03T09:56:11.795+0000] {dagbag.py:541} INFO - Filling up the DagBag from /home/airflow/.local/lib/python3.7/site-packages/airflow/example_dags/example_local_kubernetes_executor.py
[2023-05-03T09:56:19.940+0000] {processor.py:809} INFO - DAG(s) dict_keys(['example_local_kubernetes_executor']) retrieved from /home/airflow/.local/lib/python3.7/site-packages/airflow/example_dags/example_local_kubernetes_executor.py
[2023-05-03T09:56:20.878+0000] {logging_mixin.py:149} INFO - [2023-05-03T09:56:20.878+0000] {dag.py:2726} INFO - Sync 1 DAGs
[2023-05-03T09:56:20.988+0000] {logging_mixin.py:149} INFO - [2023-05-03T09:56:20.988+0000] {dag.py:3490} INFO - Setting next_dagrun for example_local_kubernetes_executor to None, run_after=None
[2023-05-03T09:56:21.269+0000] {processor.py:178} INFO - Processing /home/airflow/.local/lib/python3.7/site-packages/airflow/example_dags/example_local_kubernetes_executor.py took 9.505 seconds
[2023-05-03T09:56:52.008+0000] {processor.py:156} INFO - Started process (PID=4123) to work on /home/airflow/.local/lib/python3.7/site-packages/airflow/example_dags/example_local_kubernetes_executor.py
[2023-05-03T09:56:52.010+0000] {processor.py:799} INFO - Processing file /home/airflow/.local/lib/python3.7/site-packages/airflow/example_dags/example_local_kubernetes_executor.py for tasks to queue
[2023-05-03T09:56:52.012+0000] {logging_mixin.py:149} INFO - [2023-05-03T09:56:52.012+0000] {dagbag.py:541} INFO - Filling up the DagBag from /home/airflow/.local/lib/python3.7/site-packages/airflow/example_dags/example_local_kubernetes_executor.py
[2023-05-03T09:56:54.310+0000] {processor.py:809} INFO - DAG(s) dict_keys(['example_local_kubernetes_executor']) retrieved from /home/airflow/.local/lib/python3.7/site-packages/airflow/example_dags/example_local_kubernetes_executor.py
[2023-05-03T09:56:54.442+0000] {logging_mixin.py:149} INFO - [2023-05-03T09:56:54.442+0000] {dag.py:2726} INFO - Sync 1 DAGs
[2023-05-03T09:56:54.584+0000] {logging_mixin.py:149} INFO - [2023-05-03T09:56:54.584+0000] {dag.py:3490} INFO - Setting next_dagrun for example_local_kubernetes_executor to None, run_after=None
[2023-05-03T09:56:54.649+0000] {processor.py:178} INFO - Processing /home/airflow/.local/lib/python3.7/site-packages/airflow/example_dags/example_local_kubernetes_executor.py took 2.652 seconds
[2023-05-03T09:57:25.328+0000] {processor.py:156} INFO - Started process (PID=4358) to work on /home/airflow/.local/lib/python3.7/site-packages/airflow/example_dags/example_local_kubernetes_executor.py
[2023-05-03T09:57:25.330+0000] {processor.py:799} INFO - Processing file /home/airflow/.local/lib/python3.7/site-packages/airflow/example_dags/example_local_kubernetes_executor.py for tasks to queue
[2023-05-03T09:57:25.332+0000] {logging_mixin.py:149} INFO - [2023-05-03T09:57:25.332+0000] {dagbag.py:541} INFO - Filling up the DagBag from /home/airflow/.local/lib/python3.7/site-packages/airflow/example_dags/example_local_kubernetes_executor.py
[2023-05-03T09:57:29.167+0000] {processor.py:809} INFO - DAG(s) dict_keys(['example_local_kubernetes_executor']) retrieved from /home/airflow/.local/lib/python3.7/site-packages/airflow/example_dags/example_local_kubernetes_executor.py
[2023-05-03T09:57:30.422+0000] {logging_mixin.py:149} INFO - [2023-05-03T09:57:30.421+0000] {dag.py:2726} INFO - Sync 1 DAGs
[2023-05-03T09:57:30.632+0000] {logging_mixin.py:149} INFO - [2023-05-03T09:57:30.632+0000] {dag.py:3490} INFO - Setting next_dagrun for example_local_kubernetes_executor to None, run_after=None
[2023-05-03T09:57:31.295+0000] {processor.py:178} INFO - Processing /home/airflow/.local/lib/python3.7/site-packages/airflow/example_dags/example_local_kubernetes_executor.py took 5.976 seconds
[2023-05-03T09:58:02.822+0000] {processor.py:156} INFO - Started process (PID=4597) to work on /home/airflow/.local/lib/python3.7/site-packages/airflow/example_dags/example_local_kubernetes_executor.py
[2023-05-03T09:58:02.825+0000] {processor.py:799} INFO - Processing file /home/airflow/.local/lib/python3.7/site-packages/airflow/example_dags/example_local_kubernetes_executor.py for tasks to queue
[2023-05-03T09:58:02.828+0000] {logging_mixin.py:149} INFO - [2023-05-03T09:58:02.827+0000] {dagbag.py:541} INFO - Filling up the DagBag from /home/airflow/.local/lib/python3.7/site-packages/airflow/example_dags/example_local_kubernetes_executor.py
[2023-05-03T09:58:04.074+0000] {processor.py:809} INFO - DAG(s) dict_keys(['example_local_kubernetes_executor']) retrieved from /home/airflow/.local/lib/python3.7/site-packages/airflow/example_dags/example_local_kubernetes_executor.py
[2023-05-03T09:58:04.163+0000] {logging_mixin.py:149} INFO - [2023-05-03T09:58:04.163+0000] {dag.py:2726} INFO - Sync 1 DAGs
[2023-05-03T09:58:04.216+0000] {logging_mixin.py:149} INFO - [2023-05-03T09:58:04.215+0000] {dag.py:3490} INFO - Setting next_dagrun for example_local_kubernetes_executor to None, run_after=None
[2023-05-03T09:58:04.291+0000] {processor.py:178} INFO - Processing /home/airflow/.local/lib/python3.7/site-packages/airflow/example_dags/example_local_kubernetes_executor.py took 1.474 seconds
[2023-05-03T09:58:34.476+0000] {processor.py:156} INFO - Started process (PID=4843) to work on /home/airflow/.local/lib/python3.7/site-packages/airflow/example_dags/example_local_kubernetes_executor.py
[2023-05-03T09:58:34.478+0000] {processor.py:799} INFO - Processing file /home/airflow/.local/lib/python3.7/site-packages/airflow/example_dags/example_local_kubernetes_executor.py for tasks to queue
[2023-05-03T09:58:34.480+0000] {logging_mixin.py:149} INFO - [2023-05-03T09:58:34.479+0000] {dagbag.py:541} INFO - Filling up the DagBag from /home/airflow/.local/lib/python3.7/site-packages/airflow/example_dags/example_local_kubernetes_executor.py
[2023-05-03T09:58:34.974+0000] {processor.py:809} INFO - DAG(s) dict_keys(['example_local_kubernetes_executor']) retrieved from /home/airflow/.local/lib/python3.7/site-packages/airflow/example_dags/example_local_kubernetes_executor.py
[2023-05-03T09:58:35.034+0000] {logging_mixin.py:149} INFO - [2023-05-03T09:58:35.034+0000] {dag.py:2726} INFO - Sync 1 DAGs
[2023-05-03T09:58:35.077+0000] {logging_mixin.py:149} INFO - [2023-05-03T09:58:35.077+0000] {dag.py:3490} INFO - Setting next_dagrun for example_local_kubernetes_executor to None, run_after=None
[2023-05-03T09:58:35.115+0000] {processor.py:178} INFO - Processing /home/airflow/.local/lib/python3.7/site-packages/airflow/example_dags/example_local_kubernetes_executor.py took 0.643 seconds
[2023-05-03T09:59:05.393+0000] {processor.py:156} INFO - Started process (PID=5078) to work on /home/airflow/.local/lib/python3.7/site-packages/airflow/example_dags/example_local_kubernetes_executor.py
[2023-05-03T09:59:05.399+0000] {processor.py:799} INFO - Processing file /home/airflow/.local/lib/python3.7/site-packages/airflow/example_dags/example_local_kubernetes_executor.py for tasks to queue
[2023-05-03T09:59:05.404+0000] {logging_mixin.py:149} INFO - [2023-05-03T09:59:05.404+0000] {dagbag.py:541} INFO - Filling up the DagBag from /home/airflow/.local/lib/python3.7/site-packages/airflow/example_dags/example_local_kubernetes_executor.py
[2023-05-03T09:59:06.644+0000] {processor.py:809} INFO - DAG(s) dict_keys(['example_local_kubernetes_executor']) retrieved from /home/airflow/.local/lib/python3.7/site-packages/airflow/example_dags/example_local_kubernetes_executor.py
[2023-05-03T09:59:06.759+0000] {logging_mixin.py:149} INFO - [2023-05-03T09:59:06.759+0000] {dag.py:2726} INFO - Sync 1 DAGs
[2023-05-03T09:59:06.851+0000] {logging_mixin.py:149} INFO - [2023-05-03T09:59:06.849+0000] {dag.py:3490} INFO - Setting next_dagrun for example_local_kubernetes_executor to None, run_after=None
[2023-05-03T09:59:06.916+0000] {processor.py:178} INFO - Processing /home/airflow/.local/lib/python3.7/site-packages/airflow/example_dags/example_local_kubernetes_executor.py took 1.532 seconds
[2023-05-03T09:59:37.215+0000] {processor.py:156} INFO - Started process (PID=5319) to work on /home/airflow/.local/lib/python3.7/site-packages/airflow/example_dags/example_local_kubernetes_executor.py
[2023-05-03T09:59:37.230+0000] {processor.py:799} INFO - Processing file /home/airflow/.local/lib/python3.7/site-packages/airflow/example_dags/example_local_kubernetes_executor.py for tasks to queue
[2023-05-03T09:59:37.232+0000] {logging_mixin.py:149} INFO - [2023-05-03T09:59:37.232+0000] {dagbag.py:541} INFO - Filling up the DagBag from /home/airflow/.local/lib/python3.7/site-packages/airflow/example_dags/example_local_kubernetes_executor.py
[2023-05-03T09:59:37.652+0000] {processor.py:809} INFO - DAG(s) dict_keys(['example_local_kubernetes_executor']) retrieved from /home/airflow/.local/lib/python3.7/site-packages/airflow/example_dags/example_local_kubernetes_executor.py
[2023-05-03T09:59:37.708+0000] {logging_mixin.py:149} INFO - [2023-05-03T09:59:37.708+0000] {dag.py:2726} INFO - Sync 1 DAGs
[2023-05-03T09:59:37.747+0000] {logging_mixin.py:149} INFO - [2023-05-03T09:59:37.747+0000] {dag.py:3490} INFO - Setting next_dagrun for example_local_kubernetes_executor to None, run_after=None
[2023-05-03T09:59:37.778+0000] {processor.py:178} INFO - Processing /home/airflow/.local/lib/python3.7/site-packages/airflow/example_dags/example_local_kubernetes_executor.py took 0.568 seconds
[2023-05-03T10:00:08.901+0000] {processor.py:156} INFO - Started process (PID=5567) to work on /home/airflow/.local/lib/python3.7/site-packages/airflow/example_dags/example_local_kubernetes_executor.py
[2023-05-03T10:00:08.904+0000] {processor.py:799} INFO - Processing file /home/airflow/.local/lib/python3.7/site-packages/airflow/example_dags/example_local_kubernetes_executor.py for tasks to queue
[2023-05-03T10:00:08.909+0000] {logging_mixin.py:149} INFO - [2023-05-03T10:00:08.909+0000] {dagbag.py:541} INFO - Filling up the DagBag from /home/airflow/.local/lib/python3.7/site-packages/airflow/example_dags/example_local_kubernetes_executor.py
[2023-05-03T10:00:09.362+0000] {processor.py:809} INFO - DAG(s) dict_keys(['example_local_kubernetes_executor']) retrieved from /home/airflow/.local/lib/python3.7/site-packages/airflow/example_dags/example_local_kubernetes_executor.py
[2023-05-03T10:00:09.462+0000] {logging_mixin.py:149} INFO - [2023-05-03T10:00:09.462+0000] {dag.py:2726} INFO - Sync 1 DAGs
[2023-05-03T10:00:09.540+0000] {logging_mixin.py:149} INFO - [2023-05-03T10:00:09.540+0000] {dag.py:3490} INFO - Setting next_dagrun for example_local_kubernetes_executor to None, run_after=None
[2023-05-03T10:00:09.595+0000] {processor.py:178} INFO - Processing /home/airflow/.local/lib/python3.7/site-packages/airflow/example_dags/example_local_kubernetes_executor.py took 0.699 seconds
[2023-05-03T10:00:39.831+0000] {processor.py:156} INFO - Started process (PID=5803) to work on /home/airflow/.local/lib/python3.7/site-packages/airflow/example_dags/example_local_kubernetes_executor.py
[2023-05-03T10:00:39.837+0000] {processor.py:799} INFO - Processing file /home/airflow/.local/lib/python3.7/site-packages/airflow/example_dags/example_local_kubernetes_executor.py for tasks to queue
[2023-05-03T10:00:39.847+0000] {logging_mixin.py:149} INFO - [2023-05-03T10:00:39.844+0000] {dagbag.py:541} INFO - Filling up the DagBag from /home/airflow/.local/lib/python3.7/site-packages/airflow/example_dags/example_local_kubernetes_executor.py
[2023-05-03T10:00:40.422+0000] {processor.py:809} INFO - DAG(s) dict_keys(['example_local_kubernetes_executor']) retrieved from /home/airflow/.local/lib/python3.7/site-packages/airflow/example_dags/example_local_kubernetes_executor.py
[2023-05-03T10:00:40.522+0000] {logging_mixin.py:149} INFO - [2023-05-03T10:00:40.521+0000] {dag.py:2726} INFO - Sync 1 DAGs
[2023-05-03T10:00:40.582+0000] {logging_mixin.py:149} INFO - [2023-05-03T10:00:40.582+0000] {dag.py:3490} INFO - Setting next_dagrun for example_local_kubernetes_executor to None, run_after=None
[2023-05-03T10:00:40.651+0000] {processor.py:178} INFO - Processing /home/airflow/.local/lib/python3.7/site-packages/airflow/example_dags/example_local_kubernetes_executor.py took 0.830 seconds
[2023-05-03T10:01:11.036+0000] {processor.py:156} INFO - Started process (PID=6049) to work on /home/airflow/.local/lib/python3.7/site-packages/airflow/example_dags/example_local_kubernetes_executor.py
[2023-05-03T10:01:11.038+0000] {processor.py:799} INFO - Processing file /home/airflow/.local/lib/python3.7/site-packages/airflow/example_dags/example_local_kubernetes_executor.py for tasks to queue
[2023-05-03T10:01:11.040+0000] {logging_mixin.py:149} INFO - [2023-05-03T10:01:11.039+0000] {dagbag.py:541} INFO - Filling up the DagBag from /home/airflow/.local/lib/python3.7/site-packages/airflow/example_dags/example_local_kubernetes_executor.py
[2023-05-03T10:01:11.420+0000] {processor.py:809} INFO - DAG(s) dict_keys(['example_local_kubernetes_executor']) retrieved from /home/airflow/.local/lib/python3.7/site-packages/airflow/example_dags/example_local_kubernetes_executor.py
[2023-05-03T10:01:11.471+0000] {logging_mixin.py:149} INFO - [2023-05-03T10:01:11.471+0000] {dag.py:2726} INFO - Sync 1 DAGs
[2023-05-03T10:01:11.512+0000] {logging_mixin.py:149} INFO - [2023-05-03T10:01:11.512+0000] {dag.py:3490} INFO - Setting next_dagrun for example_local_kubernetes_executor to None, run_after=None
[2023-05-03T10:01:11.544+0000] {processor.py:178} INFO - Processing /home/airflow/.local/lib/python3.7/site-packages/airflow/example_dags/example_local_kubernetes_executor.py took 0.512 seconds
[2023-05-03T10:01:41.941+0000] {processor.py:156} INFO - Started process (PID=6284) to work on /home/airflow/.local/lib/python3.7/site-packages/airflow/example_dags/example_local_kubernetes_executor.py
[2023-05-03T10:01:41.954+0000] {processor.py:799} INFO - Processing file /home/airflow/.local/lib/python3.7/site-packages/airflow/example_dags/example_local_kubernetes_executor.py for tasks to queue
[2023-05-03T10:01:41.956+0000] {logging_mixin.py:149} INFO - [2023-05-03T10:01:41.955+0000] {dagbag.py:541} INFO - Filling up the DagBag from /home/airflow/.local/lib/python3.7/site-packages/airflow/example_dags/example_local_kubernetes_executor.py
[2023-05-03T10:01:42.723+0000] {processor.py:809} INFO - DAG(s) dict_keys(['example_local_kubernetes_executor']) retrieved from /home/airflow/.local/lib/python3.7/site-packages/airflow/example_dags/example_local_kubernetes_executor.py
[2023-05-03T10:01:42.864+0000] {logging_mixin.py:149} INFO - [2023-05-03T10:01:42.864+0000] {dag.py:2726} INFO - Sync 1 DAGs
[2023-05-03T10:01:42.974+0000] {logging_mixin.py:149} INFO - [2023-05-03T10:01:42.973+0000] {dag.py:3490} INFO - Setting next_dagrun for example_local_kubernetes_executor to None, run_after=None
[2023-05-03T10:01:43.032+0000] {processor.py:178} INFO - Processing /home/airflow/.local/lib/python3.7/site-packages/airflow/example_dags/example_local_kubernetes_executor.py took 1.096 seconds
[2023-05-03T10:45:42.692+0000] {processor.py:156} INFO - Started process (PID=6471) to work on /home/airflow/.local/lib/python3.7/site-packages/airflow/example_dags/example_local_kubernetes_executor.py
[2023-05-03T10:45:42.706+0000] {processor.py:799} INFO - Processing file /home/airflow/.local/lib/python3.7/site-packages/airflow/example_dags/example_local_kubernetes_executor.py for tasks to queue
[2023-05-03T10:45:42.710+0000] {logging_mixin.py:149} INFO - [2023-05-03T10:45:42.710+0000] {dagbag.py:541} INFO - Filling up the DagBag from /home/airflow/.local/lib/python3.7/site-packages/airflow/example_dags/example_local_kubernetes_executor.py
[2023-05-03T10:45:45.707+0000] {processor.py:809} INFO - DAG(s) dict_keys(['example_local_kubernetes_executor']) retrieved from /home/airflow/.local/lib/python3.7/site-packages/airflow/example_dags/example_local_kubernetes_executor.py
[2023-05-03T10:45:47.332+0000] {logging_mixin.py:149} INFO - [2023-05-03T10:45:47.330+0000] {dag.py:2726} INFO - Sync 1 DAGs
[2023-05-03T10:45:47.612+0000] {logging_mixin.py:149} INFO - [2023-05-03T10:45:47.611+0000] {dag.py:3490} INFO - Setting next_dagrun for example_local_kubernetes_executor to None, run_after=None
[2023-05-03T10:45:47.878+0000] {processor.py:178} INFO - Processing /home/airflow/.local/lib/python3.7/site-packages/airflow/example_dags/example_local_kubernetes_executor.py took 5.186 seconds
[2023-05-03T10:46:20.335+0000] {processor.py:156} INFO - Started process (PID=6707) to work on /home/airflow/.local/lib/python3.7/site-packages/airflow/example_dags/example_local_kubernetes_executor.py
[2023-05-03T10:46:20.346+0000] {processor.py:799} INFO - Processing file /home/airflow/.local/lib/python3.7/site-packages/airflow/example_dags/example_local_kubernetes_executor.py for tasks to queue
[2023-05-03T10:46:20.349+0000] {logging_mixin.py:149} INFO - [2023-05-03T10:46:20.348+0000] {dagbag.py:541} INFO - Filling up the DagBag from /home/airflow/.local/lib/python3.7/site-packages/airflow/example_dags/example_local_kubernetes_executor.py
[2023-05-03T10:46:21.767+0000] {processor.py:809} INFO - DAG(s) dict_keys(['example_local_kubernetes_executor']) retrieved from /home/airflow/.local/lib/python3.7/site-packages/airflow/example_dags/example_local_kubernetes_executor.py
[2023-05-03T10:46:22.155+0000] {logging_mixin.py:149} INFO - [2023-05-03T10:46:22.155+0000] {dag.py:2726} INFO - Sync 1 DAGs
[2023-05-03T10:46:22.463+0000] {logging_mixin.py:149} INFO - [2023-05-03T10:46:22.453+0000] {dag.py:3490} INFO - Setting next_dagrun for example_local_kubernetes_executor to None, run_after=None
[2023-05-03T10:46:22.610+0000] {processor.py:178} INFO - Processing /home/airflow/.local/lib/python3.7/site-packages/airflow/example_dags/example_local_kubernetes_executor.py took 2.281 seconds
[2023-05-03T10:47:39.847+0000] {processor.py:156} INFO - Started process (PID=6820) to work on /home/airflow/.local/lib/python3.7/site-packages/airflow/example_dags/example_local_kubernetes_executor.py
[2023-05-03T10:47:39.872+0000] {processor.py:799} INFO - Processing file /home/airflow/.local/lib/python3.7/site-packages/airflow/example_dags/example_local_kubernetes_executor.py for tasks to queue
[2023-05-03T10:47:39.893+0000] {logging_mixin.py:149} INFO - [2023-05-03T10:47:39.893+0000] {dagbag.py:541} INFO - Filling up the DagBag from /home/airflow/.local/lib/python3.7/site-packages/airflow/example_dags/example_local_kubernetes_executor.py
[2023-05-03T10:47:46.088+0000] {processor.py:809} INFO - DAG(s) dict_keys(['example_local_kubernetes_executor']) retrieved from /home/airflow/.local/lib/python3.7/site-packages/airflow/example_dags/example_local_kubernetes_executor.py
[2023-05-03T10:47:47.593+0000] {logging_mixin.py:149} INFO - [2023-05-03T10:47:47.593+0000] {dag.py:2726} INFO - Sync 1 DAGs
[2023-05-03T10:47:47.797+0000] {logging_mixin.py:149} INFO - [2023-05-03T10:47:47.797+0000] {dag.py:3490} INFO - Setting next_dagrun for example_local_kubernetes_executor to None, run_after=None
[2023-05-03T10:47:47.923+0000] {processor.py:178} INFO - Processing /home/airflow/.local/lib/python3.7/site-packages/airflow/example_dags/example_local_kubernetes_executor.py took 8.030 seconds
[2023-05-03T10:48:18.442+0000] {processor.py:156} INFO - Started process (PID=7079) to work on /home/airflow/.local/lib/python3.7/site-packages/airflow/example_dags/example_local_kubernetes_executor.py
[2023-05-03T10:48:18.444+0000] {processor.py:799} INFO - Processing file /home/airflow/.local/lib/python3.7/site-packages/airflow/example_dags/example_local_kubernetes_executor.py for tasks to queue
[2023-05-03T10:48:18.446+0000] {logging_mixin.py:149} INFO - [2023-05-03T10:48:18.445+0000] {dagbag.py:541} INFO - Filling up the DagBag from /home/airflow/.local/lib/python3.7/site-packages/airflow/example_dags/example_local_kubernetes_executor.py
[2023-05-03T10:48:20.106+0000] {processor.py:809} INFO - DAG(s) dict_keys(['example_local_kubernetes_executor']) retrieved from /home/airflow/.local/lib/python3.7/site-packages/airflow/example_dags/example_local_kubernetes_executor.py
[2023-05-03T10:48:20.374+0000] {logging_mixin.py:149} INFO - [2023-05-03T10:48:20.374+0000] {dag.py:2726} INFO - Sync 1 DAGs
[2023-05-03T10:48:20.539+0000] {logging_mixin.py:149} INFO - [2023-05-03T10:48:20.538+0000] {dag.py:3490} INFO - Setting next_dagrun for example_local_kubernetes_executor to None, run_after=None
[2023-05-03T10:48:20.684+0000] {processor.py:178} INFO - Processing /home/airflow/.local/lib/python3.7/site-packages/airflow/example_dags/example_local_kubernetes_executor.py took 2.248 seconds
[2023-05-03T10:48:50.946+0000] {processor.py:156} INFO - Started process (PID=7325) to work on /home/airflow/.local/lib/python3.7/site-packages/airflow/example_dags/example_local_kubernetes_executor.py
[2023-05-03T10:48:50.948+0000] {processor.py:799} INFO - Processing file /home/airflow/.local/lib/python3.7/site-packages/airflow/example_dags/example_local_kubernetes_executor.py for tasks to queue
[2023-05-03T10:48:50.952+0000] {logging_mixin.py:149} INFO - [2023-05-03T10:48:50.951+0000] {dagbag.py:541} INFO - Filling up the DagBag from /home/airflow/.local/lib/python3.7/site-packages/airflow/example_dags/example_local_kubernetes_executor.py
[2023-05-03T10:48:51.409+0000] {processor.py:809} INFO - DAG(s) dict_keys(['example_local_kubernetes_executor']) retrieved from /home/airflow/.local/lib/python3.7/site-packages/airflow/example_dags/example_local_kubernetes_executor.py
[2023-05-03T10:48:51.538+0000] {logging_mixin.py:149} INFO - [2023-05-03T10:48:51.537+0000] {dag.py:2726} INFO - Sync 1 DAGs
[2023-05-03T10:48:51.610+0000] {logging_mixin.py:149} INFO - [2023-05-03T10:48:51.610+0000] {dag.py:3490} INFO - Setting next_dagrun for example_local_kubernetes_executor to None, run_after=None
[2023-05-03T10:48:51.670+0000] {processor.py:178} INFO - Processing /home/airflow/.local/lib/python3.7/site-packages/airflow/example_dags/example_local_kubernetes_executor.py took 0.730 seconds
[2023-05-03T10:49:22.482+0000] {processor.py:156} INFO - Started process (PID=7563) to work on /home/airflow/.local/lib/python3.7/site-packages/airflow/example_dags/example_local_kubernetes_executor.py
[2023-05-03T10:49:22.484+0000] {processor.py:799} INFO - Processing file /home/airflow/.local/lib/python3.7/site-packages/airflow/example_dags/example_local_kubernetes_executor.py for tasks to queue
[2023-05-03T10:49:22.486+0000] {logging_mixin.py:149} INFO - [2023-05-03T10:49:22.486+0000] {dagbag.py:541} INFO - Filling up the DagBag from /home/airflow/.local/lib/python3.7/site-packages/airflow/example_dags/example_local_kubernetes_executor.py
[2023-05-03T10:49:24.611+0000] {processor.py:809} INFO - DAG(s) dict_keys(['example_local_kubernetes_executor']) retrieved from /home/airflow/.local/lib/python3.7/site-packages/airflow/example_dags/example_local_kubernetes_executor.py
[2023-05-03T10:49:25.014+0000] {logging_mixin.py:149} INFO - [2023-05-03T10:49:25.013+0000] {dag.py:2726} INFO - Sync 1 DAGs
[2023-05-03T10:49:25.160+0000] {logging_mixin.py:149} INFO - [2023-05-03T10:49:25.159+0000] {dag.py:3490} INFO - Setting next_dagrun for example_local_kubernetes_executor to None, run_after=None
[2023-05-03T10:49:25.246+0000] {processor.py:178} INFO - Processing /home/airflow/.local/lib/python3.7/site-packages/airflow/example_dags/example_local_kubernetes_executor.py took 2.770 seconds
[2023-05-03T10:49:58.632+0000] {processor.py:156} INFO - Started process (PID=7782) to work on /home/airflow/.local/lib/python3.7/site-packages/airflow/example_dags/example_local_kubernetes_executor.py
[2023-05-03T10:49:58.638+0000] {processor.py:799} INFO - Processing file /home/airflow/.local/lib/python3.7/site-packages/airflow/example_dags/example_local_kubernetes_executor.py for tasks to queue
[2023-05-03T10:49:58.645+0000] {logging_mixin.py:149} INFO - [2023-05-03T10:49:58.645+0000] {dagbag.py:541} INFO - Filling up the DagBag from /home/airflow/.local/lib/python3.7/site-packages/airflow/example_dags/example_local_kubernetes_executor.py
[2023-05-03T10:50:00.813+0000] {processor.py:809} INFO - DAG(s) dict_keys(['example_local_kubernetes_executor']) retrieved from /home/airflow/.local/lib/python3.7/site-packages/airflow/example_dags/example_local_kubernetes_executor.py
[2023-05-03T10:50:01.017+0000] {logging_mixin.py:149} INFO - [2023-05-03T10:50:01.017+0000] {dag.py:2726} INFO - Sync 1 DAGs
[2023-05-03T10:50:01.110+0000] {logging_mixin.py:149} INFO - [2023-05-03T10:50:01.110+0000] {dag.py:3490} INFO - Setting next_dagrun for example_local_kubernetes_executor to None, run_after=None
[2023-05-03T10:50:01.198+0000] {processor.py:178} INFO - Processing /home/airflow/.local/lib/python3.7/site-packages/airflow/example_dags/example_local_kubernetes_executor.py took 2.571 seconds
[2023-05-03T10:50:33.207+0000] {processor.py:156} INFO - Started process (PID=8032) to work on /home/airflow/.local/lib/python3.7/site-packages/airflow/example_dags/example_local_kubernetes_executor.py
[2023-05-03T10:50:33.209+0000] {processor.py:799} INFO - Processing file /home/airflow/.local/lib/python3.7/site-packages/airflow/example_dags/example_local_kubernetes_executor.py for tasks to queue
[2023-05-03T10:50:33.211+0000] {logging_mixin.py:149} INFO - [2023-05-03T10:50:33.211+0000] {dagbag.py:541} INFO - Filling up the DagBag from /home/airflow/.local/lib/python3.7/site-packages/airflow/example_dags/example_local_kubernetes_executor.py
[2023-05-03T10:50:34.977+0000] {processor.py:809} INFO - DAG(s) dict_keys(['example_local_kubernetes_executor']) retrieved from /home/airflow/.local/lib/python3.7/site-packages/airflow/example_dags/example_local_kubernetes_executor.py
[2023-05-03T10:50:35.098+0000] {logging_mixin.py:149} INFO - [2023-05-03T10:50:35.097+0000] {dag.py:2726} INFO - Sync 1 DAGs
[2023-05-03T10:50:35.206+0000] {logging_mixin.py:149} INFO - [2023-05-03T10:50:35.205+0000] {dag.py:3490} INFO - Setting next_dagrun for example_local_kubernetes_executor to None, run_after=None
[2023-05-03T10:50:35.398+0000] {processor.py:178} INFO - Processing /home/airflow/.local/lib/python3.7/site-packages/airflow/example_dags/example_local_kubernetes_executor.py took 2.195 seconds
[2023-05-03T10:51:06.137+0000] {processor.py:156} INFO - Started process (PID=8294) to work on /home/airflow/.local/lib/python3.7/site-packages/airflow/example_dags/example_local_kubernetes_executor.py
[2023-05-03T10:51:06.140+0000] {processor.py:799} INFO - Processing file /home/airflow/.local/lib/python3.7/site-packages/airflow/example_dags/example_local_kubernetes_executor.py for tasks to queue
[2023-05-03T10:51:06.152+0000] {logging_mixin.py:149} INFO - [2023-05-03T10:51:06.151+0000] {dagbag.py:541} INFO - Filling up the DagBag from /home/airflow/.local/lib/python3.7/site-packages/airflow/example_dags/example_local_kubernetes_executor.py
[2023-05-03T10:51:06.963+0000] {processor.py:809} INFO - DAG(s) dict_keys(['example_local_kubernetes_executor']) retrieved from /home/airflow/.local/lib/python3.7/site-packages/airflow/example_dags/example_local_kubernetes_executor.py
[2023-05-03T10:51:07.115+0000] {logging_mixin.py:149} INFO - [2023-05-03T10:51:07.115+0000] {dag.py:2726} INFO - Sync 1 DAGs
[2023-05-03T10:51:07.175+0000] {logging_mixin.py:149} INFO - [2023-05-03T10:51:07.174+0000] {dag.py:3490} INFO - Setting next_dagrun for example_local_kubernetes_executor to None, run_after=None
[2023-05-03T10:51:07.247+0000] {processor.py:178} INFO - Processing /home/airflow/.local/lib/python3.7/site-packages/airflow/example_dags/example_local_kubernetes_executor.py took 1.120 seconds
[2023-05-03T10:51:37.480+0000] {processor.py:156} INFO - Started process (PID=8540) to work on /home/airflow/.local/lib/python3.7/site-packages/airflow/example_dags/example_local_kubernetes_executor.py
[2023-05-03T10:51:37.483+0000] {processor.py:799} INFO - Processing file /home/airflow/.local/lib/python3.7/site-packages/airflow/example_dags/example_local_kubernetes_executor.py for tasks to queue
[2023-05-03T10:51:37.484+0000] {logging_mixin.py:149} INFO - [2023-05-03T10:51:37.484+0000] {dagbag.py:541} INFO - Filling up the DagBag from /home/airflow/.local/lib/python3.7/site-packages/airflow/example_dags/example_local_kubernetes_executor.py
[2023-05-03T10:51:37.962+0000] {processor.py:809} INFO - DAG(s) dict_keys(['example_local_kubernetes_executor']) retrieved from /home/airflow/.local/lib/python3.7/site-packages/airflow/example_dags/example_local_kubernetes_executor.py
[2023-05-03T10:51:38.017+0000] {logging_mixin.py:149} INFO - [2023-05-03T10:51:38.017+0000] {dag.py:2726} INFO - Sync 1 DAGs
[2023-05-03T10:51:38.059+0000] {logging_mixin.py:149} INFO - [2023-05-03T10:51:38.058+0000] {dag.py:3490} INFO - Setting next_dagrun for example_local_kubernetes_executor to None, run_after=None
[2023-05-03T10:51:38.093+0000] {processor.py:178} INFO - Processing /home/airflow/.local/lib/python3.7/site-packages/airflow/example_dags/example_local_kubernetes_executor.py took 0.618 seconds
[2023-05-03T10:52:09.126+0000] {processor.py:156} INFO - Started process (PID=8769) to work on /home/airflow/.local/lib/python3.7/site-packages/airflow/example_dags/example_local_kubernetes_executor.py
[2023-05-03T10:52:09.136+0000] {processor.py:799} INFO - Processing file /home/airflow/.local/lib/python3.7/site-packages/airflow/example_dags/example_local_kubernetes_executor.py for tasks to queue
[2023-05-03T10:52:09.138+0000] {logging_mixin.py:149} INFO - [2023-05-03T10:52:09.138+0000] {dagbag.py:541} INFO - Filling up the DagBag from /home/airflow/.local/lib/python3.7/site-packages/airflow/example_dags/example_local_kubernetes_executor.py
[2023-05-03T10:52:09.718+0000] {processor.py:809} INFO - DAG(s) dict_keys(['example_local_kubernetes_executor']) retrieved from /home/airflow/.local/lib/python3.7/site-packages/airflow/example_dags/example_local_kubernetes_executor.py
[2023-05-03T10:52:09.817+0000] {logging_mixin.py:149} INFO - [2023-05-03T10:52:09.816+0000] {dag.py:2726} INFO - Sync 1 DAGs
[2023-05-03T10:52:09.908+0000] {logging_mixin.py:149} INFO - [2023-05-03T10:52:09.908+0000] {dag.py:3490} INFO - Setting next_dagrun for example_local_kubernetes_executor to None, run_after=None
[2023-05-03T10:52:10.000+0000] {processor.py:178} INFO - Processing /home/airflow/.local/lib/python3.7/site-packages/airflow/example_dags/example_local_kubernetes_executor.py took 0.880 seconds
[2023-05-03T10:52:41.547+0000] {processor.py:156} INFO - Started process (PID=9005) to work on /home/airflow/.local/lib/python3.7/site-packages/airflow/example_dags/example_local_kubernetes_executor.py
[2023-05-03T10:52:41.549+0000] {processor.py:799} INFO - Processing file /home/airflow/.local/lib/python3.7/site-packages/airflow/example_dags/example_local_kubernetes_executor.py for tasks to queue
[2023-05-03T10:52:41.550+0000] {logging_mixin.py:149} INFO - [2023-05-03T10:52:41.550+0000] {dagbag.py:541} INFO - Filling up the DagBag from /home/airflow/.local/lib/python3.7/site-packages/airflow/example_dags/example_local_kubernetes_executor.py
[2023-05-03T10:52:43.767+0000] {processor.py:809} INFO - DAG(s) dict_keys(['example_local_kubernetes_executor']) retrieved from /home/airflow/.local/lib/python3.7/site-packages/airflow/example_dags/example_local_kubernetes_executor.py
[2023-05-03T10:52:44.039+0000] {logging_mixin.py:149} INFO - [2023-05-03T10:52:44.039+0000] {dag.py:2726} INFO - Sync 1 DAGs
[2023-05-03T10:52:44.205+0000] {logging_mixin.py:149} INFO - [2023-05-03T10:52:44.205+0000] {dag.py:3490} INFO - Setting next_dagrun for example_local_kubernetes_executor to None, run_after=None
[2023-05-03T10:52:44.338+0000] {processor.py:178} INFO - Processing /home/airflow/.local/lib/python3.7/site-packages/airflow/example_dags/example_local_kubernetes_executor.py took 2.779 seconds
[2023-05-03T10:53:26.292+0000] {processor.py:156} INFO - Started process (PID=9278) to work on /home/airflow/.local/lib/python3.7/site-packages/airflow/example_dags/example_local_kubernetes_executor.py
[2023-05-03T10:53:26.296+0000] {processor.py:799} INFO - Processing file /home/airflow/.local/lib/python3.7/site-packages/airflow/example_dags/example_local_kubernetes_executor.py for tasks to queue
[2023-05-03T10:53:26.299+0000] {logging_mixin.py:149} INFO - [2023-05-03T10:53:26.299+0000] {dagbag.py:541} INFO - Filling up the DagBag from /home/airflow/.local/lib/python3.7/site-packages/airflow/example_dags/example_local_kubernetes_executor.py
[2023-05-03T10:53:32.269+0000] {processor.py:809} INFO - DAG(s) dict_keys(['example_local_kubernetes_executor']) retrieved from /home/airflow/.local/lib/python3.7/site-packages/airflow/example_dags/example_local_kubernetes_executor.py
[2023-05-03T10:53:32.863+0000] {logging_mixin.py:149} INFO - [2023-05-03T10:53:32.862+0000] {dag.py:2726} INFO - Sync 1 DAGs
[2023-05-03T10:53:33.063+0000] {logging_mixin.py:149} INFO - [2023-05-03T10:53:33.063+0000] {dag.py:3490} INFO - Setting next_dagrun for example_local_kubernetes_executor to None, run_after=None
[2023-05-03T10:53:33.232+0000] {processor.py:178} INFO - Processing /home/airflow/.local/lib/python3.7/site-packages/airflow/example_dags/example_local_kubernetes_executor.py took 6.951 seconds
[2023-05-03T10:54:04.446+0000] {processor.py:156} INFO - Started process (PID=9529) to work on /home/airflow/.local/lib/python3.7/site-packages/airflow/example_dags/example_local_kubernetes_executor.py
[2023-05-03T10:54:04.459+0000] {processor.py:799} INFO - Processing file /home/airflow/.local/lib/python3.7/site-packages/airflow/example_dags/example_local_kubernetes_executor.py for tasks to queue
[2023-05-03T10:54:04.467+0000] {logging_mixin.py:149} INFO - [2023-05-03T10:54:04.467+0000] {dagbag.py:541} INFO - Filling up the DagBag from /home/airflow/.local/lib/python3.7/site-packages/airflow/example_dags/example_local_kubernetes_executor.py
[2023-05-03T10:54:06.883+0000] {processor.py:809} INFO - DAG(s) dict_keys(['example_local_kubernetes_executor']) retrieved from /home/airflow/.local/lib/python3.7/site-packages/airflow/example_dags/example_local_kubernetes_executor.py
[2023-05-03T10:54:07.045+0000] {logging_mixin.py:149} INFO - [2023-05-03T10:54:07.044+0000] {dag.py:2726} INFO - Sync 1 DAGs
[2023-05-03T10:54:07.137+0000] {logging_mixin.py:149} INFO - [2023-05-03T10:54:07.137+0000] {dag.py:3490} INFO - Setting next_dagrun for example_local_kubernetes_executor to None, run_after=None
[2023-05-03T10:54:07.274+0000] {processor.py:178} INFO - Processing /home/airflow/.local/lib/python3.7/site-packages/airflow/example_dags/example_local_kubernetes_executor.py took 2.840 seconds
[2023-05-03T10:54:37.860+0000] {processor.py:156} INFO - Started process (PID=9780) to work on /home/airflow/.local/lib/python3.7/site-packages/airflow/example_dags/example_local_kubernetes_executor.py
[2023-05-03T10:54:37.862+0000] {processor.py:799} INFO - Processing file /home/airflow/.local/lib/python3.7/site-packages/airflow/example_dags/example_local_kubernetes_executor.py for tasks to queue
[2023-05-03T10:54:37.871+0000] {logging_mixin.py:149} INFO - [2023-05-03T10:54:37.871+0000] {dagbag.py:541} INFO - Filling up the DagBag from /home/airflow/.local/lib/python3.7/site-packages/airflow/example_dags/example_local_kubernetes_executor.py
[2023-05-03T10:54:41.374+0000] {processor.py:809} INFO - DAG(s) dict_keys(['example_local_kubernetes_executor']) retrieved from /home/airflow/.local/lib/python3.7/site-packages/airflow/example_dags/example_local_kubernetes_executor.py
[2023-05-03T10:54:42.214+0000] {logging_mixin.py:149} INFO - [2023-05-03T10:54:42.214+0000] {dag.py:2726} INFO - Sync 1 DAGs
[2023-05-03T10:54:42.452+0000] {logging_mixin.py:149} INFO - [2023-05-03T10:54:42.452+0000] {dag.py:3490} INFO - Setting next_dagrun for example_local_kubernetes_executor to None, run_after=None
[2023-05-03T10:54:42.601+0000] {processor.py:178} INFO - Processing /home/airflow/.local/lib/python3.7/site-packages/airflow/example_dags/example_local_kubernetes_executor.py took 4.693 seconds
[2023-05-03T10:59:18.781+0000] {processor.py:156} INFO - Started process (PID=10029) to work on /home/airflow/.local/lib/python3.7/site-packages/airflow/example_dags/example_local_kubernetes_executor.py
[2023-05-03T10:59:18.787+0000] {processor.py:799} INFO - Processing file /home/airflow/.local/lib/python3.7/site-packages/airflow/example_dags/example_local_kubernetes_executor.py for tasks to queue
[2023-05-03T10:59:18.795+0000] {logging_mixin.py:149} INFO - [2023-05-03T10:59:18.794+0000] {dagbag.py:541} INFO - Filling up the DagBag from /home/airflow/.local/lib/python3.7/site-packages/airflow/example_dags/example_local_kubernetes_executor.py
