[2023-05-03T09:31:08.855+0000] {processor.py:156} INFO - Started process (PID=189) to work on /home/airflow/.local/lib/python3.7/site-packages/airflow/example_dags/example_kubernetes_executor.py
[2023-05-03T09:31:08.877+0000] {processor.py:799} INFO - Processing file /home/airflow/.local/lib/python3.7/site-packages/airflow/example_dags/example_kubernetes_executor.py for tasks to queue
[2023-05-03T09:31:08.880+0000] {logging_mixin.py:149} INFO - [2023-05-03T09:31:08.879+0000] {dagbag.py:541} INFO - Filling up the DagBag from /home/airflow/.local/lib/python3.7/site-packages/airflow/example_dags/example_kubernetes_executor.py
[2023-05-03T09:31:20.900+0000] {processor.py:809} INFO - DAG(s) dict_keys(['example_kubernetes_executor']) retrieved from /home/airflow/.local/lib/python3.7/site-packages/airflow/example_dags/example_kubernetes_executor.py
[2023-05-03T09:31:21.748+0000] {logging_mixin.py:149} INFO - [2023-05-03T09:31:21.747+0000] {dag.py:2726} INFO - Sync 1 DAGs
[2023-05-03T09:31:21.823+0000] {logging_mixin.py:149} INFO - [2023-05-03T09:31:21.823+0000] {dag.py:3490} INFO - Setting next_dagrun for example_kubernetes_executor to None, run_after=None
[2023-05-03T09:31:21.937+0000] {processor.py:178} INFO - Processing /home/airflow/.local/lib/python3.7/site-packages/airflow/example_dags/example_kubernetes_executor.py took 13.117 seconds
[2023-05-03T09:31:52.336+0000] {processor.py:156} INFO - Started process (PID=477) to work on /home/airflow/.local/lib/python3.7/site-packages/airflow/example_dags/example_kubernetes_executor.py
[2023-05-03T09:31:52.364+0000] {processor.py:799} INFO - Processing file /home/airflow/.local/lib/python3.7/site-packages/airflow/example_dags/example_kubernetes_executor.py for tasks to queue
[2023-05-03T09:31:52.373+0000] {logging_mixin.py:149} INFO - [2023-05-03T09:31:52.373+0000] {dagbag.py:541} INFO - Filling up the DagBag from /home/airflow/.local/lib/python3.7/site-packages/airflow/example_dags/example_kubernetes_executor.py
[2023-05-03T09:32:04.837+0000] {processor.py:809} INFO - DAG(s) dict_keys(['example_kubernetes_executor']) retrieved from /home/airflow/.local/lib/python3.7/site-packages/airflow/example_dags/example_kubernetes_executor.py
[2023-05-03T09:32:05.193+0000] {logging_mixin.py:149} INFO - [2023-05-03T09:32:05.193+0000] {dag.py:2726} INFO - Sync 1 DAGs
[2023-05-03T09:32:05.304+0000] {logging_mixin.py:149} INFO - [2023-05-03T09:32:05.302+0000] {dag.py:3490} INFO - Setting next_dagrun for example_kubernetes_executor to None, run_after=None
[2023-05-03T09:32:05.448+0000] {processor.py:178} INFO - Processing /home/airflow/.local/lib/python3.7/site-packages/airflow/example_dags/example_kubernetes_executor.py took 13.116 seconds
[2023-05-03T09:32:35.692+0000] {processor.py:156} INFO - Started process (PID=725) to work on /home/airflow/.local/lib/python3.7/site-packages/airflow/example_dags/example_kubernetes_executor.py
[2023-05-03T09:32:35.701+0000] {processor.py:799} INFO - Processing file /home/airflow/.local/lib/python3.7/site-packages/airflow/example_dags/example_kubernetes_executor.py for tasks to queue
[2023-05-03T09:32:35.705+0000] {logging_mixin.py:149} INFO - [2023-05-03T09:32:35.705+0000] {dagbag.py:541} INFO - Filling up the DagBag from /home/airflow/.local/lib/python3.7/site-packages/airflow/example_dags/example_kubernetes_executor.py
[2023-05-03T09:32:39.320+0000] {processor.py:809} INFO - DAG(s) dict_keys(['example_kubernetes_executor']) retrieved from /home/airflow/.local/lib/python3.7/site-packages/airflow/example_dags/example_kubernetes_executor.py
[2023-05-03T09:32:39.638+0000] {logging_mixin.py:149} INFO - [2023-05-03T09:32:39.638+0000] {dag.py:2726} INFO - Sync 1 DAGs
[2023-05-03T09:32:39.748+0000] {logging_mixin.py:149} INFO - [2023-05-03T09:32:39.747+0000] {dag.py:3490} INFO - Setting next_dagrun for example_kubernetes_executor to None, run_after=None
[2023-05-03T09:32:39.835+0000] {processor.py:178} INFO - Processing /home/airflow/.local/lib/python3.7/site-packages/airflow/example_dags/example_kubernetes_executor.py took 4.039 seconds
[2023-05-03T09:33:18.204+0000] {processor.py:156} INFO - Started process (PID=945) to work on /home/airflow/.local/lib/python3.7/site-packages/airflow/example_dags/example_kubernetes_executor.py
[2023-05-03T09:33:18.208+0000] {processor.py:799} INFO - Processing file /home/airflow/.local/lib/python3.7/site-packages/airflow/example_dags/example_kubernetes_executor.py for tasks to queue
[2023-05-03T09:33:18.212+0000] {logging_mixin.py:149} INFO - [2023-05-03T09:33:18.211+0000] {dagbag.py:541} INFO - Filling up the DagBag from /home/airflow/.local/lib/python3.7/site-packages/airflow/example_dags/example_kubernetes_executor.py
[2023-05-03T09:33:21.665+0000] {processor.py:809} INFO - DAG(s) dict_keys(['example_kubernetes_executor']) retrieved from /home/airflow/.local/lib/python3.7/site-packages/airflow/example_dags/example_kubernetes_executor.py
[2023-05-03T09:33:23.687+0000] {logging_mixin.py:149} INFO - [2023-05-03T09:33:23.686+0000] {dag.py:2726} INFO - Sync 1 DAGs
[2023-05-03T09:33:26.539+0000] {logging_mixin.py:149} INFO - [2023-05-03T09:33:26.539+0000] {dag.py:3490} INFO - Setting next_dagrun for example_kubernetes_executor to None, run_after=None
[2023-05-03T09:33:27.008+0000] {processor.py:178} INFO - Processing /home/airflow/.local/lib/python3.7/site-packages/airflow/example_dags/example_kubernetes_executor.py took 8.835 seconds
[2023-05-03T09:33:57.302+0000] {processor.py:156} INFO - Started process (PID=1182) to work on /home/airflow/.local/lib/python3.7/site-packages/airflow/example_dags/example_kubernetes_executor.py
[2023-05-03T09:33:57.305+0000] {processor.py:799} INFO - Processing file /home/airflow/.local/lib/python3.7/site-packages/airflow/example_dags/example_kubernetes_executor.py for tasks to queue
[2023-05-03T09:33:57.307+0000] {logging_mixin.py:149} INFO - [2023-05-03T09:33:57.307+0000] {dagbag.py:541} INFO - Filling up the DagBag from /home/airflow/.local/lib/python3.7/site-packages/airflow/example_dags/example_kubernetes_executor.py
[2023-05-03T09:34:00.171+0000] {processor.py:809} INFO - DAG(s) dict_keys(['example_kubernetes_executor']) retrieved from /home/airflow/.local/lib/python3.7/site-packages/airflow/example_dags/example_kubernetes_executor.py
[2023-05-03T09:34:01.523+0000] {logging_mixin.py:149} INFO - [2023-05-03T09:34:01.523+0000] {dag.py:2726} INFO - Sync 1 DAGs
[2023-05-03T09:34:01.972+0000] {logging_mixin.py:149} INFO - [2023-05-03T09:34:01.971+0000] {dag.py:3490} INFO - Setting next_dagrun for example_kubernetes_executor to None, run_after=None
[2023-05-03T09:34:02.236+0000] {processor.py:178} INFO - Processing /home/airflow/.local/lib/python3.7/site-packages/airflow/example_dags/example_kubernetes_executor.py took 4.939 seconds
[2023-05-03T09:34:33.362+0000] {processor.py:156} INFO - Started process (PID=1418) to work on /home/airflow/.local/lib/python3.7/site-packages/airflow/example_dags/example_kubernetes_executor.py
[2023-05-03T09:34:33.364+0000] {processor.py:799} INFO - Processing file /home/airflow/.local/lib/python3.7/site-packages/airflow/example_dags/example_kubernetes_executor.py for tasks to queue
[2023-05-03T09:34:33.375+0000] {logging_mixin.py:149} INFO - [2023-05-03T09:34:33.367+0000] {dagbag.py:541} INFO - Filling up the DagBag from /home/airflow/.local/lib/python3.7/site-packages/airflow/example_dags/example_kubernetes_executor.py
[2023-05-03T09:34:34.292+0000] {processor.py:809} INFO - DAG(s) dict_keys(['example_kubernetes_executor']) retrieved from /home/airflow/.local/lib/python3.7/site-packages/airflow/example_dags/example_kubernetes_executor.py
[2023-05-03T09:34:34.586+0000] {logging_mixin.py:149} INFO - [2023-05-03T09:34:34.586+0000] {dag.py:2726} INFO - Sync 1 DAGs
[2023-05-03T09:34:34.714+0000] {logging_mixin.py:149} INFO - [2023-05-03T09:34:34.714+0000] {dag.py:3490} INFO - Setting next_dagrun for example_kubernetes_executor to None, run_after=None
[2023-05-03T09:34:34.835+0000] {processor.py:178} INFO - Processing /home/airflow/.local/lib/python3.7/site-packages/airflow/example_dags/example_kubernetes_executor.py took 1.477 seconds
[2023-05-03T09:35:04.916+0000] {processor.py:156} INFO - Started process (PID=1654) to work on /home/airflow/.local/lib/python3.7/site-packages/airflow/example_dags/example_kubernetes_executor.py
[2023-05-03T09:35:04.918+0000] {processor.py:799} INFO - Processing file /home/airflow/.local/lib/python3.7/site-packages/airflow/example_dags/example_kubernetes_executor.py for tasks to queue
[2023-05-03T09:35:04.920+0000] {logging_mixin.py:149} INFO - [2023-05-03T09:35:04.920+0000] {dagbag.py:541} INFO - Filling up the DagBag from /home/airflow/.local/lib/python3.7/site-packages/airflow/example_dags/example_kubernetes_executor.py
[2023-05-03T09:35:05.929+0000] {processor.py:809} INFO - DAG(s) dict_keys(['example_kubernetes_executor']) retrieved from /home/airflow/.local/lib/python3.7/site-packages/airflow/example_dags/example_kubernetes_executor.py
[2023-05-03T09:35:06.130+0000] {logging_mixin.py:149} INFO - [2023-05-03T09:35:06.130+0000] {dag.py:2726} INFO - Sync 1 DAGs
[2023-05-03T09:35:06.319+0000] {logging_mixin.py:149} INFO - [2023-05-03T09:35:06.319+0000] {dag.py:3490} INFO - Setting next_dagrun for example_kubernetes_executor to None, run_after=None
[2023-05-03T09:35:06.385+0000] {processor.py:178} INFO - Processing /home/airflow/.local/lib/python3.7/site-packages/airflow/example_dags/example_kubernetes_executor.py took 1.474 seconds
[2023-05-03T09:35:37.380+0000] {processor.py:156} INFO - Started process (PID=1890) to work on /home/airflow/.local/lib/python3.7/site-packages/airflow/example_dags/example_kubernetes_executor.py
[2023-05-03T09:35:37.392+0000] {processor.py:799} INFO - Processing file /home/airflow/.local/lib/python3.7/site-packages/airflow/example_dags/example_kubernetes_executor.py for tasks to queue
[2023-05-03T09:35:37.437+0000] {logging_mixin.py:149} INFO - [2023-05-03T09:35:37.431+0000] {dagbag.py:541} INFO - Filling up the DagBag from /home/airflow/.local/lib/python3.7/site-packages/airflow/example_dags/example_kubernetes_executor.py
[2023-05-03T09:35:44.083+0000] {processor.py:809} INFO - DAG(s) dict_keys(['example_kubernetes_executor']) retrieved from /home/airflow/.local/lib/python3.7/site-packages/airflow/example_dags/example_kubernetes_executor.py
[2023-05-03T09:35:44.692+0000] {logging_mixin.py:149} INFO - [2023-05-03T09:35:44.690+0000] {dag.py:2726} INFO - Sync 1 DAGs
[2023-05-03T09:35:44.965+0000] {logging_mixin.py:149} INFO - [2023-05-03T09:35:44.965+0000] {dag.py:3490} INFO - Setting next_dagrun for example_kubernetes_executor to None, run_after=None
[2023-05-03T09:35:45.090+0000] {processor.py:178} INFO - Processing /home/airflow/.local/lib/python3.7/site-packages/airflow/example_dags/example_kubernetes_executor.py took 7.665 seconds
[2023-05-03T09:36:15.953+0000] {processor.py:156} INFO - Started process (PID=2127) to work on /home/airflow/.local/lib/python3.7/site-packages/airflow/example_dags/example_kubernetes_executor.py
[2023-05-03T09:36:15.962+0000] {processor.py:799} INFO - Processing file /home/airflow/.local/lib/python3.7/site-packages/airflow/example_dags/example_kubernetes_executor.py for tasks to queue
[2023-05-03T09:36:15.967+0000] {logging_mixin.py:149} INFO - [2023-05-03T09:36:15.966+0000] {dagbag.py:541} INFO - Filling up the DagBag from /home/airflow/.local/lib/python3.7/site-packages/airflow/example_dags/example_kubernetes_executor.py
[2023-05-03T09:36:17.250+0000] {processor.py:809} INFO - DAG(s) dict_keys(['example_kubernetes_executor']) retrieved from /home/airflow/.local/lib/python3.7/site-packages/airflow/example_dags/example_kubernetes_executor.py
[2023-05-03T09:36:17.413+0000] {logging_mixin.py:149} INFO - [2023-05-03T09:36:17.412+0000] {dag.py:2726} INFO - Sync 1 DAGs
[2023-05-03T09:36:17.495+0000] {logging_mixin.py:149} INFO - [2023-05-03T09:36:17.495+0000] {dag.py:3490} INFO - Setting next_dagrun for example_kubernetes_executor to None, run_after=None
[2023-05-03T09:36:17.664+0000] {processor.py:178} INFO - Processing /home/airflow/.local/lib/python3.7/site-packages/airflow/example_dags/example_kubernetes_executor.py took 1.738 seconds
[2023-05-03T09:36:48.157+0000] {processor.py:156} INFO - Started process (PID=2363) to work on /home/airflow/.local/lib/python3.7/site-packages/airflow/example_dags/example_kubernetes_executor.py
[2023-05-03T09:36:48.159+0000] {processor.py:799} INFO - Processing file /home/airflow/.local/lib/python3.7/site-packages/airflow/example_dags/example_kubernetes_executor.py for tasks to queue
[2023-05-03T09:36:48.161+0000] {logging_mixin.py:149} INFO - [2023-05-03T09:36:48.161+0000] {dagbag.py:541} INFO - Filling up the DagBag from /home/airflow/.local/lib/python3.7/site-packages/airflow/example_dags/example_kubernetes_executor.py
[2023-05-03T09:36:49.085+0000] {processor.py:809} INFO - DAG(s) dict_keys(['example_kubernetes_executor']) retrieved from /home/airflow/.local/lib/python3.7/site-packages/airflow/example_dags/example_kubernetes_executor.py
[2023-05-03T09:36:49.350+0000] {logging_mixin.py:149} INFO - [2023-05-03T09:36:49.350+0000] {dag.py:2726} INFO - Sync 1 DAGs
[2023-05-03T09:36:49.459+0000] {logging_mixin.py:149} INFO - [2023-05-03T09:36:49.459+0000] {dag.py:3490} INFO - Setting next_dagrun for example_kubernetes_executor to None, run_after=None
[2023-05-03T09:36:49.520+0000] {processor.py:178} INFO - Processing /home/airflow/.local/lib/python3.7/site-packages/airflow/example_dags/example_kubernetes_executor.py took 1.368 seconds
[2023-05-03T09:37:19.764+0000] {processor.py:156} INFO - Started process (PID=2598) to work on /home/airflow/.local/lib/python3.7/site-packages/airflow/example_dags/example_kubernetes_executor.py
[2023-05-03T09:37:19.767+0000] {processor.py:799} INFO - Processing file /home/airflow/.local/lib/python3.7/site-packages/airflow/example_dags/example_kubernetes_executor.py for tasks to queue
[2023-05-03T09:37:19.771+0000] {logging_mixin.py:149} INFO - [2023-05-03T09:37:19.771+0000] {dagbag.py:541} INFO - Filling up the DagBag from /home/airflow/.local/lib/python3.7/site-packages/airflow/example_dags/example_kubernetes_executor.py
[2023-05-03T09:37:21.503+0000] {processor.py:809} INFO - DAG(s) dict_keys(['example_kubernetes_executor']) retrieved from /home/airflow/.local/lib/python3.7/site-packages/airflow/example_dags/example_kubernetes_executor.py
[2023-05-03T09:37:21.872+0000] {logging_mixin.py:149} INFO - [2023-05-03T09:37:21.872+0000] {dag.py:2726} INFO - Sync 1 DAGs
[2023-05-03T09:37:22.087+0000] {logging_mixin.py:149} INFO - [2023-05-03T09:37:22.086+0000] {dag.py:3490} INFO - Setting next_dagrun for example_kubernetes_executor to None, run_after=None
[2023-05-03T09:37:22.194+0000] {processor.py:178} INFO - Processing /home/airflow/.local/lib/python3.7/site-packages/airflow/example_dags/example_kubernetes_executor.py took 2.438 seconds
[2023-05-03T09:37:55.065+0000] {processor.py:156} INFO - Started process (PID=2844) to work on /home/airflow/.local/lib/python3.7/site-packages/airflow/example_dags/example_kubernetes_executor.py
[2023-05-03T09:37:55.068+0000] {processor.py:799} INFO - Processing file /home/airflow/.local/lib/python3.7/site-packages/airflow/example_dags/example_kubernetes_executor.py for tasks to queue
[2023-05-03T09:37:55.071+0000] {logging_mixin.py:149} INFO - [2023-05-03T09:37:55.070+0000] {dagbag.py:541} INFO - Filling up the DagBag from /home/airflow/.local/lib/python3.7/site-packages/airflow/example_dags/example_kubernetes_executor.py
[2023-05-03T09:37:56.742+0000] {processor.py:809} INFO - DAG(s) dict_keys(['example_kubernetes_executor']) retrieved from /home/airflow/.local/lib/python3.7/site-packages/airflow/example_dags/example_kubernetes_executor.py
[2023-05-03T09:37:57.176+0000] {logging_mixin.py:149} INFO - [2023-05-03T09:37:57.175+0000] {dag.py:2726} INFO - Sync 1 DAGs
[2023-05-03T09:37:57.327+0000] {logging_mixin.py:149} INFO - [2023-05-03T09:37:57.326+0000] {dag.py:3490} INFO - Setting next_dagrun for example_kubernetes_executor to None, run_after=None
[2023-05-03T09:37:57.447+0000] {processor.py:178} INFO - Processing /home/airflow/.local/lib/python3.7/site-packages/airflow/example_dags/example_kubernetes_executor.py took 2.387 seconds
[2023-05-03T09:38:29.786+0000] {processor.py:156} INFO - Started process (PID=3095) to work on /home/airflow/.local/lib/python3.7/site-packages/airflow/example_dags/example_kubernetes_executor.py
[2023-05-03T09:38:29.791+0000] {processor.py:799} INFO - Processing file /home/airflow/.local/lib/python3.7/site-packages/airflow/example_dags/example_kubernetes_executor.py for tasks to queue
[2023-05-03T09:38:29.803+0000] {logging_mixin.py:149} INFO - [2023-05-03T09:38:29.798+0000] {dagbag.py:541} INFO - Filling up the DagBag from /home/airflow/.local/lib/python3.7/site-packages/airflow/example_dags/example_kubernetes_executor.py
[2023-05-03T09:38:31.292+0000] {processor.py:809} INFO - DAG(s) dict_keys(['example_kubernetes_executor']) retrieved from /home/airflow/.local/lib/python3.7/site-packages/airflow/example_dags/example_kubernetes_executor.py
[2023-05-03T09:38:31.424+0000] {logging_mixin.py:149} INFO - [2023-05-03T09:38:31.423+0000] {dag.py:2726} INFO - Sync 1 DAGs
[2023-05-03T09:38:31.499+0000] {logging_mixin.py:149} INFO - [2023-05-03T09:38:31.498+0000] {dag.py:3490} INFO - Setting next_dagrun for example_kubernetes_executor to None, run_after=None
[2023-05-03T09:38:31.547+0000] {processor.py:178} INFO - Processing /home/airflow/.local/lib/python3.7/site-packages/airflow/example_dags/example_kubernetes_executor.py took 1.779 seconds
[2023-05-03T09:39:01.663+0000] {processor.py:156} INFO - Started process (PID=3343) to work on /home/airflow/.local/lib/python3.7/site-packages/airflow/example_dags/example_kubernetes_executor.py
[2023-05-03T09:39:01.665+0000] {processor.py:799} INFO - Processing file /home/airflow/.local/lib/python3.7/site-packages/airflow/example_dags/example_kubernetes_executor.py for tasks to queue
[2023-05-03T09:39:01.667+0000] {logging_mixin.py:149} INFO - [2023-05-03T09:39:01.667+0000] {dagbag.py:541} INFO - Filling up the DagBag from /home/airflow/.local/lib/python3.7/site-packages/airflow/example_dags/example_kubernetes_executor.py
[2023-05-03T09:39:02.523+0000] {processor.py:809} INFO - DAG(s) dict_keys(['example_kubernetes_executor']) retrieved from /home/airflow/.local/lib/python3.7/site-packages/airflow/example_dags/example_kubernetes_executor.py
[2023-05-03T09:39:02.655+0000] {logging_mixin.py:149} INFO - [2023-05-03T09:39:02.654+0000] {dag.py:2726} INFO - Sync 1 DAGs
[2023-05-03T09:39:02.790+0000] {logging_mixin.py:149} INFO - [2023-05-03T09:39:02.790+0000] {dag.py:3490} INFO - Setting next_dagrun for example_kubernetes_executor to None, run_after=None
[2023-05-03T09:39:02.885+0000] {processor.py:178} INFO - Processing /home/airflow/.local/lib/python3.7/site-packages/airflow/example_dags/example_kubernetes_executor.py took 1.228 seconds
[2023-05-03T09:39:33.824+0000] {processor.py:156} INFO - Started process (PID=3580) to work on /home/airflow/.local/lib/python3.7/site-packages/airflow/example_dags/example_kubernetes_executor.py
[2023-05-03T09:39:33.826+0000] {processor.py:799} INFO - Processing file /home/airflow/.local/lib/python3.7/site-packages/airflow/example_dags/example_kubernetes_executor.py for tasks to queue
[2023-05-03T09:39:33.827+0000] {logging_mixin.py:149} INFO - [2023-05-03T09:39:33.827+0000] {dagbag.py:541} INFO - Filling up the DagBag from /home/airflow/.local/lib/python3.7/site-packages/airflow/example_dags/example_kubernetes_executor.py
[2023-05-03T09:39:34.676+0000] {processor.py:809} INFO - DAG(s) dict_keys(['example_kubernetes_executor']) retrieved from /home/airflow/.local/lib/python3.7/site-packages/airflow/example_dags/example_kubernetes_executor.py
[2023-05-03T09:39:34.814+0000] {logging_mixin.py:149} INFO - [2023-05-03T09:39:34.813+0000] {dag.py:2726} INFO - Sync 1 DAGs
[2023-05-03T09:39:34.887+0000] {logging_mixin.py:149} INFO - [2023-05-03T09:39:34.887+0000] {dag.py:3490} INFO - Setting next_dagrun for example_kubernetes_executor to None, run_after=None
[2023-05-03T09:39:34.950+0000] {processor.py:178} INFO - Processing /home/airflow/.local/lib/python3.7/site-packages/airflow/example_dags/example_kubernetes_executor.py took 1.133 seconds
[2023-05-03T09:40:05.436+0000] {processor.py:156} INFO - Started process (PID=3821) to work on /home/airflow/.local/lib/python3.7/site-packages/airflow/example_dags/example_kubernetes_executor.py
[2023-05-03T09:40:05.438+0000] {processor.py:799} INFO - Processing file /home/airflow/.local/lib/python3.7/site-packages/airflow/example_dags/example_kubernetes_executor.py for tasks to queue
[2023-05-03T09:40:05.440+0000] {logging_mixin.py:149} INFO - [2023-05-03T09:40:05.439+0000] {dagbag.py:541} INFO - Filling up the DagBag from /home/airflow/.local/lib/python3.7/site-packages/airflow/example_dags/example_kubernetes_executor.py
[2023-05-03T09:40:06.179+0000] {processor.py:809} INFO - DAG(s) dict_keys(['example_kubernetes_executor']) retrieved from /home/airflow/.local/lib/python3.7/site-packages/airflow/example_dags/example_kubernetes_executor.py
[2023-05-03T09:40:06.287+0000] {logging_mixin.py:149} INFO - [2023-05-03T09:40:06.286+0000] {dag.py:2726} INFO - Sync 1 DAGs
[2023-05-03T09:40:06.338+0000] {logging_mixin.py:149} INFO - [2023-05-03T09:40:06.337+0000] {dag.py:3490} INFO - Setting next_dagrun for example_kubernetes_executor to None, run_after=None
[2023-05-03T09:40:06.373+0000] {processor.py:178} INFO - Processing /home/airflow/.local/lib/python3.7/site-packages/airflow/example_dags/example_kubernetes_executor.py took 0.942 seconds
[2023-05-03T09:40:37.030+0000] {processor.py:156} INFO - Started process (PID=4057) to work on /home/airflow/.local/lib/python3.7/site-packages/airflow/example_dags/example_kubernetes_executor.py
[2023-05-03T09:40:37.032+0000] {processor.py:799} INFO - Processing file /home/airflow/.local/lib/python3.7/site-packages/airflow/example_dags/example_kubernetes_executor.py for tasks to queue
[2023-05-03T09:40:37.034+0000] {logging_mixin.py:149} INFO - [2023-05-03T09:40:37.034+0000] {dagbag.py:541} INFO - Filling up the DagBag from /home/airflow/.local/lib/python3.7/site-packages/airflow/example_dags/example_kubernetes_executor.py
[2023-05-03T09:40:37.414+0000] {processor.py:809} INFO - DAG(s) dict_keys(['example_kubernetes_executor']) retrieved from /home/airflow/.local/lib/python3.7/site-packages/airflow/example_dags/example_kubernetes_executor.py
[2023-05-03T09:40:37.489+0000] {logging_mixin.py:149} INFO - [2023-05-03T09:40:37.489+0000] {dag.py:2726} INFO - Sync 1 DAGs
[2023-05-03T09:40:37.537+0000] {logging_mixin.py:149} INFO - [2023-05-03T09:40:37.537+0000] {dag.py:3490} INFO - Setting next_dagrun for example_kubernetes_executor to None, run_after=None
[2023-05-03T09:40:37.586+0000] {processor.py:178} INFO - Processing /home/airflow/.local/lib/python3.7/site-packages/airflow/example_dags/example_kubernetes_executor.py took 0.561 seconds
[2023-05-03T09:41:07.739+0000] {processor.py:156} INFO - Started process (PID=4303) to work on /home/airflow/.local/lib/python3.7/site-packages/airflow/example_dags/example_kubernetes_executor.py
[2023-05-03T09:41:07.741+0000] {processor.py:799} INFO - Processing file /home/airflow/.local/lib/python3.7/site-packages/airflow/example_dags/example_kubernetes_executor.py for tasks to queue
[2023-05-03T09:41:07.742+0000] {logging_mixin.py:149} INFO - [2023-05-03T09:41:07.742+0000] {dagbag.py:541} INFO - Filling up the DagBag from /home/airflow/.local/lib/python3.7/site-packages/airflow/example_dags/example_kubernetes_executor.py
[2023-05-03T09:41:08.037+0000] {processor.py:809} INFO - DAG(s) dict_keys(['example_kubernetes_executor']) retrieved from /home/airflow/.local/lib/python3.7/site-packages/airflow/example_dags/example_kubernetes_executor.py
[2023-05-03T09:41:08.085+0000] {logging_mixin.py:149} INFO - [2023-05-03T09:41:08.085+0000] {dag.py:2726} INFO - Sync 1 DAGs
[2023-05-03T09:41:08.118+0000] {logging_mixin.py:149} INFO - [2023-05-03T09:41:08.117+0000] {dag.py:3490} INFO - Setting next_dagrun for example_kubernetes_executor to None, run_after=None
[2023-05-03T09:41:08.143+0000] {processor.py:178} INFO - Processing /home/airflow/.local/lib/python3.7/site-packages/airflow/example_dags/example_kubernetes_executor.py took 0.408 seconds
[2023-05-03T09:41:39.025+0000] {processor.py:156} INFO - Started process (PID=4539) to work on /home/airflow/.local/lib/python3.7/site-packages/airflow/example_dags/example_kubernetes_executor.py
[2023-05-03T09:41:39.027+0000] {processor.py:799} INFO - Processing file /home/airflow/.local/lib/python3.7/site-packages/airflow/example_dags/example_kubernetes_executor.py for tasks to queue
[2023-05-03T09:41:39.030+0000] {logging_mixin.py:149} INFO - [2023-05-03T09:41:39.029+0000] {dagbag.py:541} INFO - Filling up the DagBag from /home/airflow/.local/lib/python3.7/site-packages/airflow/example_dags/example_kubernetes_executor.py
[2023-05-03T09:41:39.760+0000] {processor.py:809} INFO - DAG(s) dict_keys(['example_kubernetes_executor']) retrieved from /home/airflow/.local/lib/python3.7/site-packages/airflow/example_dags/example_kubernetes_executor.py
[2023-05-03T09:41:39.943+0000] {logging_mixin.py:149} INFO - [2023-05-03T09:41:39.940+0000] {dag.py:2726} INFO - Sync 1 DAGs
[2023-05-03T09:41:40.068+0000] {logging_mixin.py:149} INFO - [2023-05-03T09:41:40.068+0000] {dag.py:3490} INFO - Setting next_dagrun for example_kubernetes_executor to None, run_after=None
[2023-05-03T09:41:40.156+0000] {processor.py:178} INFO - Processing /home/airflow/.local/lib/python3.7/site-packages/airflow/example_dags/example_kubernetes_executor.py took 1.136 seconds
[2023-05-03T09:44:24.093+0000] {processor.py:156} INFO - Started process (PID=189) to work on /home/airflow/.local/lib/python3.7/site-packages/airflow/example_dags/example_kubernetes_executor.py
[2023-05-03T09:44:24.103+0000] {processor.py:799} INFO - Processing file /home/airflow/.local/lib/python3.7/site-packages/airflow/example_dags/example_kubernetes_executor.py for tasks to queue
[2023-05-03T09:44:24.106+0000] {logging_mixin.py:149} INFO - [2023-05-03T09:44:24.105+0000] {dagbag.py:541} INFO - Filling up the DagBag from /home/airflow/.local/lib/python3.7/site-packages/airflow/example_dags/example_kubernetes_executor.py
[2023-05-03T09:44:47.563+0000] {processor.py:809} INFO - DAG(s) dict_keys(['example_kubernetes_executor']) retrieved from /home/airflow/.local/lib/python3.7/site-packages/airflow/example_dags/example_kubernetes_executor.py
[2023-05-03T09:44:48.283+0000] {logging_mixin.py:149} INFO - [2023-05-03T09:44:48.282+0000] {dag.py:2726} INFO - Sync 1 DAGs
[2023-05-03T09:44:48.530+0000] {logging_mixin.py:149} INFO - [2023-05-03T09:44:48.529+0000] {dag.py:3490} INFO - Setting next_dagrun for example_kubernetes_executor to None, run_after=None
[2023-05-03T09:44:48.912+0000] {processor.py:178} INFO - Processing /home/airflow/.local/lib/python3.7/site-packages/airflow/example_dags/example_kubernetes_executor.py took 24.814 seconds
[2023-05-03T09:45:20.747+0000] {processor.py:156} INFO - Started process (PID=478) to work on /home/airflow/.local/lib/python3.7/site-packages/airflow/example_dags/example_kubernetes_executor.py
[2023-05-03T09:45:20.851+0000] {processor.py:799} INFO - Processing file /home/airflow/.local/lib/python3.7/site-packages/airflow/example_dags/example_kubernetes_executor.py for tasks to queue
[2023-05-03T09:45:20.877+0000] {logging_mixin.py:149} INFO - [2023-05-03T09:45:20.877+0000] {dagbag.py:541} INFO - Filling up the DagBag from /home/airflow/.local/lib/python3.7/site-packages/airflow/example_dags/example_kubernetes_executor.py
[2023-05-03T09:45:52.169+0000] {logging_mixin.py:149} INFO - [2023-05-03T09:45:52.164+0000] {timeout.py:68} ERROR - Process timed out, PID: 478
[2023-05-03T09:45:52.182+0000] {logging_mixin.py:149} WARNING - Exception ignored in: <function WeakKeyDictionary.__init__.<locals>.remove at 0x7fb6617079e0>
[2023-05-03T09:45:52.208+0000] {logging_mixin.py:149} WARNING - Traceback (most recent call last):
[2023-05-03T09:45:52.243+0000] {logging_mixin.py:149} WARNING -   File "/usr/local/lib/python3.7/weakref.py", line 358, in remove
[2023-05-03T09:45:52.248+0000] {logging_mixin.py:149} WARNING -     def remove(k, selfref=ref(self)):
[2023-05-03T09:45:52.255+0000] {logging_mixin.py:149} WARNING -   File "/home/airflow/.local/lib/python3.7/site-packages/airflow/utils/timeout.py", line 69, in handle_timeout
[2023-05-03T09:45:52.317+0000] {logging_mixin.py:149} WARNING -     raise AirflowTaskTimeout(self.error_message)
[2023-05-03T09:45:52.371+0000] {logging_mixin.py:149} WARNING - airflow.exceptions.AirflowTaskTimeout: DagBag import timeout for /home/airflow/.local/lib/python3.7/site-packages/airflow/example_dags/example_kubernetes_executor.py after 30.0s.
Please take a look at these docs to improve your DAG import time:
* https://airflow.apache.org/docs/apache-airflow/2.6.0/best-practices.html#top-level-python-code
* https://airflow.apache.org/docs/apache-airflow/2.6.0/best-practices.html#reducing-dag-complexity, PID: 478
[2023-05-03T09:46:01.005+0000] {processor.py:809} INFO - DAG(s) dict_keys(['example_kubernetes_executor']) retrieved from /home/airflow/.local/lib/python3.7/site-packages/airflow/example_dags/example_kubernetes_executor.py
[2023-05-03T09:46:01.853+0000] {logging_mixin.py:149} INFO - [2023-05-03T09:46:01.852+0000] {dag.py:2726} INFO - Sync 1 DAGs
[2023-05-03T09:46:02.268+0000] {logging_mixin.py:149} INFO - [2023-05-03T09:46:02.268+0000] {dag.py:3490} INFO - Setting next_dagrun for example_kubernetes_executor to None, run_after=None
[2023-05-03T09:46:02.529+0000] {processor.py:178} INFO - Processing /home/airflow/.local/lib/python3.7/site-packages/airflow/example_dags/example_kubernetes_executor.py took 42.392 seconds
[2023-05-03T09:46:43.557+0000] {processor.py:156} INFO - Started process (PID=723) to work on /home/airflow/.local/lib/python3.7/site-packages/airflow/example_dags/example_kubernetes_executor.py
[2023-05-03T09:46:43.595+0000] {processor.py:799} INFO - Processing file /home/airflow/.local/lib/python3.7/site-packages/airflow/example_dags/example_kubernetes_executor.py for tasks to queue
[2023-05-03T09:46:43.603+0000] {logging_mixin.py:149} INFO - [2023-05-03T09:46:43.602+0000] {dagbag.py:541} INFO - Filling up the DagBag from /home/airflow/.local/lib/python3.7/site-packages/airflow/example_dags/example_kubernetes_executor.py
[2023-05-03T09:47:13.802+0000] {logging_mixin.py:149} INFO - [2023-05-03T09:47:13.790+0000] {timeout.py:68} ERROR - Process timed out, PID: 723
[2023-05-03T09:47:13.989+0000] {logging_mixin.py:149} INFO - [2023-05-03T09:47:13.815+0000] {dagbag.py:350} ERROR - Failed to import: /home/airflow/.local/lib/python3.7/site-packages/airflow/example_dags/example_kubernetes_executor.py
Traceback (most recent call last):
  File "/home/airflow/.local/lib/python3.7/site-packages/airflow/models/dagbag.py", line 346, in parse
    loader.exec_module(new_module)
  File "<frozen importlib._bootstrap_external>", line 728, in exec_module
  File "<frozen importlib._bootstrap>", line 219, in _call_with_frames_removed
  File "/home/airflow/.local/lib/python3.7/site-packages/airflow/example_dags/example_kubernetes_executor.py", line 39, in <module>
    from kubernetes.client import models as k8s
  File "/home/airflow/.local/lib/python3.7/site-packages/kubernetes/__init__.py", line 20, in <module>
    import kubernetes.config
  File "/home/airflow/.local/lib/python3.7/site-packages/kubernetes/config/__init__.py", line 19, in <module>
    from .kube_config import (KUBE_CONFIG_DEFAULT_LOCATION,
  File "/home/airflow/.local/lib/python3.7/site-packages/kubernetes/config/kube_config.py", line 29, in <module>
    import google.auth.transport.requests
  File "/home/airflow/.local/lib/python3.7/site-packages/google/auth/transport/requests.py", line 48, in <module>
    from google.oauth2 import service_account
  File "/home/airflow/.local/lib/python3.7/site-packages/google/oauth2/service_account.py", line 77, in <module>
    from google.auth import _service_account_info
  File "/home/airflow/.local/lib/python3.7/site-packages/google/auth/_service_account_info.py", line 22, in <module>
    from google.auth import crypt
  File "/home/airflow/.local/lib/python3.7/site-packages/google/auth/crypt/__init__.py", line 43, in <module>
    from google.auth.crypt import rsa
  File "/home/airflow/.local/lib/python3.7/site-packages/google/auth/crypt/rsa.py", line 20, in <module>
    from google.auth.crypt import _cryptography_rsa
  File "/home/airflow/.local/lib/python3.7/site-packages/google/auth/crypt/_cryptography_rsa.py", line 38, in <module>
    class RSAVerifier(base.Verifier):
  File "/usr/local/lib/python3.7/abc.py", line 126, in __new__
    cls = super().__new__(mcls, name, bases, namespace, **kwargs)
  File "/home/airflow/.local/lib/python3.7/site-packages/airflow/utils/timeout.py", line 69, in handle_timeout
    raise AirflowTaskTimeout(self.error_message)
airflow.exceptions.AirflowTaskTimeout: DagBag import timeout for /home/airflow/.local/lib/python3.7/site-packages/airflow/example_dags/example_kubernetes_executor.py after 30.0s.
Please take a look at these docs to improve your DAG import time:
* https://airflow.apache.org/docs/apache-airflow/2.6.0/best-practices.html#top-level-python-code
* https://airflow.apache.org/docs/apache-airflow/2.6.0/best-practices.html#reducing-dag-complexity, PID: 723
[2023-05-03T09:47:14.005+0000] {processor.py:811} WARNING - No viable dags retrieved from /home/airflow/.local/lib/python3.7/site-packages/airflow/example_dags/example_kubernetes_executor.py
[2023-05-03T09:47:14.616+0000] {processor.py:178} INFO - Processing /home/airflow/.local/lib/python3.7/site-packages/airflow/example_dags/example_kubernetes_executor.py took 30.917 seconds
[2023-05-03T09:47:44.986+0000] {processor.py:156} INFO - Started process (PID=965) to work on /home/airflow/.local/lib/python3.7/site-packages/airflow/example_dags/example_kubernetes_executor.py
[2023-05-03T09:47:44.989+0000] {processor.py:799} INFO - Processing file /home/airflow/.local/lib/python3.7/site-packages/airflow/example_dags/example_kubernetes_executor.py for tasks to queue
[2023-05-03T09:47:44.999+0000] {logging_mixin.py:149} INFO - [2023-05-03T09:47:44.991+0000] {dagbag.py:541} INFO - Filling up the DagBag from /home/airflow/.local/lib/python3.7/site-packages/airflow/example_dags/example_kubernetes_executor.py
[2023-05-03T09:47:52.687+0000] {processor.py:809} INFO - DAG(s) dict_keys(['example_kubernetes_executor']) retrieved from /home/airflow/.local/lib/python3.7/site-packages/airflow/example_dags/example_kubernetes_executor.py
[2023-05-03T09:47:58.935+0000] {logging_mixin.py:149} INFO - [2023-05-03T09:47:58.807+0000] {dag.py:2726} INFO - Sync 1 DAGs
[2023-05-03T09:48:01.901+0000] {logging_mixin.py:149} INFO - [2023-05-03T09:48:01.901+0000] {dag.py:3490} INFO - Setting next_dagrun for example_kubernetes_executor to None, run_after=None
[2023-05-03T09:48:04.107+0000] {processor.py:178} INFO - Processing /home/airflow/.local/lib/python3.7/site-packages/airflow/example_dags/example_kubernetes_executor.py took 19.101 seconds
[2023-05-03T09:48:36.283+0000] {processor.py:156} INFO - Started process (PID=1198) to work on /home/airflow/.local/lib/python3.7/site-packages/airflow/example_dags/example_kubernetes_executor.py
[2023-05-03T09:48:36.285+0000] {processor.py:799} INFO - Processing file /home/airflow/.local/lib/python3.7/site-packages/airflow/example_dags/example_kubernetes_executor.py for tasks to queue
[2023-05-03T09:48:36.300+0000] {logging_mixin.py:149} INFO - [2023-05-03T09:48:36.300+0000] {dagbag.py:541} INFO - Filling up the DagBag from /home/airflow/.local/lib/python3.7/site-packages/airflow/example_dags/example_kubernetes_executor.py
[2023-05-03T09:48:37.771+0000] {processor.py:809} INFO - DAG(s) dict_keys(['example_kubernetes_executor']) retrieved from /home/airflow/.local/lib/python3.7/site-packages/airflow/example_dags/example_kubernetes_executor.py
[2023-05-03T09:48:38.501+0000] {logging_mixin.py:149} INFO - [2023-05-03T09:48:38.496+0000] {dag.py:2726} INFO - Sync 1 DAGs
[2023-05-03T09:48:38.640+0000] {logging_mixin.py:149} INFO - [2023-05-03T09:48:38.640+0000] {dag.py:3490} INFO - Setting next_dagrun for example_kubernetes_executor to None, run_after=None
[2023-05-03T09:48:38.726+0000] {processor.py:178} INFO - Processing /home/airflow/.local/lib/python3.7/site-packages/airflow/example_dags/example_kubernetes_executor.py took 2.451 seconds
[2023-05-03T09:49:22.263+0000] {processor.py:156} INFO - Started process (PID=1393) to work on /home/airflow/.local/lib/python3.7/site-packages/airflow/example_dags/example_kubernetes_executor.py
[2023-05-03T09:49:22.376+0000] {processor.py:799} INFO - Processing file /home/airflow/.local/lib/python3.7/site-packages/airflow/example_dags/example_kubernetes_executor.py for tasks to queue
[2023-05-03T09:49:22.404+0000] {logging_mixin.py:149} INFO - [2023-05-03T09:49:22.396+0000] {dagbag.py:541} INFO - Filling up the DagBag from /home/airflow/.local/lib/python3.7/site-packages/airflow/example_dags/example_kubernetes_executor.py
[2023-05-03T09:49:37.647+0000] {processor.py:809} INFO - DAG(s) dict_keys(['example_kubernetes_executor']) retrieved from /home/airflow/.local/lib/python3.7/site-packages/airflow/example_dags/example_kubernetes_executor.py
[2023-05-03T09:49:37.890+0000] {logging_mixin.py:149} INFO - [2023-05-03T09:49:37.890+0000] {dag.py:2726} INFO - Sync 1 DAGs
[2023-05-03T09:49:38.002+0000] {logging_mixin.py:149} INFO - [2023-05-03T09:49:37.998+0000] {dag.py:3490} INFO - Setting next_dagrun for example_kubernetes_executor to None, run_after=None
[2023-05-03T09:49:38.087+0000] {processor.py:178} INFO - Processing /home/airflow/.local/lib/python3.7/site-packages/airflow/example_dags/example_kubernetes_executor.py took 16.031 seconds
[2023-05-03T09:50:08.750+0000] {processor.py:156} INFO - Started process (PID=1626) to work on /home/airflow/.local/lib/python3.7/site-packages/airflow/example_dags/example_kubernetes_executor.py
[2023-05-03T09:50:08.753+0000] {processor.py:799} INFO - Processing file /home/airflow/.local/lib/python3.7/site-packages/airflow/example_dags/example_kubernetes_executor.py for tasks to queue
[2023-05-03T09:50:08.757+0000] {logging_mixin.py:149} INFO - [2023-05-03T09:50:08.757+0000] {dagbag.py:541} INFO - Filling up the DagBag from /home/airflow/.local/lib/python3.7/site-packages/airflow/example_dags/example_kubernetes_executor.py
[2023-05-03T09:50:11.376+0000] {processor.py:809} INFO - DAG(s) dict_keys(['example_kubernetes_executor']) retrieved from /home/airflow/.local/lib/python3.7/site-packages/airflow/example_dags/example_kubernetes_executor.py
[2023-05-03T09:50:11.549+0000] {logging_mixin.py:149} INFO - [2023-05-03T09:50:11.548+0000] {dag.py:2726} INFO - Sync 1 DAGs
[2023-05-03T09:50:11.625+0000] {logging_mixin.py:149} INFO - [2023-05-03T09:50:11.624+0000] {dag.py:3490} INFO - Setting next_dagrun for example_kubernetes_executor to None, run_after=None
[2023-05-03T09:50:11.681+0000] {processor.py:178} INFO - Processing /home/airflow/.local/lib/python3.7/site-packages/airflow/example_dags/example_kubernetes_executor.py took 2.950 seconds
[2023-05-03T09:50:41.869+0000] {processor.py:156} INFO - Started process (PID=1862) to work on /home/airflow/.local/lib/python3.7/site-packages/airflow/example_dags/example_kubernetes_executor.py
[2023-05-03T09:50:41.875+0000] {processor.py:799} INFO - Processing file /home/airflow/.local/lib/python3.7/site-packages/airflow/example_dags/example_kubernetes_executor.py for tasks to queue
[2023-05-03T09:50:41.887+0000] {logging_mixin.py:149} INFO - [2023-05-03T09:50:41.886+0000] {dagbag.py:541} INFO - Filling up the DagBag from /home/airflow/.local/lib/python3.7/site-packages/airflow/example_dags/example_kubernetes_executor.py
[2023-05-03T09:50:43.255+0000] {processor.py:809} INFO - DAG(s) dict_keys(['example_kubernetes_executor']) retrieved from /home/airflow/.local/lib/python3.7/site-packages/airflow/example_dags/example_kubernetes_executor.py
[2023-05-03T09:50:43.376+0000] {logging_mixin.py:149} INFO - [2023-05-03T09:50:43.376+0000] {dag.py:2726} INFO - Sync 1 DAGs
[2023-05-03T09:50:43.448+0000] {logging_mixin.py:149} INFO - [2023-05-03T09:50:43.447+0000] {dag.py:3490} INFO - Setting next_dagrun for example_kubernetes_executor to None, run_after=None
[2023-05-03T09:50:43.509+0000] {processor.py:178} INFO - Processing /home/airflow/.local/lib/python3.7/site-packages/airflow/example_dags/example_kubernetes_executor.py took 1.648 seconds
[2023-05-03T09:51:20.953+0000] {processor.py:156} INFO - Started process (PID=2098) to work on /home/airflow/.local/lib/python3.7/site-packages/airflow/example_dags/example_kubernetes_executor.py
[2023-05-03T09:51:20.956+0000] {processor.py:799} INFO - Processing file /home/airflow/.local/lib/python3.7/site-packages/airflow/example_dags/example_kubernetes_executor.py for tasks to queue
[2023-05-03T09:51:20.968+0000] {logging_mixin.py:149} INFO - [2023-05-03T09:51:20.967+0000] {dagbag.py:541} INFO - Filling up the DagBag from /home/airflow/.local/lib/python3.7/site-packages/airflow/example_dags/example_kubernetes_executor.py
[2023-05-03T09:51:44.023+0000] {processor.py:809} INFO - DAG(s) dict_keys(['example_kubernetes_executor']) retrieved from /home/airflow/.local/lib/python3.7/site-packages/airflow/example_dags/example_kubernetes_executor.py
[2023-05-03T09:51:44.427+0000] {logging_mixin.py:149} INFO - [2023-05-03T09:51:44.426+0000] {dag.py:2726} INFO - Sync 1 DAGs
[2023-05-03T09:51:44.777+0000] {logging_mixin.py:149} INFO - [2023-05-03T09:51:44.776+0000] {dag.py:3490} INFO - Setting next_dagrun for example_kubernetes_executor to None, run_after=None
[2023-05-03T09:51:45.036+0000] {processor.py:178} INFO - Processing /home/airflow/.local/lib/python3.7/site-packages/airflow/example_dags/example_kubernetes_executor.py took 24.097 seconds
[2023-05-03T09:52:15.191+0000] {processor.py:156} INFO - Started process (PID=2378) to work on /home/airflow/.local/lib/python3.7/site-packages/airflow/example_dags/example_kubernetes_executor.py
[2023-05-03T09:52:15.195+0000] {processor.py:799} INFO - Processing file /home/airflow/.local/lib/python3.7/site-packages/airflow/example_dags/example_kubernetes_executor.py for tasks to queue
[2023-05-03T09:52:15.198+0000] {logging_mixin.py:149} INFO - [2023-05-03T09:52:15.197+0000] {dagbag.py:541} INFO - Filling up the DagBag from /home/airflow/.local/lib/python3.7/site-packages/airflow/example_dags/example_kubernetes_executor.py
[2023-05-03T09:52:17.007+0000] {processor.py:809} INFO - DAG(s) dict_keys(['example_kubernetes_executor']) retrieved from /home/airflow/.local/lib/python3.7/site-packages/airflow/example_dags/example_kubernetes_executor.py
[2023-05-03T09:52:17.088+0000] {logging_mixin.py:149} INFO - [2023-05-03T09:52:17.088+0000] {dag.py:2726} INFO - Sync 1 DAGs
[2023-05-03T09:52:17.138+0000] {logging_mixin.py:149} INFO - [2023-05-03T09:52:17.138+0000] {dag.py:3490} INFO - Setting next_dagrun for example_kubernetes_executor to None, run_after=None
[2023-05-03T09:52:17.188+0000] {processor.py:178} INFO - Processing /home/airflow/.local/lib/python3.7/site-packages/airflow/example_dags/example_kubernetes_executor.py took 2.003 seconds
[2023-05-03T09:52:50.760+0000] {processor.py:156} INFO - Started process (PID=2606) to work on /home/airflow/.local/lib/python3.7/site-packages/airflow/example_dags/example_kubernetes_executor.py
[2023-05-03T09:52:50.762+0000] {processor.py:799} INFO - Processing file /home/airflow/.local/lib/python3.7/site-packages/airflow/example_dags/example_kubernetes_executor.py for tasks to queue
[2023-05-03T09:52:50.766+0000] {logging_mixin.py:149} INFO - [2023-05-03T09:52:50.766+0000] {dagbag.py:541} INFO - Filling up the DagBag from /home/airflow/.local/lib/python3.7/site-packages/airflow/example_dags/example_kubernetes_executor.py
[2023-05-03T09:52:53.078+0000] {processor.py:809} INFO - DAG(s) dict_keys(['example_kubernetes_executor']) retrieved from /home/airflow/.local/lib/python3.7/site-packages/airflow/example_dags/example_kubernetes_executor.py
[2023-05-03T09:52:53.243+0000] {logging_mixin.py:149} INFO - [2023-05-03T09:52:53.242+0000] {dag.py:2726} INFO - Sync 1 DAGs
[2023-05-03T09:52:53.363+0000] {logging_mixin.py:149} INFO - [2023-05-03T09:52:53.363+0000] {dag.py:3490} INFO - Setting next_dagrun for example_kubernetes_executor to None, run_after=None
[2023-05-03T09:52:53.518+0000] {processor.py:178} INFO - Processing /home/airflow/.local/lib/python3.7/site-packages/airflow/example_dags/example_kubernetes_executor.py took 2.771 seconds
[2023-05-03T09:53:24.076+0000] {processor.py:156} INFO - Started process (PID=2849) to work on /home/airflow/.local/lib/python3.7/site-packages/airflow/example_dags/example_kubernetes_executor.py
[2023-05-03T09:53:24.078+0000] {processor.py:799} INFO - Processing file /home/airflow/.local/lib/python3.7/site-packages/airflow/example_dags/example_kubernetes_executor.py for tasks to queue
[2023-05-03T09:53:24.080+0000] {logging_mixin.py:149} INFO - [2023-05-03T09:53:24.080+0000] {dagbag.py:541} INFO - Filling up the DagBag from /home/airflow/.local/lib/python3.7/site-packages/airflow/example_dags/example_kubernetes_executor.py
[2023-05-03T09:53:28.002+0000] {processor.py:809} INFO - DAG(s) dict_keys(['example_kubernetes_executor']) retrieved from /home/airflow/.local/lib/python3.7/site-packages/airflow/example_dags/example_kubernetes_executor.py
[2023-05-03T09:53:28.158+0000] {logging_mixin.py:149} INFO - [2023-05-03T09:53:28.158+0000] {dag.py:2726} INFO - Sync 1 DAGs
[2023-05-03T09:53:28.285+0000] {logging_mixin.py:149} INFO - [2023-05-03T09:53:28.284+0000] {dag.py:3490} INFO - Setting next_dagrun for example_kubernetes_executor to None, run_after=None
[2023-05-03T09:53:28.366+0000] {processor.py:178} INFO - Processing /home/airflow/.local/lib/python3.7/site-packages/airflow/example_dags/example_kubernetes_executor.py took 4.295 seconds
[2023-05-03T09:53:58.592+0000] {processor.py:156} INFO - Started process (PID=3096) to work on /home/airflow/.local/lib/python3.7/site-packages/airflow/example_dags/example_kubernetes_executor.py
[2023-05-03T09:53:58.594+0000] {processor.py:799} INFO - Processing file /home/airflow/.local/lib/python3.7/site-packages/airflow/example_dags/example_kubernetes_executor.py for tasks to queue
[2023-05-03T09:53:58.596+0000] {logging_mixin.py:149} INFO - [2023-05-03T09:53:58.596+0000] {dagbag.py:541} INFO - Filling up the DagBag from /home/airflow/.local/lib/python3.7/site-packages/airflow/example_dags/example_kubernetes_executor.py
[2023-05-03T09:53:59.533+0000] {processor.py:809} INFO - DAG(s) dict_keys(['example_kubernetes_executor']) retrieved from /home/airflow/.local/lib/python3.7/site-packages/airflow/example_dags/example_kubernetes_executor.py
[2023-05-03T09:53:59.630+0000] {logging_mixin.py:149} INFO - [2023-05-03T09:53:59.628+0000] {dag.py:2726} INFO - Sync 1 DAGs
[2023-05-03T09:53:59.678+0000] {logging_mixin.py:149} INFO - [2023-05-03T09:53:59.678+0000] {dag.py:3490} INFO - Setting next_dagrun for example_kubernetes_executor to None, run_after=None
[2023-05-03T09:53:59.708+0000] {processor.py:178} INFO - Processing /home/airflow/.local/lib/python3.7/site-packages/airflow/example_dags/example_kubernetes_executor.py took 1.122 seconds
[2023-05-03T09:54:45.489+0000] {processor.py:156} INFO - Started process (PID=3236) to work on /home/airflow/.local/lib/python3.7/site-packages/airflow/example_dags/example_kubernetes_executor.py
[2023-05-03T09:54:45.493+0000] {processor.py:799} INFO - Processing file /home/airflow/.local/lib/python3.7/site-packages/airflow/example_dags/example_kubernetes_executor.py for tasks to queue
[2023-05-03T09:54:45.504+0000] {logging_mixin.py:149} INFO - [2023-05-03T09:54:45.504+0000] {dagbag.py:541} INFO - Filling up the DagBag from /home/airflow/.local/lib/python3.7/site-packages/airflow/example_dags/example_kubernetes_executor.py
[2023-05-03T09:54:50.386+0000] {processor.py:809} INFO - DAG(s) dict_keys(['example_kubernetes_executor']) retrieved from /home/airflow/.local/lib/python3.7/site-packages/airflow/example_dags/example_kubernetes_executor.py
[2023-05-03T09:54:50.514+0000] {logging_mixin.py:149} INFO - [2023-05-03T09:54:50.514+0000] {dag.py:2726} INFO - Sync 1 DAGs
[2023-05-03T09:54:50.619+0000] {logging_mixin.py:149} INFO - [2023-05-03T09:54:50.618+0000] {dag.py:3490} INFO - Setting next_dagrun for example_kubernetes_executor to None, run_after=None
[2023-05-03T09:54:50.714+0000] {processor.py:178} INFO - Processing /home/airflow/.local/lib/python3.7/site-packages/airflow/example_dags/example_kubernetes_executor.py took 5.239 seconds
[2023-05-03T09:55:21.393+0000] {processor.py:156} INFO - Started process (PID=3489) to work on /home/airflow/.local/lib/python3.7/site-packages/airflow/example_dags/example_kubernetes_executor.py
[2023-05-03T09:55:21.395+0000] {processor.py:799} INFO - Processing file /home/airflow/.local/lib/python3.7/site-packages/airflow/example_dags/example_kubernetes_executor.py for tasks to queue
[2023-05-03T09:55:21.396+0000] {logging_mixin.py:149} INFO - [2023-05-03T09:55:21.396+0000] {dagbag.py:541} INFO - Filling up the DagBag from /home/airflow/.local/lib/python3.7/site-packages/airflow/example_dags/example_kubernetes_executor.py
[2023-05-03T09:55:22.223+0000] {processor.py:809} INFO - DAG(s) dict_keys(['example_kubernetes_executor']) retrieved from /home/airflow/.local/lib/python3.7/site-packages/airflow/example_dags/example_kubernetes_executor.py
[2023-05-03T09:55:22.309+0000] {logging_mixin.py:149} INFO - [2023-05-03T09:55:22.308+0000] {dag.py:2726} INFO - Sync 1 DAGs
[2023-05-03T09:55:22.352+0000] {logging_mixin.py:149} INFO - [2023-05-03T09:55:22.351+0000] {dag.py:3490} INFO - Setting next_dagrun for example_kubernetes_executor to None, run_after=None
[2023-05-03T09:55:22.419+0000] {processor.py:178} INFO - Processing /home/airflow/.local/lib/python3.7/site-packages/airflow/example_dags/example_kubernetes_executor.py took 1.031 seconds
[2023-05-03T09:55:53.771+0000] {processor.py:156} INFO - Started process (PID=3735) to work on /home/airflow/.local/lib/python3.7/site-packages/airflow/example_dags/example_kubernetes_executor.py
[2023-05-03T09:55:53.786+0000] {processor.py:799} INFO - Processing file /home/airflow/.local/lib/python3.7/site-packages/airflow/example_dags/example_kubernetes_executor.py for tasks to queue
[2023-05-03T09:55:53.796+0000] {logging_mixin.py:149} INFO - [2023-05-03T09:55:53.795+0000] {dagbag.py:541} INFO - Filling up the DagBag from /home/airflow/.local/lib/python3.7/site-packages/airflow/example_dags/example_kubernetes_executor.py
[2023-05-03T09:55:59.933+0000] {processor.py:809} INFO - DAG(s) dict_keys(['example_kubernetes_executor']) retrieved from /home/airflow/.local/lib/python3.7/site-packages/airflow/example_dags/example_kubernetes_executor.py
[2023-05-03T09:56:00.478+0000] {logging_mixin.py:149} INFO - [2023-05-03T09:56:00.477+0000] {dag.py:2726} INFO - Sync 1 DAGs
[2023-05-03T09:56:00.580+0000] {logging_mixin.py:149} INFO - [2023-05-03T09:56:00.579+0000] {dag.py:3490} INFO - Setting next_dagrun for example_kubernetes_executor to None, run_after=None
[2023-05-03T09:56:00.731+0000] {processor.py:178} INFO - Processing /home/airflow/.local/lib/python3.7/site-packages/airflow/example_dags/example_kubernetes_executor.py took 6.966 seconds
[2023-05-03T09:56:30.932+0000] {processor.py:156} INFO - Started process (PID=3991) to work on /home/airflow/.local/lib/python3.7/site-packages/airflow/example_dags/example_kubernetes_executor.py
[2023-05-03T09:56:30.935+0000] {processor.py:799} INFO - Processing file /home/airflow/.local/lib/python3.7/site-packages/airflow/example_dags/example_kubernetes_executor.py for tasks to queue
[2023-05-03T09:56:30.937+0000] {logging_mixin.py:149} INFO - [2023-05-03T09:56:30.937+0000] {dagbag.py:541} INFO - Filling up the DagBag from /home/airflow/.local/lib/python3.7/site-packages/airflow/example_dags/example_kubernetes_executor.py
[2023-05-03T09:56:33.726+0000] {processor.py:809} INFO - DAG(s) dict_keys(['example_kubernetes_executor']) retrieved from /home/airflow/.local/lib/python3.7/site-packages/airflow/example_dags/example_kubernetes_executor.py
[2023-05-03T09:56:33.823+0000] {logging_mixin.py:149} INFO - [2023-05-03T09:56:33.822+0000] {dag.py:2726} INFO - Sync 1 DAGs
[2023-05-03T09:56:33.886+0000] {logging_mixin.py:149} INFO - [2023-05-03T09:56:33.886+0000] {dag.py:3490} INFO - Setting next_dagrun for example_kubernetes_executor to None, run_after=None
[2023-05-03T09:56:33.948+0000] {processor.py:178} INFO - Processing /home/airflow/.local/lib/python3.7/site-packages/airflow/example_dags/example_kubernetes_executor.py took 3.021 seconds
[2023-05-03T09:57:04.622+0000] {processor.py:156} INFO - Started process (PID=4245) to work on /home/airflow/.local/lib/python3.7/site-packages/airflow/example_dags/example_kubernetes_executor.py
[2023-05-03T09:57:04.625+0000] {processor.py:799} INFO - Processing file /home/airflow/.local/lib/python3.7/site-packages/airflow/example_dags/example_kubernetes_executor.py for tasks to queue
[2023-05-03T09:57:04.636+0000] {logging_mixin.py:149} INFO - [2023-05-03T09:57:04.636+0000] {dagbag.py:541} INFO - Filling up the DagBag from /home/airflow/.local/lib/python3.7/site-packages/airflow/example_dags/example_kubernetes_executor.py
[2023-05-03T09:57:06.845+0000] {processor.py:809} INFO - DAG(s) dict_keys(['example_kubernetes_executor']) retrieved from /home/airflow/.local/lib/python3.7/site-packages/airflow/example_dags/example_kubernetes_executor.py
[2023-05-03T09:57:06.958+0000] {logging_mixin.py:149} INFO - [2023-05-03T09:57:06.957+0000] {dag.py:2726} INFO - Sync 1 DAGs
[2023-05-03T09:57:07.017+0000] {logging_mixin.py:149} INFO - [2023-05-03T09:57:07.017+0000] {dag.py:3490} INFO - Setting next_dagrun for example_kubernetes_executor to None, run_after=None
[2023-05-03T09:57:07.079+0000] {processor.py:178} INFO - Processing /home/airflow/.local/lib/python3.7/site-packages/airflow/example_dags/example_kubernetes_executor.py took 2.462 seconds
[2023-05-03T09:57:51.605+0000] {processor.py:156} INFO - Started process (PID=4481) to work on /home/airflow/.local/lib/python3.7/site-packages/airflow/example_dags/example_kubernetes_executor.py
[2023-05-03T09:57:51.611+0000] {processor.py:799} INFO - Processing file /home/airflow/.local/lib/python3.7/site-packages/airflow/example_dags/example_kubernetes_executor.py for tasks to queue
[2023-05-03T09:57:51.618+0000] {logging_mixin.py:149} INFO - [2023-05-03T09:57:51.617+0000] {dagbag.py:541} INFO - Filling up the DagBag from /home/airflow/.local/lib/python3.7/site-packages/airflow/example_dags/example_kubernetes_executor.py
[2023-05-03T09:57:54.250+0000] {processor.py:809} INFO - DAG(s) dict_keys(['example_kubernetes_executor']) retrieved from /home/airflow/.local/lib/python3.7/site-packages/airflow/example_dags/example_kubernetes_executor.py
[2023-05-03T09:57:54.531+0000] {logging_mixin.py:149} INFO - [2023-05-03T09:57:54.530+0000] {dag.py:2726} INFO - Sync 1 DAGs
[2023-05-03T09:57:54.627+0000] {logging_mixin.py:149} INFO - [2023-05-03T09:57:54.626+0000] {dag.py:3490} INFO - Setting next_dagrun for example_kubernetes_executor to None, run_after=None
[2023-05-03T09:57:54.714+0000] {processor.py:178} INFO - Processing /home/airflow/.local/lib/python3.7/site-packages/airflow/example_dags/example_kubernetes_executor.py took 3.084 seconds
[2023-05-03T09:58:25.148+0000] {processor.py:156} INFO - Started process (PID=4734) to work on /home/airflow/.local/lib/python3.7/site-packages/airflow/example_dags/example_kubernetes_executor.py
[2023-05-03T09:58:25.155+0000] {processor.py:799} INFO - Processing file /home/airflow/.local/lib/python3.7/site-packages/airflow/example_dags/example_kubernetes_executor.py for tasks to queue
[2023-05-03T09:58:25.157+0000] {logging_mixin.py:149} INFO - [2023-05-03T09:58:25.157+0000] {dagbag.py:541} INFO - Filling up the DagBag from /home/airflow/.local/lib/python3.7/site-packages/airflow/example_dags/example_kubernetes_executor.py
[2023-05-03T09:58:26.196+0000] {processor.py:809} INFO - DAG(s) dict_keys(['example_kubernetes_executor']) retrieved from /home/airflow/.local/lib/python3.7/site-packages/airflow/example_dags/example_kubernetes_executor.py
[2023-05-03T09:58:26.282+0000] {logging_mixin.py:149} INFO - [2023-05-03T09:58:26.282+0000] {dag.py:2726} INFO - Sync 1 DAGs
[2023-05-03T09:58:26.334+0000] {logging_mixin.py:149} INFO - [2023-05-03T09:58:26.334+0000] {dag.py:3490} INFO - Setting next_dagrun for example_kubernetes_executor to None, run_after=None
[2023-05-03T09:58:26.392+0000] {processor.py:178} INFO - Processing /home/airflow/.local/lib/python3.7/site-packages/airflow/example_dags/example_kubernetes_executor.py took 1.250 seconds
[2023-05-03T09:58:56.733+0000] {processor.py:156} INFO - Started process (PID=4984) to work on /home/airflow/.local/lib/python3.7/site-packages/airflow/example_dags/example_kubernetes_executor.py
[2023-05-03T09:58:56.735+0000] {processor.py:799} INFO - Processing file /home/airflow/.local/lib/python3.7/site-packages/airflow/example_dags/example_kubernetes_executor.py for tasks to queue
[2023-05-03T09:58:56.737+0000] {logging_mixin.py:149} INFO - [2023-05-03T09:58:56.737+0000] {dagbag.py:541} INFO - Filling up the DagBag from /home/airflow/.local/lib/python3.7/site-packages/airflow/example_dags/example_kubernetes_executor.py
[2023-05-03T09:58:58.348+0000] {processor.py:809} INFO - DAG(s) dict_keys(['example_kubernetes_executor']) retrieved from /home/airflow/.local/lib/python3.7/site-packages/airflow/example_dags/example_kubernetes_executor.py
[2023-05-03T09:58:58.450+0000] {logging_mixin.py:149} INFO - [2023-05-03T09:58:58.450+0000] {dag.py:2726} INFO - Sync 1 DAGs
[2023-05-03T09:58:58.519+0000] {logging_mixin.py:149} INFO - [2023-05-03T09:58:58.519+0000] {dag.py:3490} INFO - Setting next_dagrun for example_kubernetes_executor to None, run_after=None
[2023-05-03T09:58:58.581+0000] {processor.py:178} INFO - Processing /home/airflow/.local/lib/python3.7/site-packages/airflow/example_dags/example_kubernetes_executor.py took 1.852 seconds
[2023-05-03T09:59:28.727+0000] {processor.py:156} INFO - Started process (PID=5232) to work on /home/airflow/.local/lib/python3.7/site-packages/airflow/example_dags/example_kubernetes_executor.py
[2023-05-03T09:59:28.728+0000] {processor.py:799} INFO - Processing file /home/airflow/.local/lib/python3.7/site-packages/airflow/example_dags/example_kubernetes_executor.py for tasks to queue
[2023-05-03T09:59:28.730+0000] {logging_mixin.py:149} INFO - [2023-05-03T09:59:28.730+0000] {dagbag.py:541} INFO - Filling up the DagBag from /home/airflow/.local/lib/python3.7/site-packages/airflow/example_dags/example_kubernetes_executor.py
[2023-05-03T09:59:29.403+0000] {processor.py:809} INFO - DAG(s) dict_keys(['example_kubernetes_executor']) retrieved from /home/airflow/.local/lib/python3.7/site-packages/airflow/example_dags/example_kubernetes_executor.py
[2023-05-03T09:59:29.516+0000] {logging_mixin.py:149} INFO - [2023-05-03T09:59:29.511+0000] {dag.py:2726} INFO - Sync 1 DAGs
[2023-05-03T09:59:29.635+0000] {logging_mixin.py:149} INFO - [2023-05-03T09:59:29.635+0000] {dag.py:3490} INFO - Setting next_dagrun for example_kubernetes_executor to None, run_after=None
[2023-05-03T09:59:30.059+0000] {processor.py:178} INFO - Processing /home/airflow/.local/lib/python3.7/site-packages/airflow/example_dags/example_kubernetes_executor.py took 1.337 seconds
[2023-05-03T10:00:01.001+0000] {processor.py:156} INFO - Started process (PID=5478) to work on /home/airflow/.local/lib/python3.7/site-packages/airflow/example_dags/example_kubernetes_executor.py
[2023-05-03T10:00:01.004+0000] {processor.py:799} INFO - Processing file /home/airflow/.local/lib/python3.7/site-packages/airflow/example_dags/example_kubernetes_executor.py for tasks to queue
[2023-05-03T10:00:01.007+0000] {logging_mixin.py:149} INFO - [2023-05-03T10:00:01.006+0000] {dagbag.py:541} INFO - Filling up the DagBag from /home/airflow/.local/lib/python3.7/site-packages/airflow/example_dags/example_kubernetes_executor.py
[2023-05-03T10:00:01.493+0000] {processor.py:809} INFO - DAG(s) dict_keys(['example_kubernetes_executor']) retrieved from /home/airflow/.local/lib/python3.7/site-packages/airflow/example_dags/example_kubernetes_executor.py
[2023-05-03T10:00:01.597+0000] {logging_mixin.py:149} INFO - [2023-05-03T10:00:01.597+0000] {dag.py:2726} INFO - Sync 1 DAGs
[2023-05-03T10:00:01.666+0000] {logging_mixin.py:149} INFO - [2023-05-03T10:00:01.666+0000] {dag.py:3490} INFO - Setting next_dagrun for example_kubernetes_executor to None, run_after=None
[2023-05-03T10:00:01.733+0000] {processor.py:178} INFO - Processing /home/airflow/.local/lib/python3.7/site-packages/airflow/example_dags/example_kubernetes_executor.py took 0.738 seconds
[2023-05-03T10:00:32.306+0000] {processor.py:156} INFO - Started process (PID=5714) to work on /home/airflow/.local/lib/python3.7/site-packages/airflow/example_dags/example_kubernetes_executor.py
[2023-05-03T10:00:32.309+0000] {processor.py:799} INFO - Processing file /home/airflow/.local/lib/python3.7/site-packages/airflow/example_dags/example_kubernetes_executor.py for tasks to queue
[2023-05-03T10:00:32.312+0000] {logging_mixin.py:149} INFO - [2023-05-03T10:00:32.311+0000] {dagbag.py:541} INFO - Filling up the DagBag from /home/airflow/.local/lib/python3.7/site-packages/airflow/example_dags/example_kubernetes_executor.py
[2023-05-03T10:00:32.805+0000] {processor.py:809} INFO - DAG(s) dict_keys(['example_kubernetes_executor']) retrieved from /home/airflow/.local/lib/python3.7/site-packages/airflow/example_dags/example_kubernetes_executor.py
[2023-05-03T10:00:32.935+0000] {logging_mixin.py:149} INFO - [2023-05-03T10:00:32.935+0000] {dag.py:2726} INFO - Sync 1 DAGs
[2023-05-03T10:00:32.993+0000] {logging_mixin.py:149} INFO - [2023-05-03T10:00:32.993+0000] {dag.py:3490} INFO - Setting next_dagrun for example_kubernetes_executor to None, run_after=None
[2023-05-03T10:00:33.051+0000] {processor.py:178} INFO - Processing /home/airflow/.local/lib/python3.7/site-packages/airflow/example_dags/example_kubernetes_executor.py took 0.750 seconds
[2023-05-03T10:01:03.350+0000] {processor.py:156} INFO - Started process (PID=5950) to work on /home/airflow/.local/lib/python3.7/site-packages/airflow/example_dags/example_kubernetes_executor.py
[2023-05-03T10:01:03.353+0000] {processor.py:799} INFO - Processing file /home/airflow/.local/lib/python3.7/site-packages/airflow/example_dags/example_kubernetes_executor.py for tasks to queue
[2023-05-03T10:01:03.366+0000] {logging_mixin.py:149} INFO - [2023-05-03T10:01:03.364+0000] {dagbag.py:541} INFO - Filling up the DagBag from /home/airflow/.local/lib/python3.7/site-packages/airflow/example_dags/example_kubernetes_executor.py
[2023-05-03T10:01:04.202+0000] {processor.py:809} INFO - DAG(s) dict_keys(['example_kubernetes_executor']) retrieved from /home/airflow/.local/lib/python3.7/site-packages/airflow/example_dags/example_kubernetes_executor.py
[2023-05-03T10:01:04.317+0000] {logging_mixin.py:149} INFO - [2023-05-03T10:01:04.317+0000] {dag.py:2726} INFO - Sync 1 DAGs
[2023-05-03T10:01:04.397+0000] {logging_mixin.py:149} INFO - [2023-05-03T10:01:04.397+0000] {dag.py:3490} INFO - Setting next_dagrun for example_kubernetes_executor to None, run_after=None
[2023-05-03T10:01:04.499+0000] {processor.py:178} INFO - Processing /home/airflow/.local/lib/python3.7/site-packages/airflow/example_dags/example_kubernetes_executor.py took 1.161 seconds
[2023-05-03T10:01:34.659+0000] {processor.py:156} INFO - Started process (PID=6199) to work on /home/airflow/.local/lib/python3.7/site-packages/airflow/example_dags/example_kubernetes_executor.py
[2023-05-03T10:01:34.661+0000] {processor.py:799} INFO - Processing file /home/airflow/.local/lib/python3.7/site-packages/airflow/example_dags/example_kubernetes_executor.py for tasks to queue
[2023-05-03T10:01:34.663+0000] {logging_mixin.py:149} INFO - [2023-05-03T10:01:34.662+0000] {dagbag.py:541} INFO - Filling up the DagBag from /home/airflow/.local/lib/python3.7/site-packages/airflow/example_dags/example_kubernetes_executor.py
[2023-05-03T10:01:35.162+0000] {processor.py:809} INFO - DAG(s) dict_keys(['example_kubernetes_executor']) retrieved from /home/airflow/.local/lib/python3.7/site-packages/airflow/example_dags/example_kubernetes_executor.py
[2023-05-03T10:01:35.274+0000] {logging_mixin.py:149} INFO - [2023-05-03T10:01:35.274+0000] {dag.py:2726} INFO - Sync 1 DAGs
[2023-05-03T10:01:35.336+0000] {logging_mixin.py:149} INFO - [2023-05-03T10:01:35.336+0000] {dag.py:3490} INFO - Setting next_dagrun for example_kubernetes_executor to None, run_after=None
[2023-05-03T10:01:35.426+0000] {processor.py:178} INFO - Processing /home/airflow/.local/lib/python3.7/site-packages/airflow/example_dags/example_kubernetes_executor.py took 0.773 seconds
[2023-05-03T10:45:36.290+0000] {processor.py:156} INFO - Started process (PID=6436) to work on /home/airflow/.local/lib/python3.7/site-packages/airflow/example_dags/example_kubernetes_executor.py
[2023-05-03T10:45:36.303+0000] {processor.py:799} INFO - Processing file /home/airflow/.local/lib/python3.7/site-packages/airflow/example_dags/example_kubernetes_executor.py for tasks to queue
[2023-05-03T10:45:36.321+0000] {logging_mixin.py:149} INFO - [2023-05-03T10:45:36.321+0000] {dagbag.py:541} INFO - Filling up the DagBag from /home/airflow/.local/lib/python3.7/site-packages/airflow/example_dags/example_kubernetes_executor.py
[2023-05-03T10:45:41.336+0000] {processor.py:809} INFO - DAG(s) dict_keys(['example_kubernetes_executor']) retrieved from /home/airflow/.local/lib/python3.7/site-packages/airflow/example_dags/example_kubernetes_executor.py
[2023-05-03T10:45:42.561+0000] {logging_mixin.py:149} INFO - [2023-05-03T10:45:42.561+0000] {dag.py:2726} INFO - Sync 1 DAGs
[2023-05-03T10:45:42.783+0000] {logging_mixin.py:149} INFO - [2023-05-03T10:45:42.783+0000] {dag.py:3490} INFO - Setting next_dagrun for example_kubernetes_executor to None, run_after=None
[2023-05-03T10:45:43.085+0000] {processor.py:178} INFO - Processing /home/airflow/.local/lib/python3.7/site-packages/airflow/example_dags/example_kubernetes_executor.py took 6.812 seconds
[2023-05-03T10:46:18.876+0000] {processor.py:156} INFO - Started process (PID=6689) to work on /home/airflow/.local/lib/python3.7/site-packages/airflow/example_dags/example_kubernetes_executor.py
[2023-05-03T10:46:18.880+0000] {processor.py:799} INFO - Processing file /home/airflow/.local/lib/python3.7/site-packages/airflow/example_dags/example_kubernetes_executor.py for tasks to queue
[2023-05-03T10:46:18.885+0000] {logging_mixin.py:149} INFO - [2023-05-03T10:46:18.884+0000] {dagbag.py:541} INFO - Filling up the DagBag from /home/airflow/.local/lib/python3.7/site-packages/airflow/example_dags/example_kubernetes_executor.py
[2023-05-03T10:46:21.788+0000] {processor.py:809} INFO - DAG(s) dict_keys(['example_kubernetes_executor']) retrieved from /home/airflow/.local/lib/python3.7/site-packages/airflow/example_dags/example_kubernetes_executor.py
[2023-05-03T10:46:22.185+0000] {logging_mixin.py:149} INFO - [2023-05-03T10:46:22.185+0000] {dag.py:2726} INFO - Sync 1 DAGs
[2023-05-03T10:46:22.418+0000] {logging_mixin.py:149} INFO - [2023-05-03T10:46:22.418+0000] {dag.py:3490} INFO - Setting next_dagrun for example_kubernetes_executor to None, run_after=None
[2023-05-03T10:46:22.541+0000] {processor.py:178} INFO - Processing /home/airflow/.local/lib/python3.7/site-packages/airflow/example_dags/example_kubernetes_executor.py took 3.670 seconds
[2023-05-03T10:47:30.278+0000] {processor.py:156} INFO - Started process (PID=6765) to work on /home/airflow/.local/lib/python3.7/site-packages/airflow/example_dags/example_kubernetes_executor.py
[2023-05-03T10:47:30.295+0000] {processor.py:799} INFO - Processing file /home/airflow/.local/lib/python3.7/site-packages/airflow/example_dags/example_kubernetes_executor.py for tasks to queue
[2023-05-03T10:47:30.297+0000] {logging_mixin.py:149} INFO - [2023-05-03T10:47:30.297+0000] {dagbag.py:541} INFO - Filling up the DagBag from /home/airflow/.local/lib/python3.7/site-packages/airflow/example_dags/example_kubernetes_executor.py
[2023-05-03T10:47:35.177+0000] {processor.py:809} INFO - DAG(s) dict_keys(['example_kubernetes_executor']) retrieved from /home/airflow/.local/lib/python3.7/site-packages/airflow/example_dags/example_kubernetes_executor.py
[2023-05-03T10:47:35.829+0000] {logging_mixin.py:149} INFO - [2023-05-03T10:47:35.829+0000] {dag.py:2726} INFO - Sync 1 DAGs
[2023-05-03T10:47:36.102+0000] {logging_mixin.py:149} INFO - [2023-05-03T10:47:36.102+0000] {dag.py:3490} INFO - Setting next_dagrun for example_kubernetes_executor to None, run_after=None
[2023-05-03T10:47:36.659+0000] {processor.py:178} INFO - Processing /home/airflow/.local/lib/python3.7/site-packages/airflow/example_dags/example_kubernetes_executor.py took 6.401 seconds
[2023-05-03T10:48:07.120+0000] {processor.py:156} INFO - Started process (PID=7022) to work on /home/airflow/.local/lib/python3.7/site-packages/airflow/example_dags/example_kubernetes_executor.py
[2023-05-03T10:48:07.122+0000] {processor.py:799} INFO - Processing file /home/airflow/.local/lib/python3.7/site-packages/airflow/example_dags/example_kubernetes_executor.py for tasks to queue
[2023-05-03T10:48:07.124+0000] {logging_mixin.py:149} INFO - [2023-05-03T10:48:07.124+0000] {dagbag.py:541} INFO - Filling up the DagBag from /home/airflow/.local/lib/python3.7/site-packages/airflow/example_dags/example_kubernetes_executor.py
[2023-05-03T10:48:08.227+0000] {processor.py:809} INFO - DAG(s) dict_keys(['example_kubernetes_executor']) retrieved from /home/airflow/.local/lib/python3.7/site-packages/airflow/example_dags/example_kubernetes_executor.py
[2023-05-03T10:48:08.403+0000] {logging_mixin.py:149} INFO - [2023-05-03T10:48:08.402+0000] {dag.py:2726} INFO - Sync 1 DAGs
[2023-05-03T10:48:08.493+0000] {logging_mixin.py:149} INFO - [2023-05-03T10:48:08.492+0000] {dag.py:3490} INFO - Setting next_dagrun for example_kubernetes_executor to None, run_after=None
[2023-05-03T10:48:08.576+0000] {processor.py:178} INFO - Processing /home/airflow/.local/lib/python3.7/site-packages/airflow/example_dags/example_kubernetes_executor.py took 1.463 seconds
[2023-05-03T10:48:39.024+0000] {processor.py:156} INFO - Started process (PID=7258) to work on /home/airflow/.local/lib/python3.7/site-packages/airflow/example_dags/example_kubernetes_executor.py
[2023-05-03T10:48:39.028+0000] {processor.py:799} INFO - Processing file /home/airflow/.local/lib/python3.7/site-packages/airflow/example_dags/example_kubernetes_executor.py for tasks to queue
[2023-05-03T10:48:39.029+0000] {logging_mixin.py:149} INFO - [2023-05-03T10:48:39.029+0000] {dagbag.py:541} INFO - Filling up the DagBag from /home/airflow/.local/lib/python3.7/site-packages/airflow/example_dags/example_kubernetes_executor.py
[2023-05-03T10:48:40.669+0000] {processor.py:809} INFO - DAG(s) dict_keys(['example_kubernetes_executor']) retrieved from /home/airflow/.local/lib/python3.7/site-packages/airflow/example_dags/example_kubernetes_executor.py
[2023-05-03T10:48:40.867+0000] {logging_mixin.py:149} INFO - [2023-05-03T10:48:40.867+0000] {dag.py:2726} INFO - Sync 1 DAGs
[2023-05-03T10:48:40.966+0000] {logging_mixin.py:149} INFO - [2023-05-03T10:48:40.966+0000] {dag.py:3490} INFO - Setting next_dagrun for example_kubernetes_executor to None, run_after=None
[2023-05-03T10:48:41.040+0000] {processor.py:178} INFO - Processing /home/airflow/.local/lib/python3.7/site-packages/airflow/example_dags/example_kubernetes_executor.py took 2.025 seconds
[2023-05-03T10:49:11.405+0000] {processor.py:156} INFO - Started process (PID=7507) to work on /home/airflow/.local/lib/python3.7/site-packages/airflow/example_dags/example_kubernetes_executor.py
[2023-05-03T10:49:11.414+0000] {processor.py:799} INFO - Processing file /home/airflow/.local/lib/python3.7/site-packages/airflow/example_dags/example_kubernetes_executor.py for tasks to queue
[2023-05-03T10:49:11.416+0000] {logging_mixin.py:149} INFO - [2023-05-03T10:49:11.416+0000] {dagbag.py:541} INFO - Filling up the DagBag from /home/airflow/.local/lib/python3.7/site-packages/airflow/example_dags/example_kubernetes_executor.py
[2023-05-03T10:49:13.810+0000] {processor.py:809} INFO - DAG(s) dict_keys(['example_kubernetes_executor']) retrieved from /home/airflow/.local/lib/python3.7/site-packages/airflow/example_dags/example_kubernetes_executor.py
[2023-05-03T10:49:13.936+0000] {logging_mixin.py:149} INFO - [2023-05-03T10:49:13.935+0000] {dag.py:2726} INFO - Sync 1 DAGs
[2023-05-03T10:49:14.039+0000] {logging_mixin.py:149} INFO - [2023-05-03T10:49:14.039+0000] {dag.py:3490} INFO - Setting next_dagrun for example_kubernetes_executor to None, run_after=None
[2023-05-03T10:49:14.099+0000] {processor.py:178} INFO - Processing /home/airflow/.local/lib/python3.7/site-packages/airflow/example_dags/example_kubernetes_executor.py took 2.713 seconds
[2023-05-03T10:49:50.126+0000] {processor.py:156} INFO - Started process (PID=7740) to work on /home/airflow/.local/lib/python3.7/site-packages/airflow/example_dags/example_kubernetes_executor.py
[2023-05-03T10:49:50.151+0000] {processor.py:799} INFO - Processing file /home/airflow/.local/lib/python3.7/site-packages/airflow/example_dags/example_kubernetes_executor.py for tasks to queue
[2023-05-03T10:49:50.155+0000] {logging_mixin.py:149} INFO - [2023-05-03T10:49:50.154+0000] {dagbag.py:541} INFO - Filling up the DagBag from /home/airflow/.local/lib/python3.7/site-packages/airflow/example_dags/example_kubernetes_executor.py
[2023-05-03T10:49:56.792+0000] {processor.py:809} INFO - DAG(s) dict_keys(['example_kubernetes_executor']) retrieved from /home/airflow/.local/lib/python3.7/site-packages/airflow/example_dags/example_kubernetes_executor.py
[2023-05-03T10:49:57.266+0000] {logging_mixin.py:149} INFO - [2023-05-03T10:49:57.265+0000] {dag.py:2726} INFO - Sync 1 DAGs
[2023-05-03T10:49:57.419+0000] {logging_mixin.py:149} INFO - [2023-05-03T10:49:57.418+0000] {dag.py:3490} INFO - Setting next_dagrun for example_kubernetes_executor to None, run_after=None
[2023-05-03T10:49:57.582+0000] {processor.py:178} INFO - Processing /home/airflow/.local/lib/python3.7/site-packages/airflow/example_dags/example_kubernetes_executor.py took 7.463 seconds
[2023-05-03T10:50:29.012+0000] {processor.py:156} INFO - Started process (PID=7992) to work on /home/airflow/.local/lib/python3.7/site-packages/airflow/example_dags/example_kubernetes_executor.py
[2023-05-03T10:50:29.015+0000] {processor.py:799} INFO - Processing file /home/airflow/.local/lib/python3.7/site-packages/airflow/example_dags/example_kubernetes_executor.py for tasks to queue
[2023-05-03T10:50:29.017+0000] {logging_mixin.py:149} INFO - [2023-05-03T10:50:29.017+0000] {dagbag.py:541} INFO - Filling up the DagBag from /home/airflow/.local/lib/python3.7/site-packages/airflow/example_dags/example_kubernetes_executor.py
[2023-05-03T10:50:32.107+0000] {processor.py:809} INFO - DAG(s) dict_keys(['example_kubernetes_executor']) retrieved from /home/airflow/.local/lib/python3.7/site-packages/airflow/example_dags/example_kubernetes_executor.py
[2023-05-03T10:50:32.404+0000] {logging_mixin.py:149} INFO - [2023-05-03T10:50:32.404+0000] {dag.py:2726} INFO - Sync 1 DAGs
[2023-05-03T10:50:32.559+0000] {logging_mixin.py:149} INFO - [2023-05-03T10:50:32.558+0000] {dag.py:3490} INFO - Setting next_dagrun for example_kubernetes_executor to None, run_after=None
[2023-05-03T10:50:32.663+0000] {processor.py:178} INFO - Processing /home/airflow/.local/lib/python3.7/site-packages/airflow/example_dags/example_kubernetes_executor.py took 3.661 seconds
[2023-05-03T10:51:02.785+0000] {processor.py:156} INFO - Started process (PID=8247) to work on /home/airflow/.local/lib/python3.7/site-packages/airflow/example_dags/example_kubernetes_executor.py
[2023-05-03T10:51:02.790+0000] {processor.py:799} INFO - Processing file /home/airflow/.local/lib/python3.7/site-packages/airflow/example_dags/example_kubernetes_executor.py for tasks to queue
[2023-05-03T10:51:02.796+0000] {logging_mixin.py:149} INFO - [2023-05-03T10:51:02.795+0000] {dagbag.py:541} INFO - Filling up the DagBag from /home/airflow/.local/lib/python3.7/site-packages/airflow/example_dags/example_kubernetes_executor.py
[2023-05-03T10:51:05.053+0000] {processor.py:809} INFO - DAG(s) dict_keys(['example_kubernetes_executor']) retrieved from /home/airflow/.local/lib/python3.7/site-packages/airflow/example_dags/example_kubernetes_executor.py
[2023-05-03T10:51:05.231+0000] {logging_mixin.py:149} INFO - [2023-05-03T10:51:05.230+0000] {dag.py:2726} INFO - Sync 1 DAGs
[2023-05-03T10:51:05.371+0000] {logging_mixin.py:149} INFO - [2023-05-03T10:51:05.370+0000] {dag.py:3490} INFO - Setting next_dagrun for example_kubernetes_executor to None, run_after=None
[2023-05-03T10:51:05.494+0000] {processor.py:178} INFO - Processing /home/airflow/.local/lib/python3.7/site-packages/airflow/example_dags/example_kubernetes_executor.py took 2.714 seconds
[2023-05-03T10:51:35.741+0000] {processor.py:156} INFO - Started process (PID=8515) to work on /home/airflow/.local/lib/python3.7/site-packages/airflow/example_dags/example_kubernetes_executor.py
[2023-05-03T10:51:35.744+0000] {processor.py:799} INFO - Processing file /home/airflow/.local/lib/python3.7/site-packages/airflow/example_dags/example_kubernetes_executor.py for tasks to queue
[2023-05-03T10:51:35.752+0000] {logging_mixin.py:149} INFO - [2023-05-03T10:51:35.751+0000] {dagbag.py:541} INFO - Filling up the DagBag from /home/airflow/.local/lib/python3.7/site-packages/airflow/example_dags/example_kubernetes_executor.py
[2023-05-03T10:51:36.781+0000] {processor.py:809} INFO - DAG(s) dict_keys(['example_kubernetes_executor']) retrieved from /home/airflow/.local/lib/python3.7/site-packages/airflow/example_dags/example_kubernetes_executor.py
[2023-05-03T10:51:36.888+0000] {logging_mixin.py:149} INFO - [2023-05-03T10:51:36.888+0000] {dag.py:2726} INFO - Sync 1 DAGs
[2023-05-03T10:51:36.931+0000] {logging_mixin.py:149} INFO - [2023-05-03T10:51:36.931+0000] {dag.py:3490} INFO - Setting next_dagrun for example_kubernetes_executor to None, run_after=None
[2023-05-03T10:51:36.963+0000] {processor.py:178} INFO - Processing /home/airflow/.local/lib/python3.7/site-packages/airflow/example_dags/example_kubernetes_executor.py took 1.228 seconds
[2023-05-03T10:52:07.316+0000] {processor.py:156} INFO - Started process (PID=8749) to work on /home/airflow/.local/lib/python3.7/site-packages/airflow/example_dags/example_kubernetes_executor.py
[2023-05-03T10:52:07.320+0000] {processor.py:799} INFO - Processing file /home/airflow/.local/lib/python3.7/site-packages/airflow/example_dags/example_kubernetes_executor.py for tasks to queue
[2023-05-03T10:52:07.324+0000] {logging_mixin.py:149} INFO - [2023-05-03T10:52:07.323+0000] {dagbag.py:541} INFO - Filling up the DagBag from /home/airflow/.local/lib/python3.7/site-packages/airflow/example_dags/example_kubernetes_executor.py
[2023-05-03T10:52:09.063+0000] {processor.py:809} INFO - DAG(s) dict_keys(['example_kubernetes_executor']) retrieved from /home/airflow/.local/lib/python3.7/site-packages/airflow/example_dags/example_kubernetes_executor.py
[2023-05-03T10:52:09.256+0000] {logging_mixin.py:149} INFO - [2023-05-03T10:52:09.256+0000] {dag.py:2726} INFO - Sync 1 DAGs
[2023-05-03T10:52:09.329+0000] {logging_mixin.py:149} INFO - [2023-05-03T10:52:09.328+0000] {dag.py:3490} INFO - Setting next_dagrun for example_kubernetes_executor to None, run_after=None
[2023-05-03T10:52:09.396+0000] {processor.py:178} INFO - Processing /home/airflow/.local/lib/python3.7/site-packages/airflow/example_dags/example_kubernetes_executor.py took 2.085 seconds
[2023-05-03T10:52:39.731+0000] {processor.py:156} INFO - Started process (PID=8999) to work on /home/airflow/.local/lib/python3.7/site-packages/airflow/example_dags/example_kubernetes_executor.py
[2023-05-03T10:52:39.742+0000] {processor.py:799} INFO - Processing file /home/airflow/.local/lib/python3.7/site-packages/airflow/example_dags/example_kubernetes_executor.py for tasks to queue
[2023-05-03T10:52:39.746+0000] {logging_mixin.py:149} INFO - [2023-05-03T10:52:39.745+0000] {dagbag.py:541} INFO - Filling up the DagBag from /home/airflow/.local/lib/python3.7/site-packages/airflow/example_dags/example_kubernetes_executor.py
[2023-05-03T10:52:41.673+0000] {processor.py:809} INFO - DAG(s) dict_keys(['example_kubernetes_executor']) retrieved from /home/airflow/.local/lib/python3.7/site-packages/airflow/example_dags/example_kubernetes_executor.py
[2023-05-03T10:52:41.855+0000] {logging_mixin.py:149} INFO - [2023-05-03T10:52:41.855+0000] {dag.py:2726} INFO - Sync 1 DAGs
[2023-05-03T10:52:42.069+0000] {logging_mixin.py:149} INFO - [2023-05-03T10:52:42.069+0000] {dag.py:3490} INFO - Setting next_dagrun for example_kubernetes_executor to None, run_after=None
[2023-05-03T10:52:42.184+0000] {processor.py:178} INFO - Processing /home/airflow/.local/lib/python3.7/site-packages/airflow/example_dags/example_kubernetes_executor.py took 2.440 seconds
[2023-05-03T10:53:13.785+0000] {processor.py:156} INFO - Started process (PID=9232) to work on /home/airflow/.local/lib/python3.7/site-packages/airflow/example_dags/example_kubernetes_executor.py
[2023-05-03T10:53:13.922+0000] {processor.py:799} INFO - Processing file /home/airflow/.local/lib/python3.7/site-packages/airflow/example_dags/example_kubernetes_executor.py for tasks to queue
[2023-05-03T10:53:13.931+0000] {logging_mixin.py:149} INFO - [2023-05-03T10:53:13.928+0000] {dagbag.py:541} INFO - Filling up the DagBag from /home/airflow/.local/lib/python3.7/site-packages/airflow/example_dags/example_kubernetes_executor.py
[2023-05-03T10:53:20.597+0000] {processor.py:809} INFO - DAG(s) dict_keys(['example_kubernetes_executor']) retrieved from /home/airflow/.local/lib/python3.7/site-packages/airflow/example_dags/example_kubernetes_executor.py
[2023-05-03T10:53:21.715+0000] {logging_mixin.py:149} INFO - [2023-05-03T10:53:21.708+0000] {dag.py:2726} INFO - Sync 1 DAGs
[2023-05-03T10:53:22.068+0000] {logging_mixin.py:149} INFO - [2023-05-03T10:53:22.056+0000] {dag.py:3490} INFO - Setting next_dagrun for example_kubernetes_executor to None, run_after=None
[2023-05-03T10:53:22.351+0000] {processor.py:178} INFO - Processing /home/airflow/.local/lib/python3.7/site-packages/airflow/example_dags/example_kubernetes_executor.py took 8.670 seconds
[2023-05-03T10:53:53.158+0000] {processor.py:156} INFO - Started process (PID=9465) to work on /home/airflow/.local/lib/python3.7/site-packages/airflow/example_dags/example_kubernetes_executor.py
[2023-05-03T10:53:53.161+0000] {processor.py:799} INFO - Processing file /home/airflow/.local/lib/python3.7/site-packages/airflow/example_dags/example_kubernetes_executor.py for tasks to queue
[2023-05-03T10:53:53.164+0000] {logging_mixin.py:149} INFO - [2023-05-03T10:53:53.164+0000] {dagbag.py:541} INFO - Filling up the DagBag from /home/airflow/.local/lib/python3.7/site-packages/airflow/example_dags/example_kubernetes_executor.py
[2023-05-03T10:53:56.046+0000] {processor.py:809} INFO - DAG(s) dict_keys(['example_kubernetes_executor']) retrieved from /home/airflow/.local/lib/python3.7/site-packages/airflow/example_dags/example_kubernetes_executor.py
[2023-05-03T10:53:56.470+0000] {logging_mixin.py:149} INFO - [2023-05-03T10:53:56.469+0000] {dag.py:2726} INFO - Sync 1 DAGs
[2023-05-03T10:53:56.629+0000] {logging_mixin.py:149} INFO - [2023-05-03T10:53:56.629+0000] {dag.py:3490} INFO - Setting next_dagrun for example_kubernetes_executor to None, run_after=None
[2023-05-03T10:53:56.816+0000] {processor.py:178} INFO - Processing /home/airflow/.local/lib/python3.7/site-packages/airflow/example_dags/example_kubernetes_executor.py took 3.685 seconds
[2023-05-03T10:54:27.543+0000] {processor.py:156} INFO - Started process (PID=9706) to work on /home/airflow/.local/lib/python3.7/site-packages/airflow/example_dags/example_kubernetes_executor.py
[2023-05-03T10:54:27.545+0000] {processor.py:799} INFO - Processing file /home/airflow/.local/lib/python3.7/site-packages/airflow/example_dags/example_kubernetes_executor.py for tasks to queue
[2023-05-03T10:54:27.547+0000] {logging_mixin.py:149} INFO - [2023-05-03T10:54:27.547+0000] {dagbag.py:541} INFO - Filling up the DagBag from /home/airflow/.local/lib/python3.7/site-packages/airflow/example_dags/example_kubernetes_executor.py
[2023-05-03T10:54:28.653+0000] {processor.py:809} INFO - DAG(s) dict_keys(['example_kubernetes_executor']) retrieved from /home/airflow/.local/lib/python3.7/site-packages/airflow/example_dags/example_kubernetes_executor.py
[2023-05-03T10:54:28.787+0000] {logging_mixin.py:149} INFO - [2023-05-03T10:54:28.782+0000] {dag.py:2726} INFO - Sync 1 DAGs
[2023-05-03T10:54:28.866+0000] {logging_mixin.py:149} INFO - [2023-05-03T10:54:28.866+0000] {dag.py:3490} INFO - Setting next_dagrun for example_kubernetes_executor to None, run_after=None
[2023-05-03T10:54:28.931+0000] {processor.py:178} INFO - Processing /home/airflow/.local/lib/python3.7/site-packages/airflow/example_dags/example_kubernetes_executor.py took 1.393 seconds
[2023-05-03T10:54:59.235+0000] {processor.py:156} INFO - Started process (PID=9946) to work on /home/airflow/.local/lib/python3.7/site-packages/airflow/example_dags/example_kubernetes_executor.py
[2023-05-03T10:54:59.256+0000] {processor.py:799} INFO - Processing file /home/airflow/.local/lib/python3.7/site-packages/airflow/example_dags/example_kubernetes_executor.py for tasks to queue
[2023-05-03T10:54:59.277+0000] {logging_mixin.py:149} INFO - [2023-05-03T10:54:59.277+0000] {dagbag.py:541} INFO - Filling up the DagBag from /home/airflow/.local/lib/python3.7/site-packages/airflow/example_dags/example_kubernetes_executor.py
[2023-05-03T10:55:39.496+0000] {logging_mixin.py:149} INFO - [2023-05-03T10:55:31.357+0000] {timeout.py:68} ERROR - Process timed out, PID: 9946
[2023-05-03T10:56:22.261+0000] {logging_mixin.py:149} INFO - [2023-05-03T10:55:44.950+0000] {dagbag.py:350} ERROR - Failed to import: /home/airflow/.local/lib/python3.7/site-packages/airflow/example_dags/example_kubernetes_executor.py
Traceback (most recent call last):
  File "/home/airflow/.local/lib/python3.7/site-packages/airflow/models/dagbag.py", line 346, in parse
    loader.exec_module(new_module)
  File "<frozen importlib._bootstrap_external>", line 728, in exec_module
  File "<frozen importlib._bootstrap>", line 219, in _call_with_frames_removed
  File "/home/airflow/.local/lib/python3.7/site-packages/airflow/example_dags/example_kubernetes_executor.py", line 39, in <module>
    from kubernetes.client import models as k8s
  File "/home/airflow/.local/lib/python3.7/site-packages/kubernetes/__init__.py", line 21, in <module>
    import kubernetes.dynamic
  File "/home/airflow/.local/lib/python3.7/site-packages/kubernetes/dynamic/__init__.py", line 15, in <module>
    from .client import *  # NOQA
  File "/home/airflow/.local/lib/python3.7/site-packages/kubernetes/dynamic/client.py", line 21, in <module>
    from .discovery import EagerDiscoverer, LazyDiscoverer
  File "/home/airflow/.local/lib/python3.7/site-packages/kubernetes/dynamic/discovery.py", line 29, in <module>
    from .resource import Resource, ResourceList
  File "<frozen importlib._bootstrap>", line 983, in _find_and_load
  File "<frozen importlib._bootstrap>", line 967, in _find_and_load_unlocked
  File "<frozen importlib._bootstrap>", line 677, in _load_unlocked
  File "<frozen importlib._bootstrap_external>", line 724, in exec_module
  File "<frozen importlib._bootstrap_external>", line 812, in get_code
  File "<frozen importlib._bootstrap_external>", line 953, in path_stats
  File "<frozen importlib._bootstrap_external>", line 81, in _path_stat
  File "/home/airflow/.local/lib/python3.7/site-packages/airflow/utils/timeout.py", line 69, in handle_timeout
    raise AirflowTaskTimeout(self.error_message)
airflow.exceptions.AirflowTaskTimeout: DagBag import timeout for /home/airflow/.local/lib/python3.7/site-packages/airflow/example_dags/example_kubernetes_executor.py after 30.0s.
Please take a look at these docs to improve your DAG import time:
* https://airflow.apache.org/docs/apache-airflow/2.6.0/best-practices.html#top-level-python-code
* https://airflow.apache.org/docs/apache-airflow/2.6.0/best-practices.html#reducing-dag-complexity, PID: 9946
[2023-05-03T10:56:31.775+0000] {processor.py:811} WARNING - No viable dags retrieved from /home/airflow/.local/lib/python3.7/site-packages/airflow/example_dags/example_kubernetes_executor.py
[2023-05-03T10:58:07.629+0000] {processor.py:181} ERROR - Got an exception! Propagating...
Traceback (most recent call last):
  File "/home/airflow/.local/lib/python3.7/site-packages/sqlalchemy/engine/base.py", line 3361, in _wrap_pool_connect
    return fn()
  File "/home/airflow/.local/lib/python3.7/site-packages/sqlalchemy/pool/base.py", line 327, in connect
    return _ConnectionFairy._checkout(self)
  File "/home/airflow/.local/lib/python3.7/site-packages/sqlalchemy/pool/base.py", line 894, in _checkout
    fairy = _ConnectionRecord.checkout(pool)
  File "/home/airflow/.local/lib/python3.7/site-packages/sqlalchemy/pool/base.py", line 493, in checkout
    rec = pool._do_get()
  File "/home/airflow/.local/lib/python3.7/site-packages/sqlalchemy/pool/impl.py", line 146, in _do_get
    self._dec_overflow()
  File "/home/airflow/.local/lib/python3.7/site-packages/sqlalchemy/util/langhelpers.py", line 72, in __exit__
    with_traceback=exc_tb,
  File "/home/airflow/.local/lib/python3.7/site-packages/sqlalchemy/util/compat.py", line 211, in raise_
    raise exception
  File "/home/airflow/.local/lib/python3.7/site-packages/sqlalchemy/pool/impl.py", line 143, in _do_get
    return self._create_connection()
  File "/home/airflow/.local/lib/python3.7/site-packages/sqlalchemy/pool/base.py", line 273, in _create_connection
    return _ConnectionRecord(self)
  File "/home/airflow/.local/lib/python3.7/site-packages/sqlalchemy/pool/base.py", line 388, in __init__
    self.__connect()
  File "/home/airflow/.local/lib/python3.7/site-packages/sqlalchemy/pool/base.py", line 691, in __connect
    pool.logger.debug("Error on connect(): %s", e)
  File "/home/airflow/.local/lib/python3.7/site-packages/sqlalchemy/util/langhelpers.py", line 72, in __exit__
    with_traceback=exc_tb,
  File "/home/airflow/.local/lib/python3.7/site-packages/sqlalchemy/util/compat.py", line 211, in raise_
    raise exception
  File "/home/airflow/.local/lib/python3.7/site-packages/sqlalchemy/pool/base.py", line 686, in __connect
    self.dbapi_connection = connection = pool._invoke_creator(self)
  File "/home/airflow/.local/lib/python3.7/site-packages/sqlalchemy/engine/create.py", line 574, in connect
    return dialect.connect(*cargs, **cparams)
  File "/home/airflow/.local/lib/python3.7/site-packages/sqlalchemy/engine/default.py", line 598, in connect
    return self.dbapi.connect(*cargs, **cparams)
  File "/home/airflow/.local/lib/python3.7/site-packages/psycopg2/__init__.py", line 122, in connect
    conn = _connect(dsn, connection_factory=connection_factory, **kwasync)
psycopg2.OperationalError: could not translate host name "postgres" to address: Temporary failure in name resolution


The above exception was the direct cause of the following exception:

Traceback (most recent call last):
  File "/home/airflow/.local/lib/python3.7/site-packages/airflow/dag_processing/processor.py", line 177, in _run_file_processor
    _handle_dag_file_processing()
  File "/home/airflow/.local/lib/python3.7/site-packages/airflow/dag_processing/processor.py", line 161, in _handle_dag_file_processing
    callback_requests=callback_requests,
  File "/home/airflow/.local/lib/python3.7/site-packages/airflow/utils/session.py", line 76, in wrapper
    return func(*args, session=session, **kwargs)
  File "/home/airflow/.local/lib/python3.7/site-packages/airflow/dag_processing/processor.py", line 815, in process_file
    session=session,
  File "/home/airflow/.local/lib/python3.7/site-packages/airflow/api_internal/internal_api_call.py", line 112, in wrapper
    return func(*args, **kwargs)
  File "/home/airflow/.local/lib/python3.7/site-packages/airflow/utils/session.py", line 73, in wrapper
    return func(*args, **kwargs)
  File "/home/airflow/.local/lib/python3.7/site-packages/airflow/dag_processing/processor.py", line 593, in update_import_errors
    existing_import_error_files = [x.filename for x in session.query(errors.ImportError.filename).all()]
  File "/home/airflow/.local/lib/python3.7/site-packages/sqlalchemy/orm/query.py", line 2773, in all
    return self._iter().all()
  File "/home/airflow/.local/lib/python3.7/site-packages/sqlalchemy/orm/query.py", line 2919, in _iter
    execution_options={"_sa_orm_load_options": self.load_options},
  File "/home/airflow/.local/lib/python3.7/site-packages/sqlalchemy/orm/session.py", line 1713, in execute
    conn = self._connection_for_bind(bind)
  File "/home/airflow/.local/lib/python3.7/site-packages/sqlalchemy/orm/session.py", line 1553, in _connection_for_bind
    engine, execution_options
  File "/home/airflow/.local/lib/python3.7/site-packages/sqlalchemy/orm/session.py", line 747, in _connection_for_bind
    conn = bind.connect()
  File "/home/airflow/.local/lib/python3.7/site-packages/sqlalchemy/engine/base.py", line 3315, in connect
    return self._connection_cls(self, close_with_result=close_with_result)
  File "/home/airflow/.local/lib/python3.7/site-packages/sqlalchemy/engine/base.py", line 96, in __init__
    else engine.raw_connection()
  File "/home/airflow/.local/lib/python3.7/site-packages/sqlalchemy/engine/base.py", line 3394, in raw_connection
    return self._wrap_pool_connect(self.pool.connect, _connection)
  File "/home/airflow/.local/lib/python3.7/site-packages/sqlalchemy/engine/base.py", line 3365, in _wrap_pool_connect
    e, dialect, self
  File "/home/airflow/.local/lib/python3.7/site-packages/sqlalchemy/engine/base.py", line 2199, in _handle_dbapi_exception_noconnection
    sqlalchemy_exception, with_traceback=exc_info[2], from_=e
  File "/home/airflow/.local/lib/python3.7/site-packages/sqlalchemy/util/compat.py", line 211, in raise_
    raise exception
  File "/home/airflow/.local/lib/python3.7/site-packages/sqlalchemy/engine/base.py", line 3361, in _wrap_pool_connect
    return fn()
  File "/home/airflow/.local/lib/python3.7/site-packages/sqlalchemy/pool/base.py", line 327, in connect
    return _ConnectionFairy._checkout(self)
  File "/home/airflow/.local/lib/python3.7/site-packages/sqlalchemy/pool/base.py", line 894, in _checkout
    fairy = _ConnectionRecord.checkout(pool)
  File "/home/airflow/.local/lib/python3.7/site-packages/sqlalchemy/pool/base.py", line 493, in checkout
    rec = pool._do_get()
  File "/home/airflow/.local/lib/python3.7/site-packages/sqlalchemy/pool/impl.py", line 146, in _do_get
    self._dec_overflow()
  File "/home/airflow/.local/lib/python3.7/site-packages/sqlalchemy/util/langhelpers.py", line 72, in __exit__
    with_traceback=exc_tb,
  File "/home/airflow/.local/lib/python3.7/site-packages/sqlalchemy/util/compat.py", line 211, in raise_
    raise exception
  File "/home/airflow/.local/lib/python3.7/site-packages/sqlalchemy/pool/impl.py", line 143, in _do_get
    return self._create_connection()
  File "/home/airflow/.local/lib/python3.7/site-packages/sqlalchemy/pool/base.py", line 273, in _create_connection
    return _ConnectionRecord(self)
  File "/home/airflow/.local/lib/python3.7/site-packages/sqlalchemy/pool/base.py", line 388, in __init__
    self.__connect()
  File "/home/airflow/.local/lib/python3.7/site-packages/sqlalchemy/pool/base.py", line 691, in __connect
    pool.logger.debug("Error on connect(): %s", e)
  File "/home/airflow/.local/lib/python3.7/site-packages/sqlalchemy/util/langhelpers.py", line 72, in __exit__
    with_traceback=exc_tb,
  File "/home/airflow/.local/lib/python3.7/site-packages/sqlalchemy/util/compat.py", line 211, in raise_
    raise exception
  File "/home/airflow/.local/lib/python3.7/site-packages/sqlalchemy/pool/base.py", line 686, in __connect
    self.dbapi_connection = connection = pool._invoke_creator(self)
  File "/home/airflow/.local/lib/python3.7/site-packages/sqlalchemy/engine/create.py", line 574, in connect
    return dialect.connect(*cargs, **cparams)
  File "/home/airflow/.local/lib/python3.7/site-packages/sqlalchemy/engine/default.py", line 598, in connect
    return self.dbapi.connect(*cargs, **cparams)
  File "/home/airflow/.local/lib/python3.7/site-packages/psycopg2/__init__.py", line 122, in connect
    conn = _connect(dsn, connection_factory=connection_factory, **kwasync)
sqlalchemy.exc.OperationalError: (psycopg2.OperationalError) could not translate host name "postgres" to address: Temporary failure in name resolution

(Background on this error at: https://sqlalche.me/e/14/e3q8)
