[2023-05-03T09:31:09.658+0000] {processor.py:156} INFO - Started process (PID=199) to work on /home/airflow/.local/lib/python3.7/site-packages/airflow/example_dags/tutorial_taskflow_api.py
[2023-05-03T09:31:09.669+0000] {processor.py:799} INFO - Processing file /home/airflow/.local/lib/python3.7/site-packages/airflow/example_dags/tutorial_taskflow_api.py for tasks to queue
[2023-05-03T09:31:09.671+0000] {logging_mixin.py:149} INFO - [2023-05-03T09:31:09.671+0000] {dagbag.py:541} INFO - Filling up the DagBag from /home/airflow/.local/lib/python3.7/site-packages/airflow/example_dags/tutorial_taskflow_api.py
[2023-05-03T09:31:09.718+0000] {processor.py:809} INFO - DAG(s) dict_keys(['tutorial_taskflow_api']) retrieved from /home/airflow/.local/lib/python3.7/site-packages/airflow/example_dags/tutorial_taskflow_api.py
[2023-05-03T09:31:09.847+0000] {logging_mixin.py:149} INFO - [2023-05-03T09:31:09.845+0000] {dag.py:2726} INFO - Sync 1 DAGs
[2023-05-03T09:31:10.031+0000] {logging_mixin.py:149} INFO - [2023-05-03T09:31:10.031+0000] {dag.py:3490} INFO - Setting next_dagrun for tutorial_taskflow_api to None, run_after=None
[2023-05-03T09:31:10.108+0000] {processor.py:178} INFO - Processing /home/airflow/.local/lib/python3.7/site-packages/airflow/example_dags/tutorial_taskflow_api.py took 0.455 seconds
[2023-05-03T09:31:43.543+0000] {processor.py:156} INFO - Started process (PID=430) to work on /home/airflow/.local/lib/python3.7/site-packages/airflow/example_dags/tutorial_taskflow_api.py
[2023-05-03T09:31:43.546+0000] {processor.py:799} INFO - Processing file /home/airflow/.local/lib/python3.7/site-packages/airflow/example_dags/tutorial_taskflow_api.py for tasks to queue
[2023-05-03T09:31:43.549+0000] {logging_mixin.py:149} INFO - [2023-05-03T09:31:43.549+0000] {dagbag.py:541} INFO - Filling up the DagBag from /home/airflow/.local/lib/python3.7/site-packages/airflow/example_dags/tutorial_taskflow_api.py
[2023-05-03T09:31:43.568+0000] {processor.py:809} INFO - DAG(s) dict_keys(['tutorial_taskflow_api']) retrieved from /home/airflow/.local/lib/python3.7/site-packages/airflow/example_dags/tutorial_taskflow_api.py
[2023-05-03T09:31:43.642+0000] {logging_mixin.py:149} INFO - [2023-05-03T09:31:43.641+0000] {dag.py:2726} INFO - Sync 1 DAGs
[2023-05-03T09:31:43.714+0000] {logging_mixin.py:149} INFO - [2023-05-03T09:31:43.714+0000] {dag.py:3490} INFO - Setting next_dagrun for tutorial_taskflow_api to None, run_after=None
[2023-05-03T09:31:44.132+0000] {processor.py:178} INFO - Processing /home/airflow/.local/lib/python3.7/site-packages/airflow/example_dags/tutorial_taskflow_api.py took 0.596 seconds
[2023-05-03T09:32:25.791+0000] {processor.py:156} INFO - Started process (PID=657) to work on /home/airflow/.local/lib/python3.7/site-packages/airflow/example_dags/tutorial_taskflow_api.py
[2023-05-03T09:32:25.794+0000] {processor.py:799} INFO - Processing file /home/airflow/.local/lib/python3.7/site-packages/airflow/example_dags/tutorial_taskflow_api.py for tasks to queue
[2023-05-03T09:32:25.797+0000] {logging_mixin.py:149} INFO - [2023-05-03T09:32:25.797+0000] {dagbag.py:541} INFO - Filling up the DagBag from /home/airflow/.local/lib/python3.7/site-packages/airflow/example_dags/tutorial_taskflow_api.py
[2023-05-03T09:32:26.270+0000] {processor.py:809} INFO - DAG(s) dict_keys(['tutorial_taskflow_api']) retrieved from /home/airflow/.local/lib/python3.7/site-packages/airflow/example_dags/tutorial_taskflow_api.py
[2023-05-03T09:32:26.339+0000] {logging_mixin.py:149} INFO - [2023-05-03T09:32:26.339+0000] {dag.py:2726} INFO - Sync 1 DAGs
[2023-05-03T09:32:26.420+0000] {logging_mixin.py:149} INFO - [2023-05-03T09:32:26.420+0000] {dag.py:3490} INFO - Setting next_dagrun for tutorial_taskflow_api to None, run_after=None
[2023-05-03T09:32:26.482+0000] {processor.py:178} INFO - Processing /home/airflow/.local/lib/python3.7/site-packages/airflow/example_dags/tutorial_taskflow_api.py took 0.707 seconds
[2023-05-03T09:32:56.945+0000] {processor.py:156} INFO - Started process (PID=893) to work on /home/airflow/.local/lib/python3.7/site-packages/airflow/example_dags/tutorial_taskflow_api.py
[2023-05-03T09:32:56.957+0000] {processor.py:799} INFO - Processing file /home/airflow/.local/lib/python3.7/site-packages/airflow/example_dags/tutorial_taskflow_api.py for tasks to queue
[2023-05-03T09:32:56.958+0000] {logging_mixin.py:149} INFO - [2023-05-03T09:32:56.958+0000] {dagbag.py:541} INFO - Filling up the DagBag from /home/airflow/.local/lib/python3.7/site-packages/airflow/example_dags/tutorial_taskflow_api.py
[2023-05-03T09:32:56.985+0000] {processor.py:809} INFO - DAG(s) dict_keys(['tutorial_taskflow_api']) retrieved from /home/airflow/.local/lib/python3.7/site-packages/airflow/example_dags/tutorial_taskflow_api.py
[2023-05-03T09:32:57.182+0000] {logging_mixin.py:149} INFO - [2023-05-03T09:32:57.181+0000] {dag.py:2726} INFO - Sync 1 DAGs
[2023-05-03T09:32:57.430+0000] {logging_mixin.py:149} INFO - [2023-05-03T09:32:57.430+0000] {dag.py:3490} INFO - Setting next_dagrun for tutorial_taskflow_api to None, run_after=None
[2023-05-03T09:32:57.535+0000] {processor.py:178} INFO - Processing /home/airflow/.local/lib/python3.7/site-packages/airflow/example_dags/tutorial_taskflow_api.py took 0.596 seconds
[2023-05-03T09:33:35.906+0000] {processor.py:156} INFO - Started process (PID=1079) to work on /home/airflow/.local/lib/python3.7/site-packages/airflow/example_dags/tutorial_taskflow_api.py
[2023-05-03T09:33:35.910+0000] {processor.py:799} INFO - Processing file /home/airflow/.local/lib/python3.7/site-packages/airflow/example_dags/tutorial_taskflow_api.py for tasks to queue
[2023-05-03T09:33:35.912+0000] {logging_mixin.py:149} INFO - [2023-05-03T09:33:35.912+0000] {dagbag.py:541} INFO - Filling up the DagBag from /home/airflow/.local/lib/python3.7/site-packages/airflow/example_dags/tutorial_taskflow_api.py
[2023-05-03T09:33:35.926+0000] {processor.py:809} INFO - DAG(s) dict_keys(['tutorial_taskflow_api']) retrieved from /home/airflow/.local/lib/python3.7/site-packages/airflow/example_dags/tutorial_taskflow_api.py
[2023-05-03T09:33:35.982+0000] {logging_mixin.py:149} INFO - [2023-05-03T09:33:35.982+0000] {dag.py:2726} INFO - Sync 1 DAGs
[2023-05-03T09:33:36.069+0000] {logging_mixin.py:149} INFO - [2023-05-03T09:33:36.068+0000] {dag.py:3490} INFO - Setting next_dagrun for tutorial_taskflow_api to None, run_after=None
[2023-05-03T09:33:36.146+0000] {processor.py:178} INFO - Processing /home/airflow/.local/lib/python3.7/site-packages/airflow/example_dags/tutorial_taskflow_api.py took 0.245 seconds
[2023-05-03T09:34:07.891+0000] {processor.py:156} INFO - Started process (PID=1285) to work on /home/airflow/.local/lib/python3.7/site-packages/airflow/example_dags/tutorial_taskflow_api.py
[2023-05-03T09:34:07.894+0000] {processor.py:799} INFO - Processing file /home/airflow/.local/lib/python3.7/site-packages/airflow/example_dags/tutorial_taskflow_api.py for tasks to queue
[2023-05-03T09:34:07.899+0000] {logging_mixin.py:149} INFO - [2023-05-03T09:34:07.898+0000] {dagbag.py:541} INFO - Filling up the DagBag from /home/airflow/.local/lib/python3.7/site-packages/airflow/example_dags/tutorial_taskflow_api.py
[2023-05-03T09:34:07.912+0000] {processor.py:809} INFO - DAG(s) dict_keys(['tutorial_taskflow_api']) retrieved from /home/airflow/.local/lib/python3.7/site-packages/airflow/example_dags/tutorial_taskflow_api.py
[2023-05-03T09:34:07.983+0000] {logging_mixin.py:149} INFO - [2023-05-03T09:34:07.982+0000] {dag.py:2726} INFO - Sync 1 DAGs
[2023-05-03T09:34:08.051+0000] {logging_mixin.py:149} INFO - [2023-05-03T09:34:08.050+0000] {dag.py:3490} INFO - Setting next_dagrun for tutorial_taskflow_api to None, run_after=None
[2023-05-03T09:34:08.133+0000] {processor.py:178} INFO - Processing /home/airflow/.local/lib/python3.7/site-packages/airflow/example_dags/tutorial_taskflow_api.py took 0.247 seconds
[2023-05-03T09:34:39.086+0000] {processor.py:156} INFO - Started process (PID=1521) to work on /home/airflow/.local/lib/python3.7/site-packages/airflow/example_dags/tutorial_taskflow_api.py
[2023-05-03T09:34:39.088+0000] {processor.py:799} INFO - Processing file /home/airflow/.local/lib/python3.7/site-packages/airflow/example_dags/tutorial_taskflow_api.py for tasks to queue
[2023-05-03T09:34:39.099+0000] {logging_mixin.py:149} INFO - [2023-05-03T09:34:39.096+0000] {dagbag.py:541} INFO - Filling up the DagBag from /home/airflow/.local/lib/python3.7/site-packages/airflow/example_dags/tutorial_taskflow_api.py
[2023-05-03T09:34:39.123+0000] {processor.py:809} INFO - DAG(s) dict_keys(['tutorial_taskflow_api']) retrieved from /home/airflow/.local/lib/python3.7/site-packages/airflow/example_dags/tutorial_taskflow_api.py
[2023-05-03T09:34:39.176+0000] {logging_mixin.py:149} INFO - [2023-05-03T09:34:39.176+0000] {dag.py:2726} INFO - Sync 1 DAGs
[2023-05-03T09:34:39.224+0000] {logging_mixin.py:149} INFO - [2023-05-03T09:34:39.224+0000] {dag.py:3490} INFO - Setting next_dagrun for tutorial_taskflow_api to None, run_after=None
[2023-05-03T09:34:39.259+0000] {processor.py:178} INFO - Processing /home/airflow/.local/lib/python3.7/site-packages/airflow/example_dags/tutorial_taskflow_api.py took 0.180 seconds
[2023-05-03T09:35:09.720+0000] {processor.py:156} INFO - Started process (PID=1757) to work on /home/airflow/.local/lib/python3.7/site-packages/airflow/example_dags/tutorial_taskflow_api.py
[2023-05-03T09:35:09.724+0000] {processor.py:799} INFO - Processing file /home/airflow/.local/lib/python3.7/site-packages/airflow/example_dags/tutorial_taskflow_api.py for tasks to queue
[2023-05-03T09:35:09.730+0000] {logging_mixin.py:149} INFO - [2023-05-03T09:35:09.729+0000] {dagbag.py:541} INFO - Filling up the DagBag from /home/airflow/.local/lib/python3.7/site-packages/airflow/example_dags/tutorial_taskflow_api.py
[2023-05-03T09:35:09.745+0000] {processor.py:809} INFO - DAG(s) dict_keys(['tutorial_taskflow_api']) retrieved from /home/airflow/.local/lib/python3.7/site-packages/airflow/example_dags/tutorial_taskflow_api.py
[2023-05-03T09:35:09.808+0000] {logging_mixin.py:149} INFO - [2023-05-03T09:35:09.808+0000] {dag.py:2726} INFO - Sync 1 DAGs
[2023-05-03T09:35:09.868+0000] {logging_mixin.py:149} INFO - [2023-05-03T09:35:09.868+0000] {dag.py:3490} INFO - Setting next_dagrun for tutorial_taskflow_api to None, run_after=None
[2023-05-03T09:35:09.929+0000] {processor.py:178} INFO - Processing /home/airflow/.local/lib/python3.7/site-packages/airflow/example_dags/tutorial_taskflow_api.py took 0.217 seconds
[2023-05-03T09:35:47.909+0000] {processor.py:156} INFO - Started process (PID=1938) to work on /home/airflow/.local/lib/python3.7/site-packages/airflow/example_dags/tutorial_taskflow_api.py
[2023-05-03T09:35:47.922+0000] {processor.py:799} INFO - Processing file /home/airflow/.local/lib/python3.7/site-packages/airflow/example_dags/tutorial_taskflow_api.py for tasks to queue
[2023-05-03T09:35:47.924+0000] {logging_mixin.py:149} INFO - [2023-05-03T09:35:47.924+0000] {dagbag.py:541} INFO - Filling up the DagBag from /home/airflow/.local/lib/python3.7/site-packages/airflow/example_dags/tutorial_taskflow_api.py
[2023-05-03T09:35:47.959+0000] {processor.py:809} INFO - DAG(s) dict_keys(['tutorial_taskflow_api']) retrieved from /home/airflow/.local/lib/python3.7/site-packages/airflow/example_dags/tutorial_taskflow_api.py
[2023-05-03T09:35:48.027+0000] {logging_mixin.py:149} INFO - [2023-05-03T09:35:48.026+0000] {dag.py:2726} INFO - Sync 1 DAGs
[2023-05-03T09:35:48.116+0000] {logging_mixin.py:149} INFO - [2023-05-03T09:35:48.116+0000] {dag.py:3490} INFO - Setting next_dagrun for tutorial_taskflow_api to None, run_after=None
[2023-05-03T09:35:48.214+0000] {processor.py:178} INFO - Processing /home/airflow/.local/lib/python3.7/site-packages/airflow/example_dags/tutorial_taskflow_api.py took 0.310 seconds
[2023-05-03T09:36:19.889+0000] {processor.py:156} INFO - Started process (PID=2175) to work on /home/airflow/.local/lib/python3.7/site-packages/airflow/example_dags/tutorial_taskflow_api.py
[2023-05-03T09:36:19.893+0000] {processor.py:799} INFO - Processing file /home/airflow/.local/lib/python3.7/site-packages/airflow/example_dags/tutorial_taskflow_api.py for tasks to queue
[2023-05-03T09:36:19.895+0000] {logging_mixin.py:149} INFO - [2023-05-03T09:36:19.895+0000] {dagbag.py:541} INFO - Filling up the DagBag from /home/airflow/.local/lib/python3.7/site-packages/airflow/example_dags/tutorial_taskflow_api.py
[2023-05-03T09:36:19.913+0000] {processor.py:809} INFO - DAG(s) dict_keys(['tutorial_taskflow_api']) retrieved from /home/airflow/.local/lib/python3.7/site-packages/airflow/example_dags/tutorial_taskflow_api.py
[2023-05-03T09:36:19.964+0000] {logging_mixin.py:149} INFO - [2023-05-03T09:36:19.963+0000] {dag.py:2726} INFO - Sync 1 DAGs
[2023-05-03T09:36:20.042+0000] {logging_mixin.py:149} INFO - [2023-05-03T09:36:20.041+0000] {dag.py:3490} INFO - Setting next_dagrun for tutorial_taskflow_api to None, run_after=None
[2023-05-03T09:36:20.102+0000] {processor.py:178} INFO - Processing /home/airflow/.local/lib/python3.7/site-packages/airflow/example_dags/tutorial_taskflow_api.py took 0.219 seconds
[2023-05-03T09:36:51.298+0000] {processor.py:156} INFO - Started process (PID=2411) to work on /home/airflow/.local/lib/python3.7/site-packages/airflow/example_dags/tutorial_taskflow_api.py
[2023-05-03T09:36:51.300+0000] {processor.py:799} INFO - Processing file /home/airflow/.local/lib/python3.7/site-packages/airflow/example_dags/tutorial_taskflow_api.py for tasks to queue
[2023-05-03T09:36:51.310+0000] {logging_mixin.py:149} INFO - [2023-05-03T09:36:51.309+0000] {dagbag.py:541} INFO - Filling up the DagBag from /home/airflow/.local/lib/python3.7/site-packages/airflow/example_dags/tutorial_taskflow_api.py
[2023-05-03T09:36:51.323+0000] {processor.py:809} INFO - DAG(s) dict_keys(['tutorial_taskflow_api']) retrieved from /home/airflow/.local/lib/python3.7/site-packages/airflow/example_dags/tutorial_taskflow_api.py
[2023-05-03T09:36:51.374+0000] {logging_mixin.py:149} INFO - [2023-05-03T09:36:51.373+0000] {dag.py:2726} INFO - Sync 1 DAGs
[2023-05-03T09:36:51.430+0000] {logging_mixin.py:149} INFO - [2023-05-03T09:36:51.429+0000] {dag.py:3490} INFO - Setting next_dagrun for tutorial_taskflow_api to None, run_after=None
[2023-05-03T09:36:51.491+0000] {processor.py:178} INFO - Processing /home/airflow/.local/lib/python3.7/site-packages/airflow/example_dags/tutorial_taskflow_api.py took 0.199 seconds
[2023-05-03T09:37:23.184+0000] {processor.py:156} INFO - Started process (PID=2636) to work on /home/airflow/.local/lib/python3.7/site-packages/airflow/example_dags/tutorial_taskflow_api.py
[2023-05-03T09:37:23.186+0000] {processor.py:799} INFO - Processing file /home/airflow/.local/lib/python3.7/site-packages/airflow/example_dags/tutorial_taskflow_api.py for tasks to queue
[2023-05-03T09:37:23.188+0000] {logging_mixin.py:149} INFO - [2023-05-03T09:37:23.187+0000] {dagbag.py:541} INFO - Filling up the DagBag from /home/airflow/.local/lib/python3.7/site-packages/airflow/example_dags/tutorial_taskflow_api.py
[2023-05-03T09:37:23.200+0000] {processor.py:809} INFO - DAG(s) dict_keys(['tutorial_taskflow_api']) retrieved from /home/airflow/.local/lib/python3.7/site-packages/airflow/example_dags/tutorial_taskflow_api.py
[2023-05-03T09:37:23.265+0000] {logging_mixin.py:149} INFO - [2023-05-03T09:37:23.264+0000] {dag.py:2726} INFO - Sync 1 DAGs
[2023-05-03T09:37:23.304+0000] {logging_mixin.py:149} INFO - [2023-05-03T09:37:23.304+0000] {dag.py:3490} INFO - Setting next_dagrun for tutorial_taskflow_api to None, run_after=None
[2023-05-03T09:37:23.343+0000] {processor.py:178} INFO - Processing /home/airflow/.local/lib/python3.7/site-packages/airflow/example_dags/tutorial_taskflow_api.py took 0.165 seconds
[2023-05-03T09:37:58.099+0000] {processor.py:156} INFO - Started process (PID=2881) to work on /home/airflow/.local/lib/python3.7/site-packages/airflow/example_dags/tutorial_taskflow_api.py
[2023-05-03T09:37:58.102+0000] {processor.py:799} INFO - Processing file /home/airflow/.local/lib/python3.7/site-packages/airflow/example_dags/tutorial_taskflow_api.py for tasks to queue
[2023-05-03T09:37:58.104+0000] {logging_mixin.py:149} INFO - [2023-05-03T09:37:58.103+0000] {dagbag.py:541} INFO - Filling up the DagBag from /home/airflow/.local/lib/python3.7/site-packages/airflow/example_dags/tutorial_taskflow_api.py
[2023-05-03T09:37:58.122+0000] {processor.py:809} INFO - DAG(s) dict_keys(['tutorial_taskflow_api']) retrieved from /home/airflow/.local/lib/python3.7/site-packages/airflow/example_dags/tutorial_taskflow_api.py
[2023-05-03T09:37:58.175+0000] {logging_mixin.py:149} INFO - [2023-05-03T09:37:58.175+0000] {dag.py:2726} INFO - Sync 1 DAGs
[2023-05-03T09:37:58.231+0000] {logging_mixin.py:149} INFO - [2023-05-03T09:37:58.231+0000] {dag.py:3490} INFO - Setting next_dagrun for tutorial_taskflow_api to None, run_after=None
[2023-05-03T09:37:58.264+0000] {processor.py:178} INFO - Processing /home/airflow/.local/lib/python3.7/site-packages/airflow/example_dags/tutorial_taskflow_api.py took 0.170 seconds
[2023-05-03T09:38:31.628+0000] {processor.py:156} INFO - Started process (PID=3120) to work on /home/airflow/.local/lib/python3.7/site-packages/airflow/example_dags/tutorial_taskflow_api.py
[2023-05-03T09:38:31.630+0000] {processor.py:799} INFO - Processing file /home/airflow/.local/lib/python3.7/site-packages/airflow/example_dags/tutorial_taskflow_api.py for tasks to queue
[2023-05-03T09:38:31.631+0000] {logging_mixin.py:149} INFO - [2023-05-03T09:38:31.631+0000] {dagbag.py:541} INFO - Filling up the DagBag from /home/airflow/.local/lib/python3.7/site-packages/airflow/example_dags/tutorial_taskflow_api.py
[2023-05-03T09:38:31.644+0000] {processor.py:809} INFO - DAG(s) dict_keys(['tutorial_taskflow_api']) retrieved from /home/airflow/.local/lib/python3.7/site-packages/airflow/example_dags/tutorial_taskflow_api.py
[2023-05-03T09:38:31.693+0000] {logging_mixin.py:149} INFO - [2023-05-03T09:38:31.692+0000] {dag.py:2726} INFO - Sync 1 DAGs
[2023-05-03T09:38:31.763+0000] {logging_mixin.py:149} INFO - [2023-05-03T09:38:31.762+0000] {dag.py:3490} INFO - Setting next_dagrun for tutorial_taskflow_api to None, run_after=None
[2023-05-03T09:38:31.832+0000] {processor.py:178} INFO - Processing /home/airflow/.local/lib/python3.7/site-packages/airflow/example_dags/tutorial_taskflow_api.py took 0.209 seconds
[2023-05-03T09:39:03.024+0000] {processor.py:156} INFO - Started process (PID=3353) to work on /home/airflow/.local/lib/python3.7/site-packages/airflow/example_dags/tutorial_taskflow_api.py
[2023-05-03T09:39:03.026+0000] {processor.py:799} INFO - Processing file /home/airflow/.local/lib/python3.7/site-packages/airflow/example_dags/tutorial_taskflow_api.py for tasks to queue
[2023-05-03T09:39:03.029+0000] {logging_mixin.py:149} INFO - [2023-05-03T09:39:03.028+0000] {dagbag.py:541} INFO - Filling up the DagBag from /home/airflow/.local/lib/python3.7/site-packages/airflow/example_dags/tutorial_taskflow_api.py
[2023-05-03T09:39:03.039+0000] {processor.py:809} INFO - DAG(s) dict_keys(['tutorial_taskflow_api']) retrieved from /home/airflow/.local/lib/python3.7/site-packages/airflow/example_dags/tutorial_taskflow_api.py
[2023-05-03T09:39:03.080+0000] {logging_mixin.py:149} INFO - [2023-05-03T09:39:03.080+0000] {dag.py:2726} INFO - Sync 1 DAGs
[2023-05-03T09:39:03.151+0000] {logging_mixin.py:149} INFO - [2023-05-03T09:39:03.151+0000] {dag.py:3490} INFO - Setting next_dagrun for tutorial_taskflow_api to None, run_after=None
[2023-05-03T09:39:03.202+0000] {processor.py:178} INFO - Processing /home/airflow/.local/lib/python3.7/site-packages/airflow/example_dags/tutorial_taskflow_api.py took 0.183 seconds
[2023-05-03T09:39:33.832+0000] {processor.py:156} INFO - Started process (PID=3583) to work on /home/airflow/.local/lib/python3.7/site-packages/airflow/example_dags/tutorial_taskflow_api.py
[2023-05-03T09:39:33.834+0000] {processor.py:799} INFO - Processing file /home/airflow/.local/lib/python3.7/site-packages/airflow/example_dags/tutorial_taskflow_api.py for tasks to queue
[2023-05-03T09:39:33.836+0000] {logging_mixin.py:149} INFO - [2023-05-03T09:39:33.836+0000] {dagbag.py:541} INFO - Filling up the DagBag from /home/airflow/.local/lib/python3.7/site-packages/airflow/example_dags/tutorial_taskflow_api.py
[2023-05-03T09:39:33.850+0000] {processor.py:809} INFO - DAG(s) dict_keys(['tutorial_taskflow_api']) retrieved from /home/airflow/.local/lib/python3.7/site-packages/airflow/example_dags/tutorial_taskflow_api.py
[2023-05-03T09:39:33.902+0000] {logging_mixin.py:149} INFO - [2023-05-03T09:39:33.902+0000] {dag.py:2726} INFO - Sync 1 DAGs
[2023-05-03T09:39:33.958+0000] {logging_mixin.py:149} INFO - [2023-05-03T09:39:33.958+0000] {dag.py:3490} INFO - Setting next_dagrun for tutorial_taskflow_api to None, run_after=None
[2023-05-03T09:39:34.021+0000] {processor.py:178} INFO - Processing /home/airflow/.local/lib/python3.7/site-packages/airflow/example_dags/tutorial_taskflow_api.py took 0.194 seconds
[2023-05-03T09:40:04.144+0000] {processor.py:156} INFO - Started process (PID=3814) to work on /home/airflow/.local/lib/python3.7/site-packages/airflow/example_dags/tutorial_taskflow_api.py
[2023-05-03T09:40:04.148+0000] {processor.py:799} INFO - Processing file /home/airflow/.local/lib/python3.7/site-packages/airflow/example_dags/tutorial_taskflow_api.py for tasks to queue
[2023-05-03T09:40:04.152+0000] {logging_mixin.py:149} INFO - [2023-05-03T09:40:04.151+0000] {dagbag.py:541} INFO - Filling up the DagBag from /home/airflow/.local/lib/python3.7/site-packages/airflow/example_dags/tutorial_taskflow_api.py
[2023-05-03T09:40:04.185+0000] {processor.py:809} INFO - DAG(s) dict_keys(['tutorial_taskflow_api']) retrieved from /home/airflow/.local/lib/python3.7/site-packages/airflow/example_dags/tutorial_taskflow_api.py
[2023-05-03T09:40:04.247+0000] {logging_mixin.py:149} INFO - [2023-05-03T09:40:04.247+0000] {dag.py:2726} INFO - Sync 1 DAGs
[2023-05-03T09:40:04.305+0000] {logging_mixin.py:149} INFO - [2023-05-03T09:40:04.304+0000] {dag.py:3490} INFO - Setting next_dagrun for tutorial_taskflow_api to None, run_after=None
[2023-05-03T09:40:04.359+0000] {processor.py:178} INFO - Processing /home/airflow/.local/lib/python3.7/site-packages/airflow/example_dags/tutorial_taskflow_api.py took 0.230 seconds
[2023-05-03T09:40:34.988+0000] {processor.py:156} INFO - Started process (PID=4043) to work on /home/airflow/.local/lib/python3.7/site-packages/airflow/example_dags/tutorial_taskflow_api.py
[2023-05-03T09:40:34.990+0000] {processor.py:799} INFO - Processing file /home/airflow/.local/lib/python3.7/site-packages/airflow/example_dags/tutorial_taskflow_api.py for tasks to queue
[2023-05-03T09:40:34.992+0000] {logging_mixin.py:149} INFO - [2023-05-03T09:40:34.992+0000] {dagbag.py:541} INFO - Filling up the DagBag from /home/airflow/.local/lib/python3.7/site-packages/airflow/example_dags/tutorial_taskflow_api.py
[2023-05-03T09:40:35.006+0000] {processor.py:809} INFO - DAG(s) dict_keys(['tutorial_taskflow_api']) retrieved from /home/airflow/.local/lib/python3.7/site-packages/airflow/example_dags/tutorial_taskflow_api.py
[2023-05-03T09:40:35.060+0000] {logging_mixin.py:149} INFO - [2023-05-03T09:40:35.060+0000] {dag.py:2726} INFO - Sync 1 DAGs
[2023-05-03T09:40:35.181+0000] {logging_mixin.py:149} INFO - [2023-05-03T09:40:35.181+0000] {dag.py:3490} INFO - Setting next_dagrun for tutorial_taskflow_api to None, run_after=None
[2023-05-03T09:40:35.228+0000] {processor.py:178} INFO - Processing /home/airflow/.local/lib/python3.7/site-packages/airflow/example_dags/tutorial_taskflow_api.py took 0.245 seconds
[2023-05-03T09:41:05.338+0000] {processor.py:156} INFO - Started process (PID=4279) to work on /home/airflow/.local/lib/python3.7/site-packages/airflow/example_dags/tutorial_taskflow_api.py
[2023-05-03T09:41:05.339+0000] {processor.py:799} INFO - Processing file /home/airflow/.local/lib/python3.7/site-packages/airflow/example_dags/tutorial_taskflow_api.py for tasks to queue
[2023-05-03T09:41:05.341+0000] {logging_mixin.py:149} INFO - [2023-05-03T09:41:05.341+0000] {dagbag.py:541} INFO - Filling up the DagBag from /home/airflow/.local/lib/python3.7/site-packages/airflow/example_dags/tutorial_taskflow_api.py
[2023-05-03T09:41:05.350+0000] {processor.py:809} INFO - DAG(s) dict_keys(['tutorial_taskflow_api']) retrieved from /home/airflow/.local/lib/python3.7/site-packages/airflow/example_dags/tutorial_taskflow_api.py
[2023-05-03T09:41:05.382+0000] {logging_mixin.py:149} INFO - [2023-05-03T09:41:05.381+0000] {dag.py:2726} INFO - Sync 1 DAGs
[2023-05-03T09:41:05.414+0000] {logging_mixin.py:149} INFO - [2023-05-03T09:41:05.414+0000] {dag.py:3490} INFO - Setting next_dagrun for tutorial_taskflow_api to None, run_after=None
[2023-05-03T09:41:05.440+0000] {processor.py:178} INFO - Processing /home/airflow/.local/lib/python3.7/site-packages/airflow/example_dags/tutorial_taskflow_api.py took 0.105 seconds
[2023-05-03T09:41:35.811+0000] {processor.py:156} INFO - Started process (PID=4515) to work on /home/airflow/.local/lib/python3.7/site-packages/airflow/example_dags/tutorial_taskflow_api.py
[2023-05-03T09:41:35.812+0000] {processor.py:799} INFO - Processing file /home/airflow/.local/lib/python3.7/site-packages/airflow/example_dags/tutorial_taskflow_api.py for tasks to queue
[2023-05-03T09:41:35.814+0000] {logging_mixin.py:149} INFO - [2023-05-03T09:41:35.814+0000] {dagbag.py:541} INFO - Filling up the DagBag from /home/airflow/.local/lib/python3.7/site-packages/airflow/example_dags/tutorial_taskflow_api.py
[2023-05-03T09:41:35.824+0000] {processor.py:809} INFO - DAG(s) dict_keys(['tutorial_taskflow_api']) retrieved from /home/airflow/.local/lib/python3.7/site-packages/airflow/example_dags/tutorial_taskflow_api.py
[2023-05-03T09:41:35.856+0000] {logging_mixin.py:149} INFO - [2023-05-03T09:41:35.856+0000] {dag.py:2726} INFO - Sync 1 DAGs
[2023-05-03T09:41:35.892+0000] {logging_mixin.py:149} INFO - [2023-05-03T09:41:35.892+0000] {dag.py:3490} INFO - Setting next_dagrun for tutorial_taskflow_api to None, run_after=None
[2023-05-03T09:41:35.920+0000] {processor.py:178} INFO - Processing /home/airflow/.local/lib/python3.7/site-packages/airflow/example_dags/tutorial_taskflow_api.py took 0.114 seconds
[2023-05-03T09:42:06.226+0000] {processor.py:156} INFO - Started process (PID=4751) to work on /home/airflow/.local/lib/python3.7/site-packages/airflow/example_dags/tutorial_taskflow_api.py
[2023-05-03T09:42:06.228+0000] {processor.py:799} INFO - Processing file /home/airflow/.local/lib/python3.7/site-packages/airflow/example_dags/tutorial_taskflow_api.py for tasks to queue
[2023-05-03T09:42:06.229+0000] {logging_mixin.py:149} INFO - [2023-05-03T09:42:06.229+0000] {dagbag.py:541} INFO - Filling up the DagBag from /home/airflow/.local/lib/python3.7/site-packages/airflow/example_dags/tutorial_taskflow_api.py
[2023-05-03T09:42:06.288+0000] {processor.py:809} INFO - DAG(s) dict_keys(['tutorial_taskflow_api']) retrieved from /home/airflow/.local/lib/python3.7/site-packages/airflow/example_dags/tutorial_taskflow_api.py
[2023-05-03T09:42:06.425+0000] {logging_mixin.py:149} INFO - [2023-05-03T09:42:06.425+0000] {dag.py:2726} INFO - Sync 1 DAGs
[2023-05-03T09:42:06.508+0000] {logging_mixin.py:149} INFO - [2023-05-03T09:42:06.507+0000] {dag.py:3490} INFO - Setting next_dagrun for tutorial_taskflow_api to None, run_after=None
[2023-05-03T09:42:06.540+0000] {processor.py:178} INFO - Processing /home/airflow/.local/lib/python3.7/site-packages/airflow/example_dags/tutorial_taskflow_api.py took 0.317 seconds
[2023-05-03T09:44:26.567+0000] {processor.py:156} INFO - Started process (PID=199) to work on /home/airflow/.local/lib/python3.7/site-packages/airflow/example_dags/tutorial_taskflow_api.py
[2023-05-03T09:44:26.576+0000] {processor.py:799} INFO - Processing file /home/airflow/.local/lib/python3.7/site-packages/airflow/example_dags/tutorial_taskflow_api.py for tasks to queue
[2023-05-03T09:44:26.579+0000] {logging_mixin.py:149} INFO - [2023-05-03T09:44:26.579+0000] {dagbag.py:541} INFO - Filling up the DagBag from /home/airflow/.local/lib/python3.7/site-packages/airflow/example_dags/tutorial_taskflow_api.py
[2023-05-03T09:44:26.636+0000] {processor.py:809} INFO - DAG(s) dict_keys(['tutorial_taskflow_api']) retrieved from /home/airflow/.local/lib/python3.7/site-packages/airflow/example_dags/tutorial_taskflow_api.py
[2023-05-03T09:44:27.362+0000] {logging_mixin.py:149} INFO - [2023-05-03T09:44:27.361+0000] {dag.py:2726} INFO - Sync 1 DAGs
[2023-05-03T09:44:27.614+0000] {logging_mixin.py:149} INFO - [2023-05-03T09:44:27.613+0000] {dag.py:3490} INFO - Setting next_dagrun for tutorial_taskflow_api to None, run_after=None
[2023-05-03T09:44:27.767+0000] {processor.py:178} INFO - Processing /home/airflow/.local/lib/python3.7/site-packages/airflow/example_dags/tutorial_taskflow_api.py took 1.207 seconds
[2023-05-03T09:45:03.852+0000] {processor.py:156} INFO - Started process (PID=431) to work on /home/airflow/.local/lib/python3.7/site-packages/airflow/example_dags/tutorial_taskflow_api.py
[2023-05-03T09:45:03.855+0000] {processor.py:799} INFO - Processing file /home/airflow/.local/lib/python3.7/site-packages/airflow/example_dags/tutorial_taskflow_api.py for tasks to queue
[2023-05-03T09:45:03.863+0000] {logging_mixin.py:149} INFO - [2023-05-03T09:45:03.863+0000] {dagbag.py:541} INFO - Filling up the DagBag from /home/airflow/.local/lib/python3.7/site-packages/airflow/example_dags/tutorial_taskflow_api.py
[2023-05-03T09:45:03.877+0000] {processor.py:809} INFO - DAG(s) dict_keys(['tutorial_taskflow_api']) retrieved from /home/airflow/.local/lib/python3.7/site-packages/airflow/example_dags/tutorial_taskflow_api.py
[2023-05-03T09:45:03.950+0000] {logging_mixin.py:149} INFO - [2023-05-03T09:45:03.949+0000] {dag.py:2726} INFO - Sync 1 DAGs
[2023-05-03T09:45:04.030+0000] {logging_mixin.py:149} INFO - [2023-05-03T09:45:04.030+0000] {dag.py:3490} INFO - Setting next_dagrun for tutorial_taskflow_api to None, run_after=None
[2023-05-03T09:45:04.131+0000] {processor.py:178} INFO - Processing /home/airflow/.local/lib/python3.7/site-packages/airflow/example_dags/tutorial_taskflow_api.py took 0.289 seconds
[2023-05-03T09:46:25.182+0000] {processor.py:156} INFO - Started process (PID=544) to work on /home/airflow/.local/lib/python3.7/site-packages/airflow/example_dags/tutorial_taskflow_api.py
[2023-05-03T09:46:25.250+0000] {processor.py:799} INFO - Processing file /home/airflow/.local/lib/python3.7/site-packages/airflow/example_dags/tutorial_taskflow_api.py for tasks to queue
[2023-05-03T09:46:25.280+0000] {logging_mixin.py:149} INFO - [2023-05-03T09:46:25.280+0000] {dagbag.py:541} INFO - Filling up the DagBag from /home/airflow/.local/lib/python3.7/site-packages/airflow/example_dags/tutorial_taskflow_api.py
[2023-05-03T09:46:25.360+0000] {processor.py:809} INFO - DAG(s) dict_keys(['tutorial_taskflow_api']) retrieved from /home/airflow/.local/lib/python3.7/site-packages/airflow/example_dags/tutorial_taskflow_api.py
[2023-05-03T09:46:25.695+0000] {logging_mixin.py:149} INFO - [2023-05-03T09:46:25.695+0000] {dag.py:2726} INFO - Sync 1 DAGs
[2023-05-03T09:46:26.173+0000] {logging_mixin.py:149} INFO - [2023-05-03T09:46:26.172+0000] {dag.py:3490} INFO - Setting next_dagrun for tutorial_taskflow_api to None, run_after=None
[2023-05-03T09:46:26.829+0000] {processor.py:178} INFO - Processing /home/airflow/.local/lib/python3.7/site-packages/airflow/example_dags/tutorial_taskflow_api.py took 1.874 seconds
[2023-05-03T09:47:27.430+0000] {processor.py:156} INFO - Started process (PID=777) to work on /home/airflow/.local/lib/python3.7/site-packages/airflow/example_dags/tutorial_taskflow_api.py
[2023-05-03T09:47:27.436+0000] {processor.py:799} INFO - Processing file /home/airflow/.local/lib/python3.7/site-packages/airflow/example_dags/tutorial_taskflow_api.py for tasks to queue
[2023-05-03T09:47:27.449+0000] {logging_mixin.py:149} INFO - [2023-05-03T09:47:27.448+0000] {dagbag.py:541} INFO - Filling up the DagBag from /home/airflow/.local/lib/python3.7/site-packages/airflow/example_dags/tutorial_taskflow_api.py
[2023-05-03T09:47:27.492+0000] {processor.py:809} INFO - DAG(s) dict_keys(['tutorial_taskflow_api']) retrieved from /home/airflow/.local/lib/python3.7/site-packages/airflow/example_dags/tutorial_taskflow_api.py
[2023-05-03T09:47:27.769+0000] {logging_mixin.py:149} INFO - [2023-05-03T09:47:27.769+0000] {dag.py:2726} INFO - Sync 1 DAGs
[2023-05-03T09:47:29.265+0000] {logging_mixin.py:149} INFO - [2023-05-03T09:47:29.264+0000] {dag.py:3490} INFO - Setting next_dagrun for tutorial_taskflow_api to None, run_after=None
[2023-05-03T09:47:29.469+0000] {processor.py:178} INFO - Processing /home/airflow/.local/lib/python3.7/site-packages/airflow/example_dags/tutorial_taskflow_api.py took 2.058 seconds
[2023-05-03T09:48:13.492+0000] {processor.py:156} INFO - Started process (PID=1011) to work on /home/airflow/.local/lib/python3.7/site-packages/airflow/example_dags/tutorial_taskflow_api.py
[2023-05-03T09:48:13.506+0000] {processor.py:799} INFO - Processing file /home/airflow/.local/lib/python3.7/site-packages/airflow/example_dags/tutorial_taskflow_api.py for tasks to queue
[2023-05-03T09:48:13.516+0000] {logging_mixin.py:149} INFO - [2023-05-03T09:48:13.516+0000] {dagbag.py:541} INFO - Filling up the DagBag from /home/airflow/.local/lib/python3.7/site-packages/airflow/example_dags/tutorial_taskflow_api.py
[2023-05-03T09:48:13.558+0000] {processor.py:809} INFO - DAG(s) dict_keys(['tutorial_taskflow_api']) retrieved from /home/airflow/.local/lib/python3.7/site-packages/airflow/example_dags/tutorial_taskflow_api.py
[2023-05-03T09:48:13.718+0000] {logging_mixin.py:149} INFO - [2023-05-03T09:48:13.717+0000] {dag.py:2726} INFO - Sync 1 DAGs
[2023-05-03T09:48:13.869+0000] {logging_mixin.py:149} INFO - [2023-05-03T09:48:13.869+0000] {dag.py:3490} INFO - Setting next_dagrun for tutorial_taskflow_api to None, run_after=None
[2023-05-03T09:48:13.948+0000] {processor.py:178} INFO - Processing /home/airflow/.local/lib/python3.7/site-packages/airflow/example_dags/tutorial_taskflow_api.py took 0.461 seconds
[2023-05-03T09:48:46.682+0000] {processor.py:156} INFO - Started process (PID=1247) to work on /home/airflow/.local/lib/python3.7/site-packages/airflow/example_dags/tutorial_taskflow_api.py
[2023-05-03T09:48:46.685+0000] {processor.py:799} INFO - Processing file /home/airflow/.local/lib/python3.7/site-packages/airflow/example_dags/tutorial_taskflow_api.py for tasks to queue
[2023-05-03T09:48:46.687+0000] {logging_mixin.py:149} INFO - [2023-05-03T09:48:46.687+0000] {dagbag.py:541} INFO - Filling up the DagBag from /home/airflow/.local/lib/python3.7/site-packages/airflow/example_dags/tutorial_taskflow_api.py
[2023-05-03T09:48:46.719+0000] {processor.py:809} INFO - DAG(s) dict_keys(['tutorial_taskflow_api']) retrieved from /home/airflow/.local/lib/python3.7/site-packages/airflow/example_dags/tutorial_taskflow_api.py
[2023-05-03T09:48:46.842+0000] {logging_mixin.py:149} INFO - [2023-05-03T09:48:46.842+0000] {dag.py:2726} INFO - Sync 1 DAGs
[2023-05-03T09:48:46.937+0000] {logging_mixin.py:149} INFO - [2023-05-03T09:48:46.937+0000] {dag.py:3490} INFO - Setting next_dagrun for tutorial_taskflow_api to None, run_after=None
[2023-05-03T09:48:47.019+0000] {processor.py:178} INFO - Processing /home/airflow/.local/lib/python3.7/site-packages/airflow/example_dags/tutorial_taskflow_api.py took 0.342 seconds
[2023-05-03T09:49:45.817+0000] {processor.py:156} INFO - Started process (PID=1473) to work on /home/airflow/.local/lib/python3.7/site-packages/airflow/example_dags/tutorial_taskflow_api.py
[2023-05-03T09:49:45.820+0000] {processor.py:799} INFO - Processing file /home/airflow/.local/lib/python3.7/site-packages/airflow/example_dags/tutorial_taskflow_api.py for tasks to queue
[2023-05-03T09:49:45.822+0000] {logging_mixin.py:149} INFO - [2023-05-03T09:49:45.821+0000] {dagbag.py:541} INFO - Filling up the DagBag from /home/airflow/.local/lib/python3.7/site-packages/airflow/example_dags/tutorial_taskflow_api.py
[2023-05-03T09:49:45.892+0000] {processor.py:809} INFO - DAG(s) dict_keys(['tutorial_taskflow_api']) retrieved from /home/airflow/.local/lib/python3.7/site-packages/airflow/example_dags/tutorial_taskflow_api.py
[2023-05-03T09:49:45.962+0000] {logging_mixin.py:149} INFO - [2023-05-03T09:49:45.962+0000] {dag.py:2726} INFO - Sync 1 DAGs
[2023-05-03T09:49:46.058+0000] {logging_mixin.py:149} INFO - [2023-05-03T09:49:46.058+0000] {dag.py:3490} INFO - Setting next_dagrun for tutorial_taskflow_api to None, run_after=None
[2023-05-03T09:49:46.139+0000] {processor.py:178} INFO - Processing /home/airflow/.local/lib/python3.7/site-packages/airflow/example_dags/tutorial_taskflow_api.py took 0.339 seconds
[2023-05-03T09:50:16.255+0000] {processor.py:156} INFO - Started process (PID=1709) to work on /home/airflow/.local/lib/python3.7/site-packages/airflow/example_dags/tutorial_taskflow_api.py
[2023-05-03T09:50:16.257+0000] {processor.py:799} INFO - Processing file /home/airflow/.local/lib/python3.7/site-packages/airflow/example_dags/tutorial_taskflow_api.py for tasks to queue
[2023-05-03T09:50:16.259+0000] {logging_mixin.py:149} INFO - [2023-05-03T09:50:16.259+0000] {dagbag.py:541} INFO - Filling up the DagBag from /home/airflow/.local/lib/python3.7/site-packages/airflow/example_dags/tutorial_taskflow_api.py
[2023-05-03T09:50:16.281+0000] {processor.py:809} INFO - DAG(s) dict_keys(['tutorial_taskflow_api']) retrieved from /home/airflow/.local/lib/python3.7/site-packages/airflow/example_dags/tutorial_taskflow_api.py
[2023-05-03T09:50:16.366+0000] {logging_mixin.py:149} INFO - [2023-05-03T09:50:16.365+0000] {dag.py:2726} INFO - Sync 1 DAGs
[2023-05-03T09:50:16.447+0000] {logging_mixin.py:149} INFO - [2023-05-03T09:50:16.447+0000] {dag.py:3490} INFO - Setting next_dagrun for tutorial_taskflow_api to None, run_after=None
[2023-05-03T09:50:16.591+0000] {processor.py:178} INFO - Processing /home/airflow/.local/lib/python3.7/site-packages/airflow/example_dags/tutorial_taskflow_api.py took 0.341 seconds
[2023-05-03T09:50:47.633+0000] {processor.py:156} INFO - Started process (PID=1945) to work on /home/airflow/.local/lib/python3.7/site-packages/airflow/example_dags/tutorial_taskflow_api.py
[2023-05-03T09:50:47.637+0000] {processor.py:799} INFO - Processing file /home/airflow/.local/lib/python3.7/site-packages/airflow/example_dags/tutorial_taskflow_api.py for tasks to queue
[2023-05-03T09:50:47.639+0000] {logging_mixin.py:149} INFO - [2023-05-03T09:50:47.639+0000] {dagbag.py:541} INFO - Filling up the DagBag from /home/airflow/.local/lib/python3.7/site-packages/airflow/example_dags/tutorial_taskflow_api.py
[2023-05-03T09:50:47.663+0000] {processor.py:809} INFO - DAG(s) dict_keys(['tutorial_taskflow_api']) retrieved from /home/airflow/.local/lib/python3.7/site-packages/airflow/example_dags/tutorial_taskflow_api.py
[2023-05-03T09:50:47.744+0000] {logging_mixin.py:149} INFO - [2023-05-03T09:50:47.743+0000] {dag.py:2726} INFO - Sync 1 DAGs
[2023-05-03T09:50:47.808+0000] {logging_mixin.py:149} INFO - [2023-05-03T09:50:47.808+0000] {dag.py:3490} INFO - Setting next_dagrun for tutorial_taskflow_api to None, run_after=None
[2023-05-03T09:50:47.871+0000] {processor.py:178} INFO - Processing /home/airflow/.local/lib/python3.7/site-packages/airflow/example_dags/tutorial_taskflow_api.py took 0.253 seconds
[2023-05-03T09:51:21.828+0000] {processor.py:156} INFO - Started process (PID=2108) to work on /home/airflow/.local/lib/python3.7/site-packages/airflow/example_dags/tutorial_taskflow_api.py
[2023-05-03T09:51:21.831+0000] {processor.py:799} INFO - Processing file /home/airflow/.local/lib/python3.7/site-packages/airflow/example_dags/tutorial_taskflow_api.py for tasks to queue
[2023-05-03T09:51:21.842+0000] {logging_mixin.py:149} INFO - [2023-05-03T09:51:21.842+0000] {dagbag.py:541} INFO - Filling up the DagBag from /home/airflow/.local/lib/python3.7/site-packages/airflow/example_dags/tutorial_taskflow_api.py
[2023-05-03T09:51:21.864+0000] {processor.py:809} INFO - DAG(s) dict_keys(['tutorial_taskflow_api']) retrieved from /home/airflow/.local/lib/python3.7/site-packages/airflow/example_dags/tutorial_taskflow_api.py
[2023-05-03T09:51:21.979+0000] {logging_mixin.py:149} INFO - [2023-05-03T09:51:21.979+0000] {dag.py:2726} INFO - Sync 1 DAGs
[2023-05-03T09:51:22.166+0000] {logging_mixin.py:149} INFO - [2023-05-03T09:51:22.166+0000] {dag.py:3490} INFO - Setting next_dagrun for tutorial_taskflow_api to None, run_after=None
[2023-05-03T09:51:22.355+0000] {processor.py:178} INFO - Processing /home/airflow/.local/lib/python3.7/site-packages/airflow/example_dags/tutorial_taskflow_api.py took 0.532 seconds
[2023-05-03T09:52:06.933+0000] {processor.py:156} INFO - Started process (PID=2264) to work on /home/airflow/.local/lib/python3.7/site-packages/airflow/example_dags/tutorial_taskflow_api.py
[2023-05-03T09:52:06.937+0000] {processor.py:799} INFO - Processing file /home/airflow/.local/lib/python3.7/site-packages/airflow/example_dags/tutorial_taskflow_api.py for tasks to queue
[2023-05-03T09:52:06.940+0000] {logging_mixin.py:149} INFO - [2023-05-03T09:52:06.940+0000] {dagbag.py:541} INFO - Filling up the DagBag from /home/airflow/.local/lib/python3.7/site-packages/airflow/example_dags/tutorial_taskflow_api.py
[2023-05-03T09:52:06.955+0000] {processor.py:809} INFO - DAG(s) dict_keys(['tutorial_taskflow_api']) retrieved from /home/airflow/.local/lib/python3.7/site-packages/airflow/example_dags/tutorial_taskflow_api.py
[2023-05-03T09:52:07.085+0000] {logging_mixin.py:149} INFO - [2023-05-03T09:52:07.085+0000] {dag.py:2726} INFO - Sync 1 DAGs
[2023-05-03T09:52:07.179+0000] {logging_mixin.py:149} INFO - [2023-05-03T09:52:07.179+0000] {dag.py:3490} INFO - Setting next_dagrun for tutorial_taskflow_api to None, run_after=None
[2023-05-03T09:52:07.295+0000] {processor.py:178} INFO - Processing /home/airflow/.local/lib/python3.7/site-packages/airflow/example_dags/tutorial_taskflow_api.py took 0.372 seconds
[2023-05-03T09:52:37.676+0000] {processor.py:156} INFO - Started process (PID=2493) to work on /home/airflow/.local/lib/python3.7/site-packages/airflow/example_dags/tutorial_taskflow_api.py
[2023-05-03T09:52:37.678+0000] {processor.py:799} INFO - Processing file /home/airflow/.local/lib/python3.7/site-packages/airflow/example_dags/tutorial_taskflow_api.py for tasks to queue
[2023-05-03T09:52:37.679+0000] {logging_mixin.py:149} INFO - [2023-05-03T09:52:37.679+0000] {dagbag.py:541} INFO - Filling up the DagBag from /home/airflow/.local/lib/python3.7/site-packages/airflow/example_dags/tutorial_taskflow_api.py
[2023-05-03T09:52:37.697+0000] {processor.py:809} INFO - DAG(s) dict_keys(['tutorial_taskflow_api']) retrieved from /home/airflow/.local/lib/python3.7/site-packages/airflow/example_dags/tutorial_taskflow_api.py
[2023-05-03T09:52:37.774+0000] {logging_mixin.py:149} INFO - [2023-05-03T09:52:37.774+0000] {dag.py:2726} INFO - Sync 1 DAGs
[2023-05-03T09:52:37.829+0000] {logging_mixin.py:149} INFO - [2023-05-03T09:52:37.828+0000] {dag.py:3490} INFO - Setting next_dagrun for tutorial_taskflow_api to None, run_after=None
[2023-05-03T09:52:37.880+0000] {processor.py:178} INFO - Processing /home/airflow/.local/lib/python3.7/site-packages/airflow/example_dags/tutorial_taskflow_api.py took 0.210 seconds
[2023-05-03T09:53:08.053+0000] {processor.py:156} INFO - Started process (PID=2731) to work on /home/airflow/.local/lib/python3.7/site-packages/airflow/example_dags/tutorial_taskflow_api.py
[2023-05-03T09:53:08.055+0000] {processor.py:799} INFO - Processing file /home/airflow/.local/lib/python3.7/site-packages/airflow/example_dags/tutorial_taskflow_api.py for tasks to queue
[2023-05-03T09:53:08.057+0000] {logging_mixin.py:149} INFO - [2023-05-03T09:53:08.057+0000] {dagbag.py:541} INFO - Filling up the DagBag from /home/airflow/.local/lib/python3.7/site-packages/airflow/example_dags/tutorial_taskflow_api.py
[2023-05-03T09:53:08.076+0000] {processor.py:809} INFO - DAG(s) dict_keys(['tutorial_taskflow_api']) retrieved from /home/airflow/.local/lib/python3.7/site-packages/airflow/example_dags/tutorial_taskflow_api.py
[2023-05-03T09:53:08.155+0000] {logging_mixin.py:149} INFO - [2023-05-03T09:53:08.155+0000] {dag.py:2726} INFO - Sync 1 DAGs
[2023-05-03T09:53:08.236+0000] {logging_mixin.py:149} INFO - [2023-05-03T09:53:08.236+0000] {dag.py:3490} INFO - Setting next_dagrun for tutorial_taskflow_api to None, run_after=None
[2023-05-03T09:53:08.292+0000] {processor.py:178} INFO - Processing /home/airflow/.local/lib/python3.7/site-packages/airflow/example_dags/tutorial_taskflow_api.py took 0.248 seconds
[2023-05-03T09:53:38.638+0000] {processor.py:156} INFO - Started process (PID=2967) to work on /home/airflow/.local/lib/python3.7/site-packages/airflow/example_dags/tutorial_taskflow_api.py
[2023-05-03T09:53:38.642+0000] {processor.py:799} INFO - Processing file /home/airflow/.local/lib/python3.7/site-packages/airflow/example_dags/tutorial_taskflow_api.py for tasks to queue
[2023-05-03T09:53:38.646+0000] {logging_mixin.py:149} INFO - [2023-05-03T09:53:38.646+0000] {dagbag.py:541} INFO - Filling up the DagBag from /home/airflow/.local/lib/python3.7/site-packages/airflow/example_dags/tutorial_taskflow_api.py
[2023-05-03T09:53:38.660+0000] {processor.py:809} INFO - DAG(s) dict_keys(['tutorial_taskflow_api']) retrieved from /home/airflow/.local/lib/python3.7/site-packages/airflow/example_dags/tutorial_taskflow_api.py
[2023-05-03T09:53:38.722+0000] {logging_mixin.py:149} INFO - [2023-05-03T09:53:38.721+0000] {dag.py:2726} INFO - Sync 1 DAGs
[2023-05-03T09:53:39.055+0000] {logging_mixin.py:149} INFO - [2023-05-03T09:53:39.054+0000] {dag.py:3490} INFO - Setting next_dagrun for tutorial_taskflow_api to None, run_after=None
[2023-05-03T09:53:39.126+0000] {processor.py:178} INFO - Processing /home/airflow/.local/lib/python3.7/site-packages/airflow/example_dags/tutorial_taskflow_api.py took 0.495 seconds
[2023-05-03T09:54:25.896+0000] {processor.py:156} INFO - Started process (PID=3177) to work on /home/airflow/.local/lib/python3.7/site-packages/airflow/example_dags/tutorial_taskflow_api.py
[2023-05-03T09:54:25.926+0000] {processor.py:799} INFO - Processing file /home/airflow/.local/lib/python3.7/site-packages/airflow/example_dags/tutorial_taskflow_api.py for tasks to queue
[2023-05-03T09:54:25.972+0000] {logging_mixin.py:149} INFO - [2023-05-03T09:54:25.966+0000] {dagbag.py:541} INFO - Filling up the DagBag from /home/airflow/.local/lib/python3.7/site-packages/airflow/example_dags/tutorial_taskflow_api.py
[2023-05-03T09:54:26.018+0000] {processor.py:809} INFO - DAG(s) dict_keys(['tutorial_taskflow_api']) retrieved from /home/airflow/.local/lib/python3.7/site-packages/airflow/example_dags/tutorial_taskflow_api.py
[2023-05-03T09:54:26.229+0000] {logging_mixin.py:149} INFO - [2023-05-03T09:54:26.228+0000] {dag.py:2726} INFO - Sync 1 DAGs
[2023-05-03T09:54:26.380+0000] {logging_mixin.py:149} INFO - [2023-05-03T09:54:26.380+0000] {dag.py:3490} INFO - Setting next_dagrun for tutorial_taskflow_api to None, run_after=None
[2023-05-03T09:54:26.497+0000] {processor.py:178} INFO - Processing /home/airflow/.local/lib/python3.7/site-packages/airflow/example_dags/tutorial_taskflow_api.py took 0.614 seconds
[2023-05-03T09:55:03.089+0000] {processor.py:156} INFO - Started process (PID=3402) to work on /home/airflow/.local/lib/python3.7/site-packages/airflow/example_dags/tutorial_taskflow_api.py
[2023-05-03T09:55:03.091+0000] {processor.py:799} INFO - Processing file /home/airflow/.local/lib/python3.7/site-packages/airflow/example_dags/tutorial_taskflow_api.py for tasks to queue
[2023-05-03T09:55:03.096+0000] {logging_mixin.py:149} INFO - [2023-05-03T09:55:03.094+0000] {dagbag.py:541} INFO - Filling up the DagBag from /home/airflow/.local/lib/python3.7/site-packages/airflow/example_dags/tutorial_taskflow_api.py
[2023-05-03T09:55:03.114+0000] {processor.py:809} INFO - DAG(s) dict_keys(['tutorial_taskflow_api']) retrieved from /home/airflow/.local/lib/python3.7/site-packages/airflow/example_dags/tutorial_taskflow_api.py
[2023-05-03T09:55:03.186+0000] {logging_mixin.py:149} INFO - [2023-05-03T09:55:03.186+0000] {dag.py:2726} INFO - Sync 1 DAGs
[2023-05-03T09:55:03.276+0000] {logging_mixin.py:149} INFO - [2023-05-03T09:55:03.276+0000] {dag.py:3490} INFO - Setting next_dagrun for tutorial_taskflow_api to None, run_after=None
[2023-05-03T09:55:03.376+0000] {processor.py:178} INFO - Processing /home/airflow/.local/lib/python3.7/site-packages/airflow/example_dags/tutorial_taskflow_api.py took 0.289 seconds
[2023-05-03T09:55:34.333+0000] {processor.py:156} INFO - Started process (PID=3629) to work on /home/airflow/.local/lib/python3.7/site-packages/airflow/example_dags/tutorial_taskflow_api.py
[2023-05-03T09:55:34.346+0000] {processor.py:799} INFO - Processing file /home/airflow/.local/lib/python3.7/site-packages/airflow/example_dags/tutorial_taskflow_api.py for tasks to queue
[2023-05-03T09:55:34.348+0000] {logging_mixin.py:149} INFO - [2023-05-03T09:55:34.347+0000] {dagbag.py:541} INFO - Filling up the DagBag from /home/airflow/.local/lib/python3.7/site-packages/airflow/example_dags/tutorial_taskflow_api.py
[2023-05-03T09:55:34.380+0000] {processor.py:809} INFO - DAG(s) dict_keys(['tutorial_taskflow_api']) retrieved from /home/airflow/.local/lib/python3.7/site-packages/airflow/example_dags/tutorial_taskflow_api.py
[2023-05-03T09:55:34.564+0000] {logging_mixin.py:149} INFO - [2023-05-03T09:55:34.563+0000] {dag.py:2726} INFO - Sync 1 DAGs
[2023-05-03T09:55:34.764+0000] {logging_mixin.py:149} INFO - [2023-05-03T09:55:34.764+0000] {dag.py:3490} INFO - Setting next_dagrun for tutorial_taskflow_api to None, run_after=None
[2023-05-03T09:55:35.005+0000] {processor.py:178} INFO - Processing /home/airflow/.local/lib/python3.7/site-packages/airflow/example_dags/tutorial_taskflow_api.py took 0.680 seconds
[2023-05-03T09:56:07.705+0000] {processor.py:156} INFO - Started process (PID=3865) to work on /home/airflow/.local/lib/python3.7/site-packages/airflow/example_dags/tutorial_taskflow_api.py
[2023-05-03T09:56:07.723+0000] {processor.py:799} INFO - Processing file /home/airflow/.local/lib/python3.7/site-packages/airflow/example_dags/tutorial_taskflow_api.py for tasks to queue
[2023-05-03T09:56:07.725+0000] {logging_mixin.py:149} INFO - [2023-05-03T09:56:07.725+0000] {dagbag.py:541} INFO - Filling up the DagBag from /home/airflow/.local/lib/python3.7/site-packages/airflow/example_dags/tutorial_taskflow_api.py
[2023-05-03T09:56:07.747+0000] {processor.py:809} INFO - DAG(s) dict_keys(['tutorial_taskflow_api']) retrieved from /home/airflow/.local/lib/python3.7/site-packages/airflow/example_dags/tutorial_taskflow_api.py
[2023-05-03T09:56:07.850+0000] {logging_mixin.py:149} INFO - [2023-05-03T09:56:07.849+0000] {dag.py:2726} INFO - Sync 1 DAGs
[2023-05-03T09:56:07.932+0000] {logging_mixin.py:149} INFO - [2023-05-03T09:56:07.931+0000] {dag.py:3490} INFO - Setting next_dagrun for tutorial_taskflow_api to None, run_after=None
[2023-05-03T09:56:08.028+0000] {processor.py:178} INFO - Processing /home/airflow/.local/lib/python3.7/site-packages/airflow/example_dags/tutorial_taskflow_api.py took 0.335 seconds
[2023-05-03T09:56:39.624+0000] {processor.py:156} INFO - Started process (PID=4100) to work on /home/airflow/.local/lib/python3.7/site-packages/airflow/example_dags/tutorial_taskflow_api.py
[2023-05-03T09:56:39.626+0000] {processor.py:799} INFO - Processing file /home/airflow/.local/lib/python3.7/site-packages/airflow/example_dags/tutorial_taskflow_api.py for tasks to queue
[2023-05-03T09:56:39.627+0000] {logging_mixin.py:149} INFO - [2023-05-03T09:56:39.627+0000] {dagbag.py:541} INFO - Filling up the DagBag from /home/airflow/.local/lib/python3.7/site-packages/airflow/example_dags/tutorial_taskflow_api.py
[2023-05-03T09:56:39.646+0000] {processor.py:809} INFO - DAG(s) dict_keys(['tutorial_taskflow_api']) retrieved from /home/airflow/.local/lib/python3.7/site-packages/airflow/example_dags/tutorial_taskflow_api.py
[2023-05-03T09:56:39.717+0000] {logging_mixin.py:149} INFO - [2023-05-03T09:56:39.717+0000] {dag.py:2726} INFO - Sync 1 DAGs
[2023-05-03T09:56:40.076+0000] {logging_mixin.py:149} INFO - [2023-05-03T09:56:40.076+0000] {dag.py:3490} INFO - Setting next_dagrun for tutorial_taskflow_api to None, run_after=None
[2023-05-03T09:56:40.143+0000] {processor.py:178} INFO - Processing /home/airflow/.local/lib/python3.7/site-packages/airflow/example_dags/tutorial_taskflow_api.py took 0.528 seconds
[2023-05-03T09:57:10.526+0000] {processor.py:156} INFO - Started process (PID=4335) to work on /home/airflow/.local/lib/python3.7/site-packages/airflow/example_dags/tutorial_taskflow_api.py
[2023-05-03T09:57:10.528+0000] {processor.py:799} INFO - Processing file /home/airflow/.local/lib/python3.7/site-packages/airflow/example_dags/tutorial_taskflow_api.py for tasks to queue
[2023-05-03T09:57:10.530+0000] {logging_mixin.py:149} INFO - [2023-05-03T09:57:10.530+0000] {dagbag.py:541} INFO - Filling up the DagBag from /home/airflow/.local/lib/python3.7/site-packages/airflow/example_dags/tutorial_taskflow_api.py
[2023-05-03T09:57:10.552+0000] {processor.py:809} INFO - DAG(s) dict_keys(['tutorial_taskflow_api']) retrieved from /home/airflow/.local/lib/python3.7/site-packages/airflow/example_dags/tutorial_taskflow_api.py
[2023-05-03T09:57:10.649+0000] {logging_mixin.py:149} INFO - [2023-05-03T09:57:10.648+0000] {dag.py:2726} INFO - Sync 1 DAGs
[2023-05-03T09:57:10.760+0000] {logging_mixin.py:149} INFO - [2023-05-03T09:57:10.759+0000] {dag.py:3490} INFO - Setting next_dagrun for tutorial_taskflow_api to None, run_after=None
[2023-05-03T09:57:10.860+0000] {processor.py:178} INFO - Processing /home/airflow/.local/lib/python3.7/site-packages/airflow/example_dags/tutorial_taskflow_api.py took 0.348 seconds
[2023-05-03T09:57:52.868+0000] {processor.py:156} INFO - Started process (PID=4491) to work on /home/airflow/.local/lib/python3.7/site-packages/airflow/example_dags/tutorial_taskflow_api.py
[2023-05-03T09:57:52.870+0000] {processor.py:799} INFO - Processing file /home/airflow/.local/lib/python3.7/site-packages/airflow/example_dags/tutorial_taskflow_api.py for tasks to queue
[2023-05-03T09:57:52.871+0000] {logging_mixin.py:149} INFO - [2023-05-03T09:57:52.871+0000] {dagbag.py:541} INFO - Filling up the DagBag from /home/airflow/.local/lib/python3.7/site-packages/airflow/example_dags/tutorial_taskflow_api.py
[2023-05-03T09:57:52.905+0000] {processor.py:809} INFO - DAG(s) dict_keys(['tutorial_taskflow_api']) retrieved from /home/airflow/.local/lib/python3.7/site-packages/airflow/example_dags/tutorial_taskflow_api.py
[2023-05-03T09:57:53.007+0000] {logging_mixin.py:149} INFO - [2023-05-03T09:57:53.007+0000] {dag.py:2726} INFO - Sync 1 DAGs
[2023-05-03T09:57:53.526+0000] {logging_mixin.py:149} INFO - [2023-05-03T09:57:53.525+0000] {dag.py:3490} INFO - Setting next_dagrun for tutorial_taskflow_api to None, run_after=None
[2023-05-03T09:57:53.616+0000] {processor.py:178} INFO - Processing /home/airflow/.local/lib/python3.7/site-packages/airflow/example_dags/tutorial_taskflow_api.py took 0.758 seconds
[2023-05-03T09:58:24.023+0000] {processor.py:156} INFO - Started process (PID=4724) to work on /home/airflow/.local/lib/python3.7/site-packages/airflow/example_dags/tutorial_taskflow_api.py
[2023-05-03T09:58:24.025+0000] {processor.py:799} INFO - Processing file /home/airflow/.local/lib/python3.7/site-packages/airflow/example_dags/tutorial_taskflow_api.py for tasks to queue
[2023-05-03T09:58:24.027+0000] {logging_mixin.py:149} INFO - [2023-05-03T09:58:24.026+0000] {dagbag.py:541} INFO - Filling up the DagBag from /home/airflow/.local/lib/python3.7/site-packages/airflow/example_dags/tutorial_taskflow_api.py
[2023-05-03T09:58:24.045+0000] {processor.py:809} INFO - DAG(s) dict_keys(['tutorial_taskflow_api']) retrieved from /home/airflow/.local/lib/python3.7/site-packages/airflow/example_dags/tutorial_taskflow_api.py
[2023-05-03T09:58:24.109+0000] {logging_mixin.py:149} INFO - [2023-05-03T09:58:24.109+0000] {dag.py:2726} INFO - Sync 1 DAGs
[2023-05-03T09:58:24.149+0000] {logging_mixin.py:149} INFO - [2023-05-03T09:58:24.149+0000] {dag.py:3490} INFO - Setting next_dagrun for tutorial_taskflow_api to None, run_after=None
[2023-05-03T09:58:24.180+0000] {processor.py:178} INFO - Processing /home/airflow/.local/lib/python3.7/site-packages/airflow/example_dags/tutorial_taskflow_api.py took 0.164 seconds
[2023-05-03T09:58:54.430+0000] {processor.py:156} INFO - Started process (PID=4961) to work on /home/airflow/.local/lib/python3.7/site-packages/airflow/example_dags/tutorial_taskflow_api.py
[2023-05-03T09:58:54.432+0000] {processor.py:799} INFO - Processing file /home/airflow/.local/lib/python3.7/site-packages/airflow/example_dags/tutorial_taskflow_api.py for tasks to queue
[2023-05-03T09:58:54.434+0000] {logging_mixin.py:149} INFO - [2023-05-03T09:58:54.433+0000] {dagbag.py:541} INFO - Filling up the DagBag from /home/airflow/.local/lib/python3.7/site-packages/airflow/example_dags/tutorial_taskflow_api.py
[2023-05-03T09:58:54.453+0000] {processor.py:809} INFO - DAG(s) dict_keys(['tutorial_taskflow_api']) retrieved from /home/airflow/.local/lib/python3.7/site-packages/airflow/example_dags/tutorial_taskflow_api.py
[2023-05-03T09:58:54.531+0000] {logging_mixin.py:149} INFO - [2023-05-03T09:58:54.531+0000] {dag.py:2726} INFO - Sync 1 DAGs
[2023-05-03T09:58:54.827+0000] {logging_mixin.py:149} INFO - [2023-05-03T09:58:54.827+0000] {dag.py:3490} INFO - Setting next_dagrun for tutorial_taskflow_api to None, run_after=None
[2023-05-03T09:58:54.870+0000] {processor.py:178} INFO - Processing /home/airflow/.local/lib/python3.7/site-packages/airflow/example_dags/tutorial_taskflow_api.py took 0.445 seconds
[2023-05-03T09:59:25.016+0000] {processor.py:156} INFO - Started process (PID=5202) to work on /home/airflow/.local/lib/python3.7/site-packages/airflow/example_dags/tutorial_taskflow_api.py
[2023-05-03T09:59:25.018+0000] {processor.py:799} INFO - Processing file /home/airflow/.local/lib/python3.7/site-packages/airflow/example_dags/tutorial_taskflow_api.py for tasks to queue
[2023-05-03T09:59:25.019+0000] {logging_mixin.py:149} INFO - [2023-05-03T09:59:25.019+0000] {dagbag.py:541} INFO - Filling up the DagBag from /home/airflow/.local/lib/python3.7/site-packages/airflow/example_dags/tutorial_taskflow_api.py
[2023-05-03T09:59:25.221+0000] {processor.py:809} INFO - DAG(s) dict_keys(['tutorial_taskflow_api']) retrieved from /home/airflow/.local/lib/python3.7/site-packages/airflow/example_dags/tutorial_taskflow_api.py
[2023-05-03T09:59:25.256+0000] {logging_mixin.py:149} INFO - [2023-05-03T09:59:25.255+0000] {dag.py:2726} INFO - Sync 1 DAGs
[2023-05-03T09:59:25.299+0000] {logging_mixin.py:149} INFO - [2023-05-03T09:59:25.299+0000] {dag.py:3490} INFO - Setting next_dagrun for tutorial_taskflow_api to None, run_after=None
[2023-05-03T09:59:25.342+0000] {processor.py:178} INFO - Processing /home/airflow/.local/lib/python3.7/site-packages/airflow/example_dags/tutorial_taskflow_api.py took 0.330 seconds
[2023-05-03T09:59:55.664+0000] {processor.py:156} INFO - Started process (PID=5431) to work on /home/airflow/.local/lib/python3.7/site-packages/airflow/example_dags/tutorial_taskflow_api.py
[2023-05-03T09:59:55.666+0000] {processor.py:799} INFO - Processing file /home/airflow/.local/lib/python3.7/site-packages/airflow/example_dags/tutorial_taskflow_api.py for tasks to queue
[2023-05-03T09:59:55.669+0000] {logging_mixin.py:149} INFO - [2023-05-03T09:59:55.669+0000] {dagbag.py:541} INFO - Filling up the DagBag from /home/airflow/.local/lib/python3.7/site-packages/airflow/example_dags/tutorial_taskflow_api.py
[2023-05-03T09:59:55.686+0000] {processor.py:809} INFO - DAG(s) dict_keys(['tutorial_taskflow_api']) retrieved from /home/airflow/.local/lib/python3.7/site-packages/airflow/example_dags/tutorial_taskflow_api.py
[2023-05-03T09:59:55.738+0000] {logging_mixin.py:149} INFO - [2023-05-03T09:59:55.736+0000] {dag.py:2726} INFO - Sync 1 DAGs
[2023-05-03T09:59:55.786+0000] {logging_mixin.py:149} INFO - [2023-05-03T09:59:55.785+0000] {dag.py:3490} INFO - Setting next_dagrun for tutorial_taskflow_api to None, run_after=None
[2023-05-03T09:59:55.851+0000] {processor.py:178} INFO - Processing /home/airflow/.local/lib/python3.7/site-packages/airflow/example_dags/tutorial_taskflow_api.py took 0.193 seconds
[2023-05-03T10:00:26.254+0000] {processor.py:156} INFO - Started process (PID=5666) to work on /home/airflow/.local/lib/python3.7/site-packages/airflow/example_dags/tutorial_taskflow_api.py
[2023-05-03T10:00:26.259+0000] {processor.py:799} INFO - Processing file /home/airflow/.local/lib/python3.7/site-packages/airflow/example_dags/tutorial_taskflow_api.py for tasks to queue
[2023-05-03T10:00:26.264+0000] {logging_mixin.py:149} INFO - [2023-05-03T10:00:26.264+0000] {dagbag.py:541} INFO - Filling up the DagBag from /home/airflow/.local/lib/python3.7/site-packages/airflow/example_dags/tutorial_taskflow_api.py
[2023-05-03T10:00:26.274+0000] {processor.py:809} INFO - DAG(s) dict_keys(['tutorial_taskflow_api']) retrieved from /home/airflow/.local/lib/python3.7/site-packages/airflow/example_dags/tutorial_taskflow_api.py
[2023-05-03T10:00:26.338+0000] {logging_mixin.py:149} INFO - [2023-05-03T10:00:26.338+0000] {dag.py:2726} INFO - Sync 1 DAGs
[2023-05-03T10:00:26.408+0000] {logging_mixin.py:149} INFO - [2023-05-03T10:00:26.408+0000] {dag.py:3490} INFO - Setting next_dagrun for tutorial_taskflow_api to None, run_after=None
[2023-05-03T10:00:26.466+0000] {processor.py:178} INFO - Processing /home/airflow/.local/lib/python3.7/site-packages/airflow/example_dags/tutorial_taskflow_api.py took 0.217 seconds
[2023-05-03T10:00:57.246+0000] {processor.py:156} INFO - Started process (PID=5903) to work on /home/airflow/.local/lib/python3.7/site-packages/airflow/example_dags/tutorial_taskflow_api.py
[2023-05-03T10:00:57.247+0000] {processor.py:799} INFO - Processing file /home/airflow/.local/lib/python3.7/site-packages/airflow/example_dags/tutorial_taskflow_api.py for tasks to queue
[2023-05-03T10:00:57.249+0000] {logging_mixin.py:149} INFO - [2023-05-03T10:00:57.249+0000] {dagbag.py:541} INFO - Filling up the DagBag from /home/airflow/.local/lib/python3.7/site-packages/airflow/example_dags/tutorial_taskflow_api.py
[2023-05-03T10:00:57.265+0000] {processor.py:809} INFO - DAG(s) dict_keys(['tutorial_taskflow_api']) retrieved from /home/airflow/.local/lib/python3.7/site-packages/airflow/example_dags/tutorial_taskflow_api.py
[2023-05-03T10:00:57.311+0000] {logging_mixin.py:149} INFO - [2023-05-03T10:00:57.311+0000] {dag.py:2726} INFO - Sync 1 DAGs
[2023-05-03T10:00:57.372+0000] {logging_mixin.py:149} INFO - [2023-05-03T10:00:57.372+0000] {dag.py:3490} INFO - Setting next_dagrun for tutorial_taskflow_api to None, run_after=None
[2023-05-03T10:00:57.433+0000] {processor.py:178} INFO - Processing /home/airflow/.local/lib/python3.7/site-packages/airflow/example_dags/tutorial_taskflow_api.py took 0.196 seconds
[2023-05-03T10:01:28.180+0000] {processor.py:156} INFO - Started process (PID=6139) to work on /home/airflow/.local/lib/python3.7/site-packages/airflow/example_dags/tutorial_taskflow_api.py
[2023-05-03T10:01:28.183+0000] {processor.py:799} INFO - Processing file /home/airflow/.local/lib/python3.7/site-packages/airflow/example_dags/tutorial_taskflow_api.py for tasks to queue
[2023-05-03T10:01:28.187+0000] {logging_mixin.py:149} INFO - [2023-05-03T10:01:28.186+0000] {dagbag.py:541} INFO - Filling up the DagBag from /home/airflow/.local/lib/python3.7/site-packages/airflow/example_dags/tutorial_taskflow_api.py
[2023-05-03T10:01:28.200+0000] {processor.py:809} INFO - DAG(s) dict_keys(['tutorial_taskflow_api']) retrieved from /home/airflow/.local/lib/python3.7/site-packages/airflow/example_dags/tutorial_taskflow_api.py
[2023-05-03T10:01:28.266+0000] {logging_mixin.py:149} INFO - [2023-05-03T10:01:28.266+0000] {dag.py:2726} INFO - Sync 1 DAGs
[2023-05-03T10:01:28.323+0000] {logging_mixin.py:149} INFO - [2023-05-03T10:01:28.323+0000] {dag.py:3490} INFO - Setting next_dagrun for tutorial_taskflow_api to None, run_after=None
[2023-05-03T10:01:28.368+0000] {processor.py:178} INFO - Processing /home/airflow/.local/lib/python3.7/site-packages/airflow/example_dags/tutorial_taskflow_api.py took 0.192 seconds
[2023-05-03T10:45:31.574+0000] {processor.py:156} INFO - Started process (PID=6378) to work on /home/airflow/.local/lib/python3.7/site-packages/airflow/example_dags/tutorial_taskflow_api.py
[2023-05-03T10:45:31.577+0000] {processor.py:799} INFO - Processing file /home/airflow/.local/lib/python3.7/site-packages/airflow/example_dags/tutorial_taskflow_api.py for tasks to queue
[2023-05-03T10:45:31.585+0000] {logging_mixin.py:149} INFO - [2023-05-03T10:45:31.584+0000] {dagbag.py:541} INFO - Filling up the DagBag from /home/airflow/.local/lib/python3.7/site-packages/airflow/example_dags/tutorial_taskflow_api.py
[2023-05-03T10:45:31.600+0000] {processor.py:809} INFO - DAG(s) dict_keys(['tutorial_taskflow_api']) retrieved from /home/airflow/.local/lib/python3.7/site-packages/airflow/example_dags/tutorial_taskflow_api.py
[2023-05-03T10:45:31.663+0000] {logging_mixin.py:149} INFO - [2023-05-03T10:45:31.663+0000] {dag.py:2726} INFO - Sync 1 DAGs
[2023-05-03T10:45:31.743+0000] {logging_mixin.py:149} INFO - [2023-05-03T10:45:31.741+0000] {dag.py:3490} INFO - Setting next_dagrun for tutorial_taskflow_api to None, run_after=None
[2023-05-03T10:45:31.808+0000] {processor.py:178} INFO - Processing /home/airflow/.local/lib/python3.7/site-packages/airflow/example_dags/tutorial_taskflow_api.py took 0.240 seconds
[2023-05-03T10:46:14.149+0000] {processor.py:156} INFO - Started process (PID=6622) to work on /home/airflow/.local/lib/python3.7/site-packages/airflow/example_dags/tutorial_taskflow_api.py
[2023-05-03T10:46:14.157+0000] {processor.py:799} INFO - Processing file /home/airflow/.local/lib/python3.7/site-packages/airflow/example_dags/tutorial_taskflow_api.py for tasks to queue
[2023-05-03T10:46:14.161+0000] {logging_mixin.py:149} INFO - [2023-05-03T10:46:14.161+0000] {dagbag.py:541} INFO - Filling up the DagBag from /home/airflow/.local/lib/python3.7/site-packages/airflow/example_dags/tutorial_taskflow_api.py
[2023-05-03T10:46:14.190+0000] {processor.py:809} INFO - DAG(s) dict_keys(['tutorial_taskflow_api']) retrieved from /home/airflow/.local/lib/python3.7/site-packages/airflow/example_dags/tutorial_taskflow_api.py
[2023-05-03T10:46:14.386+0000] {logging_mixin.py:149} INFO - [2023-05-03T10:46:14.385+0000] {dag.py:2726} INFO - Sync 1 DAGs
[2023-05-03T10:46:14.634+0000] {logging_mixin.py:149} INFO - [2023-05-03T10:46:14.633+0000] {dag.py:3490} INFO - Setting next_dagrun for tutorial_taskflow_api to None, run_after=None
[2023-05-03T10:46:14.800+0000] {processor.py:178} INFO - Processing /home/airflow/.local/lib/python3.7/site-packages/airflow/example_dags/tutorial_taskflow_api.py took 0.656 seconds
[2023-05-03T10:47:31.518+0000] {processor.py:156} INFO - Started process (PID=6775) to work on /home/airflow/.local/lib/python3.7/site-packages/airflow/example_dags/tutorial_taskflow_api.py
[2023-05-03T10:47:31.521+0000] {processor.py:799} INFO - Processing file /home/airflow/.local/lib/python3.7/site-packages/airflow/example_dags/tutorial_taskflow_api.py for tasks to queue
[2023-05-03T10:47:31.526+0000] {logging_mixin.py:149} INFO - [2023-05-03T10:47:31.523+0000] {dagbag.py:541} INFO - Filling up the DagBag from /home/airflow/.local/lib/python3.7/site-packages/airflow/example_dags/tutorial_taskflow_api.py
[2023-05-03T10:47:31.550+0000] {processor.py:809} INFO - DAG(s) dict_keys(['tutorial_taskflow_api']) retrieved from /home/airflow/.local/lib/python3.7/site-packages/airflow/example_dags/tutorial_taskflow_api.py
[2023-05-03T10:47:31.840+0000] {logging_mixin.py:149} INFO - [2023-05-03T10:47:31.840+0000] {dag.py:2726} INFO - Sync 1 DAGs
[2023-05-03T10:47:32.037+0000] {logging_mixin.py:149} INFO - [2023-05-03T10:47:32.037+0000] {dag.py:3490} INFO - Setting next_dagrun for tutorial_taskflow_api to None, run_after=None
[2023-05-03T10:47:32.181+0000] {processor.py:178} INFO - Processing /home/airflow/.local/lib/python3.7/site-packages/airflow/example_dags/tutorial_taskflow_api.py took 0.679 seconds
[2023-05-03T10:48:02.749+0000] {processor.py:156} INFO - Started process (PID=7007) to work on /home/airflow/.local/lib/python3.7/site-packages/airflow/example_dags/tutorial_taskflow_api.py
[2023-05-03T10:48:02.751+0000] {processor.py:799} INFO - Processing file /home/airflow/.local/lib/python3.7/site-packages/airflow/example_dags/tutorial_taskflow_api.py for tasks to queue
[2023-05-03T10:48:02.754+0000] {logging_mixin.py:149} INFO - [2023-05-03T10:48:02.754+0000] {dagbag.py:541} INFO - Filling up the DagBag from /home/airflow/.local/lib/python3.7/site-packages/airflow/example_dags/tutorial_taskflow_api.py
[2023-05-03T10:48:02.766+0000] {processor.py:809} INFO - DAG(s) dict_keys(['tutorial_taskflow_api']) retrieved from /home/airflow/.local/lib/python3.7/site-packages/airflow/example_dags/tutorial_taskflow_api.py
[2023-05-03T10:48:02.822+0000] {logging_mixin.py:149} INFO - [2023-05-03T10:48:02.822+0000] {dag.py:2726} INFO - Sync 1 DAGs
[2023-05-03T10:48:02.884+0000] {logging_mixin.py:149} INFO - [2023-05-03T10:48:02.884+0000] {dag.py:3490} INFO - Setting next_dagrun for tutorial_taskflow_api to None, run_after=None
[2023-05-03T10:48:02.923+0000] {processor.py:178} INFO - Processing /home/airflow/.local/lib/python3.7/site-packages/airflow/example_dags/tutorial_taskflow_api.py took 0.178 seconds
[2023-05-03T10:48:33.514+0000] {processor.py:156} INFO - Started process (PID=7243) to work on /home/airflow/.local/lib/python3.7/site-packages/airflow/example_dags/tutorial_taskflow_api.py
[2023-05-03T10:48:33.521+0000] {processor.py:799} INFO - Processing file /home/airflow/.local/lib/python3.7/site-packages/airflow/example_dags/tutorial_taskflow_api.py for tasks to queue
[2023-05-03T10:48:33.525+0000] {logging_mixin.py:149} INFO - [2023-05-03T10:48:33.524+0000] {dagbag.py:541} INFO - Filling up the DagBag from /home/airflow/.local/lib/python3.7/site-packages/airflow/example_dags/tutorial_taskflow_api.py
[2023-05-03T10:48:33.537+0000] {processor.py:809} INFO - DAG(s) dict_keys(['tutorial_taskflow_api']) retrieved from /home/airflow/.local/lib/python3.7/site-packages/airflow/example_dags/tutorial_taskflow_api.py
[2023-05-03T10:48:33.615+0000] {logging_mixin.py:149} INFO - [2023-05-03T10:48:33.614+0000] {dag.py:2726} INFO - Sync 1 DAGs
[2023-05-03T10:48:33.692+0000] {logging_mixin.py:149} INFO - [2023-05-03T10:48:33.692+0000] {dag.py:3490} INFO - Setting next_dagrun for tutorial_taskflow_api to None, run_after=None
[2023-05-03T10:48:33.776+0000] {processor.py:178} INFO - Processing /home/airflow/.local/lib/python3.7/site-packages/airflow/example_dags/tutorial_taskflow_api.py took 0.267 seconds
[2023-05-03T10:49:08.493+0000] {processor.py:156} INFO - Started process (PID=7477) to work on /home/airflow/.local/lib/python3.7/site-packages/airflow/example_dags/tutorial_taskflow_api.py
[2023-05-03T10:49:08.566+0000] {processor.py:799} INFO - Processing file /home/airflow/.local/lib/python3.7/site-packages/airflow/example_dags/tutorial_taskflow_api.py for tasks to queue
[2023-05-03T10:49:08.584+0000] {logging_mixin.py:149} INFO - [2023-05-03T10:49:08.583+0000] {dagbag.py:541} INFO - Filling up the DagBag from /home/airflow/.local/lib/python3.7/site-packages/airflow/example_dags/tutorial_taskflow_api.py
[2023-05-03T10:49:08.650+0000] {processor.py:809} INFO - DAG(s) dict_keys(['tutorial_taskflow_api']) retrieved from /home/airflow/.local/lib/python3.7/site-packages/airflow/example_dags/tutorial_taskflow_api.py
[2023-05-03T10:49:08.887+0000] {logging_mixin.py:149} INFO - [2023-05-03T10:49:08.886+0000] {dag.py:2726} INFO - Sync 1 DAGs
[2023-05-03T10:49:08.995+0000] {logging_mixin.py:149} INFO - [2023-05-03T10:49:08.995+0000] {dag.py:3490} INFO - Setting next_dagrun for tutorial_taskflow_api to None, run_after=None
[2023-05-03T10:49:09.119+0000] {processor.py:178} INFO - Processing /home/airflow/.local/lib/python3.7/site-packages/airflow/example_dags/tutorial_taskflow_api.py took 0.632 seconds
[2023-05-03T10:49:39.355+0000] {processor.py:156} INFO - Started process (PID=7714) to work on /home/airflow/.local/lib/python3.7/site-packages/airflow/example_dags/tutorial_taskflow_api.py
[2023-05-03T10:49:39.357+0000] {processor.py:799} INFO - Processing file /home/airflow/.local/lib/python3.7/site-packages/airflow/example_dags/tutorial_taskflow_api.py for tasks to queue
[2023-05-03T10:49:39.358+0000] {logging_mixin.py:149} INFO - [2023-05-03T10:49:39.358+0000] {dagbag.py:541} INFO - Filling up the DagBag from /home/airflow/.local/lib/python3.7/site-packages/airflow/example_dags/tutorial_taskflow_api.py
[2023-05-03T10:49:39.390+0000] {processor.py:809} INFO - DAG(s) dict_keys(['tutorial_taskflow_api']) retrieved from /home/airflow/.local/lib/python3.7/site-packages/airflow/example_dags/tutorial_taskflow_api.py
[2023-05-03T10:49:39.992+0000] {logging_mixin.py:149} INFO - [2023-05-03T10:49:39.990+0000] {dag.py:2726} INFO - Sync 1 DAGs
[2023-05-03T10:49:40.214+0000] {logging_mixin.py:149} INFO - [2023-05-03T10:49:40.214+0000] {dag.py:3490} INFO - Setting next_dagrun for tutorial_taskflow_api to None, run_after=None
[2023-05-03T10:49:40.370+0000] {processor.py:178} INFO - Processing /home/airflow/.local/lib/python3.7/site-packages/airflow/example_dags/tutorial_taskflow_api.py took 1.021 seconds
[2023-05-03T10:50:11.654+0000] {processor.py:156} INFO - Started process (PID=7942) to work on /home/airflow/.local/lib/python3.7/site-packages/airflow/example_dags/tutorial_taskflow_api.py
[2023-05-03T10:50:11.667+0000] {processor.py:799} INFO - Processing file /home/airflow/.local/lib/python3.7/site-packages/airflow/example_dags/tutorial_taskflow_api.py for tasks to queue
[2023-05-03T10:50:11.670+0000] {logging_mixin.py:149} INFO - [2023-05-03T10:50:11.669+0000] {dagbag.py:541} INFO - Filling up the DagBag from /home/airflow/.local/lib/python3.7/site-packages/airflow/example_dags/tutorial_taskflow_api.py
[2023-05-03T10:50:11.699+0000] {processor.py:809} INFO - DAG(s) dict_keys(['tutorial_taskflow_api']) retrieved from /home/airflow/.local/lib/python3.7/site-packages/airflow/example_dags/tutorial_taskflow_api.py
[2023-05-03T10:50:11.796+0000] {logging_mixin.py:149} INFO - [2023-05-03T10:50:11.796+0000] {dag.py:2726} INFO - Sync 1 DAGs
[2023-05-03T10:50:11.907+0000] {logging_mixin.py:149} INFO - [2023-05-03T10:50:11.907+0000] {dag.py:3490} INFO - Setting next_dagrun for tutorial_taskflow_api to None, run_after=None
[2023-05-03T10:50:11.980+0000] {processor.py:178} INFO - Processing /home/airflow/.local/lib/python3.7/site-packages/airflow/example_dags/tutorial_taskflow_api.py took 0.330 seconds
[2023-05-03T10:50:43.016+0000] {processor.py:156} INFO - Started process (PID=8179) to work on /home/airflow/.local/lib/python3.7/site-packages/airflow/example_dags/tutorial_taskflow_api.py
[2023-05-03T10:50:43.018+0000] {processor.py:799} INFO - Processing file /home/airflow/.local/lib/python3.7/site-packages/airflow/example_dags/tutorial_taskflow_api.py for tasks to queue
[2023-05-03T10:50:43.021+0000] {logging_mixin.py:149} INFO - [2023-05-03T10:50:43.021+0000] {dagbag.py:541} INFO - Filling up the DagBag from /home/airflow/.local/lib/python3.7/site-packages/airflow/example_dags/tutorial_taskflow_api.py
[2023-05-03T10:50:43.047+0000] {processor.py:809} INFO - DAG(s) dict_keys(['tutorial_taskflow_api']) retrieved from /home/airflow/.local/lib/python3.7/site-packages/airflow/example_dags/tutorial_taskflow_api.py
[2023-05-03T10:50:43.140+0000] {logging_mixin.py:149} INFO - [2023-05-03T10:50:43.139+0000] {dag.py:2726} INFO - Sync 1 DAGs
[2023-05-03T10:50:43.244+0000] {logging_mixin.py:149} INFO - [2023-05-03T10:50:43.244+0000] {dag.py:3490} INFO - Setting next_dagrun for tutorial_taskflow_api to None, run_after=None
[2023-05-03T10:50:43.329+0000] {processor.py:178} INFO - Processing /home/airflow/.local/lib/python3.7/site-packages/airflow/example_dags/tutorial_taskflow_api.py took 0.319 seconds
[2023-05-03T10:51:13.627+0000] {processor.py:156} INFO - Started process (PID=8414) to work on /home/airflow/.local/lib/python3.7/site-packages/airflow/example_dags/tutorial_taskflow_api.py
[2023-05-03T10:51:13.631+0000] {processor.py:799} INFO - Processing file /home/airflow/.local/lib/python3.7/site-packages/airflow/example_dags/tutorial_taskflow_api.py for tasks to queue
[2023-05-03T10:51:13.640+0000] {logging_mixin.py:149} INFO - [2023-05-03T10:51:13.636+0000] {dagbag.py:541} INFO - Filling up the DagBag from /home/airflow/.local/lib/python3.7/site-packages/airflow/example_dags/tutorial_taskflow_api.py
[2023-05-03T10:51:13.652+0000] {processor.py:809} INFO - DAG(s) dict_keys(['tutorial_taskflow_api']) retrieved from /home/airflow/.local/lib/python3.7/site-packages/airflow/example_dags/tutorial_taskflow_api.py
[2023-05-03T10:51:13.740+0000] {logging_mixin.py:149} INFO - [2023-05-03T10:51:13.740+0000] {dag.py:2726} INFO - Sync 1 DAGs
[2023-05-03T10:51:13.819+0000] {logging_mixin.py:149} INFO - [2023-05-03T10:51:13.819+0000] {dag.py:3490} INFO - Setting next_dagrun for tutorial_taskflow_api to None, run_after=None
[2023-05-03T10:51:13.869+0000] {processor.py:178} INFO - Processing /home/airflow/.local/lib/python3.7/site-packages/airflow/example_dags/tutorial_taskflow_api.py took 0.248 seconds
[2023-05-03T10:51:44.909+0000] {processor.py:156} INFO - Started process (PID=8648) to work on /home/airflow/.local/lib/python3.7/site-packages/airflow/example_dags/tutorial_taskflow_api.py
[2023-05-03T10:51:44.911+0000] {processor.py:799} INFO - Processing file /home/airflow/.local/lib/python3.7/site-packages/airflow/example_dags/tutorial_taskflow_api.py for tasks to queue
[2023-05-03T10:51:44.913+0000] {logging_mixin.py:149} INFO - [2023-05-03T10:51:44.913+0000] {dagbag.py:541} INFO - Filling up the DagBag from /home/airflow/.local/lib/python3.7/site-packages/airflow/example_dags/tutorial_taskflow_api.py
[2023-05-03T10:51:44.959+0000] {processor.py:809} INFO - DAG(s) dict_keys(['tutorial_taskflow_api']) retrieved from /home/airflow/.local/lib/python3.7/site-packages/airflow/example_dags/tutorial_taskflow_api.py
[2023-05-03T10:51:45.236+0000] {logging_mixin.py:149} INFO - [2023-05-03T10:51:45.236+0000] {dag.py:2726} INFO - Sync 1 DAGs
[2023-05-03T10:51:45.562+0000] {logging_mixin.py:149} INFO - [2023-05-03T10:51:45.562+0000] {dag.py:3490} INFO - Setting next_dagrun for tutorial_taskflow_api to None, run_after=None
[2023-05-03T10:51:45.726+0000] {processor.py:178} INFO - Processing /home/airflow/.local/lib/python3.7/site-packages/airflow/example_dags/tutorial_taskflow_api.py took 0.861 seconds
[2023-05-03T10:52:16.274+0000] {processor.py:156} INFO - Started process (PID=8881) to work on /home/airflow/.local/lib/python3.7/site-packages/airflow/example_dags/tutorial_taskflow_api.py
[2023-05-03T10:52:16.278+0000] {processor.py:799} INFO - Processing file /home/airflow/.local/lib/python3.7/site-packages/airflow/example_dags/tutorial_taskflow_api.py for tasks to queue
[2023-05-03T10:52:16.279+0000] {logging_mixin.py:149} INFO - [2023-05-03T10:52:16.279+0000] {dagbag.py:541} INFO - Filling up the DagBag from /home/airflow/.local/lib/python3.7/site-packages/airflow/example_dags/tutorial_taskflow_api.py
[2023-05-03T10:52:16.295+0000] {processor.py:809} INFO - DAG(s) dict_keys(['tutorial_taskflow_api']) retrieved from /home/airflow/.local/lib/python3.7/site-packages/airflow/example_dags/tutorial_taskflow_api.py
[2023-05-03T10:52:16.354+0000] {logging_mixin.py:149} INFO - [2023-05-03T10:52:16.354+0000] {dag.py:2726} INFO - Sync 1 DAGs
[2023-05-03T10:52:16.415+0000] {logging_mixin.py:149} INFO - [2023-05-03T10:52:16.415+0000] {dag.py:3490} INFO - Setting next_dagrun for tutorial_taskflow_api to None, run_after=None
[2023-05-03T10:52:16.470+0000] {processor.py:178} INFO - Processing /home/airflow/.local/lib/python3.7/site-packages/airflow/example_dags/tutorial_taskflow_api.py took 0.204 seconds
[2023-05-03T10:52:51.949+0000] {processor.py:156} INFO - Started process (PID=9110) to work on /home/airflow/.local/lib/python3.7/site-packages/airflow/example_dags/tutorial_taskflow_api.py
[2023-05-03T10:52:51.962+0000] {processor.py:799} INFO - Processing file /home/airflow/.local/lib/python3.7/site-packages/airflow/example_dags/tutorial_taskflow_api.py for tasks to queue
[2023-05-03T10:52:51.968+0000] {logging_mixin.py:149} INFO - [2023-05-03T10:52:51.968+0000] {dagbag.py:541} INFO - Filling up the DagBag from /home/airflow/.local/lib/python3.7/site-packages/airflow/example_dags/tutorial_taskflow_api.py
[2023-05-03T10:52:52.006+0000] {processor.py:809} INFO - DAG(s) dict_keys(['tutorial_taskflow_api']) retrieved from /home/airflow/.local/lib/python3.7/site-packages/airflow/example_dags/tutorial_taskflow_api.py
[2023-05-03T10:52:52.375+0000] {logging_mixin.py:149} INFO - [2023-05-03T10:52:52.374+0000] {dag.py:2726} INFO - Sync 1 DAGs
[2023-05-03T10:52:52.614+0000] {logging_mixin.py:149} INFO - [2023-05-03T10:52:52.614+0000] {dag.py:3490} INFO - Setting next_dagrun for tutorial_taskflow_api to None, run_after=None
[2023-05-03T10:52:52.746+0000] {processor.py:178} INFO - Processing /home/airflow/.local/lib/python3.7/site-packages/airflow/example_dags/tutorial_taskflow_api.py took 0.837 seconds
[2023-05-03T10:53:25.452+0000] {processor.py:156} INFO - Started process (PID=9271) to work on /home/airflow/.local/lib/python3.7/site-packages/airflow/example_dags/tutorial_taskflow_api.py
[2023-05-03T10:53:25.457+0000] {processor.py:799} INFO - Processing file /home/airflow/.local/lib/python3.7/site-packages/airflow/example_dags/tutorial_taskflow_api.py for tasks to queue
[2023-05-03T10:53:25.459+0000] {logging_mixin.py:149} INFO - [2023-05-03T10:53:25.459+0000] {dagbag.py:541} INFO - Filling up the DagBag from /home/airflow/.local/lib/python3.7/site-packages/airflow/example_dags/tutorial_taskflow_api.py
[2023-05-03T10:53:25.484+0000] {processor.py:809} INFO - DAG(s) dict_keys(['tutorial_taskflow_api']) retrieved from /home/airflow/.local/lib/python3.7/site-packages/airflow/example_dags/tutorial_taskflow_api.py
[2023-05-03T10:53:25.803+0000] {logging_mixin.py:149} INFO - [2023-05-03T10:53:25.802+0000] {dag.py:2726} INFO - Sync 1 DAGs
[2023-05-03T10:53:25.913+0000] {logging_mixin.py:149} INFO - [2023-05-03T10:53:25.913+0000] {dag.py:3490} INFO - Setting next_dagrun for tutorial_taskflow_api to None, run_after=None
[2023-05-03T10:53:26.145+0000] {processor.py:178} INFO - Processing /home/airflow/.local/lib/python3.7/site-packages/airflow/example_dags/tutorial_taskflow_api.py took 0.698 seconds
[2023-05-03T10:54:02.178+0000] {processor.py:156} INFO - Started process (PID=9509) to work on /home/airflow/.local/lib/python3.7/site-packages/airflow/example_dags/tutorial_taskflow_api.py
[2023-05-03T10:54:02.182+0000] {processor.py:799} INFO - Processing file /home/airflow/.local/lib/python3.7/site-packages/airflow/example_dags/tutorial_taskflow_api.py for tasks to queue
[2023-05-03T10:54:02.186+0000] {logging_mixin.py:149} INFO - [2023-05-03T10:54:02.186+0000] {dagbag.py:541} INFO - Filling up the DagBag from /home/airflow/.local/lib/python3.7/site-packages/airflow/example_dags/tutorial_taskflow_api.py
[2023-05-03T10:54:02.223+0000] {processor.py:809} INFO - DAG(s) dict_keys(['tutorial_taskflow_api']) retrieved from /home/airflow/.local/lib/python3.7/site-packages/airflow/example_dags/tutorial_taskflow_api.py
[2023-05-03T10:54:02.745+0000] {logging_mixin.py:149} INFO - [2023-05-03T10:54:02.745+0000] {dag.py:2726} INFO - Sync 1 DAGs
[2023-05-03T10:54:02.875+0000] {logging_mixin.py:149} INFO - [2023-05-03T10:54:02.874+0000] {dag.py:3490} INFO - Setting next_dagrun for tutorial_taskflow_api to None, run_after=None
[2023-05-03T10:54:03.010+0000] {processor.py:178} INFO - Processing /home/airflow/.local/lib/python3.7/site-packages/airflow/example_dags/tutorial_taskflow_api.py took 0.867 seconds
[2023-05-03T10:54:33.265+0000] {processor.py:156} INFO - Started process (PID=9743) to work on /home/airflow/.local/lib/python3.7/site-packages/airflow/example_dags/tutorial_taskflow_api.py
[2023-05-03T10:54:33.267+0000] {processor.py:799} INFO - Processing file /home/airflow/.local/lib/python3.7/site-packages/airflow/example_dags/tutorial_taskflow_api.py for tasks to queue
[2023-05-03T10:54:33.269+0000] {logging_mixin.py:149} INFO - [2023-05-03T10:54:33.269+0000] {dagbag.py:541} INFO - Filling up the DagBag from /home/airflow/.local/lib/python3.7/site-packages/airflow/example_dags/tutorial_taskflow_api.py
[2023-05-03T10:54:33.290+0000] {processor.py:809} INFO - DAG(s) dict_keys(['tutorial_taskflow_api']) retrieved from /home/airflow/.local/lib/python3.7/site-packages/airflow/example_dags/tutorial_taskflow_api.py
[2023-05-03T10:54:33.441+0000] {logging_mixin.py:149} INFO - [2023-05-03T10:54:33.440+0000] {dag.py:2726} INFO - Sync 1 DAGs
[2023-05-03T10:54:33.540+0000] {logging_mixin.py:149} INFO - [2023-05-03T10:54:33.540+0000] {dag.py:3490} INFO - Setting next_dagrun for tutorial_taskflow_api to None, run_after=None
[2023-05-03T10:54:33.626+0000] {processor.py:178} INFO - Processing /home/airflow/.local/lib/python3.7/site-packages/airflow/example_dags/tutorial_taskflow_api.py took 0.374 seconds
[2023-05-03T10:58:26.994+0000] {processor.py:156} INFO - Started process (PID=9982) to work on /home/airflow/.local/lib/python3.7/site-packages/airflow/example_dags/tutorial_taskflow_api.py
[2023-05-03T10:58:26.997+0000] {processor.py:799} INFO - Processing file /home/airflow/.local/lib/python3.7/site-packages/airflow/example_dags/tutorial_taskflow_api.py for tasks to queue
[2023-05-03T10:58:27.002+0000] {logging_mixin.py:149} INFO - [2023-05-03T10:58:27.002+0000] {dagbag.py:541} INFO - Filling up the DagBag from /home/airflow/.local/lib/python3.7/site-packages/airflow/example_dags/tutorial_taskflow_api.py
[2023-05-03T10:58:27.061+0000] {processor.py:809} INFO - DAG(s) dict_keys(['tutorial_taskflow_api']) retrieved from /home/airflow/.local/lib/python3.7/site-packages/airflow/example_dags/tutorial_taskflow_api.py
[2023-05-03T10:58:28.433+0000] {logging_mixin.py:149} INFO - [2023-05-03T10:58:28.409+0000] {dag.py:2726} INFO - Sync 1 DAGs
[2023-05-03T10:58:28.597+0000] {logging_mixin.py:149} INFO - [2023-05-03T10:58:28.597+0000] {dag.py:3490} INFO - Setting next_dagrun for tutorial_taskflow_api to None, run_after=None
[2023-05-03T10:58:29.027+0000] {processor.py:178} INFO - Processing /home/airflow/.local/lib/python3.7/site-packages/airflow/example_dags/tutorial_taskflow_api.py took 2.064 seconds
