[2023-05-03T09:31:23.848+0000] {processor.py:156} INFO - Started process (PID=273) to work on /home/airflow/.local/lib/python3.7/site-packages/airflow/example_dags/tutorial_dag.py
[2023-05-03T09:31:23.851+0000] {processor.py:799} INFO - Processing file /home/airflow/.local/lib/python3.7/site-packages/airflow/example_dags/tutorial_dag.py for tasks to queue
[2023-05-03T09:31:23.852+0000] {logging_mixin.py:149} INFO - [2023-05-03T09:31:23.852+0000] {dagbag.py:541} INFO - Filling up the DagBag from /home/airflow/.local/lib/python3.7/site-packages/airflow/example_dags/tutorial_dag.py
[2023-05-03T09:31:23.871+0000] {processor.py:809} INFO - DAG(s) dict_keys(['tutorial_dag']) retrieved from /home/airflow/.local/lib/python3.7/site-packages/airflow/example_dags/tutorial_dag.py
[2023-05-03T09:31:23.924+0000] {logging_mixin.py:149} INFO - [2023-05-03T09:31:23.924+0000] {dag.py:2726} INFO - Sync 1 DAGs
[2023-05-03T09:31:23.978+0000] {logging_mixin.py:149} INFO - [2023-05-03T09:31:23.977+0000] {dag.py:3490} INFO - Setting next_dagrun for tutorial_dag to None, run_after=None
[2023-05-03T09:31:24.014+0000] {processor.py:178} INFO - Processing /home/airflow/.local/lib/python3.7/site-packages/airflow/example_dags/tutorial_dag.py took 0.171 seconds
[2023-05-03T09:32:06.978+0000] {processor.py:156} INFO - Started process (PID=507) to work on /home/airflow/.local/lib/python3.7/site-packages/airflow/example_dags/tutorial_dag.py
[2023-05-03T09:32:06.981+0000] {processor.py:799} INFO - Processing file /home/airflow/.local/lib/python3.7/site-packages/airflow/example_dags/tutorial_dag.py for tasks to queue
[2023-05-03T09:32:06.986+0000] {logging_mixin.py:149} INFO - [2023-05-03T09:32:06.985+0000] {dagbag.py:541} INFO - Filling up the DagBag from /home/airflow/.local/lib/python3.7/site-packages/airflow/example_dags/tutorial_dag.py
[2023-05-03T09:32:06.998+0000] {processor.py:809} INFO - DAG(s) dict_keys(['tutorial_dag']) retrieved from /home/airflow/.local/lib/python3.7/site-packages/airflow/example_dags/tutorial_dag.py
[2023-05-03T09:32:07.073+0000] {logging_mixin.py:149} INFO - [2023-05-03T09:32:07.073+0000] {dag.py:2726} INFO - Sync 1 DAGs
[2023-05-03T09:32:07.405+0000] {logging_mixin.py:149} INFO - [2023-05-03T09:32:07.404+0000] {dag.py:3490} INFO - Setting next_dagrun for tutorial_dag to None, run_after=None
[2023-05-03T09:32:07.465+0000] {processor.py:178} INFO - Processing /home/airflow/.local/lib/python3.7/site-packages/airflow/example_dags/tutorial_dag.py took 0.492 seconds
[2023-05-03T09:32:40.516+0000] {processor.py:156} INFO - Started process (PID=745) to work on /home/airflow/.local/lib/python3.7/site-packages/airflow/example_dags/tutorial_dag.py
[2023-05-03T09:32:40.518+0000] {processor.py:799} INFO - Processing file /home/airflow/.local/lib/python3.7/site-packages/airflow/example_dags/tutorial_dag.py for tasks to queue
[2023-05-03T09:32:40.520+0000] {logging_mixin.py:149} INFO - [2023-05-03T09:32:40.519+0000] {dagbag.py:541} INFO - Filling up the DagBag from /home/airflow/.local/lib/python3.7/site-packages/airflow/example_dags/tutorial_dag.py
[2023-05-03T09:32:40.527+0000] {processor.py:809} INFO - DAG(s) dict_keys(['tutorial_dag']) retrieved from /home/airflow/.local/lib/python3.7/site-packages/airflow/example_dags/tutorial_dag.py
[2023-05-03T09:32:40.566+0000] {logging_mixin.py:149} INFO - [2023-05-03T09:32:40.566+0000] {dag.py:2726} INFO - Sync 1 DAGs
[2023-05-03T09:32:40.611+0000] {logging_mixin.py:149} INFO - [2023-05-03T09:32:40.611+0000] {dag.py:3490} INFO - Setting next_dagrun for tutorial_dag to None, run_after=None
[2023-05-03T09:32:40.652+0000] {processor.py:178} INFO - Processing /home/airflow/.local/lib/python3.7/site-packages/airflow/example_dags/tutorial_dag.py took 0.141 seconds
[2023-05-03T09:33:30.058+0000] {processor.py:156} INFO - Started process (PID=970) to work on /home/airflow/.local/lib/python3.7/site-packages/airflow/example_dags/tutorial_dag.py
[2023-05-03T09:33:30.082+0000] {processor.py:799} INFO - Processing file /home/airflow/.local/lib/python3.7/site-packages/airflow/example_dags/tutorial_dag.py for tasks to queue
[2023-05-03T09:33:30.086+0000] {logging_mixin.py:149} INFO - [2023-05-03T09:33:30.086+0000] {dagbag.py:541} INFO - Filling up the DagBag from /home/airflow/.local/lib/python3.7/site-packages/airflow/example_dags/tutorial_dag.py
[2023-05-03T09:33:30.102+0000] {processor.py:809} INFO - DAG(s) dict_keys(['tutorial_dag']) retrieved from /home/airflow/.local/lib/python3.7/site-packages/airflow/example_dags/tutorial_dag.py
[2023-05-03T09:33:30.348+0000] {logging_mixin.py:149} INFO - [2023-05-03T09:33:30.345+0000] {dag.py:2726} INFO - Sync 1 DAGs
[2023-05-03T09:33:30.492+0000] {logging_mixin.py:149} INFO - [2023-05-03T09:33:30.491+0000] {dag.py:3490} INFO - Setting next_dagrun for tutorial_dag to None, run_after=None
[2023-05-03T09:33:30.640+0000] {processor.py:178} INFO - Processing /home/airflow/.local/lib/python3.7/site-packages/airflow/example_dags/tutorial_dag.py took 0.591 seconds
[2023-05-03T09:34:04.106+0000] {processor.py:156} INFO - Started process (PID=1205) to work on /home/airflow/.local/lib/python3.7/site-packages/airflow/example_dags/tutorial_dag.py
[2023-05-03T09:34:04.112+0000] {processor.py:799} INFO - Processing file /home/airflow/.local/lib/python3.7/site-packages/airflow/example_dags/tutorial_dag.py for tasks to queue
[2023-05-03T09:34:04.121+0000] {logging_mixin.py:149} INFO - [2023-05-03T09:34:04.117+0000] {dagbag.py:541} INFO - Filling up the DagBag from /home/airflow/.local/lib/python3.7/site-packages/airflow/example_dags/tutorial_dag.py
[2023-05-03T09:34:04.141+0000] {processor.py:809} INFO - DAG(s) dict_keys(['tutorial_dag']) retrieved from /home/airflow/.local/lib/python3.7/site-packages/airflow/example_dags/tutorial_dag.py
[2023-05-03T09:34:04.286+0000] {logging_mixin.py:149} INFO - [2023-05-03T09:34:04.286+0000] {dag.py:2726} INFO - Sync 1 DAGs
[2023-05-03T09:34:04.361+0000] {logging_mixin.py:149} INFO - [2023-05-03T09:34:04.358+0000] {dag.py:3490} INFO - Setting next_dagrun for tutorial_dag to None, run_after=None
[2023-05-03T09:34:04.456+0000] {processor.py:178} INFO - Processing /home/airflow/.local/lib/python3.7/site-packages/airflow/example_dags/tutorial_dag.py took 0.355 seconds
[2023-05-03T09:34:35.654+0000] {processor.py:156} INFO - Started process (PID=1441) to work on /home/airflow/.local/lib/python3.7/site-packages/airflow/example_dags/tutorial_dag.py
[2023-05-03T09:34:35.659+0000] {processor.py:799} INFO - Processing file /home/airflow/.local/lib/python3.7/site-packages/airflow/example_dags/tutorial_dag.py for tasks to queue
[2023-05-03T09:34:35.663+0000] {logging_mixin.py:149} INFO - [2023-05-03T09:34:35.662+0000] {dagbag.py:541} INFO - Filling up the DagBag from /home/airflow/.local/lib/python3.7/site-packages/airflow/example_dags/tutorial_dag.py
[2023-05-03T09:34:35.681+0000] {processor.py:809} INFO - DAG(s) dict_keys(['tutorial_dag']) retrieved from /home/airflow/.local/lib/python3.7/site-packages/airflow/example_dags/tutorial_dag.py
[2023-05-03T09:34:35.775+0000] {logging_mixin.py:149} INFO - [2023-05-03T09:34:35.774+0000] {dag.py:2726} INFO - Sync 1 DAGs
[2023-05-03T09:34:35.841+0000] {logging_mixin.py:149} INFO - [2023-05-03T09:34:35.840+0000] {dag.py:3490} INFO - Setting next_dagrun for tutorial_dag to None, run_after=None
[2023-05-03T09:34:35.877+0000] {processor.py:178} INFO - Processing /home/airflow/.local/lib/python3.7/site-packages/airflow/example_dags/tutorial_dag.py took 0.235 seconds
[2023-05-03T09:35:07.049+0000] {processor.py:156} INFO - Started process (PID=1677) to work on /home/airflow/.local/lib/python3.7/site-packages/airflow/example_dags/tutorial_dag.py
[2023-05-03T09:35:07.051+0000] {processor.py:799} INFO - Processing file /home/airflow/.local/lib/python3.7/site-packages/airflow/example_dags/tutorial_dag.py for tasks to queue
[2023-05-03T09:35:07.054+0000] {logging_mixin.py:149} INFO - [2023-05-03T09:35:07.054+0000] {dagbag.py:541} INFO - Filling up the DagBag from /home/airflow/.local/lib/python3.7/site-packages/airflow/example_dags/tutorial_dag.py
[2023-05-03T09:35:07.068+0000] {processor.py:809} INFO - DAG(s) dict_keys(['tutorial_dag']) retrieved from /home/airflow/.local/lib/python3.7/site-packages/airflow/example_dags/tutorial_dag.py
[2023-05-03T09:35:07.131+0000] {logging_mixin.py:149} INFO - [2023-05-03T09:35:07.130+0000] {dag.py:2726} INFO - Sync 1 DAGs
[2023-05-03T09:35:07.193+0000] {logging_mixin.py:149} INFO - [2023-05-03T09:35:07.192+0000] {dag.py:3490} INFO - Setting next_dagrun for tutorial_dag to None, run_after=None
[2023-05-03T09:35:07.236+0000] {processor.py:178} INFO - Processing /home/airflow/.local/lib/python3.7/site-packages/airflow/example_dags/tutorial_dag.py took 0.192 seconds
[2023-05-03T09:35:45.655+0000] {processor.py:156} INFO - Started process (PID=1908) to work on /home/airflow/.local/lib/python3.7/site-packages/airflow/example_dags/tutorial_dag.py
[2023-05-03T09:35:45.660+0000] {processor.py:799} INFO - Processing file /home/airflow/.local/lib/python3.7/site-packages/airflow/example_dags/tutorial_dag.py for tasks to queue
[2023-05-03T09:35:45.665+0000] {logging_mixin.py:149} INFO - [2023-05-03T09:35:45.664+0000] {dagbag.py:541} INFO - Filling up the DagBag from /home/airflow/.local/lib/python3.7/site-packages/airflow/example_dags/tutorial_dag.py
[2023-05-03T09:35:45.685+0000] {processor.py:809} INFO - DAG(s) dict_keys(['tutorial_dag']) retrieved from /home/airflow/.local/lib/python3.7/site-packages/airflow/example_dags/tutorial_dag.py
[2023-05-03T09:35:45.800+0000] {logging_mixin.py:149} INFO - [2023-05-03T09:35:45.799+0000] {dag.py:2726} INFO - Sync 1 DAGs
[2023-05-03T09:35:45.881+0000] {logging_mixin.py:149} INFO - [2023-05-03T09:35:45.881+0000] {dag.py:3490} INFO - Setting next_dagrun for tutorial_dag to None, run_after=None
[2023-05-03T09:35:46.004+0000] {processor.py:178} INFO - Processing /home/airflow/.local/lib/python3.7/site-packages/airflow/example_dags/tutorial_dag.py took 0.362 seconds
[2023-05-03T09:36:19.782+0000] {processor.py:156} INFO - Started process (PID=2170) to work on /home/airflow/.local/lib/python3.7/site-packages/airflow/example_dags/tutorial_dag.py
[2023-05-03T09:36:19.791+0000] {processor.py:799} INFO - Processing file /home/airflow/.local/lib/python3.7/site-packages/airflow/example_dags/tutorial_dag.py for tasks to queue
[2023-05-03T09:36:19.794+0000] {logging_mixin.py:149} INFO - [2023-05-03T09:36:19.794+0000] {dagbag.py:541} INFO - Filling up the DagBag from /home/airflow/.local/lib/python3.7/site-packages/airflow/example_dags/tutorial_dag.py
[2023-05-03T09:36:19.808+0000] {processor.py:809} INFO - DAG(s) dict_keys(['tutorial_dag']) retrieved from /home/airflow/.local/lib/python3.7/site-packages/airflow/example_dags/tutorial_dag.py
[2023-05-03T09:36:19.869+0000] {logging_mixin.py:149} INFO - [2023-05-03T09:36:19.869+0000] {dag.py:2726} INFO - Sync 1 DAGs
[2023-05-03T09:36:19.930+0000] {logging_mixin.py:149} INFO - [2023-05-03T09:36:19.929+0000] {dag.py:3490} INFO - Setting next_dagrun for tutorial_dag to None, run_after=None
[2023-05-03T09:36:19.973+0000] {processor.py:178} INFO - Processing /home/airflow/.local/lib/python3.7/site-packages/airflow/example_dags/tutorial_dag.py took 0.195 seconds
[2023-05-03T09:36:51.253+0000] {processor.py:156} INFO - Started process (PID=2406) to work on /home/airflow/.local/lib/python3.7/site-packages/airflow/example_dags/tutorial_dag.py
[2023-05-03T09:36:51.256+0000] {processor.py:799} INFO - Processing file /home/airflow/.local/lib/python3.7/site-packages/airflow/example_dags/tutorial_dag.py for tasks to queue
[2023-05-03T09:36:51.258+0000] {logging_mixin.py:149} INFO - [2023-05-03T09:36:51.258+0000] {dagbag.py:541} INFO - Filling up the DagBag from /home/airflow/.local/lib/python3.7/site-packages/airflow/example_dags/tutorial_dag.py
[2023-05-03T09:36:51.269+0000] {processor.py:809} INFO - DAG(s) dict_keys(['tutorial_dag']) retrieved from /home/airflow/.local/lib/python3.7/site-packages/airflow/example_dags/tutorial_dag.py
[2023-05-03T09:36:51.341+0000] {logging_mixin.py:149} INFO - [2023-05-03T09:36:51.340+0000] {dag.py:2726} INFO - Sync 1 DAGs
[2023-05-03T09:36:51.403+0000] {logging_mixin.py:149} INFO - [2023-05-03T09:36:51.403+0000] {dag.py:3490} INFO - Setting next_dagrun for tutorial_dag to None, run_after=None
[2023-05-03T09:36:51.448+0000] {processor.py:178} INFO - Processing /home/airflow/.local/lib/python3.7/site-packages/airflow/example_dags/tutorial_dag.py took 0.199 seconds
[2023-05-03T09:37:24.132+0000] {processor.py:156} INFO - Started process (PID=2666) to work on /home/airflow/.local/lib/python3.7/site-packages/airflow/example_dags/tutorial_dag.py
[2023-05-03T09:37:24.136+0000] {processor.py:799} INFO - Processing file /home/airflow/.local/lib/python3.7/site-packages/airflow/example_dags/tutorial_dag.py for tasks to queue
[2023-05-03T09:37:24.139+0000] {logging_mixin.py:149} INFO - [2023-05-03T09:37:24.139+0000] {dagbag.py:541} INFO - Filling up the DagBag from /home/airflow/.local/lib/python3.7/site-packages/airflow/example_dags/tutorial_dag.py
[2023-05-03T09:37:24.158+0000] {processor.py:809} INFO - DAG(s) dict_keys(['tutorial_dag']) retrieved from /home/airflow/.local/lib/python3.7/site-packages/airflow/example_dags/tutorial_dag.py
[2023-05-03T09:37:24.246+0000] {logging_mixin.py:149} INFO - [2023-05-03T09:37:24.245+0000] {dag.py:2726} INFO - Sync 1 DAGs
[2023-05-03T09:37:24.306+0000] {logging_mixin.py:149} INFO - [2023-05-03T09:37:24.302+0000] {dag.py:3490} INFO - Setting next_dagrun for tutorial_dag to None, run_after=None
[2023-05-03T09:37:24.442+0000] {processor.py:178} INFO - Processing /home/airflow/.local/lib/python3.7/site-packages/airflow/example_dags/tutorial_dag.py took 0.314 seconds
[2023-05-03T09:37:59.328+0000] {processor.py:156} INFO - Started process (PID=2919) to work on /home/airflow/.local/lib/python3.7/site-packages/airflow/example_dags/tutorial_dag.py
[2023-05-03T09:37:59.331+0000] {processor.py:799} INFO - Processing file /home/airflow/.local/lib/python3.7/site-packages/airflow/example_dags/tutorial_dag.py for tasks to queue
[2023-05-03T09:37:59.333+0000] {logging_mixin.py:149} INFO - [2023-05-03T09:37:59.332+0000] {dagbag.py:541} INFO - Filling up the DagBag from /home/airflow/.local/lib/python3.7/site-packages/airflow/example_dags/tutorial_dag.py
[2023-05-03T09:37:59.343+0000] {processor.py:809} INFO - DAG(s) dict_keys(['tutorial_dag']) retrieved from /home/airflow/.local/lib/python3.7/site-packages/airflow/example_dags/tutorial_dag.py
[2023-05-03T09:37:59.382+0000] {logging_mixin.py:149} INFO - [2023-05-03T09:37:59.382+0000] {dag.py:2726} INFO - Sync 1 DAGs
[2023-05-03T09:37:59.432+0000] {logging_mixin.py:149} INFO - [2023-05-03T09:37:59.429+0000] {dag.py:3490} INFO - Setting next_dagrun for tutorial_dag to None, run_after=None
[2023-05-03T09:37:59.486+0000] {processor.py:178} INFO - Processing /home/airflow/.local/lib/python3.7/site-packages/airflow/example_dags/tutorial_dag.py took 0.163 seconds
[2023-05-03T09:38:33.301+0000] {processor.py:156} INFO - Started process (PID=3155) to work on /home/airflow/.local/lib/python3.7/site-packages/airflow/example_dags/tutorial_dag.py
[2023-05-03T09:38:33.311+0000] {processor.py:799} INFO - Processing file /home/airflow/.local/lib/python3.7/site-packages/airflow/example_dags/tutorial_dag.py for tasks to queue
[2023-05-03T09:38:33.314+0000] {logging_mixin.py:149} INFO - [2023-05-03T09:38:33.314+0000] {dagbag.py:541} INFO - Filling up the DagBag from /home/airflow/.local/lib/python3.7/site-packages/airflow/example_dags/tutorial_dag.py
[2023-05-03T09:38:33.332+0000] {processor.py:809} INFO - DAG(s) dict_keys(['tutorial_dag']) retrieved from /home/airflow/.local/lib/python3.7/site-packages/airflow/example_dags/tutorial_dag.py
[2023-05-03T09:38:33.382+0000] {logging_mixin.py:149} INFO - [2023-05-03T09:38:33.381+0000] {dag.py:2726} INFO - Sync 1 DAGs
[2023-05-03T09:38:33.431+0000] {logging_mixin.py:149} INFO - [2023-05-03T09:38:33.431+0000] {dag.py:3490} INFO - Setting next_dagrun for tutorial_dag to None, run_after=None
[2023-05-03T09:38:33.528+0000] {processor.py:178} INFO - Processing /home/airflow/.local/lib/python3.7/site-packages/airflow/example_dags/tutorial_dag.py took 0.233 seconds
[2023-05-03T09:39:04.502+0000] {processor.py:156} INFO - Started process (PID=3391) to work on /home/airflow/.local/lib/python3.7/site-packages/airflow/example_dags/tutorial_dag.py
[2023-05-03T09:39:04.508+0000] {processor.py:799} INFO - Processing file /home/airflow/.local/lib/python3.7/site-packages/airflow/example_dags/tutorial_dag.py for tasks to queue
[2023-05-03T09:39:04.509+0000] {logging_mixin.py:149} INFO - [2023-05-03T09:39:04.509+0000] {dagbag.py:541} INFO - Filling up the DagBag from /home/airflow/.local/lib/python3.7/site-packages/airflow/example_dags/tutorial_dag.py
[2023-05-03T09:39:04.518+0000] {processor.py:809} INFO - DAG(s) dict_keys(['tutorial_dag']) retrieved from /home/airflow/.local/lib/python3.7/site-packages/airflow/example_dags/tutorial_dag.py
[2023-05-03T09:39:04.570+0000] {logging_mixin.py:149} INFO - [2023-05-03T09:39:04.569+0000] {dag.py:2726} INFO - Sync 1 DAGs
[2023-05-03T09:39:04.612+0000] {logging_mixin.py:149} INFO - [2023-05-03T09:39:04.612+0000] {dag.py:3490} INFO - Setting next_dagrun for tutorial_dag to None, run_after=None
[2023-05-03T09:39:04.665+0000] {processor.py:178} INFO - Processing /home/airflow/.local/lib/python3.7/site-packages/airflow/example_dags/tutorial_dag.py took 0.168 seconds
[2023-05-03T09:39:36.365+0000] {processor.py:156} INFO - Started process (PID=3628) to work on /home/airflow/.local/lib/python3.7/site-packages/airflow/example_dags/tutorial_dag.py
[2023-05-03T09:39:36.367+0000] {processor.py:799} INFO - Processing file /home/airflow/.local/lib/python3.7/site-packages/airflow/example_dags/tutorial_dag.py for tasks to queue
[2023-05-03T09:39:36.369+0000] {logging_mixin.py:149} INFO - [2023-05-03T09:39:36.369+0000] {dagbag.py:541} INFO - Filling up the DagBag from /home/airflow/.local/lib/python3.7/site-packages/airflow/example_dags/tutorial_dag.py
[2023-05-03T09:39:36.382+0000] {processor.py:809} INFO - DAG(s) dict_keys(['tutorial_dag']) retrieved from /home/airflow/.local/lib/python3.7/site-packages/airflow/example_dags/tutorial_dag.py
[2023-05-03T09:39:36.435+0000] {logging_mixin.py:149} INFO - [2023-05-03T09:39:36.435+0000] {dag.py:2726} INFO - Sync 1 DAGs
[2023-05-03T09:39:36.491+0000] {logging_mixin.py:149} INFO - [2023-05-03T09:39:36.491+0000] {dag.py:3490} INFO - Setting next_dagrun for tutorial_dag to None, run_after=None
[2023-05-03T09:39:36.540+0000] {processor.py:178} INFO - Processing /home/airflow/.local/lib/python3.7/site-packages/airflow/example_dags/tutorial_dag.py took 0.180 seconds
[2023-05-03T09:40:07.416+0000] {processor.py:156} INFO - Started process (PID=3866) to work on /home/airflow/.local/lib/python3.7/site-packages/airflow/example_dags/tutorial_dag.py
[2023-05-03T09:40:07.418+0000] {processor.py:799} INFO - Processing file /home/airflow/.local/lib/python3.7/site-packages/airflow/example_dags/tutorial_dag.py for tasks to queue
[2023-05-03T09:40:07.420+0000] {logging_mixin.py:149} INFO - [2023-05-03T09:40:07.420+0000] {dagbag.py:541} INFO - Filling up the DagBag from /home/airflow/.local/lib/python3.7/site-packages/airflow/example_dags/tutorial_dag.py
[2023-05-03T09:40:07.426+0000] {processor.py:809} INFO - DAG(s) dict_keys(['tutorial_dag']) retrieved from /home/airflow/.local/lib/python3.7/site-packages/airflow/example_dags/tutorial_dag.py
[2023-05-03T09:40:07.460+0000] {logging_mixin.py:149} INFO - [2023-05-03T09:40:07.460+0000] {dag.py:2726} INFO - Sync 1 DAGs
[2023-05-03T09:40:07.491+0000] {logging_mixin.py:149} INFO - [2023-05-03T09:40:07.491+0000] {dag.py:3490} INFO - Setting next_dagrun for tutorial_dag to None, run_after=None
[2023-05-03T09:40:07.522+0000] {processor.py:178} INFO - Processing /home/airflow/.local/lib/python3.7/site-packages/airflow/example_dags/tutorial_dag.py took 0.109 seconds
[2023-05-03T09:40:38.429+0000] {processor.py:156} INFO - Started process (PID=4100) to work on /home/airflow/.local/lib/python3.7/site-packages/airflow/example_dags/tutorial_dag.py
[2023-05-03T09:40:38.432+0000] {processor.py:799} INFO - Processing file /home/airflow/.local/lib/python3.7/site-packages/airflow/example_dags/tutorial_dag.py for tasks to queue
[2023-05-03T09:40:38.434+0000] {logging_mixin.py:149} INFO - [2023-05-03T09:40:38.434+0000] {dagbag.py:541} INFO - Filling up the DagBag from /home/airflow/.local/lib/python3.7/site-packages/airflow/example_dags/tutorial_dag.py
[2023-05-03T09:40:38.441+0000] {processor.py:809} INFO - DAG(s) dict_keys(['tutorial_dag']) retrieved from /home/airflow/.local/lib/python3.7/site-packages/airflow/example_dags/tutorial_dag.py
[2023-05-03T09:40:38.499+0000] {logging_mixin.py:149} INFO - [2023-05-03T09:40:38.498+0000] {dag.py:2726} INFO - Sync 1 DAGs
[2023-05-03T09:40:38.550+0000] {logging_mixin.py:149} INFO - [2023-05-03T09:40:38.550+0000] {dag.py:3490} INFO - Setting next_dagrun for tutorial_dag to None, run_after=None
[2023-05-03T09:40:38.587+0000] {processor.py:178} INFO - Processing /home/airflow/.local/lib/python3.7/site-packages/airflow/example_dags/tutorial_dag.py took 0.162 seconds
[2023-05-03T09:41:09.214+0000] {processor.py:156} INFO - Started process (PID=4338) to work on /home/airflow/.local/lib/python3.7/site-packages/airflow/example_dags/tutorial_dag.py
[2023-05-03T09:41:09.215+0000] {processor.py:799} INFO - Processing file /home/airflow/.local/lib/python3.7/site-packages/airflow/example_dags/tutorial_dag.py for tasks to queue
[2023-05-03T09:41:09.217+0000] {logging_mixin.py:149} INFO - [2023-05-03T09:41:09.217+0000] {dagbag.py:541} INFO - Filling up the DagBag from /home/airflow/.local/lib/python3.7/site-packages/airflow/example_dags/tutorial_dag.py
[2023-05-03T09:41:09.223+0000] {processor.py:809} INFO - DAG(s) dict_keys(['tutorial_dag']) retrieved from /home/airflow/.local/lib/python3.7/site-packages/airflow/example_dags/tutorial_dag.py
[2023-05-03T09:41:09.254+0000] {logging_mixin.py:149} INFO - [2023-05-03T09:41:09.253+0000] {dag.py:2726} INFO - Sync 1 DAGs
[2023-05-03T09:41:09.285+0000] {logging_mixin.py:149} INFO - [2023-05-03T09:41:09.285+0000] {dag.py:3490} INFO - Setting next_dagrun for tutorial_dag to None, run_after=None
[2023-05-03T09:41:09.315+0000] {processor.py:178} INFO - Processing /home/airflow/.local/lib/python3.7/site-packages/airflow/example_dags/tutorial_dag.py took 0.105 seconds
[2023-05-03T09:41:40.949+0000] {processor.py:156} INFO - Started process (PID=4582) to work on /home/airflow/.local/lib/python3.7/site-packages/airflow/example_dags/tutorial_dag.py
[2023-05-03T09:41:40.951+0000] {processor.py:799} INFO - Processing file /home/airflow/.local/lib/python3.7/site-packages/airflow/example_dags/tutorial_dag.py for tasks to queue
[2023-05-03T09:41:40.953+0000] {logging_mixin.py:149} INFO - [2023-05-03T09:41:40.952+0000] {dagbag.py:541} INFO - Filling up the DagBag from /home/airflow/.local/lib/python3.7/site-packages/airflow/example_dags/tutorial_dag.py
[2023-05-03T09:41:40.961+0000] {processor.py:809} INFO - DAG(s) dict_keys(['tutorial_dag']) retrieved from /home/airflow/.local/lib/python3.7/site-packages/airflow/example_dags/tutorial_dag.py
[2023-05-03T09:41:41.004+0000] {logging_mixin.py:149} INFO - [2023-05-03T09:41:41.004+0000] {dag.py:2726} INFO - Sync 1 DAGs
[2023-05-03T09:41:41.052+0000] {logging_mixin.py:149} INFO - [2023-05-03T09:41:41.052+0000] {dag.py:3490} INFO - Setting next_dagrun for tutorial_dag to None, run_after=None
[2023-05-03T09:41:41.109+0000] {processor.py:178} INFO - Processing /home/airflow/.local/lib/python3.7/site-packages/airflow/example_dags/tutorial_dag.py took 0.165 seconds
[2023-05-03T09:44:51.294+0000] {processor.py:156} INFO - Started process (PID=272) to work on /home/airflow/.local/lib/python3.7/site-packages/airflow/example_dags/tutorial_dag.py
[2023-05-03T09:44:51.298+0000] {processor.py:799} INFO - Processing file /home/airflow/.local/lib/python3.7/site-packages/airflow/example_dags/tutorial_dag.py for tasks to queue
[2023-05-03T09:44:51.305+0000] {logging_mixin.py:149} INFO - [2023-05-03T09:44:51.300+0000] {dagbag.py:541} INFO - Filling up the DagBag from /home/airflow/.local/lib/python3.7/site-packages/airflow/example_dags/tutorial_dag.py
[2023-05-03T09:44:51.328+0000] {processor.py:809} INFO - DAG(s) dict_keys(['tutorial_dag']) retrieved from /home/airflow/.local/lib/python3.7/site-packages/airflow/example_dags/tutorial_dag.py
[2023-05-03T09:44:51.438+0000] {logging_mixin.py:149} INFO - [2023-05-03T09:44:51.438+0000] {dag.py:2726} INFO - Sync 1 DAGs
[2023-05-03T09:44:51.557+0000] {logging_mixin.py:149} INFO - [2023-05-03T09:44:51.557+0000] {dag.py:3490} INFO - Setting next_dagrun for tutorial_dag to None, run_after=None
[2023-05-03T09:44:51.625+0000] {processor.py:178} INFO - Processing /home/airflow/.local/lib/python3.7/site-packages/airflow/example_dags/tutorial_dag.py took 0.336 seconds
[2023-05-03T09:46:16.197+0000] {processor.py:156} INFO - Started process (PID=514) to work on /home/airflow/.local/lib/python3.7/site-packages/airflow/example_dags/tutorial_dag.py
[2023-05-03T09:46:16.259+0000] {processor.py:799} INFO - Processing file /home/airflow/.local/lib/python3.7/site-packages/airflow/example_dags/tutorial_dag.py for tasks to queue
[2023-05-03T09:46:16.296+0000] {logging_mixin.py:149} INFO - [2023-05-03T09:46:16.295+0000] {dagbag.py:541} INFO - Filling up the DagBag from /home/airflow/.local/lib/python3.7/site-packages/airflow/example_dags/tutorial_dag.py
[2023-05-03T09:46:16.393+0000] {processor.py:809} INFO - DAG(s) dict_keys(['tutorial_dag']) retrieved from /home/airflow/.local/lib/python3.7/site-packages/airflow/example_dags/tutorial_dag.py
[2023-05-03T09:46:17.061+0000] {logging_mixin.py:149} INFO - [2023-05-03T09:46:17.060+0000] {dag.py:2726} INFO - Sync 1 DAGs
[2023-05-03T09:46:17.662+0000] {logging_mixin.py:149} INFO - [2023-05-03T09:46:17.662+0000] {dag.py:3490} INFO - Setting next_dagrun for tutorial_dag to None, run_after=None
[2023-05-03T09:46:18.081+0000] {processor.py:178} INFO - Processing /home/airflow/.local/lib/python3.7/site-packages/airflow/example_dags/tutorial_dag.py took 1.906 seconds
[2023-05-03T09:47:34.887+0000] {processor.py:156} INFO - Started process (PID=834) to work on /home/airflow/.local/lib/python3.7/site-packages/airflow/example_dags/tutorial_dag.py
[2023-05-03T09:47:34.890+0000] {processor.py:799} INFO - Processing file /home/airflow/.local/lib/python3.7/site-packages/airflow/example_dags/tutorial_dag.py for tasks to queue
[2023-05-03T09:47:34.901+0000] {logging_mixin.py:149} INFO - [2023-05-03T09:47:34.901+0000] {dagbag.py:541} INFO - Filling up the DagBag from /home/airflow/.local/lib/python3.7/site-packages/airflow/example_dags/tutorial_dag.py
[2023-05-03T09:47:34.934+0000] {processor.py:809} INFO - DAG(s) dict_keys(['tutorial_dag']) retrieved from /home/airflow/.local/lib/python3.7/site-packages/airflow/example_dags/tutorial_dag.py
[2023-05-03T09:47:35.062+0000] {logging_mixin.py:149} INFO - [2023-05-03T09:47:35.061+0000] {dag.py:2726} INFO - Sync 1 DAGs
[2023-05-03T09:47:35.175+0000] {logging_mixin.py:149} INFO - [2023-05-03T09:47:35.174+0000] {dag.py:3490} INFO - Setting next_dagrun for tutorial_dag to None, run_after=None
[2023-05-03T09:47:35.249+0000] {processor.py:178} INFO - Processing /home/airflow/.local/lib/python3.7/site-packages/airflow/example_dags/tutorial_dag.py took 0.375 seconds
[2023-05-03T09:48:25.020+0000] {processor.py:156} INFO - Started process (PID=1071) to work on /home/airflow/.local/lib/python3.7/site-packages/airflow/example_dags/tutorial_dag.py
[2023-05-03T09:48:25.026+0000] {processor.py:799} INFO - Processing file /home/airflow/.local/lib/python3.7/site-packages/airflow/example_dags/tutorial_dag.py for tasks to queue
[2023-05-03T09:48:25.029+0000] {logging_mixin.py:149} INFO - [2023-05-03T09:48:25.028+0000] {dagbag.py:541} INFO - Filling up the DagBag from /home/airflow/.local/lib/python3.7/site-packages/airflow/example_dags/tutorial_dag.py
[2023-05-03T09:48:25.056+0000] {processor.py:809} INFO - DAG(s) dict_keys(['tutorial_dag']) retrieved from /home/airflow/.local/lib/python3.7/site-packages/airflow/example_dags/tutorial_dag.py
[2023-05-03T09:48:25.145+0000] {logging_mixin.py:149} INFO - [2023-05-03T09:48:25.144+0000] {dag.py:2726} INFO - Sync 1 DAGs
[2023-05-03T09:48:25.221+0000] {logging_mixin.py:149} INFO - [2023-05-03T09:48:25.221+0000] {dag.py:3490} INFO - Setting next_dagrun for tutorial_dag to None, run_after=None
[2023-05-03T09:48:25.318+0000] {processor.py:178} INFO - Processing /home/airflow/.local/lib/python3.7/site-packages/airflow/example_dags/tutorial_dag.py took 0.309 seconds
[2023-05-03T09:48:55.676+0000] {processor.py:156} INFO - Started process (PID=1302) to work on /home/airflow/.local/lib/python3.7/site-packages/airflow/example_dags/tutorial_dag.py
[2023-05-03T09:48:55.687+0000] {processor.py:799} INFO - Processing file /home/airflow/.local/lib/python3.7/site-packages/airflow/example_dags/tutorial_dag.py for tasks to queue
[2023-05-03T09:48:55.693+0000] {logging_mixin.py:149} INFO - [2023-05-03T09:48:55.693+0000] {dagbag.py:541} INFO - Filling up the DagBag from /home/airflow/.local/lib/python3.7/site-packages/airflow/example_dags/tutorial_dag.py
[2023-05-03T09:48:55.712+0000] {processor.py:809} INFO - DAG(s) dict_keys(['tutorial_dag']) retrieved from /home/airflow/.local/lib/python3.7/site-packages/airflow/example_dags/tutorial_dag.py
[2023-05-03T09:48:55.782+0000] {logging_mixin.py:149} INFO - [2023-05-03T09:48:55.781+0000] {dag.py:2726} INFO - Sync 1 DAGs
[2023-05-03T09:48:55.857+0000] {logging_mixin.py:149} INFO - [2023-05-03T09:48:55.857+0000] {dag.py:3490} INFO - Setting next_dagrun for tutorial_dag to None, run_after=None
[2023-05-03T09:48:56.007+0000] {processor.py:178} INFO - Processing /home/airflow/.local/lib/python3.7/site-packages/airflow/example_dags/tutorial_dag.py took 0.336 seconds
[2023-05-03T09:49:48.128+0000] {processor.py:156} INFO - Started process (PID=1528) to work on /home/airflow/.local/lib/python3.7/site-packages/airflow/example_dags/tutorial_dag.py
[2023-05-03T09:49:48.130+0000] {processor.py:799} INFO - Processing file /home/airflow/.local/lib/python3.7/site-packages/airflow/example_dags/tutorial_dag.py for tasks to queue
[2023-05-03T09:49:48.132+0000] {logging_mixin.py:149} INFO - [2023-05-03T09:49:48.132+0000] {dagbag.py:541} INFO - Filling up the DagBag from /home/airflow/.local/lib/python3.7/site-packages/airflow/example_dags/tutorial_dag.py
[2023-05-03T09:49:48.149+0000] {processor.py:809} INFO - DAG(s) dict_keys(['tutorial_dag']) retrieved from /home/airflow/.local/lib/python3.7/site-packages/airflow/example_dags/tutorial_dag.py
[2023-05-03T09:49:48.198+0000] {logging_mixin.py:149} INFO - [2023-05-03T09:49:48.197+0000] {dag.py:2726} INFO - Sync 1 DAGs
[2023-05-03T09:49:48.256+0000] {logging_mixin.py:149} INFO - [2023-05-03T09:49:48.256+0000] {dag.py:3490} INFO - Setting next_dagrun for tutorial_dag to None, run_after=None
[2023-05-03T09:49:48.307+0000] {processor.py:178} INFO - Processing /home/airflow/.local/lib/python3.7/site-packages/airflow/example_dags/tutorial_dag.py took 0.186 seconds
[2023-05-03T09:50:19.300+0000] {processor.py:156} INFO - Started process (PID=1764) to work on /home/airflow/.local/lib/python3.7/site-packages/airflow/example_dags/tutorial_dag.py
[2023-05-03T09:50:19.302+0000] {processor.py:799} INFO - Processing file /home/airflow/.local/lib/python3.7/site-packages/airflow/example_dags/tutorial_dag.py for tasks to queue
[2023-05-03T09:50:19.305+0000] {logging_mixin.py:149} INFO - [2023-05-03T09:50:19.305+0000] {dagbag.py:541} INFO - Filling up the DagBag from /home/airflow/.local/lib/python3.7/site-packages/airflow/example_dags/tutorial_dag.py
[2023-05-03T09:50:19.321+0000] {processor.py:809} INFO - DAG(s) dict_keys(['tutorial_dag']) retrieved from /home/airflow/.local/lib/python3.7/site-packages/airflow/example_dags/tutorial_dag.py
[2023-05-03T09:50:19.415+0000] {logging_mixin.py:149} INFO - [2023-05-03T09:50:19.415+0000] {dag.py:2726} INFO - Sync 1 DAGs
[2023-05-03T09:50:19.479+0000] {logging_mixin.py:149} INFO - [2023-05-03T09:50:19.479+0000] {dag.py:3490} INFO - Setting next_dagrun for tutorial_dag to None, run_after=None
[2023-05-03T09:50:19.541+0000] {processor.py:178} INFO - Processing /home/airflow/.local/lib/python3.7/site-packages/airflow/example_dags/tutorial_dag.py took 0.250 seconds
[2023-05-03T09:50:49.650+0000] {processor.py:156} INFO - Started process (PID=1997) to work on /home/airflow/.local/lib/python3.7/site-packages/airflow/example_dags/tutorial_dag.py
[2023-05-03T09:50:49.651+0000] {processor.py:799} INFO - Processing file /home/airflow/.local/lib/python3.7/site-packages/airflow/example_dags/tutorial_dag.py for tasks to queue
[2023-05-03T09:50:49.653+0000] {logging_mixin.py:149} INFO - [2023-05-03T09:50:49.653+0000] {dagbag.py:541} INFO - Filling up the DagBag from /home/airflow/.local/lib/python3.7/site-packages/airflow/example_dags/tutorial_dag.py
[2023-05-03T09:50:49.664+0000] {processor.py:809} INFO - DAG(s) dict_keys(['tutorial_dag']) retrieved from /home/airflow/.local/lib/python3.7/site-packages/airflow/example_dags/tutorial_dag.py
[2023-05-03T09:50:49.706+0000] {logging_mixin.py:149} INFO - [2023-05-03T09:50:49.705+0000] {dag.py:2726} INFO - Sync 1 DAGs
[2023-05-03T09:50:49.751+0000] {logging_mixin.py:149} INFO - [2023-05-03T09:50:49.750+0000] {dag.py:3490} INFO - Setting next_dagrun for tutorial_dag to None, run_after=None
[2023-05-03T09:50:49.791+0000] {processor.py:178} INFO - Processing /home/airflow/.local/lib/python3.7/site-packages/airflow/example_dags/tutorial_dag.py took 0.146 seconds
[2023-05-03T09:52:08.169+0000] {processor.py:156} INFO - Started process (PID=2284) to work on /home/airflow/.local/lib/python3.7/site-packages/airflow/example_dags/tutorial_dag.py
[2023-05-03T09:52:08.187+0000] {processor.py:799} INFO - Processing file /home/airflow/.local/lib/python3.7/site-packages/airflow/example_dags/tutorial_dag.py for tasks to queue
[2023-05-03T09:52:08.206+0000] {logging_mixin.py:149} INFO - [2023-05-03T09:52:08.194+0000] {dagbag.py:541} INFO - Filling up the DagBag from /home/airflow/.local/lib/python3.7/site-packages/airflow/example_dags/tutorial_dag.py
[2023-05-03T09:52:08.232+0000] {processor.py:809} INFO - DAG(s) dict_keys(['tutorial_dag']) retrieved from /home/airflow/.local/lib/python3.7/site-packages/airflow/example_dags/tutorial_dag.py
[2023-05-03T09:52:08.341+0000] {logging_mixin.py:149} INFO - [2023-05-03T09:52:08.341+0000] {dag.py:2726} INFO - Sync 1 DAGs
[2023-05-03T09:52:08.486+0000] {logging_mixin.py:149} INFO - [2023-05-03T09:52:08.482+0000] {dag.py:3490} INFO - Setting next_dagrun for tutorial_dag to None, run_after=None
[2023-05-03T09:52:08.591+0000] {processor.py:178} INFO - Processing /home/airflow/.local/lib/python3.7/site-packages/airflow/example_dags/tutorial_dag.py took 0.438 seconds
[2023-05-03T09:52:39.518+0000] {processor.py:156} INFO - Started process (PID=2511) to work on /home/airflow/.local/lib/python3.7/site-packages/airflow/example_dags/tutorial_dag.py
[2023-05-03T09:52:39.532+0000] {processor.py:799} INFO - Processing file /home/airflow/.local/lib/python3.7/site-packages/airflow/example_dags/tutorial_dag.py for tasks to queue
[2023-05-03T09:52:39.537+0000] {logging_mixin.py:149} INFO - [2023-05-03T09:52:39.537+0000] {dagbag.py:541} INFO - Filling up the DagBag from /home/airflow/.local/lib/python3.7/site-packages/airflow/example_dags/tutorial_dag.py
[2023-05-03T09:52:39.595+0000] {processor.py:809} INFO - DAG(s) dict_keys(['tutorial_dag']) retrieved from /home/airflow/.local/lib/python3.7/site-packages/airflow/example_dags/tutorial_dag.py
[2023-05-03T09:52:39.704+0000] {logging_mixin.py:149} INFO - [2023-05-03T09:52:39.703+0000] {dag.py:2726} INFO - Sync 1 DAGs
[2023-05-03T09:52:39.796+0000] {logging_mixin.py:149} INFO - [2023-05-03T09:52:39.794+0000] {dag.py:3490} INFO - Setting next_dagrun for tutorial_dag to None, run_after=None
[2023-05-03T09:52:39.880+0000] {processor.py:178} INFO - Processing /home/airflow/.local/lib/python3.7/site-packages/airflow/example_dags/tutorial_dag.py took 0.394 seconds
[2023-05-03T09:53:10.762+0000] {processor.py:156} INFO - Started process (PID=2746) to work on /home/airflow/.local/lib/python3.7/site-packages/airflow/example_dags/tutorial_dag.py
[2023-05-03T09:53:10.774+0000] {processor.py:799} INFO - Processing file /home/airflow/.local/lib/python3.7/site-packages/airflow/example_dags/tutorial_dag.py for tasks to queue
[2023-05-03T09:53:10.776+0000] {logging_mixin.py:149} INFO - [2023-05-03T09:53:10.775+0000] {dagbag.py:541} INFO - Filling up the DagBag from /home/airflow/.local/lib/python3.7/site-packages/airflow/example_dags/tutorial_dag.py
[2023-05-03T09:53:10.785+0000] {processor.py:809} INFO - DAG(s) dict_keys(['tutorial_dag']) retrieved from /home/airflow/.local/lib/python3.7/site-packages/airflow/example_dags/tutorial_dag.py
[2023-05-03T09:53:10.899+0000] {logging_mixin.py:149} INFO - [2023-05-03T09:53:10.899+0000] {dag.py:2726} INFO - Sync 1 DAGs
[2023-05-03T09:53:10.996+0000] {logging_mixin.py:149} INFO - [2023-05-03T09:53:10.996+0000] {dag.py:3490} INFO - Setting next_dagrun for tutorial_dag to None, run_after=None
[2023-05-03T09:53:11.085+0000] {processor.py:178} INFO - Processing /home/airflow/.local/lib/python3.7/site-packages/airflow/example_dags/tutorial_dag.py took 0.329 seconds
[2023-05-03T09:53:41.597+0000] {processor.py:156} INFO - Started process (PID=2982) to work on /home/airflow/.local/lib/python3.7/site-packages/airflow/example_dags/tutorial_dag.py
[2023-05-03T09:53:41.599+0000] {processor.py:799} INFO - Processing file /home/airflow/.local/lib/python3.7/site-packages/airflow/example_dags/tutorial_dag.py for tasks to queue
[2023-05-03T09:53:41.601+0000] {logging_mixin.py:149} INFO - [2023-05-03T09:53:41.600+0000] {dagbag.py:541} INFO - Filling up the DagBag from /home/airflow/.local/lib/python3.7/site-packages/airflow/example_dags/tutorial_dag.py
[2023-05-03T09:53:41.614+0000] {processor.py:809} INFO - DAG(s) dict_keys(['tutorial_dag']) retrieved from /home/airflow/.local/lib/python3.7/site-packages/airflow/example_dags/tutorial_dag.py
[2023-05-03T09:53:41.685+0000] {logging_mixin.py:149} INFO - [2023-05-03T09:53:41.684+0000] {dag.py:2726} INFO - Sync 1 DAGs
[2023-05-03T09:53:42.016+0000] {logging_mixin.py:149} INFO - [2023-05-03T09:53:42.016+0000] {dag.py:3490} INFO - Setting next_dagrun for tutorial_dag to None, run_after=None
[2023-05-03T09:53:42.053+0000] {processor.py:178} INFO - Processing /home/airflow/.local/lib/python3.7/site-packages/airflow/example_dags/tutorial_dag.py took 0.463 seconds
[2023-05-03T09:54:27.343+0000] {processor.py:156} INFO - Started process (PID=3196) to work on /home/airflow/.local/lib/python3.7/site-packages/airflow/example_dags/tutorial_dag.py
[2023-05-03T09:54:27.346+0000] {processor.py:799} INFO - Processing file /home/airflow/.local/lib/python3.7/site-packages/airflow/example_dags/tutorial_dag.py for tasks to queue
[2023-05-03T09:54:27.348+0000] {logging_mixin.py:149} INFO - [2023-05-03T09:54:27.347+0000] {dagbag.py:541} INFO - Filling up the DagBag from /home/airflow/.local/lib/python3.7/site-packages/airflow/example_dags/tutorial_dag.py
[2023-05-03T09:54:27.376+0000] {processor.py:809} INFO - DAG(s) dict_keys(['tutorial_dag']) retrieved from /home/airflow/.local/lib/python3.7/site-packages/airflow/example_dags/tutorial_dag.py
[2023-05-03T09:54:27.481+0000] {logging_mixin.py:149} INFO - [2023-05-03T09:54:27.481+0000] {dag.py:2726} INFO - Sync 1 DAGs
[2023-05-03T09:54:27.667+0000] {logging_mixin.py:149} INFO - [2023-05-03T09:54:27.667+0000] {dag.py:3490} INFO - Setting next_dagrun for tutorial_dag to None, run_after=None
[2023-05-03T09:54:27.951+0000] {processor.py:178} INFO - Processing /home/airflow/.local/lib/python3.7/site-packages/airflow/example_dags/tutorial_dag.py took 0.624 seconds
[2023-05-03T09:55:04.001+0000] {processor.py:156} INFO - Started process (PID=3422) to work on /home/airflow/.local/lib/python3.7/site-packages/airflow/example_dags/tutorial_dag.py
[2023-05-03T09:55:04.009+0000] {processor.py:799} INFO - Processing file /home/airflow/.local/lib/python3.7/site-packages/airflow/example_dags/tutorial_dag.py for tasks to queue
[2023-05-03T09:55:04.019+0000] {logging_mixin.py:149} INFO - [2023-05-03T09:55:04.019+0000] {dagbag.py:541} INFO - Filling up the DagBag from /home/airflow/.local/lib/python3.7/site-packages/airflow/example_dags/tutorial_dag.py
[2023-05-03T09:55:04.039+0000] {processor.py:809} INFO - DAG(s) dict_keys(['tutorial_dag']) retrieved from /home/airflow/.local/lib/python3.7/site-packages/airflow/example_dags/tutorial_dag.py
[2023-05-03T09:55:04.118+0000] {logging_mixin.py:149} INFO - [2023-05-03T09:55:04.118+0000] {dag.py:2726} INFO - Sync 1 DAGs
[2023-05-03T09:55:04.235+0000] {logging_mixin.py:149} INFO - [2023-05-03T09:55:04.235+0000] {dag.py:3490} INFO - Setting next_dagrun for tutorial_dag to None, run_after=None
[2023-05-03T09:55:04.317+0000] {processor.py:178} INFO - Processing /home/airflow/.local/lib/python3.7/site-packages/airflow/example_dags/tutorial_dag.py took 0.323 seconds
[2023-05-03T09:55:41.041+0000] {processor.py:156} INFO - Started process (PID=3658) to work on /home/airflow/.local/lib/python3.7/site-packages/airflow/example_dags/tutorial_dag.py
[2023-05-03T09:55:41.053+0000] {processor.py:799} INFO - Processing file /home/airflow/.local/lib/python3.7/site-packages/airflow/example_dags/tutorial_dag.py for tasks to queue
[2023-05-03T09:55:41.070+0000] {logging_mixin.py:149} INFO - [2023-05-03T09:55:41.069+0000] {dagbag.py:541} INFO - Filling up the DagBag from /home/airflow/.local/lib/python3.7/site-packages/airflow/example_dags/tutorial_dag.py
[2023-05-03T09:55:41.113+0000] {processor.py:809} INFO - DAG(s) dict_keys(['tutorial_dag']) retrieved from /home/airflow/.local/lib/python3.7/site-packages/airflow/example_dags/tutorial_dag.py
[2023-05-03T09:55:41.253+0000] {logging_mixin.py:149} INFO - [2023-05-03T09:55:41.252+0000] {dag.py:2726} INFO - Sync 1 DAGs
[2023-05-03T09:55:41.397+0000] {logging_mixin.py:149} INFO - [2023-05-03T09:55:41.397+0000] {dag.py:3490} INFO - Setting next_dagrun for tutorial_dag to None, run_after=None
[2023-05-03T09:55:42.073+0000] {processor.py:178} INFO - Processing /home/airflow/.local/lib/python3.7/site-packages/airflow/example_dags/tutorial_dag.py took 1.043 seconds
[2023-05-03T09:56:20.815+0000] {processor.py:156} INFO - Started process (PID=3894) to work on /home/airflow/.local/lib/python3.7/site-packages/airflow/example_dags/tutorial_dag.py
[2023-05-03T09:56:20.818+0000] {processor.py:799} INFO - Processing file /home/airflow/.local/lib/python3.7/site-packages/airflow/example_dags/tutorial_dag.py for tasks to queue
[2023-05-03T09:56:20.829+0000] {logging_mixin.py:149} INFO - [2023-05-03T09:56:20.828+0000] {dagbag.py:541} INFO - Filling up the DagBag from /home/airflow/.local/lib/python3.7/site-packages/airflow/example_dags/tutorial_dag.py
[2023-05-03T09:56:20.842+0000] {processor.py:809} INFO - DAG(s) dict_keys(['tutorial_dag']) retrieved from /home/airflow/.local/lib/python3.7/site-packages/airflow/example_dags/tutorial_dag.py
[2023-05-03T09:56:20.962+0000] {logging_mixin.py:149} INFO - [2023-05-03T09:56:20.962+0000] {dag.py:2726} INFO - Sync 1 DAGs
[2023-05-03T09:56:21.078+0000] {logging_mixin.py:149} INFO - [2023-05-03T09:56:21.077+0000] {dag.py:3490} INFO - Setting next_dagrun for tutorial_dag to None, run_after=None
[2023-05-03T09:56:21.214+0000] {processor.py:178} INFO - Processing /home/airflow/.local/lib/python3.7/site-packages/airflow/example_dags/tutorial_dag.py took 0.413 seconds
[2023-05-03T09:56:54.197+0000] {processor.py:156} INFO - Started process (PID=4129) to work on /home/airflow/.local/lib/python3.7/site-packages/airflow/example_dags/tutorial_dag.py
[2023-05-03T09:56:54.199+0000] {processor.py:799} INFO - Processing file /home/airflow/.local/lib/python3.7/site-packages/airflow/example_dags/tutorial_dag.py for tasks to queue
[2023-05-03T09:56:54.201+0000] {logging_mixin.py:149} INFO - [2023-05-03T09:56:54.200+0000] {dagbag.py:541} INFO - Filling up the DagBag from /home/airflow/.local/lib/python3.7/site-packages/airflow/example_dags/tutorial_dag.py
[2023-05-03T09:56:54.221+0000] {processor.py:809} INFO - DAG(s) dict_keys(['tutorial_dag']) retrieved from /home/airflow/.local/lib/python3.7/site-packages/airflow/example_dags/tutorial_dag.py
[2023-05-03T09:56:54.326+0000] {logging_mixin.py:149} INFO - [2023-05-03T09:56:54.325+0000] {dag.py:2726} INFO - Sync 1 DAGs
[2023-05-03T09:56:54.816+0000] {logging_mixin.py:149} INFO - [2023-05-03T09:56:54.815+0000] {dag.py:3490} INFO - Setting next_dagrun for tutorial_dag to None, run_after=None
[2023-05-03T09:56:54.873+0000] {processor.py:178} INFO - Processing /home/airflow/.local/lib/python3.7/site-packages/airflow/example_dags/tutorial_dag.py took 0.682 seconds
[2023-05-03T09:57:30.577+0000] {processor.py:156} INFO - Started process (PID=4364) to work on /home/airflow/.local/lib/python3.7/site-packages/airflow/example_dags/tutorial_dag.py
[2023-05-03T09:57:31.205+0000] {processor.py:799} INFO - Processing file /home/airflow/.local/lib/python3.7/site-packages/airflow/example_dags/tutorial_dag.py for tasks to queue
[2023-05-03T09:57:31.235+0000] {logging_mixin.py:149} INFO - [2023-05-03T09:57:31.235+0000] {dagbag.py:541} INFO - Filling up the DagBag from /home/airflow/.local/lib/python3.7/site-packages/airflow/example_dags/tutorial_dag.py
[2023-05-03T09:57:31.501+0000] {processor.py:809} INFO - DAG(s) dict_keys(['tutorial_dag']) retrieved from /home/airflow/.local/lib/python3.7/site-packages/airflow/example_dags/tutorial_dag.py
[2023-05-03T09:57:31.927+0000] {logging_mixin.py:149} INFO - [2023-05-03T09:57:31.927+0000] {dag.py:2726} INFO - Sync 1 DAGs
[2023-05-03T09:57:32.085+0000] {logging_mixin.py:149} INFO - [2023-05-03T09:57:32.084+0000] {dag.py:3490} INFO - Setting next_dagrun for tutorial_dag to None, run_after=None
[2023-05-03T09:57:32.180+0000] {processor.py:178} INFO - Processing /home/airflow/.local/lib/python3.7/site-packages/airflow/example_dags/tutorial_dag.py took 1.755 seconds
[2023-05-03T09:58:02.834+0000] {processor.py:156} INFO - Started process (PID=4600) to work on /home/airflow/.local/lib/python3.7/site-packages/airflow/example_dags/tutorial_dag.py
[2023-05-03T09:58:02.837+0000] {processor.py:799} INFO - Processing file /home/airflow/.local/lib/python3.7/site-packages/airflow/example_dags/tutorial_dag.py for tasks to queue
[2023-05-03T09:58:02.839+0000] {logging_mixin.py:149} INFO - [2023-05-03T09:58:02.838+0000] {dagbag.py:541} INFO - Filling up the DagBag from /home/airflow/.local/lib/python3.7/site-packages/airflow/example_dags/tutorial_dag.py
[2023-05-03T09:58:02.847+0000] {processor.py:809} INFO - DAG(s) dict_keys(['tutorial_dag']) retrieved from /home/airflow/.local/lib/python3.7/site-packages/airflow/example_dags/tutorial_dag.py
[2023-05-03T09:58:02.904+0000] {logging_mixin.py:149} INFO - [2023-05-03T09:58:02.902+0000] {dag.py:2726} INFO - Sync 1 DAGs
[2023-05-03T09:58:03.233+0000] {logging_mixin.py:149} INFO - [2023-05-03T09:58:03.232+0000] {dag.py:3490} INFO - Setting next_dagrun for tutorial_dag to None, run_after=None
[2023-05-03T09:58:03.314+0000] {processor.py:178} INFO - Processing /home/airflow/.local/lib/python3.7/site-packages/airflow/example_dags/tutorial_dag.py took 0.488 seconds
[2023-05-03T09:58:34.209+0000] {processor.py:156} INFO - Started process (PID=4836) to work on /home/airflow/.local/lib/python3.7/site-packages/airflow/example_dags/tutorial_dag.py
[2023-05-03T09:58:34.211+0000] {processor.py:799} INFO - Processing file /home/airflow/.local/lib/python3.7/site-packages/airflow/example_dags/tutorial_dag.py for tasks to queue
[2023-05-03T09:58:34.216+0000] {logging_mixin.py:149} INFO - [2023-05-03T09:58:34.215+0000] {dagbag.py:541} INFO - Filling up the DagBag from /home/airflow/.local/lib/python3.7/site-packages/airflow/example_dags/tutorial_dag.py
[2023-05-03T09:58:34.226+0000] {processor.py:809} INFO - DAG(s) dict_keys(['tutorial_dag']) retrieved from /home/airflow/.local/lib/python3.7/site-packages/airflow/example_dags/tutorial_dag.py
[2023-05-03T09:58:34.283+0000] {logging_mixin.py:149} INFO - [2023-05-03T09:58:34.283+0000] {dag.py:2726} INFO - Sync 1 DAGs
[2023-05-03T09:58:34.339+0000] {logging_mixin.py:149} INFO - [2023-05-03T09:58:34.339+0000] {dag.py:3490} INFO - Setting next_dagrun for tutorial_dag to None, run_after=None
[2023-05-03T09:58:34.398+0000] {processor.py:178} INFO - Processing /home/airflow/.local/lib/python3.7/site-packages/airflow/example_dags/tutorial_dag.py took 0.193 seconds
[2023-05-03T09:59:05.292+0000] {processor.py:156} INFO - Started process (PID=5073) to work on /home/airflow/.local/lib/python3.7/site-packages/airflow/example_dags/tutorial_dag.py
[2023-05-03T09:59:05.294+0000] {processor.py:799} INFO - Processing file /home/airflow/.local/lib/python3.7/site-packages/airflow/example_dags/tutorial_dag.py for tasks to queue
[2023-05-03T09:59:05.301+0000] {logging_mixin.py:149} INFO - [2023-05-03T09:59:05.300+0000] {dagbag.py:541} INFO - Filling up the DagBag from /home/airflow/.local/lib/python3.7/site-packages/airflow/example_dags/tutorial_dag.py
[2023-05-03T09:59:05.316+0000] {processor.py:809} INFO - DAG(s) dict_keys(['tutorial_dag']) retrieved from /home/airflow/.local/lib/python3.7/site-packages/airflow/example_dags/tutorial_dag.py
[2023-05-03T09:59:05.413+0000] {logging_mixin.py:149} INFO - [2023-05-03T09:59:05.412+0000] {dag.py:2726} INFO - Sync 1 DAGs
[2023-05-03T09:59:05.863+0000] {logging_mixin.py:149} INFO - [2023-05-03T09:59:05.862+0000] {dag.py:3490} INFO - Setting next_dagrun for tutorial_dag to None, run_after=None
[2023-05-03T09:59:05.937+0000] {processor.py:178} INFO - Processing /home/airflow/.local/lib/python3.7/site-packages/airflow/example_dags/tutorial_dag.py took 0.650 seconds
[2023-05-03T09:59:36.493+0000] {processor.py:156} INFO - Started process (PID=5309) to work on /home/airflow/.local/lib/python3.7/site-packages/airflow/example_dags/tutorial_dag.py
[2023-05-03T09:59:36.497+0000] {processor.py:799} INFO - Processing file /home/airflow/.local/lib/python3.7/site-packages/airflow/example_dags/tutorial_dag.py for tasks to queue
[2023-05-03T09:59:36.499+0000] {logging_mixin.py:149} INFO - [2023-05-03T09:59:36.498+0000] {dagbag.py:541} INFO - Filling up the DagBag from /home/airflow/.local/lib/python3.7/site-packages/airflow/example_dags/tutorial_dag.py
[2023-05-03T09:59:36.510+0000] {processor.py:809} INFO - DAG(s) dict_keys(['tutorial_dag']) retrieved from /home/airflow/.local/lib/python3.7/site-packages/airflow/example_dags/tutorial_dag.py
[2023-05-03T09:59:36.583+0000] {logging_mixin.py:149} INFO - [2023-05-03T09:59:36.583+0000] {dag.py:2726} INFO - Sync 1 DAGs
[2023-05-03T09:59:36.664+0000] {logging_mixin.py:149} INFO - [2023-05-03T09:59:36.663+0000] {dag.py:3490} INFO - Setting next_dagrun for tutorial_dag to None, run_after=None
[2023-05-03T09:59:36.727+0000] {processor.py:178} INFO - Processing /home/airflow/.local/lib/python3.7/site-packages/airflow/example_dags/tutorial_dag.py took 0.238 seconds
[2023-05-03T10:00:06.984+0000] {processor.py:156} INFO - Started process (PID=5538) to work on /home/airflow/.local/lib/python3.7/site-packages/airflow/example_dags/tutorial_dag.py
[2023-05-03T10:00:06.988+0000] {processor.py:799} INFO - Processing file /home/airflow/.local/lib/python3.7/site-packages/airflow/example_dags/tutorial_dag.py for tasks to queue
[2023-05-03T10:00:06.991+0000] {logging_mixin.py:149} INFO - [2023-05-03T10:00:06.990+0000] {dagbag.py:541} INFO - Filling up the DagBag from /home/airflow/.local/lib/python3.7/site-packages/airflow/example_dags/tutorial_dag.py
[2023-05-03T10:00:06.999+0000] {processor.py:809} INFO - DAG(s) dict_keys(['tutorial_dag']) retrieved from /home/airflow/.local/lib/python3.7/site-packages/airflow/example_dags/tutorial_dag.py
[2023-05-03T10:00:07.053+0000] {logging_mixin.py:149} INFO - [2023-05-03T10:00:07.052+0000] {dag.py:2726} INFO - Sync 1 DAGs
[2023-05-03T10:00:07.119+0000] {logging_mixin.py:149} INFO - [2023-05-03T10:00:07.119+0000] {dag.py:3490} INFO - Setting next_dagrun for tutorial_dag to None, run_after=None
[2023-05-03T10:00:07.167+0000] {processor.py:178} INFO - Processing /home/airflow/.local/lib/python3.7/site-packages/airflow/example_dags/tutorial_dag.py took 0.188 seconds
[2023-05-03T10:00:37.410+0000] {processor.py:156} INFO - Started process (PID=5774) to work on /home/airflow/.local/lib/python3.7/site-packages/airflow/example_dags/tutorial_dag.py
[2023-05-03T10:00:37.411+0000] {processor.py:799} INFO - Processing file /home/airflow/.local/lib/python3.7/site-packages/airflow/example_dags/tutorial_dag.py for tasks to queue
[2023-05-03T10:00:37.413+0000] {logging_mixin.py:149} INFO - [2023-05-03T10:00:37.413+0000] {dagbag.py:541} INFO - Filling up the DagBag from /home/airflow/.local/lib/python3.7/site-packages/airflow/example_dags/tutorial_dag.py
[2023-05-03T10:00:37.422+0000] {processor.py:809} INFO - DAG(s) dict_keys(['tutorial_dag']) retrieved from /home/airflow/.local/lib/python3.7/site-packages/airflow/example_dags/tutorial_dag.py
[2023-05-03T10:00:37.463+0000] {logging_mixin.py:149} INFO - [2023-05-03T10:00:37.463+0000] {dag.py:2726} INFO - Sync 1 DAGs
[2023-05-03T10:00:37.505+0000] {logging_mixin.py:149} INFO - [2023-05-03T10:00:37.505+0000] {dag.py:3490} INFO - Setting next_dagrun for tutorial_dag to None, run_after=None
[2023-05-03T10:00:37.541+0000] {processor.py:178} INFO - Processing /home/airflow/.local/lib/python3.7/site-packages/airflow/example_dags/tutorial_dag.py took 0.136 seconds
[2023-05-03T10:01:07.761+0000] {processor.py:156} INFO - Started process (PID=6010) to work on /home/airflow/.local/lib/python3.7/site-packages/airflow/example_dags/tutorial_dag.py
[2023-05-03T10:01:07.763+0000] {processor.py:799} INFO - Processing file /home/airflow/.local/lib/python3.7/site-packages/airflow/example_dags/tutorial_dag.py for tasks to queue
[2023-05-03T10:01:07.764+0000] {logging_mixin.py:149} INFO - [2023-05-03T10:01:07.764+0000] {dagbag.py:541} INFO - Filling up the DagBag from /home/airflow/.local/lib/python3.7/site-packages/airflow/example_dags/tutorial_dag.py
[2023-05-03T10:01:07.771+0000] {processor.py:809} INFO - DAG(s) dict_keys(['tutorial_dag']) retrieved from /home/airflow/.local/lib/python3.7/site-packages/airflow/example_dags/tutorial_dag.py
[2023-05-03T10:01:07.810+0000] {logging_mixin.py:149} INFO - [2023-05-03T10:01:07.810+0000] {dag.py:2726} INFO - Sync 1 DAGs
[2023-05-03T10:01:07.847+0000] {logging_mixin.py:149} INFO - [2023-05-03T10:01:07.847+0000] {dag.py:3490} INFO - Setting next_dagrun for tutorial_dag to None, run_after=None
[2023-05-03T10:01:07.881+0000] {processor.py:178} INFO - Processing /home/airflow/.local/lib/python3.7/site-packages/airflow/example_dags/tutorial_dag.py took 0.125 seconds
[2023-05-03T10:01:38.476+0000] {processor.py:156} INFO - Started process (PID=6246) to work on /home/airflow/.local/lib/python3.7/site-packages/airflow/example_dags/tutorial_dag.py
[2023-05-03T10:01:38.477+0000] {processor.py:799} INFO - Processing file /home/airflow/.local/lib/python3.7/site-packages/airflow/example_dags/tutorial_dag.py for tasks to queue
[2023-05-03T10:01:38.486+0000] {logging_mixin.py:149} INFO - [2023-05-03T10:01:38.484+0000] {dagbag.py:541} INFO - Filling up the DagBag from /home/airflow/.local/lib/python3.7/site-packages/airflow/example_dags/tutorial_dag.py
[2023-05-03T10:01:38.509+0000] {processor.py:809} INFO - DAG(s) dict_keys(['tutorial_dag']) retrieved from /home/airflow/.local/lib/python3.7/site-packages/airflow/example_dags/tutorial_dag.py
[2023-05-03T10:01:38.564+0000] {logging_mixin.py:149} INFO - [2023-05-03T10:01:38.563+0000] {dag.py:2726} INFO - Sync 1 DAGs
[2023-05-03T10:01:38.613+0000] {logging_mixin.py:149} INFO - [2023-05-03T10:01:38.613+0000] {dag.py:3490} INFO - Setting next_dagrun for tutorial_dag to None, run_after=None
[2023-05-03T10:01:38.647+0000] {processor.py:178} INFO - Processing /home/airflow/.local/lib/python3.7/site-packages/airflow/example_dags/tutorial_dag.py took 0.176 seconds
[2023-05-03T10:45:48.475+0000] {processor.py:156} INFO - Started process (PID=6491) to work on /home/airflow/.local/lib/python3.7/site-packages/airflow/example_dags/tutorial_dag.py
[2023-05-03T10:45:48.502+0000] {processor.py:799} INFO - Processing file /home/airflow/.local/lib/python3.7/site-packages/airflow/example_dags/tutorial_dag.py for tasks to queue
[2023-05-03T10:45:48.508+0000] {logging_mixin.py:149} INFO - [2023-05-03T10:45:48.508+0000] {dagbag.py:541} INFO - Filling up the DagBag from /home/airflow/.local/lib/python3.7/site-packages/airflow/example_dags/tutorial_dag.py
[2023-05-03T10:45:48.678+0000] {processor.py:809} INFO - DAG(s) dict_keys(['tutorial_dag']) retrieved from /home/airflow/.local/lib/python3.7/site-packages/airflow/example_dags/tutorial_dag.py
[2023-05-03T10:45:48.937+0000] {logging_mixin.py:149} INFO - [2023-05-03T10:45:48.937+0000] {dag.py:2726} INFO - Sync 1 DAGs
[2023-05-03T10:45:49.173+0000] {logging_mixin.py:149} INFO - [2023-05-03T10:45:49.172+0000] {dag.py:3490} INFO - Setting next_dagrun for tutorial_dag to None, run_after=None
[2023-05-03T10:45:49.422+0000] {processor.py:178} INFO - Processing /home/airflow/.local/lib/python3.7/site-packages/airflow/example_dags/tutorial_dag.py took 0.972 seconds
[2023-05-03T10:47:09.551+0000] {processor.py:156} INFO - Started process (PID=6727) to work on /home/airflow/.local/lib/python3.7/site-packages/airflow/example_dags/tutorial_dag.py
[2023-05-03T10:47:09.596+0000] {processor.py:799} INFO - Processing file /home/airflow/.local/lib/python3.7/site-packages/airflow/example_dags/tutorial_dag.py for tasks to queue
[2023-05-03T10:47:09.635+0000] {logging_mixin.py:149} INFO - [2023-05-03T10:47:09.634+0000] {dagbag.py:541} INFO - Filling up the DagBag from /home/airflow/.local/lib/python3.7/site-packages/airflow/example_dags/tutorial_dag.py
[2023-05-03T10:47:11.064+0000] {processor.py:809} INFO - DAG(s) dict_keys(['tutorial_dag']) retrieved from /home/airflow/.local/lib/python3.7/site-packages/airflow/example_dags/tutorial_dag.py
[2023-05-03T10:47:55.345+0000] {processor.py:156} INFO - Started process (PID=6964) to work on /home/airflow/.local/lib/python3.7/site-packages/airflow/example_dags/tutorial_dag.py
[2023-05-03T10:47:55.347+0000] {processor.py:799} INFO - Processing file /home/airflow/.local/lib/python3.7/site-packages/airflow/example_dags/tutorial_dag.py for tasks to queue
[2023-05-03T10:47:55.349+0000] {logging_mixin.py:149} INFO - [2023-05-03T10:47:55.349+0000] {dagbag.py:541} INFO - Filling up the DagBag from /home/airflow/.local/lib/python3.7/site-packages/airflow/example_dags/tutorial_dag.py
[2023-05-03T10:47:55.365+0000] {processor.py:809} INFO - DAG(s) dict_keys(['tutorial_dag']) retrieved from /home/airflow/.local/lib/python3.7/site-packages/airflow/example_dags/tutorial_dag.py
[2023-05-03T10:47:55.464+0000] {logging_mixin.py:149} INFO - [2023-05-03T10:47:55.464+0000] {dag.py:2726} INFO - Sync 1 DAGs
[2023-05-03T10:47:55.572+0000] {logging_mixin.py:149} INFO - [2023-05-03T10:47:55.571+0000] {dag.py:3490} INFO - Setting next_dagrun for tutorial_dag to None, run_after=None
[2023-05-03T10:47:55.656+0000] {processor.py:178} INFO - Processing /home/airflow/.local/lib/python3.7/site-packages/airflow/example_dags/tutorial_dag.py took 0.321 seconds
[2023-05-03T10:48:26.559+0000] {processor.py:156} INFO - Started process (PID=7194) to work on /home/airflow/.local/lib/python3.7/site-packages/airflow/example_dags/tutorial_dag.py
[2023-05-03T10:48:26.562+0000] {processor.py:799} INFO - Processing file /home/airflow/.local/lib/python3.7/site-packages/airflow/example_dags/tutorial_dag.py for tasks to queue
[2023-05-03T10:48:26.568+0000] {logging_mixin.py:149} INFO - [2023-05-03T10:48:26.567+0000] {dagbag.py:541} INFO - Filling up the DagBag from /home/airflow/.local/lib/python3.7/site-packages/airflow/example_dags/tutorial_dag.py
[2023-05-03T10:48:26.579+0000] {processor.py:809} INFO - DAG(s) dict_keys(['tutorial_dag']) retrieved from /home/airflow/.local/lib/python3.7/site-packages/airflow/example_dags/tutorial_dag.py
[2023-05-03T10:48:26.648+0000] {logging_mixin.py:149} INFO - [2023-05-03T10:48:26.647+0000] {dag.py:2726} INFO - Sync 1 DAGs
[2023-05-03T10:48:26.725+0000] {logging_mixin.py:149} INFO - [2023-05-03T10:48:26.724+0000] {dag.py:3490} INFO - Setting next_dagrun for tutorial_dag to None, run_after=None
[2023-05-03T10:48:26.832+0000] {processor.py:178} INFO - Processing /home/airflow/.local/lib/python3.7/site-packages/airflow/example_dags/tutorial_dag.py took 0.278 seconds
[2023-05-03T10:48:57.382+0000] {processor.py:156} INFO - Started process (PID=7430) to work on /home/airflow/.local/lib/python3.7/site-packages/airflow/example_dags/tutorial_dag.py
[2023-05-03T10:48:57.387+0000] {processor.py:799} INFO - Processing file /home/airflow/.local/lib/python3.7/site-packages/airflow/example_dags/tutorial_dag.py for tasks to queue
[2023-05-03T10:48:57.390+0000] {logging_mixin.py:149} INFO - [2023-05-03T10:48:57.390+0000] {dagbag.py:541} INFO - Filling up the DagBag from /home/airflow/.local/lib/python3.7/site-packages/airflow/example_dags/tutorial_dag.py
[2023-05-03T10:48:57.415+0000] {processor.py:809} INFO - DAG(s) dict_keys(['tutorial_dag']) retrieved from /home/airflow/.local/lib/python3.7/site-packages/airflow/example_dags/tutorial_dag.py
[2023-05-03T10:48:57.566+0000] {logging_mixin.py:149} INFO - [2023-05-03T10:48:57.566+0000] {dag.py:2726} INFO - Sync 1 DAGs
[2023-05-03T10:48:57.709+0000] {logging_mixin.py:149} INFO - [2023-05-03T10:48:57.708+0000] {dag.py:3490} INFO - Setting next_dagrun for tutorial_dag to None, run_after=None
[2023-05-03T10:48:57.863+0000] {processor.py:178} INFO - Processing /home/airflow/.local/lib/python3.7/site-packages/airflow/example_dags/tutorial_dag.py took 0.499 seconds
[2023-05-03T10:49:29.506+0000] {processor.py:156} INFO - Started process (PID=7636) to work on /home/airflow/.local/lib/python3.7/site-packages/airflow/example_dags/tutorial_dag.py
[2023-05-03T10:49:29.511+0000] {processor.py:799} INFO - Processing file /home/airflow/.local/lib/python3.7/site-packages/airflow/example_dags/tutorial_dag.py for tasks to queue
[2023-05-03T10:49:29.518+0000] {logging_mixin.py:149} INFO - [2023-05-03T10:49:29.518+0000] {dagbag.py:541} INFO - Filling up the DagBag from /home/airflow/.local/lib/python3.7/site-packages/airflow/example_dags/tutorial_dag.py
[2023-05-03T10:49:29.548+0000] {processor.py:809} INFO - DAG(s) dict_keys(['tutorial_dag']) retrieved from /home/airflow/.local/lib/python3.7/site-packages/airflow/example_dags/tutorial_dag.py
[2023-05-03T10:49:29.681+0000] {logging_mixin.py:149} INFO - [2023-05-03T10:49:29.680+0000] {dag.py:2726} INFO - Sync 1 DAGs
[2023-05-03T10:49:30.028+0000] {logging_mixin.py:149} INFO - [2023-05-03T10:49:30.028+0000] {dag.py:3490} INFO - Setting next_dagrun for tutorial_dag to None, run_after=None
[2023-05-03T10:49:30.162+0000] {processor.py:178} INFO - Processing /home/airflow/.local/lib/python3.7/site-packages/airflow/example_dags/tutorial_dag.py took 0.672 seconds
[2023-05-03T10:50:03.573+0000] {processor.py:156} INFO - Started process (PID=7862) to work on /home/airflow/.local/lib/python3.7/site-packages/airflow/example_dags/tutorial_dag.py
[2023-05-03T10:50:03.587+0000] {processor.py:799} INFO - Processing file /home/airflow/.local/lib/python3.7/site-packages/airflow/example_dags/tutorial_dag.py for tasks to queue
[2023-05-03T10:50:03.594+0000] {logging_mixin.py:149} INFO - [2023-05-03T10:50:03.594+0000] {dagbag.py:541} INFO - Filling up the DagBag from /home/airflow/.local/lib/python3.7/site-packages/airflow/example_dags/tutorial_dag.py
[2023-05-03T10:50:03.622+0000] {processor.py:809} INFO - DAG(s) dict_keys(['tutorial_dag']) retrieved from /home/airflow/.local/lib/python3.7/site-packages/airflow/example_dags/tutorial_dag.py
[2023-05-03T10:50:03.805+0000] {logging_mixin.py:149} INFO - [2023-05-03T10:50:03.805+0000] {dag.py:2726} INFO - Sync 1 DAGs
[2023-05-03T10:50:03.922+0000] {logging_mixin.py:149} INFO - [2023-05-03T10:50:03.922+0000] {dag.py:3490} INFO - Setting next_dagrun for tutorial_dag to None, run_after=None
[2023-05-03T10:50:04.013+0000] {processor.py:178} INFO - Processing /home/airflow/.local/lib/python3.7/site-packages/airflow/example_dags/tutorial_dag.py took 0.445 seconds
[2023-05-03T10:50:36.435+0000] {processor.py:156} INFO - Started process (PID=8087) to work on /home/airflow/.local/lib/python3.7/site-packages/airflow/example_dags/tutorial_dag.py
[2023-05-03T10:50:36.437+0000] {processor.py:799} INFO - Processing file /home/airflow/.local/lib/python3.7/site-packages/airflow/example_dags/tutorial_dag.py for tasks to queue
[2023-05-03T10:50:36.443+0000] {logging_mixin.py:149} INFO - [2023-05-03T10:50:36.443+0000] {dagbag.py:541} INFO - Filling up the DagBag from /home/airflow/.local/lib/python3.7/site-packages/airflow/example_dags/tutorial_dag.py
[2023-05-03T10:50:36.467+0000] {processor.py:809} INFO - DAG(s) dict_keys(['tutorial_dag']) retrieved from /home/airflow/.local/lib/python3.7/site-packages/airflow/example_dags/tutorial_dag.py
[2023-05-03T10:50:36.610+0000] {logging_mixin.py:149} INFO - [2023-05-03T10:50:36.610+0000] {dag.py:2726} INFO - Sync 1 DAGs
[2023-05-03T10:50:36.705+0000] {logging_mixin.py:149} INFO - [2023-05-03T10:50:36.705+0000] {dag.py:3490} INFO - Setting next_dagrun for tutorial_dag to None, run_after=None
[2023-05-03T10:50:36.777+0000] {processor.py:178} INFO - Processing /home/airflow/.local/lib/python3.7/site-packages/airflow/example_dags/tutorial_dag.py took 0.353 seconds
[2023-05-03T10:51:07.705+0000] {processor.py:156} INFO - Started process (PID=8317) to work on /home/airflow/.local/lib/python3.7/site-packages/airflow/example_dags/tutorial_dag.py
[2023-05-03T10:51:07.707+0000] {processor.py:799} INFO - Processing file /home/airflow/.local/lib/python3.7/site-packages/airflow/example_dags/tutorial_dag.py for tasks to queue
[2023-05-03T10:51:07.709+0000] {logging_mixin.py:149} INFO - [2023-05-03T10:51:07.709+0000] {dagbag.py:541} INFO - Filling up the DagBag from /home/airflow/.local/lib/python3.7/site-packages/airflow/example_dags/tutorial_dag.py
[2023-05-03T10:51:07.726+0000] {processor.py:809} INFO - DAG(s) dict_keys(['tutorial_dag']) retrieved from /home/airflow/.local/lib/python3.7/site-packages/airflow/example_dags/tutorial_dag.py
[2023-05-03T10:51:07.838+0000] {logging_mixin.py:149} INFO - [2023-05-03T10:51:07.837+0000] {dag.py:2726} INFO - Sync 1 DAGs
[2023-05-03T10:51:07.935+0000] {logging_mixin.py:149} INFO - [2023-05-03T10:51:07.935+0000] {dag.py:3490} INFO - Setting next_dagrun for tutorial_dag to None, run_after=None
[2023-05-03T10:51:08.028+0000] {processor.py:178} INFO - Processing /home/airflow/.local/lib/python3.7/site-packages/airflow/example_dags/tutorial_dag.py took 0.334 seconds
[2023-05-03T10:51:38.205+0000] {processor.py:156} INFO - Started process (PID=8548) to work on /home/airflow/.local/lib/python3.7/site-packages/airflow/example_dags/tutorial_dag.py
[2023-05-03T10:51:38.208+0000] {processor.py:799} INFO - Processing file /home/airflow/.local/lib/python3.7/site-packages/airflow/example_dags/tutorial_dag.py for tasks to queue
[2023-05-03T10:51:38.211+0000] {logging_mixin.py:149} INFO - [2023-05-03T10:51:38.210+0000] {dagbag.py:541} INFO - Filling up the DagBag from /home/airflow/.local/lib/python3.7/site-packages/airflow/example_dags/tutorial_dag.py
[2023-05-03T10:51:38.219+0000] {processor.py:809} INFO - DAG(s) dict_keys(['tutorial_dag']) retrieved from /home/airflow/.local/lib/python3.7/site-packages/airflow/example_dags/tutorial_dag.py
[2023-05-03T10:51:38.290+0000] {logging_mixin.py:149} INFO - [2023-05-03T10:51:38.290+0000] {dag.py:2726} INFO - Sync 1 DAGs
[2023-05-03T10:51:38.356+0000] {logging_mixin.py:149} INFO - [2023-05-03T10:51:38.356+0000] {dag.py:3490} INFO - Setting next_dagrun for tutorial_dag to None, run_after=None
[2023-05-03T10:51:38.417+0000] {processor.py:178} INFO - Processing /home/airflow/.local/lib/python3.7/site-packages/airflow/example_dags/tutorial_dag.py took 0.218 seconds
[2023-05-03T10:52:09.881+0000] {processor.py:156} INFO - Started process (PID=8779) to work on /home/airflow/.local/lib/python3.7/site-packages/airflow/example_dags/tutorial_dag.py
[2023-05-03T10:52:09.885+0000] {processor.py:799} INFO - Processing file /home/airflow/.local/lib/python3.7/site-packages/airflow/example_dags/tutorial_dag.py for tasks to queue
[2023-05-03T10:52:09.895+0000] {logging_mixin.py:149} INFO - [2023-05-03T10:52:09.895+0000] {dagbag.py:541} INFO - Filling up the DagBag from /home/airflow/.local/lib/python3.7/site-packages/airflow/example_dags/tutorial_dag.py
[2023-05-03T10:52:09.904+0000] {processor.py:809} INFO - DAG(s) dict_keys(['tutorial_dag']) retrieved from /home/airflow/.local/lib/python3.7/site-packages/airflow/example_dags/tutorial_dag.py
[2023-05-03T10:52:09.995+0000] {logging_mixin.py:149} INFO - [2023-05-03T10:52:09.994+0000] {dag.py:2726} INFO - Sync 1 DAGs
[2023-05-03T10:52:10.070+0000] {logging_mixin.py:149} INFO - [2023-05-03T10:52:10.070+0000] {dag.py:3490} INFO - Setting next_dagrun for tutorial_dag to None, run_after=None
[2023-05-03T10:52:10.126+0000] {processor.py:178} INFO - Processing /home/airflow/.local/lib/python3.7/site-packages/airflow/example_dags/tutorial_dag.py took 0.259 seconds
[2023-05-03T10:52:43.165+0000] {processor.py:156} INFO - Started process (PID=9015) to work on /home/airflow/.local/lib/python3.7/site-packages/airflow/example_dags/tutorial_dag.py
[2023-05-03T10:52:43.170+0000] {processor.py:799} INFO - Processing file /home/airflow/.local/lib/python3.7/site-packages/airflow/example_dags/tutorial_dag.py for tasks to queue
[2023-05-03T10:52:43.179+0000] {logging_mixin.py:149} INFO - [2023-05-03T10:52:43.178+0000] {dagbag.py:541} INFO - Filling up the DagBag from /home/airflow/.local/lib/python3.7/site-packages/airflow/example_dags/tutorial_dag.py
[2023-05-03T10:52:43.203+0000] {processor.py:809} INFO - DAG(s) dict_keys(['tutorial_dag']) retrieved from /home/airflow/.local/lib/python3.7/site-packages/airflow/example_dags/tutorial_dag.py
[2023-05-03T10:52:43.292+0000] {logging_mixin.py:149} INFO - [2023-05-03T10:52:43.292+0000] {dag.py:2726} INFO - Sync 1 DAGs
[2023-05-03T10:52:43.384+0000] {logging_mixin.py:149} INFO - [2023-05-03T10:52:43.383+0000] {dag.py:3490} INFO - Setting next_dagrun for tutorial_dag to None, run_after=None
[2023-05-03T10:52:43.516+0000] {processor.py:178} INFO - Processing /home/airflow/.local/lib/python3.7/site-packages/airflow/example_dags/tutorial_dag.py took 0.358 seconds
[2023-05-03T10:53:26.355+0000] {processor.py:156} INFO - Started process (PID=9281) to work on /home/airflow/.local/lib/python3.7/site-packages/airflow/example_dags/tutorial_dag.py
[2023-05-03T10:53:26.358+0000] {processor.py:799} INFO - Processing file /home/airflow/.local/lib/python3.7/site-packages/airflow/example_dags/tutorial_dag.py for tasks to queue
[2023-05-03T10:53:26.368+0000] {logging_mixin.py:149} INFO - [2023-05-03T10:53:26.361+0000] {dagbag.py:541} INFO - Filling up the DagBag from /home/airflow/.local/lib/python3.7/site-packages/airflow/example_dags/tutorial_dag.py
[2023-05-03T10:53:26.390+0000] {processor.py:809} INFO - DAG(s) dict_keys(['tutorial_dag']) retrieved from /home/airflow/.local/lib/python3.7/site-packages/airflow/example_dags/tutorial_dag.py
[2023-05-03T10:53:26.587+0000] {logging_mixin.py:149} INFO - [2023-05-03T10:53:26.587+0000] {dag.py:2726} INFO - Sync 1 DAGs
[2023-05-03T10:53:26.737+0000] {logging_mixin.py:149} INFO - [2023-05-03T10:53:26.737+0000] {dag.py:3490} INFO - Setting next_dagrun for tutorial_dag to None, run_after=None
[2023-05-03T10:53:26.828+0000] {processor.py:178} INFO - Processing /home/airflow/.local/lib/python3.7/site-packages/airflow/example_dags/tutorial_dag.py took 0.478 seconds
[2023-05-03T10:54:03.216+0000] {processor.py:156} INFO - Started process (PID=9513) to work on /home/airflow/.local/lib/python3.7/site-packages/airflow/example_dags/tutorial_dag.py
[2023-05-03T10:54:03.218+0000] {processor.py:799} INFO - Processing file /home/airflow/.local/lib/python3.7/site-packages/airflow/example_dags/tutorial_dag.py for tasks to queue
[2023-05-03T10:54:03.221+0000] {logging_mixin.py:149} INFO - [2023-05-03T10:54:03.220+0000] {dagbag.py:541} INFO - Filling up the DagBag from /home/airflow/.local/lib/python3.7/site-packages/airflow/example_dags/tutorial_dag.py
[2023-05-03T10:54:03.237+0000] {processor.py:809} INFO - DAG(s) dict_keys(['tutorial_dag']) retrieved from /home/airflow/.local/lib/python3.7/site-packages/airflow/example_dags/tutorial_dag.py
[2023-05-03T10:54:03.477+0000] {logging_mixin.py:149} INFO - [2023-05-03T10:54:03.469+0000] {dag.py:2726} INFO - Sync 1 DAGs
[2023-05-03T10:54:03.583+0000] {logging_mixin.py:149} INFO - [2023-05-03T10:54:03.583+0000] {dag.py:3490} INFO - Setting next_dagrun for tutorial_dag to None, run_after=None
[2023-05-03T10:54:03.660+0000] {processor.py:178} INFO - Processing /home/airflow/.local/lib/python3.7/site-packages/airflow/example_dags/tutorial_dag.py took 0.457 seconds
[2023-05-03T10:54:33.990+0000] {processor.py:156} INFO - Started process (PID=9750) to work on /home/airflow/.local/lib/python3.7/site-packages/airflow/example_dags/tutorial_dag.py
[2023-05-03T10:54:33.994+0000] {processor.py:799} INFO - Processing file /home/airflow/.local/lib/python3.7/site-packages/airflow/example_dags/tutorial_dag.py for tasks to queue
[2023-05-03T10:54:33.996+0000] {logging_mixin.py:149} INFO - [2023-05-03T10:54:33.996+0000] {dagbag.py:541} INFO - Filling up the DagBag from /home/airflow/.local/lib/python3.7/site-packages/airflow/example_dags/tutorial_dag.py
[2023-05-03T10:54:34.014+0000] {processor.py:809} INFO - DAG(s) dict_keys(['tutorial_dag']) retrieved from /home/airflow/.local/lib/python3.7/site-packages/airflow/example_dags/tutorial_dag.py
[2023-05-03T10:54:34.072+0000] {logging_mixin.py:149} INFO - [2023-05-03T10:54:34.072+0000] {dag.py:2726} INFO - Sync 1 DAGs
[2023-05-03T10:54:34.148+0000] {logging_mixin.py:149} INFO - [2023-05-03T10:54:34.148+0000] {dag.py:3490} INFO - Setting next_dagrun for tutorial_dag to None, run_after=None
[2023-05-03T10:54:34.223+0000] {processor.py:178} INFO - Processing /home/airflow/.local/lib/python3.7/site-packages/airflow/example_dags/tutorial_dag.py took 0.239 seconds
