[2023-05-03T09:31:17.887+0000] {processor.py:156} INFO - Started process (PID=234) to work on /home/airflow/.local/lib/python3.7/site-packages/airflow/example_dags/tutorial.py
[2023-05-03T09:31:17.889+0000] {processor.py:799} INFO - Processing file /home/airflow/.local/lib/python3.7/site-packages/airflow/example_dags/tutorial.py for tasks to queue
[2023-05-03T09:31:17.891+0000] {logging_mixin.py:149} INFO - [2023-05-03T09:31:17.891+0000] {dagbag.py:541} INFO - Filling up the DagBag from /home/airflow/.local/lib/python3.7/site-packages/airflow/example_dags/tutorial.py
[2023-05-03T09:31:17.912+0000] {processor.py:809} INFO - DAG(s) dict_keys(['tutorial']) retrieved from /home/airflow/.local/lib/python3.7/site-packages/airflow/example_dags/tutorial.py
[2023-05-03T09:31:18.017+0000] {logging_mixin.py:149} INFO - [2023-05-03T09:31:18.017+0000] {dag.py:2726} INFO - Sync 1 DAGs
[2023-05-03T09:31:18.085+0000] {logging_mixin.py:149} INFO - [2023-05-03T09:31:18.084+0000] {dag.py:3490} INFO - Setting next_dagrun for tutorial to 2023-05-02T09:31:18.084184+00:00, run_after=2023-05-03T09:31:18.084184+00:00
[2023-05-03T09:31:18.193+0000] {processor.py:178} INFO - Processing /home/airflow/.local/lib/python3.7/site-packages/airflow/example_dags/tutorial.py took 0.313 seconds
[2023-05-03T09:31:48.989+0000] {processor.py:156} INFO - Started process (PID=465) to work on /home/airflow/.local/lib/python3.7/site-packages/airflow/example_dags/tutorial.py
[2023-05-03T09:31:49.000+0000] {processor.py:799} INFO - Processing file /home/airflow/.local/lib/python3.7/site-packages/airflow/example_dags/tutorial.py for tasks to queue
[2023-05-03T09:31:49.002+0000] {logging_mixin.py:149} INFO - [2023-05-03T09:31:49.002+0000] {dagbag.py:541} INFO - Filling up the DagBag from /home/airflow/.local/lib/python3.7/site-packages/airflow/example_dags/tutorial.py
[2023-05-03T09:31:49.024+0000] {processor.py:809} INFO - DAG(s) dict_keys(['tutorial']) retrieved from /home/airflow/.local/lib/python3.7/site-packages/airflow/example_dags/tutorial.py
[2023-05-03T09:31:49.102+0000] {logging_mixin.py:149} INFO - [2023-05-03T09:31:49.102+0000] {dag.py:2726} INFO - Sync 1 DAGs
[2023-05-03T09:31:49.827+0000] {logging_mixin.py:149} INFO - [2023-05-03T09:31:49.827+0000] {dag.py:3490} INFO - Setting next_dagrun for tutorial to 2023-05-02T09:31:49.827028+00:00, run_after=2023-05-03T09:31:49.827028+00:00
[2023-05-03T09:31:49.929+0000] {processor.py:178} INFO - Processing /home/airflow/.local/lib/python3.7/site-packages/airflow/example_dags/tutorial.py took 0.945 seconds
[2023-05-03T09:32:28.062+0000] {processor.py:156} INFO - Started process (PID=692) to work on /home/airflow/.local/lib/python3.7/site-packages/airflow/example_dags/tutorial.py
[2023-05-03T09:32:28.064+0000] {processor.py:799} INFO - Processing file /home/airflow/.local/lib/python3.7/site-packages/airflow/example_dags/tutorial.py for tasks to queue
[2023-05-03T09:32:28.068+0000] {logging_mixin.py:149} INFO - [2023-05-03T09:32:28.065+0000] {dagbag.py:541} INFO - Filling up the DagBag from /home/airflow/.local/lib/python3.7/site-packages/airflow/example_dags/tutorial.py
[2023-05-03T09:32:28.090+0000] {processor.py:809} INFO - DAG(s) dict_keys(['tutorial']) retrieved from /home/airflow/.local/lib/python3.7/site-packages/airflow/example_dags/tutorial.py
[2023-05-03T09:32:28.164+0000] {logging_mixin.py:149} INFO - [2023-05-03T09:32:28.164+0000] {dag.py:2726} INFO - Sync 1 DAGs
[2023-05-03T09:32:28.243+0000] {logging_mixin.py:149} INFO - [2023-05-03T09:32:28.242+0000] {dag.py:3490} INFO - Setting next_dagrun for tutorial to 2023-05-02T09:32:28.242470+00:00, run_after=2023-05-03T09:32:28.242470+00:00
[2023-05-03T09:32:28.323+0000] {processor.py:178} INFO - Processing /home/airflow/.local/lib/python3.7/site-packages/airflow/example_dags/tutorial.py took 0.267 seconds
[2023-05-03T09:33:17.526+0000] {processor.py:156} INFO - Started process (PID=935) to work on /home/airflow/.local/lib/python3.7/site-packages/airflow/example_dags/tutorial.py
[2023-05-03T09:33:17.530+0000] {processor.py:799} INFO - Processing file /home/airflow/.local/lib/python3.7/site-packages/airflow/example_dags/tutorial.py for tasks to queue
[2023-05-03T09:33:17.533+0000] {logging_mixin.py:149} INFO - [2023-05-03T09:33:17.533+0000] {dagbag.py:541} INFO - Filling up the DagBag from /home/airflow/.local/lib/python3.7/site-packages/airflow/example_dags/tutorial.py
[2023-05-03T09:33:17.569+0000] {processor.py:809} INFO - DAG(s) dict_keys(['tutorial']) retrieved from /home/airflow/.local/lib/python3.7/site-packages/airflow/example_dags/tutorial.py
[2023-05-03T09:33:17.756+0000] {logging_mixin.py:149} INFO - [2023-05-03T09:33:17.755+0000] {dag.py:2726} INFO - Sync 1 DAGs
[2023-05-03T09:33:17.841+0000] {logging_mixin.py:149} INFO - [2023-05-03T09:33:17.840+0000] {dag.py:3490} INFO - Setting next_dagrun for tutorial to 2023-05-02T09:33:17.839961+00:00, run_after=2023-05-03T09:33:17.839961+00:00
[2023-05-03T09:33:17.975+0000] {processor.py:178} INFO - Processing /home/airflow/.local/lib/python3.7/site-packages/airflow/example_dags/tutorial.py took 0.464 seconds
[2023-05-03T09:33:48.918+0000] {processor.py:156} INFO - Started process (PID=1171) to work on /home/airflow/.local/lib/python3.7/site-packages/airflow/example_dags/tutorial.py
[2023-05-03T09:33:48.921+0000] {processor.py:799} INFO - Processing file /home/airflow/.local/lib/python3.7/site-packages/airflow/example_dags/tutorial.py for tasks to queue
[2023-05-03T09:33:48.924+0000] {logging_mixin.py:149} INFO - [2023-05-03T09:33:48.924+0000] {dagbag.py:541} INFO - Filling up the DagBag from /home/airflow/.local/lib/python3.7/site-packages/airflow/example_dags/tutorial.py
[2023-05-03T09:33:48.936+0000] {processor.py:809} INFO - DAG(s) dict_keys(['tutorial']) retrieved from /home/airflow/.local/lib/python3.7/site-packages/airflow/example_dags/tutorial.py
[2023-05-03T09:33:48.986+0000] {logging_mixin.py:149} INFO - [2023-05-03T09:33:48.986+0000] {dag.py:2726} INFO - Sync 1 DAGs
[2023-05-03T09:33:49.028+0000] {logging_mixin.py:149} INFO - [2023-05-03T09:33:49.028+0000] {dag.py:3490} INFO - Setting next_dagrun for tutorial to 2023-05-02T09:33:49.027879+00:00, run_after=2023-05-03T09:33:49.027879+00:00
[2023-05-03T09:33:49.113+0000] {processor.py:178} INFO - Processing /home/airflow/.local/lib/python3.7/site-packages/airflow/example_dags/tutorial.py took 0.199 seconds
[2023-05-03T09:34:20.592+0000] {processor.py:156} INFO - Started process (PID=1406) to work on /home/airflow/.local/lib/python3.7/site-packages/airflow/example_dags/tutorial.py
[2023-05-03T09:34:20.604+0000] {processor.py:799} INFO - Processing file /home/airflow/.local/lib/python3.7/site-packages/airflow/example_dags/tutorial.py for tasks to queue
[2023-05-03T09:34:20.606+0000] {logging_mixin.py:149} INFO - [2023-05-03T09:34:20.605+0000] {dagbag.py:541} INFO - Filling up the DagBag from /home/airflow/.local/lib/python3.7/site-packages/airflow/example_dags/tutorial.py
[2023-05-03T09:34:20.658+0000] {processor.py:809} INFO - DAG(s) dict_keys(['tutorial']) retrieved from /home/airflow/.local/lib/python3.7/site-packages/airflow/example_dags/tutorial.py
[2023-05-03T09:34:20.828+0000] {logging_mixin.py:149} INFO - [2023-05-03T09:34:20.826+0000] {dag.py:2726} INFO - Sync 1 DAGs
[2023-05-03T09:34:20.993+0000] {logging_mixin.py:149} INFO - [2023-05-03T09:34:20.993+0000] {dag.py:3490} INFO - Setting next_dagrun for tutorial to 2023-05-02T09:34:20.989035+00:00, run_after=2023-05-03T09:34:20.989035+00:00
[2023-05-03T09:34:21.085+0000] {processor.py:178} INFO - Processing /home/airflow/.local/lib/python3.7/site-packages/airflow/example_dags/tutorial.py took 0.498 seconds
[2023-05-03T09:34:51.256+0000] {processor.py:156} INFO - Started process (PID=1644) to work on /home/airflow/.local/lib/python3.7/site-packages/airflow/example_dags/tutorial.py
[2023-05-03T09:34:51.259+0000] {processor.py:799} INFO - Processing file /home/airflow/.local/lib/python3.7/site-packages/airflow/example_dags/tutorial.py for tasks to queue
[2023-05-03T09:34:51.261+0000] {logging_mixin.py:149} INFO - [2023-05-03T09:34:51.261+0000] {dagbag.py:541} INFO - Filling up the DagBag from /home/airflow/.local/lib/python3.7/site-packages/airflow/example_dags/tutorial.py
[2023-05-03T09:34:51.272+0000] {processor.py:809} INFO - DAG(s) dict_keys(['tutorial']) retrieved from /home/airflow/.local/lib/python3.7/site-packages/airflow/example_dags/tutorial.py
[2023-05-03T09:34:51.311+0000] {logging_mixin.py:149} INFO - [2023-05-03T09:34:51.311+0000] {dag.py:2726} INFO - Sync 1 DAGs
[2023-05-03T09:34:51.362+0000] {logging_mixin.py:149} INFO - [2023-05-03T09:34:51.362+0000] {dag.py:3490} INFO - Setting next_dagrun for tutorial to 2023-05-02T09:34:51.362286+00:00, run_after=2023-05-03T09:34:51.362286+00:00
[2023-05-03T09:34:51.402+0000] {processor.py:178} INFO - Processing /home/airflow/.local/lib/python3.7/site-packages/airflow/example_dags/tutorial.py took 0.151 seconds
[2023-05-03T09:35:22.106+0000] {processor.py:156} INFO - Started process (PID=1878) to work on /home/airflow/.local/lib/python3.7/site-packages/airflow/example_dags/tutorial.py
[2023-05-03T09:35:22.109+0000] {processor.py:799} INFO - Processing file /home/airflow/.local/lib/python3.7/site-packages/airflow/example_dags/tutorial.py for tasks to queue
[2023-05-03T09:35:22.117+0000] {logging_mixin.py:149} INFO - [2023-05-03T09:35:22.116+0000] {dagbag.py:541} INFO - Filling up the DagBag from /home/airflow/.local/lib/python3.7/site-packages/airflow/example_dags/tutorial.py
[2023-05-03T09:35:22.133+0000] {processor.py:809} INFO - DAG(s) dict_keys(['tutorial']) retrieved from /home/airflow/.local/lib/python3.7/site-packages/airflow/example_dags/tutorial.py
[2023-05-03T09:35:22.248+0000] {logging_mixin.py:149} INFO - [2023-05-03T09:35:22.248+0000] {dag.py:2726} INFO - Sync 1 DAGs
[2023-05-03T09:35:22.333+0000] {logging_mixin.py:149} INFO - [2023-05-03T09:35:22.332+0000] {dag.py:3490} INFO - Setting next_dagrun for tutorial to 2023-05-02T09:35:22.332328+00:00, run_after=2023-05-03T09:35:22.332328+00:00
[2023-05-03T09:35:22.391+0000] {processor.py:178} INFO - Processing /home/airflow/.local/lib/python3.7/site-packages/airflow/example_dags/tutorial.py took 0.299 seconds
[2023-05-03T09:35:55.271+0000] {processor.py:156} INFO - Started process (PID=2106) to work on /home/airflow/.local/lib/python3.7/site-packages/airflow/example_dags/tutorial.py
[2023-05-03T09:35:55.280+0000] {processor.py:799} INFO - Processing file /home/airflow/.local/lib/python3.7/site-packages/airflow/example_dags/tutorial.py for tasks to queue
[2023-05-03T09:35:55.283+0000] {logging_mixin.py:149} INFO - [2023-05-03T09:35:55.283+0000] {dagbag.py:541} INFO - Filling up the DagBag from /home/airflow/.local/lib/python3.7/site-packages/airflow/example_dags/tutorial.py
[2023-05-03T09:35:55.305+0000] {processor.py:809} INFO - DAG(s) dict_keys(['tutorial']) retrieved from /home/airflow/.local/lib/python3.7/site-packages/airflow/example_dags/tutorial.py
[2023-05-03T09:35:55.383+0000] {logging_mixin.py:149} INFO - [2023-05-03T09:35:55.382+0000] {dag.py:2726} INFO - Sync 1 DAGs
[2023-05-03T09:35:55.469+0000] {logging_mixin.py:149} INFO - [2023-05-03T09:35:55.459+0000] {dag.py:3490} INFO - Setting next_dagrun for tutorial to 2023-05-02T09:35:55.459509+00:00, run_after=2023-05-03T09:35:55.459509+00:00
[2023-05-03T09:35:55.571+0000] {processor.py:178} INFO - Processing /home/airflow/.local/lib/python3.7/site-packages/airflow/example_dags/tutorial.py took 0.315 seconds
[2023-05-03T09:36:25.771+0000] {processor.py:156} INFO - Started process (PID=2344) to work on /home/airflow/.local/lib/python3.7/site-packages/airflow/example_dags/tutorial.py
[2023-05-03T09:36:25.775+0000] {processor.py:799} INFO - Processing file /home/airflow/.local/lib/python3.7/site-packages/airflow/example_dags/tutorial.py for tasks to queue
[2023-05-03T09:36:25.776+0000] {logging_mixin.py:149} INFO - [2023-05-03T09:36:25.776+0000] {dagbag.py:541} INFO - Filling up the DagBag from /home/airflow/.local/lib/python3.7/site-packages/airflow/example_dags/tutorial.py
[2023-05-03T09:36:25.785+0000] {processor.py:809} INFO - DAG(s) dict_keys(['tutorial']) retrieved from /home/airflow/.local/lib/python3.7/site-packages/airflow/example_dags/tutorial.py
[2023-05-03T09:36:25.826+0000] {logging_mixin.py:149} INFO - [2023-05-03T09:36:25.826+0000] {dag.py:2726} INFO - Sync 1 DAGs
[2023-05-03T09:36:25.863+0000] {logging_mixin.py:149} INFO - [2023-05-03T09:36:25.862+0000] {dag.py:3490} INFO - Setting next_dagrun for tutorial to 2023-05-02T09:36:25.862609+00:00, run_after=2023-05-03T09:36:25.862609+00:00
[2023-05-03T09:36:25.899+0000] {processor.py:178} INFO - Processing /home/airflow/.local/lib/python3.7/site-packages/airflow/example_dags/tutorial.py took 0.131 seconds
[2023-05-03T09:36:57.023+0000] {processor.py:156} INFO - Started process (PID=2577) to work on /home/airflow/.local/lib/python3.7/site-packages/airflow/example_dags/tutorial.py
[2023-05-03T09:36:57.025+0000] {processor.py:799} INFO - Processing file /home/airflow/.local/lib/python3.7/site-packages/airflow/example_dags/tutorial.py for tasks to queue
[2023-05-03T09:36:57.027+0000] {logging_mixin.py:149} INFO - [2023-05-03T09:36:57.027+0000] {dagbag.py:541} INFO - Filling up the DagBag from /home/airflow/.local/lib/python3.7/site-packages/airflow/example_dags/tutorial.py
[2023-05-03T09:36:57.044+0000] {processor.py:809} INFO - DAG(s) dict_keys(['tutorial']) retrieved from /home/airflow/.local/lib/python3.7/site-packages/airflow/example_dags/tutorial.py
[2023-05-03T09:36:57.123+0000] {logging_mixin.py:149} INFO - [2023-05-03T09:36:57.123+0000] {dag.py:2726} INFO - Sync 1 DAGs
[2023-05-03T09:36:57.282+0000] {logging_mixin.py:149} INFO - [2023-05-03T09:36:57.282+0000] {dag.py:3490} INFO - Setting next_dagrun for tutorial to 2023-05-02T09:36:57.281111+00:00, run_after=2023-05-03T09:36:57.281111+00:00
[2023-05-03T09:36:57.359+0000] {processor.py:178} INFO - Processing /home/airflow/.local/lib/python3.7/site-packages/airflow/example_dags/tutorial.py took 0.342 seconds
[2023-05-03T09:37:27.678+0000] {processor.py:156} INFO - Started process (PID=2795) to work on /home/airflow/.local/lib/python3.7/site-packages/airflow/example_dags/tutorial.py
[2023-05-03T09:37:27.680+0000] {processor.py:799} INFO - Processing file /home/airflow/.local/lib/python3.7/site-packages/airflow/example_dags/tutorial.py for tasks to queue
[2023-05-03T09:37:27.682+0000] {logging_mixin.py:149} INFO - [2023-05-03T09:37:27.681+0000] {dagbag.py:541} INFO - Filling up the DagBag from /home/airflow/.local/lib/python3.7/site-packages/airflow/example_dags/tutorial.py
[2023-05-03T09:37:27.693+0000] {processor.py:809} INFO - DAG(s) dict_keys(['tutorial']) retrieved from /home/airflow/.local/lib/python3.7/site-packages/airflow/example_dags/tutorial.py
[2023-05-03T09:37:27.732+0000] {logging_mixin.py:149} INFO - [2023-05-03T09:37:27.731+0000] {dag.py:2726} INFO - Sync 1 DAGs
[2023-05-03T09:37:27.773+0000] {logging_mixin.py:149} INFO - [2023-05-03T09:37:27.773+0000] {dag.py:3490} INFO - Setting next_dagrun for tutorial to 2023-05-02T09:37:27.773163+00:00, run_after=2023-05-03T09:37:27.773163+00:00
[2023-05-03T09:37:27.811+0000] {processor.py:178} INFO - Processing /home/airflow/.local/lib/python3.7/site-packages/airflow/example_dags/tutorial.py took 0.137 seconds
[2023-05-03T09:38:02.276+0000] {processor.py:156} INFO - Started process (PID=3029) to work on /home/airflow/.local/lib/python3.7/site-packages/airflow/example_dags/tutorial.py
[2023-05-03T09:38:02.281+0000] {processor.py:799} INFO - Processing file /home/airflow/.local/lib/python3.7/site-packages/airflow/example_dags/tutorial.py for tasks to queue
[2023-05-03T09:38:02.283+0000] {logging_mixin.py:149} INFO - [2023-05-03T09:38:02.283+0000] {dagbag.py:541} INFO - Filling up the DagBag from /home/airflow/.local/lib/python3.7/site-packages/airflow/example_dags/tutorial.py
[2023-05-03T09:38:02.302+0000] {processor.py:809} INFO - DAG(s) dict_keys(['tutorial']) retrieved from /home/airflow/.local/lib/python3.7/site-packages/airflow/example_dags/tutorial.py
[2023-05-03T09:38:02.387+0000] {logging_mixin.py:149} INFO - [2023-05-03T09:38:02.387+0000] {dag.py:2726} INFO - Sync 1 DAGs
[2023-05-03T09:38:02.451+0000] {logging_mixin.py:149} INFO - [2023-05-03T09:38:02.450+0000] {dag.py:3490} INFO - Setting next_dagrun for tutorial to 2023-05-02T09:38:02.449924+00:00, run_after=2023-05-03T09:38:02.449924+00:00
[2023-05-03T09:38:02.495+0000] {processor.py:178} INFO - Processing /home/airflow/.local/lib/python3.7/site-packages/airflow/example_dags/tutorial.py took 0.225 seconds
[2023-05-03T09:38:35.616+0000] {processor.py:156} INFO - Started process (PID=3245) to work on /home/airflow/.local/lib/python3.7/site-packages/airflow/example_dags/tutorial.py
[2023-05-03T09:38:35.618+0000] {processor.py:799} INFO - Processing file /home/airflow/.local/lib/python3.7/site-packages/airflow/example_dags/tutorial.py for tasks to queue
[2023-05-03T09:38:35.620+0000] {logging_mixin.py:149} INFO - [2023-05-03T09:38:35.620+0000] {dagbag.py:541} INFO - Filling up the DagBag from /home/airflow/.local/lib/python3.7/site-packages/airflow/example_dags/tutorial.py
[2023-05-03T09:38:35.631+0000] {processor.py:809} INFO - DAG(s) dict_keys(['tutorial']) retrieved from /home/airflow/.local/lib/python3.7/site-packages/airflow/example_dags/tutorial.py
[2023-05-03T09:38:35.666+0000] {logging_mixin.py:149} INFO - [2023-05-03T09:38:35.666+0000] {dag.py:2726} INFO - Sync 1 DAGs
[2023-05-03T09:38:35.732+0000] {logging_mixin.py:149} INFO - [2023-05-03T09:38:35.732+0000] {dag.py:3490} INFO - Setting next_dagrun for tutorial to 2023-05-02T09:38:35.731592+00:00, run_after=2023-05-03T09:38:35.731592+00:00
[2023-05-03T09:38:35.774+0000] {processor.py:178} INFO - Processing /home/airflow/.local/lib/python3.7/site-packages/airflow/example_dags/tutorial.py took 0.164 seconds
[2023-05-03T09:39:07.155+0000] {processor.py:156} INFO - Started process (PID=3481) to work on /home/airflow/.local/lib/python3.7/site-packages/airflow/example_dags/tutorial.py
[2023-05-03T09:39:07.160+0000] {processor.py:799} INFO - Processing file /home/airflow/.local/lib/python3.7/site-packages/airflow/example_dags/tutorial.py for tasks to queue
[2023-05-03T09:39:07.161+0000] {logging_mixin.py:149} INFO - [2023-05-03T09:39:07.161+0000] {dagbag.py:541} INFO - Filling up the DagBag from /home/airflow/.local/lib/python3.7/site-packages/airflow/example_dags/tutorial.py
[2023-05-03T09:39:07.174+0000] {processor.py:809} INFO - DAG(s) dict_keys(['tutorial']) retrieved from /home/airflow/.local/lib/python3.7/site-packages/airflow/example_dags/tutorial.py
[2023-05-03T09:39:07.219+0000] {logging_mixin.py:149} INFO - [2023-05-03T09:39:07.218+0000] {dag.py:2726} INFO - Sync 1 DAGs
[2023-05-03T09:39:07.260+0000] {logging_mixin.py:149} INFO - [2023-05-03T09:39:07.260+0000] {dag.py:3490} INFO - Setting next_dagrun for tutorial to 2023-05-02T09:39:07.259957+00:00, run_after=2023-05-03T09:39:07.259957+00:00
[2023-05-03T09:39:07.311+0000] {processor.py:178} INFO - Processing /home/airflow/.local/lib/python3.7/site-packages/airflow/example_dags/tutorial.py took 0.161 seconds
[2023-05-03T09:39:38.649+0000] {processor.py:156} INFO - Started process (PID=3708) to work on /home/airflow/.local/lib/python3.7/site-packages/airflow/example_dags/tutorial.py
[2023-05-03T09:39:38.651+0000] {processor.py:799} INFO - Processing file /home/airflow/.local/lib/python3.7/site-packages/airflow/example_dags/tutorial.py for tasks to queue
[2023-05-03T09:39:38.656+0000] {logging_mixin.py:149} INFO - [2023-05-03T09:39:38.655+0000] {dagbag.py:541} INFO - Filling up the DagBag from /home/airflow/.local/lib/python3.7/site-packages/airflow/example_dags/tutorial.py
[2023-05-03T09:39:38.669+0000] {processor.py:809} INFO - DAG(s) dict_keys(['tutorial']) retrieved from /home/airflow/.local/lib/python3.7/site-packages/airflow/example_dags/tutorial.py
[2023-05-03T09:39:38.735+0000] {logging_mixin.py:149} INFO - [2023-05-03T09:39:38.735+0000] {dag.py:2726} INFO - Sync 1 DAGs
[2023-05-03T09:39:38.809+0000] {logging_mixin.py:149} INFO - [2023-05-03T09:39:38.808+0000] {dag.py:3490} INFO - Setting next_dagrun for tutorial to 2023-05-02T09:39:38.808217+00:00, run_after=2023-05-03T09:39:38.808217+00:00
[2023-05-03T09:39:38.851+0000] {processor.py:178} INFO - Processing /home/airflow/.local/lib/python3.7/site-packages/airflow/example_dags/tutorial.py took 0.207 seconds
[2023-05-03T09:40:09.222+0000] {processor.py:156} INFO - Started process (PID=3944) to work on /home/airflow/.local/lib/python3.7/site-packages/airflow/example_dags/tutorial.py
[2023-05-03T09:40:09.225+0000] {processor.py:799} INFO - Processing file /home/airflow/.local/lib/python3.7/site-packages/airflow/example_dags/tutorial.py for tasks to queue
[2023-05-03T09:40:09.226+0000] {logging_mixin.py:149} INFO - [2023-05-03T09:40:09.226+0000] {dagbag.py:541} INFO - Filling up the DagBag from /home/airflow/.local/lib/python3.7/site-packages/airflow/example_dags/tutorial.py
[2023-05-03T09:40:09.237+0000] {processor.py:809} INFO - DAG(s) dict_keys(['tutorial']) retrieved from /home/airflow/.local/lib/python3.7/site-packages/airflow/example_dags/tutorial.py
[2023-05-03T09:40:09.280+0000] {logging_mixin.py:149} INFO - [2023-05-03T09:40:09.280+0000] {dag.py:2726} INFO - Sync 1 DAGs
[2023-05-03T09:40:09.327+0000] {logging_mixin.py:149} INFO - [2023-05-03T09:40:09.327+0000] {dag.py:3490} INFO - Setting next_dagrun for tutorial to 2023-05-02T09:40:09.327080+00:00, run_after=2023-05-03T09:40:09.327080+00:00
[2023-05-03T09:40:09.362+0000] {processor.py:178} INFO - Processing /home/airflow/.local/lib/python3.7/site-packages/airflow/example_dags/tutorial.py took 0.146 seconds
[2023-05-03T09:40:39.677+0000] {processor.py:156} INFO - Started process (PID=4150) to work on /home/airflow/.local/lib/python3.7/site-packages/airflow/example_dags/tutorial.py
[2023-05-03T09:40:39.679+0000] {processor.py:799} INFO - Processing file /home/airflow/.local/lib/python3.7/site-packages/airflow/example_dags/tutorial.py for tasks to queue
[2023-05-03T09:40:39.681+0000] {logging_mixin.py:149} INFO - [2023-05-03T09:40:39.681+0000] {dagbag.py:541} INFO - Filling up the DagBag from /home/airflow/.local/lib/python3.7/site-packages/airflow/example_dags/tutorial.py
[2023-05-03T09:40:39.693+0000] {processor.py:809} INFO - DAG(s) dict_keys(['tutorial']) retrieved from /home/airflow/.local/lib/python3.7/site-packages/airflow/example_dags/tutorial.py
[2023-05-03T09:40:39.734+0000] {logging_mixin.py:149} INFO - [2023-05-03T09:40:39.734+0000] {dag.py:2726} INFO - Sync 1 DAGs
[2023-05-03T09:40:39.770+0000] {logging_mixin.py:149} INFO - [2023-05-03T09:40:39.770+0000] {dag.py:3490} INFO - Setting next_dagrun for tutorial to 2023-05-02T09:40:39.769625+00:00, run_after=2023-05-03T09:40:39.769625+00:00
[2023-05-03T09:40:39.802+0000] {processor.py:178} INFO - Processing /home/airflow/.local/lib/python3.7/site-packages/airflow/example_dags/tutorial.py took 0.134 seconds
[2023-05-03T09:41:10.129+0000] {processor.py:156} INFO - Started process (PID=4376) to work on /home/airflow/.local/lib/python3.7/site-packages/airflow/example_dags/tutorial.py
[2023-05-03T09:41:10.130+0000] {processor.py:799} INFO - Processing file /home/airflow/.local/lib/python3.7/site-packages/airflow/example_dags/tutorial.py for tasks to queue
[2023-05-03T09:41:10.132+0000] {logging_mixin.py:149} INFO - [2023-05-03T09:41:10.132+0000] {dagbag.py:541} INFO - Filling up the DagBag from /home/airflow/.local/lib/python3.7/site-packages/airflow/example_dags/tutorial.py
[2023-05-03T09:41:10.142+0000] {processor.py:809} INFO - DAG(s) dict_keys(['tutorial']) retrieved from /home/airflow/.local/lib/python3.7/site-packages/airflow/example_dags/tutorial.py
[2023-05-03T09:41:10.180+0000] {logging_mixin.py:149} INFO - [2023-05-03T09:41:10.180+0000] {dag.py:2726} INFO - Sync 1 DAGs
[2023-05-03T09:41:10.232+0000] {logging_mixin.py:149} INFO - [2023-05-03T09:41:10.231+0000] {dag.py:3490} INFO - Setting next_dagrun for tutorial to 2023-05-02T09:41:10.231561+00:00, run_after=2023-05-03T09:41:10.231561+00:00
[2023-05-03T09:41:10.270+0000] {processor.py:178} INFO - Processing /home/airflow/.local/lib/python3.7/site-packages/airflow/example_dags/tutorial.py took 0.146 seconds
[2023-05-03T09:41:40.531+0000] {processor.py:156} INFO - Started process (PID=4567) to work on /home/airflow/.local/lib/python3.7/site-packages/airflow/example_dags/tutorial.py
[2023-05-03T09:41:40.533+0000] {processor.py:799} INFO - Processing file /home/airflow/.local/lib/python3.7/site-packages/airflow/example_dags/tutorial.py for tasks to queue
[2023-05-03T09:41:40.535+0000] {logging_mixin.py:149} INFO - [2023-05-03T09:41:40.535+0000] {dagbag.py:541} INFO - Filling up the DagBag from /home/airflow/.local/lib/python3.7/site-packages/airflow/example_dags/tutorial.py
[2023-05-03T09:41:40.545+0000] {processor.py:809} INFO - DAG(s) dict_keys(['tutorial']) retrieved from /home/airflow/.local/lib/python3.7/site-packages/airflow/example_dags/tutorial.py
[2023-05-03T09:41:40.585+0000] {logging_mixin.py:149} INFO - [2023-05-03T09:41:40.583+0000] {dag.py:2726} INFO - Sync 1 DAGs
[2023-05-03T09:41:40.651+0000] {logging_mixin.py:149} INFO - [2023-05-03T09:41:40.650+0000] {dag.py:3490} INFO - Setting next_dagrun for tutorial to 2023-05-02T09:41:40.649586+00:00, run_after=2023-05-03T09:41:40.649586+00:00
[2023-05-03T09:41:40.694+0000] {processor.py:178} INFO - Processing /home/airflow/.local/lib/python3.7/site-packages/airflow/example_dags/tutorial.py took 0.167 seconds
[2023-05-03T09:44:36.507+0000] {processor.py:156} INFO - Started process (PID=234) to work on /home/airflow/.local/lib/python3.7/site-packages/airflow/example_dags/tutorial.py
[2023-05-03T09:44:36.509+0000] {processor.py:799} INFO - Processing file /home/airflow/.local/lib/python3.7/site-packages/airflow/example_dags/tutorial.py for tasks to queue
[2023-05-03T09:44:36.514+0000] {logging_mixin.py:149} INFO - [2023-05-03T09:44:36.514+0000] {dagbag.py:541} INFO - Filling up the DagBag from /home/airflow/.local/lib/python3.7/site-packages/airflow/example_dags/tutorial.py
[2023-05-03T09:44:36.795+0000] {processor.py:809} INFO - DAG(s) dict_keys(['tutorial']) retrieved from /home/airflow/.local/lib/python3.7/site-packages/airflow/example_dags/tutorial.py
[2023-05-03T09:44:37.929+0000] {logging_mixin.py:149} INFO - [2023-05-03T09:44:37.929+0000] {dag.py:2726} INFO - Sync 1 DAGs
[2023-05-03T09:44:38.090+0000] {logging_mixin.py:149} INFO - [2023-05-03T09:44:38.090+0000] {dag.py:3490} INFO - Setting next_dagrun for tutorial to 2023-05-02T09:44:38.082439+00:00, run_after=2023-05-03T09:44:38.082439+00:00
[2023-05-03T09:44:38.203+0000] {processor.py:178} INFO - Processing /home/airflow/.local/lib/python3.7/site-packages/airflow/example_dags/tutorial.py took 1.708 seconds
[2023-05-03T09:45:09.025+0000] {processor.py:156} INFO - Started process (PID=468) to work on /home/airflow/.local/lib/python3.7/site-packages/airflow/example_dags/tutorial.py
[2023-05-03T09:45:09.028+0000] {processor.py:799} INFO - Processing file /home/airflow/.local/lib/python3.7/site-packages/airflow/example_dags/tutorial.py for tasks to queue
[2023-05-03T09:45:09.030+0000] {logging_mixin.py:149} INFO - [2023-05-03T09:45:09.030+0000] {dagbag.py:541} INFO - Filling up the DagBag from /home/airflow/.local/lib/python3.7/site-packages/airflow/example_dags/tutorial.py
[2023-05-03T09:45:09.044+0000] {processor.py:809} INFO - DAG(s) dict_keys(['tutorial']) retrieved from /home/airflow/.local/lib/python3.7/site-packages/airflow/example_dags/tutorial.py
[2023-05-03T09:45:09.168+0000] {logging_mixin.py:149} INFO - [2023-05-03T09:45:09.168+0000] {dag.py:2726} INFO - Sync 1 DAGs
[2023-05-03T09:45:09.299+0000] {logging_mixin.py:149} INFO - [2023-05-03T09:45:09.291+0000] {dag.py:3490} INFO - Setting next_dagrun for tutorial to 2023-05-02T09:45:09.291394+00:00, run_after=2023-05-03T09:45:09.291394+00:00
[2023-05-03T09:45:09.522+0000] {processor.py:178} INFO - Processing /home/airflow/.local/lib/python3.7/site-packages/airflow/example_dags/tutorial.py took 0.501 seconds
[2023-05-03T09:46:32.032+0000] {processor.py:156} INFO - Started process (PID=586) to work on /home/airflow/.local/lib/python3.7/site-packages/airflow/example_dags/tutorial.py
[2023-05-03T09:46:32.051+0000] {processor.py:799} INFO - Processing file /home/airflow/.local/lib/python3.7/site-packages/airflow/example_dags/tutorial.py for tasks to queue
[2023-05-03T09:46:32.076+0000] {logging_mixin.py:149} INFO - [2023-05-03T09:46:32.063+0000] {dagbag.py:541} INFO - Filling up the DagBag from /home/airflow/.local/lib/python3.7/site-packages/airflow/example_dags/tutorial.py
[2023-05-03T09:46:32.196+0000] {processor.py:809} INFO - DAG(s) dict_keys(['tutorial']) retrieved from /home/airflow/.local/lib/python3.7/site-packages/airflow/example_dags/tutorial.py
[2023-05-03T09:46:32.323+0000] {logging_mixin.py:149} INFO - [2023-05-03T09:46:32.322+0000] {dag.py:2726} INFO - Sync 1 DAGs
[2023-05-03T09:46:32.476+0000] {logging_mixin.py:149} INFO - [2023-05-03T09:46:32.476+0000] {dag.py:3490} INFO - Setting next_dagrun for tutorial to 2023-05-02T09:46:32.476050+00:00, run_after=2023-05-03T09:46:32.476050+00:00
[2023-05-03T09:46:32.613+0000] {processor.py:178} INFO - Processing /home/airflow/.local/lib/python3.7/site-packages/airflow/example_dags/tutorial.py took 0.585 seconds
[2023-05-03T09:47:34.227+0000] {processor.py:156} INFO - Started process (PID=820) to work on /home/airflow/.local/lib/python3.7/site-packages/airflow/example_dags/tutorial.py
[2023-05-03T09:47:34.262+0000] {processor.py:799} INFO - Processing file /home/airflow/.local/lib/python3.7/site-packages/airflow/example_dags/tutorial.py for tasks to queue
[2023-05-03T09:47:34.264+0000] {logging_mixin.py:149} INFO - [2023-05-03T09:47:34.264+0000] {dagbag.py:541} INFO - Filling up the DagBag from /home/airflow/.local/lib/python3.7/site-packages/airflow/example_dags/tutorial.py
[2023-05-03T09:47:34.280+0000] {processor.py:809} INFO - DAG(s) dict_keys(['tutorial']) retrieved from /home/airflow/.local/lib/python3.7/site-packages/airflow/example_dags/tutorial.py
[2023-05-03T09:47:34.401+0000] {logging_mixin.py:149} INFO - [2023-05-03T09:47:34.401+0000] {dag.py:2726} INFO - Sync 1 DAGs
[2023-05-03T09:47:34.489+0000] {logging_mixin.py:149} INFO - [2023-05-03T09:47:34.489+0000] {dag.py:3490} INFO - Setting next_dagrun for tutorial to 2023-05-02T09:47:34.489075+00:00, run_after=2023-05-03T09:47:34.489075+00:00
[2023-05-03T09:47:34.620+0000] {processor.py:178} INFO - Processing /home/airflow/.local/lib/python3.7/site-packages/airflow/example_dags/tutorial.py took 0.397 seconds
[2023-05-03T09:48:20.374+0000] {processor.py:156} INFO - Started process (PID=1046) to work on /home/airflow/.local/lib/python3.7/site-packages/airflow/example_dags/tutorial.py
[2023-05-03T09:48:20.394+0000] {processor.py:799} INFO - Processing file /home/airflow/.local/lib/python3.7/site-packages/airflow/example_dags/tutorial.py for tasks to queue
[2023-05-03T09:48:20.400+0000] {logging_mixin.py:149} INFO - [2023-05-03T09:48:20.399+0000] {dagbag.py:541} INFO - Filling up the DagBag from /home/airflow/.local/lib/python3.7/site-packages/airflow/example_dags/tutorial.py
[2023-05-03T09:48:20.462+0000] {processor.py:809} INFO - DAG(s) dict_keys(['tutorial']) retrieved from /home/airflow/.local/lib/python3.7/site-packages/airflow/example_dags/tutorial.py
[2023-05-03T09:48:20.867+0000] {logging_mixin.py:149} INFO - [2023-05-03T09:48:20.866+0000] {dag.py:2726} INFO - Sync 1 DAGs
[2023-05-03T09:48:21.183+0000] {logging_mixin.py:149} INFO - [2023-05-03T09:48:21.183+0000] {dag.py:3490} INFO - Setting next_dagrun for tutorial to 2023-05-02T09:48:21.182839+00:00, run_after=2023-05-03T09:48:21.182839+00:00
[2023-05-03T09:48:21.407+0000] {processor.py:178} INFO - Processing /home/airflow/.local/lib/python3.7/site-packages/airflow/example_dags/tutorial.py took 1.050 seconds
[2023-05-03T09:48:51.885+0000] {processor.py:156} INFO - Started process (PID=1279) to work on /home/airflow/.local/lib/python3.7/site-packages/airflow/example_dags/tutorial.py
[2023-05-03T09:48:51.888+0000] {processor.py:799} INFO - Processing file /home/airflow/.local/lib/python3.7/site-packages/airflow/example_dags/tutorial.py for tasks to queue
[2023-05-03T09:48:51.890+0000] {logging_mixin.py:149} INFO - [2023-05-03T09:48:51.890+0000] {dagbag.py:541} INFO - Filling up the DagBag from /home/airflow/.local/lib/python3.7/site-packages/airflow/example_dags/tutorial.py
[2023-05-03T09:48:51.927+0000] {processor.py:809} INFO - DAG(s) dict_keys(['tutorial']) retrieved from /home/airflow/.local/lib/python3.7/site-packages/airflow/example_dags/tutorial.py
[2023-05-03T09:48:52.011+0000] {logging_mixin.py:149} INFO - [2023-05-03T09:48:52.011+0000] {dag.py:2726} INFO - Sync 1 DAGs
[2023-05-03T09:48:52.101+0000] {logging_mixin.py:149} INFO - [2023-05-03T09:48:52.100+0000] {dag.py:3490} INFO - Setting next_dagrun for tutorial to 2023-05-02T09:48:52.100425+00:00, run_after=2023-05-03T09:48:52.100425+00:00
[2023-05-03T09:48:52.168+0000] {processor.py:178} INFO - Processing /home/airflow/.local/lib/python3.7/site-packages/airflow/example_dags/tutorial.py took 0.300 seconds
[2023-05-03T09:49:47.302+0000] {processor.py:156} INFO - Started process (PID=1508) to work on /home/airflow/.local/lib/python3.7/site-packages/airflow/example_dags/tutorial.py
[2023-05-03T09:49:47.307+0000] {processor.py:799} INFO - Processing file /home/airflow/.local/lib/python3.7/site-packages/airflow/example_dags/tutorial.py for tasks to queue
[2023-05-03T09:49:47.311+0000] {logging_mixin.py:149} INFO - [2023-05-03T09:49:47.311+0000] {dagbag.py:541} INFO - Filling up the DagBag from /home/airflow/.local/lib/python3.7/site-packages/airflow/example_dags/tutorial.py
[2023-05-03T09:49:47.325+0000] {processor.py:809} INFO - DAG(s) dict_keys(['tutorial']) retrieved from /home/airflow/.local/lib/python3.7/site-packages/airflow/example_dags/tutorial.py
[2023-05-03T09:49:47.387+0000] {logging_mixin.py:149} INFO - [2023-05-03T09:49:47.387+0000] {dag.py:2726} INFO - Sync 1 DAGs
[2023-05-03T09:49:47.465+0000] {logging_mixin.py:149} INFO - [2023-05-03T09:49:47.464+0000] {dag.py:3490} INFO - Setting next_dagrun for tutorial to 2023-05-02T09:49:47.464417+00:00, run_after=2023-05-03T09:49:47.464417+00:00
[2023-05-03T09:49:47.531+0000] {processor.py:178} INFO - Processing /home/airflow/.local/lib/python3.7/site-packages/airflow/example_dags/tutorial.py took 0.234 seconds
[2023-05-03T09:50:18.479+0000] {processor.py:156} INFO - Started process (PID=1744) to work on /home/airflow/.local/lib/python3.7/site-packages/airflow/example_dags/tutorial.py
[2023-05-03T09:50:18.481+0000] {processor.py:799} INFO - Processing file /home/airflow/.local/lib/python3.7/site-packages/airflow/example_dags/tutorial.py for tasks to queue
[2023-05-03T09:50:18.483+0000] {logging_mixin.py:149} INFO - [2023-05-03T09:50:18.482+0000] {dagbag.py:541} INFO - Filling up the DagBag from /home/airflow/.local/lib/python3.7/site-packages/airflow/example_dags/tutorial.py
[2023-05-03T09:50:18.500+0000] {processor.py:809} INFO - DAG(s) dict_keys(['tutorial']) retrieved from /home/airflow/.local/lib/python3.7/site-packages/airflow/example_dags/tutorial.py
[2023-05-03T09:50:18.577+0000] {logging_mixin.py:149} INFO - [2023-05-03T09:50:18.577+0000] {dag.py:2726} INFO - Sync 1 DAGs
[2023-05-03T09:50:18.662+0000] {logging_mixin.py:149} INFO - [2023-05-03T09:50:18.662+0000] {dag.py:3490} INFO - Setting next_dagrun for tutorial to 2023-05-02T09:50:18.657739+00:00, run_after=2023-05-03T09:50:18.657739+00:00
[2023-05-03T09:50:18.766+0000] {processor.py:178} INFO - Processing /home/airflow/.local/lib/python3.7/site-packages/airflow/example_dags/tutorial.py took 0.294 seconds
[2023-05-03T09:50:48.918+0000] {processor.py:156} INFO - Started process (PID=1980) to work on /home/airflow/.local/lib/python3.7/site-packages/airflow/example_dags/tutorial.py
[2023-05-03T09:50:48.922+0000] {processor.py:799} INFO - Processing file /home/airflow/.local/lib/python3.7/site-packages/airflow/example_dags/tutorial.py for tasks to queue
[2023-05-03T09:50:48.924+0000] {logging_mixin.py:149} INFO - [2023-05-03T09:50:48.924+0000] {dagbag.py:541} INFO - Filling up the DagBag from /home/airflow/.local/lib/python3.7/site-packages/airflow/example_dags/tutorial.py
[2023-05-03T09:50:48.937+0000] {processor.py:809} INFO - DAG(s) dict_keys(['tutorial']) retrieved from /home/airflow/.local/lib/python3.7/site-packages/airflow/example_dags/tutorial.py
[2023-05-03T09:50:48.995+0000] {logging_mixin.py:149} INFO - [2023-05-03T09:50:48.995+0000] {dag.py:2726} INFO - Sync 1 DAGs
[2023-05-03T09:50:49.070+0000] {logging_mixin.py:149} INFO - [2023-05-03T09:50:49.070+0000] {dag.py:3490} INFO - Setting next_dagrun for tutorial to 2023-05-02T09:50:49.068830+00:00, run_after=2023-05-03T09:50:49.068830+00:00
[2023-05-03T09:50:49.140+0000] {processor.py:178} INFO - Processing /home/airflow/.local/lib/python3.7/site-packages/airflow/example_dags/tutorial.py took 0.216 seconds
[2023-05-03T09:51:45.282+0000] {processor.py:156} INFO - Started process (PID=2150) to work on /home/airflow/.local/lib/python3.7/site-packages/airflow/example_dags/tutorial.py
[2023-05-03T09:51:45.293+0000] {processor.py:799} INFO - Processing file /home/airflow/.local/lib/python3.7/site-packages/airflow/example_dags/tutorial.py for tasks to queue
[2023-05-03T09:51:45.304+0000] {logging_mixin.py:149} INFO - [2023-05-03T09:51:45.304+0000] {dagbag.py:541} INFO - Filling up the DagBag from /home/airflow/.local/lib/python3.7/site-packages/airflow/example_dags/tutorial.py
[2023-05-03T09:51:45.474+0000] {processor.py:809} INFO - DAG(s) dict_keys(['tutorial']) retrieved from /home/airflow/.local/lib/python3.7/site-packages/airflow/example_dags/tutorial.py
[2023-05-03T09:51:45.633+0000] {logging_mixin.py:149} INFO - [2023-05-03T09:51:45.633+0000] {dag.py:2726} INFO - Sync 1 DAGs
[2023-05-03T09:51:45.760+0000] {logging_mixin.py:149} INFO - [2023-05-03T09:51:45.760+0000] {dag.py:3490} INFO - Setting next_dagrun for tutorial to 2023-05-02T09:51:45.759096+00:00, run_after=2023-05-03T09:51:45.759096+00:00
[2023-05-03T09:51:51.953+0000] {processor.py:178} INFO - Processing /home/airflow/.local/lib/python3.7/site-packages/airflow/example_dags/tutorial.py took 6.627 seconds
[2023-05-03T09:52:22.271+0000] {processor.py:156} INFO - Started process (PID=2383) to work on /home/airflow/.local/lib/python3.7/site-packages/airflow/example_dags/tutorial.py
[2023-05-03T09:52:22.275+0000] {processor.py:799} INFO - Processing file /home/airflow/.local/lib/python3.7/site-packages/airflow/example_dags/tutorial.py for tasks to queue
[2023-05-03T09:52:22.277+0000] {logging_mixin.py:149} INFO - [2023-05-03T09:52:22.277+0000] {dagbag.py:541} INFO - Filling up the DagBag from /home/airflow/.local/lib/python3.7/site-packages/airflow/example_dags/tutorial.py
[2023-05-03T09:52:22.291+0000] {processor.py:809} INFO - DAG(s) dict_keys(['tutorial']) retrieved from /home/airflow/.local/lib/python3.7/site-packages/airflow/example_dags/tutorial.py
[2023-05-03T09:52:22.385+0000] {logging_mixin.py:149} INFO - [2023-05-03T09:52:22.385+0000] {dag.py:2726} INFO - Sync 1 DAGs
[2023-05-03T09:52:22.488+0000] {logging_mixin.py:149} INFO - [2023-05-03T09:52:22.487+0000] {dag.py:3490} INFO - Setting next_dagrun for tutorial to 2023-05-02T09:52:22.486120+00:00, run_after=2023-05-03T09:52:22.486120+00:00
[2023-05-03T09:52:22.599+0000] {processor.py:178} INFO - Processing /home/airflow/.local/lib/python3.7/site-packages/airflow/example_dags/tutorial.py took 0.335 seconds
[2023-05-03T09:52:52.782+0000] {processor.py:156} INFO - Started process (PID=2616) to work on /home/airflow/.local/lib/python3.7/site-packages/airflow/example_dags/tutorial.py
[2023-05-03T09:52:52.804+0000] {processor.py:799} INFO - Processing file /home/airflow/.local/lib/python3.7/site-packages/airflow/example_dags/tutorial.py for tasks to queue
[2023-05-03T09:52:52.810+0000] {logging_mixin.py:149} INFO - [2023-05-03T09:52:52.809+0000] {dagbag.py:541} INFO - Filling up the DagBag from /home/airflow/.local/lib/python3.7/site-packages/airflow/example_dags/tutorial.py
[2023-05-03T09:52:52.831+0000] {processor.py:809} INFO - DAG(s) dict_keys(['tutorial']) retrieved from /home/airflow/.local/lib/python3.7/site-packages/airflow/example_dags/tutorial.py
[2023-05-03T09:52:52.911+0000] {logging_mixin.py:149} INFO - [2023-05-03T09:52:52.911+0000] {dag.py:2726} INFO - Sync 1 DAGs
[2023-05-03T09:52:53.527+0000] {logging_mixin.py:149} INFO - [2023-05-03T09:52:53.526+0000] {dag.py:3490} INFO - Setting next_dagrun for tutorial to 2023-05-02T09:52:53.522513+00:00, run_after=2023-05-03T09:52:53.522513+00:00
[2023-05-03T09:52:53.650+0000] {processor.py:178} INFO - Processing /home/airflow/.local/lib/python3.7/site-packages/airflow/example_dags/tutorial.py took 0.876 seconds
[2023-05-03T09:53:24.057+0000] {processor.py:156} INFO - Started process (PID=2852) to work on /home/airflow/.local/lib/python3.7/site-packages/airflow/example_dags/tutorial.py
[2023-05-03T09:53:24.077+0000] {processor.py:799} INFO - Processing file /home/airflow/.local/lib/python3.7/site-packages/airflow/example_dags/tutorial.py for tasks to queue
[2023-05-03T09:53:24.079+0000] {logging_mixin.py:149} INFO - [2023-05-03T09:53:24.079+0000] {dagbag.py:541} INFO - Filling up the DagBag from /home/airflow/.local/lib/python3.7/site-packages/airflow/example_dags/tutorial.py
[2023-05-03T09:53:24.112+0000] {processor.py:809} INFO - DAG(s) dict_keys(['tutorial']) retrieved from /home/airflow/.local/lib/python3.7/site-packages/airflow/example_dags/tutorial.py
[2023-05-03T09:53:24.190+0000] {logging_mixin.py:149} INFO - [2023-05-03T09:53:24.190+0000] {dag.py:2726} INFO - Sync 1 DAGs
[2023-05-03T09:53:24.292+0000] {logging_mixin.py:149} INFO - [2023-05-03T09:53:24.292+0000] {dag.py:3490} INFO - Setting next_dagrun for tutorial to 2023-05-02T09:53:24.292081+00:00, run_after=2023-05-03T09:53:24.292081+00:00
[2023-05-03T09:53:24.367+0000] {processor.py:178} INFO - Processing /home/airflow/.local/lib/python3.7/site-packages/airflow/example_dags/tutorial.py took 0.315 seconds
[2023-05-03T09:53:55.232+0000] {processor.py:156} INFO - Started process (PID=3086) to work on /home/airflow/.local/lib/python3.7/site-packages/airflow/example_dags/tutorial.py
[2023-05-03T09:53:55.235+0000] {processor.py:799} INFO - Processing file /home/airflow/.local/lib/python3.7/site-packages/airflow/example_dags/tutorial.py for tasks to queue
[2023-05-03T09:53:55.237+0000] {logging_mixin.py:149} INFO - [2023-05-03T09:53:55.237+0000] {dagbag.py:541} INFO - Filling up the DagBag from /home/airflow/.local/lib/python3.7/site-packages/airflow/example_dags/tutorial.py
[2023-05-03T09:53:55.256+0000] {processor.py:809} INFO - DAG(s) dict_keys(['tutorial']) retrieved from /home/airflow/.local/lib/python3.7/site-packages/airflow/example_dags/tutorial.py
[2023-05-03T09:53:55.314+0000] {logging_mixin.py:149} INFO - [2023-05-03T09:53:55.314+0000] {dag.py:2726} INFO - Sync 1 DAGs
[2023-05-03T09:53:55.416+0000] {logging_mixin.py:149} INFO - [2023-05-03T09:53:55.415+0000] {dag.py:3490} INFO - Setting next_dagrun for tutorial to 2023-05-02T09:53:55.415121+00:00, run_after=2023-05-03T09:53:55.415121+00:00
[2023-05-03T09:53:55.494+0000] {processor.py:178} INFO - Processing /home/airflow/.local/lib/python3.7/site-packages/airflow/example_dags/tutorial.py took 0.269 seconds
[2023-05-03T09:54:50.997+0000] {processor.py:156} INFO - Started process (PID=3261) to work on /home/airflow/.local/lib/python3.7/site-packages/airflow/example_dags/tutorial.py
[2023-05-03T09:54:51.002+0000] {processor.py:799} INFO - Processing file /home/airflow/.local/lib/python3.7/site-packages/airflow/example_dags/tutorial.py for tasks to queue
[2023-05-03T09:54:51.004+0000] {logging_mixin.py:149} INFO - [2023-05-03T09:54:51.004+0000] {dagbag.py:541} INFO - Filling up the DagBag from /home/airflow/.local/lib/python3.7/site-packages/airflow/example_dags/tutorial.py
[2023-05-03T09:54:51.037+0000] {processor.py:809} INFO - DAG(s) dict_keys(['tutorial']) retrieved from /home/airflow/.local/lib/python3.7/site-packages/airflow/example_dags/tutorial.py
[2023-05-03T09:54:51.123+0000] {logging_mixin.py:149} INFO - [2023-05-03T09:54:51.122+0000] {dag.py:2726} INFO - Sync 1 DAGs
[2023-05-03T09:54:51.532+0000] {logging_mixin.py:149} INFO - [2023-05-03T09:54:51.532+0000] {dag.py:3490} INFO - Setting next_dagrun for tutorial to 2023-05-02T09:54:51.531816+00:00, run_after=2023-05-03T09:54:51.531816+00:00
[2023-05-03T09:54:51.624+0000] {processor.py:178} INFO - Processing /home/airflow/.local/lib/python3.7/site-packages/airflow/example_dags/tutorial.py took 0.639 seconds
[2023-05-03T09:55:21.749+0000] {processor.py:156} INFO - Started process (PID=3497) to work on /home/airflow/.local/lib/python3.7/site-packages/airflow/example_dags/tutorial.py
[2023-05-03T09:55:21.754+0000] {processor.py:799} INFO - Processing file /home/airflow/.local/lib/python3.7/site-packages/airflow/example_dags/tutorial.py for tasks to queue
[2023-05-03T09:55:21.756+0000] {logging_mixin.py:149} INFO - [2023-05-03T09:55:21.755+0000] {dagbag.py:541} INFO - Filling up the DagBag from /home/airflow/.local/lib/python3.7/site-packages/airflow/example_dags/tutorial.py
[2023-05-03T09:55:21.773+0000] {processor.py:809} INFO - DAG(s) dict_keys(['tutorial']) retrieved from /home/airflow/.local/lib/python3.7/site-packages/airflow/example_dags/tutorial.py
[2023-05-03T09:55:21.831+0000] {logging_mixin.py:149} INFO - [2023-05-03T09:55:21.829+0000] {dag.py:2726} INFO - Sync 1 DAGs
[2023-05-03T09:55:21.900+0000] {logging_mixin.py:149} INFO - [2023-05-03T09:55:21.900+0000] {dag.py:3490} INFO - Setting next_dagrun for tutorial to 2023-05-02T09:55:21.900000+00:00, run_after=2023-05-03T09:55:21.900000+00:00
[2023-05-03T09:55:21.970+0000] {processor.py:178} INFO - Processing /home/airflow/.local/lib/python3.7/site-packages/airflow/example_dags/tutorial.py took 0.229 seconds
[2023-05-03T09:55:52.346+0000] {processor.py:156} INFO - Started process (PID=3728) to work on /home/airflow/.local/lib/python3.7/site-packages/airflow/example_dags/tutorial.py
[2023-05-03T09:55:52.349+0000] {processor.py:799} INFO - Processing file /home/airflow/.local/lib/python3.7/site-packages/airflow/example_dags/tutorial.py for tasks to queue
[2023-05-03T09:55:52.358+0000] {logging_mixin.py:149} INFO - [2023-05-03T09:55:52.351+0000] {dagbag.py:541} INFO - Filling up the DagBag from /home/airflow/.local/lib/python3.7/site-packages/airflow/example_dags/tutorial.py
[2023-05-03T09:55:52.384+0000] {processor.py:809} INFO - DAG(s) dict_keys(['tutorial']) retrieved from /home/airflow/.local/lib/python3.7/site-packages/airflow/example_dags/tutorial.py
[2023-05-03T09:55:52.474+0000] {logging_mixin.py:149} INFO - [2023-05-03T09:55:52.474+0000] {dag.py:2726} INFO - Sync 1 DAGs
[2023-05-03T09:55:53.068+0000] {logging_mixin.py:149} INFO - [2023-05-03T09:55:53.067+0000] {dag.py:3490} INFO - Setting next_dagrun for tutorial to 2023-05-02T09:55:53.067615+00:00, run_after=2023-05-03T09:55:53.067615+00:00
[2023-05-03T09:55:53.158+0000] {processor.py:178} INFO - Processing /home/airflow/.local/lib/python3.7/site-packages/airflow/example_dags/tutorial.py took 0.817 seconds
[2023-05-03T09:56:26.126+0000] {processor.py:156} INFO - Started process (PID=3966) to work on /home/airflow/.local/lib/python3.7/site-packages/airflow/example_dags/tutorial.py
[2023-05-03T09:56:26.131+0000] {processor.py:799} INFO - Processing file /home/airflow/.local/lib/python3.7/site-packages/airflow/example_dags/tutorial.py for tasks to queue
[2023-05-03T09:56:26.142+0000] {logging_mixin.py:149} INFO - [2023-05-03T09:56:26.141+0000] {dagbag.py:541} INFO - Filling up the DagBag from /home/airflow/.local/lib/python3.7/site-packages/airflow/example_dags/tutorial.py
[2023-05-03T09:56:26.163+0000] {processor.py:809} INFO - DAG(s) dict_keys(['tutorial']) retrieved from /home/airflow/.local/lib/python3.7/site-packages/airflow/example_dags/tutorial.py
[2023-05-03T09:56:26.252+0000] {logging_mixin.py:149} INFO - [2023-05-03T09:56:26.252+0000] {dag.py:2726} INFO - Sync 1 DAGs
[2023-05-03T09:56:26.349+0000] {logging_mixin.py:149} INFO - [2023-05-03T09:56:26.348+0000] {dag.py:3490} INFO - Setting next_dagrun for tutorial to 2023-05-02T09:56:26.348213+00:00, run_after=2023-05-03T09:56:26.348213+00:00
[2023-05-03T09:56:27.333+0000] {processor.py:178} INFO - Processing /home/airflow/.local/lib/python3.7/site-packages/airflow/example_dags/tutorial.py took 1.214 seconds
[2023-05-03T09:56:58.368+0000] {processor.py:156} INFO - Started process (PID=4179) to work on /home/airflow/.local/lib/python3.7/site-packages/airflow/example_dags/tutorial.py
[2023-05-03T09:56:58.378+0000] {processor.py:799} INFO - Processing file /home/airflow/.local/lib/python3.7/site-packages/airflow/example_dags/tutorial.py for tasks to queue
[2023-05-03T09:56:58.390+0000] {logging_mixin.py:149} INFO - [2023-05-03T09:56:58.389+0000] {dagbag.py:541} INFO - Filling up the DagBag from /home/airflow/.local/lib/python3.7/site-packages/airflow/example_dags/tutorial.py
[2023-05-03T09:56:58.418+0000] {processor.py:809} INFO - DAG(s) dict_keys(['tutorial']) retrieved from /home/airflow/.local/lib/python3.7/site-packages/airflow/example_dags/tutorial.py
[2023-05-03T09:56:58.794+0000] {logging_mixin.py:149} INFO - [2023-05-03T09:56:58.793+0000] {dag.py:2726} INFO - Sync 1 DAGs
[2023-05-03T09:56:58.857+0000] {logging_mixin.py:149} INFO - [2023-05-03T09:56:58.857+0000] {dag.py:3490} INFO - Setting next_dagrun for tutorial to 2023-05-02T09:56:58.857332+00:00, run_after=2023-05-03T09:56:58.857332+00:00
[2023-05-03T09:56:58.936+0000] {processor.py:178} INFO - Processing /home/airflow/.local/lib/python3.7/site-packages/airflow/example_dags/tutorial.py took 0.572 seconds
[2023-05-03T09:57:34.097+0000] {processor.py:156} INFO - Started process (PID=4389) to work on /home/airflow/.local/lib/python3.7/site-packages/airflow/example_dags/tutorial.py
[2023-05-03T09:57:34.099+0000] {processor.py:799} INFO - Processing file /home/airflow/.local/lib/python3.7/site-packages/airflow/example_dags/tutorial.py for tasks to queue
[2023-05-03T09:57:34.101+0000] {logging_mixin.py:149} INFO - [2023-05-03T09:57:34.101+0000] {dagbag.py:541} INFO - Filling up the DagBag from /home/airflow/.local/lib/python3.7/site-packages/airflow/example_dags/tutorial.py
[2023-05-03T09:57:34.137+0000] {processor.py:809} INFO - DAG(s) dict_keys(['tutorial']) retrieved from /home/airflow/.local/lib/python3.7/site-packages/airflow/example_dags/tutorial.py
[2023-05-03T09:57:34.233+0000] {logging_mixin.py:149} INFO - [2023-05-03T09:57:34.232+0000] {dag.py:2726} INFO - Sync 1 DAGs
[2023-05-03T09:57:34.378+0000] {logging_mixin.py:149} INFO - [2023-05-03T09:57:34.378+0000] {dag.py:3490} INFO - Setting next_dagrun for tutorial to 2023-05-02T09:57:34.378029+00:00, run_after=2023-05-03T09:57:34.378029+00:00
[2023-05-03T09:57:37.006+0000] {processor.py:178} INFO - Processing /home/airflow/.local/lib/python3.7/site-packages/airflow/example_dags/tutorial.py took 2.914 seconds
[2023-05-03T09:58:07.155+0000] {processor.py:156} INFO - Started process (PID=4633) to work on /home/airflow/.local/lib/python3.7/site-packages/airflow/example_dags/tutorial.py
[2023-05-03T09:58:07.159+0000] {processor.py:799} INFO - Processing file /home/airflow/.local/lib/python3.7/site-packages/airflow/example_dags/tutorial.py for tasks to queue
[2023-05-03T09:58:07.163+0000] {logging_mixin.py:149} INFO - [2023-05-03T09:58:07.162+0000] {dagbag.py:541} INFO - Filling up the DagBag from /home/airflow/.local/lib/python3.7/site-packages/airflow/example_dags/tutorial.py
[2023-05-03T09:58:07.179+0000] {processor.py:809} INFO - DAG(s) dict_keys(['tutorial']) retrieved from /home/airflow/.local/lib/python3.7/site-packages/airflow/example_dags/tutorial.py
[2023-05-03T09:58:07.465+0000] {logging_mixin.py:149} INFO - [2023-05-03T09:58:07.465+0000] {dag.py:2726} INFO - Sync 1 DAGs
[2023-05-03T09:58:07.525+0000] {logging_mixin.py:149} INFO - [2023-05-03T09:58:07.525+0000] {dag.py:3490} INFO - Setting next_dagrun for tutorial to 2023-05-02T09:58:07.524940+00:00, run_after=2023-05-03T09:58:07.524940+00:00
[2023-05-03T09:58:07.567+0000] {processor.py:178} INFO - Processing /home/airflow/.local/lib/python3.7/site-packages/airflow/example_dags/tutorial.py took 0.418 seconds
[2023-05-03T09:58:37.765+0000] {processor.py:156} INFO - Started process (PID=4869) to work on /home/airflow/.local/lib/python3.7/site-packages/airflow/example_dags/tutorial.py
[2023-05-03T09:58:37.768+0000] {processor.py:799} INFO - Processing file /home/airflow/.local/lib/python3.7/site-packages/airflow/example_dags/tutorial.py for tasks to queue
[2023-05-03T09:58:37.773+0000] {logging_mixin.py:149} INFO - [2023-05-03T09:58:37.772+0000] {dagbag.py:541} INFO - Filling up the DagBag from /home/airflow/.local/lib/python3.7/site-packages/airflow/example_dags/tutorial.py
[2023-05-03T09:58:37.798+0000] {processor.py:809} INFO - DAG(s) dict_keys(['tutorial']) retrieved from /home/airflow/.local/lib/python3.7/site-packages/airflow/example_dags/tutorial.py
[2023-05-03T09:58:37.895+0000] {logging_mixin.py:149} INFO - [2023-05-03T09:58:37.895+0000] {dag.py:2726} INFO - Sync 1 DAGs
[2023-05-03T09:58:37.977+0000] {logging_mixin.py:149} INFO - [2023-05-03T09:58:37.974+0000] {dag.py:3490} INFO - Setting next_dagrun for tutorial to 2023-05-02T09:58:37.970917+00:00, run_after=2023-05-03T09:58:37.970917+00:00
[2023-05-03T09:58:38.298+0000] {processor.py:178} INFO - Processing /home/airflow/.local/lib/python3.7/site-packages/airflow/example_dags/tutorial.py took 0.540 seconds
[2023-05-03T09:59:08.422+0000] {processor.py:156} INFO - Started process (PID=5105) to work on /home/airflow/.local/lib/python3.7/site-packages/airflow/example_dags/tutorial.py
[2023-05-03T09:59:08.425+0000] {processor.py:799} INFO - Processing file /home/airflow/.local/lib/python3.7/site-packages/airflow/example_dags/tutorial.py for tasks to queue
[2023-05-03T09:59:08.428+0000] {logging_mixin.py:149} INFO - [2023-05-03T09:59:08.428+0000] {dagbag.py:541} INFO - Filling up the DagBag from /home/airflow/.local/lib/python3.7/site-packages/airflow/example_dags/tutorial.py
[2023-05-03T09:59:08.444+0000] {processor.py:809} INFO - DAG(s) dict_keys(['tutorial']) retrieved from /home/airflow/.local/lib/python3.7/site-packages/airflow/example_dags/tutorial.py
[2023-05-03T09:59:08.861+0000] {logging_mixin.py:149} INFO - [2023-05-03T09:59:08.861+0000] {dag.py:2726} INFO - Sync 1 DAGs
[2023-05-03T09:59:08.931+0000] {logging_mixin.py:149} INFO - [2023-05-03T09:59:08.930+0000] {dag.py:3490} INFO - Setting next_dagrun for tutorial to 2023-05-02T09:59:08.930562+00:00, run_after=2023-05-03T09:59:08.930562+00:00
[2023-05-03T09:59:08.996+0000] {processor.py:178} INFO - Processing /home/airflow/.local/lib/python3.7/site-packages/airflow/example_dags/tutorial.py took 0.582 seconds
[2023-05-03T09:59:39.174+0000] {processor.py:156} INFO - Started process (PID=5341) to work on /home/airflow/.local/lib/python3.7/site-packages/airflow/example_dags/tutorial.py
[2023-05-03T09:59:39.176+0000] {processor.py:799} INFO - Processing file /home/airflow/.local/lib/python3.7/site-packages/airflow/example_dags/tutorial.py for tasks to queue
[2023-05-03T09:59:39.177+0000] {logging_mixin.py:149} INFO - [2023-05-03T09:59:39.177+0000] {dagbag.py:541} INFO - Filling up the DagBag from /home/airflow/.local/lib/python3.7/site-packages/airflow/example_dags/tutorial.py
[2023-05-03T09:59:39.191+0000] {processor.py:809} INFO - DAG(s) dict_keys(['tutorial']) retrieved from /home/airflow/.local/lib/python3.7/site-packages/airflow/example_dags/tutorial.py
[2023-05-03T09:59:39.245+0000] {logging_mixin.py:149} INFO - [2023-05-03T09:59:39.244+0000] {dag.py:2726} INFO - Sync 1 DAGs
[2023-05-03T09:59:39.313+0000] {logging_mixin.py:149} INFO - [2023-05-03T09:59:39.312+0000] {dag.py:3490} INFO - Setting next_dagrun for tutorial to 2023-05-02T09:59:39.312433+00:00, run_after=2023-05-03T09:59:39.312433+00:00
[2023-05-03T09:59:39.368+0000] {processor.py:178} INFO - Processing /home/airflow/.local/lib/python3.7/site-packages/airflow/example_dags/tutorial.py took 0.199 seconds
[2023-05-03T10:00:09.711+0000] {processor.py:156} INFO - Started process (PID=5577) to work on /home/airflow/.local/lib/python3.7/site-packages/airflow/example_dags/tutorial.py
[2023-05-03T10:00:09.713+0000] {processor.py:799} INFO - Processing file /home/airflow/.local/lib/python3.7/site-packages/airflow/example_dags/tutorial.py for tasks to queue
[2023-05-03T10:00:09.714+0000] {logging_mixin.py:149} INFO - [2023-05-03T10:00:09.714+0000] {dagbag.py:541} INFO - Filling up the DagBag from /home/airflow/.local/lib/python3.7/site-packages/airflow/example_dags/tutorial.py
[2023-05-03T10:00:09.735+0000] {processor.py:809} INFO - DAG(s) dict_keys(['tutorial']) retrieved from /home/airflow/.local/lib/python3.7/site-packages/airflow/example_dags/tutorial.py
[2023-05-03T10:00:09.834+0000] {logging_mixin.py:149} INFO - [2023-05-03T10:00:09.833+0000] {dag.py:2726} INFO - Sync 1 DAGs
[2023-05-03T10:00:09.913+0000] {logging_mixin.py:149} INFO - [2023-05-03T10:00:09.913+0000] {dag.py:3490} INFO - Setting next_dagrun for tutorial to 2023-05-02T10:00:09.912979+00:00, run_after=2023-05-03T10:00:09.912979+00:00
[2023-05-03T10:00:09.989+0000] {processor.py:178} INFO - Processing /home/airflow/.local/lib/python3.7/site-packages/airflow/example_dags/tutorial.py took 0.288 seconds
[2023-05-03T10:00:40.097+0000] {processor.py:156} INFO - Started process (PID=5808) to work on /home/airflow/.local/lib/python3.7/site-packages/airflow/example_dags/tutorial.py
[2023-05-03T10:00:40.098+0000] {processor.py:799} INFO - Processing file /home/airflow/.local/lib/python3.7/site-packages/airflow/example_dags/tutorial.py for tasks to queue
[2023-05-03T10:00:40.100+0000] {logging_mixin.py:149} INFO - [2023-05-03T10:00:40.100+0000] {dagbag.py:541} INFO - Filling up the DagBag from /home/airflow/.local/lib/python3.7/site-packages/airflow/example_dags/tutorial.py
[2023-05-03T10:00:40.120+0000] {processor.py:809} INFO - DAG(s) dict_keys(['tutorial']) retrieved from /home/airflow/.local/lib/python3.7/site-packages/airflow/example_dags/tutorial.py
[2023-05-03T10:00:40.185+0000] {logging_mixin.py:149} INFO - [2023-05-03T10:00:40.184+0000] {dag.py:2726} INFO - Sync 1 DAGs
[2023-05-03T10:00:40.265+0000] {logging_mixin.py:149} INFO - [2023-05-03T10:00:40.265+0000] {dag.py:3490} INFO - Setting next_dagrun for tutorial to 2023-05-02T10:00:40.264842+00:00, run_after=2023-05-03T10:00:40.264842+00:00
[2023-05-03T10:00:40.340+0000] {processor.py:178} INFO - Processing /home/airflow/.local/lib/python3.7/site-packages/airflow/example_dags/tutorial.py took 0.255 seconds
[2023-05-03T10:01:10.657+0000] {processor.py:156} INFO - Started process (PID=6039) to work on /home/airflow/.local/lib/python3.7/site-packages/airflow/example_dags/tutorial.py
[2023-05-03T10:01:10.661+0000] {processor.py:799} INFO - Processing file /home/airflow/.local/lib/python3.7/site-packages/airflow/example_dags/tutorial.py for tasks to queue
[2023-05-03T10:01:10.663+0000] {logging_mixin.py:149} INFO - [2023-05-03T10:01:10.663+0000] {dagbag.py:541} INFO - Filling up the DagBag from /home/airflow/.local/lib/python3.7/site-packages/airflow/example_dags/tutorial.py
[2023-05-03T10:01:10.682+0000] {processor.py:809} INFO - DAG(s) dict_keys(['tutorial']) retrieved from /home/airflow/.local/lib/python3.7/site-packages/airflow/example_dags/tutorial.py
[2023-05-03T10:01:10.741+0000] {logging_mixin.py:149} INFO - [2023-05-03T10:01:10.741+0000] {dag.py:2726} INFO - Sync 1 DAGs
[2023-05-03T10:01:10.800+0000] {logging_mixin.py:149} INFO - [2023-05-03T10:01:10.800+0000] {dag.py:3490} INFO - Setting next_dagrun for tutorial to 2023-05-02T10:01:10.799924+00:00, run_after=2023-05-03T10:01:10.799924+00:00
[2023-05-03T10:01:10.850+0000] {processor.py:178} INFO - Processing /home/airflow/.local/lib/python3.7/site-packages/airflow/example_dags/tutorial.py took 0.200 seconds
[2023-05-03T10:01:41.054+0000] {processor.py:156} INFO - Started process (PID=6266) to work on /home/airflow/.local/lib/python3.7/site-packages/airflow/example_dags/tutorial.py
[2023-05-03T10:01:41.056+0000] {processor.py:799} INFO - Processing file /home/airflow/.local/lib/python3.7/site-packages/airflow/example_dags/tutorial.py for tasks to queue
[2023-05-03T10:01:41.063+0000] {logging_mixin.py:149} INFO - [2023-05-03T10:01:41.061+0000] {dagbag.py:541} INFO - Filling up the DagBag from /home/airflow/.local/lib/python3.7/site-packages/airflow/example_dags/tutorial.py
[2023-05-03T10:01:41.094+0000] {processor.py:809} INFO - DAG(s) dict_keys(['tutorial']) retrieved from /home/airflow/.local/lib/python3.7/site-packages/airflow/example_dags/tutorial.py
[2023-05-03T10:01:41.158+0000] {logging_mixin.py:149} INFO - [2023-05-03T10:01:41.158+0000] {dag.py:2726} INFO - Sync 1 DAGs
[2023-05-03T10:01:41.234+0000] {logging_mixin.py:149} INFO - [2023-05-03T10:01:41.232+0000] {dag.py:3490} INFO - Setting next_dagrun for tutorial to 2023-05-02T10:01:41.231192+00:00, run_after=2023-05-03T10:01:41.231192+00:00
[2023-05-03T10:01:41.306+0000] {processor.py:178} INFO - Processing /home/airflow/.local/lib/python3.7/site-packages/airflow/example_dags/tutorial.py took 0.267 seconds
[2023-05-03T10:45:40.168+0000] {processor.py:156} INFO - Started process (PID=6461) to work on /home/airflow/.local/lib/python3.7/site-packages/airflow/example_dags/tutorial.py
[2023-05-03T10:45:40.184+0000] {processor.py:799} INFO - Processing file /home/airflow/.local/lib/python3.7/site-packages/airflow/example_dags/tutorial.py for tasks to queue
[2023-05-03T10:45:40.201+0000] {logging_mixin.py:149} INFO - [2023-05-03T10:45:40.201+0000] {dagbag.py:541} INFO - Filling up the DagBag from /home/airflow/.local/lib/python3.7/site-packages/airflow/example_dags/tutorial.py
[2023-05-03T10:45:40.270+0000] {processor.py:809} INFO - DAG(s) dict_keys(['tutorial']) retrieved from /home/airflow/.local/lib/python3.7/site-packages/airflow/example_dags/tutorial.py
[2023-05-03T10:45:40.455+0000] {logging_mixin.py:149} INFO - [2023-05-03T10:45:40.454+0000] {dag.py:2726} INFO - Sync 1 DAGs
[2023-05-03T10:45:40.735+0000] {logging_mixin.py:149} INFO - [2023-05-03T10:45:40.735+0000] {dag.py:3490} INFO - Setting next_dagrun for tutorial to 2023-05-02T10:45:40.730028+00:00, run_after=2023-05-03T10:45:40.730028+00:00
[2023-05-03T10:45:40.867+0000] {processor.py:178} INFO - Processing /home/airflow/.local/lib/python3.7/site-packages/airflow/example_dags/tutorial.py took 0.706 seconds
[2023-05-03T10:46:19.384+0000] {processor.py:156} INFO - Started process (PID=6697) to work on /home/airflow/.local/lib/python3.7/site-packages/airflow/example_dags/tutorial.py
[2023-05-03T10:46:19.391+0000] {processor.py:799} INFO - Processing file /home/airflow/.local/lib/python3.7/site-packages/airflow/example_dags/tutorial.py for tasks to queue
[2023-05-03T10:46:19.394+0000] {logging_mixin.py:149} INFO - [2023-05-03T10:46:19.393+0000] {dagbag.py:541} INFO - Filling up the DagBag from /home/airflow/.local/lib/python3.7/site-packages/airflow/example_dags/tutorial.py
[2023-05-03T10:46:19.430+0000] {processor.py:809} INFO - DAG(s) dict_keys(['tutorial']) retrieved from /home/airflow/.local/lib/python3.7/site-packages/airflow/example_dags/tutorial.py
[2023-05-03T10:46:19.501+0000] {logging_mixin.py:149} INFO - [2023-05-03T10:46:19.501+0000] {dag.py:2726} INFO - Sync 1 DAGs
[2023-05-03T10:46:19.611+0000] {logging_mixin.py:149} INFO - [2023-05-03T10:46:19.611+0000] {dag.py:3490} INFO - Setting next_dagrun for tutorial to 2023-05-02T10:46:19.610648+00:00, run_after=2023-05-03T10:46:19.610648+00:00
[2023-05-03T10:46:19.695+0000] {processor.py:178} INFO - Processing /home/airflow/.local/lib/python3.7/site-packages/airflow/example_dags/tutorial.py took 0.315 seconds
[2023-05-03T10:47:38.633+0000] {processor.py:156} INFO - Started process (PID=6810) to work on /home/airflow/.local/lib/python3.7/site-packages/airflow/example_dags/tutorial.py
[2023-05-03T10:47:38.644+0000] {processor.py:799} INFO - Processing file /home/airflow/.local/lib/python3.7/site-packages/airflow/example_dags/tutorial.py for tasks to queue
[2023-05-03T10:47:38.648+0000] {logging_mixin.py:149} INFO - [2023-05-03T10:47:38.647+0000] {dagbag.py:541} INFO - Filling up the DagBag from /home/airflow/.local/lib/python3.7/site-packages/airflow/example_dags/tutorial.py
[2023-05-03T10:47:38.683+0000] {processor.py:809} INFO - DAG(s) dict_keys(['tutorial']) retrieved from /home/airflow/.local/lib/python3.7/site-packages/airflow/example_dags/tutorial.py
[2023-05-03T10:47:38.955+0000] {logging_mixin.py:149} INFO - [2023-05-03T10:47:38.955+0000] {dag.py:2726} INFO - Sync 1 DAGs
[2023-05-03T10:47:39.270+0000] {logging_mixin.py:149} INFO - [2023-05-03T10:47:39.269+0000] {dag.py:3490} INFO - Setting next_dagrun for tutorial to 2023-05-02T10:47:39.259226+00:00, run_after=2023-05-03T10:47:39.259226+00:00
[2023-05-03T10:47:39.499+0000] {processor.py:178} INFO - Processing /home/airflow/.local/lib/python3.7/site-packages/airflow/example_dags/tutorial.py took 0.916 seconds
[2023-05-03T10:48:10.091+0000] {processor.py:156} INFO - Started process (PID=7045) to work on /home/airflow/.local/lib/python3.7/site-packages/airflow/example_dags/tutorial.py
[2023-05-03T10:48:10.093+0000] {processor.py:799} INFO - Processing file /home/airflow/.local/lib/python3.7/site-packages/airflow/example_dags/tutorial.py for tasks to queue
[2023-05-03T10:48:10.095+0000] {logging_mixin.py:149} INFO - [2023-05-03T10:48:10.095+0000] {dagbag.py:541} INFO - Filling up the DagBag from /home/airflow/.local/lib/python3.7/site-packages/airflow/example_dags/tutorial.py
[2023-05-03T10:48:10.114+0000] {processor.py:809} INFO - DAG(s) dict_keys(['tutorial']) retrieved from /home/airflow/.local/lib/python3.7/site-packages/airflow/example_dags/tutorial.py
[2023-05-03T10:48:10.200+0000] {logging_mixin.py:149} INFO - [2023-05-03T10:48:10.200+0000] {dag.py:2726} INFO - Sync 1 DAGs
[2023-05-03T10:48:10.270+0000] {logging_mixin.py:149} INFO - [2023-05-03T10:48:10.270+0000] {dag.py:3490} INFO - Setting next_dagrun for tutorial to 2023-05-02T10:48:10.270067+00:00, run_after=2023-05-03T10:48:10.270067+00:00
[2023-05-03T10:48:10.333+0000] {processor.py:178} INFO - Processing /home/airflow/.local/lib/python3.7/site-packages/airflow/example_dags/tutorial.py took 0.251 seconds
[2023-05-03T10:48:40.455+0000] {processor.py:156} INFO - Started process (PID=7276) to work on /home/airflow/.local/lib/python3.7/site-packages/airflow/example_dags/tutorial.py
[2023-05-03T10:48:40.457+0000] {processor.py:799} INFO - Processing file /home/airflow/.local/lib/python3.7/site-packages/airflow/example_dags/tutorial.py for tasks to queue
[2023-05-03T10:48:40.478+0000] {logging_mixin.py:149} INFO - [2023-05-03T10:48:40.477+0000] {dagbag.py:541} INFO - Filling up the DagBag from /home/airflow/.local/lib/python3.7/site-packages/airflow/example_dags/tutorial.py
[2023-05-03T10:48:40.579+0000] {processor.py:809} INFO - DAG(s) dict_keys(['tutorial']) retrieved from /home/airflow/.local/lib/python3.7/site-packages/airflow/example_dags/tutorial.py
[2023-05-03T10:48:40.705+0000] {logging_mixin.py:149} INFO - [2023-05-03T10:48:40.705+0000] {dag.py:2726} INFO - Sync 1 DAGs
[2023-05-03T10:48:40.821+0000] {logging_mixin.py:149} INFO - [2023-05-03T10:48:40.820+0000] {dag.py:3490} INFO - Setting next_dagrun for tutorial to 2023-05-02T10:48:40.820408+00:00, run_after=2023-05-03T10:48:40.820408+00:00
[2023-05-03T10:48:40.900+0000] {processor.py:178} INFO - Processing /home/airflow/.local/lib/python3.7/site-packages/airflow/example_dags/tutorial.py took 0.436 seconds
[2023-05-03T10:49:11.910+0000] {processor.py:156} INFO - Started process (PID=7512) to work on /home/airflow/.local/lib/python3.7/site-packages/airflow/example_dags/tutorial.py
[2023-05-03T10:49:11.914+0000] {processor.py:799} INFO - Processing file /home/airflow/.local/lib/python3.7/site-packages/airflow/example_dags/tutorial.py for tasks to queue
[2023-05-03T10:49:11.924+0000] {logging_mixin.py:149} INFO - [2023-05-03T10:49:11.923+0000] {dagbag.py:541} INFO - Filling up the DagBag from /home/airflow/.local/lib/python3.7/site-packages/airflow/example_dags/tutorial.py
[2023-05-03T10:49:11.978+0000] {processor.py:809} INFO - DAG(s) dict_keys(['tutorial']) retrieved from /home/airflow/.local/lib/python3.7/site-packages/airflow/example_dags/tutorial.py
[2023-05-03T10:49:12.135+0000] {logging_mixin.py:149} INFO - [2023-05-03T10:49:12.126+0000] {dag.py:2726} INFO - Sync 1 DAGs
[2023-05-03T10:49:12.266+0000] {logging_mixin.py:149} INFO - [2023-05-03T10:49:12.266+0000] {dag.py:3490} INFO - Setting next_dagrun for tutorial to 2023-05-02T10:49:12.265950+00:00, run_after=2023-05-03T10:49:12.265950+00:00
[2023-05-03T10:49:12.387+0000] {processor.py:178} INFO - Processing /home/airflow/.local/lib/python3.7/site-packages/airflow/example_dags/tutorial.py took 0.483 seconds
[2023-05-03T10:49:56.370+0000] {processor.py:156} INFO - Started process (PID=7762) to work on /home/airflow/.local/lib/python3.7/site-packages/airflow/example_dags/tutorial.py
[2023-05-03T10:49:56.383+0000] {processor.py:799} INFO - Processing file /home/airflow/.local/lib/python3.7/site-packages/airflow/example_dags/tutorial.py for tasks to queue
[2023-05-03T10:49:56.385+0000] {logging_mixin.py:149} INFO - [2023-05-03T10:49:56.385+0000] {dagbag.py:541} INFO - Filling up the DagBag from /home/airflow/.local/lib/python3.7/site-packages/airflow/example_dags/tutorial.py
[2023-05-03T10:49:56.414+0000] {processor.py:809} INFO - DAG(s) dict_keys(['tutorial']) retrieved from /home/airflow/.local/lib/python3.7/site-packages/airflow/example_dags/tutorial.py
[2023-05-03T10:49:56.621+0000] {logging_mixin.py:149} INFO - [2023-05-03T10:49:56.620+0000] {dag.py:2726} INFO - Sync 1 DAGs
[2023-05-03T10:49:56.776+0000] {logging_mixin.py:149} INFO - [2023-05-03T10:49:56.775+0000] {dag.py:3490} INFO - Setting next_dagrun for tutorial to 2023-05-02T10:49:56.775119+00:00, run_after=2023-05-03T10:49:56.775119+00:00
[2023-05-03T10:49:56.932+0000] {processor.py:178} INFO - Processing /home/airflow/.local/lib/python3.7/site-packages/airflow/example_dags/tutorial.py took 0.588 seconds
[2023-05-03T10:50:30.126+0000] {processor.py:156} INFO - Started process (PID=7997) to work on /home/airflow/.local/lib/python3.7/site-packages/airflow/example_dags/tutorial.py
[2023-05-03T10:50:30.139+0000] {processor.py:799} INFO - Processing file /home/airflow/.local/lib/python3.7/site-packages/airflow/example_dags/tutorial.py for tasks to queue
[2023-05-03T10:50:30.141+0000] {logging_mixin.py:149} INFO - [2023-05-03T10:50:30.141+0000] {dagbag.py:541} INFO - Filling up the DagBag from /home/airflow/.local/lib/python3.7/site-packages/airflow/example_dags/tutorial.py
[2023-05-03T10:50:30.163+0000] {processor.py:809} INFO - DAG(s) dict_keys(['tutorial']) retrieved from /home/airflow/.local/lib/python3.7/site-packages/airflow/example_dags/tutorial.py
[2023-05-03T10:50:30.238+0000] {logging_mixin.py:149} INFO - [2023-05-03T10:50:30.238+0000] {dag.py:2726} INFO - Sync 1 DAGs
[2023-05-03T10:50:30.328+0000] {logging_mixin.py:149} INFO - [2023-05-03T10:50:30.327+0000] {dag.py:3490} INFO - Setting next_dagrun for tutorial to 2023-05-02T10:50:30.324310+00:00, run_after=2023-05-03T10:50:30.324310+00:00
[2023-05-03T10:50:30.407+0000] {processor.py:178} INFO - Processing /home/airflow/.local/lib/python3.7/site-packages/airflow/example_dags/tutorial.py took 0.288 seconds
[2023-05-03T10:51:00.801+0000] {processor.py:156} INFO - Started process (PID=8226) to work on /home/airflow/.local/lib/python3.7/site-packages/airflow/example_dags/tutorial.py
[2023-05-03T10:51:00.813+0000] {processor.py:799} INFO - Processing file /home/airflow/.local/lib/python3.7/site-packages/airflow/example_dags/tutorial.py for tasks to queue
[2023-05-03T10:51:00.817+0000] {logging_mixin.py:149} INFO - [2023-05-03T10:51:00.816+0000] {dagbag.py:541} INFO - Filling up the DagBag from /home/airflow/.local/lib/python3.7/site-packages/airflow/example_dags/tutorial.py
[2023-05-03T10:51:00.866+0000] {processor.py:809} INFO - DAG(s) dict_keys(['tutorial']) retrieved from /home/airflow/.local/lib/python3.7/site-packages/airflow/example_dags/tutorial.py
[2023-05-03T10:51:01.018+0000] {logging_mixin.py:149} INFO - [2023-05-03T10:51:01.018+0000] {dag.py:2726} INFO - Sync 1 DAGs
[2023-05-03T10:51:01.156+0000] {logging_mixin.py:149} INFO - [2023-05-03T10:51:01.156+0000] {dag.py:3490} INFO - Setting next_dagrun for tutorial to 2023-05-02T10:51:01.154903+00:00, run_after=2023-05-03T10:51:01.154903+00:00
[2023-05-03T10:51:01.238+0000] {processor.py:178} INFO - Processing /home/airflow/.local/lib/python3.7/site-packages/airflow/example_dags/tutorial.py took 0.476 seconds
[2023-05-03T10:51:31.379+0000] {processor.py:156} INFO - Started process (PID=8456) to work on /home/airflow/.local/lib/python3.7/site-packages/airflow/example_dags/tutorial.py
[2023-05-03T10:51:31.381+0000] {processor.py:799} INFO - Processing file /home/airflow/.local/lib/python3.7/site-packages/airflow/example_dags/tutorial.py for tasks to queue
[2023-05-03T10:51:31.382+0000] {logging_mixin.py:149} INFO - [2023-05-03T10:51:31.382+0000] {dagbag.py:541} INFO - Filling up the DagBag from /home/airflow/.local/lib/python3.7/site-packages/airflow/example_dags/tutorial.py
[2023-05-03T10:51:31.402+0000] {processor.py:809} INFO - DAG(s) dict_keys(['tutorial']) retrieved from /home/airflow/.local/lib/python3.7/site-packages/airflow/example_dags/tutorial.py
[2023-05-03T10:51:31.456+0000] {logging_mixin.py:149} INFO - [2023-05-03T10:51:31.455+0000] {dag.py:2726} INFO - Sync 1 DAGs
[2023-05-03T10:51:31.521+0000] {logging_mixin.py:149} INFO - [2023-05-03T10:51:31.520+0000] {dag.py:3490} INFO - Setting next_dagrun for tutorial to 2023-05-02T10:51:31.520375+00:00, run_after=2023-05-03T10:51:31.520375+00:00
[2023-05-03T10:51:31.561+0000] {processor.py:178} INFO - Processing /home/airflow/.local/lib/python3.7/site-packages/airflow/example_dags/tutorial.py took 0.191 seconds
[2023-05-03T10:52:03.050+0000] {processor.py:156} INFO - Started process (PID=8692) to work on /home/airflow/.local/lib/python3.7/site-packages/airflow/example_dags/tutorial.py
[2023-05-03T10:52:03.064+0000] {processor.py:799} INFO - Processing file /home/airflow/.local/lib/python3.7/site-packages/airflow/example_dags/tutorial.py for tasks to queue
[2023-05-03T10:52:03.070+0000] {logging_mixin.py:149} INFO - [2023-05-03T10:52:03.069+0000] {dagbag.py:541} INFO - Filling up the DagBag from /home/airflow/.local/lib/python3.7/site-packages/airflow/example_dags/tutorial.py
[2023-05-03T10:52:03.135+0000] {processor.py:809} INFO - DAG(s) dict_keys(['tutorial']) retrieved from /home/airflow/.local/lib/python3.7/site-packages/airflow/example_dags/tutorial.py
[2023-05-03T10:52:03.244+0000] {logging_mixin.py:149} INFO - [2023-05-03T10:52:03.243+0000] {dag.py:2726} INFO - Sync 1 DAGs
[2023-05-03T10:52:03.362+0000] {logging_mixin.py:149} INFO - [2023-05-03T10:52:03.362+0000] {dag.py:3490} INFO - Setting next_dagrun for tutorial to 2023-05-02T10:52:03.344864+00:00, run_after=2023-05-03T10:52:03.344864+00:00
[2023-05-03T10:52:03.439+0000] {processor.py:178} INFO - Processing /home/airflow/.local/lib/python3.7/site-packages/airflow/example_dags/tutorial.py took 0.417 seconds
[2023-05-03T10:52:35.220+0000] {processor.py:156} INFO - Started process (PID=8928) to work on /home/airflow/.local/lib/python3.7/site-packages/airflow/example_dags/tutorial.py
[2023-05-03T10:52:35.238+0000] {processor.py:799} INFO - Processing file /home/airflow/.local/lib/python3.7/site-packages/airflow/example_dags/tutorial.py for tasks to queue
[2023-05-03T10:52:35.242+0000] {logging_mixin.py:149} INFO - [2023-05-03T10:52:35.242+0000] {dagbag.py:541} INFO - Filling up the DagBag from /home/airflow/.local/lib/python3.7/site-packages/airflow/example_dags/tutorial.py
[2023-05-03T10:52:35.272+0000] {processor.py:809} INFO - DAG(s) dict_keys(['tutorial']) retrieved from /home/airflow/.local/lib/python3.7/site-packages/airflow/example_dags/tutorial.py
[2023-05-03T10:52:35.546+0000] {logging_mixin.py:149} INFO - [2023-05-03T10:52:35.546+0000] {dag.py:2726} INFO - Sync 1 DAGs
[2023-05-03T10:52:35.656+0000] {logging_mixin.py:149} INFO - [2023-05-03T10:52:35.656+0000] {dag.py:3490} INFO - Setting next_dagrun for tutorial to 2023-05-02T10:52:35.654675+00:00, run_after=2023-05-03T10:52:35.654675+00:00
[2023-05-03T10:52:35.759+0000] {processor.py:178} INFO - Processing /home/airflow/.local/lib/python3.7/site-packages/airflow/example_dags/tutorial.py took 0.551 seconds
[2023-05-03T10:53:06.843+0000] {processor.py:156} INFO - Started process (PID=9164) to work on /home/airflow/.local/lib/python3.7/site-packages/airflow/example_dags/tutorial.py
[2023-05-03T10:53:06.856+0000] {processor.py:799} INFO - Processing file /home/airflow/.local/lib/python3.7/site-packages/airflow/example_dags/tutorial.py for tasks to queue
[2023-05-03T10:53:06.872+0000] {logging_mixin.py:149} INFO - [2023-05-03T10:53:06.872+0000] {dagbag.py:541} INFO - Filling up the DagBag from /home/airflow/.local/lib/python3.7/site-packages/airflow/example_dags/tutorial.py
[2023-05-03T10:53:06.912+0000] {processor.py:809} INFO - DAG(s) dict_keys(['tutorial']) retrieved from /home/airflow/.local/lib/python3.7/site-packages/airflow/example_dags/tutorial.py
[2023-05-03T10:53:07.031+0000] {logging_mixin.py:149} INFO - [2023-05-03T10:53:07.031+0000] {dag.py:2726} INFO - Sync 1 DAGs
[2023-05-03T10:53:07.221+0000] {logging_mixin.py:149} INFO - [2023-05-03T10:53:07.220+0000] {dag.py:3490} INFO - Setting next_dagrun for tutorial to 2023-05-02T10:53:07.218076+00:00, run_after=2023-05-03T10:53:07.218076+00:00
[2023-05-03T10:53:07.322+0000] {processor.py:178} INFO - Processing /home/airflow/.local/lib/python3.7/site-packages/airflow/example_dags/tutorial.py took 0.484 seconds
[2023-05-03T10:53:39.728+0000] {processor.py:156} INFO - Started process (PID=9398) to work on /home/airflow/.local/lib/python3.7/site-packages/airflow/example_dags/tutorial.py
[2023-05-03T10:53:39.731+0000] {processor.py:799} INFO - Processing file /home/airflow/.local/lib/python3.7/site-packages/airflow/example_dags/tutorial.py for tasks to queue
[2023-05-03T10:53:39.733+0000] {logging_mixin.py:149} INFO - [2023-05-03T10:53:39.732+0000] {dagbag.py:541} INFO - Filling up the DagBag from /home/airflow/.local/lib/python3.7/site-packages/airflow/example_dags/tutorial.py
[2023-05-03T10:53:39.752+0000] {processor.py:809} INFO - DAG(s) dict_keys(['tutorial']) retrieved from /home/airflow/.local/lib/python3.7/site-packages/airflow/example_dags/tutorial.py
[2023-05-03T10:53:39.838+0000] {logging_mixin.py:149} INFO - [2023-05-03T10:53:39.838+0000] {dag.py:2726} INFO - Sync 1 DAGs
[2023-05-03T10:53:39.914+0000] {logging_mixin.py:149} INFO - [2023-05-03T10:53:39.913+0000] {dag.py:3490} INFO - Setting next_dagrun for tutorial to 2023-05-02T10:53:39.913634+00:00, run_after=2023-05-03T10:53:39.913634+00:00
[2023-05-03T10:53:40.035+0000] {processor.py:178} INFO - Processing /home/airflow/.local/lib/python3.7/site-packages/airflow/example_dags/tutorial.py took 0.323 seconds
[2023-05-03T10:54:10.435+0000] {processor.py:156} INFO - Started process (PID=9624) to work on /home/airflow/.local/lib/python3.7/site-packages/airflow/example_dags/tutorial.py
[2023-05-03T10:54:10.439+0000] {processor.py:799} INFO - Processing file /home/airflow/.local/lib/python3.7/site-packages/airflow/example_dags/tutorial.py for tasks to queue
[2023-05-03T10:54:10.442+0000] {logging_mixin.py:149} INFO - [2023-05-03T10:54:10.441+0000] {dagbag.py:541} INFO - Filling up the DagBag from /home/airflow/.local/lib/python3.7/site-packages/airflow/example_dags/tutorial.py
[2023-05-03T10:54:10.463+0000] {processor.py:809} INFO - DAG(s) dict_keys(['tutorial']) retrieved from /home/airflow/.local/lib/python3.7/site-packages/airflow/example_dags/tutorial.py
[2023-05-03T10:54:10.527+0000] {logging_mixin.py:149} INFO - [2023-05-03T10:54:10.526+0000] {dag.py:2726} INFO - Sync 1 DAGs
[2023-05-03T10:54:10.621+0000] {logging_mixin.py:149} INFO - [2023-05-03T10:54:10.620+0000] {dag.py:3490} INFO - Setting next_dagrun for tutorial to 2023-05-02T10:54:10.617825+00:00, run_after=2023-05-03T10:54:10.617825+00:00
[2023-05-03T10:54:10.700+0000] {processor.py:178} INFO - Processing /home/airflow/.local/lib/python3.7/site-packages/airflow/example_dags/tutorial.py took 0.272 seconds
[2023-05-03T10:54:45.206+0000] {processor.py:156} INFO - Started process (PID=9837) to work on /home/airflow/.local/lib/python3.7/site-packages/airflow/example_dags/tutorial.py
[2023-05-03T10:54:45.235+0000] {processor.py:799} INFO - Processing file /home/airflow/.local/lib/python3.7/site-packages/airflow/example_dags/tutorial.py for tasks to queue
[2023-05-03T10:54:45.246+0000] {logging_mixin.py:149} INFO - [2023-05-03T10:54:45.242+0000] {dagbag.py:541} INFO - Filling up the DagBag from /home/airflow/.local/lib/python3.7/site-packages/airflow/example_dags/tutorial.py
[2023-05-03T10:54:45.282+0000] {processor.py:809} INFO - DAG(s) dict_keys(['tutorial']) retrieved from /home/airflow/.local/lib/python3.7/site-packages/airflow/example_dags/tutorial.py
[2023-05-03T10:54:45.876+0000] {logging_mixin.py:149} INFO - [2023-05-03T10:54:45.876+0000] {dag.py:2726} INFO - Sync 1 DAGs
[2023-05-03T10:54:46.019+0000] {logging_mixin.py:149} INFO - [2023-05-03T10:54:46.018+0000] {dag.py:3490} INFO - Setting next_dagrun for tutorial to 2023-05-02T10:54:46.015805+00:00, run_after=2023-05-03T10:54:46.015805+00:00
[2023-05-03T10:54:46.281+0000] {processor.py:178} INFO - Processing /home/airflow/.local/lib/python3.7/site-packages/airflow/example_dags/tutorial.py took 1.098 seconds
[2023-05-03T10:59:17.478+0000] {processor.py:156} INFO - Started process (PID=10019) to work on /home/airflow/.local/lib/python3.7/site-packages/airflow/example_dags/tutorial.py
[2023-05-03T10:59:17.502+0000] {processor.py:799} INFO - Processing file /home/airflow/.local/lib/python3.7/site-packages/airflow/example_dags/tutorial.py for tasks to queue
[2023-05-03T10:59:17.516+0000] {logging_mixin.py:149} INFO - [2023-05-03T10:59:17.515+0000] {dagbag.py:541} INFO - Filling up the DagBag from /home/airflow/.local/lib/python3.7/site-packages/airflow/example_dags/tutorial.py
[2023-05-03T10:59:17.608+0000] {processor.py:809} INFO - DAG(s) dict_keys(['tutorial']) retrieved from /home/airflow/.local/lib/python3.7/site-packages/airflow/example_dags/tutorial.py
[2023-05-03T10:59:17.726+0000] {logging_mixin.py:149} INFO - [2023-05-03T10:59:17.725+0000] {dag.py:2726} INFO - Sync 1 DAGs
[2023-05-03T10:59:17.884+0000] {logging_mixin.py:149} INFO - [2023-05-03T10:59:17.884+0000] {dag.py:3490} INFO - Setting next_dagrun for tutorial to 2023-05-02T10:59:17.850621+00:00, run_after=2023-05-03T10:59:17.850621+00:00
[2023-05-03T10:59:18.081+0000] {processor.py:178} INFO - Processing /home/airflow/.local/lib/python3.7/site-packages/airflow/example_dags/tutorial.py took 0.644 seconds
