[2023-05-03T11:26:25.712+0000] {processor.py:156} INFO - Started process (PID=416) to work on /opt/airflow/dags/orchestra.py
[2023-05-03T11:26:25.726+0000] {processor.py:799} INFO - Processing file /opt/airflow/dags/orchestra.py for tasks to queue
[2023-05-03T11:26:25.739+0000] {logging_mixin.py:149} INFO - [2023-05-03T11:26:25.739+0000] {dagbag.py:541} INFO - Filling up the DagBag from /opt/airflow/dags/orchestra.py
[2023-05-03T11:26:26.017+0000] {processor.py:811} WARNING - No viable dags retrieved from /opt/airflow/dags/orchestra.py
[2023-05-03T11:26:26.318+0000] {processor.py:178} INFO - Processing /opt/airflow/dags/orchestra.py took 0.690 seconds
[2023-05-03T11:26:58.015+0000] {processor.py:156} INFO - Started process (PID=428) to work on /opt/airflow/dags/orchestra.py
[2023-05-03T11:26:58.050+0000] {processor.py:799} INFO - Processing file /opt/airflow/dags/orchestra.py for tasks to queue
[2023-05-03T11:26:58.073+0000] {logging_mixin.py:149} INFO - [2023-05-03T11:26:58.071+0000] {dagbag.py:541} INFO - Filling up the DagBag from /opt/airflow/dags/orchestra.py
[2023-05-03T11:26:58.540+0000] {processor.py:811} WARNING - No viable dags retrieved from /opt/airflow/dags/orchestra.py
[2023-05-03T11:26:59.061+0000] {processor.py:178} INFO - Processing /opt/airflow/dags/orchestra.py took 1.169 seconds
[2023-05-03T11:27:09.440+0000] {processor.py:156} INFO - Started process (PID=433) to work on /opt/airflow/dags/orchestra.py
[2023-05-03T11:27:09.460+0000] {processor.py:799} INFO - Processing file /opt/airflow/dags/orchestra.py for tasks to queue
[2023-05-03T11:27:09.493+0000] {logging_mixin.py:149} INFO - [2023-05-03T11:27:09.491+0000] {dagbag.py:541} INFO - Filling up the DagBag from /opt/airflow/dags/orchestra.py
[2023-05-03T11:27:09.655+0000] {processor.py:811} WARNING - No viable dags retrieved from /opt/airflow/dags/orchestra.py
[2023-05-03T11:27:09.890+0000] {processor.py:178} INFO - Processing /opt/airflow/dags/orchestra.py took 0.519 seconds
[2023-05-03T11:27:40.897+0000] {processor.py:156} INFO - Started process (PID=445) to work on /opt/airflow/dags/orchestra.py
[2023-05-03T11:27:40.907+0000] {processor.py:799} INFO - Processing file /opt/airflow/dags/orchestra.py for tasks to queue
[2023-05-03T11:27:40.920+0000] {logging_mixin.py:149} INFO - [2023-05-03T11:27:40.919+0000] {dagbag.py:541} INFO - Filling up the DagBag from /opt/airflow/dags/orchestra.py
[2023-05-03T11:27:41.220+0000] {processor.py:811} WARNING - No viable dags retrieved from /opt/airflow/dags/orchestra.py
[2023-05-03T11:27:41.618+0000] {processor.py:178} INFO - Processing /opt/airflow/dags/orchestra.py took 0.810 seconds
[2023-05-03T11:28:12.653+0000] {processor.py:156} INFO - Started process (PID=457) to work on /opt/airflow/dags/orchestra.py
[2023-05-03T11:28:12.685+0000] {processor.py:799} INFO - Processing file /opt/airflow/dags/orchestra.py for tasks to queue
[2023-05-03T11:28:12.703+0000] {logging_mixin.py:149} INFO - [2023-05-03T11:28:12.701+0000] {dagbag.py:541} INFO - Filling up the DagBag from /opt/airflow/dags/orchestra.py
[2023-05-03T11:28:13.223+0000] {processor.py:811} WARNING - No viable dags retrieved from /opt/airflow/dags/orchestra.py
[2023-05-03T11:28:14.090+0000] {processor.py:178} INFO - Processing /opt/airflow/dags/orchestra.py took 1.604 seconds
[2023-05-03T11:29:55.243+0000] {processor.py:156} INFO - Started process (PID=469) to work on /opt/airflow/dags/orchestra.py
[2023-05-03T11:29:55.342+0000] {processor.py:799} INFO - Processing file /opt/airflow/dags/orchestra.py for tasks to queue
[2023-05-03T11:29:55.502+0000] {logging_mixin.py:149} INFO - [2023-05-03T11:29:55.492+0000] {dagbag.py:541} INFO - Filling up the DagBag from /opt/airflow/dags/orchestra.py
[2023-05-03T11:29:58.534+0000] {processor.py:811} WARNING - No viable dags retrieved from /opt/airflow/dags/orchestra.py
[2023-05-03T11:29:59.694+0000] {processor.py:178} INFO - Processing /opt/airflow/dags/orchestra.py took 6.273 seconds
[2023-05-03T11:30:31.417+0000] {processor.py:156} INFO - Started process (PID=489) to work on /opt/airflow/dags/orchestra.py
[2023-05-03T11:30:31.431+0000] {processor.py:799} INFO - Processing file /opt/airflow/dags/orchestra.py for tasks to queue
[2023-05-03T11:30:31.442+0000] {logging_mixin.py:149} INFO - [2023-05-03T11:30:31.440+0000] {dagbag.py:541} INFO - Filling up the DagBag from /opt/airflow/dags/orchestra.py
[2023-05-03T11:30:31.778+0000] {processor.py:811} WARNING - No viable dags retrieved from /opt/airflow/dags/orchestra.py
[2023-05-03T11:30:32.146+0000] {processor.py:178} INFO - Processing /opt/airflow/dags/orchestra.py took 0.821 seconds
[2023-05-03T11:31:08.148+0000] {processor.py:156} INFO - Started process (PID=494) to work on /opt/airflow/dags/orchestra.py
[2023-05-03T11:31:08.437+0000] {processor.py:799} INFO - Processing file /opt/airflow/dags/orchestra.py for tasks to queue
[2023-05-03T11:31:08.710+0000] {logging_mixin.py:149} INFO - [2023-05-03T11:31:08.703+0000] {dagbag.py:541} INFO - Filling up the DagBag from /opt/airflow/dags/orchestra.py
[2023-05-03T11:31:10.142+0000] {processor.py:811} WARNING - No viable dags retrieved from /opt/airflow/dags/orchestra.py
[2023-05-03T11:31:10.503+0000] {processor.py:178} INFO - Processing /opt/airflow/dags/orchestra.py took 2.727 seconds
[2023-05-03T11:31:42.335+0000] {processor.py:156} INFO - Started process (PID=512) to work on /opt/airflow/dags/orchestra.py
[2023-05-03T11:31:42.351+0000] {processor.py:799} INFO - Processing file /opt/airflow/dags/orchestra.py for tasks to queue
[2023-05-03T11:31:42.388+0000] {logging_mixin.py:149} INFO - [2023-05-03T11:31:42.386+0000] {dagbag.py:541} INFO - Filling up the DagBag from /opt/airflow/dags/orchestra.py
[2023-05-03T11:31:42.623+0000] {processor.py:811} WARNING - No viable dags retrieved from /opt/airflow/dags/orchestra.py
[2023-05-03T11:31:42.882+0000] {processor.py:178} INFO - Processing /opt/airflow/dags/orchestra.py took 0.621 seconds
[2023-05-03T11:32:15.498+0000] {processor.py:156} INFO - Started process (PID=524) to work on /opt/airflow/dags/orchestra.py
[2023-05-03T11:32:15.568+0000] {processor.py:799} INFO - Processing file /opt/airflow/dags/orchestra.py for tasks to queue
[2023-05-03T11:32:15.598+0000] {logging_mixin.py:149} INFO - [2023-05-03T11:32:15.597+0000] {dagbag.py:541} INFO - Filling up the DagBag from /opt/airflow/dags/orchestra.py
[2023-05-03T11:32:16.173+0000] {processor.py:811} WARNING - No viable dags retrieved from /opt/airflow/dags/orchestra.py
[2023-05-03T11:32:17.040+0000] {processor.py:178} INFO - Processing /opt/airflow/dags/orchestra.py took 1.870 seconds
[2023-05-03T11:32:47.646+0000] {processor.py:156} INFO - Started process (PID=536) to work on /opt/airflow/dags/orchestra.py
[2023-05-03T11:32:47.650+0000] {processor.py:799} INFO - Processing file /opt/airflow/dags/orchestra.py for tasks to queue
[2023-05-03T11:32:47.656+0000] {logging_mixin.py:149} INFO - [2023-05-03T11:32:47.655+0000] {dagbag.py:541} INFO - Filling up the DagBag from /opt/airflow/dags/orchestra.py
[2023-05-03T11:32:47.758+0000] {processor.py:811} WARNING - No viable dags retrieved from /opt/airflow/dags/orchestra.py
[2023-05-03T11:32:47.856+0000] {processor.py:178} INFO - Processing /opt/airflow/dags/orchestra.py took 0.261 seconds
[2023-05-03T11:33:18.316+0000] {processor.py:156} INFO - Started process (PID=547) to work on /opt/airflow/dags/orchestra.py
[2023-05-03T11:33:18.327+0000] {processor.py:799} INFO - Processing file /opt/airflow/dags/orchestra.py for tasks to queue
[2023-05-03T11:33:18.337+0000] {logging_mixin.py:149} INFO - [2023-05-03T11:33:18.336+0000] {dagbag.py:541} INFO - Filling up the DagBag from /opt/airflow/dags/orchestra.py
[2023-05-03T11:33:18.504+0000] {processor.py:811} WARNING - No viable dags retrieved from /opt/airflow/dags/orchestra.py
[2023-05-03T11:33:18.772+0000] {processor.py:178} INFO - Processing /opt/airflow/dags/orchestra.py took 0.510 seconds
[2023-05-03T11:33:49.826+0000] {processor.py:156} INFO - Started process (PID=559) to work on /opt/airflow/dags/orchestra.py
[2023-05-03T11:33:49.849+0000] {processor.py:799} INFO - Processing file /opt/airflow/dags/orchestra.py for tasks to queue
[2023-05-03T11:33:49.864+0000] {logging_mixin.py:149} INFO - [2023-05-03T11:33:49.861+0000] {dagbag.py:541} INFO - Filling up the DagBag from /opt/airflow/dags/orchestra.py
[2023-05-03T11:33:50.126+0000] {processor.py:811} WARNING - No viable dags retrieved from /opt/airflow/dags/orchestra.py
[2023-05-03T11:33:50.421+0000] {processor.py:178} INFO - Processing /opt/airflow/dags/orchestra.py took 0.682 seconds
[2023-05-03T11:34:20.912+0000] {processor.py:156} INFO - Started process (PID=571) to work on /opt/airflow/dags/orchestra.py
[2023-05-03T11:34:20.914+0000] {processor.py:799} INFO - Processing file /opt/airflow/dags/orchestra.py for tasks to queue
[2023-05-03T11:34:20.917+0000] {logging_mixin.py:149} INFO - [2023-05-03T11:34:20.916+0000] {dagbag.py:541} INFO - Filling up the DagBag from /opt/airflow/dags/orchestra.py
[2023-05-03T11:34:20.969+0000] {processor.py:811} WARNING - No viable dags retrieved from /opt/airflow/dags/orchestra.py
[2023-05-03T11:34:21.006+0000] {processor.py:178} INFO - Processing /opt/airflow/dags/orchestra.py took 0.103 seconds
[2023-05-03T11:34:51.315+0000] {processor.py:156} INFO - Started process (PID=583) to work on /opt/airflow/dags/orchestra.py
[2023-05-03T11:34:51.318+0000] {processor.py:799} INFO - Processing file /opt/airflow/dags/orchestra.py for tasks to queue
[2023-05-03T11:34:51.320+0000] {logging_mixin.py:149} INFO - [2023-05-03T11:34:51.319+0000] {dagbag.py:541} INFO - Filling up the DagBag from /opt/airflow/dags/orchestra.py
[2023-05-03T11:34:51.371+0000] {processor.py:811} WARNING - No viable dags retrieved from /opt/airflow/dags/orchestra.py
[2023-05-03T11:34:51.409+0000] {processor.py:178} INFO - Processing /opt/airflow/dags/orchestra.py took 0.099 seconds
[2023-05-03T11:35:21.666+0000] {processor.py:156} INFO - Started process (PID=596) to work on /opt/airflow/dags/orchestra.py
[2023-05-03T11:35:21.672+0000] {processor.py:799} INFO - Processing file /opt/airflow/dags/orchestra.py for tasks to queue
[2023-05-03T11:35:21.678+0000] {logging_mixin.py:149} INFO - [2023-05-03T11:35:21.678+0000] {dagbag.py:541} INFO - Filling up the DagBag from /opt/airflow/dags/orchestra.py
[2023-05-03T11:35:21.725+0000] {processor.py:811} WARNING - No viable dags retrieved from /opt/airflow/dags/orchestra.py
[2023-05-03T11:35:21.767+0000] {processor.py:178} INFO - Processing /opt/airflow/dags/orchestra.py took 0.113 seconds
[2023-05-03T11:35:52.632+0000] {processor.py:156} INFO - Started process (PID=608) to work on /opt/airflow/dags/orchestra.py
[2023-05-03T11:35:52.689+0000] {processor.py:799} INFO - Processing file /opt/airflow/dags/orchestra.py for tasks to queue
[2023-05-03T11:35:52.710+0000] {logging_mixin.py:149} INFO - [2023-05-03T11:35:52.708+0000] {dagbag.py:541} INFO - Filling up the DagBag from /opt/airflow/dags/orchestra.py
[2023-05-03T11:35:53.103+0000] {processor.py:811} WARNING - No viable dags retrieved from /opt/airflow/dags/orchestra.py
[2023-05-03T11:35:53.414+0000] {processor.py:178} INFO - Processing /opt/airflow/dags/orchestra.py took 0.923 seconds
[2023-05-03T11:36:24.489+0000] {processor.py:156} INFO - Started process (PID=620) to work on /opt/airflow/dags/orchestra.py
[2023-05-03T11:36:24.514+0000] {processor.py:799} INFO - Processing file /opt/airflow/dags/orchestra.py for tasks to queue
[2023-05-03T11:36:24.538+0000] {logging_mixin.py:149} INFO - [2023-05-03T11:36:24.537+0000] {dagbag.py:541} INFO - Filling up the DagBag from /opt/airflow/dags/orchestra.py
[2023-05-03T11:36:24.923+0000] {processor.py:811} WARNING - No viable dags retrieved from /opt/airflow/dags/orchestra.py
[2023-05-03T11:36:25.356+0000] {processor.py:178} INFO - Processing /opt/airflow/dags/orchestra.py took 0.957 seconds
[2023-05-03T11:36:56.287+0000] {processor.py:156} INFO - Started process (PID=632) to work on /opt/airflow/dags/orchestra.py
[2023-05-03T11:36:56.295+0000] {processor.py:799} INFO - Processing file /opt/airflow/dags/orchestra.py for tasks to queue
[2023-05-03T11:36:56.303+0000] {logging_mixin.py:149} INFO - [2023-05-03T11:36:56.302+0000] {dagbag.py:541} INFO - Filling up the DagBag from /opt/airflow/dags/orchestra.py
[2023-05-03T11:36:56.433+0000] {processor.py:811} WARNING - No viable dags retrieved from /opt/airflow/dags/orchestra.py
[2023-05-03T11:36:56.568+0000] {processor.py:178} INFO - Processing /opt/airflow/dags/orchestra.py took 0.334 seconds
[2023-05-03T11:37:27.426+0000] {processor.py:156} INFO - Started process (PID=644) to work on /opt/airflow/dags/orchestra.py
[2023-05-03T11:37:27.434+0000] {processor.py:799} INFO - Processing file /opt/airflow/dags/orchestra.py for tasks to queue
[2023-05-03T11:37:27.444+0000] {logging_mixin.py:149} INFO - [2023-05-03T11:37:27.443+0000] {dagbag.py:541} INFO - Filling up the DagBag from /opt/airflow/dags/orchestra.py
[2023-05-03T11:37:27.721+0000] {processor.py:811} WARNING - No viable dags retrieved from /opt/airflow/dags/orchestra.py
[2023-05-03T11:37:28.049+0000] {processor.py:178} INFO - Processing /opt/airflow/dags/orchestra.py took 0.696 seconds
[2023-05-03T11:37:58.591+0000] {processor.py:156} INFO - Started process (PID=656) to work on /opt/airflow/dags/orchestra.py
[2023-05-03T11:37:58.595+0000] {processor.py:799} INFO - Processing file /opt/airflow/dags/orchestra.py for tasks to queue
[2023-05-03T11:37:58.602+0000] {logging_mixin.py:149} INFO - [2023-05-03T11:37:58.601+0000] {dagbag.py:541} INFO - Filling up the DagBag from /opt/airflow/dags/orchestra.py
[2023-05-03T11:37:58.709+0000] {processor.py:811} WARNING - No viable dags retrieved from /opt/airflow/dags/orchestra.py
[2023-05-03T11:37:58.809+0000] {processor.py:178} INFO - Processing /opt/airflow/dags/orchestra.py took 0.269 seconds
[2023-05-03T11:38:38.637+0000] {processor.py:156} INFO - Started process (PID=668) to work on /opt/airflow/dags/orchestra.py
[2023-05-03T11:38:38.662+0000] {processor.py:799} INFO - Processing file /opt/airflow/dags/orchestra.py for tasks to queue
[2023-05-03T11:38:38.679+0000] {logging_mixin.py:149} INFO - [2023-05-03T11:38:38.678+0000] {dagbag.py:541} INFO - Filling up the DagBag from /opt/airflow/dags/orchestra.py
[2023-05-03T11:38:38.972+0000] {processor.py:811} WARNING - No viable dags retrieved from /opt/airflow/dags/orchestra.py
[2023-05-03T11:38:39.536+0000] {processor.py:178} INFO - Processing /opt/airflow/dags/orchestra.py took 0.992 seconds
[2023-05-03T11:39:11.642+0000] {processor.py:156} INFO - Started process (PID=680) to work on /opt/airflow/dags/orchestra.py
[2023-05-03T11:39:11.699+0000] {processor.py:799} INFO - Processing file /opt/airflow/dags/orchestra.py for tasks to queue
[2023-05-03T11:39:11.742+0000] {logging_mixin.py:149} INFO - [2023-05-03T11:39:11.740+0000] {dagbag.py:541} INFO - Filling up the DagBag from /opt/airflow/dags/orchestra.py
[2023-05-03T11:39:12.518+0000] {processor.py:811} WARNING - No viable dags retrieved from /opt/airflow/dags/orchestra.py
[2023-05-03T11:39:14.396+0000] {processor.py:178} INFO - Processing /opt/airflow/dags/orchestra.py took 3.069 seconds
[2023-05-03T11:39:45.229+0000] {processor.py:156} INFO - Started process (PID=692) to work on /opt/airflow/dags/orchestra.py
[2023-05-03T11:39:45.232+0000] {processor.py:799} INFO - Processing file /opt/airflow/dags/orchestra.py for tasks to queue
[2023-05-03T11:39:45.234+0000] {logging_mixin.py:149} INFO - [2023-05-03T11:39:45.234+0000] {dagbag.py:541} INFO - Filling up the DagBag from /opt/airflow/dags/orchestra.py
[2023-05-03T11:39:45.276+0000] {processor.py:811} WARNING - No viable dags retrieved from /opt/airflow/dags/orchestra.py
[2023-05-03T11:39:45.358+0000] {processor.py:178} INFO - Processing /opt/airflow/dags/orchestra.py took 0.136 seconds
[2023-05-03T11:40:15.648+0000] {processor.py:156} INFO - Started process (PID=704) to work on /opt/airflow/dags/orchestra.py
[2023-05-03T11:40:15.651+0000] {processor.py:799} INFO - Processing file /opt/airflow/dags/orchestra.py for tasks to queue
[2023-05-03T11:40:15.653+0000] {logging_mixin.py:149} INFO - [2023-05-03T11:40:15.653+0000] {dagbag.py:541} INFO - Filling up the DagBag from /opt/airflow/dags/orchestra.py
[2023-05-03T11:40:15.688+0000] {processor.py:811} WARNING - No viable dags retrieved from /opt/airflow/dags/orchestra.py
[2023-05-03T11:40:15.722+0000] {processor.py:178} INFO - Processing /opt/airflow/dags/orchestra.py took 0.081 seconds
[2023-05-03T11:40:45.918+0000] {processor.py:156} INFO - Started process (PID=716) to work on /opt/airflow/dags/orchestra.py
[2023-05-03T11:40:45.922+0000] {processor.py:799} INFO - Processing file /opt/airflow/dags/orchestra.py for tasks to queue
[2023-05-03T11:40:45.924+0000] {logging_mixin.py:149} INFO - [2023-05-03T11:40:45.924+0000] {dagbag.py:541} INFO - Filling up the DagBag from /opt/airflow/dags/orchestra.py
[2023-05-03T11:40:45.958+0000] {processor.py:811} WARNING - No viable dags retrieved from /opt/airflow/dags/orchestra.py
[2023-05-03T11:40:45.979+0000] {processor.py:178} INFO - Processing /opt/airflow/dags/orchestra.py took 0.066 seconds
[2023-05-03T11:41:16.269+0000] {processor.py:156} INFO - Started process (PID=728) to work on /opt/airflow/dags/orchestra.py
[2023-05-03T11:41:16.272+0000] {processor.py:799} INFO - Processing file /opt/airflow/dags/orchestra.py for tasks to queue
[2023-05-03T11:41:16.274+0000] {logging_mixin.py:149} INFO - [2023-05-03T11:41:16.274+0000] {dagbag.py:541} INFO - Filling up the DagBag from /opt/airflow/dags/orchestra.py
[2023-05-03T11:41:16.312+0000] {processor.py:811} WARNING - No viable dags retrieved from /opt/airflow/dags/orchestra.py
[2023-05-03T11:41:16.346+0000] {processor.py:178} INFO - Processing /opt/airflow/dags/orchestra.py took 0.084 seconds
[2023-05-03T11:41:46.855+0000] {processor.py:156} INFO - Started process (PID=740) to work on /opt/airflow/dags/orchestra.py
[2023-05-03T11:41:46.862+0000] {processor.py:799} INFO - Processing file /opt/airflow/dags/orchestra.py for tasks to queue
[2023-05-03T11:41:46.869+0000] {logging_mixin.py:149} INFO - [2023-05-03T11:41:46.868+0000] {dagbag.py:541} INFO - Filling up the DagBag from /opt/airflow/dags/orchestra.py
[2023-05-03T11:41:46.978+0000] {processor.py:811} WARNING - No viable dags retrieved from /opt/airflow/dags/orchestra.py
[2023-05-03T11:41:47.074+0000] {processor.py:178} INFO - Processing /opt/airflow/dags/orchestra.py took 0.273 seconds
[2023-05-03T11:42:18.307+0000] {processor.py:156} INFO - Started process (PID=752) to work on /opt/airflow/dags/orchestra.py
[2023-05-03T11:42:18.322+0000] {processor.py:799} INFO - Processing file /opt/airflow/dags/orchestra.py for tasks to queue
[2023-05-03T11:42:18.334+0000] {logging_mixin.py:149} INFO - [2023-05-03T11:42:18.333+0000] {dagbag.py:541} INFO - Filling up the DagBag from /opt/airflow/dags/orchestra.py
[2023-05-03T11:42:18.770+0000] {processor.py:811} WARNING - No viable dags retrieved from /opt/airflow/dags/orchestra.py
[2023-05-03T11:42:23.246+0000] {processor.py:178} INFO - Processing /opt/airflow/dags/orchestra.py took 5.045 seconds
[2023-05-03T11:42:54.726+0000] {processor.py:156} INFO - Started process (PID=764) to work on /opt/airflow/dags/orchestra.py
[2023-05-03T11:42:54.740+0000] {processor.py:799} INFO - Processing file /opt/airflow/dags/orchestra.py for tasks to queue
[2023-05-03T11:42:54.750+0000] {logging_mixin.py:149} INFO - [2023-05-03T11:42:54.748+0000] {dagbag.py:541} INFO - Filling up the DagBag from /opt/airflow/dags/orchestra.py
[2023-05-03T11:42:54.960+0000] {processor.py:811} WARNING - No viable dags retrieved from /opt/airflow/dags/orchestra.py
[2023-05-03T11:42:55.933+0000] {processor.py:178} INFO - Processing /opt/airflow/dags/orchestra.py took 1.275 seconds
[2023-05-03T11:43:27.172+0000] {processor.py:156} INFO - Started process (PID=776) to work on /opt/airflow/dags/orchestra.py
[2023-05-03T11:43:27.199+0000] {processor.py:799} INFO - Processing file /opt/airflow/dags/orchestra.py for tasks to queue
[2023-05-03T11:43:27.220+0000] {logging_mixin.py:149} INFO - [2023-05-03T11:43:27.219+0000] {dagbag.py:541} INFO - Filling up the DagBag from /opt/airflow/dags/orchestra.py
[2023-05-03T11:43:27.421+0000] {processor.py:811} WARNING - No viable dags retrieved from /opt/airflow/dags/orchestra.py
[2023-05-03T11:43:27.652+0000] {processor.py:178} INFO - Processing /opt/airflow/dags/orchestra.py took 0.626 seconds
[2023-05-03T11:43:58.713+0000] {processor.py:156} INFO - Started process (PID=788) to work on /opt/airflow/dags/orchestra.py
[2023-05-03T11:43:58.729+0000] {processor.py:799} INFO - Processing file /opt/airflow/dags/orchestra.py for tasks to queue
[2023-05-03T11:43:58.739+0000] {logging_mixin.py:149} INFO - [2023-05-03T11:43:58.738+0000] {dagbag.py:541} INFO - Filling up the DagBag from /opt/airflow/dags/orchestra.py
[2023-05-03T11:43:58.991+0000] {processor.py:811} WARNING - No viable dags retrieved from /opt/airflow/dags/orchestra.py
[2023-05-03T11:43:59.185+0000] {processor.py:178} INFO - Processing /opt/airflow/dags/orchestra.py took 0.550 seconds
[2023-05-03T11:44:29.612+0000] {processor.py:156} INFO - Started process (PID=801) to work on /opt/airflow/dags/orchestra.py
[2023-05-03T11:44:29.617+0000] {processor.py:799} INFO - Processing file /opt/airflow/dags/orchestra.py for tasks to queue
[2023-05-03T11:44:29.625+0000] {logging_mixin.py:149} INFO - [2023-05-03T11:44:29.624+0000] {dagbag.py:541} INFO - Filling up the DagBag from /opt/airflow/dags/orchestra.py
[2023-05-03T11:44:29.743+0000] {processor.py:811} WARNING - No viable dags retrieved from /opt/airflow/dags/orchestra.py
[2023-05-03T11:44:29.871+0000] {processor.py:178} INFO - Processing /opt/airflow/dags/orchestra.py took 0.310 seconds
[2023-05-03T11:45:04.034+0000] {processor.py:156} INFO - Started process (PID=813) to work on /opt/airflow/dags/orchestra.py
[2023-05-03T11:45:04.672+0000] {processor.py:799} INFO - Processing file /opt/airflow/dags/orchestra.py for tasks to queue
[2023-05-03T11:45:04.708+0000] {logging_mixin.py:149} INFO - [2023-05-03T11:45:04.704+0000] {dagbag.py:541} INFO - Filling up the DagBag from /opt/airflow/dags/orchestra.py
[2023-05-03T11:45:05.336+0000] {processor.py:811} WARNING - No viable dags retrieved from /opt/airflow/dags/orchestra.py
[2023-05-03T11:45:06.333+0000] {processor.py:178} INFO - Processing /opt/airflow/dags/orchestra.py took 2.875 seconds
[2023-05-03T11:45:37.109+0000] {processor.py:156} INFO - Started process (PID=826) to work on /opt/airflow/dags/orchestra.py
[2023-05-03T11:45:37.120+0000] {processor.py:799} INFO - Processing file /opt/airflow/dags/orchestra.py for tasks to queue
[2023-05-03T11:45:37.130+0000] {logging_mixin.py:149} INFO - [2023-05-03T11:45:37.129+0000] {dagbag.py:541} INFO - Filling up the DagBag from /opt/airflow/dags/orchestra.py
[2023-05-03T11:45:37.280+0000] {processor.py:811} WARNING - No viable dags retrieved from /opt/airflow/dags/orchestra.py
[2023-05-03T11:45:37.436+0000] {processor.py:178} INFO - Processing /opt/airflow/dags/orchestra.py took 0.402 seconds
[2023-05-03T11:46:08.287+0000] {processor.py:156} INFO - Started process (PID=839) to work on /opt/airflow/dags/orchestra.py
[2023-05-03T11:46:08.311+0000] {processor.py:799} INFO - Processing file /opt/airflow/dags/orchestra.py for tasks to queue
[2023-05-03T11:46:08.325+0000] {logging_mixin.py:149} INFO - [2023-05-03T11:46:08.324+0000] {dagbag.py:541} INFO - Filling up the DagBag from /opt/airflow/dags/orchestra.py
[2023-05-03T11:46:08.529+0000] {processor.py:811} WARNING - No viable dags retrieved from /opt/airflow/dags/orchestra.py
[2023-05-03T11:46:08.665+0000] {processor.py:178} INFO - Processing /opt/airflow/dags/orchestra.py took 0.453 seconds
[2023-05-03T11:46:39.534+0000] {processor.py:156} INFO - Started process (PID=852) to work on /opt/airflow/dags/orchestra.py
[2023-05-03T11:46:39.538+0000] {processor.py:799} INFO - Processing file /opt/airflow/dags/orchestra.py for tasks to queue
[2023-05-03T11:46:39.546+0000] {logging_mixin.py:149} INFO - [2023-05-03T11:46:39.545+0000] {dagbag.py:541} INFO - Filling up the DagBag from /opt/airflow/dags/orchestra.py
[2023-05-03T11:46:39.694+0000] {processor.py:811} WARNING - No viable dags retrieved from /opt/airflow/dags/orchestra.py
[2023-05-03T11:46:39.773+0000] {processor.py:178} INFO - Processing /opt/airflow/dags/orchestra.py took 0.299 seconds
[2023-05-03T11:47:10.761+0000] {processor.py:156} INFO - Started process (PID=864) to work on /opt/airflow/dags/orchestra.py
[2023-05-03T11:47:10.796+0000] {processor.py:799} INFO - Processing file /opt/airflow/dags/orchestra.py for tasks to queue
[2023-05-03T11:47:10.813+0000] {logging_mixin.py:149} INFO - [2023-05-03T11:47:10.812+0000] {dagbag.py:541} INFO - Filling up the DagBag from /opt/airflow/dags/orchestra.py
[2023-05-03T11:47:11.074+0000] {processor.py:811} WARNING - No viable dags retrieved from /opt/airflow/dags/orchestra.py
[2023-05-03T11:47:11.499+0000] {processor.py:178} INFO - Processing /opt/airflow/dags/orchestra.py took 0.845 seconds
[2023-05-03T11:47:42.315+0000] {processor.py:156} INFO - Started process (PID=876) to work on /opt/airflow/dags/orchestra.py
[2023-05-03T11:47:42.322+0000] {processor.py:799} INFO - Processing file /opt/airflow/dags/orchestra.py for tasks to queue
[2023-05-03T11:47:42.331+0000] {logging_mixin.py:149} INFO - [2023-05-03T11:47:42.331+0000] {dagbag.py:541} INFO - Filling up the DagBag from /opt/airflow/dags/orchestra.py
[2023-05-03T11:47:42.537+0000] {processor.py:811} WARNING - No viable dags retrieved from /opt/airflow/dags/orchestra.py
[2023-05-03T11:47:42.736+0000] {processor.py:178} INFO - Processing /opt/airflow/dags/orchestra.py took 0.489 seconds
[2023-05-03T11:48:13.047+0000] {processor.py:156} INFO - Started process (PID=888) to work on /opt/airflow/dags/orchestra.py
[2023-05-03T11:48:13.050+0000] {processor.py:799} INFO - Processing file /opt/airflow/dags/orchestra.py for tasks to queue
[2023-05-03T11:48:13.051+0000] {logging_mixin.py:149} INFO - [2023-05-03T11:48:13.051+0000] {dagbag.py:541} INFO - Filling up the DagBag from /opt/airflow/dags/orchestra.py
[2023-05-03T11:48:13.092+0000] {processor.py:811} WARNING - No viable dags retrieved from /opt/airflow/dags/orchestra.py
[2023-05-03T11:48:13.130+0000] {processor.py:178} INFO - Processing /opt/airflow/dags/orchestra.py took 0.090 seconds
[2023-05-03T11:48:45.475+0000] {processor.py:156} INFO - Started process (PID=900) to work on /opt/airflow/dags/orchestra.py
[2023-05-03T11:48:45.507+0000] {processor.py:799} INFO - Processing file /opt/airflow/dags/orchestra.py for tasks to queue
[2023-05-03T11:48:45.560+0000] {logging_mixin.py:149} INFO - [2023-05-03T11:48:45.558+0000] {dagbag.py:541} INFO - Filling up the DagBag from /opt/airflow/dags/orchestra.py
[2023-05-03T11:48:46.496+0000] {processor.py:811} WARNING - No viable dags retrieved from /opt/airflow/dags/orchestra.py
[2023-05-03T11:48:47.832+0000] {processor.py:178} INFO - Processing /opt/airflow/dags/orchestra.py took 2.559 seconds
[2023-05-03T11:49:18.036+0000] {processor.py:156} INFO - Started process (PID=912) to work on /opt/airflow/dags/orchestra.py
[2023-05-03T11:49:18.040+0000] {processor.py:799} INFO - Processing file /opt/airflow/dags/orchestra.py for tasks to queue
[2023-05-03T11:49:18.042+0000] {logging_mixin.py:149} INFO - [2023-05-03T11:49:18.041+0000] {dagbag.py:541} INFO - Filling up the DagBag from /opt/airflow/dags/orchestra.py
[2023-05-03T11:49:18.086+0000] {processor.py:811} WARNING - No viable dags retrieved from /opt/airflow/dags/orchestra.py
[2023-05-03T11:49:18.111+0000] {processor.py:178} INFO - Processing /opt/airflow/dags/orchestra.py took 0.085 seconds
[2023-05-03T11:49:48.312+0000] {processor.py:156} INFO - Started process (PID=924) to work on /opt/airflow/dags/orchestra.py
[2023-05-03T11:49:48.314+0000] {processor.py:799} INFO - Processing file /opt/airflow/dags/orchestra.py for tasks to queue
[2023-05-03T11:49:48.316+0000] {logging_mixin.py:149} INFO - [2023-05-03T11:49:48.316+0000] {dagbag.py:541} INFO - Filling up the DagBag from /opt/airflow/dags/orchestra.py
[2023-05-03T11:49:48.350+0000] {processor.py:811} WARNING - No viable dags retrieved from /opt/airflow/dags/orchestra.py
[2023-05-03T11:49:48.373+0000] {processor.py:178} INFO - Processing /opt/airflow/dags/orchestra.py took 0.065 seconds
[2023-05-03T11:50:21.111+0000] {processor.py:156} INFO - Started process (PID=936) to work on /opt/airflow/dags/orchestra.py
[2023-05-03T11:50:21.263+0000] {processor.py:799} INFO - Processing file /opt/airflow/dags/orchestra.py for tasks to queue
[2023-05-03T11:50:21.315+0000] {logging_mixin.py:149} INFO - [2023-05-03T11:50:21.311+0000] {dagbag.py:541} INFO - Filling up the DagBag from /opt/airflow/dags/orchestra.py
[2023-05-03T11:50:22.251+0000] {processor.py:811} WARNING - No viable dags retrieved from /opt/airflow/dags/orchestra.py
[2023-05-03T11:50:23.734+0000] {processor.py:178} INFO - Processing /opt/airflow/dags/orchestra.py took 3.085 seconds
